2025-03-05 08:30:57,738 - INFO - **********Starting experiment for auto93.arff with algorithm3**********
2025-03-05 08:30:57,745 - INFO - *******GROWING CR RULE*******
2025-03-05 08:30:57,821 - INFO - Iteracja 0: condition_best: Weight <= 2,797.50, quality_best: 0.786, coverage_best: (p=28, n=3, P=33, N=60)
2025-03-05 08:30:57,821 - INFO - Regula po iteracji 0: IF Weight <= 2,797.50 THEN class = {11.43} [7.67, 15.19], (p=28, n=3, P=33, N=60)
2025-03-05 08:30:57,821 - INFO - *****GROWING RR RULE*****
2025-03-05 08:30:59,419 - INFO - Iteracja 0: condition_best: None, quality_best: -inf, coverage_best: (p=0, n=0, P=0, N=0), p_value: 0
2025-03-05 08:30:59,419 - INFO - Regula po iteracji 0: IF  THEN class = {19.51} [9.90, 29.12], (p=69, n=24, P=69, N=24)
2025-03-05 08:30:59,419 - INFO - *****STOP GROWING RR RULE*****
2025-03-05 08:30:59,419 - INFO - ***RR NOT FOUND***
2025-03-05 08:30:59,442 - INFO - Iteracja 1: condition_best: Length >= 143.50, quality_best: 0.829, coverage_best: (p=28, n=2, P=33, N=60)
2025-03-05 08:30:59,442 - INFO - Regula po iteracji 1: IF Weight <= 2,797.50 AND Length >= 143.50 THEN class = {11.57} [7.82, 15.31], (p=28, n=2, P=33, N=60)
2025-03-05 08:30:59,442 - INFO - *****GROWING RR RULE*****
2025-03-05 08:31:01,039 - INFO - Iteracja 0: condition_best: None, quality_best: -inf, coverage_best: (p=0, n=0, P=0, N=0), p_value: 0
2025-03-05 08:31:01,039 - INFO - Regula po iteracji 0: IF  THEN class = {19.51} [9.90, 29.12], (p=69, n=24, P=69, N=24)
2025-03-05 08:31:01,039 - INFO - *****STOP GROWING RR RULE*****
2025-03-05 08:31:01,039 - INFO - ***RR NOT FOUND***
2025-03-05 08:31:01,060 - INFO - Iteracja 2: condition_best: RPM <= 6,150.00, quality_best: 0.859, coverage_best: (p=27, n=1, P=33, N=60)
2025-03-05 08:31:01,061 - INFO - Regula po iteracji 2: IF Weight <= 2,797.50 AND Length >= 143.50 AND RPM <= 6,150.00 THEN class = {11.46} [7.69, 15.24], (p=27, n=1, P=33, N=60)
2025-03-05 08:31:01,061 - INFO - *****GROWING RR RULE*****
2025-03-05 08:31:02,655 - INFO - Iteracja 0: condition_best: None, quality_best: -inf, coverage_best: (p=0, n=0, P=0, N=0), p_value: 0
2025-03-05 08:31:02,655 - INFO - Regula po iteracji 0: IF  THEN class = {19.51} [9.90, 29.12], (p=69, n=24, P=69, N=24)
2025-03-05 08:31:02,655 - INFO - *****STOP GROWING RR RULE*****
2025-03-05 08:31:02,655 - INFO - ***RR NOT FOUND***
2025-03-05 08:31:02,676 - INFO - Iteracja 3: condition_best: Manual_transmission_available = {1}, quality_best: 0.859, coverage_best: (p=27, n=1, P=33, N=60)
2025-03-05 08:31:02,676 - INFO - Regula po iteracji 3: IF Weight <= 2,797.50 AND Length >= 143.50 AND RPM <= 6,150.00 AND Manual_transmission_available = {1} THEN class = {11.46} [7.69, 15.24], (p=27, n=1, P=33, N=60)
2025-03-05 08:31:02,677 - INFO - *****GROWING RR RULE*****
2025-03-05 08:31:04,270 - INFO - Iteracja 0: condition_best: None, quality_best: -inf, coverage_best: (p=0, n=0, P=0, N=0), p_value: 0
2025-03-05 08:31:04,270 - INFO - Regula po iteracji 0: IF  THEN class = {19.51} [9.90, 29.12], (p=69, n=24, P=69, N=24)
2025-03-05 08:31:04,270 - INFO - *****STOP GROWING RR RULE*****
2025-03-05 08:31:04,270 - INFO - ***RR NOT FOUND***
2025-03-05 08:31:04,291 - INFO - Iteracja 4: condition_best: City_MPG <= 44.00, quality_best: 0.843, coverage_best: (p=26, n=1, P=33, N=60)
2025-03-05 08:31:04,291 - INFO - Regula po iteracji 4: IF Weight <= 2,797.50 AND Length >= 143.50 AND RPM <= 6,150.00 AND Manual_transmission_available = {1} AND City_MPG <= 44.00 THEN class = {11.58} [7.78, 15.38], (p=26, n=1, P=33, N=60)
2025-03-05 08:31:04,291 - INFO - *****GROWING RR RULE*****
2025-03-05 08:31:05,881 - INFO - Iteracja 0: condition_best: None, quality_best: -inf, coverage_best: (p=0, n=0, P=0, N=0), p_value: 0
2025-03-05 08:31:05,881 - INFO - Regula po iteracji 0: IF  THEN class = {19.51} [9.90, 29.12], (p=69, n=24, P=69, N=24)
2025-03-05 08:31:05,881 - INFO - *****STOP GROWING RR RULE*****
2025-03-05 08:31:05,881 - INFO - ***RR NOT FOUND***
2025-03-05 08:31:05,881 - INFO - *******STOP GROWING CR RULE*******
2025-03-05 08:31:05,883 - INFO - *******GROWING CR RULE*******
2025-03-05 08:31:05,935 - INFO - Iteracja 0: condition_best: Fuel_tank_capacity <= 15.45, quality_best: 0.776, coverage_best: (p=27, n=1, P=41, N=52)
2025-03-05 08:31:05,935 - INFO - Regula po iteracji 0: IF Fuel_tank_capacity <= 15.45 THEN class = {11.61} [7.11, 16.10], (p=27, n=1, P=41, N=52)
2025-03-05 08:31:05,935 - INFO - *****GROWING RR RULE*****
2025-03-05 08:31:07,537 - INFO - Iteracja 0: condition_best: None, quality_best: -inf, coverage_best: (p=0, n=0, P=0, N=0), p_value: 0
2025-03-05 08:31:07,537 - INFO - Regula po iteracji 0: IF  THEN class = {19.51} [9.90, 29.12], (p=69, n=24, P=69, N=24)
2025-03-05 08:31:07,538 - INFO - *****STOP GROWING RR RULE*****
2025-03-05 08:31:07,538 - INFO - ***RR NOT FOUND***
2025-03-05 08:31:07,558 - INFO - Iteracja 1: condition_best: Manual_transmission_available = {1}, quality_best: 0.763, coverage_best: (p=26, n=1, P=41, N=52)
2025-03-05 08:31:07,558 - INFO - Regula po iteracji 1: IF Fuel_tank_capacity <= 15.45 AND Manual_transmission_available = {1} THEN class = {11.54} [6.97, 16.10], (p=26, n=1, P=41, N=52)
2025-03-05 08:31:07,559 - INFO - *****GROWING RR RULE*****
2025-03-05 08:31:09,145 - INFO - Iteracja 0: condition_best: None, quality_best: -inf, coverage_best: (p=0, n=0, P=0, N=0), p_value: 0
2025-03-05 08:31:09,145 - INFO - Regula po iteracji 0: IF  THEN class = {19.51} [9.90, 29.12], (p=69, n=24, P=69, N=24)
2025-03-05 08:31:09,145 - INFO - *****STOP GROWING RR RULE*****
2025-03-05 08:31:09,145 - INFO - ***RR NOT FOUND***
2025-03-05 08:31:09,165 - INFO - Iteracja 2: condition_best: City_MPG <= 44.00, quality_best: 0.75, coverage_best: (p=25, n=1, P=41, N=52)
2025-03-05 08:31:09,165 - INFO - Regula po iteracji 2: IF Fuel_tank_capacity <= 15.45 AND Manual_transmission_available = {1} AND City_MPG <= 44.00 THEN class = {11.66} [7.05, 16.27], (p=25, n=1, P=41, N=52)
2025-03-05 08:31:09,165 - INFO - *****GROWING RR RULE*****
2025-03-05 08:31:10,748 - INFO - Iteracja 0: condition_best: None, quality_best: -inf, coverage_best: (p=0, n=0, P=0, N=0), p_value: 0
2025-03-05 08:31:10,748 - INFO - Regula po iteracji 0: IF  THEN class = {19.51} [9.90, 29.12], (p=69, n=24, P=69, N=24)
2025-03-05 08:31:10,748 - INFO - *****STOP GROWING RR RULE*****
2025-03-05 08:31:10,749 - INFO - ***RR NOT FOUND***
2025-03-05 08:31:10,767 - INFO - Iteracja 3: condition_best: Highway_MPG >= 27.50, quality_best: 0.736, coverage_best: (p=24, n=1, P=41, N=52)
2025-03-05 08:31:10,768 - INFO - Regula po iteracji 3: IF Fuel_tank_capacity <= 15.45 AND Manual_transmission_available = {1} AND City_MPG <= 44.00 AND Highway_MPG >= 27.50 THEN class = {11.56} [6.89, 16.23], (p=24, n=1, P=41, N=52)
2025-03-05 08:31:10,768 - INFO - *****GROWING RR RULE*****
2025-03-05 08:31:12,348 - INFO - Iteracja 0: condition_best: None, quality_best: -inf, coverage_best: (p=0, n=0, P=0, N=0), p_value: 0
2025-03-05 08:31:12,348 - INFO - Regula po iteracji 0: IF  THEN class = {19.51} [9.90, 29.12], (p=69, n=24, P=69, N=24)
2025-03-05 08:31:12,348 - INFO - *****STOP GROWING RR RULE*****
2025-03-05 08:31:12,348 - INFO - ***RR NOT FOUND***
2025-03-05 08:31:12,366 - INFO - Iteracja 4: condition_best: Length <= 181.50, quality_best: 0.722, coverage_best: (p=23, n=1, P=41, N=52)
2025-03-05 08:31:12,366 - INFO - Regula po iteracji 4: IF Fuel_tank_capacity <= 15.45 AND Manual_transmission_available = {1} AND City_MPG <= 44.00 AND Highway_MPG >= 27.50 AND Length <= 181.50 THEN class = {11.48} [6.73, 16.24], (p=23, n=1, P=41, N=52)
2025-03-05 08:31:12,367 - INFO - *****GROWING RR RULE*****
2025-03-05 08:31:13,946 - INFO - Iteracja 0: condition_best: None, quality_best: -inf, coverage_best: (p=0, n=0, P=0, N=0), p_value: 0
2025-03-05 08:31:13,946 - INFO - Regula po iteracji 0: IF  THEN class = {19.51} [9.90, 29.12], (p=69, n=24, P=69, N=24)
2025-03-05 08:31:13,946 - INFO - *****STOP GROWING RR RULE*****
2025-03-05 08:31:13,946 - INFO - ***RR NOT FOUND***
2025-03-05 08:31:13,946 - INFO - *******STOP GROWING CR RULE*******
2025-03-05 08:31:13,947 - INFO - *******GROWING CR RULE*******
2025-03-05 08:31:13,998 - INFO - Iteracja 0: condition_best: Weight <= 2,892.50, quality_best: 0.653, coverage_best: (p=32, n=5, P=43, N=50)
2025-03-05 08:31:13,998 - INFO - Regula po iteracji 0: IF Weight <= 2,892.50 THEN class = {12.41} [8.12, 16.70], (p=32, n=5, P=43, N=50)
2025-03-05 08:31:13,998 - INFO - *****GROWING RR RULE*****
2025-03-05 08:31:15,608 - INFO - Iteracja 0: condition_best: None, quality_best: -inf, coverage_best: (p=0, n=0, P=0, N=0), p_value: 0
2025-03-05 08:31:15,608 - INFO - Regula po iteracji 0: IF  THEN class = {19.51} [9.90, 29.12], (p=69, n=24, P=69, N=24)
2025-03-05 08:31:15,608 - INFO - *****STOP GROWING RR RULE*****
2025-03-05 08:31:15,608 - INFO - ***RR NOT FOUND***
2025-03-05 08:31:15,633 - INFO - Iteracja 1: condition_best: Length >= 143.50, quality_best: 0.692, coverage_best: (p=32, n=4, P=43, N=50)
2025-03-05 08:31:15,633 - INFO - Regula po iteracji 1: IF Weight <= 2,892.50 AND Length >= 143.50 THEN class = {12.55} [8.29, 16.82], (p=32, n=4, P=43, N=50)
2025-03-05 08:31:15,634 - INFO - *****GROWING RR RULE*****
2025-03-05 08:31:17,249 - INFO - Iteracja 0: condition_best: None, quality_best: -inf, coverage_best: (p=0, n=0, P=0, N=0), p_value: 0
2025-03-05 08:31:17,250 - INFO - Regula po iteracji 0: IF  THEN class = {19.51} [9.90, 29.12], (p=69, n=24, P=69, N=24)
2025-03-05 08:31:17,250 - INFO - *****STOP GROWING RR RULE*****
2025-03-05 08:31:17,250 - INFO - ***RR NOT FOUND***
2025-03-05 08:31:17,274 - INFO - Iteracja 2: condition_best: RPM >= 4,400.00, quality_best: 0.678, coverage_best: (p=31, n=4, P=43, N=50)
2025-03-05 08:31:17,274 - INFO - Regula po iteracji 2: IF Weight <= 2,892.50 AND Length >= 143.50 AND RPM >= 4,400.00 THEN class = {12.59} [8.27, 16.91], (p=31, n=4, P=43, N=50)
2025-03-05 08:31:17,275 - INFO - *****GROWING RR RULE*****
2025-03-05 08:31:18,884 - INFO - Iteracja 0: condition_best: None, quality_best: -inf, coverage_best: (p=0, n=0, P=0, N=0), p_value: 0
2025-03-05 08:31:18,884 - INFO - Regula po iteracji 0: IF  THEN class = {19.51} [9.90, 29.12], (p=69, n=24, P=69, N=24)
2025-03-05 08:31:18,884 - INFO - *****STOP GROWING RR RULE*****
2025-03-05 08:31:18,884 - INFO - ***RR NOT FOUND***
2025-03-05 08:31:18,909 - INFO - Iteracja 3: condition_best: RPM <= 6,400.00, quality_best: 0.663, coverage_best: (p=30, n=4, P=43, N=50)
2025-03-05 08:31:18,909 - INFO - Regula po iteracji 3: IF Weight <= 2,892.50 AND Length >= 143.50 AND RPM >= 4,400.00 AND RPM <= 6,400.00 THEN class = {12.66} [8.30, 17.02], (p=30, n=4, P=43, N=50)
2025-03-05 08:31:18,909 - INFO - *****GROWING RR RULE*****
2025-03-05 08:31:20,519 - INFO - Iteracja 0: condition_best: None, quality_best: -inf, coverage_best: (p=0, n=0, P=0, N=0), p_value: 0
2025-03-05 08:31:20,519 - INFO - Regula po iteracji 0: IF  THEN class = {19.51} [9.90, 29.12], (p=69, n=24, P=69, N=24)
2025-03-05 08:31:20,519 - INFO - *****STOP GROWING RR RULE*****
2025-03-05 08:31:20,519 - INFO - ***RR NOT FOUND***
2025-03-05 08:31:20,544 - INFO - Iteracja 4: condition_best: RPM <= 6,150.00, quality_best: 0.648, coverage_best: (p=29, n=4, P=43, N=50)
2025-03-05 08:31:20,544 - INFO - Regula po iteracji 4: IF Weight <= 2,892.50 AND Length >= 143.50 AND RPM >= 4,400.00 AND RPM <= 6,400.00 AND RPM <= 6,150.00 THEN class = {12.56} [8.17, 16.96], (p=29, n=4, P=43, N=50)
2025-03-05 08:31:20,544 - INFO - *****GROWING RR RULE*****
2025-03-05 08:31:22,147 - INFO - Iteracja 0: condition_best: None, quality_best: -inf, coverage_best: (p=0, n=0, P=0, N=0), p_value: 0
2025-03-05 08:31:22,147 - INFO - Regula po iteracji 0: IF  THEN class = {19.51} [9.90, 29.12], (p=69, n=24, P=69, N=24)
2025-03-05 08:31:22,147 - INFO - *****STOP GROWING RR RULE*****
2025-03-05 08:31:22,147 - INFO - ***RR NOT FOUND***
2025-03-05 08:31:22,147 - INFO - *******STOP GROWING CR RULE*******
2025-03-05 08:31:22,148 - INFO - *******GROWING CR RULE*******
2025-03-05 08:31:22,199 - INFO - Iteracja 0: condition_best: Horsepower <= 132.00, quality_best: 0.611, coverage_best: (p=34, n=7, P=43, N=50)
2025-03-05 08:31:22,199 - INFO - Regula po iteracji 0: IF Horsepower <= 132.00 THEN class = {12.89} [8.29, 17.49], (p=34, n=7, P=43, N=50)
2025-03-05 08:31:22,200 - INFO - *****GROWING RR RULE*****
2025-03-05 08:31:23,822 - INFO - Iteracja 0: condition_best: None, quality_best: -inf, coverage_best: (p=0, n=0, P=0, N=0), p_value: 0
2025-03-05 08:31:23,822 - INFO - Regula po iteracji 0: IF  THEN class = {19.51} [9.90, 29.12], (p=69, n=24, P=69, N=24)
2025-03-05 08:31:23,823 - INFO - *****STOP GROWING RR RULE*****
2025-03-05 08:31:23,823 - INFO - ***RR NOT FOUND***
2025-03-05 08:31:23,850 - INFO - Iteracja 1: condition_best: Fuel_tank_capacity <= 16.85, quality_best: 0.709, coverage_best: (p=34, n=4, P=44, N=49)
2025-03-05 08:31:23,850 - INFO - Regula po iteracji 1: IF Horsepower <= 132.00 AND Fuel_tank_capacity <= 16.85 THEN class = {12.54} [7.99, 17.09], (p=34, n=4, P=44, N=49)
2025-03-05 08:31:23,851 - INFO - *****GROWING RR RULE*****
2025-03-05 08:31:25,469 - INFO - Iteracja 0: condition_best: None, quality_best: -inf, coverage_best: (p=0, n=0, P=0, N=0), p_value: 0
2025-03-05 08:31:25,469 - INFO - Regula po iteracji 0: IF  THEN class = {19.51} [9.90, 29.12], (p=69, n=24, P=69, N=24)
2025-03-05 08:31:25,469 - INFO - *****STOP GROWING RR RULE*****
2025-03-05 08:31:25,469 - INFO - ***RR NOT FOUND***
2025-03-05 08:31:25,494 - INFO - Iteracja 2: condition_best: Length >= 143.50, quality_best: 0.706, coverage_best: (p=33, n=4, P=43, N=50)
2025-03-05 08:31:25,494 - INFO - Regula po iteracji 2: IF Horsepower <= 132.00 AND Fuel_tank_capacity <= 16.85 AND Length >= 143.50 THEN class = {12.68} [8.15, 17.21], (p=33, n=4, P=43, N=50)
2025-03-05 08:31:25,494 - INFO - *****GROWING RR RULE*****
2025-03-05 08:31:27,119 - INFO - Iteracja 0: condition_best: None, quality_best: -inf, coverage_best: (p=0, n=0, P=0, N=0), p_value: 0
2025-03-05 08:31:27,119 - INFO - Regula po iteracji 0: IF  THEN class = {19.51} [9.90, 29.12], (p=69, n=24, P=69, N=24)
2025-03-05 08:31:27,119 - INFO - *****STOP GROWING RR RULE*****
2025-03-05 08:31:27,119 - INFO - ***RR NOT FOUND***
2025-03-05 08:31:27,144 - INFO - Iteracja 3: condition_best: Luggage_capacity >= 8.50, quality_best: 0.723, coverage_best: (p=32, n=3, P=44, N=49)
2025-03-05 08:31:27,144 - INFO - Regula po iteracji 3: IF Horsepower <= 132.00 AND Fuel_tank_capacity <= 16.85 AND Length >= 143.50 AND Luggage_capacity >= 8.50 THEN class = {12.59} [7.95, 17.23], (p=32, n=3, P=44, N=49)
2025-03-05 08:31:27,144 - INFO - *****GROWING RR RULE*****
2025-03-05 08:31:28,757 - INFO - Iteracja 0: condition_best: None, quality_best: -inf, coverage_best: (p=0, n=0, P=0, N=0), p_value: 0
2025-03-05 08:31:28,757 - INFO - Regula po iteracji 0: IF  THEN class = {19.51} [9.90, 29.12], (p=69, n=24, P=69, N=24)
2025-03-05 08:31:28,757 - INFO - *****STOP GROWING RR RULE*****
2025-03-05 08:31:28,757 - INFO - ***RR NOT FOUND***
2025-03-05 08:31:28,781 - INFO - Iteracja 4: condition_best: RPM <= 6,250.00, quality_best: 0.71, coverage_best: (p=31, n=3, P=44, N=49)
2025-03-05 08:31:28,781 - INFO - Regula po iteracji 4: IF Horsepower <= 132.00 AND Fuel_tank_capacity <= 16.85 AND Length >= 143.50 AND Luggage_capacity >= 8.50 AND RPM <= 6,250.00 THEN class = {12.66} [7.98, 17.35], (p=31, n=3, P=44, N=49)
2025-03-05 08:31:28,781 - INFO - *****GROWING RR RULE*****
2025-03-05 08:31:30,393 - INFO - Iteracja 0: condition_best: None, quality_best: -inf, coverage_best: (p=0, n=0, P=0, N=0), p_value: 0
2025-03-05 08:31:30,393 - INFO - Regula po iteracji 0: IF  THEN class = {19.51} [9.90, 29.12], (p=69, n=24, P=69, N=24)
2025-03-05 08:31:30,393 - INFO - *****STOP GROWING RR RULE*****
2025-03-05 08:31:30,393 - INFO - ***RR NOT FOUND***
2025-03-05 08:31:30,394 - INFO - *******STOP GROWING CR RULE*******
2025-03-05 08:31:30,396 - INFO - *******GROWING CR RULE*******
2025-03-05 08:31:30,446 - INFO - Iteracja 0: condition_best: Engine_size <= 2.25, quality_best: 0.589, coverage_best: (p=34, n=6, P=48, N=45)
2025-03-05 08:31:30,446 - INFO - Regula po iteracji 0: IF Engine_size <= 2.25 THEN class = {13.28} [8.07, 18.48], (p=34, n=6, P=48, N=45)
2025-03-05 08:31:30,447 - INFO - *****GROWING RR RULE*****
2025-03-05 08:31:32,067 - INFO - Iteracja 0: condition_best: None, quality_best: -inf, coverage_best: (p=0, n=0, P=0, N=0), p_value: 0
2025-03-05 08:31:32,067 - INFO - Regula po iteracji 0: IF  THEN class = {19.51} [9.90, 29.12], (p=69, n=24, P=69, N=24)
2025-03-05 08:31:32,067 - INFO - *****STOP GROWING RR RULE*****
2025-03-05 08:31:32,067 - INFO - ***RR NOT FOUND***
2025-03-05 08:31:32,094 - INFO - Iteracja 1: condition_best: Weight <= 3,062.50, quality_best: 0.625, coverage_best: (p=33, n=5, P=47, N=46)
2025-03-05 08:31:32,094 - INFO - Regula po iteracji 1: IF Engine_size <= 2.25 AND Weight <= 3,062.50 THEN class = {13.04} [7.82, 18.26], (p=33, n=5, P=47, N=46)
2025-03-05 08:31:32,094 - INFO - *****GROWING RR RULE*****
2025-03-05 08:31:33,708 - INFO - Iteracja 0: condition_best: None, quality_best: -inf, coverage_best: (p=0, n=0, P=0, N=0), p_value: 0
2025-03-05 08:31:33,708 - INFO - Regula po iteracji 0: IF  THEN class = {19.51} [9.90, 29.12], (p=69, n=24, P=69, N=24)
2025-03-05 08:31:33,708 - INFO - *****STOP GROWING RR RULE*****
2025-03-05 08:31:33,708 - INFO - ***RR NOT FOUND***
2025-03-05 08:31:33,734 - INFO - Iteracja 2: condition_best: Length >= 143.50, quality_best: 0.702, coverage_best: (p=34, n=3, P=49, N=44)
2025-03-05 08:31:33,734 - INFO - Regula po iteracji 2: IF Engine_size <= 2.25 AND Weight <= 3,062.50 AND Length >= 143.50 THEN class = {13.19} [7.99, 18.40], (p=34, n=3, P=49, N=44)
2025-03-05 08:31:33,735 - INFO - *****GROWING RR RULE*****
2025-03-05 08:31:35,367 - INFO - Iteracja 0: condition_best: None, quality_best: -inf, coverage_best: (p=0, n=0, P=0, N=0), p_value: 0
2025-03-05 08:31:35,367 - INFO - Regula po iteracji 0: IF  THEN class = {19.51} [9.90, 29.12], (p=69, n=24, P=69, N=24)
2025-03-05 08:31:35,367 - INFO - *****STOP GROWING RR RULE*****
2025-03-05 08:31:35,367 - INFO - ***RR NOT FOUND***
2025-03-05 08:31:35,393 - INFO - Iteracja 3: condition_best: Luggage_capacity <= 17.50, quality_best: 0.689, coverage_best: (p=33, n=3, P=49, N=44)
2025-03-05 08:31:35,393 - INFO - Regula po iteracji 3: IF Engine_size <= 2.25 AND Weight <= 3,062.50 AND Length >= 143.50 AND Luggage_capacity <= 17.50 THEN class = {13.17} [7.90, 18.45], (p=33, n=3, P=49, N=44)
2025-03-05 08:31:35,393 - INFO - *****GROWING RR RULE*****
2025-03-05 08:31:37,025 - INFO - Iteracja 0: condition_best: None, quality_best: -inf, coverage_best: (p=0, n=0, P=0, N=0), p_value: 0
2025-03-05 08:31:37,025 - INFO - Regula po iteracji 0: IF  THEN class = {19.51} [9.90, 29.12], (p=69, n=24, P=69, N=24)
2025-03-05 08:31:37,025 - INFO - *****STOP GROWING RR RULE*****
2025-03-05 08:31:37,025 - INFO - ***RR NOT FOUND***
2025-03-05 08:31:37,050 - INFO - Iteracja 4: condition_best: Passenger_capacity <= 5.50, quality_best: 0.677, coverage_best: (p=32, n=3, P=49, N=44)
2025-03-05 08:31:37,050 - INFO - Regula po iteracji 4: IF Engine_size <= 2.25 AND Weight <= 3,062.50 AND Length >= 143.50 AND Luggage_capacity <= 17.50 AND Passenger_capacity <= 5.50 THEN class = {13.10} [7.77, 18.43], (p=32, n=3, P=49, N=44)
2025-03-05 08:31:37,051 - INFO - *****GROWING RR RULE*****
2025-03-05 08:31:38,656 - INFO - Iteracja 0: condition_best: None, quality_best: -inf, coverage_best: (p=0, n=0, P=0, N=0), p_value: 0
2025-03-05 08:31:38,656 - INFO - Regula po iteracji 0: IF  THEN class = {19.51} [9.90, 29.12], (p=69, n=24, P=69, N=24)
2025-03-05 08:31:38,656 - INFO - *****STOP GROWING RR RULE*****
2025-03-05 08:31:38,656 - INFO - ***RR NOT FOUND***
2025-03-05 08:31:38,656 - INFO - *******STOP GROWING CR RULE*******
2025-03-05 08:31:38,658 - INFO - *******GROWING CR RULE*******
2025-03-05 08:31:38,709 - INFO - Iteracja 0: condition_best: Weight >= 3,427.50, quality_best: 0.563, coverage_best: (p=28, n=5, P=46, N=47)
2025-03-05 08:31:38,709 - INFO - Regula po iteracji 0: IF Weight >= 3,427.50 THEN class = {26.12} [16.17, 36.08], (p=28, n=5, P=46, N=47)
2025-03-05 08:31:38,709 - INFO - *****GROWING RR RULE*****
2025-03-05 08:31:40,328 - INFO - Iteracja 0: condition_best: None, quality_best: -inf, coverage_best: (p=0, n=0, P=0, N=0), p_value: 0
2025-03-05 08:31:40,328 - INFO - Regula po iteracji 0: IF  THEN class = {19.51} [9.90, 29.12], (p=69, n=24, P=69, N=24)
2025-03-05 08:31:40,328 - INFO - *****STOP GROWING RR RULE*****
2025-03-05 08:31:40,328 - INFO - ***RR NOT FOUND***
2025-03-05 08:31:40,353 - INFO - Iteracja 1: condition_best: RPM >= 3,900.00, quality_best: 0.624, coverage_best: (p=28, n=4, P=44, N=49)
2025-03-05 08:31:40,353 - INFO - Regula po iteracji 1: IF Weight >= 3,427.50 AND RPM >= 3,900.00 THEN class = {26.48} [16.57, 36.38], (p=28, n=4, P=44, N=49)
2025-03-05 08:31:40,353 - INFO - *****GROWING RR RULE*****
2025-03-05 08:31:41,970 - INFO - Iteracja 0: condition_best: None, quality_best: -inf, coverage_best: (p=0, n=0, P=0, N=0), p_value: 0
2025-03-05 08:31:41,970 - INFO - Regula po iteracji 0: IF  THEN class = {19.51} [9.90, 29.12], (p=69, n=24, P=69, N=24)
2025-03-05 08:31:41,971 - INFO - *****STOP GROWING RR RULE*****
2025-03-05 08:31:41,971 - INFO - ***RR NOT FOUND***
2025-03-05 08:31:41,994 - INFO - Iteracja 2: condition_best: Length <= 217.50, quality_best: 0.65, coverage_best: (p=28, n=3, P=46, N=47)
2025-03-05 08:31:41,994 - INFO - Regula po iteracji 2: IF Weight >= 3,427.50 AND RPM >= 3,900.00 AND Length <= 217.50 THEN class = {26.16} [16.25, 36.08], (p=28, n=3, P=46, N=47)
2025-03-05 08:31:41,994 - INFO - *****GROWING RR RULE*****
2025-03-05 08:31:43,615 - INFO - Iteracja 0: condition_best: None, quality_best: -inf, coverage_best: (p=0, n=0, P=0, N=0), p_value: 0
2025-03-05 08:31:43,615 - INFO - Regula po iteracji 0: IF  THEN class = {19.51} [9.90, 29.12], (p=69, n=24, P=69, N=24)
2025-03-05 08:31:43,615 - INFO - *****STOP GROWING RR RULE*****
2025-03-05 08:31:43,615 - INFO - ***RR NOT FOUND***
2025-03-05 08:31:43,638 - INFO - Iteracja 3: condition_best: Horsepower <= 286.50, quality_best: 0.655, coverage_best: (p=27, n=2, P=50, N=43)
2025-03-05 08:31:43,638 - INFO - Regula po iteracji 3: IF Weight >= 3,427.50 AND RPM >= 3,900.00 AND Length <= 217.50 AND Horsepower <= 286.50 THEN class = {25.70} [15.79, 35.60], (p=27, n=2, P=50, N=43)
2025-03-05 08:31:43,638 - INFO - *****GROWING RR RULE*****
2025-03-05 08:31:45,252 - INFO - Iteracja 0: condition_best: None, quality_best: -inf, coverage_best: (p=0, n=0, P=0, N=0), p_value: 0
2025-03-05 08:31:45,252 - INFO - Regula po iteracji 0: IF  THEN class = {19.51} [9.90, 29.12], (p=69, n=24, P=69, N=24)
2025-03-05 08:31:45,252 - INFO - *****STOP GROWING RR RULE*****
2025-03-05 08:31:45,252 - INFO - ***RR NOT FOUND***
2025-03-05 08:31:45,274 - INFO - Iteracja 4: condition_best: Weight <= 3,955.00, quality_best: 0.688, coverage_best: (p=23, n=1, P=46, N=47)
2025-03-05 08:31:45,274 - INFO - Regula po iteracji 4: IF Weight >= 3,427.50 AND RPM >= 3,900.00 AND Length <= 217.50 AND Horsepower <= 286.50 AND Weight <= 3,955.00 THEN class = {25.76} [16.21, 35.30], (p=23, n=1, P=46, N=47)
2025-03-05 08:31:45,274 - INFO - *****GROWING RR RULE*****
2025-03-05 08:31:46,876 - INFO - Iteracja 0: condition_best: None, quality_best: -inf, coverage_best: (p=0, n=0, P=0, N=0), p_value: 0
2025-03-05 08:31:46,876 - INFO - Regula po iteracji 0: IF  THEN class = {19.51} [9.90, 29.12], (p=69, n=24, P=69, N=24)
2025-03-05 08:31:46,877 - INFO - *****STOP GROWING RR RULE*****
2025-03-05 08:31:46,877 - INFO - ***RR NOT FOUND***
2025-03-05 08:31:46,877 - INFO - *******STOP GROWING CR RULE*******
2025-03-05 08:31:46,880 - INFO - *******GROWING CR RULE*******
2025-03-05 08:31:46,931 - INFO - Iteracja 0: condition_best: Weight >= 3,427.50, quality_best: 0.563, coverage_best: (p=28, n=5, P=46, N=47)
2025-03-05 08:31:46,931 - INFO - Regula po iteracji 0: IF Weight >= 3,427.50 THEN class = {26.12} [16.17, 36.08], (p=28, n=5, P=46, N=47)
2025-03-05 08:31:46,931 - INFO - *****GROWING RR RULE*****
2025-03-05 08:31:48,553 - INFO - Iteracja 0: condition_best: None, quality_best: -inf, coverage_best: (p=0, n=0, P=0, N=0), p_value: 0
2025-03-05 08:31:48,553 - INFO - Regula po iteracji 0: IF  THEN class = {19.51} [9.90, 29.12], (p=69, n=24, P=69, N=24)
2025-03-05 08:31:48,553 - INFO - *****STOP GROWING RR RULE*****
2025-03-05 08:31:48,553 - INFO - ***RR NOT FOUND***
2025-03-05 08:31:48,576 - INFO - Iteracja 1: condition_best: RPM >= 3,900.00, quality_best: 0.624, coverage_best: (p=28, n=4, P=44, N=49)
2025-03-05 08:31:48,576 - INFO - Regula po iteracji 1: IF Weight >= 3,427.50 AND RPM >= 3,900.00 THEN class = {26.48} [16.57, 36.38], (p=28, n=4, P=44, N=49)
2025-03-05 08:31:48,576 - INFO - *****GROWING RR RULE*****
2025-03-05 08:31:50,198 - INFO - Iteracja 0: condition_best: None, quality_best: -inf, coverage_best: (p=0, n=0, P=0, N=0), p_value: 0
2025-03-05 08:31:50,198 - INFO - Regula po iteracji 0: IF  THEN class = {19.51} [9.90, 29.12], (p=69, n=24, P=69, N=24)
2025-03-05 08:31:50,198 - INFO - *****STOP GROWING RR RULE*****
2025-03-05 08:31:50,198 - INFO - ***RR NOT FOUND***
2025-03-05 08:31:50,221 - INFO - Iteracja 2: condition_best: Length <= 217.50, quality_best: 0.65, coverage_best: (p=28, n=3, P=46, N=47)
2025-03-05 08:31:50,221 - INFO - Regula po iteracji 2: IF Weight >= 3,427.50 AND RPM >= 3,900.00 AND Length <= 217.50 THEN class = {26.16} [16.25, 36.08], (p=28, n=3, P=46, N=47)
2025-03-05 08:31:50,221 - INFO - *****GROWING RR RULE*****
2025-03-05 08:31:51,841 - INFO - Iteracja 0: condition_best: None, quality_best: -inf, coverage_best: (p=0, n=0, P=0, N=0), p_value: 0
2025-03-05 08:31:51,841 - INFO - Regula po iteracji 0: IF  THEN class = {19.51} [9.90, 29.12], (p=69, n=24, P=69, N=24)
2025-03-05 08:31:51,841 - INFO - *****STOP GROWING RR RULE*****
2025-03-05 08:31:51,841 - INFO - ***RR NOT FOUND***
2025-03-05 08:31:51,863 - INFO - Iteracja 3: condition_best: Horsepower <= 286.50, quality_best: 0.655, coverage_best: (p=27, n=2, P=50, N=43)
2025-03-05 08:31:51,863 - INFO - Regula po iteracji 3: IF Weight >= 3,427.50 AND RPM >= 3,900.00 AND Length <= 217.50 AND Horsepower <= 286.50 THEN class = {25.70} [15.79, 35.60], (p=27, n=2, P=50, N=43)
2025-03-05 08:31:51,863 - INFO - *****GROWING RR RULE*****
2025-03-05 08:31:53,475 - INFO - Iteracja 0: condition_best: None, quality_best: -inf, coverage_best: (p=0, n=0, P=0, N=0), p_value: 0
2025-03-05 08:31:53,476 - INFO - Regula po iteracji 0: IF  THEN class = {19.51} [9.90, 29.12], (p=69, n=24, P=69, N=24)
2025-03-05 08:31:53,476 - INFO - *****STOP GROWING RR RULE*****
2025-03-05 08:31:53,476 - INFO - ***RR NOT FOUND***
2025-03-05 08:31:53,497 - INFO - Iteracja 4: condition_best: Length >= 175.50, quality_best: 0.672, coverage_best: (p=26, n=2, P=46, N=47)
2025-03-05 08:31:53,497 - INFO - Regula po iteracji 4: IF Weight >= 3,427.50 AND RPM >= 3,900.00 AND Length <= 217.50 AND Horsepower <= 286.50 AND Length >= 175.50 THEN class = {25.94} [15.94, 35.94], (p=26, n=2, P=46, N=47)
2025-03-05 08:31:53,497 - INFO - *****GROWING RR RULE*****
2025-03-05 08:31:55,110 - INFO - Iteracja 0: condition_best: None, quality_best: -inf, coverage_best: (p=0, n=0, P=0, N=0), p_value: 0
2025-03-05 08:31:55,110 - INFO - Regula po iteracji 0: IF  THEN class = {19.51} [9.90, 29.12], (p=69, n=24, P=69, N=24)
2025-03-05 08:31:55,110 - INFO - *****STOP GROWING RR RULE*****
2025-03-05 08:31:55,110 - INFO - ***RR NOT FOUND***
2025-03-05 08:31:55,110 - INFO - *******STOP GROWING CR RULE*******
2025-03-05 08:31:55,114 - INFO - *******GROWING CR RULE*******
2025-03-05 08:31:55,163 - INFO - Iteracja 0: condition_best: Fuel_tank_capacity >= 16.70, quality_best: 0.547, coverage_best: (p=34, n=9, P=43, N=50)
2025-03-05 08:31:55,163 - INFO - Regula po iteracji 0: IF Fuel_tank_capacity >= 16.70 THEN class = {26.07} [16.57, 35.58], (p=34, n=9, P=43, N=50)
2025-03-05 08:31:55,163 - INFO - *****GROWING RR RULE*****
2025-03-05 08:31:56,821 - INFO - Iteracja 0: condition_best: None, quality_best: -inf, coverage_best: (p=0, n=0, P=0, N=0), p_value: 0
2025-03-05 08:31:56,821 - INFO - Regula po iteracji 0: IF  THEN class = {19.51} [9.90, 29.12], (p=69, n=24, P=69, N=24)
2025-03-05 08:31:56,821 - INFO - *****STOP GROWING RR RULE*****
2025-03-05 08:31:56,821 - INFO - ***RR NOT FOUND***
2025-03-05 08:31:56,851 - INFO - Iteracja 1: condition_best: Horsepower >= 171.00, quality_best: 0.609, coverage_best: (p=15, n=4, P=22, N=71)
2025-03-05 08:31:56,851 - INFO - Regula po iteracji 1: IF Fuel_tank_capacity >= 16.70 AND Horsepower >= 171.00 THEN class = {32.85} [23.02, 42.68], (p=15, n=4, P=22, N=71)
2025-03-05 08:31:56,851 - INFO - *****GROWING RR RULE*****
2025-03-05 08:31:58,483 - INFO - Iteracja 0: condition_best: None, quality_best: -inf, coverage_best: (p=0, n=0, P=0, N=0), p_value: 0
2025-03-05 08:31:58,484 - INFO - Regula po iteracji 0: IF  THEN class = {19.51} [9.90, 29.12], (p=69, n=24, P=69, N=24)
2025-03-05 08:31:58,484 - INFO - *****STOP GROWING RR RULE*****
2025-03-05 08:31:58,484 - INFO - ***RR NOT FOUND***
2025-03-05 08:31:58,502 - INFO - Iteracja 2: condition_best: Highway_MPG >= 22.50, quality_best: 0.63, coverage_best: (p=15, n=3, P=24, N=69)
2025-03-05 08:31:58,502 - INFO - Regula po iteracji 2: IF Fuel_tank_capacity >= 16.70 AND Horsepower >= 171.00 AND Highway_MPG >= 22.50 THEN class = {32.02} [22.60, 41.44], (p=15, n=3, P=24, N=69)
2025-03-05 08:31:58,502 - INFO - *****GROWING RR RULE*****
2025-03-05 08:32:00,121 - INFO - Iteracja 0: condition_best: None, quality_best: -inf, coverage_best: (p=0, n=0, P=0, N=0), p_value: 0
2025-03-05 08:32:00,122 - INFO - Regula po iteracji 0: IF  THEN class = {19.51} [9.90, 29.12], (p=69, n=24, P=69, N=24)
2025-03-05 08:32:00,122 - INFO - *****STOP GROWING RR RULE*****
2025-03-05 08:32:00,122 - INFO - ***RR NOT FOUND***
2025-03-05 08:32:00,138 - INFO - Iteracja 3: condition_best: RPM >= 4,050.00, quality_best: 0.629, coverage_best: (p=14, n=3, P=22, N=71)
2025-03-05 08:32:00,138 - INFO - Regula po iteracji 3: IF Fuel_tank_capacity >= 16.70 AND Horsepower >= 171.00 AND Highway_MPG >= 22.50 AND RPM >= 4,050.00 THEN class = {32.51} [23.04, 41.97], (p=14, n=3, P=22, N=71)
2025-03-05 08:32:00,138 - INFO - *****GROWING RR RULE*****
2025-03-05 08:32:01,757 - INFO - Iteracja 0: condition_best: None, quality_best: -inf, coverage_best: (p=0, n=0, P=0, N=0), p_value: 0
2025-03-05 08:32:01,757 - INFO - Regula po iteracji 0: IF  THEN class = {19.51} [9.90, 29.12], (p=69, n=24, P=69, N=24)
2025-03-05 08:32:01,757 - INFO - *****STOP GROWING RR RULE*****
2025-03-05 08:32:01,757 - INFO - ***RR NOT FOUND***
2025-03-05 08:32:01,773 - INFO - Iteracja 4: condition_best: RPM >= 4,800.00, quality_best: 0.628, coverage_best: (p=12, n=2, P=22, N=71)
2025-03-05 08:32:01,773 - INFO - Regula po iteracji 4: IF Fuel_tank_capacity >= 16.70 AND Horsepower >= 171.00 AND Highway_MPG >= 22.50 AND RPM >= 4,050.00 AND RPM >= 4,800.00 THEN class = {32.92} [23.03, 42.81], (p=12, n=2, P=22, N=71)
2025-03-05 08:32:01,773 - INFO - *****GROWING RR RULE*****
2025-03-05 08:32:03,380 - INFO - Iteracja 0: condition_best: None, quality_best: -inf, coverage_best: (p=0, n=0, P=0, N=0), p_value: 0
2025-03-05 08:32:03,380 - INFO - Regula po iteracji 0: IF  THEN class = {19.51} [9.90, 29.12], (p=69, n=24, P=69, N=24)
2025-03-05 08:32:03,380 - INFO - *****STOP GROWING RR RULE*****
2025-03-05 08:32:03,380 - INFO - ***RR NOT FOUND***
2025-03-05 08:32:03,380 - INFO - *******STOP GROWING CR RULE*******
2025-03-05 08:32:03,381 - INFO - *******GROWING CR RULE*******
2025-03-05 08:32:03,431 - INFO - Iteracja 0: condition_best: Weight >= 2,797.50, quality_best: 0.525, coverage_best: (p=49, n=13, P=51, N=42)
2025-03-05 08:32:03,431 - INFO - Regula po iteracji 0: IF Weight >= 2,797.50 THEN class = {23.55} [14.47, 32.63], (p=49, n=13, P=51, N=42)
2025-03-05 08:32:03,431 - INFO - *****GROWING RR RULE*****
2025-03-05 08:32:05,103 - INFO - Iteracja 0: condition_best: None, quality_best: -inf, coverage_best: (p=0, n=0, P=0, N=0), p_value: 0
2025-03-05 08:32:05,103 - INFO - Regula po iteracji 0: IF  THEN class = {19.51} [9.90, 29.12], (p=69, n=24, P=69, N=24)
2025-03-05 08:32:05,103 - INFO - *****STOP GROWING RR RULE*****
2025-03-05 08:32:05,104 - INFO - ***RR NOT FOUND***
2025-03-05 08:32:05,139 - INFO - Iteracja 1: condition_best: City_MPG >= 18.50, quality_best: 0.64, coverage_best: (p=34, n=3, P=56, N=37)
2025-03-05 08:32:05,140 - INFO - Regula po iteracji 1: IF Weight >= 2,797.50 AND City_MPG >= 18.50 THEN class = {21.32} [12.52, 30.12], (p=34, n=3, P=56, N=37)
2025-03-05 08:32:05,140 - INFO - *****GROWING RR RULE*****
2025-03-05 08:32:06,758 - INFO - Iteracja 0: condition_best: None, quality_best: -inf, coverage_best: (p=0, n=0, P=0, N=0), p_value: 0
2025-03-05 08:32:06,759 - INFO - Regula po iteracji 0: IF  THEN class = {19.51} [9.90, 29.12], (p=69, n=24, P=69, N=24)
2025-03-05 08:32:06,759 - INFO - *****STOP GROWING RR RULE*****
2025-03-05 08:32:06,759 - INFO - ***RR NOT FOUND***
2025-03-05 08:32:06,782 - INFO - Iteracja 2: condition_best: Fuel_tank_capacity >= 15.30, quality_best: 0.673, coverage_best: (p=33, n=2, P=57, N=36)
2025-03-05 08:32:06,782 - INFO - Regula po iteracji 2: IF Weight >= 2,797.50 AND City_MPG >= 18.50 AND Fuel_tank_capacity >= 15.30 THEN class = {21.24} [12.47, 30.01], (p=33, n=2, P=57, N=36)
2025-03-05 08:32:06,782 - INFO - *****GROWING RR RULE*****
2025-03-05 08:32:08,394 - INFO - Iteracja 0: condition_best: None, quality_best: -inf, coverage_best: (p=0, n=0, P=0, N=0), p_value: 0
2025-03-05 08:32:08,394 - INFO - Regula po iteracji 0: IF  THEN class = {19.51} [9.90, 29.12], (p=69, n=24, P=69, N=24)
2025-03-05 08:32:08,394 - INFO - *****STOP GROWING RR RULE*****
2025-03-05 08:32:08,394 - INFO - ***RR NOT FOUND***
2025-03-05 08:32:08,416 - INFO - Iteracja 3: condition_best: City_MPG <= 25.50, quality_best: 0.67, coverage_best: (p=32, n=2, P=56, N=37)
2025-03-05 08:32:08,416 - INFO - Regula po iteracji 3: IF Weight >= 2,797.50 AND City_MPG >= 18.50 AND Fuel_tank_capacity >= 15.30 AND City_MPG <= 25.50 THEN class = {21.38} [12.52, 30.24], (p=32, n=2, P=56, N=37)
2025-03-05 08:32:08,416 - INFO - *****GROWING RR RULE*****
2025-03-05 08:32:10,024 - INFO - Iteracja 0: condition_best: None, quality_best: -inf, coverage_best: (p=0, n=0, P=0, N=0), p_value: 0
2025-03-05 08:32:10,024 - INFO - Regula po iteracji 0: IF  THEN class = {19.51} [9.90, 29.12], (p=69, n=24, P=69, N=24)
2025-03-05 08:32:10,024 - INFO - *****STOP GROWING RR RULE*****
2025-03-05 08:32:10,024 - INFO - ***RR NOT FOUND***
2025-03-05 08:32:10,046 - INFO - Iteracja 4: condition_best: RPM >= 4,200.00, quality_best: 0.658, coverage_best: (p=31, n=2, P=56, N=37)
2025-03-05 08:32:10,046 - INFO - Regula po iteracji 4: IF Weight >= 2,797.50 AND City_MPG >= 18.50 AND Fuel_tank_capacity >= 15.30 AND City_MPG <= 25.50 AND RPM >= 4,200.00 THEN class = {21.58} [12.66, 30.49], (p=31, n=2, P=56, N=37)
2025-03-05 08:32:10,046 - INFO - *****GROWING RR RULE*****
2025-03-05 08:32:11,653 - INFO - Iteracja 0: condition_best: None, quality_best: -inf, coverage_best: (p=0, n=0, P=0, N=0), p_value: 0
2025-03-05 08:32:11,653 - INFO - Regula po iteracji 0: IF  THEN class = {19.51} [9.90, 29.12], (p=69, n=24, P=69, N=24)
2025-03-05 08:32:11,653 - INFO - *****STOP GROWING RR RULE*****
2025-03-05 08:32:11,653 - INFO - ***RR NOT FOUND***
2025-03-05 08:32:11,653 - INFO - *******STOP GROWING CR RULE*******
2025-03-05 08:32:11,654 - INFO - *******GROWING CR RULE*******
2025-03-05 08:32:11,703 - INFO - Iteracja 0: condition_best: Engine_size <= 1.25, quality_best: 1.0, coverage_best: (p=2, n=0, P=2, N=91)
2025-03-05 08:32:11,703 - INFO - Regula po iteracji 0: IF Engine_size <= 1.25 THEN class = {8.40} [8.40, 8.40], (p=2, n=0, P=2, N=91)
2025-03-05 08:32:11,703 - INFO - *****GROWING RR RULE*****
2025-03-05 08:32:13,150 - INFO - Iteracja 0: condition_best: None, quality_best: -inf, coverage_best: (p=0, n=0, P=0, N=0), p_value: 0
2025-03-05 08:32:13,151 - INFO - Regula po iteracji 0: IF  THEN class = {19.51} [9.90, 29.12], (p=69, n=24, P=69, N=24)
2025-03-05 08:32:13,151 - INFO - *****STOP GROWING RR RULE*****
2025-03-05 08:32:13,151 - INFO - ***RR NOT FOUND***
2025-03-05 08:32:13,153 - INFO - Iteracja 1: condition_best: Type = {Small}, quality_best: 1.0, coverage_best: (p=2, n=0, P=2, N=91)
2025-03-05 08:32:13,153 - INFO - Regula po iteracji 1: IF Engine_size <= 1.25 AND Type = {Small} THEN class = {8.40} [8.40, 8.40], (p=2, n=0, P=2, N=91)
2025-03-05 08:32:13,153 - INFO - *****GROWING RR RULE*****
2025-03-05 08:32:14,601 - INFO - Iteracja 0: condition_best: None, quality_best: -inf, coverage_best: (p=0, n=0, P=0, N=0), p_value: 0
2025-03-05 08:32:14,601 - INFO - Regula po iteracji 0: IF  THEN class = {19.51} [9.90, 29.12], (p=69, n=24, P=69, N=24)
2025-03-05 08:32:14,601 - INFO - *****STOP GROWING RR RULE*****
2025-03-05 08:32:14,601 - INFO - ***RR NOT FOUND***
2025-03-05 08:32:14,603 - INFO - Iteracja 2: condition_best: Air_Bags_standard = {0}, quality_best: 1.0, coverage_best: (p=2, n=0, P=2, N=91)
2025-03-05 08:32:14,603 - INFO - Regula po iteracji 2: IF Engine_size <= 1.25 AND Type = {Small} AND Air_Bags_standard = {0} THEN class = {8.40} [8.40, 8.40], (p=2, n=0, P=2, N=91)
2025-03-05 08:32:14,604 - INFO - *****GROWING RR RULE*****
2025-03-05 08:32:16,050 - INFO - Iteracja 0: condition_best: None, quality_best: -inf, coverage_best: (p=0, n=0, P=0, N=0), p_value: 0
2025-03-05 08:32:16,050 - INFO - Regula po iteracji 0: IF  THEN class = {19.51} [9.90, 29.12], (p=69, n=24, P=69, N=24)
2025-03-05 08:32:16,050 - INFO - *****STOP GROWING RR RULE*****
2025-03-05 08:32:16,050 - INFO - ***RR NOT FOUND***
2025-03-05 08:32:16,052 - INFO - Iteracja 3: condition_best: Manual_transmission_available = {1}, quality_best: 1.0, coverage_best: (p=2, n=0, P=2, N=91)
2025-03-05 08:32:16,052 - INFO - Regula po iteracji 3: IF Engine_size <= 1.25 AND Type = {Small} AND Air_Bags_standard = {0} AND Manual_transmission_available = {1} THEN class = {8.40} [8.40, 8.40], (p=2, n=0, P=2, N=91)
2025-03-05 08:32:16,052 - INFO - *****GROWING RR RULE*****
2025-03-05 08:32:17,497 - INFO - Iteracja 0: condition_best: None, quality_best: -inf, coverage_best: (p=0, n=0, P=0, N=0), p_value: 0
2025-03-05 08:32:17,497 - INFO - Regula po iteracji 0: IF  THEN class = {19.51} [9.90, 29.12], (p=69, n=24, P=69, N=24)
2025-03-05 08:32:17,497 - INFO - *****STOP GROWING RR RULE*****
2025-03-05 08:32:17,497 - INFO - ***RR NOT FOUND***
2025-03-05 08:32:17,499 - INFO - Iteracja 4: condition_best: Domestic = {0}, quality_best: 1.0, coverage_best: (p=2, n=0, P=2, N=91)
2025-03-05 08:32:17,499 - INFO - Regula po iteracji 4: IF Engine_size <= 1.25 AND Type = {Small} AND Air_Bags_standard = {0} AND Manual_transmission_available = {1} AND Domestic = {0} THEN class = {8.40} [8.40, 8.40], (p=2, n=0, P=2, N=91)
2025-03-05 08:32:17,499 - INFO - *****GROWING RR RULE*****
2025-03-05 08:32:18,944 - INFO - Iteracja 0: condition_best: None, quality_best: -inf, coverage_best: (p=0, n=0, P=0, N=0), p_value: 0
2025-03-05 08:32:18,944 - INFO - Regula po iteracji 0: IF  THEN class = {19.51} [9.90, 29.12], (p=69, n=24, P=69, N=24)
2025-03-05 08:32:18,944 - INFO - *****STOP GROWING RR RULE*****
2025-03-05 08:32:18,944 - INFO - ***RR NOT FOUND***
2025-03-05 08:32:18,944 - INFO - *******STOP GROWING CR RULE*******
2025-03-05 08:32:18,948 - INFO - ************************Finished experiment for auto93.arff with algorithm3************************
2025-03-05 08:32:18,949 - INFO - *************************************************************************************************************************
2025-03-05 08:32:18,949 - INFO - *************************************************************************************************************************
2025-03-05 08:32:18,949 - INFO - *************************************************************************************************************************
2025-03-05 08:32:18,950 - INFO - **********Starting experiment for auto93.arff with algorithm4**********
2025-03-05 08:32:18,957 - INFO - *******GROWING CR RULE*******
2025-03-05 08:32:19,031 - INFO - Iteracja 0: condition_best: Weight <= 2,797.50, quality_best: 0.786, coverage_best: (p=28, n=3, P=33, N=60)
2025-03-05 08:32:19,032 - INFO - Regula po iteracji 0: IF Weight <= 2,797.50 THEN class = {11.43} [7.67, 15.19], (p=28, n=3, P=33, N=60)
2025-03-05 08:32:19,032 - INFO - *****GROWING RR RULE*****
2025-03-05 08:32:19,130 - INFO - Iteracja 0: condition_best: None, quality_best: -inf, coverage_best: (p=0, n=0, P=0, N=0), p_value: 0
2025-03-05 08:32:19,131 - INFO - Regula po iteracji 0: IF  THEN class = {19.51} [9.90, 29.12], (p=69, n=24, P=69, N=24)
2025-03-05 08:32:19,131 - INFO - *****STOP GROWING RR RULE*****
2025-03-05 08:32:19,131 - INFO - ***RR NOT FOUND***
2025-03-05 08:32:19,153 - INFO - Iteracja 1: condition_best: Length >= 143.50, quality_best: 0.829, coverage_best: (p=28, n=2, P=33, N=60)
2025-03-05 08:32:19,154 - INFO - Regula po iteracji 1: IF Weight <= 2,797.50 AND Length >= 143.50 THEN class = {11.57} [7.82, 15.31], (p=28, n=2, P=33, N=60)
2025-03-05 08:32:19,154 - INFO - *****GROWING RR RULE*****
2025-03-05 08:32:19,253 - INFO - Iteracja 0: condition_best: None, quality_best: -inf, coverage_best: (p=0, n=0, P=0, N=0), p_value: 0
2025-03-05 08:32:19,253 - INFO - Regula po iteracji 0: IF  THEN class = {19.51} [9.90, 29.12], (p=69, n=24, P=69, N=24)
2025-03-05 08:32:19,253 - INFO - *****STOP GROWING RR RULE*****
2025-03-05 08:32:19,253 - INFO - ***RR NOT FOUND***
2025-03-05 08:32:19,274 - INFO - Iteracja 2: condition_best: RPM <= 6,150.00, quality_best: 0.859, coverage_best: (p=27, n=1, P=33, N=60)
2025-03-05 08:32:19,274 - INFO - Regula po iteracji 2: IF Weight <= 2,797.50 AND Length >= 143.50 AND RPM <= 6,150.00 THEN class = {11.46} [7.69, 15.24], (p=27, n=1, P=33, N=60)
2025-03-05 08:32:19,274 - INFO - *****GROWING RR RULE*****
2025-03-05 08:32:19,373 - INFO - Iteracja 0: condition_best: None, quality_best: -inf, coverage_best: (p=0, n=0, P=0, N=0), p_value: 0
2025-03-05 08:32:19,373 - INFO - Regula po iteracji 0: IF  THEN class = {19.51} [9.90, 29.12], (p=69, n=24, P=69, N=24)
2025-03-05 08:32:19,373 - INFO - *****STOP GROWING RR RULE*****
2025-03-05 08:32:19,373 - INFO - ***RR NOT FOUND***
2025-03-05 08:32:19,394 - INFO - Iteracja 3: condition_best: Manual_transmission_available = {1}, quality_best: 0.859, coverage_best: (p=27, n=1, P=33, N=60)
2025-03-05 08:32:19,394 - INFO - Regula po iteracji 3: IF Weight <= 2,797.50 AND Length >= 143.50 AND RPM <= 6,150.00 AND Manual_transmission_available = {1} THEN class = {11.46} [7.69, 15.24], (p=27, n=1, P=33, N=60)
2025-03-05 08:32:19,394 - INFO - *****GROWING RR RULE*****
2025-03-05 08:32:19,493 - INFO - Iteracja 0: condition_best: None, quality_best: -inf, coverage_best: (p=0, n=0, P=0, N=0), p_value: 0
2025-03-05 08:32:19,493 - INFO - Regula po iteracji 0: IF  THEN class = {19.51} [9.90, 29.12], (p=69, n=24, P=69, N=24)
2025-03-05 08:32:19,493 - INFO - *****STOP GROWING RR RULE*****
2025-03-05 08:32:19,493 - INFO - ***RR NOT FOUND***
2025-03-05 08:32:19,514 - INFO - Iteracja 4: condition_best: City_MPG <= 44.00, quality_best: 0.843, coverage_best: (p=26, n=1, P=33, N=60)
2025-03-05 08:32:19,514 - INFO - Regula po iteracji 4: IF Weight <= 2,797.50 AND Length >= 143.50 AND RPM <= 6,150.00 AND Manual_transmission_available = {1} AND City_MPG <= 44.00 THEN class = {11.58} [7.78, 15.38], (p=26, n=1, P=33, N=60)
2025-03-05 08:32:19,514 - INFO - *****GROWING RR RULE*****
2025-03-05 08:32:19,613 - INFO - Iteracja 0: condition_best: None, quality_best: -inf, coverage_best: (p=0, n=0, P=0, N=0), p_value: 0
2025-03-05 08:32:19,613 - INFO - Regula po iteracji 0: IF  THEN class = {19.51} [9.90, 29.12], (p=69, n=24, P=69, N=24)
2025-03-05 08:32:19,613 - INFO - *****STOP GROWING RR RULE*****
2025-03-05 08:32:19,613 - INFO - ***RR NOT FOUND***
2025-03-05 08:32:19,613 - INFO - *******STOP GROWING CR RULE*******
2025-03-05 08:32:19,615 - INFO - *******GROWING CR RULE*******
2025-03-05 08:32:19,667 - INFO - Iteracja 0: condition_best: Fuel_tank_capacity <= 15.45, quality_best: 0.776, coverage_best: (p=27, n=1, P=41, N=52)
2025-03-05 08:32:19,667 - INFO - Regula po iteracji 0: IF Fuel_tank_capacity <= 15.45 THEN class = {11.61} [7.11, 16.10], (p=27, n=1, P=41, N=52)
2025-03-05 08:32:19,667 - INFO - *****GROWING RR RULE*****
2025-03-05 08:32:19,765 - INFO - Iteracja 0: condition_best: None, quality_best: -inf, coverage_best: (p=0, n=0, P=0, N=0), p_value: 0
2025-03-05 08:32:19,765 - INFO - Regula po iteracji 0: IF  THEN class = {19.51} [9.90, 29.12], (p=69, n=24, P=69, N=24)
2025-03-05 08:32:19,765 - INFO - *****STOP GROWING RR RULE*****
2025-03-05 08:32:19,765 - INFO - ***RR NOT FOUND***
2025-03-05 08:32:19,786 - INFO - Iteracja 1: condition_best: Manual_transmission_available = {1}, quality_best: 0.763, coverage_best: (p=26, n=1, P=41, N=52)
2025-03-05 08:32:19,786 - INFO - Regula po iteracji 1: IF Fuel_tank_capacity <= 15.45 AND Manual_transmission_available = {1} THEN class = {11.54} [6.97, 16.10], (p=26, n=1, P=41, N=52)
2025-03-05 08:32:19,786 - INFO - *****GROWING RR RULE*****
2025-03-05 08:32:19,885 - INFO - Iteracja 0: condition_best: None, quality_best: -inf, coverage_best: (p=0, n=0, P=0, N=0), p_value: 0
2025-03-05 08:32:19,886 - INFO - Regula po iteracji 0: IF  THEN class = {19.51} [9.90, 29.12], (p=69, n=24, P=69, N=24)
2025-03-05 08:32:19,886 - INFO - *****STOP GROWING RR RULE*****
2025-03-05 08:32:19,886 - INFO - ***RR NOT FOUND***
2025-03-05 08:32:19,905 - INFO - Iteracja 2: condition_best: City_MPG <= 44.00, quality_best: 0.75, coverage_best: (p=25, n=1, P=41, N=52)
2025-03-05 08:32:19,905 - INFO - Regula po iteracji 2: IF Fuel_tank_capacity <= 15.45 AND Manual_transmission_available = {1} AND City_MPG <= 44.00 THEN class = {11.66} [7.05, 16.27], (p=25, n=1, P=41, N=52)
2025-03-05 08:32:19,906 - INFO - *****GROWING RR RULE*****
2025-03-05 08:32:20,004 - INFO - Iteracja 0: condition_best: None, quality_best: -inf, coverage_best: (p=0, n=0, P=0, N=0), p_value: 0
2025-03-05 08:32:20,004 - INFO - Regula po iteracji 0: IF  THEN class = {19.51} [9.90, 29.12], (p=69, n=24, P=69, N=24)
2025-03-05 08:32:20,004 - INFO - *****STOP GROWING RR RULE*****
2025-03-05 08:32:20,004 - INFO - ***RR NOT FOUND***
2025-03-05 08:32:20,023 - INFO - Iteracja 3: condition_best: Highway_MPG >= 27.50, quality_best: 0.736, coverage_best: (p=24, n=1, P=41, N=52)
2025-03-05 08:32:20,024 - INFO - Regula po iteracji 3: IF Fuel_tank_capacity <= 15.45 AND Manual_transmission_available = {1} AND City_MPG <= 44.00 AND Highway_MPG >= 27.50 THEN class = {11.56} [6.89, 16.23], (p=24, n=1, P=41, N=52)
2025-03-05 08:32:20,024 - INFO - *****GROWING RR RULE*****
2025-03-05 08:32:20,123 - INFO - Iteracja 0: condition_best: None, quality_best: -inf, coverage_best: (p=0, n=0, P=0, N=0), p_value: 0
2025-03-05 08:32:20,123 - INFO - Regula po iteracji 0: IF  THEN class = {19.51} [9.90, 29.12], (p=69, n=24, P=69, N=24)
2025-03-05 08:32:20,123 - INFO - *****STOP GROWING RR RULE*****
2025-03-05 08:32:20,123 - INFO - ***RR NOT FOUND***
2025-03-05 08:32:20,142 - INFO - Iteracja 4: condition_best: Length <= 181.50, quality_best: 0.722, coverage_best: (p=23, n=1, P=41, N=52)
2025-03-05 08:32:20,142 - INFO - Regula po iteracji 4: IF Fuel_tank_capacity <= 15.45 AND Manual_transmission_available = {1} AND City_MPG <= 44.00 AND Highway_MPG >= 27.50 AND Length <= 181.50 THEN class = {11.48} [6.73, 16.24], (p=23, n=1, P=41, N=52)
2025-03-05 08:32:20,142 - INFO - *****GROWING RR RULE*****
2025-03-05 08:32:20,241 - INFO - Iteracja 0: condition_best: None, quality_best: -inf, coverage_best: (p=0, n=0, P=0, N=0), p_value: 0
2025-03-05 08:32:20,241 - INFO - Regula po iteracji 0: IF  THEN class = {19.51} [9.90, 29.12], (p=69, n=24, P=69, N=24)
2025-03-05 08:32:20,241 - INFO - *****STOP GROWING RR RULE*****
2025-03-05 08:32:20,241 - INFO - ***RR NOT FOUND***
2025-03-05 08:32:20,242 - INFO - *******STOP GROWING CR RULE*******
2025-03-05 08:32:20,242 - INFO - *******GROWING CR RULE*******
2025-03-05 08:32:20,293 - INFO - Iteracja 0: condition_best: Weight <= 2,892.50, quality_best: 0.653, coverage_best: (p=32, n=5, P=43, N=50)
2025-03-05 08:32:20,293 - INFO - Regula po iteracji 0: IF Weight <= 2,892.50 THEN class = {12.41} [8.12, 16.70], (p=32, n=5, P=43, N=50)
2025-03-05 08:32:20,294 - INFO - *****GROWING RR RULE*****
2025-03-05 08:32:20,392 - INFO - Iteracja 0: condition_best: None, quality_best: -inf, coverage_best: (p=0, n=0, P=0, N=0), p_value: 0
2025-03-05 08:32:20,392 - INFO - Regula po iteracji 0: IF  THEN class = {19.51} [9.90, 29.12], (p=69, n=24, P=69, N=24)
2025-03-05 08:32:20,392 - INFO - *****STOP GROWING RR RULE*****
2025-03-05 08:32:20,392 - INFO - ***RR NOT FOUND***
2025-03-05 08:32:20,418 - INFO - Iteracja 1: condition_best: Length >= 143.50, quality_best: 0.692, coverage_best: (p=32, n=4, P=43, N=50)
2025-03-05 08:32:20,418 - INFO - Regula po iteracji 1: IF Weight <= 2,892.50 AND Length >= 143.50 THEN class = {12.55} [8.29, 16.82], (p=32, n=4, P=43, N=50)
2025-03-05 08:32:20,418 - INFO - *****GROWING RR RULE*****
2025-03-05 08:32:20,517 - INFO - Iteracja 0: condition_best: None, quality_best: -inf, coverage_best: (p=0, n=0, P=0, N=0), p_value: 0
2025-03-05 08:32:20,517 - INFO - Regula po iteracji 0: IF  THEN class = {19.51} [9.90, 29.12], (p=69, n=24, P=69, N=24)
2025-03-05 08:32:20,517 - INFO - *****STOP GROWING RR RULE*****
2025-03-05 08:32:20,517 - INFO - ***RR NOT FOUND***
2025-03-05 08:32:20,542 - INFO - Iteracja 2: condition_best: RPM >= 4,400.00, quality_best: 0.678, coverage_best: (p=31, n=4, P=43, N=50)
2025-03-05 08:32:20,542 - INFO - Regula po iteracji 2: IF Weight <= 2,892.50 AND Length >= 143.50 AND RPM >= 4,400.00 THEN class = {12.59} [8.27, 16.91], (p=31, n=4, P=43, N=50)
2025-03-05 08:32:20,542 - INFO - *****GROWING RR RULE*****
2025-03-05 08:32:20,640 - INFO - Iteracja 0: condition_best: None, quality_best: -inf, coverage_best: (p=0, n=0, P=0, N=0), p_value: 0
2025-03-05 08:32:20,641 - INFO - Regula po iteracji 0: IF  THEN class = {19.51} [9.90, 29.12], (p=69, n=24, P=69, N=24)
2025-03-05 08:32:20,641 - INFO - *****STOP GROWING RR RULE*****
2025-03-05 08:32:20,641 - INFO - ***RR NOT FOUND***
2025-03-05 08:32:20,665 - INFO - Iteracja 3: condition_best: RPM <= 6,400.00, quality_best: 0.663, coverage_best: (p=30, n=4, P=43, N=50)
2025-03-05 08:32:20,665 - INFO - Regula po iteracji 3: IF Weight <= 2,892.50 AND Length >= 143.50 AND RPM >= 4,400.00 AND RPM <= 6,400.00 THEN class = {12.66} [8.30, 17.02], (p=30, n=4, P=43, N=50)
2025-03-05 08:32:20,665 - INFO - *****GROWING RR RULE*****
2025-03-05 08:32:20,764 - INFO - Iteracja 0: condition_best: None, quality_best: -inf, coverage_best: (p=0, n=0, P=0, N=0), p_value: 0
2025-03-05 08:32:20,764 - INFO - Regula po iteracji 0: IF  THEN class = {19.51} [9.90, 29.12], (p=69, n=24, P=69, N=24)
2025-03-05 08:32:20,764 - INFO - *****STOP GROWING RR RULE*****
2025-03-05 08:32:20,764 - INFO - ***RR NOT FOUND***
2025-03-05 08:32:20,789 - INFO - Iteracja 4: condition_best: RPM <= 6,150.00, quality_best: 0.648, coverage_best: (p=29, n=4, P=43, N=50)
2025-03-05 08:32:20,789 - INFO - Regula po iteracji 4: IF Weight <= 2,892.50 AND Length >= 143.50 AND RPM >= 4,400.00 AND RPM <= 6,400.00 AND RPM <= 6,150.00 THEN class = {12.56} [8.17, 16.96], (p=29, n=4, P=43, N=50)
2025-03-05 08:32:20,789 - INFO - *****GROWING RR RULE*****
2025-03-05 08:32:20,887 - INFO - Iteracja 0: condition_best: None, quality_best: -inf, coverage_best: (p=0, n=0, P=0, N=0), p_value: 0
2025-03-05 08:32:20,888 - INFO - Regula po iteracji 0: IF  THEN class = {19.51} [9.90, 29.12], (p=69, n=24, P=69, N=24)
2025-03-05 08:32:20,888 - INFO - *****STOP GROWING RR RULE*****
2025-03-05 08:32:20,888 - INFO - ***RR NOT FOUND***
2025-03-05 08:32:20,888 - INFO - *******STOP GROWING CR RULE*******
2025-03-05 08:32:20,889 - INFO - *******GROWING CR RULE*******
2025-03-05 08:32:20,940 - INFO - Iteracja 0: condition_best: Horsepower <= 132.00, quality_best: 0.611, coverage_best: (p=34, n=7, P=43, N=50)
2025-03-05 08:32:20,940 - INFO - Regula po iteracji 0: IF Horsepower <= 132.00 THEN class = {12.89} [8.29, 17.49], (p=34, n=7, P=43, N=50)
2025-03-05 08:32:20,940 - INFO - *****GROWING RR RULE*****
2025-03-05 08:32:21,038 - INFO - Iteracja 0: condition_best: None, quality_best: -inf, coverage_best: (p=0, n=0, P=0, N=0), p_value: 0
2025-03-05 08:32:21,038 - INFO - Regula po iteracji 0: IF  THEN class = {19.51} [9.90, 29.12], (p=69, n=24, P=69, N=24)
2025-03-05 08:32:21,038 - INFO - *****STOP GROWING RR RULE*****
2025-03-05 08:32:21,038 - INFO - ***RR NOT FOUND***
2025-03-05 08:32:21,066 - INFO - Iteracja 1: condition_best: Fuel_tank_capacity <= 16.85, quality_best: 0.709, coverage_best: (p=34, n=4, P=44, N=49)
2025-03-05 08:32:21,066 - INFO - Regula po iteracji 1: IF Horsepower <= 132.00 AND Fuel_tank_capacity <= 16.85 THEN class = {12.54} [7.99, 17.09], (p=34, n=4, P=44, N=49)
2025-03-05 08:32:21,066 - INFO - *****GROWING RR RULE*****
2025-03-05 08:32:21,165 - INFO - Iteracja 0: condition_best: None, quality_best: -inf, coverage_best: (p=0, n=0, P=0, N=0), p_value: 0
2025-03-05 08:32:21,165 - INFO - Regula po iteracji 0: IF  THEN class = {19.51} [9.90, 29.12], (p=69, n=24, P=69, N=24)
2025-03-05 08:32:21,165 - INFO - *****STOP GROWING RR RULE*****
2025-03-05 08:32:21,165 - INFO - ***RR NOT FOUND***
2025-03-05 08:32:21,190 - INFO - Iteracja 2: condition_best: Length >= 143.50, quality_best: 0.706, coverage_best: (p=33, n=4, P=43, N=50)
2025-03-05 08:32:21,190 - INFO - Regula po iteracji 2: IF Horsepower <= 132.00 AND Fuel_tank_capacity <= 16.85 AND Length >= 143.50 THEN class = {12.68} [8.15, 17.21], (p=33, n=4, P=43, N=50)
2025-03-05 08:32:21,190 - INFO - *****GROWING RR RULE*****
2025-03-05 08:32:21,289 - INFO - Iteracja 0: condition_best: None, quality_best: -inf, coverage_best: (p=0, n=0, P=0, N=0), p_value: 0
2025-03-05 08:32:21,289 - INFO - Regula po iteracji 0: IF  THEN class = {19.51} [9.90, 29.12], (p=69, n=24, P=69, N=24)
2025-03-05 08:32:21,289 - INFO - *****STOP GROWING RR RULE*****
2025-03-05 08:32:21,289 - INFO - ***RR NOT FOUND***
2025-03-05 08:32:21,467 - INFO - Iteracja 3: condition_best: Luggage_capacity >= 8.50, quality_best: 0.723, coverage_best: (p=32, n=3, P=44, N=49)
2025-03-05 08:32:21,467 - INFO - Regula po iteracji 3: IF Horsepower <= 132.00 AND Fuel_tank_capacity <= 16.85 AND Length >= 143.50 AND Luggage_capacity >= 8.50 THEN class = {12.59} [7.95, 17.23], (p=32, n=3, P=44, N=49)
2025-03-05 08:32:21,467 - INFO - *****GROWING RR RULE*****
2025-03-05 08:32:21,567 - INFO - Iteracja 0: condition_best: None, quality_best: -inf, coverage_best: (p=0, n=0, P=0, N=0), p_value: 0
2025-03-05 08:32:21,567 - INFO - Regula po iteracji 0: IF  THEN class = {19.51} [9.90, 29.12], (p=69, n=24, P=69, N=24)
2025-03-05 08:32:21,567 - INFO - *****STOP GROWING RR RULE*****
2025-03-05 08:32:21,567 - INFO - ***RR NOT FOUND***
2025-03-05 08:32:21,591 - INFO - Iteracja 4: condition_best: RPM <= 6,250.00, quality_best: 0.71, coverage_best: (p=31, n=3, P=44, N=49)
2025-03-05 08:32:21,591 - INFO - Regula po iteracji 4: IF Horsepower <= 132.00 AND Fuel_tank_capacity <= 16.85 AND Length >= 143.50 AND Luggage_capacity >= 8.50 AND RPM <= 6,250.00 THEN class = {12.66} [7.98, 17.35], (p=31, n=3, P=44, N=49)
2025-03-05 08:32:21,592 - INFO - *****GROWING RR RULE*****
2025-03-05 08:32:21,690 - INFO - Iteracja 0: condition_best: None, quality_best: -inf, coverage_best: (p=0, n=0, P=0, N=0), p_value: 0
2025-03-05 08:32:21,690 - INFO - Regula po iteracji 0: IF  THEN class = {19.51} [9.90, 29.12], (p=69, n=24, P=69, N=24)
2025-03-05 08:32:21,691 - INFO - *****STOP GROWING RR RULE*****
2025-03-05 08:32:21,691 - INFO - ***RR NOT FOUND***
2025-03-05 08:32:21,691 - INFO - *******STOP GROWING CR RULE*******
2025-03-05 08:32:21,693 - INFO - *******GROWING CR RULE*******
2025-03-05 08:32:21,744 - INFO - Iteracja 0: condition_best: Engine_size <= 2.25, quality_best: 0.589, coverage_best: (p=34, n=6, P=48, N=45)
2025-03-05 08:32:21,744 - INFO - Regula po iteracji 0: IF Engine_size <= 2.25 THEN class = {13.28} [8.07, 18.48], (p=34, n=6, P=48, N=45)
2025-03-05 08:32:21,744 - INFO - *****GROWING RR RULE*****
2025-03-05 08:32:21,843 - INFO - Iteracja 0: condition_best: None, quality_best: -inf, coverage_best: (p=0, n=0, P=0, N=0), p_value: 0
2025-03-05 08:32:21,843 - INFO - Regula po iteracji 0: IF  THEN class = {19.51} [9.90, 29.12], (p=69, n=24, P=69, N=24)
2025-03-05 08:32:21,843 - INFO - *****STOP GROWING RR RULE*****
2025-03-05 08:32:21,843 - INFO - ***RR NOT FOUND***
2025-03-05 08:32:21,869 - INFO - Iteracja 1: condition_best: Weight <= 3,062.50, quality_best: 0.625, coverage_best: (p=33, n=5, P=47, N=46)
2025-03-05 08:32:21,869 - INFO - Regula po iteracji 1: IF Engine_size <= 2.25 AND Weight <= 3,062.50 THEN class = {13.04} [7.82, 18.26], (p=33, n=5, P=47, N=46)
2025-03-05 08:32:21,869 - INFO - *****GROWING RR RULE*****
2025-03-05 08:32:21,968 - INFO - Iteracja 0: condition_best: None, quality_best: -inf, coverage_best: (p=0, n=0, P=0, N=0), p_value: 0
2025-03-05 08:32:21,968 - INFO - Regula po iteracji 0: IF  THEN class = {19.51} [9.90, 29.12], (p=69, n=24, P=69, N=24)
2025-03-05 08:32:21,968 - INFO - *****STOP GROWING RR RULE*****
2025-03-05 08:32:21,968 - INFO - ***RR NOT FOUND***
2025-03-05 08:32:21,994 - INFO - Iteracja 2: condition_best: Length >= 143.50, quality_best: 0.702, coverage_best: (p=34, n=3, P=49, N=44)
2025-03-05 08:32:21,994 - INFO - Regula po iteracji 2: IF Engine_size <= 2.25 AND Weight <= 3,062.50 AND Length >= 143.50 THEN class = {13.19} [7.99, 18.40], (p=34, n=3, P=49, N=44)
2025-03-05 08:32:21,994 - INFO - *****GROWING RR RULE*****
2025-03-05 08:32:22,092 - INFO - Iteracja 0: condition_best: None, quality_best: -inf, coverage_best: (p=0, n=0, P=0, N=0), p_value: 0
2025-03-05 08:32:22,092 - INFO - Regula po iteracji 0: IF  THEN class = {19.51} [9.90, 29.12], (p=69, n=24, P=69, N=24)
2025-03-05 08:32:22,092 - INFO - *****STOP GROWING RR RULE*****
2025-03-05 08:32:22,092 - INFO - ***RR NOT FOUND***
2025-03-05 08:32:22,118 - INFO - Iteracja 3: condition_best: Luggage_capacity <= 17.50, quality_best: 0.689, coverage_best: (p=33, n=3, P=49, N=44)
2025-03-05 08:32:22,118 - INFO - Regula po iteracji 3: IF Engine_size <= 2.25 AND Weight <= 3,062.50 AND Length >= 143.50 AND Luggage_capacity <= 17.50 THEN class = {13.17} [7.90, 18.45], (p=33, n=3, P=49, N=44)
2025-03-05 08:32:22,118 - INFO - *****GROWING RR RULE*****
2025-03-05 08:32:22,217 - INFO - Iteracja 0: condition_best: None, quality_best: -inf, coverage_best: (p=0, n=0, P=0, N=0), p_value: 0
2025-03-05 08:32:22,217 - INFO - Regula po iteracji 0: IF  THEN class = {19.51} [9.90, 29.12], (p=69, n=24, P=69, N=24)
2025-03-05 08:32:22,217 - INFO - *****STOP GROWING RR RULE*****
2025-03-05 08:32:22,217 - INFO - ***RR NOT FOUND***
2025-03-05 08:32:22,242 - INFO - Iteracja 4: condition_best: Passenger_capacity <= 5.50, quality_best: 0.677, coverage_best: (p=32, n=3, P=49, N=44)
2025-03-05 08:32:22,242 - INFO - Regula po iteracji 4: IF Engine_size <= 2.25 AND Weight <= 3,062.50 AND Length >= 143.50 AND Luggage_capacity <= 17.50 AND Passenger_capacity <= 5.50 THEN class = {13.10} [7.77, 18.43], (p=32, n=3, P=49, N=44)
2025-03-05 08:32:22,242 - INFO - *****GROWING RR RULE*****
2025-03-05 08:32:22,341 - INFO - Iteracja 0: condition_best: None, quality_best: -inf, coverage_best: (p=0, n=0, P=0, N=0), p_value: 0
2025-03-05 08:32:22,341 - INFO - Regula po iteracji 0: IF  THEN class = {19.51} [9.90, 29.12], (p=69, n=24, P=69, N=24)
2025-03-05 08:32:22,341 - INFO - *****STOP GROWING RR RULE*****
2025-03-05 08:32:22,341 - INFO - ***RR NOT FOUND***
2025-03-05 08:32:22,341 - INFO - *******STOP GROWING CR RULE*******
2025-03-05 08:32:22,343 - INFO - *******GROWING CR RULE*******
2025-03-05 08:32:22,393 - INFO - Iteracja 0: condition_best: Weight >= 3,427.50, quality_best: 0.563, coverage_best: (p=28, n=5, P=46, N=47)
2025-03-05 08:32:22,393 - INFO - Regula po iteracji 0: IF Weight >= 3,427.50 THEN class = {26.12} [16.17, 36.08], (p=28, n=5, P=46, N=47)
2025-03-05 08:32:22,393 - INFO - *****GROWING RR RULE*****
2025-03-05 08:32:22,492 - INFO - Iteracja 0: condition_best: None, quality_best: -inf, coverage_best: (p=0, n=0, P=0, N=0), p_value: 0
2025-03-05 08:32:22,492 - INFO - Regula po iteracji 0: IF  THEN class = {19.51} [9.90, 29.12], (p=69, n=24, P=69, N=24)
2025-03-05 08:32:22,492 - INFO - *****STOP GROWING RR RULE*****
2025-03-05 08:32:22,492 - INFO - ***RR NOT FOUND***
2025-03-05 08:32:22,517 - INFO - Iteracja 1: condition_best: RPM >= 3,900.00, quality_best: 0.624, coverage_best: (p=28, n=4, P=44, N=49)
2025-03-05 08:32:22,517 - INFO - Regula po iteracji 1: IF Weight >= 3,427.50 AND RPM >= 3,900.00 THEN class = {26.48} [16.57, 36.38], (p=28, n=4, P=44, N=49)
2025-03-05 08:32:22,517 - INFO - *****GROWING RR RULE*****
2025-03-05 08:32:22,616 - INFO - Iteracja 0: condition_best: None, quality_best: -inf, coverage_best: (p=0, n=0, P=0, N=0), p_value: 0
2025-03-05 08:32:22,616 - INFO - Regula po iteracji 0: IF  THEN class = {19.51} [9.90, 29.12], (p=69, n=24, P=69, N=24)
2025-03-05 08:32:22,616 - INFO - *****STOP GROWING RR RULE*****
2025-03-05 08:32:22,616 - INFO - ***RR NOT FOUND***
2025-03-05 08:32:22,639 - INFO - Iteracja 2: condition_best: Length <= 217.50, quality_best: 0.65, coverage_best: (p=28, n=3, P=46, N=47)
2025-03-05 08:32:22,640 - INFO - Regula po iteracji 2: IF Weight >= 3,427.50 AND RPM >= 3,900.00 AND Length <= 217.50 THEN class = {26.16} [16.25, 36.08], (p=28, n=3, P=46, N=47)
2025-03-05 08:32:22,640 - INFO - *****GROWING RR RULE*****
2025-03-05 08:32:22,738 - INFO - Iteracja 0: condition_best: None, quality_best: -inf, coverage_best: (p=0, n=0, P=0, N=0), p_value: 0
2025-03-05 08:32:22,738 - INFO - Regula po iteracji 0: IF  THEN class = {19.51} [9.90, 29.12], (p=69, n=24, P=69, N=24)
2025-03-05 08:32:22,738 - INFO - *****STOP GROWING RR RULE*****
2025-03-05 08:32:22,739 - INFO - ***RR NOT FOUND***
2025-03-05 08:32:22,761 - INFO - Iteracja 3: condition_best: Horsepower <= 286.50, quality_best: 0.655, coverage_best: (p=27, n=2, P=50, N=43)
2025-03-05 08:32:22,761 - INFO - Regula po iteracji 3: IF Weight >= 3,427.50 AND RPM >= 3,900.00 AND Length <= 217.50 AND Horsepower <= 286.50 THEN class = {25.70} [15.79, 35.60], (p=27, n=2, P=50, N=43)
2025-03-05 08:32:22,762 - INFO - *****GROWING RR RULE*****
2025-03-05 08:32:22,860 - INFO - Iteracja 0: condition_best: None, quality_best: -inf, coverage_best: (p=0, n=0, P=0, N=0), p_value: 0
2025-03-05 08:32:22,860 - INFO - Regula po iteracji 0: IF  THEN class = {19.51} [9.90, 29.12], (p=69, n=24, P=69, N=24)
2025-03-05 08:32:22,860 - INFO - *****STOP GROWING RR RULE*****
2025-03-05 08:32:22,860 - INFO - ***RR NOT FOUND***
2025-03-05 08:32:22,882 - INFO - Iteracja 4: condition_best: Weight <= 3,955.00, quality_best: 0.688, coverage_best: (p=23, n=1, P=46, N=47)
2025-03-05 08:32:22,882 - INFO - Regula po iteracji 4: IF Weight >= 3,427.50 AND RPM >= 3,900.00 AND Length <= 217.50 AND Horsepower <= 286.50 AND Weight <= 3,955.00 THEN class = {25.76} [16.21, 35.30], (p=23, n=1, P=46, N=47)
2025-03-05 08:32:22,883 - INFO - *****GROWING RR RULE*****
2025-03-05 08:32:22,981 - INFO - Iteracja 0: condition_best: None, quality_best: -inf, coverage_best: (p=0, n=0, P=0, N=0), p_value: 0
2025-03-05 08:32:22,981 - INFO - Regula po iteracji 0: IF  THEN class = {19.51} [9.90, 29.12], (p=69, n=24, P=69, N=24)
2025-03-05 08:32:22,981 - INFO - *****STOP GROWING RR RULE*****
2025-03-05 08:32:22,981 - INFO - ***RR NOT FOUND***
2025-03-05 08:32:22,981 - INFO - *******STOP GROWING CR RULE*******
2025-03-05 08:32:22,985 - INFO - *******GROWING CR RULE*******
2025-03-05 08:32:23,035 - INFO - Iteracja 0: condition_best: Weight >= 3,427.50, quality_best: 0.563, coverage_best: (p=28, n=5, P=46, N=47)
2025-03-05 08:32:23,035 - INFO - Regula po iteracji 0: IF Weight >= 3,427.50 THEN class = {26.12} [16.17, 36.08], (p=28, n=5, P=46, N=47)
2025-03-05 08:32:23,035 - INFO - *****GROWING RR RULE*****
2025-03-05 08:32:23,133 - INFO - Iteracja 0: condition_best: None, quality_best: -inf, coverage_best: (p=0, n=0, P=0, N=0), p_value: 0
2025-03-05 08:32:23,133 - INFO - Regula po iteracji 0: IF  THEN class = {19.51} [9.90, 29.12], (p=69, n=24, P=69, N=24)
2025-03-05 08:32:23,133 - INFO - *****STOP GROWING RR RULE*****
2025-03-05 08:32:23,133 - INFO - ***RR NOT FOUND***
2025-03-05 08:32:23,156 - INFO - Iteracja 1: condition_best: RPM >= 3,900.00, quality_best: 0.624, coverage_best: (p=28, n=4, P=44, N=49)
2025-03-05 08:32:23,156 - INFO - Regula po iteracji 1: IF Weight >= 3,427.50 AND RPM >= 3,900.00 THEN class = {26.48} [16.57, 36.38], (p=28, n=4, P=44, N=49)
2025-03-05 08:32:23,156 - INFO - *****GROWING RR RULE*****
2025-03-05 08:32:23,254 - INFO - Iteracja 0: condition_best: None, quality_best: -inf, coverage_best: (p=0, n=0, P=0, N=0), p_value: 0
2025-03-05 08:32:23,254 - INFO - Regula po iteracji 0: IF  THEN class = {19.51} [9.90, 29.12], (p=69, n=24, P=69, N=24)
2025-03-05 08:32:23,254 - INFO - *****STOP GROWING RR RULE*****
2025-03-05 08:32:23,254 - INFO - ***RR NOT FOUND***
2025-03-05 08:32:23,277 - INFO - Iteracja 2: condition_best: Length <= 217.50, quality_best: 0.65, coverage_best: (p=28, n=3, P=46, N=47)
2025-03-05 08:32:23,277 - INFO - Regula po iteracji 2: IF Weight >= 3,427.50 AND RPM >= 3,900.00 AND Length <= 217.50 THEN class = {26.16} [16.25, 36.08], (p=28, n=3, P=46, N=47)
2025-03-05 08:32:23,277 - INFO - *****GROWING RR RULE*****
2025-03-05 08:32:23,376 - INFO - Iteracja 0: condition_best: None, quality_best: -inf, coverage_best: (p=0, n=0, P=0, N=0), p_value: 0
2025-03-05 08:32:23,376 - INFO - Regula po iteracji 0: IF  THEN class = {19.51} [9.90, 29.12], (p=69, n=24, P=69, N=24)
2025-03-05 08:32:23,376 - INFO - *****STOP GROWING RR RULE*****
2025-03-05 08:32:23,376 - INFO - ***RR NOT FOUND***
2025-03-05 08:32:23,398 - INFO - Iteracja 3: condition_best: Horsepower <= 286.50, quality_best: 0.655, coverage_best: (p=27, n=2, P=50, N=43)
2025-03-05 08:32:23,398 - INFO - Regula po iteracji 3: IF Weight >= 3,427.50 AND RPM >= 3,900.00 AND Length <= 217.50 AND Horsepower <= 286.50 THEN class = {25.70} [15.79, 35.60], (p=27, n=2, P=50, N=43)
2025-03-05 08:32:23,398 - INFO - *****GROWING RR RULE*****
2025-03-05 08:32:23,496 - INFO - Iteracja 0: condition_best: None, quality_best: -inf, coverage_best: (p=0, n=0, P=0, N=0), p_value: 0
2025-03-05 08:32:23,496 - INFO - Regula po iteracji 0: IF  THEN class = {19.51} [9.90, 29.12], (p=69, n=24, P=69, N=24)
2025-03-05 08:32:23,497 - INFO - *****STOP GROWING RR RULE*****
2025-03-05 08:32:23,497 - INFO - ***RR NOT FOUND***
2025-03-05 08:32:23,518 - INFO - Iteracja 4: condition_best: Length >= 175.50, quality_best: 0.672, coverage_best: (p=26, n=2, P=46, N=47)
2025-03-05 08:32:23,518 - INFO - Regula po iteracji 4: IF Weight >= 3,427.50 AND RPM >= 3,900.00 AND Length <= 217.50 AND Horsepower <= 286.50 AND Length >= 175.50 THEN class = {25.94} [15.94, 35.94], (p=26, n=2, P=46, N=47)
2025-03-05 08:32:23,518 - INFO - *****GROWING RR RULE*****
2025-03-05 08:32:23,617 - INFO - Iteracja 0: condition_best: None, quality_best: -inf, coverage_best: (p=0, n=0, P=0, N=0), p_value: 0
2025-03-05 08:32:23,617 - INFO - Regula po iteracji 0: IF  THEN class = {19.51} [9.90, 29.12], (p=69, n=24, P=69, N=24)
2025-03-05 08:32:23,617 - INFO - *****STOP GROWING RR RULE*****
2025-03-05 08:32:23,617 - INFO - ***RR NOT FOUND***
2025-03-05 08:32:23,617 - INFO - *******STOP GROWING CR RULE*******
2025-03-05 08:32:23,621 - INFO - *******GROWING CR RULE*******
2025-03-05 08:32:23,670 - INFO - Iteracja 0: condition_best: Fuel_tank_capacity >= 16.70, quality_best: 0.547, coverage_best: (p=34, n=9, P=43, N=50)
2025-03-05 08:32:23,670 - INFO - Regula po iteracji 0: IF Fuel_tank_capacity >= 16.70 THEN class = {26.07} [16.57, 35.58], (p=34, n=9, P=43, N=50)
2025-03-05 08:32:23,670 - INFO - *****GROWING RR RULE*****
2025-03-05 08:32:23,768 - INFO - Iteracja 0: condition_best: None, quality_best: -inf, coverage_best: (p=0, n=0, P=0, N=0), p_value: 0
2025-03-05 08:32:23,768 - INFO - Regula po iteracji 0: IF  THEN class = {19.51} [9.90, 29.12], (p=69, n=24, P=69, N=24)
2025-03-05 08:32:23,768 - INFO - *****STOP GROWING RR RULE*****
2025-03-05 08:32:23,768 - INFO - ***RR NOT FOUND***
2025-03-05 08:32:23,798 - INFO - Iteracja 1: condition_best: Horsepower >= 171.00, quality_best: 0.609, coverage_best: (p=15, n=4, P=22, N=71)
2025-03-05 08:32:23,798 - INFO - Regula po iteracji 1: IF Fuel_tank_capacity >= 16.70 AND Horsepower >= 171.00 THEN class = {32.85} [23.02, 42.68], (p=15, n=4, P=22, N=71)
2025-03-05 08:32:23,799 - INFO - *****GROWING RR RULE*****
2025-03-05 08:32:23,897 - INFO - Iteracja 0: condition_best: None, quality_best: -inf, coverage_best: (p=0, n=0, P=0, N=0), p_value: 0
2025-03-05 08:32:23,897 - INFO - Regula po iteracji 0: IF  THEN class = {19.51} [9.90, 29.12], (p=69, n=24, P=69, N=24)
2025-03-05 08:32:23,897 - INFO - *****STOP GROWING RR RULE*****
2025-03-05 08:32:23,897 - INFO - ***RR NOT FOUND***
2025-03-05 08:32:23,915 - INFO - Iteracja 2: condition_best: Highway_MPG >= 22.50, quality_best: 0.63, coverage_best: (p=15, n=3, P=24, N=69)
2025-03-05 08:32:23,915 - INFO - Regula po iteracji 2: IF Fuel_tank_capacity >= 16.70 AND Horsepower >= 171.00 AND Highway_MPG >= 22.50 THEN class = {32.02} [22.60, 41.44], (p=15, n=3, P=24, N=69)
2025-03-05 08:32:23,916 - INFO - *****GROWING RR RULE*****
2025-03-05 08:32:24,014 - INFO - Iteracja 0: condition_best: None, quality_best: -inf, coverage_best: (p=0, n=0, P=0, N=0), p_value: 0
2025-03-05 08:32:24,014 - INFO - Regula po iteracji 0: IF  THEN class = {19.51} [9.90, 29.12], (p=69, n=24, P=69, N=24)
2025-03-05 08:32:24,014 - INFO - *****STOP GROWING RR RULE*****
2025-03-05 08:32:24,014 - INFO - ***RR NOT FOUND***
2025-03-05 08:32:24,031 - INFO - Iteracja 3: condition_best: RPM >= 4,050.00, quality_best: 0.629, coverage_best: (p=14, n=3, P=22, N=71)
2025-03-05 08:32:24,031 - INFO - Regula po iteracji 3: IF Fuel_tank_capacity >= 16.70 AND Horsepower >= 171.00 AND Highway_MPG >= 22.50 AND RPM >= 4,050.00 THEN class = {32.51} [23.04, 41.97], (p=14, n=3, P=22, N=71)
2025-03-05 08:32:24,031 - INFO - *****GROWING RR RULE*****
2025-03-05 08:32:24,129 - INFO - Iteracja 0: condition_best: None, quality_best: -inf, coverage_best: (p=0, n=0, P=0, N=0), p_value: 0
2025-03-05 08:32:24,129 - INFO - Regula po iteracji 0: IF  THEN class = {19.51} [9.90, 29.12], (p=69, n=24, P=69, N=24)
2025-03-05 08:32:24,129 - INFO - *****STOP GROWING RR RULE*****
2025-03-05 08:32:24,129 - INFO - ***RR NOT FOUND***
2025-03-05 08:32:24,145 - INFO - Iteracja 4: condition_best: RPM >= 4,800.00, quality_best: 0.628, coverage_best: (p=12, n=2, P=22, N=71)
2025-03-05 08:32:24,145 - INFO - Regula po iteracji 4: IF Fuel_tank_capacity >= 16.70 AND Horsepower >= 171.00 AND Highway_MPG >= 22.50 AND RPM >= 4,050.00 AND RPM >= 4,800.00 THEN class = {32.92} [23.03, 42.81], (p=12, n=2, P=22, N=71)
2025-03-05 08:32:24,146 - INFO - *****GROWING RR RULE*****
2025-03-05 08:32:24,244 - INFO - Iteracja 0: condition_best: Length >= 198.50, quality_best: 0.384, coverage_best: (p=11, n=3, P=42, N=51), p_value: 0.384
2025-03-05 08:32:24,244 - INFO - Regula po iteracji 0: IF Length >= 198.50 THEN class = {19.51} [9.90, 29.12], (p=11, n=3, P=42, N=51)
2025-03-05 08:32:24,266 - INFO - Iteracja 1: condition_best: Horsepower >= 150.00, quality_best: 0.442, coverage_best: (p=10, n=2, P=40, N=53), p_value: 0.442
2025-03-05 08:32:24,267 - INFO - Regula po iteracji 1: IF Length >= 198.50 AND Horsepower >= 150.00 THEN class = {27.15} [17.58, 36.72], (p=10, n=2, P=40, N=53)
2025-03-05 08:32:24,285 - INFO - Iteracja 2: condition_best: None, quality_best: -inf, coverage_best: (p=0, n=0, P=0, N=0), p_value: 0.442
2025-03-05 08:32:24,286 - INFO - Regula po iteracji 2: IF Length >= 198.50 AND Horsepower >= 150.00 THEN class = {27.98} [18.32, 37.63], (p=10, n=2, P=40, N=53)
2025-03-05 08:32:24,286 - INFO - *****STOP GROWING RR RULE*****
2025-03-05 08:32:24,286 - INFO - ***RR FOUND***
2025-03-05 08:32:24,286 - INFO - Reference rule: IF Length >= 198.50 AND Horsepower >= 150.00 THEN class = {27.98} [18.32, 37.63]
2025-03-05 08:32:24,286 - INFO - ***CHECKING EXCEPTION***
2025-03-05 08:32:24,289 - INFO - CR vs RR p_value: 0.2074619873888469
2025-03-05 08:32:24,289 - INFO - ER vs CR p_value: 0.9366306171920142
2025-03-05 08:32:24,289 - INFO - ER vs RR p_value: 0.9271045327779103
2025-03-05 08:32:24,289 - INFO - ***ER NOT FOUND***
2025-03-05 08:32:24,289 - INFO - *******STOP GROWING CR RULE*******
2025-03-05 08:32:24,290 - INFO - *******GROWING CR RULE*******
2025-03-05 08:32:24,339 - INFO - Iteracja 0: condition_best: Weight >= 2,797.50, quality_best: 0.525, coverage_best: (p=49, n=13, P=51, N=42)
2025-03-05 08:32:24,339 - INFO - Regula po iteracji 0: IF Weight >= 2,797.50 THEN class = {23.55} [14.47, 32.63], (p=49, n=13, P=51, N=42)
2025-03-05 08:32:24,339 - INFO - *****GROWING RR RULE*****
2025-03-05 08:32:24,437 - INFO - Iteracja 0: condition_best: None, quality_best: -inf, coverage_best: (p=0, n=0, P=0, N=0), p_value: 0
2025-03-05 08:32:24,437 - INFO - Regula po iteracji 0: IF  THEN class = {19.51} [9.90, 29.12], (p=69, n=24, P=69, N=24)
2025-03-05 08:32:24,437 - INFO - *****STOP GROWING RR RULE*****
2025-03-05 08:32:24,437 - INFO - ***RR NOT FOUND***
2025-03-05 08:32:24,473 - INFO - Iteracja 1: condition_best: City_MPG >= 18.50, quality_best: 0.64, coverage_best: (p=34, n=3, P=56, N=37)
2025-03-05 08:32:24,473 - INFO - Regula po iteracji 1: IF Weight >= 2,797.50 AND City_MPG >= 18.50 THEN class = {21.32} [12.52, 30.12], (p=34, n=3, P=56, N=37)
2025-03-05 08:32:24,473 - INFO - *****GROWING RR RULE*****
2025-03-05 08:32:24,572 - INFO - Iteracja 0: condition_best: None, quality_best: -inf, coverage_best: (p=0, n=0, P=0, N=0), p_value: 0
2025-03-05 08:32:24,572 - INFO - Regula po iteracji 0: IF  THEN class = {19.51} [9.90, 29.12], (p=69, n=24, P=69, N=24)
2025-03-05 08:32:24,572 - INFO - *****STOP GROWING RR RULE*****
2025-03-05 08:32:24,572 - INFO - ***RR NOT FOUND***
2025-03-05 08:32:24,596 - INFO - Iteracja 2: condition_best: Fuel_tank_capacity >= 15.30, quality_best: 0.673, coverage_best: (p=33, n=2, P=57, N=36)
2025-03-05 08:32:24,596 - INFO - Regula po iteracji 2: IF Weight >= 2,797.50 AND City_MPG >= 18.50 AND Fuel_tank_capacity >= 15.30 THEN class = {21.24} [12.47, 30.01], (p=33, n=2, P=57, N=36)
2025-03-05 08:32:24,596 - INFO - *****GROWING RR RULE*****
2025-03-05 08:32:24,695 - INFO - Iteracja 0: condition_best: None, quality_best: -inf, coverage_best: (p=0, n=0, P=0, N=0), p_value: 0
2025-03-05 08:32:24,695 - INFO - Regula po iteracji 0: IF  THEN class = {19.51} [9.90, 29.12], (p=69, n=24, P=69, N=24)
2025-03-05 08:32:24,695 - INFO - *****STOP GROWING RR RULE*****
2025-03-05 08:32:24,695 - INFO - ***RR NOT FOUND***
2025-03-05 08:32:24,717 - INFO - Iteracja 3: condition_best: City_MPG <= 25.50, quality_best: 0.67, coverage_best: (p=32, n=2, P=56, N=37)
2025-03-05 08:32:24,717 - INFO - Regula po iteracji 3: IF Weight >= 2,797.50 AND City_MPG >= 18.50 AND Fuel_tank_capacity >= 15.30 AND City_MPG <= 25.50 THEN class = {21.38} [12.52, 30.24], (p=32, n=2, P=56, N=37)
2025-03-05 08:32:24,717 - INFO - *****GROWING RR RULE*****
2025-03-05 08:32:24,816 - INFO - Iteracja 0: condition_best: None, quality_best: -inf, coverage_best: (p=0, n=0, P=0, N=0), p_value: 0
2025-03-05 08:32:24,816 - INFO - Regula po iteracji 0: IF  THEN class = {19.51} [9.90, 29.12], (p=69, n=24, P=69, N=24)
2025-03-05 08:32:24,816 - INFO - *****STOP GROWING RR RULE*****
2025-03-05 08:32:24,816 - INFO - ***RR NOT FOUND***
2025-03-05 08:32:24,838 - INFO - Iteracja 4: condition_best: RPM >= 4,200.00, quality_best: 0.658, coverage_best: (p=31, n=2, P=56, N=37)
2025-03-05 08:32:24,838 - INFO - Regula po iteracji 4: IF Weight >= 2,797.50 AND City_MPG >= 18.50 AND Fuel_tank_capacity >= 15.30 AND City_MPG <= 25.50 AND RPM >= 4,200.00 THEN class = {21.58} [12.66, 30.49], (p=31, n=2, P=56, N=37)
2025-03-05 08:32:24,839 - INFO - *****GROWING RR RULE*****
2025-03-05 08:32:24,938 - INFO - Iteracja 0: condition_best: None, quality_best: -inf, coverage_best: (p=0, n=0, P=0, N=0), p_value: 0
2025-03-05 08:32:24,938 - INFO - Regula po iteracji 0: IF  THEN class = {19.51} [9.90, 29.12], (p=69, n=24, P=69, N=24)
2025-03-05 08:32:24,938 - INFO - *****STOP GROWING RR RULE*****
2025-03-05 08:32:24,938 - INFO - ***RR NOT FOUND***
2025-03-05 08:32:24,938 - INFO - *******STOP GROWING CR RULE*******
2025-03-05 08:32:24,939 - INFO - *******GROWING CR RULE*******
2025-03-05 08:32:24,988 - INFO - Iteracja 0: condition_best: Engine_size <= 1.25, quality_best: 1.0, coverage_best: (p=2, n=0, P=2, N=91)
2025-03-05 08:32:24,988 - INFO - Regula po iteracji 0: IF Engine_size <= 1.25 THEN class = {8.40} [8.40, 8.40], (p=2, n=0, P=2, N=91)
2025-03-05 08:32:24,988 - INFO - *****GROWING RR RULE*****
2025-03-05 08:32:25,087 - INFO - Iteracja 0: condition_best: None, quality_best: -inf, coverage_best: (p=0, n=0, P=0, N=0), p_value: 0
2025-03-05 08:32:25,088 - INFO - Regula po iteracji 0: IF  THEN class = {19.51} [9.90, 29.12], (p=69, n=24, P=69, N=24)
2025-03-05 08:32:25,088 - INFO - *****STOP GROWING RR RULE*****
2025-03-05 08:32:25,088 - INFO - ***RR NOT FOUND***
2025-03-05 08:32:25,090 - INFO - Iteracja 1: condition_best: Type = {Small}, quality_best: 1.0, coverage_best: (p=2, n=0, P=2, N=91)
2025-03-05 08:32:25,090 - INFO - Regula po iteracji 1: IF Engine_size <= 1.25 AND Type = {Small} THEN class = {8.40} [8.40, 8.40], (p=2, n=0, P=2, N=91)
2025-03-05 08:32:25,090 - INFO - *****GROWING RR RULE*****
2025-03-05 08:32:25,190 - INFO - Iteracja 0: condition_best: None, quality_best: -inf, coverage_best: (p=0, n=0, P=0, N=0), p_value: 0
2025-03-05 08:32:25,190 - INFO - Regula po iteracji 0: IF  THEN class = {19.51} [9.90, 29.12], (p=69, n=24, P=69, N=24)
2025-03-05 08:32:25,190 - INFO - *****STOP GROWING RR RULE*****
2025-03-05 08:32:25,190 - INFO - ***RR NOT FOUND***
2025-03-05 08:32:25,192 - INFO - Iteracja 2: condition_best: Air_Bags_standard = {0}, quality_best: 1.0, coverage_best: (p=2, n=0, P=2, N=91)
2025-03-05 08:32:25,192 - INFO - Regula po iteracji 2: IF Engine_size <= 1.25 AND Type = {Small} AND Air_Bags_standard = {0} THEN class = {8.40} [8.40, 8.40], (p=2, n=0, P=2, N=91)
2025-03-05 08:32:25,193 - INFO - *****GROWING RR RULE*****
2025-03-05 08:32:25,292 - INFO - Iteracja 0: condition_best: None, quality_best: -inf, coverage_best: (p=0, n=0, P=0, N=0), p_value: 0
2025-03-05 08:32:25,292 - INFO - Regula po iteracji 0: IF  THEN class = {19.51} [9.90, 29.12], (p=69, n=24, P=69, N=24)
2025-03-05 08:32:25,292 - INFO - *****STOP GROWING RR RULE*****
2025-03-05 08:32:25,292 - INFO - ***RR NOT FOUND***
2025-03-05 08:32:25,294 - INFO - Iteracja 3: condition_best: Manual_transmission_available = {1}, quality_best: 1.0, coverage_best: (p=2, n=0, P=2, N=91)
2025-03-05 08:32:25,294 - INFO - Regula po iteracji 3: IF Engine_size <= 1.25 AND Type = {Small} AND Air_Bags_standard = {0} AND Manual_transmission_available = {1} THEN class = {8.40} [8.40, 8.40], (p=2, n=0, P=2, N=91)
2025-03-05 08:32:25,295 - INFO - *****GROWING RR RULE*****
2025-03-05 08:32:25,395 - INFO - Iteracja 0: condition_best: None, quality_best: -inf, coverage_best: (p=0, n=0, P=0, N=0), p_value: 0
2025-03-05 08:32:25,395 - INFO - Regula po iteracji 0: IF  THEN class = {19.51} [9.90, 29.12], (p=69, n=24, P=69, N=24)
2025-03-05 08:32:25,395 - INFO - *****STOP GROWING RR RULE*****
2025-03-05 08:32:25,395 - INFO - ***RR NOT FOUND***
2025-03-05 08:32:25,397 - INFO - Iteracja 4: condition_best: Domestic = {0}, quality_best: 1.0, coverage_best: (p=2, n=0, P=2, N=91)
2025-03-05 08:32:25,397 - INFO - Regula po iteracji 4: IF Engine_size <= 1.25 AND Type = {Small} AND Air_Bags_standard = {0} AND Manual_transmission_available = {1} AND Domestic = {0} THEN class = {8.40} [8.40, 8.40], (p=2, n=0, P=2, N=91)
2025-03-05 08:32:25,397 - INFO - *****GROWING RR RULE*****
2025-03-05 08:32:25,497 - INFO - Iteracja 0: condition_best: None, quality_best: -inf, coverage_best: (p=0, n=0, P=0, N=0), p_value: 0
2025-03-05 08:32:25,497 - INFO - Regula po iteracji 0: IF  THEN class = {19.51} [9.90, 29.12], (p=69, n=24, P=69, N=24)
2025-03-05 08:32:25,497 - INFO - *****STOP GROWING RR RULE*****
2025-03-05 08:32:25,497 - INFO - ***RR NOT FOUND***
2025-03-05 08:32:25,497 - INFO - *******STOP GROWING CR RULE*******
2025-03-05 08:32:25,502 - INFO - ************************Finished experiment for auto93.arff with algorithm4************************
2025-03-05 08:32:25,502 - INFO - *************************************************************************************************************************
2025-03-05 08:32:25,502 - INFO - *************************************************************************************************************************
2025-03-05 08:32:25,502 - INFO - *************************************************************************************************************************
