2025-03-05 12:56:06,366 - INFO - **********Starting experiment for 17_uis.arff with algorithm3**********
2025-03-05 12:56:06,373 - INFO - *******GROWING CR RULE*******
2025-03-05 12:56:10,405 - INFO - Iteracja 0: condition_best: FRAC >= 0.09, quality_best: 1.0, coverage_best: (p=548, n=0, P=575, N=0)
2025-03-05 12:56:10,411 - INFO - Regula po iteracji 0: IF FRAC >= 0.09 THEN survival_status = {nan}, (p=548, n=0, P=575, N=0)
2025-03-05 12:56:10,411 - INFO - *****GROWING RR RULE*****
2025-03-05 12:56:21,489 - INFO - Iteracja 0: condition_best: None, quality_best: -inf, coverage_best: (p=0, n=0, P=0, N=0), p_value: 0
2025-03-05 12:56:21,493 - INFO - Regula po iteracji 0: IF  THEN survival_status = {nan}, (p=575, n=0, P=575, N=0)
2025-03-05 12:56:21,494 - INFO - *****STOP GROWING RR RULE*****
2025-03-05 12:56:21,494 - INFO - ***RR NOT FOUND***
2025-03-05 12:56:25,490 - INFO - Iteracja 1: condition_best: AGE >= 20.50, quality_best: 1.0, coverage_best: (p=547, n=0, P=575, N=0)
2025-03-05 12:56:25,496 - INFO - Regula po iteracji 1: IF FRAC >= 0.09 AND AGE >= 20.50 THEN survival_status = {180.0}, (p=547, n=0, P=575, N=0)
2025-03-05 12:56:25,496 - INFO - *****GROWING RR RULE*****
2025-03-05 12:56:36,578 - INFO - Iteracja 0: condition_best: None, quality_best: -inf, coverage_best: (p=0, n=0, P=0, N=0), p_value: 0
2025-03-05 12:56:36,583 - INFO - Regula po iteracji 0: IF  THEN survival_status = {nan}, (p=575, n=0, P=575, N=0)
2025-03-05 12:56:36,583 - INFO - *****STOP GROWING RR RULE*****
2025-03-05 12:56:36,583 - INFO - ***RR NOT FOUND***
2025-03-05 12:56:40,596 - INFO - Iteracja 2: condition_best: NDT <= 37.50, quality_best: 1.0, coverage_best: (p=546, n=0, P=575, N=0)
2025-03-05 12:56:40,602 - INFO - Regula po iteracji 2: IF FRAC >= 0.09 AND AGE >= 20.50 AND NDT <= 37.50 THEN survival_status = {180.0}, (p=546, n=0, P=575, N=0)
2025-03-05 12:56:40,602 - INFO - *****GROWING RR RULE*****
2025-03-05 12:56:51,668 - INFO - Iteracja 0: condition_best: None, quality_best: -inf, coverage_best: (p=0, n=0, P=0, N=0), p_value: 0
2025-03-05 12:56:51,673 - INFO - Regula po iteracji 0: IF  THEN survival_status = {nan}, (p=575, n=0, P=575, N=0)
2025-03-05 12:56:51,673 - INFO - *****STOP GROWING RR RULE*****
2025-03-05 12:56:51,673 - INFO - ***RR NOT FOUND***
2025-03-05 12:56:55,682 - INFO - Iteracja 3: condition_best: NDT <= 34.50, quality_best: 1.0, coverage_best: (p=545, n=0, P=575, N=0)
2025-03-05 12:56:55,689 - INFO - Regula po iteracji 3: IF FRAC >= 0.09 AND AGE >= 20.50 AND NDT <= 37.50 AND NDT <= 34.50 THEN survival_status = {181.0}, (p=545, n=0, P=575, N=0)
2025-03-05 12:56:55,689 - INFO - *****GROWING RR RULE*****
2025-03-05 12:57:06,768 - INFO - Iteracja 0: condition_best: None, quality_best: -inf, coverage_best: (p=0, n=0, P=0, N=0), p_value: 0
2025-03-05 12:57:06,773 - INFO - Regula po iteracji 0: IF  THEN survival_status = {nan}, (p=575, n=0, P=575, N=0)
2025-03-05 12:57:06,773 - INFO - *****STOP GROWING RR RULE*****
2025-03-05 12:57:06,773 - INFO - ***RR NOT FOUND***
2025-03-05 12:57:10,763 - INFO - Iteracja 4: condition_best: ND2 <= 0.37, quality_best: 1.0, coverage_best: (p=544, n=0, P=575, N=0)
2025-03-05 12:57:10,769 - INFO - Regula po iteracji 4: IF FRAC >= 0.09 AND AGE >= 20.50 AND NDT <= 37.50 AND NDT <= 34.50 AND ND2 <= 0.37 THEN survival_status = {181.0}, (p=544, n=0, P=575, N=0)
2025-03-05 12:57:10,769 - INFO - *****GROWING RR RULE*****
2025-03-05 12:57:21,782 - INFO - Iteracja 0: condition_best: None, quality_best: -inf, coverage_best: (p=0, n=0, P=0, N=0), p_value: 0
2025-03-05 12:57:21,787 - INFO - Regula po iteracji 0: IF  THEN survival_status = {nan}, (p=575, n=0, P=575, N=0)
2025-03-05 12:57:21,787 - INFO - *****STOP GROWING RR RULE*****
2025-03-05 12:57:21,787 - INFO - ***RR NOT FOUND***
2025-03-05 12:57:21,787 - INFO - *******STOP GROWING CR RULE*******
2025-03-05 12:57:21,795 - INFO - *******GROWING CR RULE*******
2025-03-05 12:57:24,153 - INFO - Iteracja 0: condition_best: FRAC <= 0.94, quality_best: 1.0, coverage_best: (p=348, n=0, P=575, N=0)
2025-03-05 12:57:24,158 - INFO - Regula po iteracji 0: IF FRAC <= 0.94 THEN survival_status = {nan}, (p=348, n=0, P=575, N=0)
2025-03-05 12:57:24,159 - INFO - *****GROWING RR RULE*****
2025-03-05 12:57:33,990 - INFO - Iteracja 0: condition_best: NDT >= 5.50, quality_best: 1.0, coverage_best: (p=159, n=0, P=575, N=0), p_value: 0.491
2025-03-05 12:57:33,997 - INFO - Regula po iteracji 0: IF NDT >= 5.50 THEN survival_status = {nan}, (p=159, n=0, P=575, N=0)
2025-03-05 12:57:39,725 - INFO - Iteracja 1: condition_best: FRAC <= 1.56, quality_best: 1.0, coverage_best: (p=144, n=0, P=575, N=0), p_value: 0.993
2025-03-05 12:57:39,731 - INFO - Regula po iteracji 1: IF NDT >= 5.50 AND FRAC <= 1.56 THEN survival_status = {133.0}, (p=144, n=0, P=575, N=0)
2025-03-05 12:57:45,113 - INFO - Iteracja 2: condition_best: None, quality_best: -inf, coverage_best: (p=0, n=0, P=0, N=0), p_value: 0.993
2025-03-05 12:57:45,119 - INFO - Regula po iteracji 2: IF NDT >= 5.50 AND FRAC <= 1.56 THEN survival_status = {121.0}, (p=144, n=0, P=575, N=0)
2025-03-05 12:57:45,119 - INFO - *****STOP GROWING RR RULE*****
2025-03-05 12:57:45,119 - INFO - ***RR FOUND***
2025-03-05 12:57:45,119 - INFO - Reference rule: IF NDT >= 5.50 AND FRAC <= 1.56 THEN survival_status = {121.0}
2025-03-05 12:57:45,119 - INFO - ***CHECKING EXCEPTION***
2025-03-05 12:57:45,122 - INFO - ER vs CR p_value: 0.019252548594922092
2025-03-05 12:57:45,122 - INFO - ER vs RR p_value: 0.04238450253924542
2025-03-05 12:57:45,142 - INFO - ***ER FOUND***
2025-03-05 12:57:45,142 - INFO - Exception rule: IF FRAC <= 0.94 AND NDT >= 5.50 AND FRAC <= 1.56 THEN survival_status = {80.0} (p=100, n=0, P=575, N=0)
2025-03-05 12:57:45,142 - INFO - *******STOP GROWING CR RULE*******
2025-03-05 12:57:45,147 - INFO - *******GROWING CR RULE*******
2025-03-05 12:57:47,427 - INFO - Iteracja 0: condition_best: FRAC >= 0.09, quality_best: 1.0, coverage_best: (p=548, n=0, P=575, N=0)
2025-03-05 12:57:47,433 - INFO - Regula po iteracji 0: IF FRAC >= 0.09 THEN survival_status = {nan}, (p=548, n=0, P=575, N=0)
2025-03-05 12:57:47,433 - INFO - *****GROWING RR RULE*****
2025-03-05 12:57:58,508 - INFO - Iteracja 0: condition_best: None, quality_best: -inf, coverage_best: (p=0, n=0, P=0, N=0), p_value: 0
2025-03-05 12:57:58,513 - INFO - Regula po iteracji 0: IF  THEN survival_status = {nan}, (p=575, n=0, P=575, N=0)
2025-03-05 12:57:58,513 - INFO - *****STOP GROWING RR RULE*****
2025-03-05 12:57:58,513 - INFO - ***RR NOT FOUND***
2025-03-05 12:58:00,827 - INFO - Iteracja 1: condition_best: AGE >= 20.50, quality_best: 1.0, coverage_best: (p=547, n=0, P=575, N=0)
2025-03-05 12:58:00,833 - INFO - Regula po iteracji 1: IF FRAC >= 0.09 AND AGE >= 20.50 THEN survival_status = {180.0}, (p=547, n=0, P=575, N=0)
2025-03-05 12:58:00,834 - INFO - *****GROWING RR RULE*****
2025-03-05 12:58:11,914 - INFO - Iteracja 0: condition_best: None, quality_best: -inf, coverage_best: (p=0, n=0, P=0, N=0), p_value: 0
2025-03-05 12:58:11,917 - INFO - Regula po iteracji 0: IF  THEN survival_status = {nan}, (p=575, n=0, P=575, N=0)
2025-03-05 12:58:11,917 - INFO - *****STOP GROWING RR RULE*****
2025-03-05 12:58:11,917 - INFO - ***RR NOT FOUND***
2025-03-05 12:58:14,274 - INFO - Iteracja 2: condition_best: NDT <= 37.50, quality_best: 1.0, coverage_best: (p=546, n=0, P=575, N=0)
2025-03-05 12:58:14,280 - INFO - Regula po iteracji 2: IF FRAC >= 0.09 AND AGE >= 20.50 AND NDT <= 37.50 THEN survival_status = {180.0}, (p=546, n=0, P=575, N=0)
2025-03-05 12:58:14,280 - INFO - *****GROWING RR RULE*****
2025-03-05 12:58:25,338 - INFO - Iteracja 0: condition_best: None, quality_best: -inf, coverage_best: (p=0, n=0, P=0, N=0), p_value: 0
2025-03-05 12:58:25,342 - INFO - Regula po iteracji 0: IF  THEN survival_status = {nan}, (p=575, n=0, P=575, N=0)
2025-03-05 12:58:25,342 - INFO - *****STOP GROWING RR RULE*****
2025-03-05 12:58:25,342 - INFO - ***RR NOT FOUND***
2025-03-05 12:58:27,715 - INFO - Iteracja 3: condition_best: NDT <= 34.50, quality_best: 1.0, coverage_best: (p=545, n=0, P=575, N=0)
2025-03-05 12:58:27,720 - INFO - Regula po iteracji 3: IF FRAC >= 0.09 AND AGE >= 20.50 AND NDT <= 37.50 AND NDT <= 34.50 THEN survival_status = {181.0}, (p=545, n=0, P=575, N=0)
2025-03-05 12:58:27,721 - INFO - *****GROWING RR RULE*****
2025-03-05 12:58:38,772 - INFO - Iteracja 0: condition_best: None, quality_best: -inf, coverage_best: (p=0, n=0, P=0, N=0), p_value: 0
2025-03-05 12:58:38,777 - INFO - Regula po iteracji 0: IF  THEN survival_status = {nan}, (p=575, n=0, P=575, N=0)
2025-03-05 12:58:38,777 - INFO - *****STOP GROWING RR RULE*****
2025-03-05 12:58:38,777 - INFO - ***RR NOT FOUND***
2025-03-05 12:58:41,157 - INFO - Iteracja 4: condition_best: ND2 <= 0.37, quality_best: 1.0, coverage_best: (p=544, n=0, P=575, N=0)
2025-03-05 12:58:41,163 - INFO - Regula po iteracji 4: IF FRAC >= 0.09 AND AGE >= 20.50 AND NDT <= 37.50 AND NDT <= 34.50 AND ND2 <= 0.37 THEN survival_status = {181.0}, (p=544, n=0, P=575, N=0)
2025-03-05 12:58:41,163 - INFO - *****GROWING RR RULE*****
2025-03-05 12:58:52,192 - INFO - Iteracja 0: condition_best: None, quality_best: -inf, coverage_best: (p=0, n=0, P=0, N=0), p_value: 0
2025-03-05 12:58:52,195 - INFO - Regula po iteracji 0: IF  THEN survival_status = {nan}, (p=575, n=0, P=575, N=0)
2025-03-05 12:58:52,195 - INFO - *****STOP GROWING RR RULE*****
2025-03-05 12:58:52,195 - INFO - ***RR NOT FOUND***
2025-03-05 12:58:52,195 - INFO - *******STOP GROWING CR RULE*******
2025-03-05 12:58:52,338 - INFO - ************************Finished experiment for 17_uis.arff with algorithm3************************
2025-03-05 12:58:52,338 - INFO - *************************************************************************************************************************
2025-03-05 12:58:52,338 - INFO - *************************************************************************************************************************
2025-03-05 12:58:52,338 - INFO - *************************************************************************************************************************
2025-03-05 12:58:52,339 - INFO - **********Starting experiment for 17_uis.arff with algorithm4**********
2025-03-05 12:58:52,347 - INFO - *******GROWING CR RULE*******
2025-03-05 12:58:56,374 - INFO - Iteracja 0: condition_best: FRAC >= 0.09, quality_best: 1.0, coverage_best: (p=548, n=0, P=575, N=0)
2025-03-05 12:58:56,380 - INFO - Regula po iteracji 0: IF FRAC >= 0.09 THEN survival_status = {nan}, (p=548, n=0, P=575, N=0)
2025-03-05 12:58:56,380 - INFO - *****GROWING RR RULE*****
2025-03-05 12:59:11,273 - INFO - Iteracja 0: condition_best: None, quality_best: -inf, coverage_best: (p=0, n=0, P=0, N=0), p_value: 0
2025-03-05 12:59:11,277 - INFO - Regula po iteracji 0: IF  THEN survival_status = {nan}, (p=575, n=0, P=575, N=0)
2025-03-05 12:59:11,277 - INFO - *****STOP GROWING RR RULE*****
2025-03-05 12:59:11,277 - INFO - ***RR NOT FOUND***
2025-03-05 12:59:15,279 - INFO - Iteracja 1: condition_best: AGE >= 20.50, quality_best: 1.0, coverage_best: (p=547, n=0, P=575, N=0)
2025-03-05 12:59:15,285 - INFO - Regula po iteracji 1: IF FRAC >= 0.09 AND AGE >= 20.50 THEN survival_status = {180.0}, (p=547, n=0, P=575, N=0)
2025-03-05 12:59:15,285 - INFO - *****GROWING RR RULE*****
2025-03-05 12:59:30,178 - INFO - Iteracja 0: condition_best: None, quality_best: -inf, coverage_best: (p=0, n=0, P=0, N=0), p_value: 0
2025-03-05 12:59:30,182 - INFO - Regula po iteracji 0: IF  THEN survival_status = {nan}, (p=575, n=0, P=575, N=0)
2025-03-05 12:59:30,182 - INFO - *****STOP GROWING RR RULE*****
2025-03-05 12:59:30,182 - INFO - ***RR NOT FOUND***
2025-03-05 12:59:34,196 - INFO - Iteracja 2: condition_best: NDT <= 37.50, quality_best: 1.0, coverage_best: (p=546, n=0, P=575, N=0)
2025-03-05 12:59:34,201 - INFO - Regula po iteracji 2: IF FRAC >= 0.09 AND AGE >= 20.50 AND NDT <= 37.50 THEN survival_status = {180.0}, (p=546, n=0, P=575, N=0)
2025-03-05 12:59:34,201 - INFO - *****GROWING RR RULE*****
2025-03-05 12:59:49,070 - INFO - Iteracja 0: condition_best: None, quality_best: -inf, coverage_best: (p=0, n=0, P=0, N=0), p_value: 0
2025-03-05 12:59:49,074 - INFO - Regula po iteracji 0: IF  THEN survival_status = {nan}, (p=575, n=0, P=575, N=0)
2025-03-05 12:59:49,074 - INFO - *****STOP GROWING RR RULE*****
2025-03-05 12:59:49,074 - INFO - ***RR NOT FOUND***
2025-03-05 12:59:53,089 - INFO - Iteracja 3: condition_best: NDT <= 34.50, quality_best: 1.0, coverage_best: (p=545, n=0, P=575, N=0)
2025-03-05 12:59:53,094 - INFO - Regula po iteracji 3: IF FRAC >= 0.09 AND AGE >= 20.50 AND NDT <= 37.50 AND NDT <= 34.50 THEN survival_status = {181.0}, (p=545, n=0, P=575, N=0)
2025-03-05 12:59:53,095 - INFO - *****GROWING RR RULE*****
2025-03-05 13:00:07,934 - INFO - Iteracja 0: condition_best: None, quality_best: -inf, coverage_best: (p=0, n=0, P=0, N=0), p_value: 0
2025-03-05 13:00:07,938 - INFO - Regula po iteracji 0: IF  THEN survival_status = {nan}, (p=575, n=0, P=575, N=0)
2025-03-05 13:00:07,938 - INFO - *****STOP GROWING RR RULE*****
2025-03-05 13:00:07,938 - INFO - ***RR NOT FOUND***
2025-03-05 13:00:11,964 - INFO - Iteracja 4: condition_best: ND2 <= 0.37, quality_best: 1.0, coverage_best: (p=544, n=0, P=575, N=0)
2025-03-05 13:00:11,970 - INFO - Regula po iteracji 4: IF FRAC >= 0.09 AND AGE >= 20.50 AND NDT <= 37.50 AND NDT <= 34.50 AND ND2 <= 0.37 THEN survival_status = {181.0}, (p=544, n=0, P=575, N=0)
2025-03-05 13:00:11,970 - INFO - *****GROWING RR RULE*****
2025-03-05 13:00:26,813 - INFO - Iteracja 0: condition_best: None, quality_best: -inf, coverage_best: (p=0, n=0, P=0, N=0), p_value: 0
2025-03-05 13:00:26,817 - INFO - Regula po iteracji 0: IF  THEN survival_status = {nan}, (p=575, n=0, P=575, N=0)
2025-03-05 13:00:26,817 - INFO - *****STOP GROWING RR RULE*****
2025-03-05 13:00:26,817 - INFO - ***RR NOT FOUND***
2025-03-05 13:00:26,817 - INFO - *******STOP GROWING CR RULE*******
2025-03-05 13:00:26,824 - INFO - *******GROWING CR RULE*******
2025-03-05 13:00:29,205 - INFO - Iteracja 0: condition_best: FRAC <= 0.94, quality_best: 1.0, coverage_best: (p=348, n=0, P=575, N=0)
2025-03-05 13:00:29,211 - INFO - Regula po iteracji 0: IF FRAC <= 0.94 THEN survival_status = {nan}, (p=348, n=0, P=575, N=0)
2025-03-05 13:00:29,211 - INFO - *****GROWING RR RULE*****
2025-03-05 13:00:42,569 - INFO - Iteracja 0: condition_best: None, quality_best: -inf, coverage_best: (p=0, n=0, P=0, N=0), p_value: 0
2025-03-05 13:00:42,573 - INFO - Regula po iteracji 0: IF  THEN survival_status = {nan}, (p=575, n=0, P=575, N=0)
2025-03-05 13:00:42,573 - INFO - *****STOP GROWING RR RULE*****
2025-03-05 13:00:42,573 - INFO - ***RR NOT FOUND***
2025-03-05 13:00:44,468 - INFO - Iteracja 1: condition_best: AGE <= 50.50, quality_best: 1.0, coverage_best: (p=347, n=0, P=575, N=0)
2025-03-05 13:00:44,473 - INFO - Regula po iteracji 1: IF FRAC <= 0.94 AND AGE <= 50.50 THEN survival_status = {106.0}, (p=347, n=0, P=575, N=0)
2025-03-05 13:00:44,473 - INFO - *****GROWING RR RULE*****
2025-03-05 13:00:57,792 - INFO - Iteracja 0: condition_best: None, quality_best: -inf, coverage_best: (p=0, n=0, P=0, N=0), p_value: 0
2025-03-05 13:00:57,796 - INFO - Regula po iteracji 0: IF  THEN survival_status = {nan}, (p=575, n=0, P=575, N=0)
2025-03-05 13:00:57,796 - INFO - *****STOP GROWING RR RULE*****
2025-03-05 13:00:57,796 - INFO - ***RR NOT FOUND***
2025-03-05 13:00:59,714 - INFO - Iteracja 2: condition_best: AGE <= 47.00, quality_best: 1.0, coverage_best: (p=346, n=0, P=575, N=0)
2025-03-05 13:00:59,720 - INFO - Regula po iteracji 2: IF FRAC <= 0.94 AND AGE <= 50.50 AND AGE <= 47.00 THEN survival_status = {106.0}, (p=346, n=0, P=575, N=0)
2025-03-05 13:00:59,720 - INFO - *****GROWING RR RULE*****
2025-03-05 13:01:13,056 - INFO - Iteracja 0: condition_best: None, quality_best: -inf, coverage_best: (p=0, n=0, P=0, N=0), p_value: 0
2025-03-05 13:01:13,060 - INFO - Regula po iteracji 0: IF  THEN survival_status = {nan}, (p=575, n=0, P=575, N=0)
2025-03-05 13:01:13,060 - INFO - *****STOP GROWING RR RULE*****
2025-03-05 13:01:13,060 - INFO - ***RR NOT FOUND***
2025-03-05 13:01:15,006 - INFO - Iteracja 3: condition_best: AGE >= 20.50, quality_best: 1.0, coverage_best: (p=345, n=0, P=575, N=0)
2025-03-05 13:01:15,012 - INFO - Regula po iteracji 3: IF FRAC <= 0.94 AND AGE <= 50.50 AND AGE <= 47.00 AND AGE >= 20.50 THEN survival_status = {106.0}, (p=345, n=0, P=575, N=0)
2025-03-05 13:01:15,012 - INFO - *****GROWING RR RULE*****
2025-03-05 13:01:28,326 - INFO - Iteracja 0: condition_best: None, quality_best: -inf, coverage_best: (p=0, n=0, P=0, N=0), p_value: 0
2025-03-05 13:01:28,329 - INFO - Regula po iteracji 0: IF  THEN survival_status = {nan}, (p=575, n=0, P=575, N=0)
2025-03-05 13:01:28,329 - INFO - *****STOP GROWING RR RULE*****
2025-03-05 13:01:28,329 - INFO - ***RR NOT FOUND***
2025-03-05 13:01:30,293 - INFO - Iteracja 4: condition_best: BECK <= 48.50, quality_best: 1.0, coverage_best: (p=344, n=0, P=575, N=0)
2025-03-05 13:01:30,299 - INFO - Regula po iteracji 4: IF FRAC <= 0.94 AND AGE <= 50.50 AND AGE <= 47.00 AND AGE >= 20.50 AND BECK <= 48.50 THEN survival_status = {106.0}, (p=344, n=0, P=575, N=0)
2025-03-05 13:01:30,299 - INFO - *****GROWING RR RULE*****
2025-03-05 13:01:43,576 - INFO - Iteracja 0: condition_best: None, quality_best: -inf, coverage_best: (p=0, n=0, P=0, N=0), p_value: 0
2025-03-05 13:01:43,579 - INFO - Regula po iteracji 0: IF  THEN survival_status = {nan}, (p=575, n=0, P=575, N=0)
2025-03-05 13:01:43,580 - INFO - *****STOP GROWING RR RULE*****
2025-03-05 13:01:43,580 - INFO - ***RR NOT FOUND***
2025-03-05 13:01:43,580 - INFO - *******STOP GROWING CR RULE*******
2025-03-05 13:01:43,585 - INFO - *******GROWING CR RULE*******
2025-03-05 13:01:45,871 - INFO - Iteracja 0: condition_best: FRAC >= 0.09, quality_best: 1.0, coverage_best: (p=548, n=0, P=575, N=0)
2025-03-05 13:01:45,876 - INFO - Regula po iteracji 0: IF FRAC >= 0.09 THEN survival_status = {nan}, (p=548, n=0, P=575, N=0)
2025-03-05 13:01:45,876 - INFO - *****GROWING RR RULE*****
2025-03-05 13:02:00,773 - INFO - Iteracja 0: condition_best: None, quality_best: -inf, coverage_best: (p=0, n=0, P=0, N=0), p_value: 0
2025-03-05 13:02:00,776 - INFO - Regula po iteracji 0: IF  THEN survival_status = {nan}, (p=575, n=0, P=575, N=0)
2025-03-05 13:02:00,776 - INFO - *****STOP GROWING RR RULE*****
2025-03-05 13:02:00,777 - INFO - ***RR NOT FOUND***
2025-03-05 13:02:03,099 - INFO - Iteracja 1: condition_best: AGE >= 20.50, quality_best: 1.0, coverage_best: (p=547, n=0, P=575, N=0)
2025-03-05 13:02:03,105 - INFO - Regula po iteracji 1: IF FRAC >= 0.09 AND AGE >= 20.50 THEN survival_status = {180.0}, (p=547, n=0, P=575, N=0)
2025-03-05 13:02:03,105 - INFO - *****GROWING RR RULE*****
2025-03-05 13:02:17,986 - INFO - Iteracja 0: condition_best: None, quality_best: -inf, coverage_best: (p=0, n=0, P=0, N=0), p_value: 0
2025-03-05 13:02:17,989 - INFO - Regula po iteracji 0: IF  THEN survival_status = {nan}, (p=575, n=0, P=575, N=0)
2025-03-05 13:02:17,989 - INFO - *****STOP GROWING RR RULE*****
2025-03-05 13:02:17,989 - INFO - ***RR NOT FOUND***
2025-03-05 13:02:20,347 - INFO - Iteracja 2: condition_best: NDT <= 37.50, quality_best: 1.0, coverage_best: (p=546, n=0, P=575, N=0)
2025-03-05 13:02:20,352 - INFO - Regula po iteracji 2: IF FRAC >= 0.09 AND AGE >= 20.50 AND NDT <= 37.50 THEN survival_status = {180.0}, (p=546, n=0, P=575, N=0)
2025-03-05 13:02:20,352 - INFO - *****GROWING RR RULE*****
2025-03-05 13:02:35,213 - INFO - Iteracja 0: condition_best: None, quality_best: -inf, coverage_best: (p=0, n=0, P=0, N=0), p_value: 0
2025-03-05 13:02:35,216 - INFO - Regula po iteracji 0: IF  THEN survival_status = {nan}, (p=575, n=0, P=575, N=0)
2025-03-05 13:02:35,216 - INFO - *****STOP GROWING RR RULE*****
2025-03-05 13:02:35,216 - INFO - ***RR NOT FOUND***
2025-03-05 13:02:37,594 - INFO - Iteracja 3: condition_best: NDT <= 34.50, quality_best: 1.0, coverage_best: (p=545, n=0, P=575, N=0)
2025-03-05 13:02:37,599 - INFO - Regula po iteracji 3: IF FRAC >= 0.09 AND AGE >= 20.50 AND NDT <= 37.50 AND NDT <= 34.50 THEN survival_status = {181.0}, (p=545, n=0, P=575, N=0)
2025-03-05 13:02:37,600 - INFO - *****GROWING RR RULE*****
2025-03-05 13:02:52,482 - INFO - Iteracja 0: condition_best: None, quality_best: -inf, coverage_best: (p=0, n=0, P=0, N=0), p_value: 0
2025-03-05 13:02:52,486 - INFO - Regula po iteracji 0: IF  THEN survival_status = {nan}, (p=575, n=0, P=575, N=0)
2025-03-05 13:02:52,486 - INFO - *****STOP GROWING RR RULE*****
2025-03-05 13:02:52,486 - INFO - ***RR NOT FOUND***
2025-03-05 13:02:54,882 - INFO - Iteracja 4: condition_best: ND2 <= 0.37, quality_best: 1.0, coverage_best: (p=544, n=0, P=575, N=0)
2025-03-05 13:02:54,889 - INFO - Regula po iteracji 4: IF FRAC >= 0.09 AND AGE >= 20.50 AND NDT <= 37.50 AND NDT <= 34.50 AND ND2 <= 0.37 THEN survival_status = {181.0}, (p=544, n=0, P=575, N=0)
2025-03-05 13:02:54,889 - INFO - *****GROWING RR RULE*****
2025-03-05 13:03:09,752 - INFO - Iteracja 0: condition_best: None, quality_best: -inf, coverage_best: (p=0, n=0, P=0, N=0), p_value: 0
2025-03-05 13:03:09,756 - INFO - Regula po iteracji 0: IF  THEN survival_status = {nan}, (p=575, n=0, P=575, N=0)
2025-03-05 13:03:09,756 - INFO - *****STOP GROWING RR RULE*****
2025-03-05 13:03:09,756 - INFO - ***RR NOT FOUND***
2025-03-05 13:03:09,756 - INFO - *******STOP GROWING CR RULE*******
2025-03-05 13:03:09,772 - INFO - ************************Finished experiment for 17_uis.arff with algorithm4************************
2025-03-05 13:03:09,772 - INFO - *************************************************************************************************************************
2025-03-05 13:03:09,772 - INFO - *************************************************************************************************************************
2025-03-05 13:03:09,772 - INFO - *************************************************************************************************************************
