2025-03-05 17:49:25,274 - INFO - **********Starting experiment for pollution.arff with algorithm3**********
2025-03-05 17:49:25,277 - INFO - *******GROWING CR RULE*******
2025-03-05 17:49:25,348 - INFO - Iteracja 0: condition_best: NONW >= 14.20, quality_best: 0.514, coverage_best: (p=15, n=3, P=29, N=31)
2025-03-05 17:49:25,348 - INFO - Regula po iteracji 0: IF NONW >= 14.20 THEN class = {992.59} [939.78, 1,045.40], (p=15, n=3, P=29, N=31)
2025-03-05 17:49:25,349 - INFO - *****GROWING RR RULE*****
2025-03-05 17:49:27,141 - INFO - Iteracja 0: condition_best: None, quality_best: -inf, coverage_best: (p=0, n=0, P=0, N=0), p_value: 0
2025-03-05 17:49:27,142 - INFO - Regula po iteracji 0: IF  THEN class = {940.36} [878.67, 1,002.04], (p=40, n=20, P=40, N=20)
2025-03-05 17:49:27,142 - INFO - *****STOP GROWING RR RULE*****
2025-03-05 17:49:27,142 - INFO - ***RR NOT FOUND***
2025-03-05 17:49:27,164 - INFO - Iteracja 1: condition_best: PREC <= 53.50, quality_best: 0.586, coverage_best: (p=15, n=2, P=29, N=31)
2025-03-05 17:49:27,165 - INFO - Regula po iteracji 1: IF NONW >= 14.20 AND PREC <= 53.50 THEN class = {985.50} [940.25, 1,030.74], (p=15, n=2, P=29, N=31)
2025-03-05 17:49:27,165 - INFO - *****GROWING RR RULE*****
2025-03-05 17:49:28,957 - INFO - Iteracja 0: condition_best: None, quality_best: -inf, coverage_best: (p=0, n=0, P=0, N=0), p_value: 0
2025-03-05 17:49:28,957 - INFO - Regula po iteracji 0: IF  THEN class = {940.36} [878.67, 1,002.04], (p=40, n=20, P=40, N=20)
2025-03-05 17:49:28,957 - INFO - *****STOP GROWING RR RULE*****
2025-03-05 17:49:28,957 - INFO - ***RR NOT FOUND***
2025-03-05 17:49:28,977 - INFO - Iteracja 2: condition_best: JANT <= 50.50, quality_best: 0.574, coverage_best: (p=14, n=2, P=28, N=32)
2025-03-05 17:49:28,977 - INFO - Regula po iteracji 2: IF NONW >= 14.20 AND PREC <= 53.50 AND JANT <= 50.50 THEN class = {987.56} [941.70, 1,033.42], (p=14, n=2, P=28, N=32)
2025-03-05 17:49:28,977 - INFO - *****GROWING RR RULE*****
2025-03-05 17:49:30,762 - INFO - Iteracja 0: condition_best: None, quality_best: -inf, coverage_best: (p=0, n=0, P=0, N=0), p_value: 0
2025-03-05 17:49:30,762 - INFO - Regula po iteracji 0: IF  THEN class = {940.36} [878.67, 1,002.04], (p=40, n=20, P=40, N=20)
2025-03-05 17:49:30,762 - INFO - *****STOP GROWING RR RULE*****
2025-03-05 17:49:30,762 - INFO - ***RR NOT FOUND***
2025-03-05 17:49:30,781 - INFO - Iteracja 3: condition_best: PREC >= 32.00, quality_best: 0.549, coverage_best: (p=13, n=2, P=28, N=32)
2025-03-05 17:49:30,781 - INFO - Regula po iteracji 3: IF NONW >= 14.20 AND PREC <= 53.50 AND JANT <= 50.50 AND PREC >= 32.00 THEN class = {989.45} [942.69, 1,036.20], (p=13, n=2, P=28, N=32)
2025-03-05 17:49:30,781 - INFO - *****GROWING RR RULE*****
2025-03-05 17:49:32,565 - INFO - Iteracja 0: condition_best: None, quality_best: -inf, coverage_best: (p=0, n=0, P=0, N=0), p_value: 0
2025-03-05 17:49:32,565 - INFO - Regula po iteracji 0: IF  THEN class = {940.36} [878.67, 1,002.04], (p=40, n=20, P=40, N=20)
2025-03-05 17:49:32,565 - INFO - *****STOP GROWING RR RULE*****
2025-03-05 17:49:32,565 - INFO - ***RR NOT FOUND***
2025-03-05 17:49:32,583 - INFO - Iteracja 4: condition_best: EDUC >= 10.15, quality_best: 0.554, coverage_best: (p=10, n=1, P=29, N=31)
2025-03-05 17:49:32,583 - INFO - Regula po iteracji 4: IF NONW >= 14.20 AND PREC <= 53.50 AND JANT <= 50.50 AND PREC >= 32.00 AND EDUC >= 10.15 THEN class = {985.29} [939.55, 1,031.03], (p=10, n=1, P=29, N=31)
2025-03-05 17:49:32,583 - INFO - *****GROWING RR RULE*****
2025-03-05 17:49:34,362 - INFO - Iteracja 0: condition_best: None, quality_best: -inf, coverage_best: (p=0, n=0, P=0, N=0), p_value: 0
2025-03-05 17:49:34,362 - INFO - Regula po iteracji 0: IF  THEN class = {940.36} [878.67, 1,002.04], (p=40, n=20, P=40, N=20)
2025-03-05 17:49:34,362 - INFO - *****STOP GROWING RR RULE*****
2025-03-05 17:49:34,363 - INFO - ***RR NOT FOUND***
2025-03-05 17:49:34,363 - INFO - *******STOP GROWING CR RULE*******
2025-03-05 17:49:34,364 - INFO - *******GROWING CR RULE*******
2025-03-05 17:49:34,417 - INFO - Iteracja 0: condition_best: PREC <= 29.00, quality_best: 0.493, coverage_best: (p=5, n=2, P=10, N=50)
2025-03-05 17:49:34,417 - INFO - Regula po iteracji 0: IF PREC <= 29.00 THEN class = {851.02} [815.61, 886.43], (p=5, n=2, P=10, N=50)
2025-03-05 17:49:34,417 - INFO - *****GROWING RR RULE*****
2025-03-05 17:49:36,151 - INFO - Iteracja 0: condition_best: None, quality_best: -inf, coverage_best: (p=0, n=0, P=0, N=0), p_value: 0
2025-03-05 17:49:36,151 - INFO - Regula po iteracji 0: IF  THEN class = {940.36} [878.67, 1,002.04], (p=40, n=20, P=40, N=20)
2025-03-05 17:49:36,152 - INFO - *****STOP GROWING RR RULE*****
2025-03-05 17:49:36,152 - INFO - ***RR NOT FOUND***
2025-03-05 17:49:36,161 - INFO - Iteracja 1: condition_best: JULT >= 65.50, quality_best: 0.489, coverage_best: (p=4, n=2, P=7, N=53)
2025-03-05 17:49:36,161 - INFO - Regula po iteracji 1: IF PREC <= 29.00 AND JULT >= 65.50 THEN class = {840.90} [813.57, 868.24], (p=4, n=2, P=7, N=53)
2025-03-05 17:49:36,161 - INFO - *****GROWING RR RULE*****
2025-03-05 17:49:37,893 - INFO - Iteracja 0: condition_best: None, quality_best: -inf, coverage_best: (p=0, n=0, P=0, N=0), p_value: 0
2025-03-05 17:49:37,893 - INFO - Regula po iteracji 0: IF  THEN class = {940.36} [878.67, 1,002.04], (p=40, n=20, P=40, N=20)
2025-03-05 17:49:37,893 - INFO - *****STOP GROWING RR RULE*****
2025-03-05 17:49:37,893 - INFO - ***RR NOT FOUND***
2025-03-05 17:49:37,900 - INFO - Iteracja 2: condition_best: PREC <= 26.50, quality_best: 0.552, coverage_best: (p=4, n=1, P=9, N=51)
2025-03-05 17:49:37,900 - INFO - Regula po iteracji 2: IF PREC <= 29.00 AND JULT >= 65.50 AND PREC <= 26.50 THEN class = {844.33} [815.59, 873.07], (p=4, n=1, P=9, N=51)
2025-03-05 17:49:37,900 - INFO - *****GROWING RR RULE*****
2025-03-05 17:49:39,614 - INFO - Iteracja 0: condition_best: None, quality_best: -inf, coverage_best: (p=0, n=0, P=0, N=0), p_value: 0
2025-03-05 17:49:39,614 - INFO - Regula po iteracji 0: IF  THEN class = {940.36} [878.67, 1,002.04], (p=40, n=20, P=40, N=20)
2025-03-05 17:49:39,614 - INFO - *****STOP GROWING RR RULE*****
2025-03-05 17:49:39,614 - INFO - ***RR NOT FOUND***
2025-03-05 17:49:39,620 - INFO - Iteracja 3: condition_best: None, quality_best: -inf, coverage_best: (p=0, n=0, P=0, N=0)
2025-03-05 17:49:39,620 - INFO - Regula po iteracji 3: IF PREC <= 29.00 AND JULT >= 65.50 AND PREC <= 26.50 THEN class = {844.33} [815.59, 873.07], (p=4, n=1, P=9, N=51)
2025-03-05 17:49:39,620 - INFO - *******STOP GROWING CR RULE*******
2025-03-05 17:49:39,621 - INFO - *******GROWING CR RULE*******
2025-03-05 17:49:39,674 - INFO - Iteracja 0: condition_best: NOX <= 3.50, quality_best: 0.478, coverage_best: (p=8, n=2, P=21, N=39)
2025-03-05 17:49:39,674 - INFO - Regula po iteracji 0: IF NOX <= 3.50 THEN class = {889.81} [851.51, 928.10], (p=8, n=2, P=21, N=39)
2025-03-05 17:49:39,675 - INFO - *****GROWING RR RULE*****
2025-03-05 17:49:41,442 - INFO - Iteracja 0: condition_best: None, quality_best: -inf, coverage_best: (p=0, n=0, P=0, N=0), p_value: 0
2025-03-05 17:49:41,442 - INFO - Regula po iteracji 0: IF  THEN class = {940.36} [878.67, 1,002.04], (p=40, n=20, P=40, N=20)
2025-03-05 17:49:41,442 - INFO - *****STOP GROWING RR RULE*****
2025-03-05 17:49:41,442 - INFO - ***RR NOT FOUND***
2025-03-05 17:49:41,453 - INFO - Iteracja 1: condition_best: EDUC >= 10.65, quality_best: 0.481, coverage_best: (p=6, n=2, P=14, N=46)
2025-03-05 17:49:41,454 - INFO - Regula po iteracji 1: IF NOX <= 3.50 AND EDUC >= 10.65 THEN class = {876.84} [848.99, 904.70], (p=6, n=2, P=14, N=46)
2025-03-05 17:49:41,454 - INFO - *****GROWING RR RULE*****
2025-03-05 17:49:43,198 - INFO - Iteracja 0: condition_best: None, quality_best: -inf, coverage_best: (p=0, n=0, P=0, N=0), p_value: 0
2025-03-05 17:49:43,198 - INFO - Regula po iteracji 0: IF  THEN class = {940.36} [878.67, 1,002.04], (p=40, n=20, P=40, N=20)
2025-03-05 17:49:43,198 - INFO - *****STOP GROWING RR RULE*****
2025-03-05 17:49:43,198 - INFO - ***RR NOT FOUND***
2025-03-05 17:49:43,206 - INFO - Iteracja 2: condition_best: PREC <= 45.50, quality_best: 0.579, coverage_best: (p=5, n=1, P=11, N=49)
2025-03-05 17:49:43,206 - INFO - Regula po iteracji 2: IF NOX <= 3.50 AND EDUC >= 10.65 AND PREC <= 45.50 THEN class = {871.68} [846.99, 896.37], (p=5, n=1, P=11, N=49)
2025-03-05 17:49:43,206 - INFO - *****GROWING RR RULE*****
2025-03-05 17:49:44,932 - INFO - Iteracja 0: condition_best: None, quality_best: -inf, coverage_best: (p=0, n=0, P=0, N=0), p_value: 0
2025-03-05 17:49:44,932 - INFO - Regula po iteracji 0: IF  THEN class = {940.36} [878.67, 1,002.04], (p=40, n=20, P=40, N=20)
2025-03-05 17:49:44,932 - INFO - *****STOP GROWING RR RULE*****
2025-03-05 17:49:44,932 - INFO - ***RR NOT FOUND***
2025-03-05 17:49:44,938 - INFO - Iteracja 3: condition_best: JANT <= 45.50, quality_best: 0.487, coverage_best: (p=4, n=1, P=13, N=47)
2025-03-05 17:49:44,938 - INFO - Regula po iteracji 3: IF NOX <= 3.50 AND EDUC >= 10.65 AND PREC <= 45.50 AND JANT <= 45.50 THEN class = {873.99} [847.55, 900.44], (p=4, n=1, P=13, N=47)
2025-03-05 17:49:44,939 - INFO - *****GROWING RR RULE*****
2025-03-05 17:49:46,651 - INFO - Iteracja 0: condition_best: None, quality_best: -inf, coverage_best: (p=0, n=0, P=0, N=0), p_value: 0
2025-03-05 17:49:46,652 - INFO - Regula po iteracji 0: IF  THEN class = {940.36} [878.67, 1,002.04], (p=40, n=20, P=40, N=20)
2025-03-05 17:49:46,652 - INFO - *****STOP GROWING RR RULE*****
2025-03-05 17:49:46,652 - INFO - ***RR NOT FOUND***
2025-03-05 17:49:46,657 - INFO - Iteracja 4: condition_best: None, quality_best: -inf, coverage_best: (p=0, n=0, P=0, N=0)
2025-03-05 17:49:46,657 - INFO - Regula po iteracji 4: IF NOX <= 3.50 AND EDUC >= 10.65 AND PREC <= 45.50 AND JANT <= 45.50 THEN class = {873.99} [847.55, 900.44], (p=4, n=1, P=13, N=47)
2025-03-05 17:49:46,657 - INFO - *******STOP GROWING CR RULE*******
2025-03-05 17:49:46,658 - INFO - *******GROWING CR RULE*******
2025-03-05 17:49:46,711 - INFO - Iteracja 0: condition_best: NONW >= 12.80, quality_best: 0.423, coverage_best: (p=19, n=5, P=33, N=27)
2025-03-05 17:49:46,711 - INFO - Regula po iteracji 0: IF NONW >= 12.80 THEN class = {979.15} [923.66, 1,034.63], (p=19, n=5, P=33, N=27)
2025-03-05 17:49:46,711 - INFO - *****GROWING RR RULE*****
2025-03-05 17:49:48,506 - INFO - Iteracja 0: condition_best: None, quality_best: -inf, coverage_best: (p=0, n=0, P=0, N=0), p_value: 0
2025-03-05 17:49:48,506 - INFO - Regula po iteracji 0: IF  THEN class = {940.36} [878.67, 1,002.04], (p=40, n=20, P=40, N=20)
2025-03-05 17:49:48,506 - INFO - *****STOP GROWING RR RULE*****
2025-03-05 17:49:48,506 - INFO - ***RR NOT FOUND***
2025-03-05 17:49:48,534 - INFO - Iteracja 1: condition_best: POPN >= 3.09, quality_best: 0.594, coverage_best: (p=19, n=3, P=30, N=30)
2025-03-05 17:49:48,534 - INFO - Regula po iteracji 1: IF NONW >= 12.80 AND POPN >= 3.09 THEN class = {987.56} [938.05, 1,037.07], (p=19, n=3, P=30, N=30)
2025-03-05 17:49:48,534 - INFO - *****GROWING RR RULE*****
2025-03-05 17:49:50,330 - INFO - Iteracja 0: condition_best: None, quality_best: -inf, coverage_best: (p=0, n=0, P=0, N=0), p_value: 0
2025-03-05 17:49:50,330 - INFO - Regula po iteracji 0: IF  THEN class = {940.36} [878.67, 1,002.04], (p=40, n=20, P=40, N=20)
2025-03-05 17:49:50,330 - INFO - *****STOP GROWING RR RULE*****
2025-03-05 17:49:50,330 - INFO - ***RR NOT FOUND***
2025-03-05 17:49:50,354 - INFO - Iteracja 2: condition_best: DENS <= 6,281.50, quality_best: 0.661, coverage_best: (p=19, n=2, P=30, N=30)
2025-03-05 17:49:50,354 - INFO - Regula po iteracji 2: IF NONW >= 12.80 AND POPN >= 3.09 AND DENS <= 6,281.50 THEN class = {983.57} [936.48, 1,030.67], (p=19, n=2, P=30, N=30)
2025-03-05 17:49:50,355 - INFO - *****GROWING RR RULE*****
2025-03-05 17:49:52,152 - INFO - Iteracja 0: condition_best: None, quality_best: -inf, coverage_best: (p=0, n=0, P=0, N=0), p_value: 0
2025-03-05 17:49:52,152 - INFO - Regula po iteracji 0: IF  THEN class = {940.36} [878.67, 1,002.04], (p=40, n=20, P=40, N=20)
2025-03-05 17:49:52,152 - INFO - *****STOP GROWING RR RULE*****
2025-03-05 17:49:52,152 - INFO - ***RR NOT FOUND***
2025-03-05 17:49:52,176 - INFO - Iteracja 3: condition_best: JULT <= 83.00, quality_best: 0.688, coverage_best: (p=17, n=2, P=25, N=35)
2025-03-05 17:49:52,176 - INFO - Regula po iteracji 3: IF NONW >= 12.80 AND POPN >= 3.09 AND DENS <= 6,281.50 AND JULT <= 83.00 THEN class = {991.71} [952.56, 1,030.85], (p=17, n=2, P=25, N=35)
2025-03-05 17:49:52,176 - INFO - *****GROWING RR RULE*****
2025-03-05 17:49:53,965 - INFO - Iteracja 0: condition_best: None, quality_best: -inf, coverage_best: (p=0, n=0, P=0, N=0), p_value: 0
2025-03-05 17:49:53,965 - INFO - Regula po iteracji 0: IF  THEN class = {940.36} [878.67, 1,002.04], (p=40, n=20, P=40, N=20)
2025-03-05 17:49:53,965 - INFO - *****STOP GROWING RR RULE*****
2025-03-05 17:49:53,965 - INFO - ***RR NOT FOUND***
2025-03-05 17:49:53,987 - INFO - Iteracja 4: condition_best: OVR65 <= 9.25, quality_best: 0.695, coverage_best: (p=16, n=2, P=23, N=37)
2025-03-05 17:49:53,988 - INFO - Regula po iteracji 4: IF NONW >= 12.80 AND POPN >= 3.09 AND DENS <= 6,281.50 AND JULT <= 83.00 AND OVR65 <= 9.25 THEN class = {993.83} [954.68, 1,032.97], (p=16, n=2, P=23, N=37)
2025-03-05 17:49:53,988 - INFO - *****GROWING RR RULE*****
2025-03-05 17:49:55,768 - INFO - Iteracja 0: condition_best: None, quality_best: -inf, coverage_best: (p=0, n=0, P=0, N=0), p_value: 0
2025-03-05 17:49:55,768 - INFO - Regula po iteracji 0: IF  THEN class = {940.36} [878.67, 1,002.04], (p=40, n=20, P=40, N=20)
2025-03-05 17:49:55,769 - INFO - *****STOP GROWING RR RULE*****
2025-03-05 17:49:55,769 - INFO - ***RR NOT FOUND***
2025-03-05 17:49:55,769 - INFO - *******STOP GROWING CR RULE*******
2025-03-05 17:49:55,771 - INFO - *******GROWING CR RULE*******
2025-03-05 17:49:55,824 - INFO - Iteracja 0: condition_best: POPN <= 3.05, quality_best: 0.421, coverage_best: (p=5, n=1, P=26, N=34)
2025-03-05 17:49:55,824 - INFO - Regula po iteracji 0: IF POPN <= 3.05 THEN class = {903.81} [859.11, 948.51], (p=5, n=1, P=26, N=34)
2025-03-05 17:49:55,824 - INFO - *****GROWING RR RULE*****
2025-03-05 17:49:57,567 - INFO - Iteracja 0: condition_best: None, quality_best: -inf, coverage_best: (p=0, n=0, P=0, N=0), p_value: 0
2025-03-05 17:49:57,567 - INFO - Regula po iteracji 0: IF  THEN class = {940.36} [878.67, 1,002.04], (p=40, n=20, P=40, N=20)
2025-03-05 17:49:57,568 - INFO - *****STOP GROWING RR RULE*****
2025-03-05 17:49:57,568 - INFO - ***RR NOT FOUND***
2025-03-05 17:49:57,576 - INFO - Iteracja 1: condition_best: PREC >= 14.50, quality_best: 0.152, coverage_best: (p=3, n=2, P=27, N=33)
2025-03-05 17:49:57,576 - INFO - Regula po iteracji 1: IF POPN <= 3.05 AND PREC >= 14.50 THEN class = {912.21} [867.77, 956.65], (p=3, n=2, P=27, N=33)
2025-03-05 17:49:57,576 - INFO - *****GROWING RR RULE*****
2025-03-05 17:49:59,256 - INFO - Iteracja 0: condition_best: None, quality_best: -inf, coverage_best: (p=0, n=0, P=0, N=0), p_value: 0
2025-03-05 17:49:59,256 - INFO - Regula po iteracji 0: IF  THEN class = {940.36} [878.67, 1,002.04], (p=40, n=20, P=40, N=20)
2025-03-05 17:49:59,256 - INFO - *****STOP GROWING RR RULE*****
2025-03-05 17:49:59,256 - INFO - ***RR NOT FOUND***
2025-03-05 17:49:59,262 - INFO - Iteracja 2: condition_best: None, quality_best: -inf, coverage_best: (p=0, n=0, P=0, N=0)
2025-03-05 17:49:59,262 - INFO - Regula po iteracji 2: IF POPN <= 3.05 AND PREC >= 14.50 THEN class = {912.21} [867.77, 956.65], (p=3, n=2, P=27, N=33)
2025-03-05 17:49:59,262 - INFO - *******STOP GROWING CR RULE*******
2025-03-05 17:49:59,263 - INFO - *******GROWING CR RULE*******
2025-03-05 17:49:59,315 - INFO - Iteracja 0: condition_best: NONW <= 5.20, quality_best: 0.409, coverage_best: (p=13, n=4, P=28, N=32)
2025-03-05 17:49:59,315 - INFO - Regula po iteracji 0: IF NONW <= 5.20 THEN class = {903.41} [854.80, 952.01], (p=13, n=4, P=28, N=32)
2025-03-05 17:49:59,315 - INFO - *****GROWING RR RULE*****
2025-03-05 17:50:01,092 - INFO - Iteracja 0: condition_best: None, quality_best: -inf, coverage_best: (p=0, n=0, P=0, N=0), p_value: 0
2025-03-05 17:50:01,092 - INFO - Regula po iteracji 0: IF  THEN class = {940.36} [878.67, 1,002.04], (p=40, n=20, P=40, N=20)
2025-03-05 17:50:01,092 - INFO - *****STOP GROWING RR RULE*****
2025-03-05 17:50:01,092 - INFO - ***RR NOT FOUND***
2025-03-05 17:50:01,112 - INFO - Iteracja 1: condition_best: NONW >= 3.45, quality_best: 0.487, coverage_best: (p=7, n=1, P=27, N=33)
2025-03-05 17:50:01,112 - INFO - Regula po iteracji 1: IF NONW <= 5.20 AND NONW >= 3.45 THEN class = {913.31} [870.89, 955.72], (p=7, n=1, P=27, N=33)
2025-03-05 17:50:01,112 - INFO - *****GROWING RR RULE*****
2025-03-05 17:50:02,874 - INFO - Iteracja 0: condition_best: None, quality_best: -inf, coverage_best: (p=0, n=0, P=0, N=0), p_value: 0
2025-03-05 17:50:02,874 - INFO - Regula po iteracji 0: IF  THEN class = {940.36} [878.67, 1,002.04], (p=40, n=20, P=40, N=20)
2025-03-05 17:50:02,874 - INFO - *****STOP GROWING RR RULE*****
2025-03-05 17:50:02,875 - INFO - ***RR NOT FOUND***
2025-03-05 17:50:02,884 - INFO - Iteracja 2: condition_best: JANT <= 35.50, quality_best: 0.274, coverage_best: (p=5, n=2, P=28, N=32)
2025-03-05 17:50:02,884 - INFO - Regula po iteracji 2: IF NONW <= 5.20 AND NONW >= 3.45 AND JANT <= 35.50 THEN class = {916.06} [871.40, 960.73], (p=5, n=2, P=28, N=32)
2025-03-05 17:50:02,884 - INFO - *****GROWING RR RULE*****
2025-03-05 17:50:04,613 - INFO - Iteracja 0: condition_best: None, quality_best: -inf, coverage_best: (p=0, n=0, P=0, N=0), p_value: 0
2025-03-05 17:50:04,613 - INFO - Regula po iteracji 0: IF  THEN class = {940.36} [878.67, 1,002.04], (p=40, n=20, P=40, N=20)
2025-03-05 17:50:04,613 - INFO - *****STOP GROWING RR RULE*****
2025-03-05 17:50:04,613 - INFO - ***RR NOT FOUND***
2025-03-05 17:50:04,621 - INFO - Iteracja 3: condition_best: PREC >= 31.50, quality_best: 0.095, coverage_best: (p=3, n=2, P=31, N=29)
2025-03-05 17:50:04,621 - INFO - Regula po iteracji 3: IF NONW <= 5.20 AND NONW >= 3.45 AND JANT <= 35.50 AND PREC >= 31.50 THEN class = {933.87} [892.84, 974.90], (p=3, n=2, P=31, N=29)
2025-03-05 17:50:04,621 - INFO - *****GROWING RR RULE*****
2025-03-05 17:50:06,315 - INFO - Iteracja 0: condition_best: None, quality_best: -inf, coverage_best: (p=0, n=0, P=0, N=0), p_value: 0
2025-03-05 17:50:06,315 - INFO - Regula po iteracji 0: IF  THEN class = {940.36} [878.67, 1,002.04], (p=40, n=20, P=40, N=20)
2025-03-05 17:50:06,315 - INFO - *****STOP GROWING RR RULE*****
2025-03-05 17:50:06,315 - INFO - ***RR NOT FOUND***
2025-03-05 17:50:06,321 - INFO - Iteracja 4: condition_best: None, quality_best: -inf, coverage_best: (p=0, n=0, P=0, N=0)
2025-03-05 17:50:06,321 - INFO - Regula po iteracji 4: IF NONW <= 5.20 AND NONW >= 3.45 AND JANT <= 35.50 AND PREC >= 31.50 THEN class = {933.87} [892.84, 974.90], (p=3, n=2, P=31, N=29)
2025-03-05 17:50:06,321 - INFO - *******STOP GROWING CR RULE*******
2025-03-05 17:50:06,322 - INFO - *******GROWING CR RULE*******
2025-03-05 17:50:06,374 - INFO - Iteracja 0: condition_best: NONW <= 5.20, quality_best: 0.409, coverage_best: (p=13, n=4, P=28, N=32)
2025-03-05 17:50:06,374 - INFO - Regula po iteracji 0: IF NONW <= 5.20 THEN class = {903.41} [854.80, 952.01], (p=13, n=4, P=28, N=32)
2025-03-05 17:50:06,374 - INFO - *****GROWING RR RULE*****
2025-03-05 17:50:08,148 - INFO - Iteracja 0: condition_best: None, quality_best: -inf, coverage_best: (p=0, n=0, P=0, N=0), p_value: 0
2025-03-05 17:50:08,148 - INFO - Regula po iteracji 0: IF  THEN class = {940.36} [878.67, 1,002.04], (p=40, n=20, P=40, N=20)
2025-03-05 17:50:08,148 - INFO - *****STOP GROWING RR RULE*****
2025-03-05 17:50:08,148 - INFO - ***RR NOT FOUND***
2025-03-05 17:50:08,166 - INFO - Iteracja 1: condition_best: PREC >= 37.50, quality_best: 0.467, coverage_best: (p=8, n=2, P=22, N=38)
2025-03-05 17:50:08,166 - INFO - Regula po iteracji 1: IF NONW <= 5.20 AND PREC >= 37.50 THEN class = {920.03} [887.30, 952.77], (p=8, n=2, P=22, N=38)
2025-03-05 17:50:08,166 - INFO - *****GROWING RR RULE*****
2025-03-05 17:50:09,926 - INFO - Iteracja 0: condition_best: None, quality_best: -inf, coverage_best: (p=0, n=0, P=0, N=0), p_value: 0
2025-03-05 17:50:09,926 - INFO - Regula po iteracji 0: IF  THEN class = {940.36} [878.67, 1,002.04], (p=40, n=20, P=40, N=20)
2025-03-05 17:50:09,926 - INFO - *****STOP GROWING RR RULE*****
2025-03-05 17:50:09,926 - INFO - ***RR NOT FOUND***
2025-03-05 17:50:09,938 - INFO - Iteracja 2: condition_best: POPN <= 3.31, quality_best: 0.481, coverage_best: (p=6, n=2, P=14, N=46)
2025-03-05 17:50:09,938 - INFO - Regula po iteracji 2: IF NONW <= 5.20 AND PREC >= 37.50 AND POPN <= 3.31 THEN class = {925.70} [904.06, 947.34], (p=6, n=2, P=14, N=46)
2025-03-05 17:50:09,938 - INFO - *****GROWING RR RULE*****
2025-03-05 17:50:11,687 - INFO - Iteracja 0: condition_best: None, quality_best: -inf, coverage_best: (p=0, n=0, P=0, N=0), p_value: 0
2025-03-05 17:50:11,687 - INFO - Regula po iteracji 0: IF  THEN class = {940.36} [878.67, 1,002.04], (p=40, n=20, P=40, N=20)
2025-03-05 17:50:11,687 - INFO - *****STOP GROWING RR RULE*****
2025-03-05 17:50:11,687 - INFO - ***RR NOT FOUND***
2025-03-05 17:50:11,696 - INFO - Iteracja 3: condition_best: JULT >= 70.50, quality_best: 0.44, coverage_best: (p=5, n=2, P=13, N=47)
2025-03-05 17:50:11,696 - INFO - Regula po iteracji 3: IF NONW <= 5.20 AND PREC >= 37.50 AND POPN <= 3.31 AND JULT >= 70.50 THEN class = {929.99} [910.28, 949.69], (p=5, n=2, P=13, N=47)
2025-03-05 17:50:11,696 - INFO - *****GROWING RR RULE*****
2025-03-05 17:50:13,437 - INFO - Iteracja 0: condition_best: None, quality_best: -inf, coverage_best: (p=0, n=0, P=0, N=0), p_value: 0
2025-03-05 17:50:13,438 - INFO - Regula po iteracji 0: IF  THEN class = {940.36} [878.67, 1,002.04], (p=40, n=20, P=40, N=20)
2025-03-05 17:50:13,438 - INFO - *****STOP GROWING RR RULE*****
2025-03-05 17:50:13,438 - INFO - ***RR NOT FOUND***
2025-03-05 17:50:13,446 - INFO - Iteracja 4: condition_best: EDUC <= 11.60, quality_best: 0.376, coverage_best: (p=4, n=2, P=13, N=47)
2025-03-05 17:50:13,446 - INFO - Regula po iteracji 4: IF NONW <= 5.20 AND PREC >= 37.50 AND POPN <= 3.31 AND JULT >= 70.50 AND EDUC <= 11.60 THEN class = {929.20} [908.02, 950.39], (p=4, n=2, P=13, N=47)
2025-03-05 17:50:13,446 - INFO - *****GROWING RR RULE*****
2025-03-05 17:50:15,162 - INFO - Iteracja 0: condition_best: None, quality_best: -inf, coverage_best: (p=0, n=0, P=0, N=0), p_value: 0
2025-03-05 17:50:15,162 - INFO - Regula po iteracji 0: IF  THEN class = {940.36} [878.67, 1,002.04], (p=40, n=20, P=40, N=20)
2025-03-05 17:50:15,162 - INFO - *****STOP GROWING RR RULE*****
2025-03-05 17:50:15,162 - INFO - ***RR NOT FOUND***
2025-03-05 17:50:15,162 - INFO - *******STOP GROWING CR RULE*******
2025-03-05 17:50:15,163 - INFO - *******GROWING CR RULE*******
2025-03-05 17:50:15,215 - INFO - Iteracja 0: condition_best: HOUS <= 79.85, quality_best: 0.409, coverage_best: (p=20, n=5, P=35, N=25)
2025-03-05 17:50:15,215 - INFO - Regula po iteracji 0: IF HOUS <= 79.85 THEN class = {961.81} [910.82, 1,012.80], (p=20, n=5, P=35, N=25)
2025-03-05 17:50:15,215 - INFO - *****GROWING RR RULE*****
2025-03-05 17:50:17,020 - INFO - Iteracja 0: condition_best: None, quality_best: -inf, coverage_best: (p=0, n=0, P=0, N=0), p_value: 0
2025-03-05 17:50:17,020 - INFO - Regula po iteracji 0: IF  THEN class = {940.36} [878.67, 1,002.04], (p=40, n=20, P=40, N=20)
2025-03-05 17:50:17,020 - INFO - *****STOP GROWING RR RULE*****
2025-03-05 17:50:17,020 - INFO - ***RR NOT FOUND***
2025-03-05 17:50:17,048 - INFO - Iteracja 1: condition_best: HOUS >= 71.05, quality_best: 0.519, coverage_best: (p=19, n=3, P=35, N=25)
2025-03-05 17:50:17,048 - INFO - Regula po iteracji 1: IF HOUS <= 79.85 AND HOUS >= 71.05 THEN class = {956.19} [905.52, 1,006.86], (p=19, n=3, P=35, N=25)
2025-03-05 17:50:17,048 - INFO - *****GROWING RR RULE*****
2025-03-05 17:50:18,850 - INFO - Iteracja 0: condition_best: None, quality_best: -inf, coverage_best: (p=0, n=0, P=0, N=0), p_value: 0
2025-03-05 17:50:18,850 - INFO - Regula po iteracji 0: IF  THEN class = {940.36} [878.67, 1,002.04], (p=40, n=20, P=40, N=20)
2025-03-05 17:50:18,850 - INFO - *****STOP GROWING RR RULE*****
2025-03-05 17:50:18,850 - INFO - ***RR NOT FOUND***
2025-03-05 17:50:18,874 - INFO - Iteracja 2: condition_best: JULT >= 70.50, quality_best: 0.595, coverage_best: (p=19, n=2, P=35, N=25)
2025-03-05 17:50:18,874 - INFO - Regula po iteracji 2: IF HOUS <= 79.85 AND HOUS >= 71.05 AND JULT >= 70.50 THEN class = {959.07} [909.00, 1,009.14], (p=19, n=2, P=35, N=25)
2025-03-05 17:50:18,874 - INFO - *****GROWING RR RULE*****
2025-03-05 17:50:20,677 - INFO - Iteracja 0: condition_best: None, quality_best: -inf, coverage_best: (p=0, n=0, P=0, N=0), p_value: 0
2025-03-05 17:50:20,677 - INFO - Regula po iteracji 0: IF  THEN class = {940.36} [878.67, 1,002.04], (p=40, n=20, P=40, N=20)
2025-03-05 17:50:20,677 - INFO - *****STOP GROWING RR RULE*****
2025-03-05 17:50:20,677 - INFO - ***RR NOT FOUND***
2025-03-05 17:50:20,700 - INFO - Iteracja 3: condition_best: JANT <= 54.50, quality_best: 0.575, coverage_best: (p=18, n=2, P=35, N=25)
2025-03-05 17:50:20,700 - INFO - Regula po iteracji 3: IF HOUS <= 79.85 AND HOUS >= 71.05 AND JULT >= 70.50 AND JANT <= 54.50 THEN class = {959.40} [908.11, 1,010.68], (p=18, n=2, P=35, N=25)
2025-03-05 17:50:20,700 - INFO - *****GROWING RR RULE*****
2025-03-05 17:50:22,512 - INFO - Iteracja 0: condition_best: None, quality_best: -inf, coverage_best: (p=0, n=0, P=0, N=0), p_value: 0
2025-03-05 17:50:22,512 - INFO - Regula po iteracji 0: IF  THEN class = {940.36} [878.67, 1,002.04], (p=40, n=20, P=40, N=20)
2025-03-05 17:50:22,512 - INFO - *****STOP GROWING RR RULE*****
2025-03-05 17:50:22,512 - INFO - ***RR NOT FOUND***
2025-03-05 17:50:22,534 - INFO - Iteracja 4: condition_best: JULT <= 81.50, quality_best: 0.555, coverage_best: (p=17, n=2, P=35, N=25)
2025-03-05 17:50:22,534 - INFO - Regula po iteracji 4: IF HOUS <= 79.85 AND HOUS >= 71.05 AND JULT >= 70.50 AND JANT <= 54.50 AND JULT <= 81.50 THEN class = {956.92} [905.48, 1,008.36], (p=17, n=2, P=35, N=25)
2025-03-05 17:50:22,535 - INFO - *****GROWING RR RULE*****
2025-03-05 17:50:24,330 - INFO - Iteracja 0: condition_best: None, quality_best: -inf, coverage_best: (p=0, n=0, P=0, N=0), p_value: 0
2025-03-05 17:50:24,330 - INFO - Regula po iteracji 0: IF  THEN class = {940.36} [878.67, 1,002.04], (p=40, n=20, P=40, N=20)
2025-03-05 17:50:24,331 - INFO - *****STOP GROWING RR RULE*****
2025-03-05 17:50:24,331 - INFO - ***RR NOT FOUND***
2025-03-05 17:50:24,331 - INFO - *******STOP GROWING CR RULE*******
2025-03-05 17:50:24,332 - INFO - *******GROWING CR RULE*******
2025-03-05 17:50:24,383 - INFO - Iteracja 0: condition_best: NONW <= 9.15, quality_best: 0.36, coverage_best: (p=21, n=8, P=31, N=29)
2025-03-05 17:50:24,383 - INFO - Regula po iteracji 0: IF NONW <= 9.15 THEN class = {905.15} [855.53, 954.76], (p=21, n=8, P=31, N=29)
2025-03-05 17:50:24,383 - INFO - *****GROWING RR RULE*****
2025-03-05 17:50:26,195 - INFO - Iteracja 0: condition_best: None, quality_best: -inf, coverage_best: (p=0, n=0, P=0, N=0), p_value: 0
2025-03-05 17:50:26,195 - INFO - Regula po iteracji 0: IF  THEN class = {940.36} [878.67, 1,002.04], (p=40, n=20, P=40, N=20)
2025-03-05 17:50:26,196 - INFO - *****STOP GROWING RR RULE*****
2025-03-05 17:50:26,196 - INFO - ***RR NOT FOUND***
2025-03-05 17:50:26,225 - INFO - Iteracja 1: condition_best: NOX <= 27.50, quality_best: 0.51, coverage_best: (p=18, n=6, P=24, N=36)
2025-03-05 17:50:26,225 - INFO - Regula po iteracji 1: IF NONW <= 9.15 AND NOX <= 27.50 THEN class = {909.63} [867.12, 952.13], (p=18, n=6, P=24, N=36)
2025-03-05 17:50:26,225 - INFO - *****GROWING RR RULE*****
2025-03-05 17:50:28,016 - INFO - Iteracja 0: condition_best: None, quality_best: -inf, coverage_best: (p=0, n=0, P=0, N=0), p_value: 0
2025-03-05 17:50:28,016 - INFO - Regula po iteracji 0: IF  THEN class = {940.36} [878.67, 1,002.04], (p=40, n=20, P=40, N=20)
2025-03-05 17:50:28,016 - INFO - *****STOP GROWING RR RULE*****
2025-03-05 17:50:28,016 - INFO - ***RR NOT FOUND***
2025-03-05 17:50:28,040 - INFO - Iteracja 2: condition_best: NONW >= 4.25, quality_best: 0.568, coverage_best: (p=11, n=2, P=22, N=38)
2025-03-05 17:50:28,040 - INFO - Regula po iteracji 2: IF NONW <= 9.15 AND NOX <= 27.50 AND NONW >= 4.25 THEN class = {902.13} [862.20, 942.07], (p=11, n=2, P=22, N=38)
2025-03-05 17:50:28,040 - INFO - *****GROWING RR RULE*****
2025-03-05 17:50:29,813 - INFO - Iteracja 0: condition_best: None, quality_best: -inf, coverage_best: (p=0, n=0, P=0, N=0), p_value: 0
2025-03-05 17:50:29,813 - INFO - Regula po iteracji 0: IF  THEN class = {940.36} [878.67, 1,002.04], (p=40, n=20, P=40, N=20)
2025-03-05 17:50:29,813 - INFO - *****STOP GROWING RR RULE*****
2025-03-05 17:50:29,813 - INFO - ***RR NOT FOUND***
2025-03-05 17:50:29,828 - INFO - Iteracja 3: condition_best: HOUS >= 81.25, quality_best: 0.593, coverage_best: (p=9, n=1, P=22, N=38)
2025-03-05 17:50:29,828 - INFO - Regula po iteracji 3: IF NONW <= 9.15 AND NOX <= 27.50 AND NONW >= 4.25 AND HOUS >= 81.25 THEN class = {907.98} [870.49, 945.47], (p=9, n=1, P=22, N=38)
2025-03-05 17:50:29,829 - INFO - *****GROWING RR RULE*****
2025-03-05 17:50:31,568 - INFO - Iteracja 0: condition_best: None, quality_best: -inf, coverage_best: (p=0, n=0, P=0, N=0), p_value: 0
2025-03-05 17:50:31,568 - INFO - Regula po iteracji 0: IF  THEN class = {940.36} [878.67, 1,002.04], (p=40, n=20, P=40, N=20)
2025-03-05 17:50:31,569 - INFO - *****STOP GROWING RR RULE*****
2025-03-05 17:50:31,569 - INFO - ***RR NOT FOUND***
2025-03-05 17:50:31,580 - INFO - Iteracja 4: condition_best: JANT <= 35.00, quality_best: 0.552, coverage_best: (p=8, n=1, P=23, N=37)
2025-03-05 17:50:31,580 - INFO - Regula po iteracji 4: IF NONW <= 9.15 AND NOX <= 27.50 AND NONW >= 4.25 AND HOUS >= 81.25 AND JANT <= 35.00 THEN class = {908.95} [869.55, 948.34], (p=8, n=1, P=23, N=37)
2025-03-05 17:50:31,580 - INFO - *****GROWING RR RULE*****
2025-03-05 17:50:33,324 - INFO - Iteracja 0: condition_best: None, quality_best: -inf, coverage_best: (p=0, n=0, P=0, N=0), p_value: 0
2025-03-05 17:50:33,325 - INFO - Regula po iteracji 0: IF  THEN class = {940.36} [878.67, 1,002.04], (p=40, n=20, P=40, N=20)
2025-03-05 17:50:33,325 - INFO - *****STOP GROWING RR RULE*****
2025-03-05 17:50:33,325 - INFO - ***RR NOT FOUND***
2025-03-05 17:50:33,325 - INFO - *******STOP GROWING CR RULE*******
2025-03-05 17:50:33,326 - INFO - *******GROWING CR RULE*******
2025-03-05 17:50:33,377 - INFO - Iteracja 0: condition_best: PREC <= 10.50, quality_best: 1.0, coverage_best: (p=1, n=0, P=1, N=59)
2025-03-05 17:50:33,377 - INFO - Regula po iteracji 0: IF PREC <= 10.50 THEN class = {839.71} [839.71, 839.71], (p=1, n=0, P=1, N=59)
2025-03-05 17:50:33,378 - INFO - *****GROWING RR RULE*****
2025-03-05 17:50:34,912 - INFO - Iteracja 0: condition_best: None, quality_best: -inf, coverage_best: (p=0, n=0, P=0, N=0), p_value: 0
2025-03-05 17:50:34,913 - INFO - Regula po iteracji 0: IF  THEN class = {940.36} [878.67, 1,002.04], (p=40, n=20, P=40, N=20)
2025-03-05 17:50:34,913 - INFO - *****STOP GROWING RR RULE*****
2025-03-05 17:50:34,913 - INFO - ***RR NOT FOUND***
2025-03-05 17:50:34,913 - INFO - Iteracja 1: condition_best: None, quality_best: -inf, coverage_best: (p=0, n=0, P=0, N=0)
2025-03-05 17:50:34,913 - INFO - Regula po iteracji 1: IF PREC <= 10.50 THEN class = {839.71} [839.71, 839.71], (p=1, n=0, P=1, N=59)
2025-03-05 17:50:34,913 - INFO - *******STOP GROWING CR RULE*******
2025-03-05 17:50:34,917 - INFO - ************************Finished experiment for pollution.arff with algorithm3************************
2025-03-05 17:50:34,917 - INFO - *************************************************************************************************************************
2025-03-05 17:50:34,917 - INFO - *************************************************************************************************************************
2025-03-05 17:50:34,917 - INFO - *************************************************************************************************************************
2025-03-05 17:50:34,918 - INFO - **********Starting experiment for pollution.arff with algorithm4**********
2025-03-05 17:50:34,921 - INFO - *******GROWING CR RULE*******
2025-03-05 17:50:34,993 - INFO - Iteracja 0: condition_best: NONW >= 14.20, quality_best: 0.514, coverage_best: (p=15, n=3, P=29, N=31)
2025-03-05 17:50:34,993 - INFO - Regula po iteracji 0: IF NONW >= 14.20 THEN class = {992.59} [939.78, 1,045.40], (p=15, n=3, P=29, N=31)
2025-03-05 17:50:34,993 - INFO - *****GROWING RR RULE*****
2025-03-05 17:50:35,097 - INFO - Iteracja 0: condition_best: None, quality_best: -inf, coverage_best: (p=0, n=0, P=0, N=0), p_value: 0
2025-03-05 17:50:35,097 - INFO - Regula po iteracji 0: IF  THEN class = {940.36} [878.67, 1,002.04], (p=40, n=20, P=40, N=20)
2025-03-05 17:50:35,097 - INFO - *****STOP GROWING RR RULE*****
2025-03-05 17:50:35,097 - INFO - ***RR NOT FOUND***
2025-03-05 17:50:35,120 - INFO - Iteracja 1: condition_best: PREC <= 53.50, quality_best: 0.586, coverage_best: (p=15, n=2, P=29, N=31)
2025-03-05 17:50:35,120 - INFO - Regula po iteracji 1: IF NONW >= 14.20 AND PREC <= 53.50 THEN class = {985.50} [940.25, 1,030.74], (p=15, n=2, P=29, N=31)
2025-03-05 17:50:35,120 - INFO - *****GROWING RR RULE*****
2025-03-05 17:50:35,224 - INFO - Iteracja 0: condition_best: None, quality_best: -inf, coverage_best: (p=0, n=0, P=0, N=0), p_value: 0
2025-03-05 17:50:35,224 - INFO - Regula po iteracji 0: IF  THEN class = {940.36} [878.67, 1,002.04], (p=40, n=20, P=40, N=20)
2025-03-05 17:50:35,224 - INFO - *****STOP GROWING RR RULE*****
2025-03-05 17:50:35,224 - INFO - ***RR NOT FOUND***
2025-03-05 17:50:35,244 - INFO - Iteracja 2: condition_best: JANT <= 50.50, quality_best: 0.574, coverage_best: (p=14, n=2, P=28, N=32)
2025-03-05 17:50:35,244 - INFO - Regula po iteracji 2: IF NONW >= 14.20 AND PREC <= 53.50 AND JANT <= 50.50 THEN class = {987.56} [941.70, 1,033.42], (p=14, n=2, P=28, N=32)
2025-03-05 17:50:35,244 - INFO - *****GROWING RR RULE*****
2025-03-05 17:50:35,348 - INFO - Iteracja 0: condition_best: None, quality_best: -inf, coverage_best: (p=0, n=0, P=0, N=0), p_value: 0
2025-03-05 17:50:35,348 - INFO - Regula po iteracji 0: IF  THEN class = {940.36} [878.67, 1,002.04], (p=40, n=20, P=40, N=20)
2025-03-05 17:50:35,348 - INFO - *****STOP GROWING RR RULE*****
2025-03-05 17:50:35,348 - INFO - ***RR NOT FOUND***
2025-03-05 17:50:35,366 - INFO - Iteracja 3: condition_best: PREC >= 32.00, quality_best: 0.549, coverage_best: (p=13, n=2, P=28, N=32)
2025-03-05 17:50:35,366 - INFO - Regula po iteracji 3: IF NONW >= 14.20 AND PREC <= 53.50 AND JANT <= 50.50 AND PREC >= 32.00 THEN class = {989.45} [942.69, 1,036.20], (p=13, n=2, P=28, N=32)
2025-03-05 17:50:35,367 - INFO - *****GROWING RR RULE*****
2025-03-05 17:50:35,470 - INFO - Iteracja 0: condition_best: None, quality_best: -inf, coverage_best: (p=0, n=0, P=0, N=0), p_value: 0
2025-03-05 17:50:35,470 - INFO - Regula po iteracji 0: IF  THEN class = {940.36} [878.67, 1,002.04], (p=40, n=20, P=40, N=20)
2025-03-05 17:50:35,471 - INFO - *****STOP GROWING RR RULE*****
2025-03-05 17:50:35,471 - INFO - ***RR NOT FOUND***
2025-03-05 17:50:35,488 - INFO - Iteracja 4: condition_best: EDUC >= 10.15, quality_best: 0.554, coverage_best: (p=10, n=1, P=29, N=31)
2025-03-05 17:50:35,488 - INFO - Regula po iteracji 4: IF NONW >= 14.20 AND PREC <= 53.50 AND JANT <= 50.50 AND PREC >= 32.00 AND EDUC >= 10.15 THEN class = {985.29} [939.55, 1,031.03], (p=10, n=1, P=29, N=31)
2025-03-05 17:50:35,489 - INFO - *****GROWING RR RULE*****
2025-03-05 17:50:35,592 - INFO - Iteracja 0: condition_best: None, quality_best: -inf, coverage_best: (p=0, n=0, P=0, N=0), p_value: 0
2025-03-05 17:50:35,592 - INFO - Regula po iteracji 0: IF  THEN class = {940.36} [878.67, 1,002.04], (p=40, n=20, P=40, N=20)
2025-03-05 17:50:35,593 - INFO - *****STOP GROWING RR RULE*****
2025-03-05 17:50:35,593 - INFO - ***RR NOT FOUND***
2025-03-05 17:50:35,593 - INFO - *******STOP GROWING CR RULE*******
2025-03-05 17:50:35,594 - INFO - *******GROWING CR RULE*******
2025-03-05 17:50:35,647 - INFO - Iteracja 0: condition_best: PREC <= 29.00, quality_best: 0.493, coverage_best: (p=5, n=2, P=10, N=50)
2025-03-05 17:50:35,647 - INFO - Regula po iteracji 0: IF PREC <= 29.00 THEN class = {851.02} [815.61, 886.43], (p=5, n=2, P=10, N=50)
2025-03-05 17:50:35,647 - INFO - *****GROWING RR RULE*****
2025-03-05 17:50:35,751 - INFO - Iteracja 0: condition_best: None, quality_best: -inf, coverage_best: (p=0, n=0, P=0, N=0), p_value: 0
2025-03-05 17:50:35,751 - INFO - Regula po iteracji 0: IF  THEN class = {940.36} [878.67, 1,002.04], (p=40, n=20, P=40, N=20)
2025-03-05 17:50:35,751 - INFO - *****STOP GROWING RR RULE*****
2025-03-05 17:50:35,751 - INFO - ***RR NOT FOUND***
2025-03-05 17:50:35,760 - INFO - Iteracja 1: condition_best: JULT >= 65.50, quality_best: 0.489, coverage_best: (p=4, n=2, P=7, N=53)
2025-03-05 17:50:35,760 - INFO - Regula po iteracji 1: IF PREC <= 29.00 AND JULT >= 65.50 THEN class = {840.90} [813.57, 868.24], (p=4, n=2, P=7, N=53)
2025-03-05 17:50:35,761 - INFO - *****GROWING RR RULE*****
2025-03-05 17:50:35,864 - INFO - Iteracja 0: condition_best: None, quality_best: -inf, coverage_best: (p=0, n=0, P=0, N=0), p_value: 0
2025-03-05 17:50:35,864 - INFO - Regula po iteracji 0: IF  THEN class = {940.36} [878.67, 1,002.04], (p=40, n=20, P=40, N=20)
2025-03-05 17:50:35,865 - INFO - *****STOP GROWING RR RULE*****
2025-03-05 17:50:35,865 - INFO - ***RR NOT FOUND***
2025-03-05 17:50:35,871 - INFO - Iteracja 2: condition_best: PREC <= 26.50, quality_best: 0.552, coverage_best: (p=4, n=1, P=9, N=51)
2025-03-05 17:50:35,871 - INFO - Regula po iteracji 2: IF PREC <= 29.00 AND JULT >= 65.50 AND PREC <= 26.50 THEN class = {844.33} [815.59, 873.07], (p=4, n=1, P=9, N=51)
2025-03-05 17:50:35,872 - INFO - *****GROWING RR RULE*****
2025-03-05 17:50:35,976 - INFO - Iteracja 0: condition_best: None, quality_best: -inf, coverage_best: (p=0, n=0, P=0, N=0), p_value: 0
2025-03-05 17:50:35,976 - INFO - Regula po iteracji 0: IF  THEN class = {940.36} [878.67, 1,002.04], (p=40, n=20, P=40, N=20)
2025-03-05 17:50:35,976 - INFO - *****STOP GROWING RR RULE*****
2025-03-05 17:50:35,976 - INFO - ***RR NOT FOUND***
2025-03-05 17:50:35,982 - INFO - Iteracja 3: condition_best: None, quality_best: -inf, coverage_best: (p=0, n=0, P=0, N=0)
2025-03-05 17:50:35,982 - INFO - Regula po iteracji 3: IF PREC <= 29.00 AND JULT >= 65.50 AND PREC <= 26.50 THEN class = {844.33} [815.59, 873.07], (p=4, n=1, P=9, N=51)
2025-03-05 17:50:35,982 - INFO - *******STOP GROWING CR RULE*******
2025-03-05 17:50:35,984 - INFO - *******GROWING CR RULE*******
2025-03-05 17:50:36,037 - INFO - Iteracja 0: condition_best: NOX <= 3.50, quality_best: 0.478, coverage_best: (p=8, n=2, P=21, N=39)
2025-03-05 17:50:36,037 - INFO - Regula po iteracji 0: IF NOX <= 3.50 THEN class = {889.81} [851.51, 928.10], (p=8, n=2, P=21, N=39)
2025-03-05 17:50:36,037 - INFO - *****GROWING RR RULE*****
2025-03-05 17:50:36,141 - INFO - Iteracja 0: condition_best: None, quality_best: -inf, coverage_best: (p=0, n=0, P=0, N=0), p_value: 0
2025-03-05 17:50:36,141 - INFO - Regula po iteracji 0: IF  THEN class = {940.36} [878.67, 1,002.04], (p=40, n=20, P=40, N=20)
2025-03-05 17:50:36,141 - INFO - *****STOP GROWING RR RULE*****
2025-03-05 17:50:36,141 - INFO - ***RR NOT FOUND***
2025-03-05 17:50:36,153 - INFO - Iteracja 1: condition_best: EDUC >= 10.65, quality_best: 0.481, coverage_best: (p=6, n=2, P=14, N=46)
2025-03-05 17:50:36,153 - INFO - Regula po iteracji 1: IF NOX <= 3.50 AND EDUC >= 10.65 THEN class = {876.84} [848.99, 904.70], (p=6, n=2, P=14, N=46)
2025-03-05 17:50:36,153 - INFO - *****GROWING RR RULE*****
2025-03-05 17:50:36,257 - INFO - Iteracja 0: condition_best: None, quality_best: -inf, coverage_best: (p=0, n=0, P=0, N=0), p_value: 0
2025-03-05 17:50:36,257 - INFO - Regula po iteracji 0: IF  THEN class = {940.36} [878.67, 1,002.04], (p=40, n=20, P=40, N=20)
2025-03-05 17:50:36,257 - INFO - *****STOP GROWING RR RULE*****
2025-03-05 17:50:36,257 - INFO - ***RR NOT FOUND***
2025-03-05 17:50:36,265 - INFO - Iteracja 2: condition_best: PREC <= 45.50, quality_best: 0.579, coverage_best: (p=5, n=1, P=11, N=49)
2025-03-05 17:50:36,265 - INFO - Regula po iteracji 2: IF NOX <= 3.50 AND EDUC >= 10.65 AND PREC <= 45.50 THEN class = {871.68} [846.99, 896.37], (p=5, n=1, P=11, N=49)
2025-03-05 17:50:36,265 - INFO - *****GROWING RR RULE*****
2025-03-05 17:50:36,369 - INFO - Iteracja 0: condition_best: None, quality_best: -inf, coverage_best: (p=0, n=0, P=0, N=0), p_value: 0
2025-03-05 17:50:36,369 - INFO - Regula po iteracji 0: IF  THEN class = {940.36} [878.67, 1,002.04], (p=40, n=20, P=40, N=20)
2025-03-05 17:50:36,369 - INFO - *****STOP GROWING RR RULE*****
2025-03-05 17:50:36,369 - INFO - ***RR NOT FOUND***
2025-03-05 17:50:36,375 - INFO - Iteracja 3: condition_best: JANT <= 45.50, quality_best: 0.487, coverage_best: (p=4, n=1, P=13, N=47)
2025-03-05 17:50:36,375 - INFO - Regula po iteracji 3: IF NOX <= 3.50 AND EDUC >= 10.65 AND PREC <= 45.50 AND JANT <= 45.50 THEN class = {873.99} [847.55, 900.44], (p=4, n=1, P=13, N=47)
2025-03-05 17:50:36,375 - INFO - *****GROWING RR RULE*****
2025-03-05 17:50:36,480 - INFO - Iteracja 0: condition_best: None, quality_best: -inf, coverage_best: (p=0, n=0, P=0, N=0), p_value: 0
2025-03-05 17:50:36,481 - INFO - Regula po iteracji 0: IF  THEN class = {940.36} [878.67, 1,002.04], (p=40, n=20, P=40, N=20)
2025-03-05 17:50:36,481 - INFO - *****STOP GROWING RR RULE*****
2025-03-05 17:50:36,481 - INFO - ***RR NOT FOUND***
2025-03-05 17:50:36,486 - INFO - Iteracja 4: condition_best: None, quality_best: -inf, coverage_best: (p=0, n=0, P=0, N=0)
2025-03-05 17:50:36,486 - INFO - Regula po iteracji 4: IF NOX <= 3.50 AND EDUC >= 10.65 AND PREC <= 45.50 AND JANT <= 45.50 THEN class = {873.99} [847.55, 900.44], (p=4, n=1, P=13, N=47)
2025-03-05 17:50:36,486 - INFO - *******STOP GROWING CR RULE*******
2025-03-05 17:50:36,487 - INFO - *******GROWING CR RULE*******
2025-03-05 17:50:36,540 - INFO - Iteracja 0: condition_best: NONW >= 12.80, quality_best: 0.423, coverage_best: (p=19, n=5, P=33, N=27)
2025-03-05 17:50:36,540 - INFO - Regula po iteracji 0: IF NONW >= 12.80 THEN class = {979.15} [923.66, 1,034.63], (p=19, n=5, P=33, N=27)
2025-03-05 17:50:36,540 - INFO - *****GROWING RR RULE*****
2025-03-05 17:50:36,644 - INFO - Iteracja 0: condition_best: None, quality_best: -inf, coverage_best: (p=0, n=0, P=0, N=0), p_value: 0
2025-03-05 17:50:36,644 - INFO - Regula po iteracji 0: IF  THEN class = {940.36} [878.67, 1,002.04], (p=40, n=20, P=40, N=20)
2025-03-05 17:50:36,644 - INFO - *****STOP GROWING RR RULE*****
2025-03-05 17:50:36,644 - INFO - ***RR NOT FOUND***
2025-03-05 17:50:36,672 - INFO - Iteracja 1: condition_best: POPN >= 3.09, quality_best: 0.594, coverage_best: (p=19, n=3, P=30, N=30)
2025-03-05 17:50:36,672 - INFO - Regula po iteracji 1: IF NONW >= 12.80 AND POPN >= 3.09 THEN class = {987.56} [938.05, 1,037.07], (p=19, n=3, P=30, N=30)
2025-03-05 17:50:36,672 - INFO - *****GROWING RR RULE*****
2025-03-05 17:50:36,775 - INFO - Iteracja 0: condition_best: None, quality_best: -inf, coverage_best: (p=0, n=0, P=0, N=0), p_value: 0
2025-03-05 17:50:36,775 - INFO - Regula po iteracji 0: IF  THEN class = {940.36} [878.67, 1,002.04], (p=40, n=20, P=40, N=20)
2025-03-05 17:50:36,775 - INFO - *****STOP GROWING RR RULE*****
2025-03-05 17:50:36,776 - INFO - ***RR NOT FOUND***
2025-03-05 17:50:36,800 - INFO - Iteracja 2: condition_best: DENS <= 6,281.50, quality_best: 0.661, coverage_best: (p=19, n=2, P=30, N=30)
2025-03-05 17:50:36,800 - INFO - Regula po iteracji 2: IF NONW >= 12.80 AND POPN >= 3.09 AND DENS <= 6,281.50 THEN class = {983.57} [936.48, 1,030.67], (p=19, n=2, P=30, N=30)
2025-03-05 17:50:36,800 - INFO - *****GROWING RR RULE*****
2025-03-05 17:50:36,904 - INFO - Iteracja 0: condition_best: None, quality_best: -inf, coverage_best: (p=0, n=0, P=0, N=0), p_value: 0
2025-03-05 17:50:36,904 - INFO - Regula po iteracji 0: IF  THEN class = {940.36} [878.67, 1,002.04], (p=40, n=20, P=40, N=20)
2025-03-05 17:50:36,904 - INFO - *****STOP GROWING RR RULE*****
2025-03-05 17:50:36,904 - INFO - ***RR NOT FOUND***
2025-03-05 17:50:36,928 - INFO - Iteracja 3: condition_best: JULT <= 83.00, quality_best: 0.688, coverage_best: (p=17, n=2, P=25, N=35)
2025-03-05 17:50:36,928 - INFO - Regula po iteracji 3: IF NONW >= 12.80 AND POPN >= 3.09 AND DENS <= 6,281.50 AND JULT <= 83.00 THEN class = {991.71} [952.56, 1,030.85], (p=17, n=2, P=25, N=35)
2025-03-05 17:50:36,928 - INFO - *****GROWING RR RULE*****
2025-03-05 17:50:37,032 - INFO - Iteracja 0: condition_best: None, quality_best: -inf, coverage_best: (p=0, n=0, P=0, N=0), p_value: 0
2025-03-05 17:50:37,032 - INFO - Regula po iteracji 0: IF  THEN class = {940.36} [878.67, 1,002.04], (p=40, n=20, P=40, N=20)
2025-03-05 17:50:37,032 - INFO - *****STOP GROWING RR RULE*****
2025-03-05 17:50:37,032 - INFO - ***RR NOT FOUND***
2025-03-05 17:50:37,054 - INFO - Iteracja 4: condition_best: OVR65 <= 9.25, quality_best: 0.695, coverage_best: (p=16, n=2, P=23, N=37)
2025-03-05 17:50:37,054 - INFO - Regula po iteracji 4: IF NONW >= 12.80 AND POPN >= 3.09 AND DENS <= 6,281.50 AND JULT <= 83.00 AND OVR65 <= 9.25 THEN class = {993.83} [954.68, 1,032.97], (p=16, n=2, P=23, N=37)
2025-03-05 17:50:37,054 - INFO - *****GROWING RR RULE*****
2025-03-05 17:50:37,158 - INFO - Iteracja 0: condition_best: None, quality_best: -inf, coverage_best: (p=0, n=0, P=0, N=0), p_value: 0
2025-03-05 17:50:37,158 - INFO - Regula po iteracji 0: IF  THEN class = {940.36} [878.67, 1,002.04], (p=40, n=20, P=40, N=20)
2025-03-05 17:50:37,158 - INFO - *****STOP GROWING RR RULE*****
2025-03-05 17:50:37,158 - INFO - ***RR NOT FOUND***
2025-03-05 17:50:37,158 - INFO - *******STOP GROWING CR RULE*******
2025-03-05 17:50:37,160 - INFO - *******GROWING CR RULE*******
2025-03-05 17:50:37,213 - INFO - Iteracja 0: condition_best: POPN <= 3.05, quality_best: 0.421, coverage_best: (p=5, n=1, P=26, N=34)
2025-03-05 17:50:37,213 - INFO - Regula po iteracji 0: IF POPN <= 3.05 THEN class = {903.81} [859.11, 948.51], (p=5, n=1, P=26, N=34)
2025-03-05 17:50:37,213 - INFO - *****GROWING RR RULE*****
2025-03-05 17:50:37,318 - INFO - Iteracja 0: condition_best: NOX <= 5.50, quality_best: 0.399, coverage_best: (p=13, n=6, P=22, N=38), p_value: 0.399
2025-03-05 17:50:37,318 - INFO - Regula po iteracji 0: IF NOX <= 5.50 THEN class = {940.36} [878.67, 1,002.04], (p=13, n=6, P=22, N=38)
2025-03-05 17:50:37,356 - INFO - Iteracja 1: condition_best: HOUS >= 82.20, quality_best: 0.493, coverage_best: (p=5, n=2, P=10, N=50), p_value: 0.493
2025-03-05 17:50:37,356 - INFO - Regula po iteracji 1: IF NOX <= 5.50 AND HOUS >= 82.20 THEN class = {906.05} [869.13, 942.96], (p=5, n=2, P=10, N=50)
2025-03-05 17:50:37,370 - INFO - Iteracja 2: condition_best: None, quality_best: -inf, coverage_best: (p=0, n=0, P=0, N=0), p_value: 0.493
2025-03-05 17:50:37,370 - INFO - Regula po iteracji 2: IF NOX <= 5.50 AND HOUS >= 82.20 THEN class = {888.78} [868.77, 908.79], (p=5, n=2, P=10, N=50)
2025-03-05 17:50:37,370 - INFO - *****STOP GROWING RR RULE*****
2025-03-05 17:50:37,370 - INFO - ***RR FOUND***
2025-03-05 17:50:37,370 - INFO - Reference rule: IF NOX <= 5.50 AND HOUS >= 82.20 THEN class = {888.78} [868.77, 908.79]
2025-03-05 17:50:37,370 - INFO - ***CHECKING EXCEPTION***
2025-03-05 17:50:37,372 - INFO - CR vs RR p_value: 0.8862477072704644
2025-03-05 17:50:37,372 - INFO - ER vs CR p_value: 0.312950675522914
2025-03-05 17:50:37,372 - INFO - ER vs RR p_value: 0.2723605833259769
2025-03-05 17:50:37,372 - INFO - ***ER NOT FOUND***
2025-03-05 17:50:37,381 - INFO - Iteracja 1: condition_best: PREC >= 14.50, quality_best: 0.152, coverage_best: (p=3, n=2, P=27, N=33)
2025-03-05 17:50:37,381 - INFO - Regula po iteracji 1: IF POPN <= 3.05 AND PREC >= 14.50 THEN class = {912.21} [867.77, 956.65], (p=3, n=2, P=27, N=33)
2025-03-05 17:50:37,381 - INFO - *****GROWING RR RULE*****
2025-03-05 17:50:37,485 - INFO - Iteracja 0: condition_best: None, quality_best: -inf, coverage_best: (p=0, n=0, P=0, N=0), p_value: 0
2025-03-05 17:50:37,485 - INFO - Regula po iteracji 0: IF  THEN class = {940.36} [878.67, 1,002.04], (p=40, n=20, P=40, N=20)
2025-03-05 17:50:37,485 - INFO - *****STOP GROWING RR RULE*****
2025-03-05 17:50:37,485 - INFO - ***RR NOT FOUND***
2025-03-05 17:50:37,491 - INFO - Iteracja 2: condition_best: None, quality_best: -inf, coverage_best: (p=0, n=0, P=0, N=0)
2025-03-05 17:50:37,491 - INFO - Regula po iteracji 2: IF POPN <= 3.05 AND PREC >= 14.50 THEN class = {912.21} [867.77, 956.65], (p=3, n=2, P=27, N=33)
2025-03-05 17:50:37,491 - INFO - *******STOP GROWING CR RULE*******
2025-03-05 17:50:37,492 - INFO - *******GROWING CR RULE*******
2025-03-05 17:50:37,544 - INFO - Iteracja 0: condition_best: NONW <= 5.20, quality_best: 0.409, coverage_best: (p=13, n=4, P=28, N=32)
2025-03-05 17:50:37,544 - INFO - Regula po iteracji 0: IF NONW <= 5.20 THEN class = {903.41} [854.80, 952.01], (p=13, n=4, P=28, N=32)
2025-03-05 17:50:37,544 - INFO - *****GROWING RR RULE*****
2025-03-05 17:50:37,648 - INFO - Iteracja 0: condition_best: None, quality_best: -inf, coverage_best: (p=0, n=0, P=0, N=0), p_value: 0
2025-03-05 17:50:37,648 - INFO - Regula po iteracji 0: IF  THEN class = {940.36} [878.67, 1,002.04], (p=40, n=20, P=40, N=20)
2025-03-05 17:50:37,648 - INFO - *****STOP GROWING RR RULE*****
2025-03-05 17:50:37,648 - INFO - ***RR NOT FOUND***
2025-03-05 17:50:37,667 - INFO - Iteracja 1: condition_best: NONW >= 3.45, quality_best: 0.487, coverage_best: (p=7, n=1, P=27, N=33)
2025-03-05 17:50:37,667 - INFO - Regula po iteracji 1: IF NONW <= 5.20 AND NONW >= 3.45 THEN class = {913.31} [870.89, 955.72], (p=7, n=1, P=27, N=33)
2025-03-05 17:50:37,668 - INFO - *****GROWING RR RULE*****
2025-03-05 17:50:37,772 - INFO - Iteracja 0: condition_best: None, quality_best: -inf, coverage_best: (p=0, n=0, P=0, N=0), p_value: 0
2025-03-05 17:50:37,772 - INFO - Regula po iteracji 0: IF  THEN class = {940.36} [878.67, 1,002.04], (p=40, n=20, P=40, N=20)
2025-03-05 17:50:37,772 - INFO - *****STOP GROWING RR RULE*****
2025-03-05 17:50:37,772 - INFO - ***RR NOT FOUND***
2025-03-05 17:50:37,782 - INFO - Iteracja 2: condition_best: JANT <= 35.50, quality_best: 0.274, coverage_best: (p=5, n=2, P=28, N=32)
2025-03-05 17:50:37,782 - INFO - Regula po iteracji 2: IF NONW <= 5.20 AND NONW >= 3.45 AND JANT <= 35.50 THEN class = {916.06} [871.40, 960.73], (p=5, n=2, P=28, N=32)
2025-03-05 17:50:37,782 - INFO - *****GROWING RR RULE*****
2025-03-05 17:50:37,886 - INFO - Iteracja 0: condition_best: None, quality_best: -inf, coverage_best: (p=0, n=0, P=0, N=0), p_value: 0
2025-03-05 17:50:37,886 - INFO - Regula po iteracji 0: IF  THEN class = {940.36} [878.67, 1,002.04], (p=40, n=20, P=40, N=20)
2025-03-05 17:50:37,886 - INFO - *****STOP GROWING RR RULE*****
2025-03-05 17:50:37,886 - INFO - ***RR NOT FOUND***
2025-03-05 17:50:37,894 - INFO - Iteracja 3: condition_best: PREC >= 31.50, quality_best: 0.095, coverage_best: (p=3, n=2, P=31, N=29)
2025-03-05 17:50:37,894 - INFO - Regula po iteracji 3: IF NONW <= 5.20 AND NONW >= 3.45 AND JANT <= 35.50 AND PREC >= 31.50 THEN class = {933.87} [892.84, 974.90], (p=3, n=2, P=31, N=29)
2025-03-05 17:50:37,895 - INFO - *****GROWING RR RULE*****
2025-03-05 17:50:37,998 - INFO - Iteracja 0: condition_best: WWDRK <= 42.85, quality_best: 0.19, coverage_best: (p=8, n=6, P=24, N=36), p_value: 0.19
2025-03-05 17:50:37,999 - INFO - Regula po iteracji 0: IF WWDRK <= 42.85 THEN class = {940.36} [878.67, 1,002.04], (p=8, n=6, P=24, N=36)
2025-03-05 17:50:38,029 - INFO - Iteracja 1: condition_best: DENS >= 2,772.50, quality_best: 0.234, coverage_best: (p=6, n=4, P=22, N=38), p_value: 0.234
2025-03-05 17:50:38,029 - INFO - Regula po iteracji 1: IF WWDRK <= 42.85 AND DENS >= 2,772.50 THEN class = {948.02} [912.25, 983.79], (p=6, n=4, P=22, N=38)
2025-03-05 17:50:38,050 - INFO - Iteracja 2: condition_best: JULT >= 70.50, quality_best: 0.362, coverage_best: (p=6, n=3, P=17, N=43), p_value: 0.362
2025-03-05 17:50:38,051 - INFO - Regula po iteracji 2: IF WWDRK <= 42.85 AND DENS >= 2,772.50 AND JULT >= 70.50 THEN class = {947.99} [919.25, 976.72], (p=6, n=3, P=17, N=43)
2025-03-05 17:50:38,070 - INFO - Iteracja 3: condition_best: None, quality_best: -inf, coverage_best: (p=0, n=0, P=0, N=0), p_value: 0.362
2025-03-05 17:50:38,070 - INFO - Regula po iteracji 3: IF WWDRK <= 42.85 AND DENS >= 2,772.50 AND JULT >= 70.50 THEN class = {942.00} [918.36, 965.63], (p=6, n=3, P=17, N=43)
2025-03-05 17:50:38,070 - INFO - *****STOP GROWING RR RULE*****
2025-03-05 17:50:38,070 - INFO - ***RR FOUND***
2025-03-05 17:50:38,070 - INFO - Reference rule: IF WWDRK <= 42.85 AND DENS >= 2,772.50 AND JULT >= 70.50 THEN class = {942.00} [918.36, 965.63]
2025-03-05 17:50:38,070 - INFO - ***CHECKING EXCEPTION***
2025-03-05 17:50:38,072 - INFO - CR vs RR p_value: 0.6403708625217639
2025-03-05 17:50:38,072 - INFO - ER vs CR p_value: 0.7664327164541457
2025-03-05 17:50:38,072 - INFO - ER vs RR p_value: 0.2216119602090857
2025-03-05 17:50:38,072 - INFO - ***ER NOT FOUND***
2025-03-05 17:50:38,078 - INFO - Iteracja 4: condition_best: None, quality_best: -inf, coverage_best: (p=0, n=0, P=0, N=0)
2025-03-05 17:50:38,078 - INFO - Regula po iteracji 4: IF NONW <= 5.20 AND NONW >= 3.45 AND JANT <= 35.50 AND PREC >= 31.50 THEN class = {933.87} [892.84, 974.90], (p=3, n=2, P=31, N=29)
2025-03-05 17:50:38,078 - INFO - *******STOP GROWING CR RULE*******
2025-03-05 17:50:38,079 - INFO - *******GROWING CR RULE*******
2025-03-05 17:50:38,131 - INFO - Iteracja 0: condition_best: NONW <= 5.20, quality_best: 0.409, coverage_best: (p=13, n=4, P=28, N=32)
2025-03-05 17:50:38,131 - INFO - Regula po iteracji 0: IF NONW <= 5.20 THEN class = {903.41} [854.80, 952.01], (p=13, n=4, P=28, N=32)
2025-03-05 17:50:38,132 - INFO - *****GROWING RR RULE*****
2025-03-05 17:50:38,236 - INFO - Iteracja 0: condition_best: None, quality_best: -inf, coverage_best: (p=0, n=0, P=0, N=0), p_value: 0
2025-03-05 17:50:38,236 - INFO - Regula po iteracji 0: IF  THEN class = {940.36} [878.67, 1,002.04], (p=40, n=20, P=40, N=20)
2025-03-05 17:50:38,236 - INFO - *****STOP GROWING RR RULE*****
2025-03-05 17:50:38,236 - INFO - ***RR NOT FOUND***
2025-03-05 17:50:38,253 - INFO - Iteracja 1: condition_best: PREC >= 37.50, quality_best: 0.467, coverage_best: (p=8, n=2, P=22, N=38)
2025-03-05 17:50:38,253 - INFO - Regula po iteracji 1: IF NONW <= 5.20 AND PREC >= 37.50 THEN class = {920.03} [887.30, 952.77], (p=8, n=2, P=22, N=38)
2025-03-05 17:50:38,254 - INFO - *****GROWING RR RULE*****
2025-03-05 17:50:38,357 - INFO - Iteracja 0: condition_best: None, quality_best: -inf, coverage_best: (p=0, n=0, P=0, N=0), p_value: 0
2025-03-05 17:50:38,358 - INFO - Regula po iteracji 0: IF  THEN class = {940.36} [878.67, 1,002.04], (p=40, n=20, P=40, N=20)
2025-03-05 17:50:38,358 - INFO - *****STOP GROWING RR RULE*****
2025-03-05 17:50:38,358 - INFO - ***RR NOT FOUND***
2025-03-05 17:50:38,369 - INFO - Iteracja 2: condition_best: POPN <= 3.31, quality_best: 0.481, coverage_best: (p=6, n=2, P=14, N=46)
2025-03-05 17:50:38,369 - INFO - Regula po iteracji 2: IF NONW <= 5.20 AND PREC >= 37.50 AND POPN <= 3.31 THEN class = {925.70} [904.06, 947.34], (p=6, n=2, P=14, N=46)
2025-03-05 17:50:38,369 - INFO - *****GROWING RR RULE*****
2025-03-05 17:50:38,473 - INFO - Iteracja 0: condition_best: None, quality_best: -inf, coverage_best: (p=0, n=0, P=0, N=0), p_value: 0
2025-03-05 17:50:38,473 - INFO - Regula po iteracji 0: IF  THEN class = {940.36} [878.67, 1,002.04], (p=40, n=20, P=40, N=20)
2025-03-05 17:50:38,473 - INFO - *****STOP GROWING RR RULE*****
2025-03-05 17:50:38,473 - INFO - ***RR NOT FOUND***
2025-03-05 17:50:38,482 - INFO - Iteracja 3: condition_best: JULT >= 70.50, quality_best: 0.44, coverage_best: (p=5, n=2, P=13, N=47)
2025-03-05 17:50:38,482 - INFO - Regula po iteracji 3: IF NONW <= 5.20 AND PREC >= 37.50 AND POPN <= 3.31 AND JULT >= 70.50 THEN class = {929.99} [910.28, 949.69], (p=5, n=2, P=13, N=47)
2025-03-05 17:50:38,482 - INFO - *****GROWING RR RULE*****
2025-03-05 17:50:38,586 - INFO - Iteracja 0: condition_best: None, quality_best: -inf, coverage_best: (p=0, n=0, P=0, N=0), p_value: 0
2025-03-05 17:50:38,586 - INFO - Regula po iteracji 0: IF  THEN class = {940.36} [878.67, 1,002.04], (p=40, n=20, P=40, N=20)
2025-03-05 17:50:38,586 - INFO - *****STOP GROWING RR RULE*****
2025-03-05 17:50:38,586 - INFO - ***RR NOT FOUND***
2025-03-05 17:50:38,594 - INFO - Iteracja 4: condition_best: EDUC <= 11.60, quality_best: 0.376, coverage_best: (p=4, n=2, P=13, N=47)
2025-03-05 17:50:38,594 - INFO - Regula po iteracji 4: IF NONW <= 5.20 AND PREC >= 37.50 AND POPN <= 3.31 AND JULT >= 70.50 AND EDUC <= 11.60 THEN class = {929.20} [908.02, 950.39], (p=4, n=2, P=13, N=47)
2025-03-05 17:50:38,595 - INFO - *****GROWING RR RULE*****
2025-03-05 17:50:38,698 - INFO - Iteracja 0: condition_best: None, quality_best: -inf, coverage_best: (p=0, n=0, P=0, N=0), p_value: 0
2025-03-05 17:50:38,699 - INFO - Regula po iteracji 0: IF  THEN class = {940.36} [878.67, 1,002.04], (p=40, n=20, P=40, N=20)
2025-03-05 17:50:38,699 - INFO - *****STOP GROWING RR RULE*****
2025-03-05 17:50:38,699 - INFO - ***RR NOT FOUND***
2025-03-05 17:50:38,699 - INFO - *******STOP GROWING CR RULE*******
2025-03-05 17:50:38,700 - INFO - *******GROWING CR RULE*******
2025-03-05 17:50:38,752 - INFO - Iteracja 0: condition_best: HOUS <= 79.85, quality_best: 0.409, coverage_best: (p=20, n=5, P=35, N=25)
2025-03-05 17:50:38,752 - INFO - Regula po iteracji 0: IF HOUS <= 79.85 THEN class = {961.81} [910.82, 1,012.80], (p=20, n=5, P=35, N=25)
2025-03-05 17:50:38,752 - INFO - *****GROWING RR RULE*****
2025-03-05 17:50:38,855 - INFO - Iteracja 0: condition_best: None, quality_best: -inf, coverage_best: (p=0, n=0, P=0, N=0), p_value: 0
2025-03-05 17:50:38,855 - INFO - Regula po iteracji 0: IF  THEN class = {940.36} [878.67, 1,002.04], (p=40, n=20, P=40, N=20)
2025-03-05 17:50:38,855 - INFO - *****STOP GROWING RR RULE*****
2025-03-05 17:50:38,855 - INFO - ***RR NOT FOUND***
2025-03-05 17:50:38,882 - INFO - Iteracja 1: condition_best: HOUS >= 71.05, quality_best: 0.519, coverage_best: (p=19, n=3, P=35, N=25)
2025-03-05 17:50:38,882 - INFO - Regula po iteracji 1: IF HOUS <= 79.85 AND HOUS >= 71.05 THEN class = {956.19} [905.52, 1,006.86], (p=19, n=3, P=35, N=25)
2025-03-05 17:50:38,882 - INFO - *****GROWING RR RULE*****
2025-03-05 17:50:38,986 - INFO - Iteracja 0: condition_best: None, quality_best: -inf, coverage_best: (p=0, n=0, P=0, N=0), p_value: 0
2025-03-05 17:50:38,986 - INFO - Regula po iteracji 0: IF  THEN class = {940.36} [878.67, 1,002.04], (p=40, n=20, P=40, N=20)
2025-03-05 17:50:38,986 - INFO - *****STOP GROWING RR RULE*****
2025-03-05 17:50:38,986 - INFO - ***RR NOT FOUND***
2025-03-05 17:50:39,010 - INFO - Iteracja 2: condition_best: JULT >= 70.50, quality_best: 0.595, coverage_best: (p=19, n=2, P=35, N=25)
2025-03-05 17:50:39,010 - INFO - Regula po iteracji 2: IF HOUS <= 79.85 AND HOUS >= 71.05 AND JULT >= 70.50 THEN class = {959.07} [909.00, 1,009.14], (p=19, n=2, P=35, N=25)
2025-03-05 17:50:39,010 - INFO - *****GROWING RR RULE*****
2025-03-05 17:50:39,113 - INFO - Iteracja 0: condition_best: None, quality_best: -inf, coverage_best: (p=0, n=0, P=0, N=0), p_value: 0
2025-03-05 17:50:39,113 - INFO - Regula po iteracji 0: IF  THEN class = {940.36} [878.67, 1,002.04], (p=40, n=20, P=40, N=20)
2025-03-05 17:50:39,114 - INFO - *****STOP GROWING RR RULE*****
2025-03-05 17:50:39,114 - INFO - ***RR NOT FOUND***
2025-03-05 17:50:39,136 - INFO - Iteracja 3: condition_best: JANT <= 54.50, quality_best: 0.575, coverage_best: (p=18, n=2, P=35, N=25)
2025-03-05 17:50:39,136 - INFO - Regula po iteracji 3: IF HOUS <= 79.85 AND HOUS >= 71.05 AND JULT >= 70.50 AND JANT <= 54.50 THEN class = {959.40} [908.11, 1,010.68], (p=18, n=2, P=35, N=25)
2025-03-05 17:50:39,136 - INFO - *****GROWING RR RULE*****
2025-03-05 17:50:39,240 - INFO - Iteracja 0: condition_best: None, quality_best: -inf, coverage_best: (p=0, n=0, P=0, N=0), p_value: 0
2025-03-05 17:50:39,240 - INFO - Regula po iteracji 0: IF  THEN class = {940.36} [878.67, 1,002.04], (p=40, n=20, P=40, N=20)
2025-03-05 17:50:39,240 - INFO - *****STOP GROWING RR RULE*****
2025-03-05 17:50:39,240 - INFO - ***RR NOT FOUND***
2025-03-05 17:50:39,262 - INFO - Iteracja 4: condition_best: JULT <= 81.50, quality_best: 0.555, coverage_best: (p=17, n=2, P=35, N=25)
2025-03-05 17:50:39,262 - INFO - Regula po iteracji 4: IF HOUS <= 79.85 AND HOUS >= 71.05 AND JULT >= 70.50 AND JANT <= 54.50 AND JULT <= 81.50 THEN class = {956.92} [905.48, 1,008.36], (p=17, n=2, P=35, N=25)
2025-03-05 17:50:39,262 - INFO - *****GROWING RR RULE*****
2025-03-05 17:50:39,366 - INFO - Iteracja 0: condition_best: None, quality_best: -inf, coverage_best: (p=0, n=0, P=0, N=0), p_value: 0
2025-03-05 17:50:39,366 - INFO - Regula po iteracji 0: IF  THEN class = {940.36} [878.67, 1,002.04], (p=40, n=20, P=40, N=20)
2025-03-05 17:50:39,366 - INFO - *****STOP GROWING RR RULE*****
2025-03-05 17:50:39,366 - INFO - ***RR NOT FOUND***
2025-03-05 17:50:39,366 - INFO - *******STOP GROWING CR RULE*******
2025-03-05 17:50:39,367 - INFO - *******GROWING CR RULE*******
2025-03-05 17:50:39,419 - INFO - Iteracja 0: condition_best: NONW <= 9.15, quality_best: 0.36, coverage_best: (p=21, n=8, P=31, N=29)
2025-03-05 17:50:39,419 - INFO - Regula po iteracji 0: IF NONW <= 9.15 THEN class = {905.15} [855.53, 954.76], (p=21, n=8, P=31, N=29)
2025-03-05 17:50:39,419 - INFO - *****GROWING RR RULE*****
2025-03-05 17:50:39,522 - INFO - Iteracja 0: condition_best: None, quality_best: -inf, coverage_best: (p=0, n=0, P=0, N=0), p_value: 0
2025-03-05 17:50:39,522 - INFO - Regula po iteracji 0: IF  THEN class = {940.36} [878.67, 1,002.04], (p=40, n=20, P=40, N=20)
2025-03-05 17:50:39,522 - INFO - *****STOP GROWING RR RULE*****
2025-03-05 17:50:39,522 - INFO - ***RR NOT FOUND***
2025-03-05 17:50:39,551 - INFO - Iteracja 1: condition_best: NOX <= 27.50, quality_best: 0.51, coverage_best: (p=18, n=6, P=24, N=36)
2025-03-05 17:50:39,551 - INFO - Regula po iteracji 1: IF NONW <= 9.15 AND NOX <= 27.50 THEN class = {909.63} [867.12, 952.13], (p=18, n=6, P=24, N=36)
2025-03-05 17:50:39,551 - INFO - *****GROWING RR RULE*****
2025-03-05 17:50:39,655 - INFO - Iteracja 0: condition_best: None, quality_best: -inf, coverage_best: (p=0, n=0, P=0, N=0), p_value: 0
2025-03-05 17:50:39,656 - INFO - Regula po iteracji 0: IF  THEN class = {940.36} [878.67, 1,002.04], (p=40, n=20, P=40, N=20)
2025-03-05 17:50:39,656 - INFO - *****STOP GROWING RR RULE*****
2025-03-05 17:50:39,656 - INFO - ***RR NOT FOUND***
2025-03-05 17:50:39,680 - INFO - Iteracja 2: condition_best: NONW >= 4.25, quality_best: 0.568, coverage_best: (p=11, n=2, P=22, N=38)
2025-03-05 17:50:39,680 - INFO - Regula po iteracji 2: IF NONW <= 9.15 AND NOX <= 27.50 AND NONW >= 4.25 THEN class = {902.13} [862.20, 942.07], (p=11, n=2, P=22, N=38)
2025-03-05 17:50:39,680 - INFO - *****GROWING RR RULE*****
2025-03-05 17:50:39,784 - INFO - Iteracja 0: condition_best: None, quality_best: -inf, coverage_best: (p=0, n=0, P=0, N=0), p_value: 0
2025-03-05 17:50:39,784 - INFO - Regula po iteracji 0: IF  THEN class = {940.36} [878.67, 1,002.04], (p=40, n=20, P=40, N=20)
2025-03-05 17:50:39,784 - INFO - *****STOP GROWING RR RULE*****
2025-03-05 17:50:39,784 - INFO - ***RR NOT FOUND***
2025-03-05 17:50:39,799 - INFO - Iteracja 3: condition_best: HOUS >= 81.25, quality_best: 0.593, coverage_best: (p=9, n=1, P=22, N=38)
2025-03-05 17:50:39,799 - INFO - Regula po iteracji 3: IF NONW <= 9.15 AND NOX <= 27.50 AND NONW >= 4.25 AND HOUS >= 81.25 THEN class = {907.98} [870.49, 945.47], (p=9, n=1, P=22, N=38)
2025-03-05 17:50:39,799 - INFO - *****GROWING RR RULE*****
2025-03-05 17:50:39,903 - INFO - Iteracja 0: condition_best: None, quality_best: -inf, coverage_best: (p=0, n=0, P=0, N=0), p_value: 0
2025-03-05 17:50:39,904 - INFO - Regula po iteracji 0: IF  THEN class = {940.36} [878.67, 1,002.04], (p=40, n=20, P=40, N=20)
2025-03-05 17:50:39,904 - INFO - *****STOP GROWING RR RULE*****
2025-03-05 17:50:39,904 - INFO - ***RR NOT FOUND***
2025-03-05 17:50:39,915 - INFO - Iteracja 4: condition_best: JANT <= 35.00, quality_best: 0.552, coverage_best: (p=8, n=1, P=23, N=37)
2025-03-05 17:50:39,915 - INFO - Regula po iteracji 4: IF NONW <= 9.15 AND NOX <= 27.50 AND NONW >= 4.25 AND HOUS >= 81.25 AND JANT <= 35.00 THEN class = {908.95} [869.55, 948.34], (p=8, n=1, P=23, N=37)
2025-03-05 17:50:39,915 - INFO - *****GROWING RR RULE*****
2025-03-05 17:50:40,019 - INFO - Iteracja 0: condition_best: JULT <= 69.50, quality_best: 0.27, coverage_best: (p=4, n=2, P=23, N=37), p_value: 0.27
2025-03-05 17:50:40,019 - INFO - Regula po iteracji 0: IF JULT <= 69.50 THEN class = {940.36} [878.67, 1,002.04], (p=4, n=2, P=23, N=37)
2025-03-05 17:50:40,033 - INFO - Iteracja 1: condition_best: None, quality_best: -inf, coverage_best: (p=0, n=0, P=0, N=0), p_value: 0.27
2025-03-05 17:50:40,033 - INFO - Regula po iteracji 1: IF JULT <= 69.50 THEN class = {881.11} [835.87, 926.35], (p=4, n=2, P=23, N=37)
2025-03-05 17:50:40,033 - INFO - *****STOP GROWING RR RULE*****
2025-03-05 17:50:40,033 - INFO - ***RR FOUND***
2025-03-05 17:50:40,033 - INFO - Reference rule: IF JULT <= 69.50 THEN class = {881.11} [835.87, 926.35]
2025-03-05 17:50:40,033 - INFO - ***CHECKING EXCEPTION***
2025-03-05 17:50:40,035 - INFO - CR vs RR p_value: 0.479107370150633
2025-03-05 17:50:40,035 - INFO - ER vs CR p_value: 0.3826424367230894
2025-03-05 17:50:40,035 - INFO - ER vs RR p_value: 0.312950675522914
2025-03-05 17:50:40,035 - INFO - ***ER NOT FOUND***
2025-03-05 17:50:40,035 - INFO - *******STOP GROWING CR RULE*******
2025-03-05 17:50:40,037 - INFO - *******GROWING CR RULE*******
2025-03-05 17:50:40,088 - INFO - Iteracja 0: condition_best: PREC <= 10.50, quality_best: 1.0, coverage_best: (p=1, n=0, P=1, N=59)
2025-03-05 17:50:40,088 - INFO - Regula po iteracji 0: IF PREC <= 10.50 THEN class = {839.71} [839.71, 839.71], (p=1, n=0, P=1, N=59)
2025-03-05 17:50:40,088 - INFO - *****GROWING RR RULE*****
2025-03-05 17:50:40,193 - INFO - Iteracja 0: condition_best: None, quality_best: -inf, coverage_best: (p=0, n=0, P=0, N=0), p_value: 0
2025-03-05 17:50:40,193 - INFO - Regula po iteracji 0: IF  THEN class = {940.36} [878.67, 1,002.04], (p=40, n=20, P=40, N=20)
2025-03-05 17:50:40,193 - INFO - *****STOP GROWING RR RULE*****
2025-03-05 17:50:40,193 - INFO - ***RR NOT FOUND***
2025-03-05 17:50:40,194 - INFO - Iteracja 1: condition_best: None, quality_best: -inf, coverage_best: (p=0, n=0, P=0, N=0)
2025-03-05 17:50:40,194 - INFO - Regula po iteracji 1: IF PREC <= 10.50 THEN class = {839.71} [839.71, 839.71], (p=1, n=0, P=1, N=59)
2025-03-05 17:50:40,194 - INFO - *******STOP GROWING CR RULE*******
2025-03-05 17:50:40,197 - INFO - ************************Finished experiment for pollution.arff with algorithm4************************
2025-03-05 17:50:40,198 - INFO - *************************************************************************************************************************
2025-03-05 17:50:40,198 - INFO - *************************************************************************************************************************
2025-03-05 17:50:40,198 - INFO - *************************************************************************************************************************
