2025-03-05 14:49:52,870 - INFO - **********Starting experiment for 26_TRACE.arff with algorithm3**********
2025-03-05 14:49:52,885 - INFO - *******GROWING CR RULE*******
2025-03-05 14:51:01,558 - INFO - Iteracja 0: condition_best: age <= 86.96, quality_best: 1.0, coverage_best: (p=1841, n=0, P=1878, N=0)
2025-03-05 14:51:01,575 - INFO - Regula po iteracji 0: IF age <= 86.96 THEN survival_status = {nan}, (p=1841, n=0, P=1878, N=0)
2025-03-05 14:51:01,575 - INFO - *****GROWING RR RULE*****
2025-03-05 14:54:22,046 - INFO - Iteracja 0: condition_best: None, quality_best: -inf, coverage_best: (p=0, n=0, P=0, N=0), p_value: 0
2025-03-05 14:54:22,053 - INFO - Regula po iteracji 0: IF  THEN survival_status = {nan}, (p=1878, n=0, P=1878, N=0)
2025-03-05 14:54:22,054 - INFO - *****STOP GROWING RR RULE*****
2025-03-05 14:54:22,054 - INFO - ***RR NOT FOUND***
2025-03-05 14:55:29,700 - INFO - Iteracja 1: condition_best: age <= 86.81, quality_best: 1.0, coverage_best: (p=1839, n=0, P=1878, N=0)
2025-03-05 14:55:29,716 - INFO - Regula po iteracji 1: IF age <= 86.96 AND age <= 86.81 THEN survival_status = {6.809}, (p=1839, n=0, P=1878, N=0)
2025-03-05 14:55:29,716 - INFO - *****GROWING RR RULE*****
2025-03-05 14:58:50,654 - INFO - Iteracja 0: condition_best: None, quality_best: -inf, coverage_best: (p=0, n=0, P=0, N=0), p_value: 0
2025-03-05 14:58:50,662 - INFO - Regula po iteracji 0: IF  THEN survival_status = {nan}, (p=1878, n=0, P=1878, N=0)
2025-03-05 14:58:50,662 - INFO - *****STOP GROWING RR RULE*****
2025-03-05 14:58:50,662 - INFO - ***RR NOT FOUND***
2025-03-05 14:59:58,309 - INFO - Iteracja 2: condition_best: age <= 86.79, quality_best: 1.0, coverage_best: (p=1838, n=0, P=1878, N=0)
2025-03-05 14:59:58,326 - INFO - Regula po iteracji 2: IF age <= 86.96 AND age <= 86.81 AND age <= 86.79 THEN survival_status = {6.817}, (p=1838, n=0, P=1878, N=0)
2025-03-05 14:59:58,327 - INFO - *****GROWING RR RULE*****
2025-03-05 15:03:18,639 - INFO - Iteracja 0: condition_best: None, quality_best: -inf, coverage_best: (p=0, n=0, P=0, N=0), p_value: 0
2025-03-05 15:03:18,646 - INFO - Regula po iteracji 0: IF  THEN survival_status = {nan}, (p=1878, n=0, P=1878, N=0)
2025-03-05 15:03:18,646 - INFO - *****STOP GROWING RR RULE*****
2025-03-05 15:03:18,646 - INFO - ***RR NOT FOUND***
2025-03-05 15:04:26,466 - INFO - Iteracja 3: condition_best: age <= 86.75, quality_best: 1.0, coverage_best: (p=1837, n=0, P=1878, N=0)
2025-03-05 15:04:26,483 - INFO - Regula po iteracji 3: IF age <= 86.96 AND age <= 86.81 AND age <= 86.79 AND age <= 86.75 THEN survival_status = {6.817}, (p=1837, n=0, P=1878, N=0)
2025-03-05 15:04:26,483 - INFO - *****GROWING RR RULE*****
2025-03-05 15:07:47,207 - INFO - Iteracja 0: condition_best: None, quality_best: -inf, coverage_best: (p=0, n=0, P=0, N=0), p_value: 0
2025-03-05 15:07:47,215 - INFO - Regula po iteracji 0: IF  THEN survival_status = {nan}, (p=1878, n=0, P=1878, N=0)
2025-03-05 15:07:47,215 - INFO - *****STOP GROWING RR RULE*****
2025-03-05 15:07:47,215 - INFO - ***RR NOT FOUND***
2025-03-05 15:08:55,217 - INFO - Iteracja 4: condition_best: wmi <= 2.85, quality_best: 1.0, coverage_best: (p=1836, n=0, P=1878, N=0)
2025-03-05 15:08:55,234 - INFO - Regula po iteracji 4: IF age <= 86.96 AND age <= 86.81 AND age <= 86.79 AND age <= 86.75 AND wmi <= 2.85 THEN survival_status = {6.817}, (p=1836, n=0, P=1878, N=0)
2025-03-05 15:08:55,234 - INFO - *****GROWING RR RULE*****
2025-03-05 15:12:16,219 - INFO - Iteracja 0: condition_best: None, quality_best: -inf, coverage_best: (p=0, n=0, P=0, N=0), p_value: 0
2025-03-05 15:12:16,227 - INFO - Regula po iteracji 0: IF  THEN survival_status = {nan}, (p=1878, n=0, P=1878, N=0)
2025-03-05 15:12:16,227 - INFO - *****STOP GROWING RR RULE*****
2025-03-05 15:12:16,227 - INFO - ***RR NOT FOUND***
2025-03-05 15:12:16,227 - INFO - *******STOP GROWING CR RULE*******
2025-03-05 15:12:16,250 - INFO - *******GROWING CR RULE*******
2025-03-05 15:13:00,219 - INFO - Iteracja 0: condition_best: wmi >= 0.65, quality_best: 1.0, coverage_best: (p=1810, n=0, P=1878, N=0)
2025-03-05 15:13:00,236 - INFO - Regula po iteracji 0: IF wmi >= 0.65 THEN survival_status = {nan}, (p=1810, n=0, P=1878, N=0)
2025-03-05 15:13:00,237 - INFO - *****GROWING RR RULE*****
2025-03-05 15:16:19,800 - INFO - Iteracja 0: condition_best: None, quality_best: -inf, coverage_best: (p=0, n=0, P=0, N=0), p_value: 0
2025-03-05 15:16:19,808 - INFO - Regula po iteracji 0: IF  THEN survival_status = {nan}, (p=1878, n=0, P=1878, N=0)
2025-03-05 15:16:19,808 - INFO - *****STOP GROWING RR RULE*****
2025-03-05 15:16:19,808 - INFO - ***RR NOT FOUND***
2025-03-05 15:17:02,745 - INFO - Iteracja 1: condition_best: wmi <= 2.85, quality_best: 1.0, coverage_best: (p=1809, n=0, P=1878, N=0)
2025-03-05 15:17:02,762 - INFO - Regula po iteracji 1: IF wmi >= 0.65 AND wmi <= 2.85 THEN survival_status = {7.044}, (p=1809, n=0, P=1878, N=0)
2025-03-05 15:17:02,762 - INFO - *****GROWING RR RULE*****
2025-03-05 15:20:22,432 - INFO - Iteracja 0: condition_best: None, quality_best: -inf, coverage_best: (p=0, n=0, P=0, N=0), p_value: 0
2025-03-05 15:20:22,440 - INFO - Regula po iteracji 0: IF  THEN survival_status = {nan}, (p=1878, n=0, P=1878, N=0)
2025-03-05 15:20:22,440 - INFO - *****STOP GROWING RR RULE*****
2025-03-05 15:20:22,440 - INFO - ***RR NOT FOUND***
2025-03-05 15:21:05,480 - INFO - Iteracja 2: condition_best: wmi <= 2.50, quality_best: 1.0, coverage_best: (p=1808, n=0, P=1878, N=0)
2025-03-05 15:21:05,496 - INFO - Regula po iteracji 2: IF wmi >= 0.65 AND wmi <= 2.85 AND wmi <= 2.50 THEN survival_status = {6.877}, (p=1808, n=0, P=1878, N=0)
2025-03-05 15:21:05,496 - INFO - *****GROWING RR RULE*****
2025-03-05 15:24:25,296 - INFO - Iteracja 0: condition_best: None, quality_best: -inf, coverage_best: (p=0, n=0, P=0, N=0), p_value: 0
2025-03-05 15:24:25,303 - INFO - Regula po iteracji 0: IF  THEN survival_status = {nan}, (p=1878, n=0, P=1878, N=0)
2025-03-05 15:24:25,303 - INFO - *****STOP GROWING RR RULE*****
2025-03-05 15:24:25,303 - INFO - ***RR NOT FOUND***
2025-03-05 15:25:08,621 - INFO - Iteracja 3: condition_best: wmi <= 2.25, quality_best: 1.0, coverage_best: (p=1807, n=0, P=1878, N=0)
2025-03-05 15:25:08,638 - INFO - Regula po iteracji 3: IF wmi >= 0.65 AND wmi <= 2.85 AND wmi <= 2.50 AND wmi <= 2.25 THEN survival_status = {7.044}, (p=1807, n=0, P=1878, N=0)
2025-03-05 15:25:08,638 - INFO - *****GROWING RR RULE*****
2025-03-05 15:28:27,618 - INFO - Iteracja 0: condition_best: None, quality_best: -inf, coverage_best: (p=0, n=0, P=0, N=0), p_value: 0
2025-03-05 15:28:27,626 - INFO - Regula po iteracji 0: IF  THEN survival_status = {nan}, (p=1878, n=0, P=1878, N=0)
2025-03-05 15:28:27,626 - INFO - *****STOP GROWING RR RULE*****
2025-03-05 15:28:27,626 - INFO - ***RR NOT FOUND***
2025-03-05 15:29:11,060 - INFO - Iteracja 4: condition_best: age <= 94.38, quality_best: 1.0, coverage_best: (p=1806, n=0, P=1878, N=0)
2025-03-05 15:29:11,077 - INFO - Regula po iteracji 4: IF wmi >= 0.65 AND wmi <= 2.85 AND wmi <= 2.50 AND wmi <= 2.25 AND age <= 94.38 THEN survival_status = {7.044}, (p=1806, n=0, P=1878, N=0)
2025-03-05 15:29:11,078 - INFO - *****GROWING RR RULE*****
2025-03-05 15:32:31,156 - INFO - Iteracja 0: condition_best: None, quality_best: -inf, coverage_best: (p=0, n=0, P=0, N=0), p_value: 0
2025-03-05 15:32:31,163 - INFO - Regula po iteracji 0: IF  THEN survival_status = {nan}, (p=1878, n=0, P=1878, N=0)
2025-03-05 15:32:31,163 - INFO - *****STOP GROWING RR RULE*****
2025-03-05 15:32:31,163 - INFO - ***RR NOT FOUND***
2025-03-05 15:32:31,163 - INFO - *******STOP GROWING CR RULE*******
2025-03-05 15:32:31,179 - INFO - *******GROWING CR RULE*******
2025-03-05 15:33:14,509 - INFO - Iteracja 0: condition_best: age <= 86.96, quality_best: 1.0, coverage_best: (p=1841, n=0, P=1878, N=0)
2025-03-05 15:33:14,526 - INFO - Regula po iteracji 0: IF age <= 86.96 THEN survival_status = {nan}, (p=1841, n=0, P=1878, N=0)
2025-03-05 15:33:14,526 - INFO - *****GROWING RR RULE*****
2025-03-05 15:36:35,209 - INFO - Iteracja 0: condition_best: None, quality_best: -inf, coverage_best: (p=0, n=0, P=0, N=0), p_value: 0
2025-03-05 15:36:35,217 - INFO - Regula po iteracji 0: IF  THEN survival_status = {nan}, (p=1878, n=0, P=1878, N=0)
2025-03-05 15:36:35,217 - INFO - *****STOP GROWING RR RULE*****
2025-03-05 15:36:35,217 - INFO - ***RR NOT FOUND***
2025-03-05 15:37:18,448 - INFO - Iteracja 1: condition_best: age <= 86.81, quality_best: 1.0, coverage_best: (p=1839, n=0, P=1878, N=0)
2025-03-05 15:37:18,465 - INFO - Regula po iteracji 1: IF age <= 86.96 AND age <= 86.81 THEN survival_status = {6.809}, (p=1839, n=0, P=1878, N=0)
2025-03-05 15:37:18,465 - INFO - *****GROWING RR RULE*****
2025-03-05 15:40:39,413 - INFO - Iteracja 0: condition_best: None, quality_best: -inf, coverage_best: (p=0, n=0, P=0, N=0), p_value: 0
2025-03-05 15:40:39,421 - INFO - Regula po iteracji 0: IF  THEN survival_status = {nan}, (p=1878, n=0, P=1878, N=0)
2025-03-05 15:40:39,421 - INFO - *****STOP GROWING RR RULE*****
2025-03-05 15:40:39,421 - INFO - ***RR NOT FOUND***
2025-03-05 15:41:22,740 - INFO - Iteracja 2: condition_best: age <= 86.79, quality_best: 1.0, coverage_best: (p=1838, n=0, P=1878, N=0)
2025-03-05 15:41:22,757 - INFO - Regula po iteracji 2: IF age <= 86.96 AND age <= 86.81 AND age <= 86.79 THEN survival_status = {6.817}, (p=1838, n=0, P=1878, N=0)
2025-03-05 15:41:22,757 - INFO - *****GROWING RR RULE*****
2025-03-05 15:44:43,517 - INFO - Iteracja 0: condition_best: None, quality_best: -inf, coverage_best: (p=0, n=0, P=0, N=0), p_value: 0
2025-03-05 15:44:43,525 - INFO - Regula po iteracji 0: IF  THEN survival_status = {nan}, (p=1878, n=0, P=1878, N=0)
2025-03-05 15:44:43,525 - INFO - *****STOP GROWING RR RULE*****
2025-03-05 15:44:43,525 - INFO - ***RR NOT FOUND***
2025-03-05 15:45:26,938 - INFO - Iteracja 3: condition_best: age <= 86.75, quality_best: 1.0, coverage_best: (p=1837, n=0, P=1878, N=0)
2025-03-05 15:45:26,955 - INFO - Regula po iteracji 3: IF age <= 86.96 AND age <= 86.81 AND age <= 86.79 AND age <= 86.75 THEN survival_status = {6.817}, (p=1837, n=0, P=1878, N=0)
2025-03-05 15:45:26,955 - INFO - *****GROWING RR RULE*****
2025-03-05 15:48:48,289 - INFO - Iteracja 0: condition_best: None, quality_best: -inf, coverage_best: (p=0, n=0, P=0, N=0), p_value: 0
2025-03-05 15:48:48,297 - INFO - Regula po iteracji 0: IF  THEN survival_status = {nan}, (p=1878, n=0, P=1878, N=0)
2025-03-05 15:48:48,297 - INFO - *****STOP GROWING RR RULE*****
2025-03-05 15:48:48,297 - INFO - ***RR NOT FOUND***
2025-03-05 15:49:31,735 - INFO - Iteracja 4: condition_best: wmi <= 2.85, quality_best: 1.0, coverage_best: (p=1836, n=0, P=1878, N=0)
2025-03-05 15:49:31,752 - INFO - Regula po iteracji 4: IF age <= 86.96 AND age <= 86.81 AND age <= 86.79 AND age <= 86.75 AND wmi <= 2.85 THEN survival_status = {6.817}, (p=1836, n=0, P=1878, N=0)
2025-03-05 15:49:31,752 - INFO - *****GROWING RR RULE*****
2025-03-05 15:52:52,716 - INFO - Iteracja 0: condition_best: None, quality_best: -inf, coverage_best: (p=0, n=0, P=0, N=0), p_value: 0
2025-03-05 15:52:52,724 - INFO - Regula po iteracji 0: IF  THEN survival_status = {nan}, (p=1878, n=0, P=1878, N=0)
2025-03-05 15:52:52,724 - INFO - *****STOP GROWING RR RULE*****
2025-03-05 15:52:52,724 - INFO - ***RR NOT FOUND***
2025-03-05 15:52:52,724 - INFO - *******STOP GROWING CR RULE*******
2025-03-05 15:52:52,763 - INFO - ************************Finished experiment for 26_TRACE.arff with algorithm3************************
2025-03-05 15:52:52,763 - INFO - *************************************************************************************************************************
2025-03-05 15:52:52,763 - INFO - *************************************************************************************************************************
2025-03-05 15:52:52,763 - INFO - *************************************************************************************************************************
2025-03-05 15:52:52,764 - INFO - **********Starting experiment for 26_TRACE.arff with algorithm4**********
2025-03-05 15:52:52,780 - INFO - *******GROWING CR RULE*******
2025-03-05 15:54:01,405 - INFO - Iteracja 0: condition_best: age <= 86.96, quality_best: 1.0, coverage_best: (p=1841, n=0, P=1878, N=0)
2025-03-05 15:54:01,422 - INFO - Regula po iteracji 0: IF age <= 86.96 THEN survival_status = {nan}, (p=1841, n=0, P=1878, N=0)
2025-03-05 15:54:01,422 - INFO - *****GROWING RR RULE*****
2025-03-05 15:57:38,811 - INFO - Iteracja 0: condition_best: None, quality_best: -inf, coverage_best: (p=0, n=0, P=0, N=0), p_value: 0
2025-03-05 15:57:38,818 - INFO - Regula po iteracji 0: IF  THEN survival_status = {nan}, (p=1878, n=0, P=1878, N=0)
2025-03-05 15:57:38,818 - INFO - *****STOP GROWING RR RULE*****
2025-03-05 15:57:38,818 - INFO - ***RR NOT FOUND***
2025-03-05 15:58:46,522 - INFO - Iteracja 1: condition_best: age <= 86.81, quality_best: 1.0, coverage_best: (p=1839, n=0, P=1878, N=0)
2025-03-05 15:58:46,539 - INFO - Regula po iteracji 1: IF age <= 86.96 AND age <= 86.81 THEN survival_status = {6.809}, (p=1839, n=0, P=1878, N=0)
2025-03-05 15:58:46,539 - INFO - *****GROWING RR RULE*****
2025-03-05 16:02:24,125 - INFO - Iteracja 0: condition_best: None, quality_best: -inf, coverage_best: (p=0, n=0, P=0, N=0), p_value: 0
2025-03-05 16:02:24,131 - INFO - Regula po iteracji 0: IF  THEN survival_status = {nan}, (p=1878, n=0, P=1878, N=0)
2025-03-05 16:02:24,131 - INFO - *****STOP GROWING RR RULE*****
2025-03-05 16:02:24,131 - INFO - ***RR NOT FOUND***
2025-03-05 16:03:31,874 - INFO - Iteracja 2: condition_best: age <= 86.79, quality_best: 1.0, coverage_best: (p=1838, n=0, P=1878, N=0)
2025-03-05 16:03:31,891 - INFO - Regula po iteracji 2: IF age <= 86.96 AND age <= 86.81 AND age <= 86.79 THEN survival_status = {6.817}, (p=1838, n=0, P=1878, N=0)
2025-03-05 16:03:31,891 - INFO - *****GROWING RR RULE*****
2025-03-05 16:07:09,509 - INFO - Iteracja 0: condition_best: None, quality_best: -inf, coverage_best: (p=0, n=0, P=0, N=0), p_value: 0
2025-03-05 16:07:09,516 - INFO - Regula po iteracji 0: IF  THEN survival_status = {nan}, (p=1878, n=0, P=1878, N=0)
2025-03-05 16:07:09,516 - INFO - *****STOP GROWING RR RULE*****
2025-03-05 16:07:09,516 - INFO - ***RR NOT FOUND***
2025-03-05 16:08:17,300 - INFO - Iteracja 3: condition_best: age <= 86.75, quality_best: 1.0, coverage_best: (p=1837, n=0, P=1878, N=0)
2025-03-05 16:08:17,317 - INFO - Regula po iteracji 3: IF age <= 86.96 AND age <= 86.81 AND age <= 86.79 AND age <= 86.75 THEN survival_status = {6.817}, (p=1837, n=0, P=1878, N=0)
2025-03-05 16:08:17,317 - INFO - *****GROWING RR RULE*****
2025-03-05 16:11:54,833 - INFO - Iteracja 0: condition_best: None, quality_best: -inf, coverage_best: (p=0, n=0, P=0, N=0), p_value: 0
2025-03-05 16:11:54,840 - INFO - Regula po iteracji 0: IF  THEN survival_status = {nan}, (p=1878, n=0, P=1878, N=0)
2025-03-05 16:11:54,840 - INFO - *****STOP GROWING RR RULE*****
2025-03-05 16:11:54,840 - INFO - ***RR NOT FOUND***
2025-03-05 16:13:02,684 - INFO - Iteracja 4: condition_best: wmi <= 2.85, quality_best: 1.0, coverage_best: (p=1836, n=0, P=1878, N=0)
2025-03-05 16:13:02,701 - INFO - Regula po iteracji 4: IF age <= 86.96 AND age <= 86.81 AND age <= 86.79 AND age <= 86.75 AND wmi <= 2.85 THEN survival_status = {6.817}, (p=1836, n=0, P=1878, N=0)
2025-03-05 16:13:02,701 - INFO - *****GROWING RR RULE*****
2025-03-05 16:16:40,188 - INFO - Iteracja 0: condition_best: None, quality_best: -inf, coverage_best: (p=0, n=0, P=0, N=0), p_value: 0
2025-03-05 16:16:40,195 - INFO - Regula po iteracji 0: IF  THEN survival_status = {nan}, (p=1878, n=0, P=1878, N=0)
2025-03-05 16:16:40,195 - INFO - *****STOP GROWING RR RULE*****
2025-03-05 16:16:40,195 - INFO - ***RR NOT FOUND***
2025-03-05 16:16:40,195 - INFO - *******STOP GROWING CR RULE*******
2025-03-05 16:16:40,218 - INFO - *******GROWING CR RULE*******
2025-03-05 16:17:24,127 - INFO - Iteracja 0: condition_best: wmi >= 0.65, quality_best: 1.0, coverage_best: (p=1810, n=0, P=1878, N=0)
2025-03-05 16:17:24,144 - INFO - Regula po iteracji 0: IF wmi >= 0.65 THEN survival_status = {nan}, (p=1810, n=0, P=1878, N=0)
2025-03-05 16:17:24,144 - INFO - *****GROWING RR RULE*****
2025-03-05 16:21:00,695 - INFO - Iteracja 0: condition_best: None, quality_best: -inf, coverage_best: (p=0, n=0, P=0, N=0), p_value: 0
2025-03-05 16:21:00,702 - INFO - Regula po iteracji 0: IF  THEN survival_status = {nan}, (p=1878, n=0, P=1878, N=0)
2025-03-05 16:21:00,702 - INFO - *****STOP GROWING RR RULE*****
2025-03-05 16:21:00,702 - INFO - ***RR NOT FOUND***
2025-03-05 16:21:43,723 - INFO - Iteracja 1: condition_best: wmi <= 2.85, quality_best: 1.0, coverage_best: (p=1809, n=0, P=1878, N=0)
2025-03-05 16:21:43,740 - INFO - Regula po iteracji 1: IF wmi >= 0.65 AND wmi <= 2.85 THEN survival_status = {7.044}, (p=1809, n=0, P=1878, N=0)
2025-03-05 16:21:43,740 - INFO - *****GROWING RR RULE*****
2025-03-05 16:25:20,947 - INFO - Iteracja 0: condition_best: None, quality_best: -inf, coverage_best: (p=0, n=0, P=0, N=0), p_value: 0
2025-03-05 16:25:20,954 - INFO - Regula po iteracji 0: IF  THEN survival_status = {nan}, (p=1878, n=0, P=1878, N=0)
2025-03-05 16:25:20,954 - INFO - *****STOP GROWING RR RULE*****
2025-03-05 16:25:20,954 - INFO - ***RR NOT FOUND***
2025-03-05 16:26:03,993 - INFO - Iteracja 2: condition_best: wmi <= 2.50, quality_best: 1.0, coverage_best: (p=1808, n=0, P=1878, N=0)
2025-03-05 16:26:04,010 - INFO - Regula po iteracji 2: IF wmi >= 0.65 AND wmi <= 2.85 AND wmi <= 2.50 THEN survival_status = {6.877}, (p=1808, n=0, P=1878, N=0)
2025-03-05 16:26:04,010 - INFO - *****GROWING RR RULE*****
2025-03-05 16:29:40,220 - INFO - Iteracja 0: condition_best: None, quality_best: -inf, coverage_best: (p=0, n=0, P=0, N=0), p_value: 0
2025-03-05 16:29:40,227 - INFO - Regula po iteracji 0: IF  THEN survival_status = {nan}, (p=1878, n=0, P=1878, N=0)
2025-03-05 16:29:40,227 - INFO - *****STOP GROWING RR RULE*****
2025-03-05 16:29:40,227 - INFO - ***RR NOT FOUND***
2025-03-05 16:30:23,581 - INFO - Iteracja 3: condition_best: wmi <= 2.25, quality_best: 1.0, coverage_best: (p=1807, n=0, P=1878, N=0)
2025-03-05 16:30:23,598 - INFO - Regula po iteracji 3: IF wmi >= 0.65 AND wmi <= 2.85 AND wmi <= 2.50 AND wmi <= 2.25 THEN survival_status = {7.044}, (p=1807, n=0, P=1878, N=0)
2025-03-05 16:30:23,599 - INFO - *****GROWING RR RULE*****
2025-03-05 16:34:00,366 - INFO - Iteracja 0: condition_best: None, quality_best: -inf, coverage_best: (p=0, n=0, P=0, N=0), p_value: 0
2025-03-05 16:34:00,373 - INFO - Regula po iteracji 0: IF  THEN survival_status = {nan}, (p=1878, n=0, P=1878, N=0)
2025-03-05 16:34:00,373 - INFO - *****STOP GROWING RR RULE*****
2025-03-05 16:34:00,373 - INFO - ***RR NOT FOUND***
2025-03-05 16:34:43,790 - INFO - Iteracja 4: condition_best: age <= 94.38, quality_best: 1.0, coverage_best: (p=1806, n=0, P=1878, N=0)
2025-03-05 16:34:43,806 - INFO - Regula po iteracji 4: IF wmi >= 0.65 AND wmi <= 2.85 AND wmi <= 2.50 AND wmi <= 2.25 AND age <= 94.38 THEN survival_status = {7.044}, (p=1806, n=0, P=1878, N=0)
2025-03-05 16:34:43,807 - INFO - *****GROWING RR RULE*****
2025-03-05 16:38:21,059 - INFO - Iteracja 0: condition_best: None, quality_best: -inf, coverage_best: (p=0, n=0, P=0, N=0), p_value: 0
2025-03-05 16:38:21,066 - INFO - Regula po iteracji 0: IF  THEN survival_status = {nan}, (p=1878, n=0, P=1878, N=0)
2025-03-05 16:38:21,066 - INFO - *****STOP GROWING RR RULE*****
2025-03-05 16:38:21,066 - INFO - ***RR NOT FOUND***
2025-03-05 16:38:21,066 - INFO - *******STOP GROWING CR RULE*******
2025-03-05 16:38:21,082 - INFO - *******GROWING CR RULE*******
2025-03-05 16:39:04,649 - INFO - Iteracja 0: condition_best: age <= 86.96, quality_best: 1.0, coverage_best: (p=1841, n=0, P=1878, N=0)
2025-03-05 16:39:04,666 - INFO - Regula po iteracji 0: IF age <= 86.96 THEN survival_status = {nan}, (p=1841, n=0, P=1878, N=0)
2025-03-05 16:39:04,666 - INFO - *****GROWING RR RULE*****
2025-03-05 16:42:41,979 - INFO - Iteracja 0: condition_best: None, quality_best: -inf, coverage_best: (p=0, n=0, P=0, N=0), p_value: 0
2025-03-05 16:42:41,985 - INFO - Regula po iteracji 0: IF  THEN survival_status = {nan}, (p=1878, n=0, P=1878, N=0)
2025-03-05 16:42:41,985 - INFO - *****STOP GROWING RR RULE*****
2025-03-05 16:42:41,985 - INFO - ***RR NOT FOUND***
2025-03-05 16:43:25,154 - INFO - Iteracja 1: condition_best: age <= 86.81, quality_best: 1.0, coverage_best: (p=1839, n=0, P=1878, N=0)
2025-03-05 16:43:25,171 - INFO - Regula po iteracji 1: IF age <= 86.96 AND age <= 86.81 THEN survival_status = {6.809}, (p=1839, n=0, P=1878, N=0)
2025-03-05 16:43:25,171 - INFO - *****GROWING RR RULE*****
2025-03-05 16:47:02,889 - INFO - Iteracja 0: condition_best: None, quality_best: -inf, coverage_best: (p=0, n=0, P=0, N=0), p_value: 0
2025-03-05 16:47:02,895 - INFO - Regula po iteracji 0: IF  THEN survival_status = {nan}, (p=1878, n=0, P=1878, N=0)
2025-03-05 16:47:02,895 - INFO - *****STOP GROWING RR RULE*****
2025-03-05 16:47:02,895 - INFO - ***RR NOT FOUND***
2025-03-05 16:47:46,389 - INFO - Iteracja 2: condition_best: age <= 86.79, quality_best: 1.0, coverage_best: (p=1838, n=0, P=1878, N=0)
2025-03-05 16:47:46,405 - INFO - Regula po iteracji 2: IF age <= 86.96 AND age <= 86.81 AND age <= 86.79 THEN survival_status = {6.817}, (p=1838, n=0, P=1878, N=0)
2025-03-05 16:47:46,405 - INFO - *****GROWING RR RULE*****
2025-03-05 16:51:23,964 - INFO - Iteracja 0: condition_best: None, quality_best: -inf, coverage_best: (p=0, n=0, P=0, N=0), p_value: 0
2025-03-05 16:51:23,971 - INFO - Regula po iteracji 0: IF  THEN survival_status = {nan}, (p=1878, n=0, P=1878, N=0)
2025-03-05 16:51:23,971 - INFO - *****STOP GROWING RR RULE*****
2025-03-05 16:51:23,971 - INFO - ***RR NOT FOUND***
2025-03-05 16:52:07,505 - INFO - Iteracja 3: condition_best: age <= 86.75, quality_best: 1.0, coverage_best: (p=1837, n=0, P=1878, N=0)
2025-03-05 16:52:07,521 - INFO - Regula po iteracji 3: IF age <= 86.96 AND age <= 86.81 AND age <= 86.79 AND age <= 86.75 THEN survival_status = {6.817}, (p=1837, n=0, P=1878, N=0)
2025-03-05 16:52:07,521 - INFO - *****GROWING RR RULE*****
2025-03-05 16:55:45,025 - INFO - Iteracja 0: condition_best: None, quality_best: -inf, coverage_best: (p=0, n=0, P=0, N=0), p_value: 0
2025-03-05 16:55:45,031 - INFO - Regula po iteracji 0: IF  THEN survival_status = {nan}, (p=1878, n=0, P=1878, N=0)
2025-03-05 16:55:45,031 - INFO - *****STOP GROWING RR RULE*****
2025-03-05 16:55:45,032 - INFO - ***RR NOT FOUND***
2025-03-05 16:56:28,765 - INFO - Iteracja 4: condition_best: wmi <= 2.85, quality_best: 1.0, coverage_best: (p=1836, n=0, P=1878, N=0)
2025-03-05 16:56:28,782 - INFO - Regula po iteracji 4: IF age <= 86.96 AND age <= 86.81 AND age <= 86.79 AND age <= 86.75 AND wmi <= 2.85 THEN survival_status = {6.817}, (p=1836, n=0, P=1878, N=0)
2025-03-05 16:56:28,783 - INFO - *****GROWING RR RULE*****
2025-03-05 17:00:06,084 - INFO - Iteracja 0: condition_best: None, quality_best: -inf, coverage_best: (p=0, n=0, P=0, N=0), p_value: 0
2025-03-05 17:00:06,091 - INFO - Regula po iteracji 0: IF  THEN survival_status = {nan}, (p=1878, n=0, P=1878, N=0)
2025-03-05 17:00:06,091 - INFO - *****STOP GROWING RR RULE*****
2025-03-05 17:00:06,091 - INFO - ***RR NOT FOUND***
2025-03-05 17:00:06,091 - INFO - *******STOP GROWING CR RULE*******
2025-03-05 17:00:06,131 - INFO - ************************Finished experiment for 26_TRACE.arff with algorithm4************************
2025-03-05 17:00:06,131 - INFO - *************************************************************************************************************************
2025-03-05 17:00:06,131 - INFO - *************************************************************************************************************************
2025-03-05 17:00:06,131 - INFO - *************************************************************************************************************************
