2025-03-05 13:17:25,828 - INFO - **********Starting experiment for 19_hd.arff with algorithm3**********
2025-03-05 13:17:25,840 - INFO - *******GROWING CR RULE*******
2025-03-05 13:17:28,662 - INFO - Iteracja 0: condition_best: age <= 66.50, quality_best: 1.0, coverage_best: (p=816, n=0, P=865, N=0)
2025-03-05 13:17:28,668 - INFO - Regula po iteracji 0: IF age <= 66.50 THEN survival_status = {nan}, (p=816, n=0, P=865, N=0)
2025-03-05 13:17:28,668 - INFO - *****GROWING RR RULE*****
2025-03-05 13:17:35,890 - INFO - Iteracja 0: condition_best: None, quality_best: -inf, coverage_best: (p=0, n=0, P=0, N=0), p_value: 0
2025-03-05 13:17:35,895 - INFO - Regula po iteracji 0: IF  THEN survival_status = {nan}, (p=865, n=0, P=865, N=0)
2025-03-05 13:17:35,895 - INFO - *****STOP GROWING RR RULE*****
2025-03-05 13:17:35,895 - INFO - ***RR NOT FOUND***
2025-03-05 13:17:38,488 - INFO - Iteracja 1: condition_best: age >= 15.66, quality_best: 1.0, coverage_best: (p=815, n=0, P=865, N=0)
2025-03-05 13:17:38,494 - INFO - Regula po iteracji 1: IF age <= 66.50 AND age >= 15.66 THEN survival_status = {23.4}, (p=815, n=0, P=865, N=0)
2025-03-05 13:17:38,494 - INFO - *****GROWING RR RULE*****
2025-03-05 13:17:45,729 - INFO - Iteracja 0: condition_best: None, quality_best: -inf, coverage_best: (p=0, n=0, P=0, N=0), p_value: 0
2025-03-05 13:17:45,734 - INFO - Regula po iteracji 0: IF  THEN survival_status = {nan}, (p=865, n=0, P=865, N=0)
2025-03-05 13:17:45,734 - INFO - *****STOP GROWING RR RULE*****
2025-03-05 13:17:45,734 - INFO - ***RR NOT FOUND***
2025-03-05 13:17:48,369 - INFO - Iteracja 2: condition_best: age <= 65.50, quality_best: 1.0, coverage_best: (p=810, n=0, P=865, N=0)
2025-03-05 13:17:48,375 - INFO - Regula po iteracji 2: IF age <= 66.50 AND age >= 15.66 AND age <= 65.50 THEN survival_status = {23.4}, (p=810, n=0, P=865, N=0)
2025-03-05 13:17:48,376 - INFO - *****GROWING RR RULE*****
2025-03-05 13:17:55,622 - INFO - Iteracja 0: condition_best: None, quality_best: -inf, coverage_best: (p=0, n=0, P=0, N=0), p_value: 0
2025-03-05 13:17:55,627 - INFO - Regula po iteracji 0: IF  THEN survival_status = {nan}, (p=865, n=0, P=865, N=0)
2025-03-05 13:17:55,627 - INFO - *****STOP GROWING RR RULE*****
2025-03-05 13:17:55,627 - INFO - ***RR NOT FOUND***
2025-03-05 13:17:58,277 - INFO - Iteracja 3: condition_best: age >= 16.36, quality_best: 1.0, coverage_best: (p=809, n=0, P=865, N=0)
2025-03-05 13:17:58,284 - INFO - Regula po iteracji 3: IF age <= 66.50 AND age >= 15.66 AND age <= 65.50 AND age >= 16.36 THEN survival_status = {23.4}, (p=809, n=0, P=865, N=0)
2025-03-05 13:17:58,284 - INFO - *****GROWING RR RULE*****
2025-03-05 13:18:05,502 - INFO - Iteracja 0: condition_best: None, quality_best: -inf, coverage_best: (p=0, n=0, P=0, N=0), p_value: 0
2025-03-05 13:18:05,507 - INFO - Regula po iteracji 0: IF  THEN survival_status = {nan}, (p=865, n=0, P=865, N=0)
2025-03-05 13:18:05,507 - INFO - *****STOP GROWING RR RULE*****
2025-03-05 13:18:05,507 - INFO - ***RR NOT FOUND***
2025-03-05 13:18:08,202 - INFO - Iteracja 4: condition_best: age <= 64.68, quality_best: 1.0, coverage_best: (p=805, n=0, P=865, N=0)
2025-03-05 13:18:08,209 - INFO - Regula po iteracji 4: IF age <= 66.50 AND age >= 15.66 AND age <= 65.50 AND age >= 16.36 AND age <= 64.68 THEN survival_status = {23.4}, (p=805, n=0, P=865, N=0)
2025-03-05 13:18:08,210 - INFO - *****GROWING RR RULE*****
2025-03-05 13:18:15,429 - INFO - Iteracja 0: condition_best: None, quality_best: -inf, coverage_best: (p=0, n=0, P=0, N=0), p_value: 0
2025-03-05 13:18:15,434 - INFO - Regula po iteracji 0: IF  THEN survival_status = {nan}, (p=865, n=0, P=865, N=0)
2025-03-05 13:18:15,434 - INFO - *****STOP GROWING RR RULE*****
2025-03-05 13:18:15,434 - INFO - ***RR NOT FOUND***
2025-03-05 13:18:15,434 - INFO - *******STOP GROWING CR RULE*******
2025-03-05 13:18:15,443 - INFO - *******GROWING CR RULE*******
2025-03-05 13:18:16,884 - INFO - Iteracja 0: condition_best: age >= 36.01, quality_best: 1.0, coverage_best: (p=318, n=0, P=865, N=0)
2025-03-05 13:18:16,889 - INFO - Regula po iteracji 0: IF age >= 36.01 THEN survival_status = {nan}, (p=318, n=0, P=865, N=0)
2025-03-05 13:18:16,890 - INFO - *****GROWING RR RULE*****
2025-03-05 13:18:23,025 - INFO - Iteracja 0: condition_best: None, quality_best: -inf, coverage_best: (p=0, n=0, P=0, N=0), p_value: 0
2025-03-05 13:18:23,029 - INFO - Regula po iteracji 0: IF  THEN survival_status = {nan}, (p=865, n=0, P=865, N=0)
2025-03-05 13:18:23,029 - INFO - *****STOP GROWING RR RULE*****
2025-03-05 13:18:23,029 - INFO - ***RR NOT FOUND***
2025-03-05 13:18:23,775 - INFO - Iteracja 1: condition_best: age <= 87.00, quality_best: 1.0, coverage_best: (p=317, n=0, P=865, N=0)
2025-03-05 13:18:23,781 - INFO - Regula po iteracji 1: IF age >= 36.01 AND age <= 87.00 THEN survival_status = {8.8}, (p=317, n=0, P=865, N=0)
2025-03-05 13:18:23,781 - INFO - *****GROWING RR RULE*****
2025-03-05 13:18:29,924 - INFO - Iteracja 0: condition_best: None, quality_best: -inf, coverage_best: (p=0, n=0, P=0, N=0), p_value: 0
2025-03-05 13:18:29,928 - INFO - Regula po iteracji 0: IF  THEN survival_status = {nan}, (p=865, n=0, P=865, N=0)
2025-03-05 13:18:29,928 - INFO - *****STOP GROWING RR RULE*****
2025-03-05 13:18:29,928 - INFO - ***RR NOT FOUND***
2025-03-05 13:18:30,696 - INFO - Iteracja 2: condition_best: age >= 36.03, quality_best: 1.0, coverage_best: (p=316, n=0, P=865, N=0)
2025-03-05 13:18:30,702 - INFO - Regula po iteracji 2: IF age >= 36.01 AND age <= 87.00 AND age >= 36.03 THEN survival_status = {8.8}, (p=316, n=0, P=865, N=0)
2025-03-05 13:18:30,702 - INFO - *****GROWING RR RULE*****
2025-03-05 13:18:36,838 - INFO - Iteracja 0: condition_best: None, quality_best: -inf, coverage_best: (p=0, n=0, P=0, N=0), p_value: 0
2025-03-05 13:18:36,845 - INFO - Regula po iteracji 0: IF  THEN survival_status = {nan}, (p=865, n=0, P=865, N=0)
2025-03-05 13:18:36,845 - INFO - *****STOP GROWING RR RULE*****
2025-03-05 13:18:36,845 - INFO - ***RR NOT FOUND***
2025-03-05 13:18:37,629 - INFO - Iteracja 3: condition_best: age >= 36.09, quality_best: 1.0, coverage_best: (p=315, n=0, P=865, N=0)
2025-03-05 13:18:37,635 - INFO - Regula po iteracji 3: IF age >= 36.01 AND age <= 87.00 AND age >= 36.03 AND age >= 36.09 THEN survival_status = {8.6}, (p=315, n=0, P=865, N=0)
2025-03-05 13:18:37,635 - INFO - *****GROWING RR RULE*****
2025-03-05 13:18:43,751 - INFO - Iteracja 0: condition_best: None, quality_best: -inf, coverage_best: (p=0, n=0, P=0, N=0), p_value: 0
2025-03-05 13:18:43,755 - INFO - Regula po iteracji 0: IF  THEN survival_status = {nan}, (p=865, n=0, P=865, N=0)
2025-03-05 13:18:43,755 - INFO - *****STOP GROWING RR RULE*****
2025-03-05 13:18:43,755 - INFO - ***RR NOT FOUND***
2025-03-05 13:18:44,558 - INFO - Iteracja 4: condition_best: age >= 36.31, quality_best: 1.0, coverage_best: (p=314, n=0, P=865, N=0)
2025-03-05 13:18:44,563 - INFO - Regula po iteracji 4: IF age >= 36.01 AND age <= 87.00 AND age >= 36.03 AND age >= 36.09 AND age >= 36.31 THEN survival_status = {8.6}, (p=314, n=0, P=865, N=0)
2025-03-05 13:18:44,564 - INFO - *****GROWING RR RULE*****
2025-03-05 13:18:50,662 - INFO - Iteracja 0: condition_best: None, quality_best: -inf, coverage_best: (p=0, n=0, P=0, N=0), p_value: 0
2025-03-05 13:18:50,667 - INFO - Regula po iteracji 0: IF  THEN survival_status = {nan}, (p=865, n=0, P=865, N=0)
2025-03-05 13:18:50,667 - INFO - *****STOP GROWING RR RULE*****
2025-03-05 13:18:50,667 - INFO - ***RR NOT FOUND***
2025-03-05 13:18:50,667 - INFO - *******STOP GROWING CR RULE*******
2025-03-05 13:18:50,673 - INFO - *******GROWING CR RULE*******
2025-03-05 13:18:52,028 - INFO - Iteracja 0: condition_best: age <= 66.50, quality_best: 1.0, coverage_best: (p=816, n=0, P=865, N=0)
2025-03-05 13:18:52,034 - INFO - Regula po iteracji 0: IF age <= 66.50 THEN survival_status = {nan}, (p=816, n=0, P=865, N=0)
2025-03-05 13:18:52,035 - INFO - *****GROWING RR RULE*****
2025-03-05 13:18:59,213 - INFO - Iteracja 0: condition_best: None, quality_best: -inf, coverage_best: (p=0, n=0, P=0, N=0), p_value: 0
2025-03-05 13:18:59,218 - INFO - Regula po iteracji 0: IF  THEN survival_status = {nan}, (p=865, n=0, P=865, N=0)
2025-03-05 13:18:59,218 - INFO - *****STOP GROWING RR RULE*****
2025-03-05 13:18:59,218 - INFO - ***RR NOT FOUND***
2025-03-05 13:19:00,513 - INFO - Iteracja 1: condition_best: age >= 15.66, quality_best: 1.0, coverage_best: (p=815, n=0, P=865, N=0)
2025-03-05 13:19:00,520 - INFO - Regula po iteracji 1: IF age <= 66.50 AND age >= 15.66 THEN survival_status = {23.4}, (p=815, n=0, P=865, N=0)
2025-03-05 13:19:00,520 - INFO - *****GROWING RR RULE*****
2025-03-05 13:19:07,709 - INFO - Iteracja 0: condition_best: None, quality_best: -inf, coverage_best: (p=0, n=0, P=0, N=0), p_value: 0
2025-03-05 13:19:07,714 - INFO - Regula po iteracji 0: IF  THEN survival_status = {nan}, (p=865, n=0, P=865, N=0)
2025-03-05 13:19:07,714 - INFO - *****STOP GROWING RR RULE*****
2025-03-05 13:19:07,714 - INFO - ***RR NOT FOUND***
2025-03-05 13:19:09,052 - INFO - Iteracja 2: condition_best: age <= 65.50, quality_best: 1.0, coverage_best: (p=810, n=0, P=865, N=0)
2025-03-05 13:19:09,058 - INFO - Regula po iteracji 2: IF age <= 66.50 AND age >= 15.66 AND age <= 65.50 THEN survival_status = {23.4}, (p=810, n=0, P=865, N=0)
2025-03-05 13:19:09,058 - INFO - *****GROWING RR RULE*****
2025-03-05 13:19:16,263 - INFO - Iteracja 0: condition_best: None, quality_best: -inf, coverage_best: (p=0, n=0, P=0, N=0), p_value: 0
2025-03-05 13:19:16,268 - INFO - Regula po iteracji 0: IF  THEN survival_status = {nan}, (p=865, n=0, P=865, N=0)
2025-03-05 13:19:16,268 - INFO - *****STOP GROWING RR RULE*****
2025-03-05 13:19:16,268 - INFO - ***RR NOT FOUND***
2025-03-05 13:19:17,644 - INFO - Iteracja 3: condition_best: age >= 16.36, quality_best: 1.0, coverage_best: (p=809, n=0, P=865, N=0)
2025-03-05 13:19:17,650 - INFO - Regula po iteracji 3: IF age <= 66.50 AND age >= 15.66 AND age <= 65.50 AND age >= 16.36 THEN survival_status = {23.4}, (p=809, n=0, P=865, N=0)
2025-03-05 13:19:17,650 - INFO - *****GROWING RR RULE*****
2025-03-05 13:19:24,887 - INFO - Iteracja 0: condition_best: None, quality_best: -inf, coverage_best: (p=0, n=0, P=0, N=0), p_value: 0
2025-03-05 13:19:24,892 - INFO - Regula po iteracji 0: IF  THEN survival_status = {nan}, (p=865, n=0, P=865, N=0)
2025-03-05 13:19:24,892 - INFO - *****STOP GROWING RR RULE*****
2025-03-05 13:19:24,892 - INFO - ***RR NOT FOUND***
2025-03-05 13:19:26,314 - INFO - Iteracja 4: condition_best: age <= 64.68, quality_best: 1.0, coverage_best: (p=805, n=0, P=865, N=0)
2025-03-05 13:19:26,320 - INFO - Regula po iteracji 4: IF age <= 66.50 AND age >= 15.66 AND age <= 65.50 AND age >= 16.36 AND age <= 64.68 THEN survival_status = {23.4}, (p=805, n=0, P=865, N=0)
2025-03-05 13:19:26,321 - INFO - *****GROWING RR RULE*****
2025-03-05 13:19:33,546 - INFO - Iteracja 0: condition_best: None, quality_best: -inf, coverage_best: (p=0, n=0, P=0, N=0), p_value: 0
2025-03-05 13:19:33,551 - INFO - Regula po iteracji 0: IF  THEN survival_status = {nan}, (p=865, n=0, P=865, N=0)
2025-03-05 13:19:33,551 - INFO - *****STOP GROWING RR RULE*****
2025-03-05 13:19:33,551 - INFO - ***RR NOT FOUND***
2025-03-05 13:19:33,551 - INFO - *******STOP GROWING CR RULE*******
2025-03-05 13:19:33,569 - INFO - ************************Finished experiment for 19_hd.arff with algorithm3************************
2025-03-05 13:19:33,569 - INFO - *************************************************************************************************************************
2025-03-05 13:19:33,569 - INFO - *************************************************************************************************************************
2025-03-05 13:19:33,569 - INFO - *************************************************************************************************************************
2025-03-05 13:19:33,570 - INFO - **********Starting experiment for 19_hd.arff with algorithm4**********
2025-03-05 13:19:33,582 - INFO - *******GROWING CR RULE*******
2025-03-05 13:19:36,399 - INFO - Iteracja 0: condition_best: age <= 66.50, quality_best: 1.0, coverage_best: (p=816, n=0, P=865, N=0)
2025-03-05 13:19:36,405 - INFO - Regula po iteracji 0: IF age <= 66.50 THEN survival_status = {nan}, (p=816, n=0, P=865, N=0)
2025-03-05 13:19:36,405 - INFO - *****GROWING RR RULE*****
2025-03-05 13:19:45,619 - INFO - Iteracja 0: condition_best: None, quality_best: -inf, coverage_best: (p=0, n=0, P=0, N=0), p_value: 0
2025-03-05 13:19:45,623 - INFO - Regula po iteracji 0: IF  THEN survival_status = {nan}, (p=865, n=0, P=865, N=0)
2025-03-05 13:19:45,623 - INFO - *****STOP GROWING RR RULE*****
2025-03-05 13:19:45,623 - INFO - ***RR NOT FOUND***
2025-03-05 13:19:48,227 - INFO - Iteracja 1: condition_best: age >= 15.66, quality_best: 1.0, coverage_best: (p=815, n=0, P=865, N=0)
2025-03-05 13:19:48,233 - INFO - Regula po iteracji 1: IF age <= 66.50 AND age >= 15.66 THEN survival_status = {23.4}, (p=815, n=0, P=865, N=0)
2025-03-05 13:19:48,233 - INFO - *****GROWING RR RULE*****
2025-03-05 13:19:57,453 - INFO - Iteracja 0: condition_best: None, quality_best: -inf, coverage_best: (p=0, n=0, P=0, N=0), p_value: 0
2025-03-05 13:19:57,458 - INFO - Regula po iteracji 0: IF  THEN survival_status = {nan}, (p=865, n=0, P=865, N=0)
2025-03-05 13:19:57,458 - INFO - *****STOP GROWING RR RULE*****
2025-03-05 13:19:57,458 - INFO - ***RR NOT FOUND***
2025-03-05 13:20:00,076 - INFO - Iteracja 2: condition_best: age <= 65.50, quality_best: 1.0, coverage_best: (p=810, n=0, P=865, N=0)
2025-03-05 13:20:00,082 - INFO - Regula po iteracji 2: IF age <= 66.50 AND age >= 15.66 AND age <= 65.50 THEN survival_status = {23.4}, (p=810, n=0, P=865, N=0)
2025-03-05 13:20:00,082 - INFO - *****GROWING RR RULE*****
2025-03-05 13:20:09,270 - INFO - Iteracja 0: condition_best: None, quality_best: -inf, coverage_best: (p=0, n=0, P=0, N=0), p_value: 0
2025-03-05 13:20:09,274 - INFO - Regula po iteracji 0: IF  THEN survival_status = {nan}, (p=865, n=0, P=865, N=0)
2025-03-05 13:20:09,274 - INFO - *****STOP GROWING RR RULE*****
2025-03-05 13:20:09,274 - INFO - ***RR NOT FOUND***
2025-03-05 13:20:11,942 - INFO - Iteracja 3: condition_best: age >= 16.36, quality_best: 1.0, coverage_best: (p=809, n=0, P=865, N=0)
2025-03-05 13:20:11,949 - INFO - Regula po iteracji 3: IF age <= 66.50 AND age >= 15.66 AND age <= 65.50 AND age >= 16.36 THEN survival_status = {23.4}, (p=809, n=0, P=865, N=0)
2025-03-05 13:20:11,949 - INFO - *****GROWING RR RULE*****
2025-03-05 13:20:21,166 - INFO - Iteracja 0: condition_best: None, quality_best: -inf, coverage_best: (p=0, n=0, P=0, N=0), p_value: 0
2025-03-05 13:20:21,170 - INFO - Regula po iteracji 0: IF  THEN survival_status = {nan}, (p=865, n=0, P=865, N=0)
2025-03-05 13:20:21,170 - INFO - *****STOP GROWING RR RULE*****
2025-03-05 13:20:21,170 - INFO - ***RR NOT FOUND***
2025-03-05 13:20:23,857 - INFO - Iteracja 4: condition_best: age <= 64.68, quality_best: 1.0, coverage_best: (p=805, n=0, P=865, N=0)
2025-03-05 13:20:23,863 - INFO - Regula po iteracji 4: IF age <= 66.50 AND age >= 15.66 AND age <= 65.50 AND age >= 16.36 AND age <= 64.68 THEN survival_status = {23.4}, (p=805, n=0, P=865, N=0)
2025-03-05 13:20:23,863 - INFO - *****GROWING RR RULE*****
2025-03-05 13:20:33,040 - INFO - Iteracja 0: condition_best: None, quality_best: -inf, coverage_best: (p=0, n=0, P=0, N=0), p_value: 0
2025-03-05 13:20:33,045 - INFO - Regula po iteracji 0: IF  THEN survival_status = {nan}, (p=865, n=0, P=865, N=0)
2025-03-05 13:20:33,045 - INFO - *****STOP GROWING RR RULE*****
2025-03-05 13:20:33,045 - INFO - ***RR NOT FOUND***
2025-03-05 13:20:33,045 - INFO - *******STOP GROWING CR RULE*******
2025-03-05 13:20:33,054 - INFO - *******GROWING CR RULE*******
2025-03-05 13:20:34,497 - INFO - Iteracja 0: condition_best: age >= 36.01, quality_best: 1.0, coverage_best: (p=318, n=0, P=865, N=0)
2025-03-05 13:20:34,503 - INFO - Regula po iteracji 0: IF age >= 36.01 THEN survival_status = {nan}, (p=318, n=0, P=865, N=0)
2025-03-05 13:20:34,503 - INFO - *****GROWING RR RULE*****
2025-03-05 13:20:42,302 - INFO - Iteracja 0: condition_best: None, quality_best: -inf, coverage_best: (p=0, n=0, P=0, N=0), p_value: 0
2025-03-05 13:20:42,306 - INFO - Regula po iteracji 0: IF  THEN survival_status = {nan}, (p=865, n=0, P=865, N=0)
2025-03-05 13:20:42,306 - INFO - *****STOP GROWING RR RULE*****
2025-03-05 13:20:42,306 - INFO - ***RR NOT FOUND***
2025-03-05 13:20:43,054 - INFO - Iteracja 1: condition_best: age <= 87.00, quality_best: 1.0, coverage_best: (p=317, n=0, P=865, N=0)
2025-03-05 13:20:43,059 - INFO - Regula po iteracji 1: IF age >= 36.01 AND age <= 87.00 THEN survival_status = {8.8}, (p=317, n=0, P=865, N=0)
2025-03-05 13:20:43,060 - INFO - *****GROWING RR RULE*****
2025-03-05 13:20:50,842 - INFO - Iteracja 0: condition_best: None, quality_best: -inf, coverage_best: (p=0, n=0, P=0, N=0), p_value: 0
2025-03-05 13:20:50,846 - INFO - Regula po iteracji 0: IF  THEN survival_status = {nan}, (p=865, n=0, P=865, N=0)
2025-03-05 13:20:50,846 - INFO - *****STOP GROWING RR RULE*****
2025-03-05 13:20:50,846 - INFO - ***RR NOT FOUND***
2025-03-05 13:20:51,610 - INFO - Iteracja 2: condition_best: age >= 36.03, quality_best: 1.0, coverage_best: (p=316, n=0, P=865, N=0)
2025-03-05 13:20:51,616 - INFO - Regula po iteracji 2: IF age >= 36.01 AND age <= 87.00 AND age >= 36.03 THEN survival_status = {8.8}, (p=316, n=0, P=865, N=0)
2025-03-05 13:20:51,616 - INFO - *****GROWING RR RULE*****
2025-03-05 13:20:59,386 - INFO - Iteracja 0: condition_best: None, quality_best: -inf, coverage_best: (p=0, n=0, P=0, N=0), p_value: 0
2025-03-05 13:20:59,390 - INFO - Regula po iteracji 0: IF  THEN survival_status = {nan}, (p=865, n=0, P=865, N=0)
2025-03-05 13:20:59,390 - INFO - *****STOP GROWING RR RULE*****
2025-03-05 13:20:59,390 - INFO - ***RR NOT FOUND***
2025-03-05 13:21:00,171 - INFO - Iteracja 3: condition_best: age >= 36.09, quality_best: 1.0, coverage_best: (p=315, n=0, P=865, N=0)
2025-03-05 13:21:00,177 - INFO - Regula po iteracji 3: IF age >= 36.01 AND age <= 87.00 AND age >= 36.03 AND age >= 36.09 THEN survival_status = {8.6}, (p=315, n=0, P=865, N=0)
2025-03-05 13:21:00,177 - INFO - *****GROWING RR RULE*****
2025-03-05 13:21:07,937 - INFO - Iteracja 0: condition_best: None, quality_best: -inf, coverage_best: (p=0, n=0, P=0, N=0), p_value: 0
2025-03-05 13:21:07,941 - INFO - Regula po iteracji 0: IF  THEN survival_status = {nan}, (p=865, n=0, P=865, N=0)
2025-03-05 13:21:07,941 - INFO - *****STOP GROWING RR RULE*****
2025-03-05 13:21:07,941 - INFO - ***RR NOT FOUND***
2025-03-05 13:21:08,740 - INFO - Iteracja 4: condition_best: age >= 36.31, quality_best: 1.0, coverage_best: (p=314, n=0, P=865, N=0)
2025-03-05 13:21:08,746 - INFO - Regula po iteracji 4: IF age >= 36.01 AND age <= 87.00 AND age >= 36.03 AND age >= 36.09 AND age >= 36.31 THEN survival_status = {8.6}, (p=314, n=0, P=865, N=0)
2025-03-05 13:21:08,746 - INFO - *****GROWING RR RULE*****
2025-03-05 13:21:16,495 - INFO - Iteracja 0: condition_best: None, quality_best: -inf, coverage_best: (p=0, n=0, P=0, N=0), p_value: 0
2025-03-05 13:21:16,499 - INFO - Regula po iteracji 0: IF  THEN survival_status = {nan}, (p=865, n=0, P=865, N=0)
2025-03-05 13:21:16,499 - INFO - *****STOP GROWING RR RULE*****
2025-03-05 13:21:16,499 - INFO - ***RR NOT FOUND***
2025-03-05 13:21:16,499 - INFO - *******STOP GROWING CR RULE*******
2025-03-05 13:21:16,505 - INFO - *******GROWING CR RULE*******
2025-03-05 13:21:17,870 - INFO - Iteracja 0: condition_best: age <= 66.50, quality_best: 1.0, coverage_best: (p=816, n=0, P=865, N=0)
2025-03-05 13:21:17,876 - INFO - Regula po iteracji 0: IF age <= 66.50 THEN survival_status = {nan}, (p=816, n=0, P=865, N=0)
2025-03-05 13:21:17,876 - INFO - *****GROWING RR RULE*****
2025-03-05 13:21:27,087 - INFO - Iteracja 0: condition_best: None, quality_best: -inf, coverage_best: (p=0, n=0, P=0, N=0), p_value: 0
2025-03-05 13:21:27,091 - INFO - Regula po iteracji 0: IF  THEN survival_status = {nan}, (p=865, n=0, P=865, N=0)
2025-03-05 13:21:27,091 - INFO - *****STOP GROWING RR RULE*****
2025-03-05 13:21:27,091 - INFO - ***RR NOT FOUND***
2025-03-05 13:21:28,404 - INFO - Iteracja 1: condition_best: age >= 15.66, quality_best: 1.0, coverage_best: (p=815, n=0, P=865, N=0)
2025-03-05 13:21:28,410 - INFO - Regula po iteracji 1: IF age <= 66.50 AND age >= 15.66 THEN survival_status = {23.4}, (p=815, n=0, P=865, N=0)
2025-03-05 13:21:28,410 - INFO - *****GROWING RR RULE*****
2025-03-05 13:21:37,621 - INFO - Iteracja 0: condition_best: None, quality_best: -inf, coverage_best: (p=0, n=0, P=0, N=0), p_value: 0
2025-03-05 13:21:37,625 - INFO - Regula po iteracji 0: IF  THEN survival_status = {nan}, (p=865, n=0, P=865, N=0)
2025-03-05 13:21:37,625 - INFO - *****STOP GROWING RR RULE*****
2025-03-05 13:21:37,625 - INFO - ***RR NOT FOUND***
2025-03-05 13:21:38,972 - INFO - Iteracja 2: condition_best: age <= 65.50, quality_best: 1.0, coverage_best: (p=810, n=0, P=865, N=0)
2025-03-05 13:21:38,979 - INFO - Regula po iteracji 2: IF age <= 66.50 AND age >= 15.66 AND age <= 65.50 THEN survival_status = {23.4}, (p=810, n=0, P=865, N=0)
2025-03-05 13:21:38,979 - INFO - *****GROWING RR RULE*****
2025-03-05 13:21:48,178 - INFO - Iteracja 0: condition_best: None, quality_best: -inf, coverage_best: (p=0, n=0, P=0, N=0), p_value: 0
2025-03-05 13:21:48,182 - INFO - Regula po iteracji 0: IF  THEN survival_status = {nan}, (p=865, n=0, P=865, N=0)
2025-03-05 13:21:48,182 - INFO - *****STOP GROWING RR RULE*****
2025-03-05 13:21:48,182 - INFO - ***RR NOT FOUND***
2025-03-05 13:21:49,576 - INFO - Iteracja 3: condition_best: age >= 16.36, quality_best: 1.0, coverage_best: (p=809, n=0, P=865, N=0)
2025-03-05 13:21:49,582 - INFO - Regula po iteracji 3: IF age <= 66.50 AND age >= 15.66 AND age <= 65.50 AND age >= 16.36 THEN survival_status = {23.4}, (p=809, n=0, P=865, N=0)
2025-03-05 13:21:49,583 - INFO - *****GROWING RR RULE*****
2025-03-05 13:21:58,804 - INFO - Iteracja 0: condition_best: None, quality_best: -inf, coverage_best: (p=0, n=0, P=0, N=0), p_value: 0
2025-03-05 13:21:58,809 - INFO - Regula po iteracji 0: IF  THEN survival_status = {nan}, (p=865, n=0, P=865, N=0)
2025-03-05 13:21:58,809 - INFO - *****STOP GROWING RR RULE*****
2025-03-05 13:21:58,809 - INFO - ***RR NOT FOUND***
2025-03-05 13:22:00,235 - INFO - Iteracja 4: condition_best: age <= 64.68, quality_best: 1.0, coverage_best: (p=805, n=0, P=865, N=0)
2025-03-05 13:22:00,242 - INFO - Regula po iteracji 4: IF age <= 66.50 AND age >= 15.66 AND age <= 65.50 AND age >= 16.36 AND age <= 64.68 THEN survival_status = {23.4}, (p=805, n=0, P=865, N=0)
2025-03-05 13:22:00,242 - INFO - *****GROWING RR RULE*****
2025-03-05 13:22:09,501 - INFO - Iteracja 0: condition_best: None, quality_best: -inf, coverage_best: (p=0, n=0, P=0, N=0), p_value: 0
2025-03-05 13:22:09,506 - INFO - Regula po iteracji 0: IF  THEN survival_status = {nan}, (p=865, n=0, P=865, N=0)
2025-03-05 13:22:09,506 - INFO - *****STOP GROWING RR RULE*****
2025-03-05 13:22:09,506 - INFO - ***RR NOT FOUND***
2025-03-05 13:22:09,506 - INFO - *******STOP GROWING CR RULE*******
2025-03-05 13:22:09,523 - INFO - ************************Finished experiment for 19_hd.arff with algorithm4************************
2025-03-05 13:22:09,523 - INFO - *************************************************************************************************************************
2025-03-05 13:22:09,523 - INFO - *************************************************************************************************************************
2025-03-05 13:22:09,523 - INFO - *************************************************************************************************************************
