2025-03-05 13:28:05,454 - INFO - **********Starting experiment for mbagrade.arff with algorithm3**********
2025-03-05 13:28:05,457 - INFO - *******GROWING CR RULE*******
2025-03-05 13:28:05,461 - INFO - Iteracja 0: condition_best: GMAT >= 635.00, quality_best: 0.435, coverage_best: (p=9, n=1, P=40, N=21)
2025-03-05 13:28:05,461 - INFO - Regula po iteracji 0: IF GMAT >= 635.00 THEN class = {3.54} [3.18, 3.90], (p=9, n=1, P=40, N=21)
2025-03-05 13:28:05,462 - INFO - *****GROWING RR RULE*****
2025-03-05 13:28:05,540 - INFO - Iteracja 0: condition_best: None, quality_best: -inf, coverage_best: (p=0, n=0, P=0, N=0), p_value: 0
2025-03-05 13:28:05,540 - INFO - Regula po iteracji 0: IF  THEN class = {3.29} [2.96, 3.62], (p=42, n=19, P=42, N=19)
2025-03-05 13:28:05,540 - INFO - *****STOP GROWING RR RULE*****
2025-03-05 13:28:05,540 - INFO - ***RR NOT FOUND***
2025-03-05 13:28:05,541 - INFO - Iteracja 1: condition_best: sex = {0}, quality_best: 0.374, coverage_best: (p=7, n=1, P=40, N=21)
2025-03-05 13:28:05,541 - INFO - Regula po iteracji 1: IF GMAT >= 635.00 AND sex = {0} THEN class = {3.59} [3.21, 3.97], (p=7, n=1, P=40, N=21)
2025-03-05 13:28:05,542 - INFO - *****GROWING RR RULE*****
2025-03-05 13:28:05,619 - INFO - Iteracja 0: condition_best: None, quality_best: -inf, coverage_best: (p=0, n=0, P=0, N=0), p_value: 0
2025-03-05 13:28:05,619 - INFO - Regula po iteracji 0: IF  THEN class = {3.29} [2.96, 3.62], (p=42, n=19, P=42, N=19)
2025-03-05 13:28:05,620 - INFO - *****STOP GROWING RR RULE*****
2025-03-05 13:28:05,620 - INFO - ***RR NOT FOUND***
2025-03-05 13:28:05,621 - INFO - Iteracja 2: condition_best: GMAT >= 665.00, quality_best: 0.354, coverage_best: (p=3, n=2, P=9, N=52)
2025-03-05 13:28:05,621 - INFO - Regula po iteracji 2: IF GMAT >= 635.00 AND sex = {0} AND GMAT >= 665.00 THEN class = {3.69} [3.55, 3.83], (p=3, n=2, P=9, N=52)
2025-03-05 13:28:05,621 - INFO - *****GROWING RR RULE*****
2025-03-05 13:28:05,697 - INFO - Iteracja 0: condition_best: None, quality_best: -inf, coverage_best: (p=0, n=0, P=0, N=0), p_value: 0
2025-03-05 13:28:05,697 - INFO - Regula po iteracji 0: IF  THEN class = {3.29} [2.96, 3.62], (p=42, n=19, P=42, N=19)
2025-03-05 13:28:05,697 - INFO - *****STOP GROWING RR RULE*****
2025-03-05 13:28:05,697 - INFO - ***RR NOT FOUND***
2025-03-05 13:28:05,698 - INFO - Iteracja 3: condition_best: None, quality_best: -inf, coverage_best: (p=0, n=0, P=0, N=0)
2025-03-05 13:28:05,698 - INFO - Regula po iteracji 3: IF GMAT >= 635.00 AND sex = {0} AND GMAT >= 665.00 THEN class = {3.69} [3.55, 3.83], (p=3, n=2, P=9, N=52)
2025-03-05 13:28:05,698 - INFO - *******STOP GROWING CR RULE*******
2025-03-05 13:28:05,698 - INFO - *******GROWING CR RULE*******
2025-03-05 13:28:05,701 - INFO - Iteracja 0: condition_best: GMAT <= 565.00, quality_best: 0.224, coverage_best: (p=18, n=6, P=39, N=22)
2025-03-05 13:28:05,701 - INFO - Regula po iteracji 0: IF GMAT <= 565.00 THEN class = {3.20} [2.89, 3.51], (p=18, n=6, P=39, N=22)
2025-03-05 13:28:05,701 - INFO - *****GROWING RR RULE*****
2025-03-05 13:28:05,781 - INFO - Iteracja 0: condition_best: None, quality_best: -inf, coverage_best: (p=0, n=0, P=0, N=0), p_value: 0
2025-03-05 13:28:05,781 - INFO - Regula po iteracji 0: IF  THEN class = {3.29} [2.96, 3.62], (p=42, n=19, P=42, N=19)
2025-03-05 13:28:05,782 - INFO - *****STOP GROWING RR RULE*****
2025-03-05 13:28:05,782 - INFO - ***RR NOT FOUND***
2025-03-05 13:28:05,783 - INFO - Iteracja 1: condition_best: GMAT >= 460.00, quality_best: 0.376, coverage_best: (p=17, n=4, P=37, N=24)
2025-03-05 13:28:05,783 - INFO - Regula po iteracji 1: IF GMAT <= 565.00 AND GMAT >= 460.00 THEN class = {3.25} [2.98, 3.53], (p=17, n=4, P=37, N=24)
2025-03-05 13:28:05,783 - INFO - *****GROWING RR RULE*****
2025-03-05 13:28:05,861 - INFO - Iteracja 0: condition_best: None, quality_best: -inf, coverage_best: (p=0, n=0, P=0, N=0), p_value: 0
2025-03-05 13:28:05,862 - INFO - Regula po iteracji 0: IF  THEN class = {3.29} [2.96, 3.62], (p=42, n=19, P=42, N=19)
2025-03-05 13:28:05,862 - INFO - *****STOP GROWING RR RULE*****
2025-03-05 13:28:05,862 - INFO - ***RR NOT FOUND***
2025-03-05 13:28:05,863 - INFO - Iteracja 2: condition_best: sex = {0}, quality_best: 0.355, coverage_best: (p=13, n=4, P=32, N=29)
2025-03-05 13:28:05,863 - INFO - Regula po iteracji 2: IF GMAT <= 565.00 AND GMAT >= 460.00 AND sex = {0} THEN class = {3.33} [3.11, 3.55], (p=13, n=4, P=32, N=29)
2025-03-05 13:28:05,863 - INFO - *****GROWING RR RULE*****
2025-03-05 13:28:05,940 - INFO - Iteracja 0: condition_best: None, quality_best: -inf, coverage_best: (p=0, n=0, P=0, N=0), p_value: 0
2025-03-05 13:28:05,940 - INFO - Regula po iteracji 0: IF  THEN class = {3.29} [2.96, 3.62], (p=42, n=19, P=42, N=19)
2025-03-05 13:28:05,940 - INFO - *****STOP GROWING RR RULE*****
2025-03-05 13:28:05,940 - INFO - ***RR NOT FOUND***
2025-03-05 13:28:05,942 - INFO - Iteracja 3: condition_best: GMAT <= 525.00, quality_best: 0.358, coverage_best: (p=5, n=1, P=34, N=27)
2025-03-05 13:28:05,942 - INFO - Regula po iteracji 3: IF GMAT <= 565.00 AND GMAT >= 460.00 AND sex = {0} AND GMAT <= 525.00 THEN class = {3.37} [3.11, 3.63], (p=5, n=1, P=34, N=27)
2025-03-05 13:28:05,942 - INFO - *****GROWING RR RULE*****
2025-03-05 13:28:06,017 - INFO - Iteracja 0: condition_best: None, quality_best: -inf, coverage_best: (p=0, n=0, P=0, N=0), p_value: 0
2025-03-05 13:28:06,017 - INFO - Regula po iteracji 0: IF  THEN class = {3.29} [2.96, 3.62], (p=42, n=19, P=42, N=19)
2025-03-05 13:28:06,017 - INFO - *****STOP GROWING RR RULE*****
2025-03-05 13:28:06,017 - INFO - ***RR NOT FOUND***
2025-03-05 13:28:06,018 - INFO - Iteracja 4: condition_best: GMAT >= 480.00, quality_best: 0.116, coverage_best: (p=2, n=3, P=15, N=46)
2025-03-05 13:28:06,018 - INFO - Regula po iteracji 4: IF GMAT <= 565.00 AND GMAT >= 460.00 AND sex = {0} AND GMAT <= 525.00 AND GMAT >= 480.00 THEN class = {3.26} [3.17, 3.36], (p=2, n=3, P=15, N=46)
2025-03-05 13:28:06,018 - INFO - *****GROWING RR RULE*****
2025-03-05 13:28:06,093 - INFO - Iteracja 0: condition_best: None, quality_best: -inf, coverage_best: (p=0, n=0, P=0, N=0), p_value: 0
2025-03-05 13:28:06,093 - INFO - Regula po iteracji 0: IF  THEN class = {3.29} [2.96, 3.62], (p=42, n=19, P=42, N=19)
2025-03-05 13:28:06,093 - INFO - *****STOP GROWING RR RULE*****
2025-03-05 13:28:06,093 - INFO - ***RR NOT FOUND***
2025-03-05 13:28:06,093 - INFO - *******STOP GROWING CR RULE*******
2025-03-05 13:28:06,094 - INFO - *******GROWING CR RULE*******
2025-03-05 13:28:06,097 - INFO - Iteracja 0: condition_best: GMAT <= 635.00, quality_best: 0.195, coverage_best: (p=37, n=14, P=40, N=21)
2025-03-05 13:28:06,097 - INFO - Regula po iteracji 0: IF GMAT <= 635.00 THEN class = {3.24} [2.95, 3.54], (p=37, n=14, P=40, N=21)
2025-03-05 13:28:06,097 - INFO - *****GROWING RR RULE*****
2025-03-05 13:28:06,181 - INFO - Iteracja 0: condition_best: None, quality_best: -inf, coverage_best: (p=0, n=0, P=0, N=0), p_value: 0
2025-03-05 13:28:06,181 - INFO - Regula po iteracji 0: IF  THEN class = {3.29} [2.96, 3.62], (p=42, n=19, P=42, N=19)
2025-03-05 13:28:06,181 - INFO - *****STOP GROWING RR RULE*****
2025-03-05 13:28:06,181 - INFO - ***RR NOT FOUND***
2025-03-05 13:28:06,183 - INFO - Iteracja 1: condition_best: sex = {1}, quality_best: 0.259, coverage_best: (p=7, n=4, P=24, N=37)
2025-03-05 13:28:06,183 - INFO - Regula po iteracji 1: IF GMAT <= 635.00 AND sex = {1} THEN class = {3.02} [2.76, 3.28], (p=7, n=4, P=24, N=37)
2025-03-05 13:28:06,183 - INFO - *****GROWING RR RULE*****
2025-03-05 13:28:06,264 - INFO - Iteracja 0: condition_best: None, quality_best: -inf, coverage_best: (p=0, n=0, P=0, N=0), p_value: 0
2025-03-05 13:28:06,264 - INFO - Regula po iteracji 0: IF  THEN class = {3.29} [2.96, 3.62], (p=42, n=19, P=42, N=19)
2025-03-05 13:28:06,264 - INFO - *****STOP GROWING RR RULE*****
2025-03-05 13:28:06,264 - INFO - ***RR NOT FOUND***
2025-03-05 13:28:06,265 - INFO - Iteracja 2: condition_best: GMAT >= 490.00, quality_best: 0.441, coverage_best: (p=7, n=2, P=21, N=40)
2025-03-05 13:28:06,265 - INFO - Regula po iteracji 2: IF GMAT <= 635.00 AND sex = {1} AND GMAT >= 490.00 THEN class = {3.11} [2.90, 3.31], (p=7, n=2, P=21, N=40)
2025-03-05 13:28:06,265 - INFO - *****GROWING RR RULE*****
2025-03-05 13:28:06,346 - INFO - Iteracja 0: condition_best: None, quality_best: -inf, coverage_best: (p=0, n=0, P=0, N=0), p_value: 0
2025-03-05 13:28:06,346 - INFO - Regula po iteracji 0: IF  THEN class = {3.29} [2.96, 3.62], (p=42, n=19, P=42, N=19)
2025-03-05 13:28:06,346 - INFO - *****STOP GROWING RR RULE*****
2025-03-05 13:28:06,346 - INFO - ***RR NOT FOUND***
2025-03-05 13:28:06,347 - INFO - Iteracja 3: condition_best: GMAT <= 620.00, quality_best: 0.398, coverage_best: (p=6, n=2, P=21, N=40)
2025-03-05 13:28:06,347 - INFO - Regula po iteracji 3: IF GMAT <= 635.00 AND sex = {1} AND GMAT >= 490.00 AND GMAT <= 620.00 THEN class = {3.09} [2.88, 3.29], (p=6, n=2, P=21, N=40)
2025-03-05 13:28:06,348 - INFO - *****GROWING RR RULE*****
2025-03-05 13:28:06,427 - INFO - Iteracja 0: condition_best: None, quality_best: -inf, coverage_best: (p=0, n=0, P=0, N=0), p_value: 0
2025-03-05 13:28:06,427 - INFO - Regula po iteracji 0: IF  THEN class = {3.29} [2.96, 3.62], (p=42, n=19, P=42, N=19)
2025-03-05 13:28:06,427 - INFO - *****STOP GROWING RR RULE*****
2025-03-05 13:28:06,427 - INFO - ***RR NOT FOUND***
2025-03-05 13:28:06,428 - INFO - Iteracja 4: condition_best: GMAT >= 525.00, quality_best: 0.353, coverage_best: (p=4, n=2, P=15, N=46)
2025-03-05 13:28:06,428 - INFO - Regula po iteracji 4: IF GMAT <= 635.00 AND sex = {1} AND GMAT >= 490.00 AND GMAT <= 620.00 AND GMAT >= 525.00 THEN class = {3.13} [3.00, 3.26], (p=4, n=2, P=15, N=46)
2025-03-05 13:28:06,429 - INFO - *****GROWING RR RULE*****
2025-03-05 13:28:06,505 - INFO - Iteracja 0: condition_best: None, quality_best: -inf, coverage_best: (p=0, n=0, P=0, N=0), p_value: 0
2025-03-05 13:28:06,505 - INFO - Regula po iteracji 0: IF  THEN class = {3.29} [2.96, 3.62], (p=42, n=19, P=42, N=19)
2025-03-05 13:28:06,505 - INFO - *****STOP GROWING RR RULE*****
2025-03-05 13:28:06,505 - INFO - ***RR NOT FOUND***
2025-03-05 13:28:06,505 - INFO - *******STOP GROWING CR RULE*******
2025-03-05 13:28:06,507 - INFO - *******GROWING CR RULE*******
2025-03-05 13:28:06,510 - INFO - Iteracja 0: condition_best: GMAT <= 635.00, quality_best: 0.195, coverage_best: (p=37, n=14, P=40, N=21)
2025-03-05 13:28:06,510 - INFO - Regula po iteracji 0: IF GMAT <= 635.00 THEN class = {3.24} [2.95, 3.54], (p=37, n=14, P=40, N=21)
2025-03-05 13:28:06,510 - INFO - *****GROWING RR RULE*****
2025-03-05 13:28:06,594 - INFO - Iteracja 0: condition_best: None, quality_best: -inf, coverage_best: (p=0, n=0, P=0, N=0), p_value: 0
2025-03-05 13:28:06,594 - INFO - Regula po iteracji 0: IF  THEN class = {3.29} [2.96, 3.62], (p=42, n=19, P=42, N=19)
2025-03-05 13:28:06,594 - INFO - *****STOP GROWING RR RULE*****
2025-03-05 13:28:06,594 - INFO - ***RR NOT FOUND***
2025-03-05 13:28:06,596 - INFO - Iteracja 1: condition_best: GMAT >= 430.00, quality_best: 0.196, coverage_best: (p=35, n=15, P=38, N=23)
2025-03-05 13:28:06,596 - INFO - Regula po iteracji 1: IF GMAT <= 635.00 AND GMAT >= 430.00 THEN class = {3.26} [2.97, 3.54], (p=35, n=15, P=38, N=23)
2025-03-05 13:28:06,596 - INFO - *****GROWING RR RULE*****
2025-03-05 13:28:06,680 - INFO - Iteracja 0: condition_best: None, quality_best: -inf, coverage_best: (p=0, n=0, P=0, N=0), p_value: 0
2025-03-05 13:28:06,680 - INFO - Regula po iteracji 0: IF  THEN class = {3.29} [2.96, 3.62], (p=42, n=19, P=42, N=19)
2025-03-05 13:28:06,680 - INFO - *****STOP GROWING RR RULE*****
2025-03-05 13:28:06,680 - INFO - ***RR NOT FOUND***
2025-03-05 13:28:06,682 - INFO - Iteracja 2: condition_best: GMAT <= 605.00, quality_best: 0.246, coverage_best: (p=31, n=11, P=39, N=22)
2025-03-05 13:28:06,682 - INFO - Regula po iteracji 2: IF GMAT <= 635.00 AND GMAT >= 430.00 AND GMAT <= 605.00 THEN class = {3.25} [2.97, 3.54], (p=31, n=11, P=39, N=22)
2025-03-05 13:28:06,682 - INFO - *****GROWING RR RULE*****
2025-03-05 13:28:06,764 - INFO - Iteracja 0: condition_best: None, quality_best: -inf, coverage_best: (p=0, n=0, P=0, N=0), p_value: 0
2025-03-05 13:28:06,765 - INFO - Regula po iteracji 0: IF  THEN class = {3.29} [2.96, 3.62], (p=42, n=19, P=42, N=19)
2025-03-05 13:28:06,765 - INFO - *****STOP GROWING RR RULE*****
2025-03-05 13:28:06,765 - INFO - ***RR NOT FOUND***
2025-03-05 13:28:06,767 - INFO - Iteracja 3: condition_best: GMAT <= 595.00, quality_best: 0.232, coverage_best: (p=28, n=10, P=39, N=22)
2025-03-05 13:28:06,767 - INFO - Regula po iteracji 3: IF GMAT <= 635.00 AND GMAT >= 430.00 AND GMAT <= 605.00 AND GMAT <= 595.00 THEN class = {3.25} [2.96, 3.55], (p=28, n=10, P=39, N=22)
2025-03-05 13:28:06,767 - INFO - *****GROWING RR RULE*****
2025-03-05 13:28:06,848 - INFO - Iteracja 0: condition_best: None, quality_best: -inf, coverage_best: (p=0, n=0, P=0, N=0), p_value: 0
2025-03-05 13:28:06,849 - INFO - Regula po iteracji 0: IF  THEN class = {3.29} [2.96, 3.62], (p=42, n=19, P=42, N=19)
2025-03-05 13:28:06,849 - INFO - *****STOP GROWING RR RULE*****
2025-03-05 13:28:06,849 - INFO - ***RR NOT FOUND***
2025-03-05 13:28:06,851 - INFO - Iteracja 4: condition_best: sex = {0}, quality_best: 0.282, coverage_best: (p=23, n=9, P=35, N=26)
2025-03-05 13:28:06,851 - INFO - Regula po iteracji 4: IF GMAT <= 635.00 AND GMAT >= 430.00 AND GMAT <= 605.00 AND GMAT <= 595.00 AND sex = {0} THEN class = {3.31} [3.04, 3.58], (p=23, n=9, P=35, N=26)
2025-03-05 13:28:06,851 - INFO - *****GROWING RR RULE*****
2025-03-05 13:28:06,932 - INFO - Iteracja 0: condition_best: None, quality_best: -inf, coverage_best: (p=0, n=0, P=0, N=0), p_value: 0
2025-03-05 13:28:06,932 - INFO - Regula po iteracji 0: IF  THEN class = {3.29} [2.96, 3.62], (p=42, n=19, P=42, N=19)
2025-03-05 13:28:06,932 - INFO - *****STOP GROWING RR RULE*****
2025-03-05 13:28:06,932 - INFO - ***RR NOT FOUND***
2025-03-05 13:28:06,932 - INFO - *******STOP GROWING CR RULE*******
2025-03-05 13:28:06,937 - INFO - *******GROWING CR RULE*******
2025-03-05 13:28:06,940 - INFO - Iteracja 0: condition_best: GMAT <= 635.00, quality_best: 0.195, coverage_best: (p=37, n=14, P=40, N=21)
2025-03-05 13:28:06,940 - INFO - Regula po iteracji 0: IF GMAT <= 635.00 THEN class = {3.24} [2.95, 3.54], (p=37, n=14, P=40, N=21)
2025-03-05 13:28:06,940 - INFO - *****GROWING RR RULE*****
2025-03-05 13:28:07,023 - INFO - Iteracja 0: condition_best: None, quality_best: -inf, coverage_best: (p=0, n=0, P=0, N=0), p_value: 0
2025-03-05 13:28:07,023 - INFO - Regula po iteracji 0: IF  THEN class = {3.29} [2.96, 3.62], (p=42, n=19, P=42, N=19)
2025-03-05 13:28:07,023 - INFO - *****STOP GROWING RR RULE*****
2025-03-05 13:28:07,023 - INFO - ***RR NOT FOUND***
2025-03-05 13:28:07,025 - INFO - Iteracja 1: condition_best: GMAT >= 430.00, quality_best: 0.196, coverage_best: (p=35, n=15, P=38, N=23)
2025-03-05 13:28:07,025 - INFO - Regula po iteracji 1: IF GMAT <= 635.00 AND GMAT >= 430.00 THEN class = {3.26} [2.97, 3.54], (p=35, n=15, P=38, N=23)
2025-03-05 13:28:07,026 - INFO - *****GROWING RR RULE*****
2025-03-05 13:28:07,109 - INFO - Iteracja 0: condition_best: None, quality_best: -inf, coverage_best: (p=0, n=0, P=0, N=0), p_value: 0
2025-03-05 13:28:07,109 - INFO - Regula po iteracji 0: IF  THEN class = {3.29} [2.96, 3.62], (p=42, n=19, P=42, N=19)
2025-03-05 13:28:07,109 - INFO - *****STOP GROWING RR RULE*****
2025-03-05 13:28:07,109 - INFO - ***RR NOT FOUND***
2025-03-05 13:28:07,111 - INFO - Iteracja 2: condition_best: GMAT <= 615.00, quality_best: 0.196, coverage_best: (p=33, n=14, P=38, N=23)
2025-03-05 13:28:07,112 - INFO - Regula po iteracji 2: IF GMAT <= 635.00 AND GMAT >= 430.00 AND GMAT <= 615.00 THEN class = {3.26} [2.97, 3.54], (p=33, n=14, P=38, N=23)
2025-03-05 13:28:07,112 - INFO - *****GROWING RR RULE*****
2025-03-05 13:28:07,194 - INFO - Iteracja 0: condition_best: None, quality_best: -inf, coverage_best: (p=0, n=0, P=0, N=0), p_value: 0
2025-03-05 13:28:07,194 - INFO - Regula po iteracji 0: IF  THEN class = {3.29} [2.96, 3.62], (p=42, n=19, P=42, N=19)
2025-03-05 13:28:07,194 - INFO - *****STOP GROWING RR RULE*****
2025-03-05 13:28:07,194 - INFO - ***RR NOT FOUND***
2025-03-05 13:28:07,196 - INFO - Iteracja 3: condition_best: GMAT >= 445.00, quality_best: 0.178, coverage_best: (p=32, n=14, P=38, N=23)
2025-03-05 13:28:07,196 - INFO - Regula po iteracji 3: IF GMAT <= 635.00 AND GMAT >= 430.00 AND GMAT <= 615.00 AND GMAT >= 445.00 THEN class = {3.26} [2.97, 3.55], (p=32, n=14, P=38, N=23)
2025-03-05 13:28:07,197 - INFO - *****GROWING RR RULE*****
2025-03-05 13:28:07,277 - INFO - Iteracja 0: condition_best: None, quality_best: -inf, coverage_best: (p=0, n=0, P=0, N=0), p_value: 0
2025-03-05 13:28:07,277 - INFO - Regula po iteracji 0: IF  THEN class = {3.29} [2.96, 3.62], (p=42, n=19, P=42, N=19)
2025-03-05 13:28:07,277 - INFO - *****STOP GROWING RR RULE*****
2025-03-05 13:28:07,277 - INFO - ***RR NOT FOUND***
2025-03-05 13:28:07,279 - INFO - Iteracja 4: condition_best: sex = {0}, quality_best: 0.177, coverage_best: (p=25, n=12, P=36, N=25)
2025-03-05 13:28:07,279 - INFO - Regula po iteracji 4: IF GMAT <= 635.00 AND GMAT >= 430.00 AND GMAT <= 615.00 AND GMAT >= 445.00 AND sex = {0} THEN class = {3.31} [3.03, 3.59], (p=25, n=12, P=36, N=25)
2025-03-05 13:28:07,279 - INFO - *****GROWING RR RULE*****
2025-03-05 13:28:07,359 - INFO - Iteracja 0: condition_best: None, quality_best: -inf, coverage_best: (p=0, n=0, P=0, N=0), p_value: 0
2025-03-05 13:28:07,359 - INFO - Regula po iteracji 0: IF  THEN class = {3.29} [2.96, 3.62], (p=42, n=19, P=42, N=19)
2025-03-05 13:28:07,359 - INFO - *****STOP GROWING RR RULE*****
2025-03-05 13:28:07,359 - INFO - ***RR NOT FOUND***
2025-03-05 13:28:07,359 - INFO - *******STOP GROWING CR RULE*******
2025-03-05 13:28:07,360 - INFO - *******GROWING CR RULE*******
2025-03-05 13:28:07,363 - INFO - Iteracja 0: condition_best: GMAT <= 430.00, quality_best: 1.0, coverage_best: (p=1, n=0, P=1, N=60)
2025-03-05 13:28:07,363 - INFO - Regula po iteracji 0: IF GMAT <= 430.00 THEN class = {2.53} [2.53, 2.53], (p=1, n=0, P=1, N=60)
2025-03-05 13:28:07,363 - INFO - *****GROWING RR RULE*****
2025-03-05 13:28:07,435 - INFO - Iteracja 0: condition_best: None, quality_best: -inf, coverage_best: (p=0, n=0, P=0, N=0), p_value: 0
2025-03-05 13:28:07,436 - INFO - Regula po iteracji 0: IF  THEN class = {3.29} [2.96, 3.62], (p=42, n=19, P=42, N=19)
2025-03-05 13:28:07,436 - INFO - *****STOP GROWING RR RULE*****
2025-03-05 13:28:07,436 - INFO - ***RR NOT FOUND***
2025-03-05 13:28:07,436 - INFO - Iteracja 1: condition_best: sex = {1}, quality_best: 1.0, coverage_best: (p=1, n=0, P=1, N=60)
2025-03-05 13:28:07,436 - INFO - Regula po iteracji 1: IF GMAT <= 430.00 AND sex = {1} THEN class = {2.53} [2.53, 2.53], (p=1, n=0, P=1, N=60)
2025-03-05 13:28:07,436 - INFO - *****GROWING RR RULE*****
2025-03-05 13:28:07,509 - INFO - Iteracja 0: condition_best: None, quality_best: -inf, coverage_best: (p=0, n=0, P=0, N=0), p_value: 0
2025-03-05 13:28:07,509 - INFO - Regula po iteracji 0: IF  THEN class = {3.29} [2.96, 3.62], (p=42, n=19, P=42, N=19)
2025-03-05 13:28:07,509 - INFO - *****STOP GROWING RR RULE*****
2025-03-05 13:28:07,509 - INFO - ***RR NOT FOUND***
2025-03-05 13:28:07,509 - INFO - Iteracja 2: condition_best: None, quality_best: -inf, coverage_best: (p=0, n=0, P=0, N=0)
2025-03-05 13:28:07,509 - INFO - Regula po iteracji 2: IF GMAT <= 430.00 AND sex = {1} THEN class = {2.53} [2.53, 2.53], (p=1, n=0, P=1, N=60)
2025-03-05 13:28:07,509 - INFO - *******STOP GROWING CR RULE*******
2025-03-05 13:28:07,510 - INFO - *******GROWING CR RULE*******
2025-03-05 13:28:07,512 - INFO - Iteracja 0: condition_best: GMAT <= 430.00, quality_best: 1.0, coverage_best: (p=1, n=0, P=1, N=60)
2025-03-05 13:28:07,512 - INFO - Regula po iteracji 0: IF GMAT <= 430.00 THEN class = {2.53} [2.53, 2.53], (p=1, n=0, P=1, N=60)
2025-03-05 13:28:07,512 - INFO - *****GROWING RR RULE*****
2025-03-05 13:28:07,585 - INFO - Iteracja 0: condition_best: None, quality_best: -inf, coverage_best: (p=0, n=0, P=0, N=0), p_value: 0
2025-03-05 13:28:07,585 - INFO - Regula po iteracji 0: IF  THEN class = {3.29} [2.96, 3.62], (p=42, n=19, P=42, N=19)
2025-03-05 13:28:07,585 - INFO - *****STOP GROWING RR RULE*****
2025-03-05 13:28:07,585 - INFO - ***RR NOT FOUND***
2025-03-05 13:28:07,585 - INFO - Iteracja 1: condition_best: sex = {1}, quality_best: 1.0, coverage_best: (p=1, n=0, P=1, N=60)
2025-03-05 13:28:07,585 - INFO - Regula po iteracji 1: IF GMAT <= 430.00 AND sex = {1} THEN class = {2.53} [2.53, 2.53], (p=1, n=0, P=1, N=60)
2025-03-05 13:28:07,586 - INFO - *****GROWING RR RULE*****
2025-03-05 13:28:07,658 - INFO - Iteracja 0: condition_best: None, quality_best: -inf, coverage_best: (p=0, n=0, P=0, N=0), p_value: 0
2025-03-05 13:28:07,658 - INFO - Regula po iteracji 0: IF  THEN class = {3.29} [2.96, 3.62], (p=42, n=19, P=42, N=19)
2025-03-05 13:28:07,659 - INFO - *****STOP GROWING RR RULE*****
2025-03-05 13:28:07,659 - INFO - ***RR NOT FOUND***
2025-03-05 13:28:07,659 - INFO - Iteracja 2: condition_best: None, quality_best: -inf, coverage_best: (p=0, n=0, P=0, N=0)
2025-03-05 13:28:07,659 - INFO - Regula po iteracji 2: IF GMAT <= 430.00 AND sex = {1} THEN class = {2.53} [2.53, 2.53], (p=1, n=0, P=1, N=60)
2025-03-05 13:28:07,659 - INFO - *******STOP GROWING CR RULE*******
2025-03-05 13:28:07,662 - INFO - ************************Finished experiment for mbagrade.arff with algorithm3************************
2025-03-05 13:28:07,662 - INFO - *************************************************************************************************************************
2025-03-05 13:28:07,662 - INFO - *************************************************************************************************************************
2025-03-05 13:28:07,662 - INFO - *************************************************************************************************************************
2025-03-05 13:28:07,662 - INFO - **********Starting experiment for mbagrade.arff with algorithm4**********
2025-03-05 13:28:07,665 - INFO - *******GROWING CR RULE*******
2025-03-05 13:28:07,669 - INFO - Iteracja 0: condition_best: GMAT >= 635.00, quality_best: 0.435, coverage_best: (p=9, n=1, P=40, N=21)
2025-03-05 13:28:07,669 - INFO - Regula po iteracji 0: IF GMAT >= 635.00 THEN class = {3.54} [3.18, 3.90], (p=9, n=1, P=40, N=21)
2025-03-05 13:28:07,669 - INFO - *****GROWING RR RULE*****
2025-03-05 13:28:07,675 - INFO - Iteracja 0: condition_best: None, quality_best: -inf, coverage_best: (p=0, n=0, P=0, N=0), p_value: 0
2025-03-05 13:28:07,675 - INFO - Regula po iteracji 0: IF  THEN class = {3.29} [2.96, 3.62], (p=42, n=19, P=42, N=19)
2025-03-05 13:28:07,675 - INFO - *****STOP GROWING RR RULE*****
2025-03-05 13:28:07,675 - INFO - ***RR NOT FOUND***
2025-03-05 13:28:07,676 - INFO - Iteracja 1: condition_best: sex = {0}, quality_best: 0.374, coverage_best: (p=7, n=1, P=40, N=21)
2025-03-05 13:28:07,676 - INFO - Regula po iteracji 1: IF GMAT >= 635.00 AND sex = {0} THEN class = {3.59} [3.21, 3.97], (p=7, n=1, P=40, N=21)
2025-03-05 13:28:07,676 - INFO - *****GROWING RR RULE*****
2025-03-05 13:28:07,681 - INFO - Iteracja 0: condition_best: None, quality_best: -inf, coverage_best: (p=0, n=0, P=0, N=0), p_value: 0
2025-03-05 13:28:07,681 - INFO - Regula po iteracji 0: IF  THEN class = {3.29} [2.96, 3.62], (p=42, n=19, P=42, N=19)
2025-03-05 13:28:07,681 - INFO - *****STOP GROWING RR RULE*****
2025-03-05 13:28:07,681 - INFO - ***RR NOT FOUND***
2025-03-05 13:28:07,682 - INFO - Iteracja 2: condition_best: GMAT >= 665.00, quality_best: 0.354, coverage_best: (p=3, n=2, P=9, N=52)
2025-03-05 13:28:07,683 - INFO - Regula po iteracji 2: IF GMAT >= 635.00 AND sex = {0} AND GMAT >= 665.00 THEN class = {3.69} [3.55, 3.83], (p=3, n=2, P=9, N=52)
2025-03-05 13:28:07,683 - INFO - *****GROWING RR RULE*****
2025-03-05 13:28:07,688 - INFO - Iteracja 0: condition_best: None, quality_best: -inf, coverage_best: (p=0, n=0, P=0, N=0), p_value: 0
2025-03-05 13:28:07,688 - INFO - Regula po iteracji 0: IF  THEN class = {3.29} [2.96, 3.62], (p=42, n=19, P=42, N=19)
2025-03-05 13:28:07,688 - INFO - *****STOP GROWING RR RULE*****
2025-03-05 13:28:07,688 - INFO - ***RR NOT FOUND***
2025-03-05 13:28:07,689 - INFO - Iteracja 3: condition_best: None, quality_best: -inf, coverage_best: (p=0, n=0, P=0, N=0)
2025-03-05 13:28:07,689 - INFO - Regula po iteracji 3: IF GMAT >= 635.00 AND sex = {0} AND GMAT >= 665.00 THEN class = {3.69} [3.55, 3.83], (p=3, n=2, P=9, N=52)
2025-03-05 13:28:07,689 - INFO - *******STOP GROWING CR RULE*******
2025-03-05 13:28:07,689 - INFO - *******GROWING CR RULE*******
2025-03-05 13:28:07,692 - INFO - Iteracja 0: condition_best: GMAT <= 565.00, quality_best: 0.224, coverage_best: (p=18, n=6, P=39, N=22)
2025-03-05 13:28:07,692 - INFO - Regula po iteracji 0: IF GMAT <= 565.00 THEN class = {3.20} [2.89, 3.51], (p=18, n=6, P=39, N=22)
2025-03-05 13:28:07,692 - INFO - *****GROWING RR RULE*****
2025-03-05 13:28:07,697 - INFO - Iteracja 0: condition_best: None, quality_best: -inf, coverage_best: (p=0, n=0, P=0, N=0), p_value: 0
2025-03-05 13:28:07,697 - INFO - Regula po iteracji 0: IF  THEN class = {3.29} [2.96, 3.62], (p=42, n=19, P=42, N=19)
2025-03-05 13:28:07,698 - INFO - *****STOP GROWING RR RULE*****
2025-03-05 13:28:07,698 - INFO - ***RR NOT FOUND***
2025-03-05 13:28:07,699 - INFO - Iteracja 1: condition_best: GMAT >= 460.00, quality_best: 0.376, coverage_best: (p=17, n=4, P=37, N=24)
2025-03-05 13:28:07,699 - INFO - Regula po iteracji 1: IF GMAT <= 565.00 AND GMAT >= 460.00 THEN class = {3.25} [2.98, 3.53], (p=17, n=4, P=37, N=24)
2025-03-05 13:28:07,699 - INFO - *****GROWING RR RULE*****
2025-03-05 13:28:07,704 - INFO - Iteracja 0: condition_best: None, quality_best: -inf, coverage_best: (p=0, n=0, P=0, N=0), p_value: 0
2025-03-05 13:28:07,704 - INFO - Regula po iteracji 0: IF  THEN class = {3.29} [2.96, 3.62], (p=42, n=19, P=42, N=19)
2025-03-05 13:28:07,705 - INFO - *****STOP GROWING RR RULE*****
2025-03-05 13:28:07,705 - INFO - ***RR NOT FOUND***
2025-03-05 13:28:07,706 - INFO - Iteracja 2: condition_best: sex = {0}, quality_best: 0.355, coverage_best: (p=13, n=4, P=32, N=29)
2025-03-05 13:28:07,706 - INFO - Regula po iteracji 2: IF GMAT <= 565.00 AND GMAT >= 460.00 AND sex = {0} THEN class = {3.33} [3.11, 3.55], (p=13, n=4, P=32, N=29)
2025-03-05 13:28:07,706 - INFO - *****GROWING RR RULE*****
2025-03-05 13:28:07,711 - INFO - Iteracja 0: condition_best: None, quality_best: -inf, coverage_best: (p=0, n=0, P=0, N=0), p_value: 0
2025-03-05 13:28:07,711 - INFO - Regula po iteracji 0: IF  THEN class = {3.29} [2.96, 3.62], (p=42, n=19, P=42, N=19)
2025-03-05 13:28:07,711 - INFO - *****STOP GROWING RR RULE*****
2025-03-05 13:28:07,711 - INFO - ***RR NOT FOUND***
2025-03-05 13:28:07,712 - INFO - Iteracja 3: condition_best: GMAT <= 525.00, quality_best: 0.358, coverage_best: (p=5, n=1, P=34, N=27)
2025-03-05 13:28:07,712 - INFO - Regula po iteracji 3: IF GMAT <= 565.00 AND GMAT >= 460.00 AND sex = {0} AND GMAT <= 525.00 THEN class = {3.37} [3.11, 3.63], (p=5, n=1, P=34, N=27)
2025-03-05 13:28:07,713 - INFO - *****GROWING RR RULE*****
2025-03-05 13:28:07,718 - INFO - Iteracja 0: condition_best: None, quality_best: -inf, coverage_best: (p=0, n=0, P=0, N=0), p_value: 0
2025-03-05 13:28:07,718 - INFO - Regula po iteracji 0: IF  THEN class = {3.29} [2.96, 3.62], (p=42, n=19, P=42, N=19)
2025-03-05 13:28:07,718 - INFO - *****STOP GROWING RR RULE*****
2025-03-05 13:28:07,718 - INFO - ***RR NOT FOUND***
2025-03-05 13:28:07,719 - INFO - Iteracja 4: condition_best: GMAT >= 480.00, quality_best: 0.116, coverage_best: (p=2, n=3, P=15, N=46)
2025-03-05 13:28:07,719 - INFO - Regula po iteracji 4: IF GMAT <= 565.00 AND GMAT >= 460.00 AND sex = {0} AND GMAT <= 525.00 AND GMAT >= 480.00 THEN class = {3.26} [3.17, 3.36], (p=2, n=3, P=15, N=46)
2025-03-05 13:28:07,719 - INFO - *****GROWING RR RULE*****
2025-03-05 13:28:07,724 - INFO - Iteracja 0: condition_best: None, quality_best: -inf, coverage_best: (p=0, n=0, P=0, N=0), p_value: 0
2025-03-05 13:28:07,724 - INFO - Regula po iteracji 0: IF  THEN class = {3.29} [2.96, 3.62], (p=42, n=19, P=42, N=19)
2025-03-05 13:28:07,724 - INFO - *****STOP GROWING RR RULE*****
2025-03-05 13:28:07,724 - INFO - ***RR NOT FOUND***
2025-03-05 13:28:07,724 - INFO - *******STOP GROWING CR RULE*******
2025-03-05 13:28:07,725 - INFO - *******GROWING CR RULE*******
2025-03-05 13:28:07,728 - INFO - Iteracja 0: condition_best: GMAT <= 635.00, quality_best: 0.195, coverage_best: (p=37, n=14, P=40, N=21)
2025-03-05 13:28:07,728 - INFO - Regula po iteracji 0: IF GMAT <= 635.00 THEN class = {3.24} [2.95, 3.54], (p=37, n=14, P=40, N=21)
2025-03-05 13:28:07,728 - INFO - *****GROWING RR RULE*****
2025-03-05 13:28:07,733 - INFO - Iteracja 0: condition_best: None, quality_best: -inf, coverage_best: (p=0, n=0, P=0, N=0), p_value: 0
2025-03-05 13:28:07,733 - INFO - Regula po iteracji 0: IF  THEN class = {3.29} [2.96, 3.62], (p=42, n=19, P=42, N=19)
2025-03-05 13:28:07,733 - INFO - *****STOP GROWING RR RULE*****
2025-03-05 13:28:07,733 - INFO - ***RR NOT FOUND***
2025-03-05 13:28:07,736 - INFO - Iteracja 1: condition_best: sex = {1}, quality_best: 0.259, coverage_best: (p=7, n=4, P=24, N=37)
2025-03-05 13:28:07,736 - INFO - Regula po iteracji 1: IF GMAT <= 635.00 AND sex = {1} THEN class = {3.02} [2.76, 3.28], (p=7, n=4, P=24, N=37)
2025-03-05 13:28:07,736 - INFO - *****GROWING RR RULE*****
2025-03-05 13:28:07,741 - INFO - Iteracja 0: condition_best: None, quality_best: -inf, coverage_best: (p=0, n=0, P=0, N=0), p_value: 0
2025-03-05 13:28:07,741 - INFO - Regula po iteracji 0: IF  THEN class = {3.29} [2.96, 3.62], (p=42, n=19, P=42, N=19)
2025-03-05 13:28:07,741 - INFO - *****STOP GROWING RR RULE*****
2025-03-05 13:28:07,741 - INFO - ***RR NOT FOUND***
2025-03-05 13:28:07,742 - INFO - Iteracja 2: condition_best: GMAT >= 490.00, quality_best: 0.441, coverage_best: (p=7, n=2, P=21, N=40)
2025-03-05 13:28:07,742 - INFO - Regula po iteracji 2: IF GMAT <= 635.00 AND sex = {1} AND GMAT >= 490.00 THEN class = {3.11} [2.90, 3.31], (p=7, n=2, P=21, N=40)
2025-03-05 13:28:07,743 - INFO - *****GROWING RR RULE*****
2025-03-05 13:28:07,748 - INFO - Iteracja 0: condition_best: None, quality_best: -inf, coverage_best: (p=0, n=0, P=0, N=0), p_value: 0
2025-03-05 13:28:07,748 - INFO - Regula po iteracji 0: IF  THEN class = {3.29} [2.96, 3.62], (p=42, n=19, P=42, N=19)
2025-03-05 13:28:07,748 - INFO - *****STOP GROWING RR RULE*****
2025-03-05 13:28:07,748 - INFO - ***RR NOT FOUND***
2025-03-05 13:28:07,749 - INFO - Iteracja 3: condition_best: GMAT <= 620.00, quality_best: 0.398, coverage_best: (p=6, n=2, P=21, N=40)
2025-03-05 13:28:07,749 - INFO - Regula po iteracji 3: IF GMAT <= 635.00 AND sex = {1} AND GMAT >= 490.00 AND GMAT <= 620.00 THEN class = {3.09} [2.88, 3.29], (p=6, n=2, P=21, N=40)
2025-03-05 13:28:07,749 - INFO - *****GROWING RR RULE*****
2025-03-05 13:28:07,754 - INFO - Iteracja 0: condition_best: None, quality_best: -inf, coverage_best: (p=0, n=0, P=0, N=0), p_value: 0
2025-03-05 13:28:07,754 - INFO - Regula po iteracji 0: IF  THEN class = {3.29} [2.96, 3.62], (p=42, n=19, P=42, N=19)
2025-03-05 13:28:07,754 - INFO - *****STOP GROWING RR RULE*****
2025-03-05 13:28:07,754 - INFO - ***RR NOT FOUND***
2025-03-05 13:28:07,755 - INFO - Iteracja 4: condition_best: GMAT >= 525.00, quality_best: 0.353, coverage_best: (p=4, n=2, P=15, N=46)
2025-03-05 13:28:07,755 - INFO - Regula po iteracji 4: IF GMAT <= 635.00 AND sex = {1} AND GMAT >= 490.00 AND GMAT <= 620.00 AND GMAT >= 525.00 THEN class = {3.13} [3.00, 3.26], (p=4, n=2, P=15, N=46)
2025-03-05 13:28:07,756 - INFO - *****GROWING RR RULE*****
2025-03-05 13:28:07,761 - INFO - Iteracja 0: condition_best: None, quality_best: -inf, coverage_best: (p=0, n=0, P=0, N=0), p_value: 0
2025-03-05 13:28:07,761 - INFO - Regula po iteracji 0: IF  THEN class = {3.29} [2.96, 3.62], (p=42, n=19, P=42, N=19)
2025-03-05 13:28:07,761 - INFO - *****STOP GROWING RR RULE*****
2025-03-05 13:28:07,761 - INFO - ***RR NOT FOUND***
2025-03-05 13:28:07,761 - INFO - *******STOP GROWING CR RULE*******
2025-03-05 13:28:07,763 - INFO - *******GROWING CR RULE*******
2025-03-05 13:28:07,765 - INFO - Iteracja 0: condition_best: GMAT <= 635.00, quality_best: 0.195, coverage_best: (p=37, n=14, P=40, N=21)
2025-03-05 13:28:07,765 - INFO - Regula po iteracji 0: IF GMAT <= 635.00 THEN class = {3.24} [2.95, 3.54], (p=37, n=14, P=40, N=21)
2025-03-05 13:28:07,766 - INFO - *****GROWING RR RULE*****
2025-03-05 13:28:07,771 - INFO - Iteracja 0: condition_best: None, quality_best: -inf, coverage_best: (p=0, n=0, P=0, N=0), p_value: 0
2025-03-05 13:28:07,771 - INFO - Regula po iteracji 0: IF  THEN class = {3.29} [2.96, 3.62], (p=42, n=19, P=42, N=19)
2025-03-05 13:28:07,771 - INFO - *****STOP GROWING RR RULE*****
2025-03-05 13:28:07,771 - INFO - ***RR NOT FOUND***
2025-03-05 13:28:07,773 - INFO - Iteracja 1: condition_best: GMAT >= 430.00, quality_best: 0.196, coverage_best: (p=35, n=15, P=38, N=23)
2025-03-05 13:28:07,773 - INFO - Regula po iteracji 1: IF GMAT <= 635.00 AND GMAT >= 430.00 THEN class = {3.26} [2.97, 3.54], (p=35, n=15, P=38, N=23)
2025-03-05 13:28:07,773 - INFO - *****GROWING RR RULE*****
2025-03-05 13:28:07,778 - INFO - Iteracja 0: condition_best: None, quality_best: -inf, coverage_best: (p=0, n=0, P=0, N=0), p_value: 0
2025-03-05 13:28:07,778 - INFO - Regula po iteracji 0: IF  THEN class = {3.29} [2.96, 3.62], (p=42, n=19, P=42, N=19)
2025-03-05 13:28:07,778 - INFO - *****STOP GROWING RR RULE*****
2025-03-05 13:28:07,778 - INFO - ***RR NOT FOUND***
2025-03-05 13:28:07,781 - INFO - Iteracja 2: condition_best: GMAT <= 605.00, quality_best: 0.246, coverage_best: (p=31, n=11, P=39, N=22)
2025-03-05 13:28:07,781 - INFO - Regula po iteracji 2: IF GMAT <= 635.00 AND GMAT >= 430.00 AND GMAT <= 605.00 THEN class = {3.25} [2.97, 3.54], (p=31, n=11, P=39, N=22)
2025-03-05 13:28:07,781 - INFO - *****GROWING RR RULE*****
2025-03-05 13:28:07,786 - INFO - Iteracja 0: condition_best: None, quality_best: -inf, coverage_best: (p=0, n=0, P=0, N=0), p_value: 0
2025-03-05 13:28:07,786 - INFO - Regula po iteracji 0: IF  THEN class = {3.29} [2.96, 3.62], (p=42, n=19, P=42, N=19)
2025-03-05 13:28:07,786 - INFO - *****STOP GROWING RR RULE*****
2025-03-05 13:28:07,786 - INFO - ***RR NOT FOUND***
2025-03-05 13:28:07,788 - INFO - Iteracja 3: condition_best: GMAT <= 595.00, quality_best: 0.232, coverage_best: (p=28, n=10, P=39, N=22)
2025-03-05 13:28:07,788 - INFO - Regula po iteracji 3: IF GMAT <= 635.00 AND GMAT >= 430.00 AND GMAT <= 605.00 AND GMAT <= 595.00 THEN class = {3.25} [2.96, 3.55], (p=28, n=10, P=39, N=22)
2025-03-05 13:28:07,788 - INFO - *****GROWING RR RULE*****
2025-03-05 13:28:07,793 - INFO - Iteracja 0: condition_best: None, quality_best: -inf, coverage_best: (p=0, n=0, P=0, N=0), p_value: 0
2025-03-05 13:28:07,793 - INFO - Regula po iteracji 0: IF  THEN class = {3.29} [2.96, 3.62], (p=42, n=19, P=42, N=19)
2025-03-05 13:28:07,793 - INFO - *****STOP GROWING RR RULE*****
2025-03-05 13:28:07,793 - INFO - ***RR NOT FOUND***
2025-03-05 13:28:07,795 - INFO - Iteracja 4: condition_best: sex = {0}, quality_best: 0.282, coverage_best: (p=23, n=9, P=35, N=26)
2025-03-05 13:28:07,795 - INFO - Regula po iteracji 4: IF GMAT <= 635.00 AND GMAT >= 430.00 AND GMAT <= 605.00 AND GMAT <= 595.00 AND sex = {0} THEN class = {3.31} [3.04, 3.58], (p=23, n=9, P=35, N=26)
2025-03-05 13:28:07,796 - INFO - *****GROWING RR RULE*****
2025-03-05 13:28:07,801 - INFO - Iteracja 0: condition_best: None, quality_best: -inf, coverage_best: (p=0, n=0, P=0, N=0), p_value: 0
2025-03-05 13:28:07,801 - INFO - Regula po iteracji 0: IF  THEN class = {3.29} [2.96, 3.62], (p=42, n=19, P=42, N=19)
2025-03-05 13:28:07,801 - INFO - *****STOP GROWING RR RULE*****
2025-03-05 13:28:07,801 - INFO - ***RR NOT FOUND***
2025-03-05 13:28:07,801 - INFO - *******STOP GROWING CR RULE*******
2025-03-05 13:28:07,806 - INFO - *******GROWING CR RULE*******
2025-03-05 13:28:07,808 - INFO - Iteracja 0: condition_best: GMAT <= 635.00, quality_best: 0.195, coverage_best: (p=37, n=14, P=40, N=21)
2025-03-05 13:28:07,808 - INFO - Regula po iteracji 0: IF GMAT <= 635.00 THEN class = {3.24} [2.95, 3.54], (p=37, n=14, P=40, N=21)
2025-03-05 13:28:07,809 - INFO - *****GROWING RR RULE*****
2025-03-05 13:28:07,814 - INFO - Iteracja 0: condition_best: None, quality_best: -inf, coverage_best: (p=0, n=0, P=0, N=0), p_value: 0
2025-03-05 13:28:07,814 - INFO - Regula po iteracji 0: IF  THEN class = {3.29} [2.96, 3.62], (p=42, n=19, P=42, N=19)
2025-03-05 13:28:07,814 - INFO - *****STOP GROWING RR RULE*****
2025-03-05 13:28:07,814 - INFO - ***RR NOT FOUND***
2025-03-05 13:28:07,816 - INFO - Iteracja 1: condition_best: GMAT >= 430.00, quality_best: 0.196, coverage_best: (p=35, n=15, P=38, N=23)
2025-03-05 13:28:07,816 - INFO - Regula po iteracji 1: IF GMAT <= 635.00 AND GMAT >= 430.00 THEN class = {3.26} [2.97, 3.54], (p=35, n=15, P=38, N=23)
2025-03-05 13:28:07,816 - INFO - *****GROWING RR RULE*****
2025-03-05 13:28:07,821 - INFO - Iteracja 0: condition_best: None, quality_best: -inf, coverage_best: (p=0, n=0, P=0, N=0), p_value: 0
2025-03-05 13:28:07,821 - INFO - Regula po iteracji 0: IF  THEN class = {3.29} [2.96, 3.62], (p=42, n=19, P=42, N=19)
2025-03-05 13:28:07,821 - INFO - *****STOP GROWING RR RULE*****
2025-03-05 13:28:07,821 - INFO - ***RR NOT FOUND***
2025-03-05 13:28:07,824 - INFO - Iteracja 2: condition_best: GMAT <= 615.00, quality_best: 0.196, coverage_best: (p=33, n=14, P=38, N=23)
2025-03-05 13:28:07,824 - INFO - Regula po iteracji 2: IF GMAT <= 635.00 AND GMAT >= 430.00 AND GMAT <= 615.00 THEN class = {3.26} [2.97, 3.54], (p=33, n=14, P=38, N=23)
2025-03-05 13:28:07,824 - INFO - *****GROWING RR RULE*****
2025-03-05 13:28:07,829 - INFO - Iteracja 0: condition_best: None, quality_best: -inf, coverage_best: (p=0, n=0, P=0, N=0), p_value: 0
2025-03-05 13:28:07,829 - INFO - Regula po iteracji 0: IF  THEN class = {3.29} [2.96, 3.62], (p=42, n=19, P=42, N=19)
2025-03-05 13:28:07,829 - INFO - *****STOP GROWING RR RULE*****
2025-03-05 13:28:07,829 - INFO - ***RR NOT FOUND***
2025-03-05 13:28:07,831 - INFO - Iteracja 3: condition_best: GMAT >= 445.00, quality_best: 0.178, coverage_best: (p=32, n=14, P=38, N=23)
2025-03-05 13:28:07,831 - INFO - Regula po iteracji 3: IF GMAT <= 635.00 AND GMAT >= 430.00 AND GMAT <= 615.00 AND GMAT >= 445.00 THEN class = {3.26} [2.97, 3.55], (p=32, n=14, P=38, N=23)
2025-03-05 13:28:07,831 - INFO - *****GROWING RR RULE*****
2025-03-05 13:28:07,836 - INFO - Iteracja 0: condition_best: None, quality_best: -inf, coverage_best: (p=0, n=0, P=0, N=0), p_value: 0
2025-03-05 13:28:07,836 - INFO - Regula po iteracji 0: IF  THEN class = {3.29} [2.96, 3.62], (p=42, n=19, P=42, N=19)
2025-03-05 13:28:07,837 - INFO - *****STOP GROWING RR RULE*****
2025-03-05 13:28:07,837 - INFO - ***RR NOT FOUND***
2025-03-05 13:28:07,838 - INFO - Iteracja 4: condition_best: sex = {0}, quality_best: 0.177, coverage_best: (p=25, n=12, P=36, N=25)
2025-03-05 13:28:07,838 - INFO - Regula po iteracji 4: IF GMAT <= 635.00 AND GMAT >= 430.00 AND GMAT <= 615.00 AND GMAT >= 445.00 AND sex = {0} THEN class = {3.31} [3.03, 3.59], (p=25, n=12, P=36, N=25)
2025-03-05 13:28:07,839 - INFO - *****GROWING RR RULE*****
2025-03-05 13:28:07,844 - INFO - Iteracja 0: condition_best: None, quality_best: -inf, coverage_best: (p=0, n=0, P=0, N=0), p_value: 0
2025-03-05 13:28:07,844 - INFO - Regula po iteracji 0: IF  THEN class = {3.29} [2.96, 3.62], (p=42, n=19, P=42, N=19)
2025-03-05 13:28:07,844 - INFO - *****STOP GROWING RR RULE*****
2025-03-05 13:28:07,844 - INFO - ***RR NOT FOUND***
2025-03-05 13:28:07,844 - INFO - *******STOP GROWING CR RULE*******
2025-03-05 13:28:07,845 - INFO - *******GROWING CR RULE*******
2025-03-05 13:28:07,847 - INFO - Iteracja 0: condition_best: GMAT <= 430.00, quality_best: 1.0, coverage_best: (p=1, n=0, P=1, N=60)
2025-03-05 13:28:07,848 - INFO - Regula po iteracji 0: IF GMAT <= 430.00 THEN class = {2.53} [2.53, 2.53], (p=1, n=0, P=1, N=60)
2025-03-05 13:28:07,848 - INFO - *****GROWING RR RULE*****
2025-03-05 13:28:07,853 - INFO - Iteracja 0: condition_best: None, quality_best: -inf, coverage_best: (p=0, n=0, P=0, N=0), p_value: 0
2025-03-05 13:28:07,853 - INFO - Regula po iteracji 0: IF  THEN class = {3.29} [2.96, 3.62], (p=42, n=19, P=42, N=19)
2025-03-05 13:28:07,853 - INFO - *****STOP GROWING RR RULE*****
2025-03-05 13:28:07,853 - INFO - ***RR NOT FOUND***
2025-03-05 13:28:07,853 - INFO - Iteracja 1: condition_best: sex = {1}, quality_best: 1.0, coverage_best: (p=1, n=0, P=1, N=60)
2025-03-05 13:28:07,853 - INFO - Regula po iteracji 1: IF GMAT <= 430.00 AND sex = {1} THEN class = {2.53} [2.53, 2.53], (p=1, n=0, P=1, N=60)
2025-03-05 13:28:07,854 - INFO - *****GROWING RR RULE*****
2025-03-05 13:28:07,859 - INFO - Iteracja 0: condition_best: None, quality_best: -inf, coverage_best: (p=0, n=0, P=0, N=0), p_value: 0
2025-03-05 13:28:07,859 - INFO - Regula po iteracji 0: IF  THEN class = {3.29} [2.96, 3.62], (p=42, n=19, P=42, N=19)
2025-03-05 13:28:07,859 - INFO - *****STOP GROWING RR RULE*****
2025-03-05 13:28:07,859 - INFO - ***RR NOT FOUND***
2025-03-05 13:28:07,859 - INFO - Iteracja 2: condition_best: None, quality_best: -inf, coverage_best: (p=0, n=0, P=0, N=0)
2025-03-05 13:28:07,859 - INFO - Regula po iteracji 2: IF GMAT <= 430.00 AND sex = {1} THEN class = {2.53} [2.53, 2.53], (p=1, n=0, P=1, N=60)
2025-03-05 13:28:07,859 - INFO - *******STOP GROWING CR RULE*******
2025-03-05 13:28:07,859 - INFO - *******GROWING CR RULE*******
2025-03-05 13:28:07,862 - INFO - Iteracja 0: condition_best: GMAT <= 430.00, quality_best: 1.0, coverage_best: (p=1, n=0, P=1, N=60)
2025-03-05 13:28:07,862 - INFO - Regula po iteracji 0: IF GMAT <= 430.00 THEN class = {2.53} [2.53, 2.53], (p=1, n=0, P=1, N=60)
2025-03-05 13:28:07,862 - INFO - *****GROWING RR RULE*****
2025-03-05 13:28:07,867 - INFO - Iteracja 0: condition_best: None, quality_best: -inf, coverage_best: (p=0, n=0, P=0, N=0), p_value: 0
2025-03-05 13:28:07,867 - INFO - Regula po iteracji 0: IF  THEN class = {3.29} [2.96, 3.62], (p=42, n=19, P=42, N=19)
2025-03-05 13:28:07,867 - INFO - *****STOP GROWING RR RULE*****
2025-03-05 13:28:07,867 - INFO - ***RR NOT FOUND***
2025-03-05 13:28:07,868 - INFO - Iteracja 1: condition_best: sex = {1}, quality_best: 1.0, coverage_best: (p=1, n=0, P=1, N=60)
2025-03-05 13:28:07,868 - INFO - Regula po iteracji 1: IF GMAT <= 430.00 AND sex = {1} THEN class = {2.53} [2.53, 2.53], (p=1, n=0, P=1, N=60)
2025-03-05 13:28:07,868 - INFO - *****GROWING RR RULE*****
2025-03-05 13:28:07,873 - INFO - Iteracja 0: condition_best: None, quality_best: -inf, coverage_best: (p=0, n=0, P=0, N=0), p_value: 0
2025-03-05 13:28:07,873 - INFO - Regula po iteracji 0: IF  THEN class = {3.29} [2.96, 3.62], (p=42, n=19, P=42, N=19)
2025-03-05 13:28:07,873 - INFO - *****STOP GROWING RR RULE*****
2025-03-05 13:28:07,873 - INFO - ***RR NOT FOUND***
2025-03-05 13:28:07,874 - INFO - Iteracja 2: condition_best: None, quality_best: -inf, coverage_best: (p=0, n=0, P=0, N=0)
2025-03-05 13:28:07,874 - INFO - Regula po iteracji 2: IF GMAT <= 430.00 AND sex = {1} THEN class = {2.53} [2.53, 2.53], (p=1, n=0, P=1, N=60)
2025-03-05 13:28:07,874 - INFO - *******STOP GROWING CR RULE*******
2025-03-05 13:28:07,876 - INFO - ************************Finished experiment for mbagrade.arff with algorithm4************************
2025-03-05 13:28:07,876 - INFO - *************************************************************************************************************************
2025-03-05 13:28:07,876 - INFO - *************************************************************************************************************************
2025-03-05 13:28:07,876 - INFO - *************************************************************************************************************************
