2025-03-04 14:57:54,728 - INFO - **********Starting experiment for prnn-synth.arff with algorithm3**********
2025-03-04 14:57:54,732 - INFO - *******GROWING CR RULE*******
2025-03-04 14:57:54,744 - INFO - Iteracja 0: condition_best: ys <= 0.35, quality_best: 0.728, coverage_best: (p=68, n=2, P=125, N=125), precision: 0.971
2025-03-04 14:57:54,744 - INFO - Regula po iteracji 0: IF ys <= 0.35 THEN class = 0, (p=68, n=2, P=125, N=125)
2025-03-04 14:57:54,744 - INFO - *****GROWING RR RULE*****
2025-03-04 14:57:54,786 - INFO - Iteracja 0: condition_best: None quality_best: -inf, coverage_best: (p=0, n=0, P=0, N=0), number_of_covered_negatives_best: 0, best_score: 0, precision: 0
2025-03-04 14:57:54,786 - INFO - Regula po iteracji 0: IF  THEN class = 0, (p=57, n=193, P=57, N=193)
2025-03-04 14:57:54,786 - INFO - *****STOP GROWING RR RULE*****
2025-03-04 14:57:54,786 - INFO - ***RR NOT FOUND***
2025-03-04 14:57:54,787 - INFO - Iteracja 1: condition_best: xs <= 0.62, quality_best: 0.75, coverage_best: (p=68, n=1, P=125, N=125), precision: 0.986
2025-03-04 14:57:54,787 - INFO - Regula po iteracji 1: IF ys <= 0.35 AND xs <= 0.62 THEN class = 0, (p=68, n=1, P=125, N=125)
2025-03-04 14:57:54,787 - INFO - *****GROWING RR RULE*****
2025-03-04 14:57:54,826 - INFO - Iteracja 0: condition_best: None quality_best: -inf, coverage_best: (p=0, n=0, P=0, N=0), number_of_covered_negatives_best: 0, best_score: 0, precision: 0
2025-03-04 14:57:54,826 - INFO - Regula po iteracji 0: IF  THEN class = 0, (p=57, n=193, P=57, N=193)
2025-03-04 14:57:54,826 - INFO - *****STOP GROWING RR RULE*****
2025-03-04 14:57:54,826 - INFO - ***RR NOT FOUND***
2025-03-04 14:57:54,827 - INFO - Iteracja 2: condition_best: ys <= 0.28, quality_best: 0.712, coverage_best: (p=53, n=0, P=125, N=125), precision: 1.0
2025-03-04 14:57:54,827 - INFO - Regula po iteracji 2: IF ys <= 0.35 AND xs <= 0.62 AND ys <= 0.28 THEN class = 0, (p=53, n=0, P=125, N=125)
2025-03-04 14:57:54,827 - INFO - *******STOP GROWING CR RULE*******
2025-03-04 14:57:54,828 - INFO - *******GROWING CR RULE*******
2025-03-04 14:57:54,835 - INFO - Iteracja 0: condition_best: ys <= 0.37, quality_best: 0.71, coverage_best: (p=73, n=4, P=125, N=125), precision: 0.948
2025-03-04 14:57:54,835 - INFO - Regula po iteracji 0: IF ys <= 0.37 THEN class = 0, (p=73, n=4, P=125, N=125)
2025-03-04 14:57:54,835 - INFO - *****GROWING RR RULE*****
2025-03-04 14:57:54,879 - INFO - Iteracja 0: condition_best: None quality_best: -inf, coverage_best: (p=0, n=0, P=0, N=0), number_of_covered_negatives_best: 0, best_score: 0, precision: 0
2025-03-04 14:57:54,879 - INFO - Regula po iteracji 0: IF  THEN class = 0, (p=52, n=198, P=52, N=198)
2025-03-04 14:57:54,879 - INFO - *****STOP GROWING RR RULE*****
2025-03-04 14:57:54,879 - INFO - ***RR NOT FOUND***
2025-03-04 14:57:54,880 - INFO - Iteracja 1: condition_best: xs <= 0.51, quality_best: 0.741, coverage_best: (p=71, n=2, P=125, N=125), precision: 0.973
2025-03-04 14:57:54,880 - INFO - Regula po iteracji 1: IF ys <= 0.37 AND xs <= 0.51 THEN class = 0, (p=71, n=2, P=125, N=125)
2025-03-04 14:57:54,880 - INFO - *****GROWING RR RULE*****
2025-03-04 14:57:54,922 - INFO - Iteracja 0: condition_best: None quality_best: -inf, coverage_best: (p=0, n=0, P=0, N=0), number_of_covered_negatives_best: 0, best_score: 0, precision: 0
2025-03-04 14:57:54,922 - INFO - Regula po iteracji 0: IF  THEN class = 0, (p=54, n=196, P=54, N=196)
2025-03-04 14:57:54,922 - INFO - *****STOP GROWING RR RULE*****
2025-03-04 14:57:54,922 - INFO - ***RR NOT FOUND***
2025-03-04 14:57:54,922 - INFO - Iteracja 2: condition_best: ys >= 0.30, quality_best: 0.525, coverage_best: (p=20, n=1, P=125, N=125), precision: 0.952
2025-03-04 14:57:54,923 - INFO - Regula po iteracji 2: IF ys <= 0.37 AND xs <= 0.51 AND ys >= 0.30 THEN class = 0, (p=20, n=1, P=125, N=125)
2025-03-04 14:57:54,923 - INFO - *****GROWING RR RULE*****
2025-03-04 14:57:54,961 - INFO - Iteracja 0: condition_best: ys <= 0.28, quality_best: 0.752, coverage_best: (p=53, n=0, P=105, N=145), number_of_covered_negatives_best: 0, best_score: 1.257, precision: 1.0
2025-03-04 14:57:54,961 - INFO - Regula po iteracji 0: IF ys <= 0.28 THEN class = 0, (p=53, n=0, P=105, N=145)
2025-03-04 14:57:54,961 - INFO - *****STOP GROWING RR RULE*****
2025-03-04 14:57:54,961 - INFO - ***RR FOUND***
2025-03-04 14:57:54,961 - INFO - Reference rule: IF ys <= 0.28 THEN class = 0
2025-03-04 14:57:54,961 - INFO - ***CHECKING EXCEPTION***
2025-03-04 14:57:54,961 - INFO - Exception precision: 0
2025-03-04 14:57:54,961 - INFO - ***ER NOT FOUND***
2025-03-04 14:57:54,962 - INFO - Iteracja 3: condition_best: None, quality_best: -inf, coverage_best: (p=0, n=0, P=0, N=0), precision: 0
2025-03-04 14:57:54,962 - INFO - Regula po iteracji 3: IF ys <= 0.37 AND xs <= 0.51 AND ys >= 0.30 THEN class = 0, (p=20, n=1, P=125, N=125)
2025-03-04 14:57:54,962 - INFO - *******STOP GROWING CR RULE*******
2025-03-04 14:57:54,962 - INFO - *******GROWING CR RULE*******
2025-03-04 14:57:54,969 - INFO - Iteracja 0: condition_best: ys <= 0.40, quality_best: 0.701, coverage_best: (p=79, n=6, P=125, N=125), precision: 0.929
2025-03-04 14:57:54,969 - INFO - Regula po iteracji 0: IF ys <= 0.40 THEN class = 0, (p=79, n=6, P=125, N=125)
2025-03-04 14:57:54,970 - INFO - *****GROWING RR RULE*****
2025-03-04 14:57:55,015 - INFO - Iteracja 0: condition_best: None quality_best: -inf, coverage_best: (p=0, n=0, P=0, N=0), number_of_covered_negatives_best: 0, best_score: 0, precision: 0
2025-03-04 14:57:55,015 - INFO - Regula po iteracji 0: IF  THEN class = 0, (p=46, n=204, P=46, N=204)
2025-03-04 14:57:55,015 - INFO - *****STOP GROWING RR RULE*****
2025-03-04 14:57:55,015 - INFO - ***RR NOT FOUND***
2025-03-04 14:57:55,016 - INFO - Iteracja 1: condition_best: xs <= 0.51, quality_best: 0.724, coverage_best: (p=76, n=4, P=125, N=125), precision: 0.95
2025-03-04 14:57:55,017 - INFO - Regula po iteracji 1: IF ys <= 0.40 AND xs <= 0.51 THEN class = 0, (p=76, n=4, P=125, N=125)
2025-03-04 14:57:55,017 - INFO - *****GROWING RR RULE*****
2025-03-04 14:57:55,061 - INFO - Iteracja 0: condition_best: None quality_best: -inf, coverage_best: (p=0, n=0, P=0, N=0), number_of_covered_negatives_best: 0, best_score: 0, precision: 0
2025-03-04 14:57:55,061 - INFO - Regula po iteracji 0: IF  THEN class = 0, (p=49, n=201, P=49, N=201)
2025-03-04 14:57:55,061 - INFO - *****STOP GROWING RR RULE*****
2025-03-04 14:57:55,061 - INFO - ***RR NOT FOUND***
2025-03-04 14:57:55,062 - INFO - Iteracja 2: condition_best: xs <= 0.35, quality_best: 0.702, coverage_best: (p=67, n=3, P=125, N=125), precision: 0.957
2025-03-04 14:57:55,062 - INFO - Regula po iteracji 2: IF ys <= 0.40 AND xs <= 0.51 AND xs <= 0.35 THEN class = 0, (p=67, n=3, P=125, N=125)
2025-03-04 14:57:55,062 - INFO - *****GROWING RR RULE*****
2025-03-04 14:57:55,109 - INFO - Iteracja 0: condition_best: None quality_best: -inf, coverage_best: (p=0, n=0, P=0, N=0), number_of_covered_negatives_best: 0, best_score: 0, precision: 0
2025-03-04 14:57:55,109 - INFO - Regula po iteracji 0: IF  THEN class = 0, (p=58, n=192, P=58, N=192)
2025-03-04 14:57:55,109 - INFO - *****STOP GROWING RR RULE*****
2025-03-04 14:57:55,109 - INFO - ***RR NOT FOUND***
2025-03-04 14:57:55,110 - INFO - Iteracja 3: condition_best: ys >= 0.30, quality_best: 0.504, coverage_best: (p=24, n=2, P=125, N=125), precision: 0.923
2025-03-04 14:57:55,110 - INFO - Regula po iteracji 3: IF ys <= 0.40 AND xs <= 0.51 AND xs <= 0.35 AND ys >= 0.30 THEN class = 0, (p=24, n=2, P=125, N=125)
2025-03-04 14:57:55,110 - INFO - *****GROWING RR RULE*****
2025-03-04 14:57:55,150 - INFO - Iteracja 0: condition_best: ys <= 0.28, quality_best: 0.762, coverage_best: (p=53, n=0, P=101, N=149), number_of_covered_negatives_best: 0, best_score: 1.287, precision: 1.0
2025-03-04 14:57:55,151 - INFO - Regula po iteracji 0: IF ys <= 0.28 THEN class = 0, (p=53, n=0, P=101, N=149)
2025-03-04 14:57:55,151 - INFO - *****STOP GROWING RR RULE*****
2025-03-04 14:57:55,151 - INFO - ***RR FOUND***
2025-03-04 14:57:55,151 - INFO - Reference rule: IF ys <= 0.28 THEN class = 0
2025-03-04 14:57:55,151 - INFO - ***CHECKING EXCEPTION***
2025-03-04 14:57:55,151 - INFO - Exception precision: 0
2025-03-04 14:57:55,151 - INFO - ***ER NOT FOUND***
2025-03-04 14:57:55,151 - INFO - Iteracja 4: condition_best: ys >= 0.36, quality_best: 0.429, coverage_best: (p=9, n=1, P=125, N=125), precision: 0.9
2025-03-04 14:57:55,152 - INFO - Regula po iteracji 4: IF ys <= 0.40 AND xs <= 0.51 AND xs <= 0.35 AND ys >= 0.30 AND ys >= 0.36 THEN class = 0, (p=9, n=1, P=125, N=125)
2025-03-04 14:57:55,152 - INFO - *****GROWING RR RULE*****
2025-03-04 14:57:55,187 - INFO - Iteracja 0: condition_best: ys <= 0.45, quality_best: 0.535, coverage_best: (p=81, n=20, P=116, N=134), number_of_covered_negatives_best: 1, best_score: 2.234, precision: 0.802
2025-03-04 14:57:55,187 - INFO - Regula po iteracji 0: IF ys <= 0.45 THEN class = 0, (p=81, n=20, P=116, N=134)
2025-03-04 14:57:55,187 - INFO - *****STOP GROWING RR RULE*****
2025-03-04 14:57:55,187 - INFO - ***RR FOUND***
2025-03-04 14:57:55,188 - INFO - Reference rule: IF ys <= 0.45 THEN class = 0
2025-03-04 14:57:55,188 - INFO - ***CHECKING EXCEPTION***
2025-03-04 14:57:55,188 - INFO - Exception precision: 0.1
2025-03-04 14:57:55,188 - INFO - ***ER NOT FOUND***
2025-03-04 14:57:55,188 - INFO - Iteracja 5: condition_best: None, quality_best: -inf, coverage_best: (p=0, n=0, P=0, N=0), precision: 0
2025-03-04 14:57:55,188 - INFO - Regula po iteracji 5: IF ys <= 0.40 AND xs <= 0.51 AND xs <= 0.35 AND ys >= 0.30 AND ys >= 0.36 THEN class = 0, (p=9, n=1, P=125, N=125)
2025-03-04 14:57:55,188 - INFO - *******STOP GROWING CR RULE*******
2025-03-04 14:57:55,189 - INFO - *******GROWING CR RULE*******
2025-03-04 14:57:55,196 - INFO - Iteracja 0: condition_best: xs <= -0.60, quality_best: 0.688, coverage_best: (p=47, n=0, P=125, N=125), precision: 1.0
2025-03-04 14:57:55,196 - INFO - Regula po iteracji 0: IF xs <= -0.60 THEN class = 0, (p=47, n=0, P=125, N=125)
2025-03-04 14:57:55,196 - INFO - *******STOP GROWING CR RULE*******
2025-03-04 14:57:55,196 - INFO - *******GROWING CR RULE*******
2025-03-04 14:57:55,203 - INFO - Iteracja 0: condition_best: ys <= 0.45, quality_best: 0.673, coverage_best: (p=90, n=11, P=125, N=125), precision: 0.891
2025-03-04 14:57:55,203 - INFO - Regula po iteracji 0: IF ys <= 0.45 THEN class = 0, (p=90, n=11, P=125, N=125)
2025-03-04 14:57:55,203 - INFO - *****GROWING RR RULE*****
2025-03-04 14:57:55,254 - INFO - Iteracja 0: condition_best: None quality_best: -inf, coverage_best: (p=0, n=0, P=0, N=0), number_of_covered_negatives_best: 0, best_score: 0, precision: 0
2025-03-04 14:57:55,255 - INFO - Regula po iteracji 0: IF  THEN class = 0, (p=35, n=215, P=35, N=215)
2025-03-04 14:57:55,255 - INFO - *****STOP GROWING RR RULE*****
2025-03-04 14:57:55,255 - INFO - ***RR NOT FOUND***
2025-03-04 14:57:55,256 - INFO - Iteracja 1: condition_best: xs <= 0.51, quality_best: 0.739, coverage_best: (p=87, n=6, P=125, N=125), precision: 0.935
2025-03-04 14:57:55,257 - INFO - Regula po iteracji 1: IF ys <= 0.45 AND xs <= 0.51 THEN class = 0, (p=87, n=6, P=125, N=125)
2025-03-04 14:57:55,257 - INFO - *****GROWING RR RULE*****
2025-03-04 14:57:55,303 - INFO - Iteracja 0: condition_best: None quality_best: -inf, coverage_best: (p=0, n=0, P=0, N=0), number_of_covered_negatives_best: 0, best_score: 0, precision: 0
2025-03-04 14:57:55,303 - INFO - Regula po iteracji 0: IF  THEN class = 0, (p=38, n=212, P=38, N=212)
2025-03-04 14:57:55,303 - INFO - *****STOP GROWING RR RULE*****
2025-03-04 14:57:55,303 - INFO - ***RR NOT FOUND***
2025-03-04 14:57:55,304 - INFO - Iteracja 2: condition_best: xs <= 0.35, quality_best: 0.7, coverage_best: (p=75, n=5, P=125, N=125), precision: 0.938
2025-03-04 14:57:55,304 - INFO - Regula po iteracji 2: IF ys <= 0.45 AND xs <= 0.51 AND xs <= 0.35 THEN class = 0, (p=75, n=5, P=125, N=125)
2025-03-04 14:57:55,305 - INFO - *****GROWING RR RULE*****
2025-03-04 14:57:55,355 - INFO - Iteracja 0: condition_best: None quality_best: -inf, coverage_best: (p=0, n=0, P=0, N=0), number_of_covered_negatives_best: 0, best_score: 0, precision: 0
2025-03-04 14:57:55,355 - INFO - Regula po iteracji 0: IF  THEN class = 0, (p=50, n=200, P=50, N=200)
2025-03-04 14:57:55,355 - INFO - *****STOP GROWING RR RULE*****
2025-03-04 14:57:55,355 - INFO - ***RR NOT FOUND***
2025-03-04 14:57:55,356 - INFO - Iteracja 3: condition_best: xs <= 0.24, quality_best: 0.674, coverage_best: (p=61, n=3, P=125, N=125), precision: 0.953
2025-03-04 14:57:55,356 - INFO - Regula po iteracji 3: IF ys <= 0.45 AND xs <= 0.51 AND xs <= 0.35 AND xs <= 0.24 THEN class = 0, (p=61, n=3, P=125, N=125)
2025-03-04 14:57:55,357 - INFO - *****GROWING RR RULE*****
2025-03-04 14:57:55,406 - INFO - Iteracja 0: condition_best: None quality_best: -inf, coverage_best: (p=0, n=0, P=0, N=0), number_of_covered_negatives_best: 0, best_score: 0, precision: 0
2025-03-04 14:57:55,406 - INFO - Regula po iteracji 0: IF  THEN class = 0, (p=64, n=186, P=64, N=186)
2025-03-04 14:57:55,407 - INFO - *****STOP GROWING RR RULE*****
2025-03-04 14:57:55,407 - INFO - ***RR NOT FOUND***
2025-03-04 14:57:55,407 - INFO - Iteracja 4: condition_best: ys >= 0.40, quality_best: 0.532, coverage_best: (p=8, n=0, P=125, N=125), precision: 1.0
2025-03-04 14:57:55,408 - INFO - Regula po iteracji 4: IF ys <= 0.45 AND xs <= 0.51 AND xs <= 0.35 AND xs <= 0.24 AND ys >= 0.40 THEN class = 0, (p=8, n=0, P=125, N=125)
2025-03-04 14:57:55,408 - INFO - *******STOP GROWING CR RULE*******
2025-03-04 14:57:55,408 - INFO - *******GROWING CR RULE*******
2025-03-04 14:57:55,415 - INFO - Iteracja 0: condition_best: ys <= 0.47, quality_best: 0.654, coverage_best: (p=103, n=17, P=125, N=125), precision: 0.858
2025-03-04 14:57:55,415 - INFO - Regula po iteracji 0: IF ys <= 0.47 THEN class = 0, (p=103, n=17, P=125, N=125)
2025-03-04 14:57:55,415 - INFO - *****GROWING RR RULE*****
2025-03-04 14:57:55,472 - INFO - Iteracja 0: condition_best: None quality_best: -inf, coverage_best: (p=0, n=0, P=0, N=0), number_of_covered_negatives_best: 0, best_score: 0, precision: 0
2025-03-04 14:57:55,472 - INFO - Regula po iteracji 0: IF  THEN class = 0, (p=22, n=228, P=22, N=228)
2025-03-04 14:57:55,472 - INFO - *****STOP GROWING RR RULE*****
2025-03-04 14:57:55,472 - INFO - ***RR NOT FOUND***
2025-03-04 14:57:55,475 - INFO - Iteracja 1: condition_best: xs <= 0.44, quality_best: 0.698, coverage_best: (p=92, n=10, P=125, N=125), precision: 0.902
2025-03-04 14:57:55,475 - INFO - Regula po iteracji 1: IF ys <= 0.47 AND xs <= 0.44 THEN class = 0, (p=92, n=10, P=125, N=125)
2025-03-04 14:57:55,475 - INFO - *****GROWING RR RULE*****
2025-03-04 14:57:55,528 - INFO - Iteracja 0: condition_best: None quality_best: -inf, coverage_best: (p=0, n=0, P=0, N=0), number_of_covered_negatives_best: 0, best_score: 0, precision: 0
2025-03-04 14:57:55,528 - INFO - Regula po iteracji 0: IF  THEN class = 0, (p=33, n=217, P=33, N=217)
2025-03-04 14:57:55,528 - INFO - *****STOP GROWING RR RULE*****
2025-03-04 14:57:55,528 - INFO - ***RR NOT FOUND***
2025-03-04 14:57:55,530 - INFO - Iteracja 2: condition_best: xs <= 0.22, quality_best: 0.696, coverage_best: (p=70, n=4, P=125, N=125), precision: 0.946
2025-03-04 14:57:55,530 - INFO - Regula po iteracji 2: IF ys <= 0.47 AND xs <= 0.44 AND xs <= 0.22 THEN class = 0, (p=70, n=4, P=125, N=125)
2025-03-04 14:57:55,531 - INFO - *****GROWING RR RULE*****
2025-03-04 14:57:55,580 - INFO - Iteracja 0: condition_best: None quality_best: -inf, coverage_best: (p=0, n=0, P=0, N=0), number_of_covered_negatives_best: 0, best_score: 0, precision: 0
2025-03-04 14:57:55,580 - INFO - Regula po iteracji 0: IF  THEN class = 0, (p=55, n=195, P=55, N=195)
2025-03-04 14:57:55,580 - INFO - *****STOP GROWING RR RULE*****
2025-03-04 14:57:55,580 - INFO - ***RR NOT FOUND***
2025-03-04 14:57:55,581 - INFO - Iteracja 3: condition_best: xs >= 0.08, quality_best: 0.548, coverage_best: (p=12, n=0, P=125, N=125), precision: 1.0
2025-03-04 14:57:55,581 - INFO - Regula po iteracji 3: IF ys <= 0.47 AND xs <= 0.44 AND xs <= 0.22 AND xs >= 0.08 THEN class = 0, (p=12, n=0, P=125, N=125)
2025-03-04 14:57:55,581 - INFO - *******STOP GROWING CR RULE*******
2025-03-04 14:57:55,582 - INFO - *******GROWING CR RULE*******
2025-03-04 14:57:55,589 - INFO - Iteracja 0: condition_best: ys <= 0.48, quality_best: 0.651, coverage_best: (p=105, n=18, P=125, N=125), precision: 0.854
2025-03-04 14:57:55,589 - INFO - Regula po iteracji 0: IF ys <= 0.48 THEN class = 0, (p=105, n=18, P=125, N=125)
2025-03-04 14:57:55,589 - INFO - *****GROWING RR RULE*****
2025-03-04 14:57:55,646 - INFO - Iteracja 0: condition_best: None quality_best: -inf, coverage_best: (p=0, n=0, P=0, N=0), number_of_covered_negatives_best: 0, best_score: 0, precision: 0
2025-03-04 14:57:55,646 - INFO - Regula po iteracji 0: IF  THEN class = 0, (p=20, n=230, P=20, N=230)
2025-03-04 14:57:55,646 - INFO - *****STOP GROWING RR RULE*****
2025-03-04 14:57:55,646 - INFO - ***RR NOT FOUND***
2025-03-04 14:57:55,649 - INFO - Iteracja 1: condition_best: xs <= 0.62, quality_best: 0.69, coverage_best: (p=105, n=15, P=125, N=125), precision: 0.875
2025-03-04 14:57:55,649 - INFO - Regula po iteracji 1: IF ys <= 0.48 AND xs <= 0.62 THEN class = 0, (p=105, n=15, P=125, N=125)
2025-03-04 14:57:55,649 - INFO - *****GROWING RR RULE*****
2025-03-04 14:57:55,703 - INFO - Iteracja 0: condition_best: None quality_best: -inf, coverage_best: (p=0, n=0, P=0, N=0), number_of_covered_negatives_best: 0, best_score: 0, precision: 0
2025-03-04 14:57:55,703 - INFO - Regula po iteracji 0: IF  THEN class = 0, (p=20, n=230, P=20, N=230)
2025-03-04 14:57:55,703 - INFO - *****STOP GROWING RR RULE*****
2025-03-04 14:57:55,703 - INFO - ***RR NOT FOUND***
2025-03-04 14:57:55,705 - INFO - Iteracja 2: condition_best: xs >= -0.23, quality_best: 0.438, coverage_best: (p=54, n=13, P=125, N=125), precision: 0.806
2025-03-04 14:57:55,706 - INFO - Regula po iteracji 2: IF ys <= 0.48 AND xs <= 0.62 AND xs >= -0.23 THEN class = 0, (p=54, n=13, P=125, N=125)
2025-03-04 14:57:55,706 - INFO - *****GROWING RR RULE*****
2025-03-04 14:57:55,765 - INFO - Iteracja 0: condition_best: xs <= -0.49, quality_best: 0.797, coverage_best: (p=59, n=6, P=71, N=179), number_of_covered_negatives_best: 0, best_score: 1.628, precision: 0.908
2025-03-04 14:57:55,766 - INFO - Regula po iteracji 0: IF xs <= -0.49 THEN class = 0, (p=59, n=6, P=71, N=179)
2025-03-04 14:57:55,766 - INFO - *****STOP GROWING RR RULE*****
2025-03-04 14:57:55,766 - INFO - ***RR FOUND***
2025-03-04 14:57:55,766 - INFO - Reference rule: IF xs <= -0.49 THEN class = 0
2025-03-04 14:57:55,766 - INFO - ***CHECKING EXCEPTION***
2025-03-04 14:57:55,766 - INFO - Exception precision: 0
2025-03-04 14:57:55,766 - INFO - ***ER NOT FOUND***
2025-03-04 14:57:55,768 - INFO - Iteracja 3: condition_best: xs >= 0.02, quality_best: 0.429, coverage_best: (p=50, n=12, P=125, N=125), precision: 0.806
2025-03-04 14:57:55,768 - INFO - Regula po iteracji 3: IF ys <= 0.48 AND xs <= 0.62 AND xs >= -0.23 AND xs >= 0.02 THEN class = 0, (p=50, n=12, P=125, N=125)
2025-03-04 14:57:55,769 - INFO - *****GROWING RR RULE*****
2025-03-04 14:57:55,828 - INFO - Iteracja 0: condition_best: xs <= -0.49, quality_best: 0.776, coverage_best: (p=59, n=6, P=75, N=175), number_of_covered_negatives_best: 0, best_score: 1.562, precision: 0.908
2025-03-04 14:57:55,828 - INFO - Regula po iteracji 0: IF xs <= -0.49 THEN class = 0, (p=59, n=6, P=75, N=175)
2025-03-04 14:57:55,828 - INFO - *****STOP GROWING RR RULE*****
2025-03-04 14:57:55,828 - INFO - ***RR FOUND***
2025-03-04 14:57:55,828 - INFO - Reference rule: IF xs <= -0.49 THEN class = 0
2025-03-04 14:57:55,828 - INFO - ***CHECKING EXCEPTION***
2025-03-04 14:57:55,828 - INFO - Exception precision: 0
2025-03-04 14:57:55,828 - INFO - ***ER NOT FOUND***
2025-03-04 14:57:55,830 - INFO - Iteracja 4: condition_best: xs >= 0.08, quality_best: 0.42, coverage_best: (p=46, n=11, P=125, N=125), precision: 0.807
2025-03-04 14:57:55,831 - INFO - Regula po iteracji 4: IF ys <= 0.48 AND xs <= 0.62 AND xs >= -0.23 AND xs >= 0.02 AND xs >= 0.08 THEN class = 0, (p=46, n=11, P=125, N=125)
2025-03-04 14:57:55,831 - INFO - *****GROWING RR RULE*****
2025-03-04 14:57:55,888 - INFO - Iteracja 0: condition_best: xs <= -0.49, quality_best: 0.756, coverage_best: (p=59, n=6, P=79, N=171), number_of_covered_negatives_best: 0, best_score: 1.502, precision: 0.908
2025-03-04 14:57:55,889 - INFO - Regula po iteracji 0: IF xs <= -0.49 THEN class = 0, (p=59, n=6, P=79, N=171)
2025-03-04 14:57:55,889 - INFO - *****STOP GROWING RR RULE*****
2025-03-04 14:57:55,889 - INFO - ***RR FOUND***
2025-03-04 14:57:55,889 - INFO - Reference rule: IF xs <= -0.49 THEN class = 0
2025-03-04 14:57:55,889 - INFO - ***CHECKING EXCEPTION***
2025-03-04 14:57:55,889 - INFO - Exception precision: 0
2025-03-04 14:57:55,889 - INFO - ***ER NOT FOUND***
2025-03-04 14:57:55,891 - INFO - Iteracja 5: condition_best: xs >= 0.28, quality_best: 0.385, coverage_best: (p=30, n=7, P=125, N=125), precision: 0.811
2025-03-04 14:57:55,891 - INFO - Regula po iteracji 5: IF ys <= 0.48 AND xs <= 0.62 AND xs >= -0.23 AND xs >= 0.02 AND xs >= 0.08 AND xs >= 0.28 THEN class = 0, (p=30, n=7, P=125, N=125)
2025-03-04 14:57:55,891 - INFO - *****GROWING RR RULE*****
2025-03-04 14:57:55,941 - INFO - Iteracja 0: condition_best: xs <= -0.49, quality_best: 0.69, coverage_best: (p=59, n=6, P=95, N=155), number_of_covered_negatives_best: 0, best_score: 1.311, precision: 0.908
2025-03-04 14:57:55,941 - INFO - Regula po iteracji 0: IF xs <= -0.49 THEN class = 0, (p=59, n=6, P=95, N=155)
2025-03-04 14:57:55,941 - INFO - *****STOP GROWING RR RULE*****
2025-03-04 14:57:55,941 - INFO - ***RR FOUND***
2025-03-04 14:57:55,941 - INFO - Reference rule: IF xs <= -0.49 THEN class = 0
2025-03-04 14:57:55,941 - INFO - ***CHECKING EXCEPTION***
2025-03-04 14:57:55,941 - INFO - Exception precision: 0
2025-03-04 14:57:55,941 - INFO - ***ER NOT FOUND***
2025-03-04 14:57:55,943 - INFO - Iteracja 6: condition_best: ys >= 0.35, quality_best: 0.183, coverage_best: (p=12, n=6, P=125, N=125), precision: 0.667
2025-03-04 14:57:55,943 - INFO - Regula po iteracji 6: IF ys <= 0.48 AND xs <= 0.62 AND xs >= -0.23 AND xs >= 0.02 AND xs >= 0.08 AND xs >= 0.28 AND ys >= 0.35 THEN class = 0, (p=12, n=6, P=125, N=125)
2025-03-04 14:57:55,944 - INFO - Iteracja 7: condition_best: ys >= 0.38, quality_best: 0.18, coverage_best: (p=10, n=5, P=125, N=125), precision: 0.667
2025-03-04 14:57:55,944 - INFO - Regula po iteracji 7: IF ys <= 0.48 AND xs <= 0.62 AND xs >= -0.23 AND xs >= 0.02 AND xs >= 0.08 AND xs >= 0.28 AND ys >= 0.35 AND ys >= 0.38 THEN class = 0, (p=10, n=5, P=125, N=125)
2025-03-04 14:57:55,945 - INFO - Iteracja 8: condition_best: None, quality_best: -inf, coverage_best: (p=0, n=0, P=0, N=0), precision: 0
2025-03-04 14:57:55,946 - INFO - Regula po iteracji 8: IF ys <= 0.48 AND xs <= 0.62 AND xs >= -0.23 AND xs >= 0.02 AND xs >= 0.08 AND xs >= 0.28 AND ys >= 0.35 AND ys >= 0.38 THEN class = 0, (p=10, n=5, P=125, N=125)
2025-03-04 14:57:55,946 - INFO - *******STOP GROWING CR RULE*******
2025-03-04 14:57:55,946 - INFO - *******GROWING CR RULE*******
2025-03-04 14:57:55,953 - INFO - Iteracja 0: condition_best: ys <= 0.58, quality_best: 0.532, coverage_best: (p=115, n=33, P=125, N=125), precision: 0.777
2025-03-04 14:57:55,953 - INFO - Regula po iteracji 0: IF ys <= 0.58 THEN class = 0, (p=115, n=33, P=125, N=125)
2025-03-04 14:57:55,957 - INFO - Iteracja 1: condition_best: xs <= 0.35, quality_best: 0.618, coverage_best: (p=96, n=17, P=125, N=125), precision: 0.85
2025-03-04 14:57:55,957 - INFO - Regula po iteracji 1: IF ys <= 0.58 AND xs <= 0.35 THEN class = 0, (p=96, n=17, P=125, N=125)
2025-03-04 14:57:55,958 - INFO - *****GROWING RR RULE*****
2025-03-04 14:57:56,021 - INFO - Iteracja 0: condition_best: None quality_best: -inf, coverage_best: (p=0, n=0, P=0, N=0), number_of_covered_negatives_best: 0, best_score: 0, precision: 0
2025-03-04 14:57:56,021 - INFO - Regula po iteracji 0: IF  THEN class = 0, (p=29, n=221, P=29, N=221)
2025-03-04 14:57:56,021 - INFO - *****STOP GROWING RR RULE*****
2025-03-04 14:57:56,021 - INFO - ***RR NOT FOUND***
2025-03-04 14:57:56,023 - INFO - Iteracja 2: condition_best: xs <= 0.26, quality_best: 0.612, coverage_best: (p=84, n=13, P=125, N=125), precision: 0.866
2025-03-04 14:57:56,024 - INFO - Regula po iteracji 2: IF ys <= 0.58 AND xs <= 0.35 AND xs <= 0.26 THEN class = 0, (p=84, n=13, P=125, N=125)
2025-03-04 14:57:56,024 - INFO - *****GROWING RR RULE*****
2025-03-04 14:57:56,084 - INFO - Iteracja 0: condition_best: None quality_best: -inf, coverage_best: (p=0, n=0, P=0, N=0), number_of_covered_negatives_best: 0, best_score: 0, precision: 0
2025-03-04 14:57:56,084 - INFO - Regula po iteracji 0: IF  THEN class = 0, (p=41, n=209, P=41, N=209)
2025-03-04 14:57:56,084 - INFO - *****STOP GROWING RR RULE*****
2025-03-04 14:57:56,084 - INFO - ***RR NOT FOUND***
2025-03-04 14:57:56,086 - INFO - Iteracja 3: condition_best: xs <= 0.25, quality_best: 0.611, coverage_best: (p=81, n=12, P=125, N=125), precision: 0.871
2025-03-04 14:57:56,086 - INFO - Regula po iteracji 3: IF ys <= 0.58 AND xs <= 0.35 AND xs <= 0.26 AND xs <= 0.25 THEN class = 0, (p=81, n=12, P=125, N=125)
2025-03-04 14:57:56,087 - INFO - *****GROWING RR RULE*****
2025-03-04 14:57:56,147 - INFO - Iteracja 0: condition_best: None quality_best: -inf, coverage_best: (p=0, n=0, P=0, N=0), number_of_covered_negatives_best: 0, best_score: 0, precision: 0
2025-03-04 14:57:56,147 - INFO - Regula po iteracji 0: IF  THEN class = 0, (p=44, n=206, P=44, N=206)
2025-03-04 14:57:56,147 - INFO - *****STOP GROWING RR RULE*****
2025-03-04 14:57:56,147 - INFO - ***RR NOT FOUND***
2025-03-04 14:57:56,149 - INFO - Iteracja 4: condition_best: xs >= -0.55, quality_best: 0.325, coverage_best: (p=34, n=11, P=125, N=125), precision: 0.756
2025-03-04 14:57:56,149 - INFO - Regula po iteracji 4: IF ys <= 0.58 AND xs <= 0.35 AND xs <= 0.26 AND xs <= 0.25 AND xs >= -0.55 THEN class = 0, (p=34, n=11, P=125, N=125)
2025-03-04 14:57:56,150 - INFO - Iteracja 5: condition_best: ys >= 0.40, quality_best: 0.188, coverage_best: (p=16, n=8, P=125, N=125), precision: 0.667
2025-03-04 14:57:56,151 - INFO - Regula po iteracji 5: IF ys <= 0.58 AND xs <= 0.35 AND xs <= 0.26 AND xs <= 0.25 AND xs >= -0.55 AND ys >= 0.40 THEN class = 0, (p=16, n=8, P=125, N=125)
2025-03-04 14:57:56,152 - INFO - Iteracja 6: condition_best: ys >= 0.51, quality_best: 0.048, coverage_best: (p=6, n=5, P=125, N=125), precision: 0.545
2025-03-04 14:57:56,152 - INFO - Regula po iteracji 6: IF ys <= 0.58 AND xs <= 0.35 AND xs <= 0.26 AND xs <= 0.25 AND xs >= -0.55 AND ys >= 0.40 AND ys >= 0.51 THEN class = 0, (p=6, n=5, P=125, N=125)
2025-03-04 14:57:56,153 - INFO - Iteracja 7: condition_best: None, quality_best: -inf, coverage_best: (p=0, n=0, P=0, N=0), precision: 0
2025-03-04 14:57:56,153 - INFO - Regula po iteracji 7: IF ys <= 0.58 AND xs <= 0.35 AND xs <= 0.26 AND xs <= 0.25 AND xs >= -0.55 AND ys >= 0.40 AND ys >= 0.51 THEN class = 0, (p=6, n=5, P=125, N=125)
2025-03-04 14:57:56,153 - INFO - *******STOP GROWING CR RULE*******
2025-03-04 14:57:56,153 - INFO - *******GROWING CR RULE*******
2025-03-04 14:57:56,160 - INFO - Iteracja 0: condition_best: ys <= 0.70, quality_best: 0.315, coverage_best: (p=122, n=63, P=125, N=125), precision: 0.659
2025-03-04 14:57:56,160 - INFO - Regula po iteracji 0: IF ys <= 0.70 THEN class = 0, (p=122, n=63, P=125, N=125)
2025-03-04 14:57:56,166 - INFO - Iteracja 1: condition_best: xs <= 0.38, quality_best: 0.422, coverage_best: (p=105, n=39, P=125, N=125), precision: 0.729
2025-03-04 14:57:56,166 - INFO - Regula po iteracji 1: IF ys <= 0.70 AND xs <= 0.38 THEN class = 0, (p=105, n=39, P=125, N=125)
2025-03-04 14:57:56,170 - INFO - Iteracja 2: condition_best: ys >= 0.30, quality_best: 0.173, coverage_best: (p=61, n=38, P=125, N=125), precision: 0.616
2025-03-04 14:57:56,170 - INFO - Regula po iteracji 2: IF ys <= 0.70 AND xs <= 0.38 AND ys >= 0.30 THEN class = 0, (p=61, n=38, P=125, N=125)
2025-03-04 14:57:56,174 - INFO - Iteracja 3: condition_best: ys >= 0.36, quality_best: 0.074, coverage_best: (p=46, n=37, P=125, N=125), precision: 0.554
2025-03-04 14:57:56,174 - INFO - Regula po iteracji 3: IF ys <= 0.70 AND xs <= 0.38 AND ys >= 0.30 AND ys >= 0.36 THEN class = 0, (p=46, n=37, P=125, N=125)
2025-03-04 14:57:56,177 - INFO - Iteracja 4: condition_best: ys >= 0.38, quality_best: 0.051, coverage_best: (p=42, n=36, P=125, N=125), precision: 0.538
2025-03-04 14:57:56,177 - INFO - Regula po iteracji 4: IF ys <= 0.70 AND xs <= 0.38 AND ys >= 0.30 AND ys >= 0.36 AND ys >= 0.38 THEN class = 0, (p=42, n=36, P=125, N=125)
2025-03-04 14:57:56,180 - INFO - Iteracja 5: condition_best: ys >= 0.39, quality_best: 0.044, coverage_best: (p=40, n=35, P=125, N=125), precision: 0.533
2025-03-04 14:57:56,180 - INFO - Regula po iteracji 5: IF ys <= 0.70 AND xs <= 0.38 AND ys >= 0.30 AND ys >= 0.36 AND ys >= 0.38 AND ys >= 0.39 THEN class = 0, (p=40, n=35, P=125, N=125)
2025-03-04 14:57:56,183 - INFO - Iteracja 6: condition_best: ys >= 0.40, quality_best: 0.037, coverage_best: (p=37, n=33, P=125, N=125), precision: 0.529
2025-03-04 14:57:56,183 - INFO - Regula po iteracji 6: IF ys <= 0.70 AND xs <= 0.38 AND ys >= 0.30 AND ys >= 0.36 AND ys >= 0.38 AND ys >= 0.39 AND ys >= 0.40 THEN class = 0, (p=37, n=33, P=125, N=125)
2025-03-04 14:57:56,186 - INFO - Iteracja 7: condition_best: ys >= 0.45, quality_best: -0.03, coverage_best: (p=29, n=32, P=125, N=125), precision: 0.475
2025-03-04 14:57:56,186 - INFO - Regula po iteracji 7: IF ys <= 0.70 AND xs <= 0.38 AND ys >= 0.30 AND ys >= 0.36 AND ys >= 0.38 AND ys >= 0.39 AND ys >= 0.40 AND ys >= 0.45 THEN class = 0, (p=29, n=32, P=125, N=125)
2025-03-04 14:57:56,188 - INFO - Iteracja 8: condition_best: ys >= 0.46, quality_best: -0.064, coverage_best: (p=25, n=31, P=125, N=125), precision: 0.446
2025-03-04 14:57:56,189 - INFO - Regula po iteracji 8: IF ys <= 0.70 AND xs <= 0.38 AND ys >= 0.30 AND ys >= 0.36 AND ys >= 0.38 AND ys >= 0.39 AND ys >= 0.40 AND ys >= 0.45 AND ys >= 0.46 THEN class = 0, (p=25, n=31, P=125, N=125)
2025-03-04 14:57:56,191 - INFO - Iteracja 9: condition_best: ys >= 0.47, quality_best: -0.09, coverage_best: (p=22, n=30, P=125, N=125), precision: 0.423
2025-03-04 14:57:56,191 - INFO - Regula po iteracji 9: IF ys <= 0.70 AND xs <= 0.38 AND ys >= 0.30 AND ys >= 0.36 AND ys >= 0.38 AND ys >= 0.39 AND ys >= 0.40 AND ys >= 0.45 AND ys >= 0.46 AND ys >= 0.47 THEN class = 0, (p=22, n=30, P=125, N=125)
2025-03-04 14:57:56,193 - INFO - Iteracja 10: condition_best: xs >= -0.54, quality_best: -0.202, coverage_best: (p=13, n=28, P=125, N=125), precision: 0.317
2025-03-04 14:57:56,194 - INFO - Regula po iteracji 10: IF ys <= 0.70 AND xs <= 0.38 AND ys >= 0.30 AND ys >= 0.36 AND ys >= 0.38 AND ys >= 0.39 AND ys >= 0.40 AND ys >= 0.45 AND ys >= 0.46 AND ys >= 0.47 AND xs >= -0.54 THEN class = 0, (p=13, n=28, P=125, N=125)
2025-03-04 14:57:56,195 - INFO - Iteracja 11: condition_best: xs >= -0.52, quality_best: -0.211, coverage_best: (p=12, n=27, P=125, N=125), precision: 0.308
2025-03-04 14:57:56,196 - INFO - Regula po iteracji 11: IF ys <= 0.70 AND xs <= 0.38 AND ys >= 0.30 AND ys >= 0.36 AND ys >= 0.38 AND ys >= 0.39 AND ys >= 0.40 AND ys >= 0.45 AND ys >= 0.46 AND ys >= 0.47 AND xs >= -0.54 AND xs >= -0.52 THEN class = 0, (p=12, n=27, P=125, N=125)
2025-03-04 14:57:56,197 - INFO - Iteracja 12: condition_best: None, quality_best: -inf, coverage_best: (p=0, n=0, P=0, N=0), precision: 0
2025-03-04 14:57:56,198 - INFO - Regula po iteracji 12: IF ys <= 0.70 AND xs <= 0.38 AND ys >= 0.30 AND ys >= 0.36 AND ys >= 0.38 AND ys >= 0.39 AND ys >= 0.40 AND ys >= 0.45 AND ys >= 0.46 AND ys >= 0.47 AND xs >= -0.54 AND xs >= -0.52 THEN class = 0, (p=12, n=27, P=125, N=125)
2025-03-04 14:57:56,198 - INFO - *******STOP GROWING CR RULE*******
2025-03-04 14:57:56,198 - INFO - *******GROWING CR RULE*******
2025-03-04 14:57:56,205 - INFO - Iteracja 0: condition_best: None, quality_best: -inf, coverage_best: (p=0, n=0, P=0, N=0), precision: 0
2025-03-04 14:57:56,205 - INFO - Regula po iteracji 0: IF  THEN class = 0, (p=125, n=125, P=125, N=125)
2025-03-04 14:57:56,205 - INFO - *******STOP GROWING CR RULE*******
2025-03-04 14:57:56,205 - INFO - *******GROWING CR RULE*******
2025-03-04 14:57:56,212 - INFO - Iteracja 0: condition_best: ys >= 0.61, quality_best: 0.7, coverage_best: (p=86, n=8, P=125, N=125), precision: 0.915
2025-03-04 14:57:56,213 - INFO - Regula po iteracji 0: IF ys >= 0.61 THEN class = 1, (p=86, n=8, P=125, N=125)
2025-03-04 14:57:56,213 - INFO - *****GROWING RR RULE*****
2025-03-04 14:57:56,262 - INFO - Iteracja 0: condition_best: None quality_best: -inf, coverage_best: (p=0, n=0, P=0, N=0), number_of_covered_negatives_best: 0, best_score: 0, precision: 0
2025-03-04 14:57:56,262 - INFO - Regula po iteracji 0: IF  THEN class = 1, (p=39, n=211, P=39, N=211)
2025-03-04 14:57:56,262 - INFO - *****STOP GROWING RR RULE*****
2025-03-04 14:57:56,262 - INFO - ***RR NOT FOUND***
2025-03-04 14:57:56,264 - INFO - Iteracja 1: condition_best: xs >= -0.61, quality_best: 0.769, coverage_best: (p=86, n=4, P=125, N=125), precision: 0.956
2025-03-04 14:57:56,264 - INFO - Regula po iteracji 1: IF ys >= 0.61 AND xs >= -0.61 THEN class = 1, (p=86, n=4, P=125, N=125)
2025-03-04 14:57:56,264 - INFO - *****GROWING RR RULE*****
2025-03-04 14:57:56,307 - INFO - Iteracja 0: condition_best: None quality_best: -inf, coverage_best: (p=0, n=0, P=0, N=0), number_of_covered_negatives_best: 0, best_score: 0, precision: 0
2025-03-04 14:57:56,307 - INFO - Regula po iteracji 0: IF  THEN class = 1, (p=39, n=211, P=39, N=211)
2025-03-04 14:57:56,307 - INFO - *****STOP GROWING RR RULE*****
2025-03-04 14:57:56,307 - INFO - ***RR NOT FOUND***
2025-03-04 14:57:56,308 - INFO - Iteracja 2: condition_best: xs >= -0.42, quality_best: 0.729, coverage_best: (p=73, n=3, P=125, N=125), precision: 0.961
2025-03-04 14:57:56,308 - INFO - Regula po iteracji 2: IF ys >= 0.61 AND xs >= -0.61 AND xs >= -0.42 THEN class = 1, (p=73, n=3, P=125, N=125)
2025-03-04 14:57:56,308 - INFO - *****GROWING RR RULE*****
2025-03-04 14:57:56,356 - INFO - Iteracja 0: condition_best: None quality_best: -inf, coverage_best: (p=0, n=0, P=0, N=0), number_of_covered_negatives_best: 0, best_score: 0, precision: 0
2025-03-04 14:57:56,356 - INFO - Regula po iteracji 0: IF  THEN class = 1, (p=52, n=198, P=52, N=198)
2025-03-04 14:57:56,356 - INFO - *****STOP GROWING RR RULE*****
2025-03-04 14:57:56,356 - INFO - ***RR NOT FOUND***
2025-03-04 14:57:56,357 - INFO - Iteracja 3: condition_best: ys >= 0.72, quality_best: 0.692, coverage_best: (p=48, n=0, P=125, N=125), precision: 1.0
2025-03-04 14:57:56,357 - INFO - Regula po iteracji 3: IF ys >= 0.61 AND xs >= -0.61 AND xs >= -0.42 AND ys >= 0.72 THEN class = 1, (p=48, n=0, P=125, N=125)
2025-03-04 14:57:56,357 - INFO - *******STOP GROWING CR RULE*******
2025-03-04 14:57:56,358 - INFO - *******GROWING CR RULE*******
2025-03-04 14:57:56,365 - INFO - Iteracja 0: condition_best: ys >= 0.58, quality_best: 0.698, coverage_best: (p=92, n=10, P=125, N=125), precision: 0.902
2025-03-04 14:57:56,365 - INFO - Regula po iteracji 0: IF ys >= 0.58 THEN class = 1, (p=92, n=10, P=125, N=125)
2025-03-04 14:57:56,365 - INFO - *****GROWING RR RULE*****
2025-03-04 14:57:56,414 - INFO - Iteracja 0: condition_best: None quality_best: -inf, coverage_best: (p=0, n=0, P=0, N=0), number_of_covered_negatives_best: 0, best_score: 0, precision: 0
2025-03-04 14:57:56,415 - INFO - Regula po iteracji 0: IF  THEN class = 1, (p=33, n=217, P=33, N=217)
2025-03-04 14:57:56,415 - INFO - *****STOP GROWING RR RULE*****
2025-03-04 14:57:56,415 - INFO - ***RR NOT FOUND***
2025-03-04 14:57:56,416 - INFO - Iteracja 1: condition_best: xs >= -0.61, quality_best: 0.762, coverage_best: (p=92, n=6, P=125, N=125), precision: 0.939
2025-03-04 14:57:56,416 - INFO - Regula po iteracji 1: IF ys >= 0.58 AND xs >= -0.61 THEN class = 1, (p=92, n=6, P=125, N=125)
2025-03-04 14:57:56,417 - INFO - *****GROWING RR RULE*****
2025-03-04 14:57:56,461 - INFO - Iteracja 0: condition_best: None quality_best: -inf, coverage_best: (p=0, n=0, P=0, N=0), number_of_covered_negatives_best: 0, best_score: 0, precision: 0
2025-03-04 14:57:56,461 - INFO - Regula po iteracji 0: IF  THEN class = 1, (p=33, n=217, P=33, N=217)
2025-03-04 14:57:56,461 - INFO - *****STOP GROWING RR RULE*****
2025-03-04 14:57:56,461 - INFO - ***RR NOT FOUND***
2025-03-04 14:57:56,462 - INFO - Iteracja 2: condition_best: xs >= -0.49, quality_best: 0.756, coverage_best: (p=87, n=5, P=125, N=125), precision: 0.946
2025-03-04 14:57:56,462 - INFO - Regula po iteracji 2: IF ys >= 0.58 AND xs >= -0.61 AND xs >= -0.49 THEN class = 1, (p=87, n=5, P=125, N=125)
2025-03-04 14:57:56,463 - INFO - *****GROWING RR RULE*****
2025-03-04 14:57:56,508 - INFO - Iteracja 0: condition_best: None quality_best: -inf, coverage_best: (p=0, n=0, P=0, N=0), number_of_covered_negatives_best: 0, best_score: 0, precision: 0
2025-03-04 14:57:56,508 - INFO - Regula po iteracji 0: IF  THEN class = 1, (p=38, n=212, P=38, N=212)
2025-03-04 14:57:56,508 - INFO - *****STOP GROWING RR RULE*****
2025-03-04 14:57:56,508 - INFO - ***RR NOT FOUND***
2025-03-04 14:57:56,510 - INFO - Iteracja 3: condition_best: xs >= -0.42, quality_best: 0.737, coverage_best: (p=79, n=4, P=125, N=125), precision: 0.952
2025-03-04 14:57:56,510 - INFO - Regula po iteracji 3: IF ys >= 0.58 AND xs >= -0.61 AND xs >= -0.49 AND xs >= -0.42 THEN class = 1, (p=79, n=4, P=125, N=125)
2025-03-04 14:57:56,510 - INFO - *****GROWING RR RULE*****
2025-03-04 14:57:56,557 - INFO - Iteracja 0: condition_best: None quality_best: -inf, coverage_best: (p=0, n=0, P=0, N=0), number_of_covered_negatives_best: 0, best_score: 0, precision: 0
2025-03-04 14:57:56,557 - INFO - Regula po iteracji 0: IF  THEN class = 1, (p=46, n=204, P=46, N=204)
2025-03-04 14:57:56,557 - INFO - *****STOP GROWING RR RULE*****
2025-03-04 14:57:56,557 - INFO - ***RR NOT FOUND***
2025-03-04 14:57:56,558 - INFO - Iteracja 4: condition_best: ys <= 0.69, quality_best: 0.554, coverage_best: (p=25, n=1, P=125, N=125), precision: 0.962
2025-03-04 14:57:56,558 - INFO - Regula po iteracji 4: IF ys >= 0.58 AND xs >= -0.61 AND xs >= -0.49 AND xs >= -0.42 AND ys <= 0.69 THEN class = 1, (p=25, n=1, P=125, N=125)
2025-03-04 14:57:56,558 - INFO - *****GROWING RR RULE*****
2025-03-04 14:57:56,599 - INFO - Iteracja 0: condition_best: ys >= 0.70, quality_best: 0.748, coverage_best: (p=62, n=3, P=100, N=150), number_of_covered_negatives_best: 0, best_score: 1.368, precision: 0.954
2025-03-04 14:57:56,599 - INFO - Regula po iteracji 0: IF ys >= 0.70 THEN class = 1, (p=62, n=3, P=100, N=150)
2025-03-04 14:57:56,599 - INFO - *****STOP GROWING RR RULE*****
2025-03-04 14:57:56,599 - INFO - ***RR FOUND***
2025-03-04 14:57:56,599 - INFO - Reference rule: IF ys >= 0.70 THEN class = 1
2025-03-04 14:57:56,599 - INFO - ***CHECKING EXCEPTION***
2025-03-04 14:57:56,599 - INFO - Exception precision: 0
2025-03-04 14:57:56,599 - INFO - ***ER NOT FOUND***
2025-03-04 14:57:56,600 - INFO - Iteracja 5: condition_best: ys <= 0.60, quality_best: 0.524, coverage_best: (p=6, n=0, P=125, N=125), precision: 1.0
2025-03-04 14:57:56,600 - INFO - Regula po iteracji 5: IF ys >= 0.58 AND xs >= -0.61 AND xs >= -0.49 AND xs >= -0.42 AND ys <= 0.69 AND ys <= 0.60 THEN class = 1, (p=6, n=0, P=125, N=125)
2025-03-04 14:57:56,600 - INFO - *******STOP GROWING CR RULE*******
2025-03-04 14:57:56,601 - INFO - *******GROWING CR RULE*******
2025-03-04 14:57:56,608 - INFO - Iteracja 0: condition_best: ys >= 0.52, quality_best: 0.67, coverage_best: (p=101, n=15, P=125, N=125), precision: 0.871
2025-03-04 14:57:56,608 - INFO - Regula po iteracji 0: IF ys >= 0.52 THEN class = 1, (p=101, n=15, P=125, N=125)
2025-03-04 14:57:56,608 - INFO - *****GROWING RR RULE*****
2025-03-04 14:57:56,661 - INFO - Iteracja 0: condition_best: None quality_best: -inf, coverage_best: (p=0, n=0, P=0, N=0), number_of_covered_negatives_best: 0, best_score: 0, precision: 0
2025-03-04 14:57:56,662 - INFO - Regula po iteracji 0: IF  THEN class = 1, (p=24, n=226, P=24, N=226)
2025-03-04 14:57:56,662 - INFO - *****STOP GROWING RR RULE*****
2025-03-04 14:57:56,662 - INFO - ***RR NOT FOUND***
2025-03-04 14:57:56,664 - INFO - Iteracja 1: condition_best: xs >= -0.49, quality_best: 0.764, coverage_best: (p=96, n=7, P=125, N=125), precision: 0.932
2025-03-04 14:57:56,664 - INFO - Regula po iteracji 1: IF ys >= 0.52 AND xs >= -0.49 THEN class = 1, (p=96, n=7, P=125, N=125)
2025-03-04 14:57:56,664 - INFO - *****GROWING RR RULE*****
2025-03-04 14:57:56,711 - INFO - Iteracja 0: condition_best: None quality_best: -inf, coverage_best: (p=0, n=0, P=0, N=0), number_of_covered_negatives_best: 0, best_score: 0, precision: 0
2025-03-04 14:57:56,711 - INFO - Regula po iteracji 0: IF  THEN class = 1, (p=29, n=221, P=29, N=221)
2025-03-04 14:57:56,711 - INFO - *****STOP GROWING RR RULE*****
2025-03-04 14:57:56,711 - INFO - ***RR NOT FOUND***
2025-03-04 14:57:56,712 - INFO - Iteracja 2: condition_best: xs >= -0.42, quality_best: 0.739, coverage_best: (p=87, n=6, P=125, N=125), precision: 0.935
2025-03-04 14:57:56,713 - INFO - Regula po iteracji 2: IF ys >= 0.52 AND xs >= -0.49 AND xs >= -0.42 THEN class = 1, (p=87, n=6, P=125, N=125)
2025-03-04 14:57:56,713 - INFO - *****GROWING RR RULE*****
2025-03-04 14:57:56,762 - INFO - Iteracja 0: condition_best: None quality_best: -inf, coverage_best: (p=0, n=0, P=0, N=0), number_of_covered_negatives_best: 0, best_score: 0, precision: 0
2025-03-04 14:57:56,762 - INFO - Regula po iteracji 0: IF  THEN class = 1, (p=38, n=212, P=38, N=212)
2025-03-04 14:57:56,762 - INFO - *****STOP GROWING RR RULE*****
2025-03-04 14:57:56,762 - INFO - ***RR NOT FOUND***
2025-03-04 14:57:56,764 - INFO - Iteracja 3: condition_best: xs <= 0.32, quality_best: 0.589, coverage_best: (p=53, n=5, P=125, N=125), precision: 0.914
2025-03-04 14:57:56,764 - INFO - Regula po iteracji 3: IF ys >= 0.52 AND xs >= -0.49 AND xs >= -0.42 AND xs <= 0.32 THEN class = 1, (p=53, n=5, P=125, N=125)
2025-03-04 14:57:56,764 - INFO - *****GROWING RR RULE*****
2025-03-04 14:57:56,816 - INFO - Iteracja 0: condition_best: xs >= 0.62, quality_best: 0.562, coverage_best: (p=9, n=0, P=72, N=178), number_of_covered_negatives_best: 0, best_score: 0.688, precision: 1.0
2025-03-04 14:57:56,816 - INFO - Regula po iteracji 0: IF xs >= 0.62 THEN class = 1, (p=9, n=0, P=72, N=178)
2025-03-04 14:57:56,816 - INFO - *****STOP GROWING RR RULE*****
2025-03-04 14:57:56,816 - INFO - ***RR FOUND***
2025-03-04 14:57:56,816 - INFO - Reference rule: IF xs >= 0.62 THEN class = 1
2025-03-04 14:57:56,816 - INFO - ***CHECKING EXCEPTION***
2025-03-04 14:57:56,816 - INFO - Exception precision: 0
2025-03-04 14:57:56,816 - INFO - ***ER NOT FOUND***
2025-03-04 14:57:56,818 - INFO - Iteracja 4: condition_best: ys <= 0.71, quality_best: 0.447, coverage_best: (p=22, n=3, P=125, N=125), precision: 0.88
2025-03-04 14:57:56,818 - INFO - Regula po iteracji 4: IF ys >= 0.52 AND xs >= -0.49 AND xs >= -0.42 AND xs <= 0.32 AND ys <= 0.71 THEN class = 1, (p=22, n=3, P=125, N=125)
2025-03-04 14:57:56,818 - INFO - *****GROWING RR RULE*****
2025-03-04 14:57:56,863 - INFO - Iteracja 0: condition_best: ys >= 0.71, quality_best: 0.737, coverage_best: (p=58, n=2, P=103, N=147), number_of_covered_negatives_best: 0, best_score: 1.3, precision: 0.967
2025-03-04 14:57:56,863 - INFO - Regula po iteracji 0: IF ys >= 0.71 THEN class = 1, (p=58, n=2, P=103, N=147)
2025-03-04 14:57:56,863 - INFO - *****STOP GROWING RR RULE*****
2025-03-04 14:57:56,863 - INFO - ***RR FOUND***
2025-03-04 14:57:56,863 - INFO - Reference rule: IF ys >= 0.71 THEN class = 1
2025-03-04 14:57:56,863 - INFO - ***CHECKING EXCEPTION***
2025-03-04 14:57:56,863 - INFO - Exception precision: 0
2025-03-04 14:57:56,863 - INFO - ***ER NOT FOUND***
2025-03-04 14:57:56,864 - INFO - Iteracja 5: condition_best: ys <= 0.58, quality_best: 0.347, coverage_best: (p=5, n=1, P=125, N=125), precision: 0.833
2025-03-04 14:57:56,864 - INFO - Regula po iteracji 5: IF ys >= 0.52 AND xs >= -0.49 AND xs >= -0.42 AND xs <= 0.32 AND ys <= 0.71 AND ys <= 0.58 THEN class = 1, (p=5, n=1, P=125, N=125)
2025-03-04 14:57:56,864 - INFO - *****GROWING RR RULE*****
2025-03-04 14:57:56,899 - INFO - Iteracja 0: condition_best: ys >= 0.50, quality_best: 0.592, coverage_best: (p=101, n=23, P=120, N=130), number_of_covered_negatives_best: 1, best_score: 2.434, precision: 0.815
2025-03-04 14:57:56,899 - INFO - Regula po iteracji 0: IF ys >= 0.50 THEN class = 1, (p=101, n=23, P=120, N=130)
2025-03-04 14:57:56,899 - INFO - *****STOP GROWING RR RULE*****
2025-03-04 14:57:56,899 - INFO - ***RR FOUND***
2025-03-04 14:57:56,900 - INFO - Reference rule: IF ys >= 0.50 THEN class = 1
2025-03-04 14:57:56,900 - INFO - ***CHECKING EXCEPTION***
2025-03-04 14:57:56,900 - INFO - Exception precision: 0.16666666666666666
2025-03-04 14:57:56,900 - INFO - ***ER NOT FOUND***
2025-03-04 14:57:56,900 - INFO - Iteracja 6: condition_best: None, quality_best: -inf, coverage_best: (p=0, n=0, P=0, N=0), precision: 0
2025-03-04 14:57:56,900 - INFO - Regula po iteracji 6: IF ys >= 0.52 AND xs >= -0.49 AND xs >= -0.42 AND xs <= 0.32 AND ys <= 0.71 AND ys <= 0.58 THEN class = 1, (p=5, n=1, P=125, N=125)
2025-03-04 14:57:56,900 - INFO - *******STOP GROWING CR RULE*******
2025-03-04 14:57:56,901 - INFO - *******GROWING CR RULE*******
2025-03-04 14:57:56,908 - INFO - Iteracja 0: condition_best: ys >= 0.50, quality_best: 0.656, coverage_best: (p=106, n=18, P=125, N=125), precision: 0.855
2025-03-04 14:57:56,908 - INFO - Regula po iteracji 0: IF ys >= 0.50 THEN class = 1, (p=106, n=18, P=125, N=125)
2025-03-04 14:57:56,908 - INFO - *****GROWING RR RULE*****
2025-03-04 14:57:56,963 - INFO - Iteracja 0: condition_best: None quality_best: -inf, coverage_best: (p=0, n=0, P=0, N=0), number_of_covered_negatives_best: 0, best_score: 0, precision: 0
2025-03-04 14:57:56,963 - INFO - Regula po iteracji 0: IF  THEN class = 1, (p=19, n=231, P=19, N=231)
2025-03-04 14:57:56,963 - INFO - *****STOP GROWING RR RULE*****
2025-03-04 14:57:56,963 - INFO - ***RR NOT FOUND***
2025-03-04 14:57:56,966 - INFO - Iteracja 1: condition_best: xs >= -0.61, quality_best: 0.736, coverage_best: (p=106, n=12, P=125, N=125), precision: 0.898
2025-03-04 14:57:56,966 - INFO - Regula po iteracji 1: IF ys >= 0.50 AND xs >= -0.61 THEN class = 1, (p=106, n=12, P=125, N=125)
2025-03-04 14:57:56,966 - INFO - *****GROWING RR RULE*****
2025-03-04 14:57:57,014 - INFO - Iteracja 0: condition_best: None quality_best: -inf, coverage_best: (p=0, n=0, P=0, N=0), number_of_covered_negatives_best: 0, best_score: 0, precision: 0
2025-03-04 14:57:57,015 - INFO - Regula po iteracji 0: IF  THEN class = 1, (p=19, n=231, P=19, N=231)
2025-03-04 14:57:57,015 - INFO - *****STOP GROWING RR RULE*****
2025-03-04 14:57:57,015 - INFO - ***RR NOT FOUND***
2025-03-04 14:57:57,017 - INFO - Iteracja 2: condition_best: ys <= 0.51, quality_best: 0.52, coverage_best: (p=5, n=0, P=125, N=125), precision: 1.0
2025-03-04 14:57:57,017 - INFO - Regula po iteracji 2: IF ys >= 0.50 AND xs >= -0.61 AND ys <= 0.51 THEN class = 1, (p=5, n=0, P=125, N=125)
2025-03-04 14:57:57,017 - INFO - *******STOP GROWING CR RULE*******
2025-03-04 14:57:57,017 - INFO - *******GROWING CR RULE*******
2025-03-04 14:57:57,024 - INFO - Iteracja 0: condition_best: ys >= 0.45, quality_best: 0.532, coverage_best: (p=111, n=31, P=125, N=125), precision: 0.782
2025-03-04 14:57:57,024 - INFO - Regula po iteracji 0: IF ys >= 0.45 THEN class = 1, (p=111, n=31, P=125, N=125)
2025-03-04 14:57:57,027 - INFO - Iteracja 1: condition_best: xs >= -0.49, quality_best: 0.677, coverage_best: (p=105, n=16, P=125, N=125), precision: 0.868
2025-03-04 14:57:57,027 - INFO - Regula po iteracji 1: IF ys >= 0.45 AND xs >= -0.49 THEN class = 1, (p=105, n=16, P=125, N=125)
2025-03-04 14:57:57,028 - INFO - *****GROWING RR RULE*****
2025-03-04 14:57:57,083 - INFO - Iteracja 0: condition_best: None quality_best: -inf, coverage_best: (p=0, n=0, P=0, N=0), number_of_covered_negatives_best: 0, best_score: 0, precision: 0
2025-03-04 14:57:57,083 - INFO - Regula po iteracji 0: IF  THEN class = 1, (p=20, n=230, P=20, N=230)
2025-03-04 14:57:57,083 - INFO - *****STOP GROWING RR RULE*****
2025-03-04 14:57:57,083 - INFO - ***RR NOT FOUND***
2025-03-04 14:57:57,085 - INFO - Iteracja 2: condition_best: xs >= -0.42, quality_best: 0.645, coverage_best: (p=96, n=15, P=125, N=125), precision: 0.865
2025-03-04 14:57:57,085 - INFO - Regula po iteracji 2: IF ys >= 0.45 AND xs >= -0.49 AND xs >= -0.42 THEN class = 1, (p=96, n=15, P=125, N=125)
2025-03-04 14:57:57,085 - INFO - *****GROWING RR RULE*****
2025-03-04 14:57:57,144 - INFO - Iteracja 0: condition_best: None quality_best: -inf, coverage_best: (p=0, n=0, P=0, N=0), number_of_covered_negatives_best: 0, best_score: 0, precision: 0
2025-03-04 14:57:57,144 - INFO - Regula po iteracji 0: IF  THEN class = 1, (p=29, n=221, P=29, N=221)
2025-03-04 14:57:57,144 - INFO - *****STOP GROWING RR RULE*****
2025-03-04 14:57:57,144 - INFO - ***RR NOT FOUND***
2025-03-04 14:57:57,146 - INFO - Iteracja 3: condition_best: ys <= 0.71, quality_best: 0.383, coverage_best: (p=46, n=13, P=125, N=125), precision: 0.78
2025-03-04 14:57:57,147 - INFO - Regula po iteracji 3: IF ys >= 0.45 AND xs >= -0.49 AND xs >= -0.42 AND ys <= 0.71 THEN class = 1, (p=46, n=13, P=125, N=125)
2025-03-04 14:57:57,148 - INFO - Iteracja 4: condition_best: ys <= 0.69, quality_best: 0.371, coverage_best: (p=42, n=12, P=125, N=125), precision: 0.778
2025-03-04 14:57:57,149 - INFO - Regula po iteracji 4: IF ys >= 0.45 AND xs >= -0.49 AND xs >= -0.42 AND ys <= 0.71 AND ys <= 0.69 THEN class = 1, (p=42, n=12, P=125, N=125)
2025-03-04 14:57:57,150 - INFO - Iteracja 5: condition_best: ys <= 0.60, quality_best: 0.209, coverage_best: (p=23, n=11, P=125, N=125), precision: 0.676
2025-03-04 14:57:57,151 - INFO - Regula po iteracji 5: IF ys >= 0.45 AND xs >= -0.49 AND xs >= -0.42 AND ys <= 0.71 AND ys <= 0.69 AND ys <= 0.60 THEN class = 1, (p=23, n=11, P=125, N=125)
2025-03-04 14:57:57,152 - INFO - Iteracja 6: condition_best: ys <= 0.58, quality_best: 0.147, coverage_best: (p=17, n=10, P=125, N=125), precision: 0.63
2025-03-04 14:57:57,152 - INFO - Regula po iteracji 6: IF ys >= 0.45 AND xs >= -0.49 AND xs >= -0.42 AND ys <= 0.71 AND ys <= 0.69 AND ys <= 0.60 AND ys <= 0.58 THEN class = 1, (p=17, n=10, P=125, N=125)
2025-03-04 14:57:57,154 - INFO - Iteracja 7: condition_best: ys <= 0.55, quality_best: 0.121, coverage_best: (p=14, n=9, P=125, N=125), precision: 0.609
2025-03-04 14:57:57,154 - INFO - Regula po iteracji 7: IF ys >= 0.45 AND xs >= -0.49 AND xs >= -0.42 AND ys <= 0.71 AND ys <= 0.69 AND ys <= 0.60 AND ys <= 0.58 AND ys <= 0.55 THEN class = 1, (p=14, n=9, P=125, N=125)
2025-03-04 14:57:57,155 - INFO - Iteracja 8: condition_best: ys <= 0.51, quality_best: 0.067, coverage_best: (p=9, n=7, P=125, N=125), precision: 0.562
2025-03-04 14:57:57,155 - INFO - Regula po iteracji 8: IF ys >= 0.45 AND xs >= -0.49 AND xs >= -0.42 AND ys <= 0.71 AND ys <= 0.69 AND ys <= 0.60 AND ys <= 0.58 AND ys <= 0.55 AND ys <= 0.51 THEN class = 1, (p=9, n=7, P=125, N=125)
2025-03-04 14:57:57,157 - INFO - Iteracja 9: condition_best: ys <= 0.49, quality_best: -0.047, coverage_best: (p=5, n=6, P=125, N=125), precision: 0.455
2025-03-04 14:57:57,157 - INFO - Regula po iteracji 9: IF ys >= 0.45 AND xs >= -0.49 AND xs >= -0.42 AND ys <= 0.71 AND ys <= 0.69 AND ys <= 0.60 AND ys <= 0.58 AND ys <= 0.55 AND ys <= 0.51 AND ys <= 0.49 THEN class = 1, (p=5, n=6, P=125, N=125)
2025-03-04 14:57:57,158 - INFO - Iteracja 10: condition_best: None, quality_best: -inf, coverage_best: (p=0, n=0, P=0, N=0), precision: 0
2025-03-04 14:57:57,158 - INFO - Regula po iteracji 10: IF ys >= 0.45 AND xs >= -0.49 AND xs >= -0.42 AND ys <= 0.71 AND ys <= 0.69 AND ys <= 0.60 AND ys <= 0.58 AND ys <= 0.55 AND ys <= 0.51 AND ys <= 0.49 THEN class = 1, (p=5, n=6, P=125, N=125)
2025-03-04 14:57:57,158 - INFO - *******STOP GROWING CR RULE*******
2025-03-04 14:57:57,159 - INFO - *******GROWING CR RULE*******
2025-03-04 14:57:57,165 - INFO - Iteracja 0: condition_best: ys >= 0.41, quality_best: 0.451, coverage_best: (p=116, n=42, P=125, N=125), precision: 0.734
2025-03-04 14:57:57,166 - INFO - Regula po iteracji 0: IF ys >= 0.41 THEN class = 1, (p=116, n=42, P=125, N=125)
2025-03-04 14:57:57,169 - INFO - Iteracja 1: condition_best: xs >= -0.49, quality_best: 0.627, coverage_best: (p=110, n=22, P=125, N=125), precision: 0.833
2025-03-04 14:57:57,170 - INFO - Regula po iteracji 1: IF ys >= 0.41 AND xs >= -0.49 THEN class = 1, (p=110, n=22, P=125, N=125)
2025-03-04 14:57:57,170 - INFO - *****GROWING RR RULE*****
2025-03-04 14:57:57,231 - INFO - Iteracja 0: condition_best: None quality_best: -inf, coverage_best: (p=0, n=0, P=0, N=0), number_of_covered_negatives_best: 0, best_score: 0, precision: 0
2025-03-04 14:57:57,231 - INFO - Regula po iteracji 0: IF  THEN class = 1, (p=15, n=235, P=15, N=235)
2025-03-04 14:57:57,231 - INFO - *****STOP GROWING RR RULE*****
2025-03-04 14:57:57,231 - INFO - ***RR NOT FOUND***
2025-03-04 14:57:57,234 - INFO - Iteracja 2: condition_best: xs >= -0.42, quality_best: 0.593, coverage_best: (p=101, n=21, P=125, N=125), precision: 0.828
2025-03-04 14:57:57,234 - INFO - Regula po iteracji 2: IF ys >= 0.41 AND xs >= -0.49 AND xs >= -0.42 THEN class = 1, (p=101, n=21, P=125, N=125)
2025-03-04 14:57:57,235 - INFO - *****GROWING RR RULE*****
2025-03-04 14:57:57,300 - INFO - Iteracja 0: condition_best: None quality_best: -inf, coverage_best: (p=0, n=0, P=0, N=0), number_of_covered_negatives_best: 0, best_score: 0, precision: 0
2025-03-04 14:57:57,300 - INFO - Regula po iteracji 0: IF  THEN class = 1, (p=24, n=226, P=24, N=226)
2025-03-04 14:57:57,300 - INFO - *****STOP GROWING RR RULE*****
2025-03-04 14:57:57,300 - INFO - ***RR NOT FOUND***
2025-03-04 14:57:57,303 - INFO - Iteracja 3: condition_best: xs >= 0.26, quality_best: 0.507, coverage_best: (p=50, n=8, P=125, N=125), precision: 0.862
2025-03-04 14:57:57,303 - INFO - Regula po iteracji 3: IF ys >= 0.41 AND xs >= -0.49 AND xs >= -0.42 AND xs >= 0.26 THEN class = 1, (p=50, n=8, P=125, N=125)
2025-03-04 14:57:57,303 - INFO - *****GROWING RR RULE*****
2025-03-04 14:57:57,359 - INFO - Iteracja 0: condition_best: ys >= 0.98, quality_best: 0.54, coverage_best: (p=6, n=0, P=75, N=175), number_of_covered_negatives_best: 0, best_score: 0.62, precision: 1.0
2025-03-04 14:57:57,359 - INFO - Regula po iteracji 0: IF ys >= 0.98 THEN class = 1, (p=6, n=0, P=75, N=175)
2025-03-04 14:57:57,359 - INFO - *****STOP GROWING RR RULE*****
2025-03-04 14:57:57,359 - INFO - ***RR FOUND***
2025-03-04 14:57:57,359 - INFO - Reference rule: IF ys >= 0.98 THEN class = 1
2025-03-04 14:57:57,359 - INFO - ***CHECKING EXCEPTION***
2025-03-04 14:57:57,359 - INFO - Exception precision: 0
2025-03-04 14:57:57,360 - INFO - ***ER NOT FOUND***
2025-03-04 14:57:57,361 - INFO - Iteracja 4: condition_best: ys <= 0.67, quality_best: 0.337, coverage_best: (p=25, n=7, P=125, N=125), precision: 0.781
2025-03-04 14:57:57,361 - INFO - Regula po iteracji 4: IF ys >= 0.41 AND xs >= -0.49 AND xs >= -0.42 AND xs >= 0.26 AND ys <= 0.67 THEN class = 1, (p=25, n=7, P=125, N=125)
2025-03-04 14:57:57,363 - INFO - Iteracja 5: condition_best: ys <= 0.46, quality_best: 0.223, coverage_best: (p=5, n=2, P=125, N=125), precision: 0.714
2025-03-04 14:57:57,363 - INFO - Regula po iteracji 5: IF ys >= 0.41 AND xs >= -0.49 AND xs >= -0.42 AND xs >= 0.26 AND ys <= 0.67 AND ys <= 0.46 THEN class = 1, (p=5, n=2, P=125, N=125)
2025-03-04 14:57:57,364 - INFO - Iteracja 6: condition_best: None, quality_best: -inf, coverage_best: (p=0, n=0, P=0, N=0), precision: 0
2025-03-04 14:57:57,364 - INFO - Regula po iteracji 6: IF ys >= 0.41 AND xs >= -0.49 AND xs >= -0.42 AND xs >= 0.26 AND ys <= 0.67 AND ys <= 0.46 THEN class = 1, (p=5, n=2, P=125, N=125)
2025-03-04 14:57:57,364 - INFO - *******STOP GROWING CR RULE*******
2025-03-04 14:57:57,364 - INFO - *******GROWING CR RULE*******
2025-03-04 14:57:57,371 - INFO - Iteracja 0: condition_best: ys >= 0.37, quality_best: 0.392, coverage_best: (p=121, n=52, P=125, N=125), precision: 0.699
2025-03-04 14:57:57,371 - INFO - Regula po iteracji 0: IF ys >= 0.37 THEN class = 1, (p=121, n=52, P=125, N=125)
2025-03-04 14:57:57,376 - INFO - Iteracja 1: condition_best: xs >= -0.49, quality_best: 0.573, coverage_best: (p=115, n=29, P=125, N=125), precision: 0.799
2025-03-04 14:57:57,376 - INFO - Regula po iteracji 1: IF ys >= 0.37 AND xs >= -0.49 THEN class = 1, (p=115, n=29, P=125, N=125)
2025-03-04 14:57:57,380 - INFO - Iteracja 2: condition_best: xs <= 0.58, quality_best: 0.544, coverage_best: (p=105, n=27, P=125, N=125), precision: 0.795
2025-03-04 14:57:57,380 - INFO - Regula po iteracji 2: IF ys >= 0.37 AND xs >= -0.49 AND xs <= 0.58 THEN class = 1, (p=105, n=27, P=125, N=125)
2025-03-04 14:57:57,384 - INFO - Iteracja 3: condition_best: xs >= -0.42, quality_best: 0.507, coverage_best: (p=96, n=26, P=125, N=125), precision: 0.787
2025-03-04 14:57:57,384 - INFO - Regula po iteracji 3: IF ys >= 0.37 AND xs >= -0.49 AND xs <= 0.58 AND xs >= -0.42 THEN class = 1, (p=96, n=26, P=125, N=125)
2025-03-04 14:57:57,387 - INFO - Iteracja 4: condition_best: ys <= 0.72, quality_best: 0.27, coverage_best: (p=55, n=25, P=125, N=125), precision: 0.688
2025-03-04 14:57:57,387 - INFO - Regula po iteracji 4: IF ys >= 0.37 AND xs >= -0.49 AND xs <= 0.58 AND xs >= -0.42 AND ys <= 0.72 THEN class = 1, (p=55, n=25, P=125, N=125)
2025-03-04 14:57:57,390 - INFO - Iteracja 5: condition_best: ys <= 0.71, quality_best: 0.268, coverage_best: (p=53, n=24, P=125, N=125), precision: 0.688
2025-03-04 14:57:57,391 - INFO - Regula po iteracji 5: IF ys >= 0.37 AND xs >= -0.49 AND xs <= 0.58 AND xs >= -0.42 AND ys <= 0.72 AND ys <= 0.71 THEN class = 1, (p=53, n=24, P=125, N=125)
2025-03-04 14:57:57,394 - INFO - Iteracja 6: condition_best: ys <= 0.69, quality_best: 0.251, coverage_best: (p=49, n=23, P=125, N=125), precision: 0.681
2025-03-04 14:57:57,394 - INFO - Regula po iteracji 6: IF ys >= 0.37 AND xs >= -0.49 AND xs <= 0.58 AND xs >= -0.42 AND ys <= 0.72 AND ys <= 0.71 AND ys <= 0.69 THEN class = 1, (p=49, n=23, P=125, N=125)
2025-03-04 14:57:57,397 - INFO - Iteracja 7: condition_best: ys <= 0.60, quality_best: 0.095, coverage_best: (p=30, n=22, P=125, N=125), precision: 0.577
2025-03-04 14:57:57,397 - INFO - Regula po iteracji 7: IF ys >= 0.37 AND xs >= -0.49 AND xs <= 0.58 AND xs >= -0.42 AND ys <= 0.72 AND ys <= 0.71 AND ys <= 0.69 AND ys <= 0.60 THEN class = 1, (p=30, n=22, P=125, N=125)
2025-03-04 14:57:57,399 - INFO - Iteracja 8: condition_best: ys <= 0.58, quality_best: 0.052, coverage_best: (p=25, n=21, P=125, N=125), precision: 0.543
2025-03-04 14:57:57,400 - INFO - Regula po iteracji 8: IF ys >= 0.37 AND xs >= -0.49 AND xs <= 0.58 AND xs >= -0.42 AND ys <= 0.72 AND ys <= 0.71 AND ys <= 0.69 AND ys <= 0.60 AND ys <= 0.58 THEN class = 1, (p=25, n=21, P=125, N=125)
2025-03-04 14:57:57,402 - INFO - Iteracja 9: condition_best: ys <= 0.55, quality_best: 0.028, coverage_best: (p=22, n=20, P=125, N=125), precision: 0.524
2025-03-04 14:57:57,402 - INFO - Regula po iteracji 9: IF ys >= 0.37 AND xs >= -0.49 AND xs <= 0.58 AND xs >= -0.42 AND ys <= 0.72 AND ys <= 0.71 AND ys <= 0.69 AND ys <= 0.60 AND ys <= 0.58 AND ys <= 0.55 THEN class = 1, (p=22, n=20, P=125, N=125)
2025-03-04 14:57:57,405 - INFO - Iteracja 10: condition_best: ys <= 0.41, quality_best: 0.0, coverage_best: (p=6, n=6, P=125, N=125), precision: 0.5
2025-03-04 14:57:57,405 - INFO - Regula po iteracji 10: IF ys >= 0.37 AND xs >= -0.49 AND xs <= 0.58 AND xs >= -0.42 AND ys <= 0.72 AND ys <= 0.71 AND ys <= 0.69 AND ys <= 0.60 AND ys <= 0.58 AND ys <= 0.55 AND ys <= 0.41 THEN class = 1, (p=6, n=6, P=125, N=125)
2025-03-04 14:57:57,406 - INFO - Iteracja 11: condition_best: None, quality_best: -inf, coverage_best: (p=0, n=0, P=0, N=0), precision: 0
2025-03-04 14:57:57,406 - INFO - Regula po iteracji 11: IF ys >= 0.37 AND xs >= -0.49 AND xs <= 0.58 AND xs >= -0.42 AND ys <= 0.72 AND ys <= 0.71 AND ys <= 0.69 AND ys <= 0.60 AND ys <= 0.58 AND ys <= 0.55 AND ys <= 0.41 THEN class = 1, (p=6, n=6, P=125, N=125)
2025-03-04 14:57:57,406 - INFO - *******STOP GROWING CR RULE*******
2025-03-04 14:57:57,407 - INFO - *******GROWING CR RULE*******
2025-03-04 14:57:57,414 - INFO - Iteracja 0: condition_best: None, quality_best: -inf, coverage_best: (p=0, n=0, P=0, N=0), precision: 0
2025-03-04 14:57:57,414 - INFO - Regula po iteracji 0: IF  THEN class = 1, (p=125, n=125, P=125, N=125)
2025-03-04 14:57:57,414 - INFO - *******STOP GROWING CR RULE*******
2025-03-04 14:57:57,419 - INFO - ************************Finished experiment for prnn-synth.arff with algorithm3************************
2025-03-04 14:57:57,419 - INFO - *************************************************************************************************************************
2025-03-04 14:57:57,419 - INFO - *************************************************************************************************************************
2025-03-04 14:57:57,419 - INFO - *************************************************************************************************************************
