2025-03-05 17:51:26,632 - INFO - **********Starting experiment for servo.arff with algorithm3**********
2025-03-05 17:51:26,637 - INFO - *******GROWING CR RULE*******
2025-03-05 17:51:26,639 - INFO - Iteracja 0: condition_best: pgain = {3}, quality_best: 0.533, coverage_best: (p=31, n=19, P=31, N=136)
2025-03-05 17:51:26,639 - INFO - Regula po iteracji 0: IF pgain = {3} THEN class = {3.22} [1.45, 4.99], (p=31, n=19, P=31, N=136)
2025-03-05 17:51:26,640 - INFO - *****GROWING RR RULE*****
2025-03-05 17:51:26,670 - INFO - Iteracja 0: condition_best: None, quality_best: -inf, coverage_best: (p=0, n=0, P=0, N=0), p_value: 0
2025-03-05 17:51:26,670 - INFO - Regula po iteracji 0: IF  THEN class = {1.39} [-0.17, 2.94], (p=139, n=28, P=139, N=28)
2025-03-05 17:51:26,670 - INFO - *****STOP GROWING RR RULE*****
2025-03-05 17:51:26,670 - INFO - ***RR NOT FOUND***
2025-03-05 17:51:26,671 - INFO - Iteracja 1: condition_best: motor = {B}, quality_best: 0.445, coverage_best: (p=7, n=3, P=20, N=147)
2025-03-05 17:51:26,671 - INFO - Regula po iteracji 1: IF pgain = {3} AND motor = {B} THEN class = {4.42} [3.88, 4.96], (p=7, n=3, P=20, N=147)
2025-03-05 17:51:26,671 - INFO - *****GROWING RR RULE*****
2025-03-05 17:51:26,699 - INFO - Iteracja 0: condition_best: None, quality_best: -inf, coverage_best: (p=0, n=0, P=0, N=0), p_value: 0
2025-03-05 17:51:26,699 - INFO - Regula po iteracji 0: IF  THEN class = {1.39} [-0.17, 2.94], (p=139, n=28, P=139, N=28)
2025-03-05 17:51:26,699 - INFO - *****STOP GROWING RR RULE*****
2025-03-05 17:51:26,699 - INFO - ***RR NOT FOUND***
2025-03-05 17:51:26,700 - INFO - Iteracja 2: condition_best: vgain = {2}, quality_best: 0.342, coverage_best: (p=3, n=2, P=14, N=153)
2025-03-05 17:51:26,700 - INFO - Regula po iteracji 2: IF pgain = {3} AND motor = {B} AND vgain = {2} THEN class = {4.62} [4.14, 5.10], (p=3, n=2, P=14, N=153)
2025-03-05 17:51:26,700 - INFO - *****GROWING RR RULE*****
2025-03-05 17:51:26,726 - INFO - Iteracja 0: condition_best: None, quality_best: -inf, coverage_best: (p=0, n=0, P=0, N=0), p_value: 0
2025-03-05 17:51:26,726 - INFO - Regula po iteracji 0: IF  THEN class = {1.39} [-0.17, 2.94], (p=139, n=28, P=139, N=28)
2025-03-05 17:51:26,726 - INFO - *****STOP GROWING RR RULE*****
2025-03-05 17:51:26,727 - INFO - ***RR NOT FOUND***
2025-03-05 17:51:26,727 - INFO - Iteracja 3: condition_best: None, quality_best: -inf, coverage_best: (p=0, n=0, P=0, N=0)
2025-03-05 17:51:26,727 - INFO - Regula po iteracji 3: IF pgain = {3} AND motor = {B} AND vgain = {2} THEN class = {4.62} [4.14, 5.10], (p=3, n=2, P=14, N=153)
2025-03-05 17:51:26,727 - INFO - *******STOP GROWING CR RULE*******
2025-03-05 17:51:26,729 - INFO - *******GROWING CR RULE*******
2025-03-05 17:51:26,730 - INFO - Iteracja 0: condition_best: vgain = {3}, quality_best: 0.466, coverage_best: (p=20, n=7, P=45, N=122)
2025-03-05 17:51:26,730 - INFO - Regula po iteracji 0: IF vgain = {3} THEN class = {0.90} [0.69, 1.11], (p=20, n=7, P=45, N=122)
2025-03-05 17:51:26,730 - INFO - *****GROWING RR RULE*****
2025-03-05 17:51:26,760 - INFO - Iteracja 0: condition_best: None, quality_best: -inf, coverage_best: (p=0, n=0, P=0, N=0), p_value: 0
2025-03-05 17:51:26,760 - INFO - Regula po iteracji 0: IF  THEN class = {1.39} [-0.17, 2.94], (p=139, n=28, P=139, N=28)
2025-03-05 17:51:26,760 - INFO - *****STOP GROWING RR RULE*****
2025-03-05 17:51:26,760 - INFO - ***RR NOT FOUND***
2025-03-05 17:51:26,761 - INFO - Iteracja 1: condition_best: pgain = {4}, quality_best: 0.498, coverage_best: (p=18, n=6, P=38, N=129)
2025-03-05 17:51:26,761 - INFO - Regula po iteracji 1: IF vgain = {3} AND pgain = {4} THEN class = {0.93} [0.73, 1.13], (p=18, n=6, P=38, N=129)
2025-03-05 17:51:26,761 - INFO - *****GROWING RR RULE*****
2025-03-05 17:51:26,790 - INFO - Iteracja 0: condition_best: None, quality_best: -inf, coverage_best: (p=0, n=0, P=0, N=0), p_value: 0
2025-03-05 17:51:26,790 - INFO - Regula po iteracji 0: IF  THEN class = {1.39} [-0.17, 2.94], (p=139, n=28, P=139, N=28)
2025-03-05 17:51:26,790 - INFO - *****STOP GROWING RR RULE*****
2025-03-05 17:51:26,790 - INFO - ***RR NOT FOUND***
2025-03-05 17:51:26,791 - INFO - Iteracja 2: condition_best: screw = {B}, quality_best: 0.418, coverage_best: (p=4, n=1, P=34, N=133)
2025-03-05 17:51:26,791 - INFO - Regula po iteracji 2: IF vgain = {3} AND pgain = {4} AND screw = {B} THEN class = {0.90} [0.73, 1.06], (p=4, n=1, P=34, N=133)
2025-03-05 17:51:26,792 - INFO - *****GROWING RR RULE*****
2025-03-05 17:51:26,818 - INFO - Iteracja 0: condition_best: None, quality_best: -inf, coverage_best: (p=0, n=0, P=0, N=0), p_value: 0
2025-03-05 17:51:26,818 - INFO - Regula po iteracji 0: IF  THEN class = {1.39} [-0.17, 2.94], (p=139, n=28, P=139, N=28)
2025-03-05 17:51:26,818 - INFO - *****STOP GROWING RR RULE*****
2025-03-05 17:51:26,818 - INFO - ***RR NOT FOUND***
2025-03-05 17:51:26,819 - INFO - Iteracja 3: condition_best: None, quality_best: -inf, coverage_best: (p=0, n=0, P=0, N=0)
2025-03-05 17:51:26,819 - INFO - Regula po iteracji 3: IF vgain = {3} AND pgain = {4} AND screw = {B} THEN class = {0.90} [0.73, 1.06], (p=4, n=1, P=34, N=133)
2025-03-05 17:51:26,819 - INFO - *******STOP GROWING CR RULE*******
2025-03-05 17:51:26,821 - INFO - *******GROWING CR RULE*******
2025-03-05 17:51:26,822 - INFO - Iteracja 0: condition_best: vgain = {4}, quality_best: 0.437, coverage_best: (p=17, n=5, P=54, N=113)
2025-03-05 17:51:26,822 - INFO - Regula po iteracji 0: IF vgain = {4} THEN class = {0.51} [0.38, 0.65], (p=17, n=5, P=54, N=113)
2025-03-05 17:51:26,822 - INFO - *****GROWING RR RULE*****
2025-03-05 17:51:26,851 - INFO - Iteracja 0: condition_best: None, quality_best: -inf, coverage_best: (p=0, n=0, P=0, N=0), p_value: 0
2025-03-05 17:51:26,852 - INFO - Regula po iteracji 0: IF  THEN class = {1.39} [-0.17, 2.94], (p=139, n=28, P=139, N=28)
2025-03-05 17:51:26,852 - INFO - *****STOP GROWING RR RULE*****
2025-03-05 17:51:26,852 - INFO - ***RR NOT FOUND***
2025-03-05 17:51:26,853 - INFO - Iteracja 1: condition_best: pgain = {5}, quality_best: 0.437, coverage_best: (p=17, n=5, P=54, N=113)
2025-03-05 17:51:26,853 - INFO - Regula po iteracji 1: IF vgain = {4} AND pgain = {5} THEN class = {0.51} [0.38, 0.65], (p=17, n=5, P=54, N=113)
2025-03-05 17:51:26,853 - INFO - *****GROWING RR RULE*****
2025-03-05 17:51:26,882 - INFO - Iteracja 0: condition_best: None, quality_best: -inf, coverage_best: (p=0, n=0, P=0, N=0), p_value: 0
2025-03-05 17:51:26,882 - INFO - Regula po iteracji 0: IF  THEN class = {1.39} [-0.17, 2.94], (p=139, n=28, P=139, N=28)
2025-03-05 17:51:26,882 - INFO - *****STOP GROWING RR RULE*****
2025-03-05 17:51:26,882 - INFO - ***RR NOT FOUND***
2025-03-05 17:51:26,883 - INFO - Iteracja 2: condition_best: screw = {A}, quality_best: 0.41, coverage_best: (p=4, n=1, P=38, N=129)
2025-03-05 17:51:26,883 - INFO - Regula po iteracji 2: IF vgain = {4} AND pgain = {5} AND screw = {A} THEN class = {0.68} [0.53, 0.83], (p=4, n=1, P=38, N=129)
2025-03-05 17:51:26,883 - INFO - *****GROWING RR RULE*****
2025-03-05 17:51:26,910 - INFO - Iteracja 0: condition_best: None, quality_best: -inf, coverage_best: (p=0, n=0, P=0, N=0), p_value: 0
2025-03-05 17:51:26,910 - INFO - Regula po iteracji 0: IF  THEN class = {1.39} [-0.17, 2.94], (p=139, n=28, P=139, N=28)
2025-03-05 17:51:26,910 - INFO - *****STOP GROWING RR RULE*****
2025-03-05 17:51:26,910 - INFO - ***RR NOT FOUND***
2025-03-05 17:51:26,911 - INFO - Iteracja 3: condition_best: None, quality_best: -inf, coverage_best: (p=0, n=0, P=0, N=0)
2025-03-05 17:51:26,911 - INFO - Regula po iteracji 3: IF vgain = {4} AND pgain = {5} AND screw = {A} THEN class = {0.68} [0.53, 0.83], (p=4, n=1, P=38, N=129)
2025-03-05 17:51:26,911 - INFO - *******STOP GROWING CR RULE*******
2025-03-05 17:51:26,912 - INFO - *******GROWING CR RULE*******
2025-03-05 17:51:26,913 - INFO - Iteracja 0: condition_best: pgain = {6}, quality_best: 0.436, coverage_best: (p=19, n=6, P=54, N=113)
2025-03-05 17:51:26,913 - INFO - Regula po iteracji 0: IF pgain = {6} THEN class = {0.52} [0.39, 0.64], (p=19, n=6, P=54, N=113)
2025-03-05 17:51:26,913 - INFO - *****GROWING RR RULE*****
2025-03-05 17:51:26,944 - INFO - Iteracja 0: condition_best: None, quality_best: -inf, coverage_best: (p=0, n=0, P=0, N=0), p_value: 0
2025-03-05 17:51:26,944 - INFO - Regula po iteracji 0: IF  THEN class = {1.39} [-0.17, 2.94], (p=139, n=28, P=139, N=28)
2025-03-05 17:51:26,944 - INFO - *****STOP GROWING RR RULE*****
2025-03-05 17:51:26,944 - INFO - ***RR NOT FOUND***
2025-03-05 17:51:26,945 - INFO - Iteracja 1: condition_best: motor = {C}, quality_best: 0.481, coverage_best: (p=7, n=1, P=44, N=123)
2025-03-05 17:51:26,945 - INFO - Regula po iteracji 1: IF pgain = {6} AND motor = {C} THEN class = {0.55} [0.46, 0.64], (p=7, n=1, P=44, N=123)
2025-03-05 17:51:26,946 - INFO - *****GROWING RR RULE*****
2025-03-05 17:51:26,974 - INFO - Iteracja 0: condition_best: None, quality_best: -inf, coverage_best: (p=0, n=0, P=0, N=0), p_value: 0
2025-03-05 17:51:26,974 - INFO - Regula po iteracji 0: IF  THEN class = {1.39} [-0.17, 2.94], (p=139, n=28, P=139, N=28)
2025-03-05 17:51:26,974 - INFO - *****STOP GROWING RR RULE*****
2025-03-05 17:51:26,974 - INFO - ***RR NOT FOUND***
2025-03-05 17:51:26,975 - INFO - Iteracja 2: condition_best: vgain = {5}, quality_best: 0.395, coverage_best: (p=4, n=1, P=45, N=122)
2025-03-05 17:51:26,975 - INFO - Regula po iteracji 2: IF pgain = {6} AND motor = {C} AND vgain = {5} THEN class = {0.55} [0.44, 0.66], (p=4, n=1, P=45, N=122)
2025-03-05 17:51:26,976 - INFO - *****GROWING RR RULE*****
2025-03-05 17:51:27,002 - INFO - Iteracja 0: condition_best: None, quality_best: -inf, coverage_best: (p=0, n=0, P=0, N=0), p_value: 0
2025-03-05 17:51:27,002 - INFO - Regula po iteracji 0: IF  THEN class = {1.39} [-0.17, 2.94], (p=139, n=28, P=139, N=28)
2025-03-05 17:51:27,002 - INFO - *****STOP GROWING RR RULE*****
2025-03-05 17:51:27,002 - INFO - ***RR NOT FOUND***
2025-03-05 17:51:27,003 - INFO - Iteracja 3: condition_best: None, quality_best: -inf, coverage_best: (p=0, n=0, P=0, N=0)
2025-03-05 17:51:27,003 - INFO - Regula po iteracji 3: IF pgain = {6} AND motor = {C} AND vgain = {5} THEN class = {0.55} [0.44, 0.66], (p=4, n=1, P=45, N=122)
2025-03-05 17:51:27,003 - INFO - *******STOP GROWING CR RULE*******
2025-03-05 17:51:27,004 - INFO - *******GROWING CR RULE*******
2025-03-05 17:51:27,006 - INFO - Iteracja 0: condition_best: pgain = {6}, quality_best: 0.436, coverage_best: (p=19, n=6, P=54, N=113)
2025-03-05 17:51:27,006 - INFO - Regula po iteracji 0: IF pgain = {6} THEN class = {0.52} [0.39, 0.64], (p=19, n=6, P=54, N=113)
2025-03-05 17:51:27,006 - INFO - *****GROWING RR RULE*****
2025-03-05 17:51:27,037 - INFO - Iteracja 0: condition_best: None, quality_best: -inf, coverage_best: (p=0, n=0, P=0, N=0), p_value: 0
2025-03-05 17:51:27,037 - INFO - Regula po iteracji 0: IF  THEN class = {1.39} [-0.17, 2.94], (p=139, n=28, P=139, N=28)
2025-03-05 17:51:27,037 - INFO - *****STOP GROWING RR RULE*****
2025-03-05 17:51:27,037 - INFO - ***RR NOT FOUND***
2025-03-05 17:51:27,038 - INFO - Iteracja 1: condition_best: motor = {B}, quality_best: 0.395, coverage_best: (p=4, n=1, P=45, N=122)
2025-03-05 17:51:27,038 - INFO - Regula po iteracji 1: IF pgain = {6} AND motor = {B} THEN class = {0.56} [0.43, 0.69], (p=4, n=1, P=45, N=122)
2025-03-05 17:51:27,038 - INFO - *****GROWING RR RULE*****
2025-03-05 17:51:27,065 - INFO - Iteracja 0: condition_best: None, quality_best: -inf, coverage_best: (p=0, n=0, P=0, N=0), p_value: 0
2025-03-05 17:51:27,065 - INFO - Regula po iteracji 0: IF  THEN class = {1.39} [-0.17, 2.94], (p=139, n=28, P=139, N=28)
2025-03-05 17:51:27,065 - INFO - *****STOP GROWING RR RULE*****
2025-03-05 17:51:27,065 - INFO - ***RR NOT FOUND***
2025-03-05 17:51:27,066 - INFO - Iteracja 2: condition_best: vgain = {5}, quality_best: 0.395, coverage_best: (p=4, n=1, P=45, N=122)
2025-03-05 17:51:27,066 - INFO - Regula po iteracji 2: IF pgain = {6} AND motor = {B} AND vgain = {5} THEN class = {0.56} [0.43, 0.69], (p=4, n=1, P=45, N=122)
2025-03-05 17:51:27,066 - INFO - *****GROWING RR RULE*****
2025-03-05 17:51:27,092 - INFO - Iteracja 0: condition_best: None, quality_best: -inf, coverage_best: (p=0, n=0, P=0, N=0), p_value: 0
2025-03-05 17:51:27,092 - INFO - Regula po iteracji 0: IF  THEN class = {1.39} [-0.17, 2.94], (p=139, n=28, P=139, N=28)
2025-03-05 17:51:27,093 - INFO - *****STOP GROWING RR RULE*****
2025-03-05 17:51:27,093 - INFO - ***RR NOT FOUND***
2025-03-05 17:51:27,093 - INFO - Iteracja 3: condition_best: None, quality_best: -inf, coverage_best: (p=0, n=0, P=0, N=0)
2025-03-05 17:51:27,093 - INFO - Regula po iteracji 3: IF pgain = {6} AND motor = {B} AND vgain = {5} THEN class = {0.56} [0.43, 0.69], (p=4, n=1, P=45, N=122)
2025-03-05 17:51:27,093 - INFO - *******STOP GROWING CR RULE*******
2025-03-05 17:51:27,094 - INFO - *******GROWING CR RULE*******
2025-03-05 17:51:27,095 - INFO - Iteracja 0: condition_best: motor = {E}, quality_best: 0.399, coverage_best: (p=31, n=2, P=138, N=29)
2025-03-05 17:51:27,095 - INFO - Regula po iteracji 0: IF motor = {E} THEN class = {1.14} [-0.40, 2.69], (p=31, n=2, P=138, N=29)
2025-03-05 17:51:27,096 - INFO - *****GROWING RR RULE*****
2025-03-05 17:51:27,126 - INFO - Iteracja 0: condition_best: None, quality_best: -inf, coverage_best: (p=0, n=0, P=0, N=0), p_value: 0
2025-03-05 17:51:27,126 - INFO - Regula po iteracji 0: IF  THEN class = {1.39} [-0.17, 2.94], (p=139, n=28, P=139, N=28)
2025-03-05 17:51:27,127 - INFO - *****STOP GROWING RR RULE*****
2025-03-05 17:51:27,127 - INFO - ***RR NOT FOUND***
2025-03-05 17:51:27,128 - INFO - Iteracja 1: condition_best: vgain = {2}, quality_best: 0.215, coverage_best: (p=9, n=1, P=139, N=28)
2025-03-05 17:51:27,128 - INFO - Regula po iteracji 1: IF motor = {E} AND vgain = {2} THEN class = {1.53} [-0.33, 3.39], (p=9, n=1, P=139, N=28)
2025-03-05 17:51:27,128 - INFO - *****GROWING RR RULE*****
2025-03-05 17:51:27,156 - INFO - Iteracja 0: condition_best: None, quality_best: -inf, coverage_best: (p=0, n=0, P=0, N=0), p_value: 0
2025-03-05 17:51:27,156 - INFO - Regula po iteracji 0: IF  THEN class = {1.39} [-0.17, 2.94], (p=139, n=28, P=139, N=28)
2025-03-05 17:51:27,156 - INFO - *****STOP GROWING RR RULE*****
2025-03-05 17:51:27,156 - INFO - ***RR NOT FOUND***
2025-03-05 17:51:27,157 - INFO - Iteracja 2: condition_best: pgain = {4}, quality_best: 0.096, coverage_best: (p=3, n=2, P=85, N=82)
2025-03-05 17:51:27,157 - INFO - Regula po iteracji 2: IF motor = {E} AND vgain = {2} AND pgain = {4} THEN class = {0.53} [0.25, 0.81], (p=3, n=2, P=85, N=82)
2025-03-05 17:51:27,157 - INFO - *****GROWING RR RULE*****
2025-03-05 17:51:27,183 - INFO - Iteracja 0: condition_best: None, quality_best: -inf, coverage_best: (p=0, n=0, P=0, N=0), p_value: 0
2025-03-05 17:51:27,183 - INFO - Regula po iteracji 0: IF  THEN class = {1.39} [-0.17, 2.94], (p=139, n=28, P=139, N=28)
2025-03-05 17:51:27,183 - INFO - *****STOP GROWING RR RULE*****
2025-03-05 17:51:27,183 - INFO - ***RR NOT FOUND***
2025-03-05 17:51:27,184 - INFO - Iteracja 3: condition_best: None, quality_best: -inf, coverage_best: (p=0, n=0, P=0, N=0)
2025-03-05 17:51:27,184 - INFO - Regula po iteracji 3: IF motor = {E} AND vgain = {2} AND pgain = {4} THEN class = {0.53} [0.25, 0.81], (p=3, n=2, P=85, N=82)
2025-03-05 17:51:27,184 - INFO - *******STOP GROWING CR RULE*******
2025-03-05 17:51:27,184 - INFO - *******GROWING CR RULE*******
2025-03-05 17:51:27,186 - INFO - Iteracja 0: condition_best: screw = {D}, quality_best: 0.153, coverage_best: (p=26, n=4, P=137, N=30)
2025-03-05 17:51:27,186 - INFO - Regula po iteracji 0: IF screw = {D} THEN class = {1.16} [-0.11, 2.43], (p=26, n=4, P=137, N=30)
2025-03-05 17:51:27,186 - INFO - *****GROWING RR RULE*****
2025-03-05 17:51:27,216 - INFO - Iteracja 0: condition_best: None, quality_best: -inf, coverage_best: (p=0, n=0, P=0, N=0), p_value: 0
2025-03-05 17:51:27,216 - INFO - Regula po iteracji 0: IF  THEN class = {1.39} [-0.17, 2.94], (p=139, n=28, P=139, N=28)
2025-03-05 17:51:27,217 - INFO - *****STOP GROWING RR RULE*****
2025-03-05 17:51:27,217 - INFO - ***RR NOT FOUND***
2025-03-05 17:51:27,218 - INFO - Iteracja 1: condition_best: pgain = {4}, quality_best: 0.011, coverage_best: (p=7, n=5, P=96, N=71)
2025-03-05 17:51:27,218 - INFO - Regula po iteracji 1: IF screw = {D} AND pgain = {4} THEN class = {0.55} [0.22, 0.88], (p=7, n=5, P=96, N=71)
2025-03-05 17:51:27,218 - INFO - *****GROWING RR RULE*****
2025-03-05 17:51:27,246 - INFO - Iteracja 0: condition_best: None, quality_best: -inf, coverage_best: (p=0, n=0, P=0, N=0), p_value: 0
2025-03-05 17:51:27,246 - INFO - Regula po iteracji 0: IF  THEN class = {1.39} [-0.17, 2.94], (p=139, n=28, P=139, N=28)
2025-03-05 17:51:27,246 - INFO - *****STOP GROWING RR RULE*****
2025-03-05 17:51:27,246 - INFO - ***RR NOT FOUND***
2025-03-05 17:51:27,247 - INFO - Iteracja 2: condition_best: None, quality_best: -inf, coverage_best: (p=0, n=0, P=0, N=0)
2025-03-05 17:51:27,247 - INFO - Regula po iteracji 2: IF screw = {D} AND pgain = {4} THEN class = {0.55} [0.22, 0.88], (p=7, n=5, P=96, N=71)
2025-03-05 17:51:27,247 - INFO - *******STOP GROWING CR RULE*******
2025-03-05 17:51:27,247 - INFO - *******GROWING CR RULE*******
2025-03-05 17:51:27,249 - INFO - Iteracja 0: condition_best: motor = {C}, quality_best: 0.085, coverage_best: (p=34, n=6, P=138, N=29)
2025-03-05 17:51:27,249 - INFO - Regula po iteracji 0: IF motor = {C} THEN class = {1.25} [-0.12, 2.62], (p=34, n=6, P=138, N=29)
2025-03-05 17:51:27,249 - INFO - *****GROWING RR RULE*****
2025-03-05 17:51:27,279 - INFO - Iteracja 0: condition_best: None, quality_best: -inf, coverage_best: (p=0, n=0, P=0, N=0), p_value: 0
2025-03-05 17:51:27,280 - INFO - Regula po iteracji 0: IF  THEN class = {1.39} [-0.17, 2.94], (p=139, n=28, P=139, N=28)
2025-03-05 17:51:27,280 - INFO - *****STOP GROWING RR RULE*****
2025-03-05 17:51:27,280 - INFO - ***RR NOT FOUND***
2025-03-05 17:51:27,281 - INFO - Iteracja 1: condition_best: vgain = {1}, quality_best: 0.022, coverage_best: (p=10, n=2, P=138, N=29)
2025-03-05 17:51:27,281 - INFO - Regula po iteracji 1: IF motor = {C} AND vgain = {1} THEN class = {1.35} [0.01, 2.68], (p=10, n=2, P=138, N=29)
2025-03-05 17:51:27,281 - INFO - *****GROWING RR RULE*****
2025-03-05 17:51:27,309 - INFO - Iteracja 0: condition_best: None, quality_best: -inf, coverage_best: (p=0, n=0, P=0, N=0), p_value: 0
2025-03-05 17:51:27,309 - INFO - Regula po iteracji 0: IF  THEN class = {1.39} [-0.17, 2.94], (p=139, n=28, P=139, N=28)
2025-03-05 17:51:27,310 - INFO - *****STOP GROWING RR RULE*****
2025-03-05 17:51:27,310 - INFO - ***RR NOT FOUND***
2025-03-05 17:51:27,310 - INFO - Iteracja 2: condition_best: None, quality_best: -inf, coverage_best: (p=0, n=0, P=0, N=0)
2025-03-05 17:51:27,310 - INFO - Regula po iteracji 2: IF motor = {C} AND vgain = {1} THEN class = {1.35} [0.01, 2.68], (p=10, n=2, P=138, N=29)
2025-03-05 17:51:27,310 - INFO - *******STOP GROWING CR RULE*******
2025-03-05 17:51:27,311 - INFO - *******GROWING CR RULE*******
2025-03-05 17:51:27,312 - INFO - Iteracja 0: condition_best: pgain = {4}, quality_best: -0.013, coverage_best: (p=33, n=33, P=85, N=82)
2025-03-05 17:51:27,312 - INFO - Regula po iteracji 0: IF pgain = {4} THEN class = {0.67} [0.36, 0.99], (p=33, n=33, P=85, N=82)
2025-03-05 17:51:27,312 - INFO - *****GROWING RR RULE*****
2025-03-05 17:51:27,342 - INFO - Iteracja 0: condition_best: None, quality_best: -inf, coverage_best: (p=0, n=0, P=0, N=0), p_value: 0
2025-03-05 17:51:27,343 - INFO - Regula po iteracji 0: IF  THEN class = {1.39} [-0.17, 2.94], (p=139, n=28, P=139, N=28)
2025-03-05 17:51:27,343 - INFO - *****STOP GROWING RR RULE*****
2025-03-05 17:51:27,343 - INFO - ***RR NOT FOUND***
2025-03-05 17:51:27,344 - INFO - Iteracja 1: condition_best: screw = {A}, quality_best: 0.479, coverage_best: (p=12, n=3, P=40, N=127)
2025-03-05 17:51:27,344 - INFO - Regula po iteracji 1: IF pgain = {4} AND screw = {A} THEN class = {0.88} [0.67, 1.09], (p=12, n=3, P=40, N=127)
2025-03-05 17:51:27,344 - INFO - *****GROWING RR RULE*****
2025-03-05 17:51:27,372 - INFO - Iteracja 0: condition_best: None, quality_best: -inf, coverage_best: (p=0, n=0, P=0, N=0), p_value: 0
2025-03-05 17:51:27,372 - INFO - Regula po iteracji 0: IF  THEN class = {1.39} [-0.17, 2.94], (p=139, n=28, P=139, N=28)
2025-03-05 17:51:27,372 - INFO - *****STOP GROWING RR RULE*****
2025-03-05 17:51:27,372 - INFO - ***RR NOT FOUND***
2025-03-05 17:51:27,373 - INFO - Iteracja 2: condition_best: None, quality_best: -inf, coverage_best: (p=0, n=0, P=0, N=0)
2025-03-05 17:51:27,373 - INFO - Regula po iteracji 2: IF pgain = {4} AND screw = {A} THEN class = {0.88} [0.67, 1.09], (p=12, n=3, P=40, N=127)
2025-03-05 17:51:27,373 - INFO - *******STOP GROWING CR RULE*******
2025-03-05 17:51:27,374 - INFO - *******GROWING CR RULE*******
2025-03-05 17:51:27,375 - INFO - Iteracja 0: condition_best: pgain = {4}, quality_best: -0.013, coverage_best: (p=33, n=33, P=85, N=82)
2025-03-05 17:51:27,375 - INFO - Regula po iteracji 0: IF pgain = {4} THEN class = {0.67} [0.36, 0.99], (p=33, n=33, P=85, N=82)
2025-03-05 17:51:27,375 - INFO - *****GROWING RR RULE*****
2025-03-05 17:51:27,405 - INFO - Iteracja 0: condition_best: None, quality_best: -inf, coverage_best: (p=0, n=0, P=0, N=0), p_value: 0
2025-03-05 17:51:27,405 - INFO - Regula po iteracji 0: IF  THEN class = {1.39} [-0.17, 2.94], (p=139, n=28, P=139, N=28)
2025-03-05 17:51:27,406 - INFO - *****STOP GROWING RR RULE*****
2025-03-05 17:51:27,406 - INFO - ***RR NOT FOUND***
2025-03-05 17:51:27,407 - INFO - Iteracja 1: condition_best: vgain = {1}, quality_best: 0.202, coverage_best: (p=14, n=6, P=90, N=77)
2025-03-05 17:51:27,407 - INFO - Regula po iteracji 1: IF pgain = {4} AND vgain = {1} THEN class = {0.53} [0.24, 0.83], (p=14, n=6, P=90, N=77)
2025-03-05 17:51:27,407 - INFO - *****GROWING RR RULE*****
2025-03-05 17:51:27,436 - INFO - Iteracja 0: condition_best: None, quality_best: -inf, coverage_best: (p=0, n=0, P=0, N=0), p_value: 0
2025-03-05 17:51:27,436 - INFO - Regula po iteracji 0: IF  THEN class = {1.39} [-0.17, 2.94], (p=139, n=28, P=139, N=28)
2025-03-05 17:51:27,436 - INFO - *****STOP GROWING RR RULE*****
2025-03-05 17:51:27,436 - INFO - ***RR NOT FOUND***
2025-03-05 17:51:27,437 - INFO - Iteracja 2: condition_best: None, quality_best: -inf, coverage_best: (p=0, n=0, P=0, N=0)
2025-03-05 17:51:27,437 - INFO - Regula po iteracji 2: IF pgain = {4} AND vgain = {1} THEN class = {0.53} [0.24, 0.83], (p=14, n=6, P=90, N=77)
2025-03-05 17:51:27,437 - INFO - *******STOP GROWING CR RULE*******
2025-03-05 17:51:27,438 - INFO - *******GROWING CR RULE*******
2025-03-05 17:51:27,439 - INFO - Iteracja 0: condition_best: pgain = {4}, quality_best: -0.013, coverage_best: (p=33, n=33, P=85, N=82)
2025-03-05 17:51:27,439 - INFO - Regula po iteracji 0: IF pgain = {4} THEN class = {0.67} [0.36, 0.99], (p=33, n=33, P=85, N=82)
2025-03-05 17:51:27,439 - INFO - *****GROWING RR RULE*****
2025-03-05 17:51:27,469 - INFO - Iteracja 0: condition_best: None, quality_best: -inf, coverage_best: (p=0, n=0, P=0, N=0), p_value: 0
2025-03-05 17:51:27,469 - INFO - Regula po iteracji 0: IF  THEN class = {1.39} [-0.17, 2.94], (p=139, n=28, P=139, N=28)
2025-03-05 17:51:27,469 - INFO - *****STOP GROWING RR RULE*****
2025-03-05 17:51:27,470 - INFO - ***RR NOT FOUND***
2025-03-05 17:51:27,471 - INFO - Iteracja 1: condition_best: vgain = {2}, quality_best: 0.175, coverage_best: (p=13, n=9, P=70, N=97)
2025-03-05 17:51:27,471 - INFO - Regula po iteracji 1: IF pgain = {4} AND vgain = {2} THEN class = {0.52} [0.29, 0.75], (p=13, n=9, P=70, N=97)
2025-03-05 17:51:27,471 - INFO - *****GROWING RR RULE*****
2025-03-05 17:51:27,499 - INFO - Iteracja 0: condition_best: None, quality_best: -inf, coverage_best: (p=0, n=0, P=0, N=0), p_value: 0
2025-03-05 17:51:27,499 - INFO - Regula po iteracji 0: IF  THEN class = {1.39} [-0.17, 2.94], (p=139, n=28, P=139, N=28)
2025-03-05 17:51:27,499 - INFO - *****STOP GROWING RR RULE*****
2025-03-05 17:51:27,499 - INFO - ***RR NOT FOUND***
2025-03-05 17:51:27,500 - INFO - Iteracja 2: condition_best: None, quality_best: -inf, coverage_best: (p=0, n=0, P=0, N=0)
2025-03-05 17:51:27,500 - INFO - Regula po iteracji 2: IF pgain = {4} AND vgain = {2} THEN class = {0.52} [0.29, 0.75], (p=13, n=9, P=70, N=97)
2025-03-05 17:51:27,500 - INFO - *******STOP GROWING CR RULE*******
2025-03-05 17:51:27,501 - INFO - *******GROWING CR RULE*******
2025-03-05 17:51:27,503 - INFO - Iteracja 0: condition_best: pgain = {3}, quality_best: 0.533, coverage_best: (p=31, n=19, P=31, N=136)
2025-03-05 17:51:27,503 - INFO - Regula po iteracji 0: IF pgain = {3} THEN class = {3.22} [1.45, 4.99], (p=31, n=19, P=31, N=136)
2025-03-05 17:51:27,503 - INFO - *****GROWING RR RULE*****
2025-03-05 17:51:27,532 - INFO - Iteracja 0: condition_best: None, quality_best: -inf, coverage_best: (p=0, n=0, P=0, N=0), p_value: 0
2025-03-05 17:51:27,532 - INFO - Regula po iteracji 0: IF  THEN class = {1.39} [-0.17, 2.94], (p=139, n=28, P=139, N=28)
2025-03-05 17:51:27,532 - INFO - *****STOP GROWING RR RULE*****
2025-03-05 17:51:27,533 - INFO - ***RR NOT FOUND***
2025-03-05 17:51:27,533 - INFO - Iteracja 1: condition_best: motor = {B}, quality_best: 0.445, coverage_best: (p=7, n=3, P=20, N=147)
2025-03-05 17:51:27,534 - INFO - Regula po iteracji 1: IF pgain = {3} AND motor = {B} THEN class = {4.42} [3.88, 4.96], (p=7, n=3, P=20, N=147)
2025-03-05 17:51:27,534 - INFO - *****GROWING RR RULE*****
2025-03-05 17:51:27,561 - INFO - Iteracja 0: condition_best: None, quality_best: -inf, coverage_best: (p=0, n=0, P=0, N=0), p_value: 0
2025-03-05 17:51:27,561 - INFO - Regula po iteracji 0: IF  THEN class = {1.39} [-0.17, 2.94], (p=139, n=28, P=139, N=28)
2025-03-05 17:51:27,561 - INFO - *****STOP GROWING RR RULE*****
2025-03-05 17:51:27,561 - INFO - ***RR NOT FOUND***
2025-03-05 17:51:27,562 - INFO - Iteracja 2: condition_best: screw = {E}, quality_best: 0.548, coverage_best: (p=2, n=0, P=21, N=146)
2025-03-05 17:51:27,562 - INFO - Regula po iteracji 2: IF pgain = {3} AND motor = {B} AND screw = {E} THEN class = {4.20} [3.70, 4.70], (p=2, n=0, P=21, N=146)
2025-03-05 17:51:27,562 - INFO - *****GROWING RR RULE*****
2025-03-05 17:51:27,587 - INFO - Iteracja 0: condition_best: None, quality_best: -inf, coverage_best: (p=0, n=0, P=0, N=0), p_value: 0
2025-03-05 17:51:27,587 - INFO - Regula po iteracji 0: IF  THEN class = {1.39} [-0.17, 2.94], (p=139, n=28, P=139, N=28)
2025-03-05 17:51:27,587 - INFO - *****STOP GROWING RR RULE*****
2025-03-05 17:51:27,588 - INFO - ***RR NOT FOUND***
2025-03-05 17:51:27,588 - INFO - Iteracja 3: condition_best: vgain = {1}, quality_best: 1.0, coverage_best: (p=1, n=0, P=1, N=166)
2025-03-05 17:51:27,588 - INFO - Regula po iteracji 3: IF pgain = {3} AND motor = {B} AND screw = {E} AND vgain = {1} THEN class = {3.70} [3.70, 3.70], (p=1, n=0, P=1, N=166)
2025-03-05 17:51:27,588 - INFO - *****GROWING RR RULE*****
2025-03-05 17:51:27,613 - INFO - Iteracja 0: condition_best: None, quality_best: -inf, coverage_best: (p=0, n=0, P=0, N=0), p_value: 0
2025-03-05 17:51:27,613 - INFO - Regula po iteracji 0: IF  THEN class = {1.39} [-0.17, 2.94], (p=139, n=28, P=139, N=28)
2025-03-05 17:51:27,613 - INFO - *****STOP GROWING RR RULE*****
2025-03-05 17:51:27,613 - INFO - ***RR NOT FOUND***
2025-03-05 17:51:27,614 - INFO - Iteracja 4: condition_best: None, quality_best: -inf, coverage_best: (p=0, n=0, P=0, N=0)
2025-03-05 17:51:27,614 - INFO - Regula po iteracji 4: IF pgain = {3} AND motor = {B} AND screw = {E} AND vgain = {1} THEN class = {3.70} [3.70, 3.70], (p=1, n=0, P=1, N=166)
2025-03-05 17:51:27,614 - INFO - *******STOP GROWING CR RULE*******
2025-03-05 17:51:27,619 - INFO - ************************Finished experiment for servo.arff with algorithm3************************
2025-03-05 17:51:27,619 - INFO - *************************************************************************************************************************
2025-03-05 17:51:27,619 - INFO - *************************************************************************************************************************
2025-03-05 17:51:27,619 - INFO - *************************************************************************************************************************
2025-03-05 17:51:27,620 - INFO - **********Starting experiment for servo.arff with algorithm4**********
2025-03-05 17:51:27,625 - INFO - *******GROWING CR RULE*******
2025-03-05 17:51:27,626 - INFO - Iteracja 0: condition_best: pgain = {3}, quality_best: 0.533, coverage_best: (p=31, n=19, P=31, N=136)
2025-03-05 17:51:27,627 - INFO - Regula po iteracji 0: IF pgain = {3} THEN class = {3.22} [1.45, 4.99], (p=31, n=19, P=31, N=136)
2025-03-05 17:51:27,627 - INFO - *****GROWING RR RULE*****
2025-03-05 17:51:27,629 - INFO - Iteracja 0: condition_best: None, quality_best: -inf, coverage_best: (p=0, n=0, P=0, N=0), p_value: 0
2025-03-05 17:51:27,629 - INFO - Regula po iteracji 0: IF  THEN class = {1.39} [-0.17, 2.94], (p=139, n=28, P=139, N=28)
2025-03-05 17:51:27,629 - INFO - *****STOP GROWING RR RULE*****
2025-03-05 17:51:27,629 - INFO - ***RR NOT FOUND***
2025-03-05 17:51:27,630 - INFO - Iteracja 1: condition_best: motor = {B}, quality_best: 0.445, coverage_best: (p=7, n=3, P=20, N=147)
2025-03-05 17:51:27,630 - INFO - Regula po iteracji 1: IF pgain = {3} AND motor = {B} THEN class = {4.42} [3.88, 4.96], (p=7, n=3, P=20, N=147)
2025-03-05 17:51:27,630 - INFO - *****GROWING RR RULE*****
2025-03-05 17:51:27,633 - INFO - Iteracja 0: condition_best: None, quality_best: -inf, coverage_best: (p=0, n=0, P=0, N=0), p_value: 0
2025-03-05 17:51:27,633 - INFO - Regula po iteracji 0: IF  THEN class = {1.39} [-0.17, 2.94], (p=139, n=28, P=139, N=28)
2025-03-05 17:51:27,633 - INFO - *****STOP GROWING RR RULE*****
2025-03-05 17:51:27,633 - INFO - ***RR NOT FOUND***
2025-03-05 17:51:27,634 - INFO - Iteracja 2: condition_best: vgain = {2}, quality_best: 0.342, coverage_best: (p=3, n=2, P=14, N=153)
2025-03-05 17:51:27,634 - INFO - Regula po iteracji 2: IF pgain = {3} AND motor = {B} AND vgain = {2} THEN class = {4.62} [4.14, 5.10], (p=3, n=2, P=14, N=153)
2025-03-05 17:51:27,634 - INFO - *****GROWING RR RULE*****
2025-03-05 17:51:27,636 - INFO - Iteracja 0: condition_best: None, quality_best: -inf, coverage_best: (p=0, n=0, P=0, N=0), p_value: 0
2025-03-05 17:51:27,636 - INFO - Regula po iteracji 0: IF  THEN class = {1.39} [-0.17, 2.94], (p=139, n=28, P=139, N=28)
2025-03-05 17:51:27,636 - INFO - *****STOP GROWING RR RULE*****
2025-03-05 17:51:27,636 - INFO - ***RR NOT FOUND***
2025-03-05 17:51:27,637 - INFO - Iteracja 3: condition_best: None, quality_best: -inf, coverage_best: (p=0, n=0, P=0, N=0)
2025-03-05 17:51:27,637 - INFO - Regula po iteracji 3: IF pgain = {3} AND motor = {B} AND vgain = {2} THEN class = {4.62} [4.14, 5.10], (p=3, n=2, P=14, N=153)
2025-03-05 17:51:27,637 - INFO - *******STOP GROWING CR RULE*******
2025-03-05 17:51:27,638 - INFO - *******GROWING CR RULE*******
2025-03-05 17:51:27,640 - INFO - Iteracja 0: condition_best: vgain = {3}, quality_best: 0.466, coverage_best: (p=20, n=7, P=45, N=122)
2025-03-05 17:51:27,640 - INFO - Regula po iteracji 0: IF vgain = {3} THEN class = {0.90} [0.69, 1.11], (p=20, n=7, P=45, N=122)
2025-03-05 17:51:27,640 - INFO - *****GROWING RR RULE*****
2025-03-05 17:51:27,642 - INFO - Iteracja 0: condition_best: None, quality_best: -inf, coverage_best: (p=0, n=0, P=0, N=0), p_value: 0
2025-03-05 17:51:27,642 - INFO - Regula po iteracji 0: IF  THEN class = {1.39} [-0.17, 2.94], (p=139, n=28, P=139, N=28)
2025-03-05 17:51:27,642 - INFO - *****STOP GROWING RR RULE*****
2025-03-05 17:51:27,642 - INFO - ***RR NOT FOUND***
2025-03-05 17:51:27,643 - INFO - Iteracja 1: condition_best: pgain = {4}, quality_best: 0.498, coverage_best: (p=18, n=6, P=38, N=129)
2025-03-05 17:51:27,643 - INFO - Regula po iteracji 1: IF vgain = {3} AND pgain = {4} THEN class = {0.93} [0.73, 1.13], (p=18, n=6, P=38, N=129)
2025-03-05 17:51:27,644 - INFO - *****GROWING RR RULE*****
2025-03-05 17:51:27,646 - INFO - Iteracja 0: condition_best: None, quality_best: -inf, coverage_best: (p=0, n=0, P=0, N=0), p_value: 0
2025-03-05 17:51:27,646 - INFO - Regula po iteracji 0: IF  THEN class = {1.39} [-0.17, 2.94], (p=139, n=28, P=139, N=28)
2025-03-05 17:51:27,646 - INFO - *****STOP GROWING RR RULE*****
2025-03-05 17:51:27,646 - INFO - ***RR NOT FOUND***
2025-03-05 17:51:27,647 - INFO - Iteracja 2: condition_best: screw = {B}, quality_best: 0.418, coverage_best: (p=4, n=1, P=34, N=133)
2025-03-05 17:51:27,647 - INFO - Regula po iteracji 2: IF vgain = {3} AND pgain = {4} AND screw = {B} THEN class = {0.90} [0.73, 1.06], (p=4, n=1, P=34, N=133)
2025-03-05 17:51:27,647 - INFO - *****GROWING RR RULE*****
2025-03-05 17:51:27,650 - INFO - Iteracja 0: condition_best: None, quality_best: -inf, coverage_best: (p=0, n=0, P=0, N=0), p_value: 0
2025-03-05 17:51:27,650 - INFO - Regula po iteracji 0: IF  THEN class = {1.39} [-0.17, 2.94], (p=139, n=28, P=139, N=28)
2025-03-05 17:51:27,650 - INFO - *****STOP GROWING RR RULE*****
2025-03-05 17:51:27,650 - INFO - ***RR NOT FOUND***
2025-03-05 17:51:27,650 - INFO - Iteracja 3: condition_best: None, quality_best: -inf, coverage_best: (p=0, n=0, P=0, N=0)
2025-03-05 17:51:27,651 - INFO - Regula po iteracji 3: IF vgain = {3} AND pgain = {4} AND screw = {B} THEN class = {0.90} [0.73, 1.06], (p=4, n=1, P=34, N=133)
2025-03-05 17:51:27,651 - INFO - *******STOP GROWING CR RULE*******
2025-03-05 17:51:27,652 - INFO - *******GROWING CR RULE*******
2025-03-05 17:51:27,654 - INFO - Iteracja 0: condition_best: vgain = {4}, quality_best: 0.437, coverage_best: (p=17, n=5, P=54, N=113)
2025-03-05 17:51:27,654 - INFO - Regula po iteracji 0: IF vgain = {4} THEN class = {0.51} [0.38, 0.65], (p=17, n=5, P=54, N=113)
2025-03-05 17:51:27,654 - INFO - *****GROWING RR RULE*****
2025-03-05 17:51:27,656 - INFO - Iteracja 0: condition_best: None, quality_best: -inf, coverage_best: (p=0, n=0, P=0, N=0), p_value: 0
2025-03-05 17:51:27,656 - INFO - Regula po iteracji 0: IF  THEN class = {1.39} [-0.17, 2.94], (p=139, n=28, P=139, N=28)
2025-03-05 17:51:27,656 - INFO - *****STOP GROWING RR RULE*****
2025-03-05 17:51:27,656 - INFO - ***RR NOT FOUND***
2025-03-05 17:51:27,657 - INFO - Iteracja 1: condition_best: pgain = {5}, quality_best: 0.437, coverage_best: (p=17, n=5, P=54, N=113)
2025-03-05 17:51:27,657 - INFO - Regula po iteracji 1: IF vgain = {4} AND pgain = {5} THEN class = {0.51} [0.38, 0.65], (p=17, n=5, P=54, N=113)
2025-03-05 17:51:27,657 - INFO - *****GROWING RR RULE*****
2025-03-05 17:51:27,659 - INFO - Iteracja 0: condition_best: None, quality_best: -inf, coverage_best: (p=0, n=0, P=0, N=0), p_value: 0
2025-03-05 17:51:27,660 - INFO - Regula po iteracji 0: IF  THEN class = {1.39} [-0.17, 2.94], (p=139, n=28, P=139, N=28)
2025-03-05 17:51:27,660 - INFO - *****STOP GROWING RR RULE*****
2025-03-05 17:51:27,660 - INFO - ***RR NOT FOUND***
2025-03-05 17:51:27,661 - INFO - Iteracja 2: condition_best: screw = {A}, quality_best: 0.41, coverage_best: (p=4, n=1, P=38, N=129)
2025-03-05 17:51:27,661 - INFO - Regula po iteracji 2: IF vgain = {4} AND pgain = {5} AND screw = {A} THEN class = {0.68} [0.53, 0.83], (p=4, n=1, P=38, N=129)
2025-03-05 17:51:27,661 - INFO - *****GROWING RR RULE*****
2025-03-05 17:51:27,663 - INFO - Iteracja 0: condition_best: None, quality_best: -inf, coverage_best: (p=0, n=0, P=0, N=0), p_value: 0
2025-03-05 17:51:27,663 - INFO - Regula po iteracji 0: IF  THEN class = {1.39} [-0.17, 2.94], (p=139, n=28, P=139, N=28)
2025-03-05 17:51:27,663 - INFO - *****STOP GROWING RR RULE*****
2025-03-05 17:51:27,663 - INFO - ***RR NOT FOUND***
2025-03-05 17:51:27,664 - INFO - Iteracja 3: condition_best: None, quality_best: -inf, coverage_best: (p=0, n=0, P=0, N=0)
2025-03-05 17:51:27,664 - INFO - Regula po iteracji 3: IF vgain = {4} AND pgain = {5} AND screw = {A} THEN class = {0.68} [0.53, 0.83], (p=4, n=1, P=38, N=129)
2025-03-05 17:51:27,664 - INFO - *******STOP GROWING CR RULE*******
2025-03-05 17:51:27,665 - INFO - *******GROWING CR RULE*******
2025-03-05 17:51:27,666 - INFO - Iteracja 0: condition_best: pgain = {6}, quality_best: 0.436, coverage_best: (p=19, n=6, P=54, N=113)
2025-03-05 17:51:27,666 - INFO - Regula po iteracji 0: IF pgain = {6} THEN class = {0.52} [0.39, 0.64], (p=19, n=6, P=54, N=113)
2025-03-05 17:51:27,667 - INFO - *****GROWING RR RULE*****
2025-03-05 17:51:27,669 - INFO - Iteracja 0: condition_best: None, quality_best: -inf, coverage_best: (p=0, n=0, P=0, N=0), p_value: 0
2025-03-05 17:51:27,669 - INFO - Regula po iteracji 0: IF  THEN class = {1.39} [-0.17, 2.94], (p=139, n=28, P=139, N=28)
2025-03-05 17:51:27,669 - INFO - *****STOP GROWING RR RULE*****
2025-03-05 17:51:27,669 - INFO - ***RR NOT FOUND***
2025-03-05 17:51:27,670 - INFO - Iteracja 1: condition_best: motor = {C}, quality_best: 0.481, coverage_best: (p=7, n=1, P=44, N=123)
2025-03-05 17:51:27,670 - INFO - Regula po iteracji 1: IF pgain = {6} AND motor = {C} THEN class = {0.55} [0.46, 0.64], (p=7, n=1, P=44, N=123)
2025-03-05 17:51:27,670 - INFO - *****GROWING RR RULE*****
2025-03-05 17:51:27,672 - INFO - Iteracja 0: condition_best: None, quality_best: -inf, coverage_best: (p=0, n=0, P=0, N=0), p_value: 0
2025-03-05 17:51:27,673 - INFO - Regula po iteracji 0: IF  THEN class = {1.39} [-0.17, 2.94], (p=139, n=28, P=139, N=28)
2025-03-05 17:51:27,673 - INFO - *****STOP GROWING RR RULE*****
2025-03-05 17:51:27,673 - INFO - ***RR NOT FOUND***
2025-03-05 17:51:27,674 - INFO - Iteracja 2: condition_best: vgain = {5}, quality_best: 0.395, coverage_best: (p=4, n=1, P=45, N=122)
2025-03-05 17:51:27,674 - INFO - Regula po iteracji 2: IF pgain = {6} AND motor = {C} AND vgain = {5} THEN class = {0.55} [0.44, 0.66], (p=4, n=1, P=45, N=122)
2025-03-05 17:51:27,674 - INFO - *****GROWING RR RULE*****
2025-03-05 17:51:27,676 - INFO - Iteracja 0: condition_best: None, quality_best: -inf, coverage_best: (p=0, n=0, P=0, N=0), p_value: 0
2025-03-05 17:51:27,676 - INFO - Regula po iteracji 0: IF  THEN class = {1.39} [-0.17, 2.94], (p=139, n=28, P=139, N=28)
2025-03-05 17:51:27,676 - INFO - *****STOP GROWING RR RULE*****
2025-03-05 17:51:27,676 - INFO - ***RR NOT FOUND***
2025-03-05 17:51:27,677 - INFO - Iteracja 3: condition_best: None, quality_best: -inf, coverage_best: (p=0, n=0, P=0, N=0)
2025-03-05 17:51:27,677 - INFO - Regula po iteracji 3: IF pgain = {6} AND motor = {C} AND vgain = {5} THEN class = {0.55} [0.44, 0.66], (p=4, n=1, P=45, N=122)
2025-03-05 17:51:27,677 - INFO - *******STOP GROWING CR RULE*******
2025-03-05 17:51:27,678 - INFO - *******GROWING CR RULE*******
2025-03-05 17:51:27,680 - INFO - Iteracja 0: condition_best: pgain = {6}, quality_best: 0.436, coverage_best: (p=19, n=6, P=54, N=113)
2025-03-05 17:51:27,680 - INFO - Regula po iteracji 0: IF pgain = {6} THEN class = {0.52} [0.39, 0.64], (p=19, n=6, P=54, N=113)
2025-03-05 17:51:27,680 - INFO - *****GROWING RR RULE*****
2025-03-05 17:51:27,682 - INFO - Iteracja 0: condition_best: None, quality_best: -inf, coverage_best: (p=0, n=0, P=0, N=0), p_value: 0
2025-03-05 17:51:27,682 - INFO - Regula po iteracji 0: IF  THEN class = {1.39} [-0.17, 2.94], (p=139, n=28, P=139, N=28)
2025-03-05 17:51:27,682 - INFO - *****STOP GROWING RR RULE*****
2025-03-05 17:51:27,682 - INFO - ***RR NOT FOUND***
2025-03-05 17:51:27,683 - INFO - Iteracja 1: condition_best: motor = {B}, quality_best: 0.395, coverage_best: (p=4, n=1, P=45, N=122)
2025-03-05 17:51:27,683 - INFO - Regula po iteracji 1: IF pgain = {6} AND motor = {B} THEN class = {0.56} [0.43, 0.69], (p=4, n=1, P=45, N=122)
2025-03-05 17:51:27,684 - INFO - *****GROWING RR RULE*****
2025-03-05 17:51:27,686 - INFO - Iteracja 0: condition_best: None, quality_best: -inf, coverage_best: (p=0, n=0, P=0, N=0), p_value: 0
2025-03-05 17:51:27,686 - INFO - Regula po iteracji 0: IF  THEN class = {1.39} [-0.17, 2.94], (p=139, n=28, P=139, N=28)
2025-03-05 17:51:27,686 - INFO - *****STOP GROWING RR RULE*****
2025-03-05 17:51:27,686 - INFO - ***RR NOT FOUND***
2025-03-05 17:51:27,687 - INFO - Iteracja 2: condition_best: vgain = {5}, quality_best: 0.395, coverage_best: (p=4, n=1, P=45, N=122)
2025-03-05 17:51:27,687 - INFO - Regula po iteracji 2: IF pgain = {6} AND motor = {B} AND vgain = {5} THEN class = {0.56} [0.43, 0.69], (p=4, n=1, P=45, N=122)
2025-03-05 17:51:27,687 - INFO - *****GROWING RR RULE*****
2025-03-05 17:51:27,689 - INFO - Iteracja 0: condition_best: None, quality_best: -inf, coverage_best: (p=0, n=0, P=0, N=0), p_value: 0
2025-03-05 17:51:27,689 - INFO - Regula po iteracji 0: IF  THEN class = {1.39} [-0.17, 2.94], (p=139, n=28, P=139, N=28)
2025-03-05 17:51:27,689 - INFO - *****STOP GROWING RR RULE*****
2025-03-05 17:51:27,689 - INFO - ***RR NOT FOUND***
2025-03-05 17:51:27,690 - INFO - Iteracja 3: condition_best: None, quality_best: -inf, coverage_best: (p=0, n=0, P=0, N=0)
2025-03-05 17:51:27,690 - INFO - Regula po iteracji 3: IF pgain = {6} AND motor = {B} AND vgain = {5} THEN class = {0.56} [0.43, 0.69], (p=4, n=1, P=45, N=122)
2025-03-05 17:51:27,690 - INFO - *******STOP GROWING CR RULE*******
2025-03-05 17:51:27,691 - INFO - *******GROWING CR RULE*******
2025-03-05 17:51:27,692 - INFO - Iteracja 0: condition_best: motor = {E}, quality_best: 0.399, coverage_best: (p=31, n=2, P=138, N=29)
2025-03-05 17:51:27,692 - INFO - Regula po iteracji 0: IF motor = {E} THEN class = {1.14} [-0.40, 2.69], (p=31, n=2, P=138, N=29)
2025-03-05 17:51:27,692 - INFO - *****GROWING RR RULE*****
2025-03-05 17:51:27,695 - INFO - Iteracja 0: condition_best: None, quality_best: -inf, coverage_best: (p=0, n=0, P=0, N=0), p_value: 0
2025-03-05 17:51:27,695 - INFO - Regula po iteracji 0: IF  THEN class = {1.39} [-0.17, 2.94], (p=139, n=28, P=139, N=28)
2025-03-05 17:51:27,695 - INFO - *****STOP GROWING RR RULE*****
2025-03-05 17:51:27,695 - INFO - ***RR NOT FOUND***
2025-03-05 17:51:27,696 - INFO - Iteracja 1: condition_best: vgain = {2}, quality_best: 0.215, coverage_best: (p=9, n=1, P=139, N=28)
2025-03-05 17:51:27,696 - INFO - Regula po iteracji 1: IF motor = {E} AND vgain = {2} THEN class = {1.53} [-0.33, 3.39], (p=9, n=1, P=139, N=28)
2025-03-05 17:51:27,696 - INFO - *****GROWING RR RULE*****
2025-03-05 17:51:27,698 - INFO - Iteracja 0: condition_best: None, quality_best: -inf, coverage_best: (p=0, n=0, P=0, N=0), p_value: 0
2025-03-05 17:51:27,698 - INFO - Regula po iteracji 0: IF  THEN class = {1.39} [-0.17, 2.94], (p=139, n=28, P=139, N=28)
2025-03-05 17:51:27,699 - INFO - *****STOP GROWING RR RULE*****
2025-03-05 17:51:27,699 - INFO - ***RR NOT FOUND***
2025-03-05 17:51:27,699 - INFO - Iteracja 2: condition_best: pgain = {4}, quality_best: 0.096, coverage_best: (p=3, n=2, P=85, N=82)
2025-03-05 17:51:27,699 - INFO - Regula po iteracji 2: IF motor = {E} AND vgain = {2} AND pgain = {4} THEN class = {0.53} [0.25, 0.81], (p=3, n=2, P=85, N=82)
2025-03-05 17:51:27,700 - INFO - *****GROWING RR RULE*****
2025-03-05 17:51:27,702 - INFO - Iteracja 0: condition_best: None, quality_best: -inf, coverage_best: (p=0, n=0, P=0, N=0), p_value: 0
2025-03-05 17:51:27,702 - INFO - Regula po iteracji 0: IF  THEN class = {1.39} [-0.17, 2.94], (p=139, n=28, P=139, N=28)
2025-03-05 17:51:27,702 - INFO - *****STOP GROWING RR RULE*****
2025-03-05 17:51:27,702 - INFO - ***RR NOT FOUND***
2025-03-05 17:51:27,703 - INFO - Iteracja 3: condition_best: None, quality_best: -inf, coverage_best: (p=0, n=0, P=0, N=0)
2025-03-05 17:51:27,703 - INFO - Regula po iteracji 3: IF motor = {E} AND vgain = {2} AND pgain = {4} THEN class = {0.53} [0.25, 0.81], (p=3, n=2, P=85, N=82)
2025-03-05 17:51:27,703 - INFO - *******STOP GROWING CR RULE*******
2025-03-05 17:51:27,703 - INFO - *******GROWING CR RULE*******
2025-03-05 17:51:27,705 - INFO - Iteracja 0: condition_best: screw = {D}, quality_best: 0.153, coverage_best: (p=26, n=4, P=137, N=30)
2025-03-05 17:51:27,705 - INFO - Regula po iteracji 0: IF screw = {D} THEN class = {1.16} [-0.11, 2.43], (p=26, n=4, P=137, N=30)
2025-03-05 17:51:27,705 - INFO - *****GROWING RR RULE*****
2025-03-05 17:51:27,707 - INFO - Iteracja 0: condition_best: None, quality_best: -inf, coverage_best: (p=0, n=0, P=0, N=0), p_value: 0
2025-03-05 17:51:27,707 - INFO - Regula po iteracji 0: IF  THEN class = {1.39} [-0.17, 2.94], (p=139, n=28, P=139, N=28)
2025-03-05 17:51:27,707 - INFO - *****STOP GROWING RR RULE*****
2025-03-05 17:51:27,707 - INFO - ***RR NOT FOUND***
2025-03-05 17:51:27,708 - INFO - Iteracja 1: condition_best: pgain = {4}, quality_best: 0.011, coverage_best: (p=7, n=5, P=96, N=71)
2025-03-05 17:51:27,708 - INFO - Regula po iteracji 1: IF screw = {D} AND pgain = {4} THEN class = {0.55} [0.22, 0.88], (p=7, n=5, P=96, N=71)
2025-03-05 17:51:27,709 - INFO - *****GROWING RR RULE*****
2025-03-05 17:51:27,711 - INFO - Iteracja 0: condition_best: None, quality_best: -inf, coverage_best: (p=0, n=0, P=0, N=0), p_value: 0
2025-03-05 17:51:27,711 - INFO - Regula po iteracji 0: IF  THEN class = {1.39} [-0.17, 2.94], (p=139, n=28, P=139, N=28)
2025-03-05 17:51:27,711 - INFO - *****STOP GROWING RR RULE*****
2025-03-05 17:51:27,711 - INFO - ***RR NOT FOUND***
2025-03-05 17:51:27,712 - INFO - Iteracja 2: condition_best: None, quality_best: -inf, coverage_best: (p=0, n=0, P=0, N=0)
2025-03-05 17:51:27,712 - INFO - Regula po iteracji 2: IF screw = {D} AND pgain = {4} THEN class = {0.55} [0.22, 0.88], (p=7, n=5, P=96, N=71)
2025-03-05 17:51:27,712 - INFO - *******STOP GROWING CR RULE*******
2025-03-05 17:51:27,712 - INFO - *******GROWING CR RULE*******
2025-03-05 17:51:27,714 - INFO - Iteracja 0: condition_best: motor = {C}, quality_best: 0.085, coverage_best: (p=34, n=6, P=138, N=29)
2025-03-05 17:51:27,714 - INFO - Regula po iteracji 0: IF motor = {C} THEN class = {1.25} [-0.12, 2.62], (p=34, n=6, P=138, N=29)
2025-03-05 17:51:27,714 - INFO - *****GROWING RR RULE*****
2025-03-05 17:51:27,716 - INFO - Iteracja 0: condition_best: None, quality_best: -inf, coverage_best: (p=0, n=0, P=0, N=0), p_value: 0
2025-03-05 17:51:27,716 - INFO - Regula po iteracji 0: IF  THEN class = {1.39} [-0.17, 2.94], (p=139, n=28, P=139, N=28)
2025-03-05 17:51:27,716 - INFO - *****STOP GROWING RR RULE*****
2025-03-05 17:51:27,716 - INFO - ***RR NOT FOUND***
2025-03-05 17:51:27,717 - INFO - Iteracja 1: condition_best: vgain = {1}, quality_best: 0.022, coverage_best: (p=10, n=2, P=138, N=29)
2025-03-05 17:51:27,717 - INFO - Regula po iteracji 1: IF motor = {C} AND vgain = {1} THEN class = {1.35} [0.01, 2.68], (p=10, n=2, P=138, N=29)
2025-03-05 17:51:27,718 - INFO - *****GROWING RR RULE*****
2025-03-05 17:51:27,720 - INFO - Iteracja 0: condition_best: None, quality_best: -inf, coverage_best: (p=0, n=0, P=0, N=0), p_value: 0
2025-03-05 17:51:27,720 - INFO - Regula po iteracji 0: IF  THEN class = {1.39} [-0.17, 2.94], (p=139, n=28, P=139, N=28)
2025-03-05 17:51:27,720 - INFO - *****STOP GROWING RR RULE*****
2025-03-05 17:51:27,720 - INFO - ***RR NOT FOUND***
2025-03-05 17:51:27,721 - INFO - Iteracja 2: condition_best: None, quality_best: -inf, coverage_best: (p=0, n=0, P=0, N=0)
2025-03-05 17:51:27,721 - INFO - Regula po iteracji 2: IF motor = {C} AND vgain = {1} THEN class = {1.35} [0.01, 2.68], (p=10, n=2, P=138, N=29)
2025-03-05 17:51:27,721 - INFO - *******STOP GROWING CR RULE*******
2025-03-05 17:51:27,721 - INFO - *******GROWING CR RULE*******
2025-03-05 17:51:27,723 - INFO - Iteracja 0: condition_best: pgain = {4}, quality_best: -0.013, coverage_best: (p=33, n=33, P=85, N=82)
2025-03-05 17:51:27,723 - INFO - Regula po iteracji 0: IF pgain = {4} THEN class = {0.67} [0.36, 0.99], (p=33, n=33, P=85, N=82)
2025-03-05 17:51:27,723 - INFO - *****GROWING RR RULE*****
2025-03-05 17:51:27,725 - INFO - Iteracja 0: condition_best: None, quality_best: -inf, coverage_best: (p=0, n=0, P=0, N=0), p_value: 0
2025-03-05 17:51:27,725 - INFO - Regula po iteracji 0: IF  THEN class = {1.39} [-0.17, 2.94], (p=139, n=28, P=139, N=28)
2025-03-05 17:51:27,725 - INFO - *****STOP GROWING RR RULE*****
2025-03-05 17:51:27,725 - INFO - ***RR NOT FOUND***
2025-03-05 17:51:27,726 - INFO - Iteracja 1: condition_best: screw = {A}, quality_best: 0.479, coverage_best: (p=12, n=3, P=40, N=127)
2025-03-05 17:51:27,726 - INFO - Regula po iteracji 1: IF pgain = {4} AND screw = {A} THEN class = {0.88} [0.67, 1.09], (p=12, n=3, P=40, N=127)
2025-03-05 17:51:27,727 - INFO - *****GROWING RR RULE*****
2025-03-05 17:51:27,729 - INFO - Iteracja 0: condition_best: None, quality_best: -inf, coverage_best: (p=0, n=0, P=0, N=0), p_value: 0
2025-03-05 17:51:27,729 - INFO - Regula po iteracji 0: IF  THEN class = {1.39} [-0.17, 2.94], (p=139, n=28, P=139, N=28)
2025-03-05 17:51:27,729 - INFO - *****STOP GROWING RR RULE*****
2025-03-05 17:51:27,729 - INFO - ***RR NOT FOUND***
2025-03-05 17:51:27,730 - INFO - Iteracja 2: condition_best: None, quality_best: -inf, coverage_best: (p=0, n=0, P=0, N=0)
2025-03-05 17:51:27,730 - INFO - Regula po iteracji 2: IF pgain = {4} AND screw = {A} THEN class = {0.88} [0.67, 1.09], (p=12, n=3, P=40, N=127)
2025-03-05 17:51:27,730 - INFO - *******STOP GROWING CR RULE*******
2025-03-05 17:51:27,731 - INFO - *******GROWING CR RULE*******
2025-03-05 17:51:27,732 - INFO - Iteracja 0: condition_best: pgain = {4}, quality_best: -0.013, coverage_best: (p=33, n=33, P=85, N=82)
2025-03-05 17:51:27,732 - INFO - Regula po iteracji 0: IF pgain = {4} THEN class = {0.67} [0.36, 0.99], (p=33, n=33, P=85, N=82)
2025-03-05 17:51:27,732 - INFO - *****GROWING RR RULE*****
2025-03-05 17:51:27,735 - INFO - Iteracja 0: condition_best: None, quality_best: -inf, coverage_best: (p=0, n=0, P=0, N=0), p_value: 0
2025-03-05 17:51:27,735 - INFO - Regula po iteracji 0: IF  THEN class = {1.39} [-0.17, 2.94], (p=139, n=28, P=139, N=28)
2025-03-05 17:51:27,735 - INFO - *****STOP GROWING RR RULE*****
2025-03-05 17:51:27,735 - INFO - ***RR NOT FOUND***
2025-03-05 17:51:27,736 - INFO - Iteracja 1: condition_best: vgain = {1}, quality_best: 0.202, coverage_best: (p=14, n=6, P=90, N=77)
2025-03-05 17:51:27,736 - INFO - Regula po iteracji 1: IF pgain = {4} AND vgain = {1} THEN class = {0.53} [0.24, 0.83], (p=14, n=6, P=90, N=77)
2025-03-05 17:51:27,736 - INFO - *****GROWING RR RULE*****
2025-03-05 17:51:27,738 - INFO - Iteracja 0: condition_best: None, quality_best: -inf, coverage_best: (p=0, n=0, P=0, N=0), p_value: 0
2025-03-05 17:51:27,738 - INFO - Regula po iteracji 0: IF  THEN class = {1.39} [-0.17, 2.94], (p=139, n=28, P=139, N=28)
2025-03-05 17:51:27,738 - INFO - *****STOP GROWING RR RULE*****
2025-03-05 17:51:27,739 - INFO - ***RR NOT FOUND***
2025-03-05 17:51:27,739 - INFO - Iteracja 2: condition_best: None, quality_best: -inf, coverage_best: (p=0, n=0, P=0, N=0)
2025-03-05 17:51:27,739 - INFO - Regula po iteracji 2: IF pgain = {4} AND vgain = {1} THEN class = {0.53} [0.24, 0.83], (p=14, n=6, P=90, N=77)
2025-03-05 17:51:27,739 - INFO - *******STOP GROWING CR RULE*******
2025-03-05 17:51:27,740 - INFO - *******GROWING CR RULE*******
2025-03-05 17:51:27,742 - INFO - Iteracja 0: condition_best: pgain = {4}, quality_best: -0.013, coverage_best: (p=33, n=33, P=85, N=82)
2025-03-05 17:51:27,742 - INFO - Regula po iteracji 0: IF pgain = {4} THEN class = {0.67} [0.36, 0.99], (p=33, n=33, P=85, N=82)
2025-03-05 17:51:27,742 - INFO - *****GROWING RR RULE*****
2025-03-05 17:51:27,744 - INFO - Iteracja 0: condition_best: None, quality_best: -inf, coverage_best: (p=0, n=0, P=0, N=0), p_value: 0
2025-03-05 17:51:27,744 - INFO - Regula po iteracji 0: IF  THEN class = {1.39} [-0.17, 2.94], (p=139, n=28, P=139, N=28)
2025-03-05 17:51:27,744 - INFO - *****STOP GROWING RR RULE*****
2025-03-05 17:51:27,744 - INFO - ***RR NOT FOUND***
2025-03-05 17:51:27,745 - INFO - Iteracja 1: condition_best: vgain = {2}, quality_best: 0.175, coverage_best: (p=13, n=9, P=70, N=97)
2025-03-05 17:51:27,745 - INFO - Regula po iteracji 1: IF pgain = {4} AND vgain = {2} THEN class = {0.52} [0.29, 0.75], (p=13, n=9, P=70, N=97)
2025-03-05 17:51:27,746 - INFO - *****GROWING RR RULE*****
2025-03-05 17:51:27,748 - INFO - Iteracja 0: condition_best: None, quality_best: -inf, coverage_best: (p=0, n=0, P=0, N=0), p_value: 0
2025-03-05 17:51:27,748 - INFO - Regula po iteracji 0: IF  THEN class = {1.39} [-0.17, 2.94], (p=139, n=28, P=139, N=28)
2025-03-05 17:51:27,748 - INFO - *****STOP GROWING RR RULE*****
2025-03-05 17:51:27,748 - INFO - ***RR NOT FOUND***
2025-03-05 17:51:27,749 - INFO - Iteracja 2: condition_best: None, quality_best: -inf, coverage_best: (p=0, n=0, P=0, N=0)
2025-03-05 17:51:27,749 - INFO - Regula po iteracji 2: IF pgain = {4} AND vgain = {2} THEN class = {0.52} [0.29, 0.75], (p=13, n=9, P=70, N=97)
2025-03-05 17:51:27,749 - INFO - *******STOP GROWING CR RULE*******
2025-03-05 17:51:27,750 - INFO - *******GROWING CR RULE*******
2025-03-05 17:51:27,751 - INFO - Iteracja 0: condition_best: pgain = {3}, quality_best: 0.533, coverage_best: (p=31, n=19, P=31, N=136)
2025-03-05 17:51:27,751 - INFO - Regula po iteracji 0: IF pgain = {3} THEN class = {3.22} [1.45, 4.99], (p=31, n=19, P=31, N=136)
2025-03-05 17:51:27,751 - INFO - *****GROWING RR RULE*****
2025-03-05 17:51:27,754 - INFO - Iteracja 0: condition_best: None, quality_best: -inf, coverage_best: (p=0, n=0, P=0, N=0), p_value: 0
2025-03-05 17:51:27,754 - INFO - Regula po iteracji 0: IF  THEN class = {1.39} [-0.17, 2.94], (p=139, n=28, P=139, N=28)
2025-03-05 17:51:27,754 - INFO - *****STOP GROWING RR RULE*****
2025-03-05 17:51:27,754 - INFO - ***RR NOT FOUND***
2025-03-05 17:51:27,755 - INFO - Iteracja 1: condition_best: motor = {B}, quality_best: 0.445, coverage_best: (p=7, n=3, P=20, N=147)
2025-03-05 17:51:27,755 - INFO - Regula po iteracji 1: IF pgain = {3} AND motor = {B} THEN class = {4.42} [3.88, 4.96], (p=7, n=3, P=20, N=147)
2025-03-05 17:51:27,755 - INFO - *****GROWING RR RULE*****
2025-03-05 17:51:27,757 - INFO - Iteracja 0: condition_best: None, quality_best: -inf, coverage_best: (p=0, n=0, P=0, N=0), p_value: 0
2025-03-05 17:51:27,757 - INFO - Regula po iteracji 0: IF  THEN class = {1.39} [-0.17, 2.94], (p=139, n=28, P=139, N=28)
2025-03-05 17:51:27,757 - INFO - *****STOP GROWING RR RULE*****
2025-03-05 17:51:27,757 - INFO - ***RR NOT FOUND***
2025-03-05 17:51:27,758 - INFO - Iteracja 2: condition_best: screw = {E}, quality_best: 0.548, coverage_best: (p=2, n=0, P=21, N=146)
2025-03-05 17:51:27,758 - INFO - Regula po iteracji 2: IF pgain = {3} AND motor = {B} AND screw = {E} THEN class = {4.20} [3.70, 4.70], (p=2, n=0, P=21, N=146)
2025-03-05 17:51:27,758 - INFO - *****GROWING RR RULE*****
2025-03-05 17:51:27,761 - INFO - Iteracja 0: condition_best: None, quality_best: -inf, coverage_best: (p=0, n=0, P=0, N=0), p_value: 0
2025-03-05 17:51:27,761 - INFO - Regula po iteracji 0: IF  THEN class = {1.39} [-0.17, 2.94], (p=139, n=28, P=139, N=28)
2025-03-05 17:51:27,761 - INFO - *****STOP GROWING RR RULE*****
2025-03-05 17:51:27,761 - INFO - ***RR NOT FOUND***
2025-03-05 17:51:27,761 - INFO - Iteracja 3: condition_best: vgain = {1}, quality_best: 1.0, coverage_best: (p=1, n=0, P=1, N=166)
2025-03-05 17:51:27,762 - INFO - Regula po iteracji 3: IF pgain = {3} AND motor = {B} AND screw = {E} AND vgain = {1} THEN class = {3.70} [3.70, 3.70], (p=1, n=0, P=1, N=166)
2025-03-05 17:51:27,762 - INFO - *****GROWING RR RULE*****
2025-03-05 17:51:27,764 - INFO - Iteracja 0: condition_best: None, quality_best: -inf, coverage_best: (p=0, n=0, P=0, N=0), p_value: 0
2025-03-05 17:51:27,764 - INFO - Regula po iteracji 0: IF  THEN class = {1.39} [-0.17, 2.94], (p=139, n=28, P=139, N=28)
2025-03-05 17:51:27,764 - INFO - *****STOP GROWING RR RULE*****
2025-03-05 17:51:27,764 - INFO - ***RR NOT FOUND***
2025-03-05 17:51:27,765 - INFO - Iteracja 4: condition_best: None, quality_best: -inf, coverage_best: (p=0, n=0, P=0, N=0)
2025-03-05 17:51:27,765 - INFO - Regula po iteracji 4: IF pgain = {3} AND motor = {B} AND screw = {E} AND vgain = {1} THEN class = {3.70} [3.70, 3.70], (p=1, n=0, P=1, N=166)
2025-03-05 17:51:27,765 - INFO - *******STOP GROWING CR RULE*******
2025-03-05 17:51:27,769 - INFO - ************************Finished experiment for servo.arff with algorithm4************************
2025-03-05 17:51:27,770 - INFO - *************************************************************************************************************************
2025-03-05 17:51:27,770 - INFO - *************************************************************************************************************************
2025-03-05 17:51:27,770 - INFO - *************************************************************************************************************************
