2025-03-05 12:34:23,638 - INFO - **********Starting experiment for 15_whas500.arff with algorithm3**********
2025-03-05 12:34:23,645 - INFO - *******GROWING CR RULE*******
2025-03-05 12:34:31,622 - INFO - Iteracja 0: condition_best: age <= 88.50, quality_best: 1.0, coverage_best: (p=464, n=0, P=500, N=0)
2025-03-05 12:34:31,629 - INFO - Regula po iteracji 0: IF age <= 88.50 THEN survival_status = {nan}, (p=464, n=0, P=500, N=0)
2025-03-05 12:34:31,629 - INFO - *****GROWING RR RULE*****
2025-03-05 12:34:53,929 - INFO - Iteracja 0: condition_best: None, quality_best: -inf, coverage_best: (p=0, n=0, P=0, N=0), p_value: 0
2025-03-05 12:34:53,934 - INFO - Regula po iteracji 0: IF  THEN survival_status = {nan}, (p=500, n=0, P=500, N=0)
2025-03-05 12:34:53,934 - INFO - *****STOP GROWING RR RULE*****
2025-03-05 12:34:53,934 - INFO - ***RR NOT FOUND***
2025-03-05 12:35:01,639 - INFO - Iteracja 1: condition_best: hr <= 173.00, quality_best: 1.0, coverage_best: (p=463, n=0, P=500, N=0)
2025-03-05 12:35:01,646 - INFO - Regula po iteracji 1: IF age <= 88.50 AND hr <= 173.00 THEN survival_status = {2160.0}, (p=463, n=0, P=500, N=0)
2025-03-05 12:35:01,646 - INFO - *****GROWING RR RULE*****
2025-03-05 12:35:23,949 - INFO - Iteracja 0: condition_best: None, quality_best: -inf, coverage_best: (p=0, n=0, P=0, N=0), p_value: 0
2025-03-05 12:35:23,954 - INFO - Regula po iteracji 0: IF  THEN survival_status = {nan}, (p=500, n=0, P=500, N=0)
2025-03-05 12:35:23,954 - INFO - *****STOP GROWING RR RULE*****
2025-03-05 12:35:23,954 - INFO - ***RR NOT FOUND***
2025-03-05 12:35:31,711 - INFO - Iteracja 2: condition_best: sysbp <= 242.00, quality_best: 1.0, coverage_best: (p=462, n=0, P=500, N=0)
2025-03-05 12:35:31,718 - INFO - Regula po iteracji 2: IF age <= 88.50 AND hr <= 173.00 AND sysbp <= 242.00 THEN survival_status = {2160.0}, (p=462, n=0, P=500, N=0)
2025-03-05 12:35:31,718 - INFO - *****GROWING RR RULE*****
2025-03-05 12:35:54,016 - INFO - Iteracja 0: condition_best: None, quality_best: -inf, coverage_best: (p=0, n=0, P=0, N=0), p_value: 0
2025-03-05 12:35:54,021 - INFO - Regula po iteracji 0: IF  THEN survival_status = {nan}, (p=500, n=0, P=500, N=0)
2025-03-05 12:35:54,021 - INFO - *****STOP GROWING RR RULE*****
2025-03-05 12:35:54,021 - INFO - ***RR NOT FOUND***
2025-03-05 12:36:01,817 - INFO - Iteracja 3: condition_best: sysbp <= 237.00, quality_best: 1.0, coverage_best: (p=461, n=0, P=500, N=0)
2025-03-05 12:36:01,824 - INFO - Regula po iteracji 3: IF age <= 88.50 AND hr <= 173.00 AND sysbp <= 242.00 AND sysbp <= 237.00 THEN survival_status = {2160.0}, (p=461, n=0, P=500, N=0)
2025-03-05 12:36:01,824 - INFO - *****GROWING RR RULE*****
2025-03-05 12:36:24,045 - INFO - Iteracja 0: condition_best: None, quality_best: -inf, coverage_best: (p=0, n=0, P=0, N=0), p_value: 0
2025-03-05 12:36:24,050 - INFO - Regula po iteracji 0: IF  THEN survival_status = {nan}, (p=500, n=0, P=500, N=0)
2025-03-05 12:36:24,050 - INFO - *****STOP GROWING RR RULE*****
2025-03-05 12:36:24,050 - INFO - ***RR NOT FOUND***
2025-03-05 12:36:31,879 - INFO - Iteracja 4: condition_best: sysbp >= 60.00, quality_best: 1.0, coverage_best: (p=460, n=0, P=500, N=0)
2025-03-05 12:36:31,886 - INFO - Regula po iteracji 4: IF age <= 88.50 AND hr <= 173.00 AND sysbp <= 242.00 AND sysbp <= 237.00 AND sysbp >= 60.00 THEN survival_status = {2160.0}, (p=460, n=0, P=500, N=0)
2025-03-05 12:36:31,886 - INFO - *****GROWING RR RULE*****
2025-03-05 12:36:54,072 - INFO - Iteracja 0: condition_best: None, quality_best: -inf, coverage_best: (p=0, n=0, P=0, N=0), p_value: 0
2025-03-05 12:36:54,077 - INFO - Regula po iteracji 0: IF  THEN survival_status = {nan}, (p=500, n=0, P=500, N=0)
2025-03-05 12:36:54,077 - INFO - *****STOP GROWING RR RULE*****
2025-03-05 12:36:54,077 - INFO - ***RR NOT FOUND***
2025-03-05 12:36:54,077 - INFO - *******STOP GROWING CR RULE*******
2025-03-05 12:36:54,084 - INFO - *******GROWING CR RULE*******
2025-03-05 12:36:59,340 - INFO - Iteracja 0: condition_best: chf <= 0.50, quality_best: 1.0, coverage_best: (p=345, n=0, P=500, N=0)
2025-03-05 12:36:59,348 - INFO - Regula po iteracji 0: IF chf <= 0.50 THEN survival_status = {nan}, (p=345, n=0, P=500, N=0)
2025-03-05 12:36:59,348 - INFO - *****GROWING RR RULE*****
2025-03-05 12:37:20,121 - INFO - Iteracja 0: condition_best: hr <= 71.50, quality_best: 1.0, coverage_best: (p=141, n=0, P=500, N=0), p_value: 0.997
2025-03-05 12:37:20,128 - INFO - Regula po iteracji 0: IF hr <= 71.50 THEN survival_status = {nan}, (p=141, n=0, P=500, N=0)
2025-03-05 12:37:28,276 - INFO - Iteracja 1: condition_best: None, quality_best: -inf, coverage_best: (p=0, n=0, P=0, N=0), p_value: 0.997
2025-03-05 12:37:28,282 - INFO - Regula po iteracji 1: IF hr <= 71.50 THEN survival_status = {inf}, (p=141, n=0, P=500, N=0)
2025-03-05 12:37:28,282 - INFO - *****STOP GROWING RR RULE*****
2025-03-05 12:37:28,282 - INFO - ***RR FOUND***
2025-03-05 12:37:28,282 - INFO - Reference rule: IF hr <= 71.50 THEN survival_status = {inf}
2025-03-05 12:37:28,282 - INFO - ***CHECKING EXCEPTION***
2025-03-05 12:37:28,286 - INFO - ER vs CR p_value: 0.028736678800473925
2025-03-05 12:37:28,286 - INFO - ER vs RR p_value: 0.04919438022799105
2025-03-05 12:37:28,306 - INFO - ***ER FOUND***
2025-03-05 12:37:28,306 - INFO - Exception rule: IF chf <= 0.50 AND hr <= 71.50 THEN survival_status = {inf} (p=111, n=0, P=500, N=0)
2025-03-05 12:37:28,306 - INFO - *******STOP GROWING CR RULE*******
2025-03-05 12:37:28,312 - INFO - *******GROWING CR RULE*******
2025-03-05 12:37:33,501 - INFO - Iteracja 0: condition_best: age >= 64.50, quality_best: 1.0, coverage_best: (p=328, n=0, P=500, N=0)
2025-03-05 12:37:33,507 - INFO - Regula po iteracji 0: IF age >= 64.50 THEN survival_status = {nan}, (p=328, n=0, P=500, N=0)
2025-03-05 12:37:33,507 - INFO - *****GROWING RR RULE*****
2025-03-05 12:37:53,568 - INFO - Iteracja 0: condition_best: bmi <= 25.40, quality_best: 1.0, coverage_best: (p=214, n=0, P=500, N=0), p_value: 0.991
2025-03-05 12:37:53,575 - INFO - Regula po iteracji 0: IF bmi <= 25.40 THEN survival_status = {nan}, (p=214, n=0, P=500, N=0)
2025-03-05 12:38:04,600 - INFO - Iteracja 1: condition_best: hr >= 52.50, quality_best: 1.0, coverage_best: (p=205, n=0, P=500, N=0), p_value: 0.996
2025-03-05 12:38:04,607 - INFO - Regula po iteracji 1: IF bmi <= 25.40 AND hr >= 52.50 THEN survival_status = {849.0}, (p=205, n=0, P=500, N=0)
2025-03-05 12:38:15,382 - INFO - Iteracja 2: condition_best: sysbp <= 216.50, quality_best: 1.0, coverage_best: (p=203, n=0, P=500, N=0), p_value: 0.998
2025-03-05 12:38:15,388 - INFO - Regula po iteracji 2: IF bmi <= 25.40 AND hr >= 52.50 AND sysbp <= 216.50 THEN survival_status = {718.0}, (p=203, n=0, P=500, N=0)
2025-03-05 12:38:26,094 - INFO - Iteracja 3: condition_best: None, quality_best: -inf, coverage_best: (p=0, n=0, P=0, N=0), p_value: 0.998
2025-03-05 12:38:26,100 - INFO - Regula po iteracji 3: IF bmi <= 25.40 AND hr >= 52.50 AND sysbp <= 216.50 THEN survival_status = {718.0}, (p=203, n=0, P=500, N=0)
2025-03-05 12:38:26,100 - INFO - *****STOP GROWING RR RULE*****
2025-03-05 12:38:26,100 - INFO - ***RR FOUND***
2025-03-05 12:38:26,100 - INFO - Reference rule: IF bmi <= 25.40 THEN survival_status = {718.0}
2025-03-05 12:38:26,100 - INFO - ***CHECKING EXCEPTION***
2025-03-05 12:38:26,104 - INFO - ER vs CR p_value: 0.022503515195201218
2025-03-05 12:38:26,104 - INFO - ER vs RR p_value: 0.046895069425836544
2025-03-05 12:38:26,125 - INFO - ***ER FOUND***
2025-03-05 12:38:26,125 - INFO - Exception rule: IF age >= 64.50 AND bmi <= 25.40 THEN survival_status = {406.0} (p=168, n=0, P=500, N=0)
2025-03-05 12:38:26,125 - INFO - *******STOP GROWING CR RULE*******
2025-03-05 12:38:26,131 - INFO - *******GROWING CR RULE*******
2025-03-05 12:38:31,142 - INFO - Iteracja 0: condition_best: age <= 88.50, quality_best: 1.0, coverage_best: (p=464, n=0, P=500, N=0)
2025-03-05 12:38:31,149 - INFO - Regula po iteracji 0: IF age <= 88.50 THEN survival_status = {nan}, (p=464, n=0, P=500, N=0)
2025-03-05 12:38:31,149 - INFO - *****GROWING RR RULE*****
2025-03-05 12:38:53,205 - INFO - Iteracja 0: condition_best: None, quality_best: -inf, coverage_best: (p=0, n=0, P=0, N=0), p_value: 0
2025-03-05 12:38:53,210 - INFO - Regula po iteracji 0: IF  THEN survival_status = {nan}, (p=500, n=0, P=500, N=0)
2025-03-05 12:38:53,210 - INFO - *****STOP GROWING RR RULE*****
2025-03-05 12:38:53,210 - INFO - ***RR NOT FOUND***
2025-03-05 12:38:58,225 - INFO - Iteracja 1: condition_best: hr <= 173.00, quality_best: 1.0, coverage_best: (p=463, n=0, P=500, N=0)
2025-03-05 12:38:58,231 - INFO - Regula po iteracji 1: IF age <= 88.50 AND hr <= 173.00 THEN survival_status = {2160.0}, (p=463, n=0, P=500, N=0)
2025-03-05 12:38:58,231 - INFO - *****GROWING RR RULE*****
2025-03-05 12:39:20,361 - INFO - Iteracja 0: condition_best: None, quality_best: -inf, coverage_best: (p=0, n=0, P=0, N=0), p_value: 0
2025-03-05 12:39:20,366 - INFO - Regula po iteracji 0: IF  THEN survival_status = {nan}, (p=500, n=0, P=500, N=0)
2025-03-05 12:39:20,366 - INFO - *****STOP GROWING RR RULE*****
2025-03-05 12:39:20,366 - INFO - ***RR NOT FOUND***
2025-03-05 12:39:25,420 - INFO - Iteracja 2: condition_best: sysbp <= 242.00, quality_best: 1.0, coverage_best: (p=462, n=0, P=500, N=0)
2025-03-05 12:39:25,427 - INFO - Regula po iteracji 2: IF age <= 88.50 AND hr <= 173.00 AND sysbp <= 242.00 THEN survival_status = {2160.0}, (p=462, n=0, P=500, N=0)
2025-03-05 12:39:25,427 - INFO - *****GROWING RR RULE*****
2025-03-05 12:39:47,544 - INFO - Iteracja 0: condition_best: None, quality_best: -inf, coverage_best: (p=0, n=0, P=0, N=0), p_value: 0
2025-03-05 12:39:47,549 - INFO - Regula po iteracji 0: IF  THEN survival_status = {nan}, (p=500, n=0, P=500, N=0)
2025-03-05 12:39:47,549 - INFO - *****STOP GROWING RR RULE*****
2025-03-05 12:39:47,549 - INFO - ***RR NOT FOUND***
2025-03-05 12:39:52,662 - INFO - Iteracja 3: condition_best: sysbp <= 237.00, quality_best: 1.0, coverage_best: (p=461, n=0, P=500, N=0)
2025-03-05 12:39:52,669 - INFO - Regula po iteracji 3: IF age <= 88.50 AND hr <= 173.00 AND sysbp <= 242.00 AND sysbp <= 237.00 THEN survival_status = {2160.0}, (p=461, n=0, P=500, N=0)
2025-03-05 12:39:52,669 - INFO - *****GROWING RR RULE*****
2025-03-05 12:40:14,788 - INFO - Iteracja 0: condition_best: None, quality_best: -inf, coverage_best: (p=0, n=0, P=0, N=0), p_value: 0
2025-03-05 12:40:14,793 - INFO - Regula po iteracji 0: IF  THEN survival_status = {nan}, (p=500, n=0, P=500, N=0)
2025-03-05 12:40:14,793 - INFO - *****STOP GROWING RR RULE*****
2025-03-05 12:40:14,793 - INFO - ***RR NOT FOUND***
2025-03-05 12:40:19,979 - INFO - Iteracja 4: condition_best: sysbp >= 60.00, quality_best: 1.0, coverage_best: (p=460, n=0, P=500, N=0)
2025-03-05 12:40:19,986 - INFO - Regula po iteracji 4: IF age <= 88.50 AND hr <= 173.00 AND sysbp <= 242.00 AND sysbp <= 237.00 AND sysbp >= 60.00 THEN survival_status = {2160.0}, (p=460, n=0, P=500, N=0)
2025-03-05 12:40:19,986 - INFO - *****GROWING RR RULE*****
2025-03-05 12:40:42,052 - INFO - Iteracja 0: condition_best: None, quality_best: -inf, coverage_best: (p=0, n=0, P=0, N=0), p_value: 0
2025-03-05 12:40:42,056 - INFO - Regula po iteracji 0: IF  THEN survival_status = {nan}, (p=500, n=0, P=500, N=0)
2025-03-05 12:40:42,056 - INFO - *****STOP GROWING RR RULE*****
2025-03-05 12:40:42,056 - INFO - ***RR NOT FOUND***
2025-03-05 12:40:42,056 - INFO - *******STOP GROWING CR RULE*******
2025-03-05 12:40:42,330 - INFO - ************************Finished experiment for 15_whas500.arff with algorithm3************************
2025-03-05 12:40:42,330 - INFO - *************************************************************************************************************************
2025-03-05 12:40:42,330 - INFO - *************************************************************************************************************************
2025-03-05 12:40:42,330 - INFO - *************************************************************************************************************************
2025-03-05 12:40:42,331 - INFO - **********Starting experiment for 15_whas500.arff with algorithm4**********
2025-03-05 12:40:42,338 - INFO - *******GROWING CR RULE*******
2025-03-05 12:40:50,310 - INFO - Iteracja 0: condition_best: age <= 88.50, quality_best: 1.0, coverage_best: (p=464, n=0, P=500, N=0)
2025-03-05 12:40:50,317 - INFO - Regula po iteracji 0: IF age <= 88.50 THEN survival_status = {nan}, (p=464, n=0, P=500, N=0)
2025-03-05 12:40:50,317 - INFO - *****GROWING RR RULE*****
2025-03-05 12:41:20,027 - INFO - Iteracja 0: condition_best: None, quality_best: -inf, coverage_best: (p=0, n=0, P=0, N=0), p_value: 0
2025-03-05 12:41:20,031 - INFO - Regula po iteracji 0: IF  THEN survival_status = {nan}, (p=500, n=0, P=500, N=0)
2025-03-05 12:41:20,031 - INFO - *****STOP GROWING RR RULE*****
2025-03-05 12:41:20,031 - INFO - ***RR NOT FOUND***
2025-03-05 12:41:27,757 - INFO - Iteracja 1: condition_best: hr <= 173.00, quality_best: 1.0, coverage_best: (p=463, n=0, P=500, N=0)
2025-03-05 12:41:27,764 - INFO - Regula po iteracji 1: IF age <= 88.50 AND hr <= 173.00 THEN survival_status = {2160.0}, (p=463, n=0, P=500, N=0)
2025-03-05 12:41:27,764 - INFO - *****GROWING RR RULE*****
2025-03-05 12:41:57,432 - INFO - Iteracja 0: condition_best: None, quality_best: -inf, coverage_best: (p=0, n=0, P=0, N=0), p_value: 0
2025-03-05 12:41:57,436 - INFO - Regula po iteracji 0: IF  THEN survival_status = {nan}, (p=500, n=0, P=500, N=0)
2025-03-05 12:41:57,436 - INFO - *****STOP GROWING RR RULE*****
2025-03-05 12:41:57,436 - INFO - ***RR NOT FOUND***
2025-03-05 12:42:05,181 - INFO - Iteracja 2: condition_best: sysbp <= 242.00, quality_best: 1.0, coverage_best: (p=462, n=0, P=500, N=0)
2025-03-05 12:42:05,189 - INFO - Regula po iteracji 2: IF age <= 88.50 AND hr <= 173.00 AND sysbp <= 242.00 THEN survival_status = {2160.0}, (p=462, n=0, P=500, N=0)
2025-03-05 12:42:05,189 - INFO - *****GROWING RR RULE*****
2025-03-05 12:42:34,939 - INFO - Iteracja 0: condition_best: None, quality_best: -inf, coverage_best: (p=0, n=0, P=0, N=0), p_value: 0
2025-03-05 12:42:34,943 - INFO - Regula po iteracji 0: IF  THEN survival_status = {nan}, (p=500, n=0, P=500, N=0)
2025-03-05 12:42:34,943 - INFO - *****STOP GROWING RR RULE*****
2025-03-05 12:42:34,943 - INFO - ***RR NOT FOUND***
2025-03-05 12:42:42,720 - INFO - Iteracja 3: condition_best: sysbp <= 237.00, quality_best: 1.0, coverage_best: (p=461, n=0, P=500, N=0)
2025-03-05 12:42:42,726 - INFO - Regula po iteracji 3: IF age <= 88.50 AND hr <= 173.00 AND sysbp <= 242.00 AND sysbp <= 237.00 THEN survival_status = {2160.0}, (p=461, n=0, P=500, N=0)
2025-03-05 12:42:42,726 - INFO - *****GROWING RR RULE*****
2025-03-05 12:43:12,346 - INFO - Iteracja 0: condition_best: None, quality_best: -inf, coverage_best: (p=0, n=0, P=0, N=0), p_value: 0
2025-03-05 12:43:12,349 - INFO - Regula po iteracji 0: IF  THEN survival_status = {nan}, (p=500, n=0, P=500, N=0)
2025-03-05 12:43:12,349 - INFO - *****STOP GROWING RR RULE*****
2025-03-05 12:43:12,349 - INFO - ***RR NOT FOUND***
2025-03-05 12:43:20,193 - INFO - Iteracja 4: condition_best: sysbp >= 60.00, quality_best: 1.0, coverage_best: (p=460, n=0, P=500, N=0)
2025-03-05 12:43:20,200 - INFO - Regula po iteracji 4: IF age <= 88.50 AND hr <= 173.00 AND sysbp <= 242.00 AND sysbp <= 237.00 AND sysbp >= 60.00 THEN survival_status = {2160.0}, (p=460, n=0, P=500, N=0)
2025-03-05 12:43:20,200 - INFO - *****GROWING RR RULE*****
2025-03-05 12:43:49,750 - INFO - Iteracja 0: condition_best: None, quality_best: -inf, coverage_best: (p=0, n=0, P=0, N=0), p_value: 0
2025-03-05 12:43:49,754 - INFO - Regula po iteracji 0: IF  THEN survival_status = {nan}, (p=500, n=0, P=500, N=0)
2025-03-05 12:43:49,754 - INFO - *****STOP GROWING RR RULE*****
2025-03-05 12:43:49,754 - INFO - ***RR NOT FOUND***
2025-03-05 12:43:49,754 - INFO - *******STOP GROWING CR RULE*******
2025-03-05 12:43:49,762 - INFO - *******GROWING CR RULE*******
2025-03-05 12:43:54,995 - INFO - Iteracja 0: condition_best: chf <= 0.50, quality_best: 1.0, coverage_best: (p=345, n=0, P=500, N=0)
2025-03-05 12:43:55,001 - INFO - Regula po iteracji 0: IF chf <= 0.50 THEN survival_status = {nan}, (p=345, n=0, P=500, N=0)
2025-03-05 12:43:55,001 - INFO - *****GROWING RR RULE*****
2025-03-05 12:44:22,997 - INFO - Iteracja 0: condition_best: bmi >= 26.98, quality_best: 1.0, coverage_best: (p=212, n=0, P=500, N=0), p_value: 0.906
2025-03-05 12:44:23,003 - INFO - Regula po iteracji 0: IF bmi >= 26.98 THEN survival_status = {nan}, (p=212, n=0, P=500, N=0)
2025-03-05 12:44:38,821 - INFO - Iteracja 1: condition_best: diasbp <= 132.50, quality_best: 1.0, coverage_best: (p=209, n=0, P=500, N=0), p_value: 0.994
2025-03-05 12:44:38,827 - INFO - Regula po iteracji 1: IF bmi >= 26.98 AND diasbp <= 132.50 THEN survival_status = {2160.0}, (p=209, n=0, P=500, N=0)
2025-03-05 12:44:54,451 - INFO - Iteracja 2: condition_best: diasbp >= 26.00, quality_best: 1.0, coverage_best: (p=205, n=0, P=500, N=0), p_value: 0.998
2025-03-05 12:44:54,457 - INFO - Regula po iteracji 2: IF bmi >= 26.98 AND diasbp <= 132.50 AND diasbp >= 26.00 THEN survival_status = {2160.0}, (p=205, n=0, P=500, N=0)
2025-03-05 12:45:09,953 - INFO - Iteracja 3: condition_best: None, quality_best: -inf, coverage_best: (p=0, n=0, P=0, N=0), p_value: 0.998
2025-03-05 12:45:09,959 - INFO - Regula po iteracji 3: IF bmi >= 26.98 AND diasbp <= 132.50 AND diasbp >= 26.00 THEN survival_status = {2160.0}, (p=205, n=0, P=500, N=0)
2025-03-05 12:45:09,959 - INFO - *****STOP GROWING RR RULE*****
2025-03-05 12:45:09,959 - INFO - ***RR FOUND***
2025-03-05 12:45:09,959 - INFO - Reference rule: IF bmi >= 26.98 AND diasbp <= 132.50 THEN survival_status = {2160.0}
2025-03-05 12:45:09,959 - INFO - ***CHECKING EXCEPTION***
2025-03-05 12:45:09,963 - INFO - ER vs CR p_value: 0.03567225359105475
2025-03-05 12:45:09,963 - INFO - ER vs RR p_value: 0.044929678276341756
2025-03-05 12:45:09,984 - INFO - ***ER FOUND***
2025-03-05 12:45:09,984 - INFO - Exception rule: IF chf <= 0.50 AND bmi >= 26.98 AND diasbp <= 132.50 THEN survival_status = {2160.0} (p=157, n=0, P=500, N=0)
2025-03-05 12:45:09,984 - INFO - *******STOP GROWING CR RULE*******
2025-03-05 12:45:09,990 - INFO - *******GROWING CR RULE*******
2025-03-05 12:45:15,182 - INFO - Iteracja 0: condition_best: age >= 64.50, quality_best: 1.0, coverage_best: (p=328, n=0, P=500, N=0)
2025-03-05 12:45:15,188 - INFO - Regula po iteracji 0: IF age >= 64.50 THEN survival_status = {nan}, (p=328, n=0, P=500, N=0)
2025-03-05 12:45:15,188 - INFO - *****GROWING RR RULE*****
2025-03-05 12:45:42,434 - INFO - Iteracja 0: condition_best: None, quality_best: -inf, coverage_best: (p=0, n=0, P=0, N=0), p_value: 0
2025-03-05 12:45:42,438 - INFO - Regula po iteracji 0: IF  THEN survival_status = {nan}, (p=500, n=0, P=500, N=0)
2025-03-05 12:45:42,438 - INFO - *****STOP GROWING RR RULE*****
2025-03-05 12:45:42,438 - INFO - ***RR NOT FOUND***
2025-03-05 12:45:46,562 - INFO - Iteracja 1: condition_best: age <= 103.00, quality_best: 1.0, coverage_best: (p=327, n=0, P=500, N=0)
2025-03-05 12:45:46,568 - INFO - Regula po iteracji 1: IF age >= 64.50 AND age <= 103.00 THEN survival_status = {920.0}, (p=327, n=0, P=500, N=0)
2025-03-05 12:45:46,568 - INFO - *****GROWING RR RULE*****
2025-03-05 12:46:13,793 - INFO - Iteracja 0: condition_best: None, quality_best: -inf, coverage_best: (p=0, n=0, P=0, N=0), p_value: 0
2025-03-05 12:46:13,797 - INFO - Regula po iteracji 0: IF  THEN survival_status = {nan}, (p=500, n=0, P=500, N=0)
2025-03-05 12:46:13,797 - INFO - *****STOP GROWING RR RULE*****
2025-03-05 12:46:13,797 - INFO - ***RR NOT FOUND***
2025-03-05 12:46:17,981 - INFO - Iteracja 2: condition_best: age <= 100.00, quality_best: 1.0, coverage_best: (p=326, n=0, P=500, N=0)
2025-03-05 12:46:17,988 - INFO - Regula po iteracji 2: IF age >= 64.50 AND age <= 103.00 AND age <= 100.00 THEN survival_status = {920.0}, (p=326, n=0, P=500, N=0)
2025-03-05 12:46:17,988 - INFO - *****GROWING RR RULE*****
2025-03-05 12:46:45,148 - INFO - Iteracja 0: condition_best: None, quality_best: -inf, coverage_best: (p=0, n=0, P=0, N=0), p_value: 0
2025-03-05 12:46:45,152 - INFO - Regula po iteracji 0: IF  THEN survival_status = {nan}, (p=500, n=0, P=500, N=0)
2025-03-05 12:46:45,152 - INFO - *****STOP GROWING RR RULE*****
2025-03-05 12:46:45,152 - INFO - ***RR NOT FOUND***
2025-03-05 12:46:49,361 - INFO - Iteracja 3: condition_best: age <= 97.50, quality_best: 1.0, coverage_best: (p=325, n=0, P=500, N=0)
2025-03-05 12:46:49,367 - INFO - Regula po iteracji 3: IF age >= 64.50 AND age <= 103.00 AND age <= 100.00 AND age <= 97.50 THEN survival_status = {936.0}, (p=325, n=0, P=500, N=0)
2025-03-05 12:46:49,368 - INFO - *****GROWING RR RULE*****
2025-03-05 12:47:16,498 - INFO - Iteracja 0: condition_best: None, quality_best: -inf, coverage_best: (p=0, n=0, P=0, N=0), p_value: 0
2025-03-05 12:47:16,502 - INFO - Regula po iteracji 0: IF  THEN survival_status = {nan}, (p=500, n=0, P=500, N=0)
2025-03-05 12:47:16,502 - INFO - *****STOP GROWING RR RULE*****
2025-03-05 12:47:16,502 - INFO - ***RR NOT FOUND***
2025-03-05 12:47:20,747 - INFO - Iteracja 4: condition_best: hr <= 173.00, quality_best: 1.0, coverage_best: (p=324, n=0, P=500, N=0)
2025-03-05 12:47:20,753 - INFO - Regula po iteracji 4: IF age >= 64.50 AND age <= 103.00 AND age <= 100.00 AND age <= 97.50 AND hr <= 173.00 THEN survival_status = {936.0}, (p=324, n=0, P=500, N=0)
2025-03-05 12:47:20,753 - INFO - *****GROWING RR RULE*****
2025-03-05 12:47:47,932 - INFO - Iteracja 0: condition_best: None, quality_best: -inf, coverage_best: (p=0, n=0, P=0, N=0), p_value: 0
2025-03-05 12:47:47,936 - INFO - Regula po iteracji 0: IF  THEN survival_status = {nan}, (p=500, n=0, P=500, N=0)
2025-03-05 12:47:47,936 - INFO - *****STOP GROWING RR RULE*****
2025-03-05 12:47:47,936 - INFO - ***RR NOT FOUND***
2025-03-05 12:47:47,936 - INFO - *******STOP GROWING CR RULE*******
2025-03-05 12:47:47,942 - INFO - *******GROWING CR RULE*******
2025-03-05 12:47:52,937 - INFO - Iteracja 0: condition_best: age <= 88.50, quality_best: 1.0, coverage_best: (p=464, n=0, P=500, N=0)
2025-03-05 12:47:52,944 - INFO - Regula po iteracji 0: IF age <= 88.50 THEN survival_status = {nan}, (p=464, n=0, P=500, N=0)
2025-03-05 12:47:52,944 - INFO - *****GROWING RR RULE*****
2025-03-05 12:48:22,373 - INFO - Iteracja 0: condition_best: None, quality_best: -inf, coverage_best: (p=0, n=0, P=0, N=0), p_value: 0
2025-03-05 12:48:22,377 - INFO - Regula po iteracji 0: IF  THEN survival_status = {nan}, (p=500, n=0, P=500, N=0)
2025-03-05 12:48:22,377 - INFO - *****STOP GROWING RR RULE*****
2025-03-05 12:48:22,377 - INFO - ***RR NOT FOUND***
2025-03-05 12:48:27,405 - INFO - Iteracja 1: condition_best: hr <= 173.00, quality_best: 1.0, coverage_best: (p=463, n=0, P=500, N=0)
2025-03-05 12:48:27,411 - INFO - Regula po iteracji 1: IF age <= 88.50 AND hr <= 173.00 THEN survival_status = {2160.0}, (p=463, n=0, P=500, N=0)
2025-03-05 12:48:27,411 - INFO - *****GROWING RR RULE*****
2025-03-05 12:48:56,799 - INFO - Iteracja 0: condition_best: None, quality_best: -inf, coverage_best: (p=0, n=0, P=0, N=0), p_value: 0
2025-03-05 12:48:56,802 - INFO - Regula po iteracji 0: IF  THEN survival_status = {nan}, (p=500, n=0, P=500, N=0)
2025-03-05 12:48:56,802 - INFO - *****STOP GROWING RR RULE*****
2025-03-05 12:48:56,802 - INFO - ***RR NOT FOUND***
2025-03-05 12:49:01,827 - INFO - Iteracja 2: condition_best: sysbp <= 242.00, quality_best: 1.0, coverage_best: (p=462, n=0, P=500, N=0)
2025-03-05 12:49:01,833 - INFO - Regula po iteracji 2: IF age <= 88.50 AND hr <= 173.00 AND sysbp <= 242.00 THEN survival_status = {2160.0}, (p=462, n=0, P=500, N=0)
2025-03-05 12:49:01,834 - INFO - *****GROWING RR RULE*****
2025-03-05 12:49:31,223 - INFO - Iteracja 0: condition_best: None, quality_best: -inf, coverage_best: (p=0, n=0, P=0, N=0), p_value: 0
2025-03-05 12:49:31,226 - INFO - Regula po iteracji 0: IF  THEN survival_status = {nan}, (p=500, n=0, P=500, N=0)
2025-03-05 12:49:31,226 - INFO - *****STOP GROWING RR RULE*****
2025-03-05 12:49:31,226 - INFO - ***RR NOT FOUND***
2025-03-05 12:49:36,328 - INFO - Iteracja 3: condition_best: sysbp <= 237.00, quality_best: 1.0, coverage_best: (p=461, n=0, P=500, N=0)
2025-03-05 12:49:36,335 - INFO - Regula po iteracji 3: IF age <= 88.50 AND hr <= 173.00 AND sysbp <= 242.00 AND sysbp <= 237.00 THEN survival_status = {2160.0}, (p=461, n=0, P=500, N=0)
2025-03-05 12:49:36,335 - INFO - *****GROWING RR RULE*****
2025-03-05 12:50:05,739 - INFO - Iteracja 0: condition_best: None, quality_best: -inf, coverage_best: (p=0, n=0, P=0, N=0), p_value: 0
2025-03-05 12:50:05,742 - INFO - Regula po iteracji 0: IF  THEN survival_status = {nan}, (p=500, n=0, P=500, N=0)
2025-03-05 12:50:05,742 - INFO - *****STOP GROWING RR RULE*****
2025-03-05 12:50:05,742 - INFO - ***RR NOT FOUND***
2025-03-05 12:50:10,874 - INFO - Iteracja 4: condition_best: sysbp >= 60.00, quality_best: 1.0, coverage_best: (p=460, n=0, P=500, N=0)
2025-03-05 12:50:10,880 - INFO - Regula po iteracji 4: IF age <= 88.50 AND hr <= 173.00 AND sysbp <= 242.00 AND sysbp <= 237.00 AND sysbp >= 60.00 THEN survival_status = {2160.0}, (p=460, n=0, P=500, N=0)
2025-03-05 12:50:10,881 - INFO - *****GROWING RR RULE*****
2025-03-05 12:50:40,253 - INFO - Iteracja 0: condition_best: None, quality_best: -inf, coverage_best: (p=0, n=0, P=0, N=0), p_value: 0
2025-03-05 12:50:40,257 - INFO - Regula po iteracji 0: IF  THEN survival_status = {nan}, (p=500, n=0, P=500, N=0)
2025-03-05 12:50:40,257 - INFO - *****STOP GROWING RR RULE*****
2025-03-05 12:50:40,257 - INFO - ***RR NOT FOUND***
2025-03-05 12:50:40,257 - INFO - *******STOP GROWING CR RULE*******
2025-03-05 12:50:40,407 - INFO - ************************Finished experiment for 15_whas500.arff with algorithm4************************
2025-03-05 12:50:40,407 - INFO - *************************************************************************************************************************
2025-03-05 12:50:40,407 - INFO - *************************************************************************************************************************
2025-03-05 12:50:40,407 - INFO - *************************************************************************************************************************
