2025-03-04 19:04:20,670 - INFO - **********Starting experiment for wine.arff with algorithm3**********
2025-03-04 19:04:20,674 - INFO - *******GROWING CR RULE*******
2025-03-04 19:04:20,730 - INFO - Iteracja 0: condition_best: Proline >= 953.50, quality_best: 0.862, coverage_best: (p=46, n=1, P=59, N=119), precision: 0.979
2025-03-04 19:04:20,730 - INFO - Regula po iteracji 0: IF Proline >= 953.50 THEN class = 1, (p=46, n=1, P=59, N=119)
2025-03-04 19:04:20,730 - INFO - *****GROWING RR RULE*****
2025-03-04 19:04:20,918 - INFO - Iteracja 0: condition_best: None quality_best: -inf, coverage_best: (p=0, n=0, P=0, N=0), number_of_covered_negatives_best: 0, best_score: 0, precision: 0
2025-03-04 19:04:20,918 - INFO - Regula po iteracji 0: IF  THEN class = 1, (p=13, n=165, P=13, N=165)
2025-03-04 19:04:20,918 - INFO - *****STOP GROWING RR RULE*****
2025-03-04 19:04:20,918 - INFO - ***RR NOT FOUND***
2025-03-04 19:04:20,920 - INFO - Iteracja 1: condition_best: Alcalinity_of_ash <= 26.25, quality_best: 0.89, coverage_best: (p=46, n=0, P=59, N=119), precision: 1.0
2025-03-04 19:04:20,921 - INFO - Regula po iteracji 1: IF Proline >= 953.50 AND Alcalinity_of_ash <= 26.25 THEN class = 1, (p=46, n=0, P=59, N=119)
2025-03-04 19:04:20,921 - INFO - *******STOP GROWING CR RULE*******
2025-03-04 19:04:20,921 - INFO - *******GROWING CR RULE*******
2025-03-04 19:04:20,952 - INFO - Iteracja 0: condition_best: Proline >= 842.50, quality_best: 0.795, coverage_best: (p=52, n=6, P=59, N=119), precision: 0.897
2025-03-04 19:04:20,953 - INFO - Regula po iteracji 0: IF Proline >= 842.50 THEN class = 1, (p=52, n=6, P=59, N=119)
2025-03-04 19:04:20,953 - INFO - *****GROWING RR RULE*****
2025-03-04 19:04:21,163 - INFO - Iteracja 0: condition_best: None quality_best: -inf, coverage_best: (p=0, n=0, P=0, N=0), number_of_covered_negatives_best: 0, best_score: 0, precision: 0
2025-03-04 19:04:21,163 - INFO - Regula po iteracji 0: IF  THEN class = 1, (p=7, n=171, P=7, N=171)
2025-03-04 19:04:21,163 - INFO - *****STOP GROWING RR RULE*****
2025-03-04 19:04:21,163 - INFO - ***RR NOT FOUND***
2025-03-04 19:04:21,170 - INFO - Iteracja 1: condition_best: Alcohol >= 13.02, quality_best: 0.932, coverage_best: (p=51, n=0, P=59, N=119), precision: 1.0
2025-03-04 19:04:21,170 - INFO - Regula po iteracji 1: IF Proline >= 842.50 AND Alcohol >= 13.02 THEN class = 1, (p=51, n=0, P=59, N=119)
2025-03-04 19:04:21,170 - INFO - *******STOP GROWING CR RULE*******
2025-03-04 19:04:21,170 - INFO - *******GROWING CR RULE*******
2025-03-04 19:04:21,202 - INFO - Iteracja 0: condition_best: Proline >= 755.00, quality_best: 0.764, coverage_best: (p=57, n=10, P=59, N=119), precision: 0.851
2025-03-04 19:04:21,202 - INFO - Regula po iteracji 0: IF Proline >= 755.00 THEN class = 1, (p=57, n=10, P=59, N=119)
2025-03-04 19:04:21,202 - INFO - *****GROWING RR RULE*****
2025-03-04 19:04:21,421 - INFO - Iteracja 0: condition_best: None quality_best: -inf, coverage_best: (p=0, n=0, P=0, N=0), number_of_covered_negatives_best: 0, best_score: 0, precision: 0
2025-03-04 19:04:21,421 - INFO - Regula po iteracji 0: IF  THEN class = 1, (p=2, n=176, P=2, N=176)
2025-03-04 19:04:21,421 - INFO - *****STOP GROWING RR RULE*****
2025-03-04 19:04:21,421 - INFO - ***RR NOT FOUND***
2025-03-04 19:04:21,429 - INFO - Iteracja 1: condition_best: Flavanoids >= 2.30, quality_best: 0.949, coverage_best: (p=56, n=1, P=59, N=119), precision: 0.982
2025-03-04 19:04:21,429 - INFO - Regula po iteracji 1: IF Proline >= 755.00 AND Flavanoids >= 2.30 THEN class = 1, (p=56, n=1, P=59, N=119)
2025-03-04 19:04:21,429 - INFO - *****GROWING RR RULE*****
2025-03-04 19:04:21,593 - INFO - Iteracja 0: condition_best: None quality_best: -inf, coverage_best: (p=0, n=0, P=0, N=0), number_of_covered_negatives_best: 0, best_score: 0, precision: 0
2025-03-04 19:04:21,594 - INFO - Regula po iteracji 0: IF  THEN class = 1, (p=3, n=175, P=3, N=175)
2025-03-04 19:04:21,594 - INFO - *****STOP GROWING RR RULE*****
2025-03-04 19:04:21,594 - INFO - ***RR NOT FOUND***
2025-03-04 19:04:21,595 - INFO - Iteracja 2: condition_best: Alcalinity_of_ash <= 27.50, quality_best: 0.975, coverage_best: (p=56, n=0, P=59, N=119), precision: 1.0
2025-03-04 19:04:21,596 - INFO - Regula po iteracji 2: IF Proline >= 755.00 AND Flavanoids >= 2.30 AND Alcalinity_of_ash <= 27.50 THEN class = 1, (p=56, n=0, P=59, N=119)
2025-03-04 19:04:21,596 - INFO - *******STOP GROWING CR RULE*******
2025-03-04 19:04:21,596 - INFO - *******GROWING CR RULE*******
2025-03-04 19:04:21,627 - INFO - Iteracja 0: condition_best: None, quality_best: -inf, coverage_best: (p=0, n=0, P=0, N=0), precision: 0
2025-03-04 19:04:21,628 - INFO - Regula po iteracji 0: IF  THEN class = 1, (p=59, n=119, P=59, N=119)
2025-03-04 19:04:21,628 - INFO - *******STOP GROWING CR RULE*******
2025-03-04 19:04:21,628 - INFO - *******GROWING CR RULE*******
2025-03-04 19:04:21,662 - INFO - Iteracja 0: condition_best: Color_intensity <= 3.46, quality_best: 0.887, coverage_best: (p=55, n=0, P=71, N=107), precision: 1.0
2025-03-04 19:04:21,662 - INFO - Regula po iteracji 0: IF Color_intensity <= 3.46 THEN class = 2, (p=55, n=0, P=71, N=107)
2025-03-04 19:04:21,662 - INFO - *******STOP GROWING CR RULE*******
2025-03-04 19:04:21,662 - INFO - *******GROWING CR RULE*******
2025-03-04 19:04:21,783 - INFO - Iteracja 0: condition_best: Color_intensity <= 3.80, quality_best: 0.827, coverage_best: (p=60, n=4, P=71, N=107), precision: 0.938
2025-03-04 19:04:21,783 - INFO - Regula po iteracji 0: IF Color_intensity <= 3.80 THEN class = 2, (p=60, n=4, P=71, N=107)
2025-03-04 19:04:21,783 - INFO - *****GROWING RR RULE*****
2025-03-04 19:04:21,987 - INFO - Iteracja 0: condition_best: None quality_best: -inf, coverage_best: (p=0, n=0, P=0, N=0), number_of_covered_negatives_best: 0, best_score: 0, precision: 0
2025-03-04 19:04:21,987 - INFO - Regula po iteracji 0: IF  THEN class = 2, (p=11, n=167, P=11, N=167)
2025-03-04 19:04:21,987 - INFO - *****STOP GROWING RR RULE*****
2025-03-04 19:04:21,987 - INFO - ***RR NOT FOUND***
2025-03-04 19:04:21,992 - INFO - Iteracja 1: condition_best: Proline <= 790.00, quality_best: 0.894, coverage_best: (p=56, n=0, P=71, N=107), precision: 1.0
2025-03-04 19:04:21,992 - INFO - Regula po iteracji 1: IF Color_intensity <= 3.80 AND Proline <= 790.00 THEN class = 2, (p=56, n=0, P=71, N=107)
2025-03-04 19:04:21,993 - INFO - *******STOP GROWING CR RULE*******
2025-03-04 19:04:21,993 - INFO - *******GROWING CR RULE*******
2025-03-04 19:04:22,025 - INFO - Iteracja 0: condition_best: Alcohol <= 12.44, quality_best: 0.755, coverage_best: (p=51, n=4, P=71, N=107), precision: 0.927
2025-03-04 19:04:22,025 - INFO - Regula po iteracji 0: IF Alcohol <= 12.44 THEN class = 2, (p=51, n=4, P=71, N=107)
2025-03-04 19:04:22,025 - INFO - *****GROWING RR RULE*****
2025-03-04 19:04:22,245 - INFO - Iteracja 0: condition_best: None quality_best: -inf, coverage_best: (p=0, n=0, P=0, N=0), number_of_covered_negatives_best: 0, best_score: 0, precision: 0
2025-03-04 19:04:22,245 - INFO - Regula po iteracji 0: IF  THEN class = 2, (p=20, n=158, P=20, N=158)
2025-03-04 19:04:22,245 - INFO - *****STOP GROWING RR RULE*****
2025-03-04 19:04:22,245 - INFO - ***RR NOT FOUND***
2025-03-04 19:04:22,249 - INFO - Iteracja 1: condition_best: Flavanoids >= 0.96, quality_best: 0.852, coverage_best: (p=50, n=0, P=71, N=107), precision: 1.0
2025-03-04 19:04:22,250 - INFO - Regula po iteracji 1: IF Alcohol <= 12.44 AND Flavanoids >= 0.96 THEN class = 2, (p=50, n=0, P=71, N=107)
2025-03-04 19:04:22,250 - INFO - *******STOP GROWING CR RULE*******
2025-03-04 19:04:22,250 - INFO - *******GROWING CR RULE*******
2025-03-04 19:04:22,282 - INFO - Iteracja 0: condition_best: Alcohol <= 13.11, quality_best: 0.472, coverage_best: (p=67, n=30, P=71, N=107), precision: 0.691
2025-03-04 19:04:22,282 - INFO - Regula po iteracji 0: IF Alcohol <= 13.11 THEN class = 2, (p=67, n=30, P=71, N=107)
2025-03-04 19:04:22,301 - INFO - Iteracja 1: condition_best: Flavanoids >= 1.40, quality_best: 0.746, coverage_best: (p=58, n=7, P=71, N=107), precision: 0.892
2025-03-04 19:04:22,301 - INFO - Regula po iteracji 1: IF Alcohol <= 13.11 AND Flavanoids >= 1.40 THEN class = 2, (p=58, n=7, P=71, N=107)
2025-03-04 19:04:22,302 - INFO - *****GROWING RR RULE*****
2025-03-04 19:04:22,530 - INFO - Iteracja 0: condition_best: None quality_best: -inf, coverage_best: (p=0, n=0, P=0, N=0), number_of_covered_negatives_best: 0, best_score: 0, precision: 0
2025-03-04 19:04:22,530 - INFO - Regula po iteracji 0: IF  THEN class = 2, (p=13, n=165, P=13, N=165)
2025-03-04 19:04:22,530 - INFO - *****STOP GROWING RR RULE*****
2025-03-04 19:04:22,530 - INFO - ***RR NOT FOUND***
2025-03-04 19:04:22,538 - INFO - Iteracja 2: condition_best: Proline <= 760.00, quality_best: 0.887, coverage_best: (p=55, n=0, P=71, N=107), precision: 1.0
2025-03-04 19:04:22,538 - INFO - Regula po iteracji 2: IF Alcohol <= 13.11 AND Flavanoids >= 1.40 AND Proline <= 760.00 THEN class = 2, (p=55, n=0, P=71, N=107)
2025-03-04 19:04:22,538 - INFO - *******STOP GROWING CR RULE*******
2025-03-04 19:04:22,538 - INFO - *******GROWING CR RULE*******
2025-03-04 19:04:22,570 - INFO - Iteracja 0: condition_best: None, quality_best: -inf, coverage_best: (p=0, n=0, P=0, N=0), precision: 0
2025-03-04 19:04:22,570 - INFO - Regula po iteracji 0: IF  THEN class = 2, (p=71, n=107, P=71, N=107)
2025-03-04 19:04:22,571 - INFO - *******STOP GROWING CR RULE*******
2025-03-04 19:04:22,571 - INFO - *******GROWING CR RULE*******
2025-03-04 19:04:22,602 - INFO - Iteracja 0: condition_best: Flavanoids <= 0.97, quality_best: 0.864, coverage_best: (p=38, n=1, P=48, N=130), precision: 0.974
2025-03-04 19:04:22,602 - INFO - Regula po iteracji 0: IF Flavanoids <= 0.97 THEN class = 3, (p=38, n=1, P=48, N=130)
2025-03-04 19:04:22,602 - INFO - *****GROWING RR RULE*****
2025-03-04 19:04:22,781 - INFO - Iteracja 0: condition_best: None quality_best: -inf, coverage_best: (p=0, n=0, P=0, N=0), number_of_covered_negatives_best: 0, best_score: 0, precision: 0
2025-03-04 19:04:22,781 - INFO - Regula po iteracji 0: IF  THEN class = 3, (p=10, n=168, P=10, N=168)
2025-03-04 19:04:22,781 - INFO - *****STOP GROWING RR RULE*****
2025-03-04 19:04:22,781 - INFO - ***RR NOT FOUND***
2025-03-04 19:04:22,783 - INFO - Iteracja 1: condition_best: Malic_acid >= 1.09, quality_best: 0.896, coverage_best: (p=38, n=0, P=48, N=130), precision: 1.0
2025-03-04 19:04:22,783 - INFO - Regula po iteracji 1: IF Flavanoids <= 0.97 AND Malic_acid >= 1.09 THEN class = 3, (p=38, n=0, P=48, N=130)
2025-03-04 19:04:22,783 - INFO - *******STOP GROWING CR RULE*******
2025-03-04 19:04:22,784 - INFO - *******GROWING CR RULE*******
2025-03-04 19:04:22,814 - INFO - Iteracja 0: condition_best: OD280/OD315_of_diluted_wines <= 1.92, quality_best: 0.803, coverage_best: (p=40, n=4, P=48, N=130), precision: 0.909
2025-03-04 19:04:22,814 - INFO - Regula po iteracji 0: IF OD280/OD315_of_diluted_wines <= 1.92 THEN class = 3, (p=40, n=4, P=48, N=130)
2025-03-04 19:04:22,814 - INFO - *****GROWING RR RULE*****
2025-03-04 19:04:23,011 - INFO - Iteracja 0: condition_best: None quality_best: -inf, coverage_best: (p=0, n=0, P=0, N=0), number_of_covered_negatives_best: 0, best_score: 0, precision: 0
2025-03-04 19:04:23,011 - INFO - Regula po iteracji 0: IF  THEN class = 3, (p=8, n=170, P=8, N=170)
2025-03-04 19:04:23,011 - INFO - *****STOP GROWING RR RULE*****
2025-03-04 19:04:23,011 - INFO - ***RR NOT FOUND***
2025-03-04 19:04:23,015 - INFO - Iteracja 1: condition_best: Hue <= 0.88, quality_best: 0.906, coverage_best: (p=39, n=0, P=48, N=130), precision: 1.0
2025-03-04 19:04:23,015 - INFO - Regula po iteracji 1: IF OD280/OD315_of_diluted_wines <= 1.92 AND Hue <= 0.88 THEN class = 3, (p=39, n=0, P=48, N=130)
2025-03-04 19:04:23,015 - INFO - *******STOP GROWING CR RULE*******
2025-03-04 19:04:23,016 - INFO - *******GROWING CR RULE*******
2025-03-04 19:04:23,046 - INFO - Iteracja 0: condition_best: None, quality_best: -inf, coverage_best: (p=0, n=0, P=0, N=0), precision: 0
2025-03-04 19:04:23,046 - INFO - Regula po iteracji 0: IF  THEN class = 3, (p=48, n=130, P=48, N=130)
2025-03-04 19:04:23,046 - INFO - *******STOP GROWING CR RULE*******
2025-03-04 19:04:23,051 - INFO - ************************Finished experiment for wine.arff with algorithm3************************
2025-03-04 19:04:23,051 - INFO - *************************************************************************************************************************
2025-03-04 19:04:23,051 - INFO - *************************************************************************************************************************
2025-03-04 19:04:23,051 - INFO - *************************************************************************************************************************
