2025-03-05 11:04:31,527 - INFO - **********Starting experiment for 05_Melanoma.arff with algorithm3**********
2025-03-05 11:04:31,533 - INFO - *******GROWING CR RULE*******
2025-03-05 11:04:32,190 - INFO - Iteracja 0: condition_best: thick <= 3.38, quality_best: 1.0, coverage_best: (p=145, n=0, P=205, N=0)
2025-03-05 11:04:32,195 - INFO - Regula po iteracji 0: IF thick <= 3.38 THEN survival_status = {nan}, (p=145, n=0, P=205, N=0)
2025-03-05 11:04:32,195 - INFO - *****GROWING RR RULE*****
2025-03-05 11:04:33,831 - INFO - Iteracja 0: condition_best: None, quality_best: -inf, coverage_best: (p=0, n=0, P=0, N=0), p_value: 0
2025-03-05 11:04:33,834 - INFO - Regula po iteracji 0: IF  THEN survival_status = {nan}, (p=205, n=0, P=205, N=0)
2025-03-05 11:04:33,834 - INFO - *****STOP GROWING RR RULE*****
2025-03-05 11:04:33,834 - INFO - ***RR NOT FOUND***
2025-03-05 11:04:34,335 - INFO - Iteracja 1: condition_best: age <= 70.50, quality_best: 1.0, coverage_best: (p=132, n=0, P=205, N=0)
2025-03-05 11:04:34,339 - INFO - Regula po iteracji 1: IF thick <= 3.38 AND age <= 70.50 THEN survival_status = {inf}, (p=132, n=0, P=205, N=0)
2025-03-05 11:04:34,339 - INFO - *****GROWING RR RULE*****
2025-03-05 11:04:35,933 - INFO - Iteracja 0: condition_best: None, quality_best: -inf, coverage_best: (p=0, n=0, P=0, N=0), p_value: 0
2025-03-05 11:04:35,936 - INFO - Regula po iteracji 0: IF  THEN survival_status = {nan}, (p=205, n=0, P=205, N=0)
2025-03-05 11:04:35,936 - INFO - *****STOP GROWING RR RULE*****
2025-03-05 11:04:35,936 - INFO - ***RR NOT FOUND***
2025-03-05 11:04:36,404 - INFO - Iteracja 2: condition_best: age >= 14.50, quality_best: 1.0, coverage_best: (p=130, n=0, P=205, N=0)
2025-03-05 11:04:36,408 - INFO - Regula po iteracji 2: IF thick <= 3.38 AND age <= 70.50 AND age >= 14.50 THEN survival_status = {inf}, (p=130, n=0, P=205, N=0)
2025-03-05 11:04:36,408 - INFO - *****GROWING RR RULE*****
2025-03-05 11:04:38,000 - INFO - Iteracja 0: condition_best: None, quality_best: -inf, coverage_best: (p=0, n=0, P=0, N=0), p_value: 0
2025-03-05 11:04:38,003 - INFO - Regula po iteracji 0: IF  THEN survival_status = {nan}, (p=205, n=0, P=205, N=0)
2025-03-05 11:04:38,003 - INFO - *****STOP GROWING RR RULE*****
2025-03-05 11:04:38,003 - INFO - ***RR NOT FOUND***
2025-03-05 11:04:38,459 - INFO - Iteracja 3: condition_best: age >= 17.00, quality_best: 1.0, coverage_best: (p=129, n=0, P=205, N=0)
2025-03-05 11:04:38,463 - INFO - Regula po iteracji 3: IF thick <= 3.38 AND age <= 70.50 AND age >= 14.50 AND age >= 17.00 THEN survival_status = {inf}, (p=129, n=0, P=205, N=0)
2025-03-05 11:04:38,463 - INFO - *****GROWING RR RULE*****
2025-03-05 11:04:40,050 - INFO - Iteracja 0: condition_best: None, quality_best: -inf, coverage_best: (p=0, n=0, P=0, N=0), p_value: 0
2025-03-05 11:04:40,053 - INFO - Regula po iteracji 0: IF  THEN survival_status = {nan}, (p=205, n=0, P=205, N=0)
2025-03-05 11:04:40,053 - INFO - *****STOP GROWING RR RULE*****
2025-03-05 11:04:40,053 - INFO - ***RR NOT FOUND***
2025-03-05 11:04:40,509 - INFO - Iteracja 4: condition_best: thick >= 0.13, quality_best: 1.0, coverage_best: (p=128, n=0, P=205, N=0)
2025-03-05 11:04:40,513 - INFO - Regula po iteracji 4: IF thick <= 3.38 AND age <= 70.50 AND age >= 14.50 AND age >= 17.00 AND thick >= 0.13 THEN survival_status = {inf}, (p=128, n=0, P=205, N=0)
2025-03-05 11:04:40,514 - INFO - *****GROWING RR RULE*****
2025-03-05 11:04:42,100 - INFO - Iteracja 0: condition_best: None, quality_best: -inf, coverage_best: (p=0, n=0, P=0, N=0), p_value: 0
2025-03-05 11:04:42,104 - INFO - Regula po iteracji 0: IF  THEN survival_status = {nan}, (p=205, n=0, P=205, N=0)
2025-03-05 11:04:42,104 - INFO - *****STOP GROWING RR RULE*****
2025-03-05 11:04:42,104 - INFO - ***RR NOT FOUND***
2025-03-05 11:04:42,104 - INFO - *******STOP GROWING CR RULE*******
2025-03-05 11:04:42,116 - INFO - *******GROWING CR RULE*******
2025-03-05 11:04:42,647 - INFO - Iteracja 0: condition_best: thick <= 3.38, quality_best: 1.0, coverage_best: (p=145, n=0, P=205, N=0)
2025-03-05 11:04:42,651 - INFO - Regula po iteracji 0: IF thick <= 3.38 THEN survival_status = {nan}, (p=145, n=0, P=205, N=0)
2025-03-05 11:04:42,651 - INFO - *****GROWING RR RULE*****
2025-03-05 11:04:44,291 - INFO - Iteracja 0: condition_best: None, quality_best: -inf, coverage_best: (p=0, n=0, P=0, N=0), p_value: 0
2025-03-05 11:04:44,295 - INFO - Regula po iteracji 0: IF  THEN survival_status = {nan}, (p=205, n=0, P=205, N=0)
2025-03-05 11:04:44,295 - INFO - *****STOP GROWING RR RULE*****
2025-03-05 11:04:44,295 - INFO - ***RR NOT FOUND***
2025-03-05 11:04:44,707 - INFO - Iteracja 1: condition_best: age <= 74.50, quality_best: 1.0, coverage_best: (p=137, n=0, P=205, N=0)
2025-03-05 11:04:44,712 - INFO - Regula po iteracji 1: IF thick <= 3.38 AND age <= 74.50 THEN survival_status = {inf}, (p=137, n=0, P=205, N=0)
2025-03-05 11:04:44,712 - INFO - *****GROWING RR RULE*****
2025-03-05 11:04:46,327 - INFO - Iteracja 0: condition_best: None, quality_best: -inf, coverage_best: (p=0, n=0, P=0, N=0), p_value: 0
2025-03-05 11:04:46,330 - INFO - Regula po iteracji 0: IF  THEN survival_status = {nan}, (p=205, n=0, P=205, N=0)
2025-03-05 11:04:46,330 - INFO - *****STOP GROWING RR RULE*****
2025-03-05 11:04:46,330 - INFO - ***RR NOT FOUND***
2025-03-05 11:04:46,732 - INFO - Iteracja 2: condition_best: age >= 14.50, quality_best: 1.0, coverage_best: (p=135, n=0, P=205, N=0)
2025-03-05 11:04:46,736 - INFO - Regula po iteracji 2: IF thick <= 3.38 AND age <= 74.50 AND age >= 14.50 THEN survival_status = {inf}, (p=135, n=0, P=205, N=0)
2025-03-05 11:04:46,736 - INFO - *****GROWING RR RULE*****
2025-03-05 11:04:48,343 - INFO - Iteracja 0: condition_best: None, quality_best: -inf, coverage_best: (p=0, n=0, P=0, N=0), p_value: 0
2025-03-05 11:04:48,347 - INFO - Regula po iteracji 0: IF  THEN survival_status = {nan}, (p=205, n=0, P=205, N=0)
2025-03-05 11:04:48,347 - INFO - *****STOP GROWING RR RULE*****
2025-03-05 11:04:48,347 - INFO - ***RR NOT FOUND***
2025-03-05 11:04:48,743 - INFO - Iteracja 3: condition_best: age >= 17.00, quality_best: 1.0, coverage_best: (p=134, n=0, P=205, N=0)
2025-03-05 11:04:48,747 - INFO - Regula po iteracji 3: IF thick <= 3.38 AND age <= 74.50 AND age >= 14.50 AND age >= 17.00 THEN survival_status = {inf}, (p=134, n=0, P=205, N=0)
2025-03-05 11:04:48,747 - INFO - *****GROWING RR RULE*****
2025-03-05 11:04:50,351 - INFO - Iteracja 0: condition_best: None, quality_best: -inf, coverage_best: (p=0, n=0, P=0, N=0), p_value: 0
2025-03-05 11:04:50,354 - INFO - Regula po iteracji 0: IF  THEN survival_status = {nan}, (p=205, n=0, P=205, N=0)
2025-03-05 11:04:50,354 - INFO - *****STOP GROWING RR RULE*****
2025-03-05 11:04:50,354 - INFO - ***RR NOT FOUND***
2025-03-05 11:04:50,756 - INFO - Iteracja 4: condition_best: thick >= 0.13, quality_best: 1.0, coverage_best: (p=133, n=0, P=205, N=0)
2025-03-05 11:04:50,760 - INFO - Regula po iteracji 4: IF thick <= 3.38 AND age <= 74.50 AND age >= 14.50 AND age >= 17.00 AND thick >= 0.13 THEN survival_status = {inf}, (p=133, n=0, P=205, N=0)
2025-03-05 11:04:50,760 - INFO - *****GROWING RR RULE*****
2025-03-05 11:04:52,364 - INFO - Iteracja 0: condition_best: None, quality_best: -inf, coverage_best: (p=0, n=0, P=0, N=0), p_value: 0
2025-03-05 11:04:52,367 - INFO - Regula po iteracji 0: IF  THEN survival_status = {nan}, (p=205, n=0, P=205, N=0)
2025-03-05 11:04:52,367 - INFO - *****STOP GROWING RR RULE*****
2025-03-05 11:04:52,367 - INFO - ***RR NOT FOUND***
2025-03-05 11:04:52,367 - INFO - *******STOP GROWING CR RULE*******
2025-03-05 11:04:52,379 - INFO - *******GROWING CR RULE*******
2025-03-05 11:04:52,904 - INFO - Iteracja 0: condition_best: thick <= 3.38, quality_best: 1.0, coverage_best: (p=145, n=0, P=205, N=0)
2025-03-05 11:04:52,908 - INFO - Regula po iteracji 0: IF thick <= 3.38 THEN survival_status = {nan}, (p=145, n=0, P=205, N=0)
2025-03-05 11:04:52,908 - INFO - *****GROWING RR RULE*****
2025-03-05 11:04:54,547 - INFO - Iteracja 0: condition_best: None, quality_best: -inf, coverage_best: (p=0, n=0, P=0, N=0), p_value: 0
2025-03-05 11:04:54,550 - INFO - Regula po iteracji 0: IF  THEN survival_status = {nan}, (p=205, n=0, P=205, N=0)
2025-03-05 11:04:54,550 - INFO - *****STOP GROWING RR RULE*****
2025-03-05 11:04:54,550 - INFO - ***RR NOT FOUND***
2025-03-05 11:04:54,959 - INFO - Iteracja 1: condition_best: age <= 76.50, quality_best: 1.0, coverage_best: (p=140, n=0, P=205, N=0)
2025-03-05 11:04:54,964 - INFO - Regula po iteracji 1: IF thick <= 3.38 AND age <= 76.50 THEN survival_status = {inf}, (p=140, n=0, P=205, N=0)
2025-03-05 11:04:54,964 - INFO - *****GROWING RR RULE*****
2025-03-05 11:04:56,585 - INFO - Iteracja 0: condition_best: None, quality_best: -inf, coverage_best: (p=0, n=0, P=0, N=0), p_value: 0
2025-03-05 11:04:56,588 - INFO - Regula po iteracji 0: IF  THEN survival_status = {nan}, (p=205, n=0, P=205, N=0)
2025-03-05 11:04:56,588 - INFO - *****STOP GROWING RR RULE*****
2025-03-05 11:04:56,588 - INFO - ***RR NOT FOUND***
2025-03-05 11:04:56,995 - INFO - Iteracja 2: condition_best: thick >= 0.13, quality_best: 1.0, coverage_best: (p=139, n=0, P=205, N=0)
2025-03-05 11:04:56,999 - INFO - Regula po iteracji 2: IF thick <= 3.38 AND age <= 76.50 AND thick >= 0.13 THEN survival_status = {inf}, (p=139, n=0, P=205, N=0)
2025-03-05 11:04:57,000 - INFO - *****GROWING RR RULE*****
2025-03-05 11:04:58,621 - INFO - Iteracja 0: condition_best: None, quality_best: -inf, coverage_best: (p=0, n=0, P=0, N=0), p_value: 0
2025-03-05 11:04:58,624 - INFO - Regula po iteracji 0: IF  THEN survival_status = {nan}, (p=205, n=0, P=205, N=0)
2025-03-05 11:04:58,624 - INFO - *****STOP GROWING RR RULE*****
2025-03-05 11:04:58,624 - INFO - ***RR NOT FOUND***
2025-03-05 11:04:59,036 - INFO - Iteracja 3: condition_best: thick >= 0.20, quality_best: 1.0, coverage_best: (p=133, n=0, P=205, N=0)
2025-03-05 11:04:59,040 - INFO - Regula po iteracji 3: IF thick <= 3.38 AND age <= 76.50 AND thick >= 0.13 AND thick >= 0.20 THEN survival_status = {inf}, (p=133, n=0, P=205, N=0)
2025-03-05 11:04:59,040 - INFO - *****GROWING RR RULE*****
2025-03-05 11:05:00,644 - INFO - Iteracja 0: condition_best: None, quality_best: -inf, coverage_best: (p=0, n=0, P=0, N=0), p_value: 0
2025-03-05 11:05:00,647 - INFO - Regula po iteracji 0: IF  THEN survival_status = {nan}, (p=205, n=0, P=205, N=0)
2025-03-05 11:05:00,647 - INFO - *****STOP GROWING RR RULE*****
2025-03-05 11:05:00,647 - INFO - ***RR NOT FOUND***
2025-03-05 11:05:01,060 - INFO - Iteracja 4: condition_best: thick >= 0.28, quality_best: 1.0, coverage_best: (p=132, n=0, P=205, N=0)
2025-03-05 11:05:01,065 - INFO - Regula po iteracji 4: IF thick <= 3.38 AND age <= 76.50 AND thick >= 0.13 AND thick >= 0.20 AND thick >= 0.28 THEN survival_status = {inf}, (p=132, n=0, P=205, N=0)
2025-03-05 11:05:01,065 - INFO - *****GROWING RR RULE*****
2025-03-05 11:05:02,666 - INFO - Iteracja 0: condition_best: None, quality_best: -inf, coverage_best: (p=0, n=0, P=0, N=0), p_value: 0
2025-03-05 11:05:02,670 - INFO - Regula po iteracji 0: IF  THEN survival_status = {nan}, (p=205, n=0, P=205, N=0)
2025-03-05 11:05:02,670 - INFO - *****STOP GROWING RR RULE*****
2025-03-05 11:05:02,670 - INFO - ***RR NOT FOUND***
2025-03-05 11:05:02,670 - INFO - *******STOP GROWING CR RULE*******
2025-03-05 11:05:02,679 - INFO - *******GROWING CR RULE*******
2025-03-05 11:05:03,199 - INFO - Iteracja 0: condition_best: thick <= 3.38, quality_best: 1.0, coverage_best: (p=145, n=0, P=205, N=0)
2025-03-05 11:05:03,203 - INFO - Regula po iteracji 0: IF thick <= 3.38 THEN survival_status = {nan}, (p=145, n=0, P=205, N=0)
2025-03-05 11:05:03,203 - INFO - *****GROWING RR RULE*****
2025-03-05 11:05:04,846 - INFO - Iteracja 0: condition_best: None, quality_best: -inf, coverage_best: (p=0, n=0, P=0, N=0), p_value: 0
2025-03-05 11:05:04,850 - INFO - Regula po iteracji 0: IF  THEN survival_status = {nan}, (p=205, n=0, P=205, N=0)
2025-03-05 11:05:04,850 - INFO - *****STOP GROWING RR RULE*****
2025-03-05 11:05:04,850 - INFO - ***RR NOT FOUND***
2025-03-05 11:05:05,255 - INFO - Iteracja 1: condition_best: age >= 14.50, quality_best: 1.0, coverage_best: (p=143, n=0, P=205, N=0)
2025-03-05 11:05:05,259 - INFO - Regula po iteracji 1: IF thick <= 3.38 AND age >= 14.50 THEN survival_status = {inf}, (p=143, n=0, P=205, N=0)
2025-03-05 11:05:05,259 - INFO - *****GROWING RR RULE*****
2025-03-05 11:05:06,895 - INFO - Iteracja 0: condition_best: age <= 55.50, quality_best: 0.999, coverage_best: (p=110, n=0, P=205, N=0), p_value: 0.817
2025-03-05 11:05:06,900 - INFO - Regula po iteracji 0: IF age <= 55.50 THEN survival_status = {nan}, (p=110, n=0, P=205, N=0)
2025-03-05 11:05:07,910 - INFO - Iteracja 1: condition_best: thick <= 12.16, quality_best: 0.999, coverage_best: (p=108, n=0, P=205, N=0), p_value: 0.881
2025-03-05 11:05:07,914 - INFO - Regula po iteracji 1: IF age <= 55.50 AND thick <= 12.16 THEN survival_status = {inf}, (p=108, n=0, P=205, N=0)
2025-03-05 11:05:08,920 - INFO - Iteracja 2: condition_best: None, quality_best: -inf, coverage_best: (p=0, n=0, P=0, N=0), p_value: 0.881
2025-03-05 11:05:08,924 - INFO - Regula po iteracji 2: IF age <= 55.50 AND thick <= 12.16 THEN survival_status = {inf}, (p=108, n=0, P=205, N=0)
2025-03-05 11:05:08,924 - INFO - *****STOP GROWING RR RULE*****
2025-03-05 11:05:08,924 - INFO - ***RR FOUND***
2025-03-05 11:05:08,924 - INFO - Reference rule: IF age <= 55.50 AND thick <= 12.16 THEN survival_status = {inf}
2025-03-05 11:05:08,924 - INFO - ***CHECKING EXCEPTION***
2025-03-05 11:05:08,926 - INFO - ER vs CR p_value: 0.04917277375357143
2025-03-05 11:05:08,926 - INFO - ER vs RR p_value: 0.04938502616646412
2025-03-05 11:05:08,941 - INFO - ***ER FOUND***
2025-03-05 11:05:08,942 - INFO - Exception rule: IF thick <= 3.38 AND age >= 14.50 AND age <= 55.50 AND thick <= 12.16 THEN survival_status = {inf} (p=79, n=0, P=205, N=0)
2025-03-05 11:05:08,942 - INFO - *******STOP GROWING CR RULE*******
2025-03-05 11:05:08,952 - INFO - *******GROWING CR RULE*******
2025-03-05 11:05:09,470 - INFO - Iteracja 0: condition_best: thick >= 3.38, quality_best: 1.0, coverage_best: (p=60, n=0, P=205, N=0)
2025-03-05 11:05:09,475 - INFO - Regula po iteracji 0: IF thick >= 3.38 THEN survival_status = {nan}, (p=60, n=0, P=205, N=0)
2025-03-05 11:05:09,475 - INFO - *****GROWING RR RULE*****
2025-03-05 11:05:10,903 - INFO - Iteracja 0: condition_best: None, quality_best: -inf, coverage_best: (p=0, n=0, P=0, N=0), p_value: 0
2025-03-05 11:05:10,906 - INFO - Regula po iteracji 0: IF  THEN survival_status = {nan}, (p=205, n=0, P=205, N=0)
2025-03-05 11:05:10,906 - INFO - *****STOP GROWING RR RULE*****
2025-03-05 11:05:10,906 - INFO - ***RR NOT FOUND***
2025-03-05 11:05:11,221 - INFO - Iteracja 1: condition_best: ulcer = {present}, quality_best: 1.0, coverage_best: (p=47, n=0, P=205, N=0)
2025-03-05 11:05:11,225 - INFO - Regula po iteracji 1: IF thick >= 3.38 AND ulcer = {present} THEN survival_status = {1506.0}, (p=47, n=0, P=205, N=0)
2025-03-05 11:05:11,225 - INFO - *****GROWING RR RULE*****
2025-03-05 11:05:12,621 - INFO - Iteracja 0: condition_best: None, quality_best: -inf, coverage_best: (p=0, n=0, P=0, N=0), p_value: 0
2025-03-05 11:05:12,624 - INFO - Regula po iteracji 0: IF  THEN survival_status = {nan}, (p=205, n=0, P=205, N=0)
2025-03-05 11:05:12,624 - INFO - *****STOP GROWING RR RULE*****
2025-03-05 11:05:12,624 - INFO - ***RR NOT FOUND***
2025-03-05 11:05:12,907 - INFO - Iteracja 2: condition_best: age >= 42.50, quality_best: 1.0, coverage_best: (p=39, n=0, P=205, N=0)
2025-03-05 11:05:12,911 - INFO - Regula po iteracji 2: IF thick >= 3.38 AND ulcer = {present} AND age >= 42.50 THEN survival_status = {1252.0}, (p=39, n=0, P=205, N=0)
2025-03-05 11:05:12,911 - INFO - *****GROWING RR RULE*****
2025-03-05 11:05:14,266 - INFO - Iteracja 0: condition_best: None, quality_best: -inf, coverage_best: (p=0, n=0, P=0, N=0), p_value: 0
2025-03-05 11:05:14,269 - INFO - Regula po iteracji 0: IF  THEN survival_status = {nan}, (p=205, n=0, P=205, N=0)
2025-03-05 11:05:14,269 - INFO - *****STOP GROWING RR RULE*****
2025-03-05 11:05:14,269 - INFO - ***RR NOT FOUND***
2025-03-05 11:05:14,508 - INFO - Iteracja 3: condition_best: ici >= 1.50, quality_best: 1.0, coverage_best: (p=32, n=0, P=205, N=0)
2025-03-05 11:05:14,513 - INFO - Regula po iteracji 3: IF thick >= 3.38 AND ulcer = {present} AND age >= 42.50 AND ici >= 1.50 THEN survival_status = {1075.0}, (p=32, n=0, P=205, N=0)
2025-03-05 11:05:14,513 - INFO - *****GROWING RR RULE*****
2025-03-05 11:05:15,850 - INFO - Iteracja 0: condition_best: None, quality_best: -inf, coverage_best: (p=0, n=0, P=0, N=0), p_value: 0
2025-03-05 11:05:15,853 - INFO - Regula po iteracji 0: IF  THEN survival_status = {nan}, (p=205, n=0, P=205, N=0)
2025-03-05 11:05:15,853 - INFO - *****STOP GROWING RR RULE*****
2025-03-05 11:05:15,853 - INFO - ***RR NOT FOUND***
2025-03-05 11:05:16,065 - INFO - Iteracja 4: condition_best: thick >= 4.83, quality_best: 1.0, coverage_best: (p=22, n=0, P=205, N=0)
2025-03-05 11:05:16,069 - INFO - Regula po iteracji 4: IF thick >= 3.38 AND ulcer = {present} AND age >= 42.50 AND ici >= 1.50 AND thick >= 4.83 THEN survival_status = {826.0}, (p=22, n=0, P=205, N=0)
2025-03-05 11:05:16,070 - INFO - *****GROWING RR RULE*****
2025-03-05 11:05:17,368 - INFO - Iteracja 0: condition_best: None, quality_best: -inf, coverage_best: (p=0, n=0, P=0, N=0), p_value: 0
2025-03-05 11:05:17,371 - INFO - Regula po iteracji 0: IF  THEN survival_status = {nan}, (p=205, n=0, P=205, N=0)
2025-03-05 11:05:17,371 - INFO - *****STOP GROWING RR RULE*****
2025-03-05 11:05:17,371 - INFO - ***RR NOT FOUND***
2025-03-05 11:05:17,371 - INFO - *******STOP GROWING CR RULE*******
2025-03-05 11:05:17,397 - INFO - *******GROWING CR RULE*******
2025-03-05 11:05:17,890 - INFO - Iteracja 0: condition_best: thick >= 3.38, quality_best: 1.0, coverage_best: (p=60, n=0, P=205, N=0)
2025-03-05 11:05:17,894 - INFO - Regula po iteracji 0: IF thick >= 3.38 THEN survival_status = {nan}, (p=60, n=0, P=205, N=0)
2025-03-05 11:05:17,894 - INFO - *****GROWING RR RULE*****
2025-03-05 11:05:19,324 - INFO - Iteracja 0: condition_best: None, quality_best: -inf, coverage_best: (p=0, n=0, P=0, N=0), p_value: 0
2025-03-05 11:05:19,327 - INFO - Regula po iteracji 0: IF  THEN survival_status = {nan}, (p=205, n=0, P=205, N=0)
2025-03-05 11:05:19,327 - INFO - *****STOP GROWING RR RULE*****
2025-03-05 11:05:19,327 - INFO - ***RR NOT FOUND***
2025-03-05 11:05:19,629 - INFO - Iteracja 1: condition_best: ulcer = {present}, quality_best: 1.0, coverage_best: (p=47, n=0, P=205, N=0)
2025-03-05 11:05:19,633 - INFO - Regula po iteracji 1: IF thick >= 3.38 AND ulcer = {present} THEN survival_status = {1506.0}, (p=47, n=0, P=205, N=0)
2025-03-05 11:05:19,633 - INFO - *****GROWING RR RULE*****
2025-03-05 11:05:21,028 - INFO - Iteracja 0: condition_best: None, quality_best: -inf, coverage_best: (p=0, n=0, P=0, N=0), p_value: 0
2025-03-05 11:05:21,031 - INFO - Regula po iteracji 0: IF  THEN survival_status = {nan}, (p=205, n=0, P=205, N=0)
2025-03-05 11:05:21,031 - INFO - *****STOP GROWING RR RULE*****
2025-03-05 11:05:21,031 - INFO - ***RR NOT FOUND***
2025-03-05 11:05:21,304 - INFO - Iteracja 2: condition_best: age >= 42.50, quality_best: 1.0, coverage_best: (p=39, n=0, P=205, N=0)
2025-03-05 11:05:21,308 - INFO - Regula po iteracji 2: IF thick >= 3.38 AND ulcer = {present} AND age >= 42.50 THEN survival_status = {1252.0}, (p=39, n=0, P=205, N=0)
2025-03-05 11:05:21,308 - INFO - *****GROWING RR RULE*****
2025-03-05 11:05:22,664 - INFO - Iteracja 0: condition_best: None, quality_best: -inf, coverage_best: (p=0, n=0, P=0, N=0), p_value: 0
2025-03-05 11:05:22,667 - INFO - Regula po iteracji 0: IF  THEN survival_status = {nan}, (p=205, n=0, P=205, N=0)
2025-03-05 11:05:22,667 - INFO - *****STOP GROWING RR RULE*****
2025-03-05 11:05:22,667 - INFO - ***RR NOT FOUND***
2025-03-05 11:05:22,898 - INFO - Iteracja 3: condition_best: ici >= 1.50, quality_best: 1.0, coverage_best: (p=32, n=0, P=205, N=0)
2025-03-05 11:05:22,902 - INFO - Regula po iteracji 3: IF thick >= 3.38 AND ulcer = {present} AND age >= 42.50 AND ici >= 1.50 THEN survival_status = {1075.0}, (p=32, n=0, P=205, N=0)
2025-03-05 11:05:22,903 - INFO - *****GROWING RR RULE*****
2025-03-05 11:05:24,238 - INFO - Iteracja 0: condition_best: None, quality_best: -inf, coverage_best: (p=0, n=0, P=0, N=0), p_value: 0
2025-03-05 11:05:24,241 - INFO - Regula po iteracji 0: IF  THEN survival_status = {nan}, (p=205, n=0, P=205, N=0)
2025-03-05 11:05:24,241 - INFO - *****STOP GROWING RR RULE*****
2025-03-05 11:05:24,241 - INFO - ***RR NOT FOUND***
2025-03-05 11:05:24,446 - INFO - Iteracja 4: condition_best: thick >= 3.71, quality_best: 1.0, coverage_best: (p=29, n=0, P=205, N=0)
2025-03-05 11:05:24,450 - INFO - Regula po iteracji 4: IF thick >= 3.38 AND ulcer = {present} AND age >= 42.50 AND ici >= 1.50 AND thick >= 3.71 THEN survival_status = {826.0}, (p=29, n=0, P=205, N=0)
2025-03-05 11:05:24,451 - INFO - *****GROWING RR RULE*****
2025-03-05 11:05:25,779 - INFO - Iteracja 0: condition_best: None, quality_best: -inf, coverage_best: (p=0, n=0, P=0, N=0), p_value: 0
2025-03-05 11:05:25,782 - INFO - Regula po iteracji 0: IF  THEN survival_status = {nan}, (p=205, n=0, P=205, N=0)
2025-03-05 11:05:25,782 - INFO - *****STOP GROWING RR RULE*****
2025-03-05 11:05:25,782 - INFO - ***RR NOT FOUND***
2025-03-05 11:05:25,782 - INFO - *******STOP GROWING CR RULE*******
2025-03-05 11:05:25,807 - INFO - *******GROWING CR RULE*******
2025-03-05 11:05:26,294 - INFO - Iteracja 0: condition_best: thick >= 3.38, quality_best: 1.0, coverage_best: (p=60, n=0, P=205, N=0)
2025-03-05 11:05:26,299 - INFO - Regula po iteracji 0: IF thick >= 3.38 THEN survival_status = {nan}, (p=60, n=0, P=205, N=0)
2025-03-05 11:05:26,299 - INFO - *****GROWING RR RULE*****
2025-03-05 11:05:27,733 - INFO - Iteracja 0: condition_best: None, quality_best: -inf, coverage_best: (p=0, n=0, P=0, N=0), p_value: 0
2025-03-05 11:05:27,736 - INFO - Regula po iteracji 0: IF  THEN survival_status = {nan}, (p=205, n=0, P=205, N=0)
2025-03-05 11:05:27,736 - INFO - *****STOP GROWING RR RULE*****
2025-03-05 11:05:27,736 - INFO - ***RR NOT FOUND***
2025-03-05 11:05:28,034 - INFO - Iteracja 1: condition_best: ulcer = {present}, quality_best: 1.0, coverage_best: (p=47, n=0, P=205, N=0)
2025-03-05 11:05:28,038 - INFO - Regula po iteracji 1: IF thick >= 3.38 AND ulcer = {present} THEN survival_status = {1506.0}, (p=47, n=0, P=205, N=0)
2025-03-05 11:05:28,038 - INFO - *****GROWING RR RULE*****
2025-03-05 11:05:29,437 - INFO - Iteracja 0: condition_best: None, quality_best: -inf, coverage_best: (p=0, n=0, P=0, N=0), p_value: 0
2025-03-05 11:05:29,440 - INFO - Regula po iteracji 0: IF  THEN survival_status = {nan}, (p=205, n=0, P=205, N=0)
2025-03-05 11:05:29,440 - INFO - *****STOP GROWING RR RULE*****
2025-03-05 11:05:29,440 - INFO - ***RR NOT FOUND***
2025-03-05 11:05:29,710 - INFO - Iteracja 2: condition_best: age >= 42.50, quality_best: 1.0, coverage_best: (p=39, n=0, P=205, N=0)
2025-03-05 11:05:29,714 - INFO - Regula po iteracji 2: IF thick >= 3.38 AND ulcer = {present} AND age >= 42.50 THEN survival_status = {1252.0}, (p=39, n=0, P=205, N=0)
2025-03-05 11:05:29,715 - INFO - *****GROWING RR RULE*****
2025-03-05 11:05:31,076 - INFO - Iteracja 0: condition_best: None, quality_best: -inf, coverage_best: (p=0, n=0, P=0, N=0), p_value: 0
2025-03-05 11:05:31,079 - INFO - Regula po iteracji 0: IF  THEN survival_status = {nan}, (p=205, n=0, P=205, N=0)
2025-03-05 11:05:31,079 - INFO - *****STOP GROWING RR RULE*****
2025-03-05 11:05:31,079 - INFO - ***RR NOT FOUND***
2025-03-05 11:05:31,308 - INFO - Iteracja 3: condition_best: thick >= 3.71, quality_best: 1.0, coverage_best: (p=35, n=0, P=205, N=0)
2025-03-05 11:05:31,312 - INFO - Regula po iteracji 3: IF thick >= 3.38 AND ulcer = {present} AND age >= 42.50 AND thick >= 3.71 THEN survival_status = {1075.0}, (p=35, n=0, P=205, N=0)
2025-03-05 11:05:31,313 - INFO - *****GROWING RR RULE*****
2025-03-05 11:05:32,659 - INFO - Iteracja 0: condition_best: None, quality_best: -inf, coverage_best: (p=0, n=0, P=0, N=0), p_value: 0
2025-03-05 11:05:32,662 - INFO - Regula po iteracji 0: IF  THEN survival_status = {nan}, (p=205, n=0, P=205, N=0)
2025-03-05 11:05:32,662 - INFO - *****STOP GROWING RR RULE*****
2025-03-05 11:05:32,662 - INFO - ***RR NOT FOUND***
2025-03-05 11:05:32,880 - INFO - Iteracja 4: condition_best: thick <= 15.64, quality_best: 1.0, coverage_best: (p=34, n=0, P=205, N=0)
2025-03-05 11:05:32,884 - INFO - Regula po iteracji 4: IF thick >= 3.38 AND ulcer = {present} AND age >= 42.50 AND thick >= 3.71 AND thick <= 15.64 THEN survival_status = {967.0}, (p=34, n=0, P=205, N=0)
2025-03-05 11:05:32,884 - INFO - *****GROWING RR RULE*****
2025-03-05 11:05:34,227 - INFO - Iteracja 0: condition_best: None, quality_best: -inf, coverage_best: (p=0, n=0, P=0, N=0), p_value: 0
2025-03-05 11:05:34,230 - INFO - Regula po iteracji 0: IF  THEN survival_status = {nan}, (p=205, n=0, P=205, N=0)
2025-03-05 11:05:34,230 - INFO - *****STOP GROWING RR RULE*****
2025-03-05 11:05:34,230 - INFO - ***RR NOT FOUND***
2025-03-05 11:05:34,230 - INFO - *******STOP GROWING CR RULE*******
2025-03-05 11:05:34,242 - INFO - *******GROWING CR RULE*******
2025-03-05 11:05:34,724 - INFO - Iteracja 0: condition_best: thick >= 3.38, quality_best: 1.0, coverage_best: (p=60, n=0, P=205, N=0)
2025-03-05 11:05:34,728 - INFO - Regula po iteracji 0: IF thick >= 3.38 THEN survival_status = {nan}, (p=60, n=0, P=205, N=0)
2025-03-05 11:05:34,728 - INFO - *****GROWING RR RULE*****
2025-03-05 11:05:36,165 - INFO - Iteracja 0: condition_best: None, quality_best: -inf, coverage_best: (p=0, n=0, P=0, N=0), p_value: 0
2025-03-05 11:05:36,168 - INFO - Regula po iteracji 0: IF  THEN survival_status = {nan}, (p=205, n=0, P=205, N=0)
2025-03-05 11:05:36,168 - INFO - *****STOP GROWING RR RULE*****
2025-03-05 11:05:36,168 - INFO - ***RR NOT FOUND***
2025-03-05 11:05:36,466 - INFO - Iteracja 1: condition_best: ulcer = {present}, quality_best: 1.0, coverage_best: (p=47, n=0, P=205, N=0)
2025-03-05 11:05:36,470 - INFO - Regula po iteracji 1: IF thick >= 3.38 AND ulcer = {present} THEN survival_status = {1506.0}, (p=47, n=0, P=205, N=0)
2025-03-05 11:05:36,470 - INFO - *****GROWING RR RULE*****
2025-03-05 11:05:37,872 - INFO - Iteracja 0: condition_best: None, quality_best: -inf, coverage_best: (p=0, n=0, P=0, N=0), p_value: 0
2025-03-05 11:05:37,875 - INFO - Regula po iteracji 0: IF  THEN survival_status = {nan}, (p=205, n=0, P=205, N=0)
2025-03-05 11:05:37,875 - INFO - *****STOP GROWING RR RULE*****
2025-03-05 11:05:37,875 - INFO - ***RR NOT FOUND***
2025-03-05 11:05:38,143 - INFO - Iteracja 2: condition_best: ici >= 0.50, quality_best: 1.0, coverage_best: (p=46, n=0, P=205, N=0)
2025-03-05 11:05:38,147 - INFO - Regula po iteracji 2: IF thick >= 3.38 AND ulcer = {present} AND ici >= 0.50 THEN survival_status = {1252.0}, (p=46, n=0, P=205, N=0)
2025-03-05 11:05:38,148 - INFO - *****GROWING RR RULE*****
2025-03-05 11:05:39,544 - INFO - Iteracja 0: condition_best: None, quality_best: -inf, coverage_best: (p=0, n=0, P=0, N=0), p_value: 0
2025-03-05 11:05:39,547 - INFO - Regula po iteracji 0: IF  THEN survival_status = {nan}, (p=205, n=0, P=205, N=0)
2025-03-05 11:05:39,547 - INFO - *****STOP GROWING RR RULE*****
2025-03-05 11:05:39,547 - INFO - ***RR NOT FOUND***
2025-03-05 11:05:39,813 - INFO - Iteracja 3: condition_best: age >= 15.50, quality_best: 1.0, coverage_best: (p=45, n=0, P=205, N=0)
2025-03-05 11:05:39,818 - INFO - Regula po iteracji 3: IF thick >= 3.38 AND ulcer = {present} AND ici >= 0.50 AND age >= 15.50 THEN survival_status = {1252.0}, (p=45, n=0, P=205, N=0)
2025-03-05 11:05:39,818 - INFO - *****GROWING RR RULE*****
2025-03-05 11:05:41,215 - INFO - Iteracja 0: condition_best: None, quality_best: -inf, coverage_best: (p=0, n=0, P=0, N=0), p_value: 0
2025-03-05 11:05:41,218 - INFO - Regula po iteracji 0: IF  THEN survival_status = {nan}, (p=205, n=0, P=205, N=0)
2025-03-05 11:05:41,219 - INFO - *****STOP GROWING RR RULE*****
2025-03-05 11:05:41,219 - INFO - ***RR NOT FOUND***
2025-03-05 11:05:41,486 - INFO - Iteracja 4: condition_best: ici >= 1.50, quality_best: 1.0, coverage_best: (p=37, n=0, P=205, N=0)
2025-03-05 11:05:41,490 - INFO - Regula po iteracji 4: IF thick >= 3.38 AND ulcer = {present} AND ici >= 0.50 AND age >= 15.50 AND ici >= 1.50 THEN survival_status = {1075.0}, (p=37, n=0, P=205, N=0)
2025-03-05 11:05:41,491 - INFO - *****GROWING RR RULE*****
2025-03-05 11:05:42,861 - INFO - Iteracja 0: condition_best: None, quality_best: -inf, coverage_best: (p=0, n=0, P=0, N=0), p_value: 0
2025-03-05 11:05:42,864 - INFO - Regula po iteracji 0: IF  THEN survival_status = {nan}, (p=205, n=0, P=205, N=0)
2025-03-05 11:05:42,864 - INFO - *****STOP GROWING RR RULE*****
2025-03-05 11:05:42,864 - INFO - ***RR NOT FOUND***
2025-03-05 11:05:42,864 - INFO - *******STOP GROWING CR RULE*******
2025-03-05 11:05:42,878 - INFO - *******GROWING CR RULE*******
2025-03-05 11:05:43,354 - INFO - Iteracja 0: condition_best: thick >= 3.38, quality_best: 1.0, coverage_best: (p=60, n=0, P=205, N=0)
2025-03-05 11:05:43,358 - INFO - Regula po iteracji 0: IF thick >= 3.38 THEN survival_status = {nan}, (p=60, n=0, P=205, N=0)
2025-03-05 11:05:43,358 - INFO - *****GROWING RR RULE*****
2025-03-05 11:05:44,788 - INFO - Iteracja 0: condition_best: None, quality_best: -inf, coverage_best: (p=0, n=0, P=0, N=0), p_value: 0
2025-03-05 11:05:44,791 - INFO - Regula po iteracji 0: IF  THEN survival_status = {nan}, (p=205, n=0, P=205, N=0)
2025-03-05 11:05:44,791 - INFO - *****STOP GROWING RR RULE*****
2025-03-05 11:05:44,791 - INFO - ***RR NOT FOUND***
2025-03-05 11:05:45,081 - INFO - Iteracja 1: condition_best: ici >= 0.50, quality_best: 1.0, coverage_best: (p=59, n=0, P=205, N=0)
2025-03-05 11:05:45,085 - INFO - Regula po iteracji 1: IF thick >= 3.38 AND ici >= 0.50 THEN survival_status = {1506.0}, (p=59, n=0, P=205, N=0)
2025-03-05 11:05:45,085 - INFO - *****GROWING RR RULE*****
2025-03-05 11:05:46,512 - INFO - Iteracja 0: condition_best: None, quality_best: -inf, coverage_best: (p=0, n=0, P=0, N=0), p_value: 0
2025-03-05 11:05:46,515 - INFO - Regula po iteracji 0: IF  THEN survival_status = {nan}, (p=205, n=0, P=205, N=0)
2025-03-05 11:05:46,515 - INFO - *****STOP GROWING RR RULE*****
2025-03-05 11:05:46,515 - INFO - ***RR NOT FOUND***
2025-03-05 11:05:46,807 - INFO - Iteracja 2: condition_best: age >= 14.00, quality_best: 1.0, coverage_best: (p=58, n=0, P=205, N=0)
2025-03-05 11:05:46,811 - INFO - Regula po iteracji 2: IF thick >= 3.38 AND ici >= 0.50 AND age >= 14.00 THEN survival_status = {1506.0}, (p=58, n=0, P=205, N=0)
2025-03-05 11:05:46,811 - INFO - *****GROWING RR RULE*****
2025-03-05 11:05:48,234 - INFO - Iteracja 0: condition_best: None, quality_best: -inf, coverage_best: (p=0, n=0, P=0, N=0), p_value: 0
2025-03-05 11:05:48,237 - INFO - Regula po iteracji 0: IF  THEN survival_status = {nan}, (p=205, n=0, P=205, N=0)
2025-03-05 11:05:48,237 - INFO - *****STOP GROWING RR RULE*****
2025-03-05 11:05:48,237 - INFO - ***RR NOT FOUND***
2025-03-05 11:05:48,536 - INFO - Iteracja 3: condition_best: thick <= 16.04, quality_best: 1.0, coverage_best: (p=57, n=0, P=205, N=0)
2025-03-05 11:05:48,541 - INFO - Regula po iteracji 3: IF thick >= 3.38 AND ici >= 0.50 AND age >= 14.00 AND thick <= 16.04 THEN survival_status = {1312.0}, (p=57, n=0, P=205, N=0)
2025-03-05 11:05:48,541 - INFO - *****GROWING RR RULE*****
2025-03-05 11:05:49,961 - INFO - Iteracja 0: condition_best: None, quality_best: -inf, coverage_best: (p=0, n=0, P=0, N=0), p_value: 0
2025-03-05 11:05:49,964 - INFO - Regula po iteracji 0: IF  THEN survival_status = {nan}, (p=205, n=0, P=205, N=0)
2025-03-05 11:05:49,964 - INFO - *****STOP GROWING RR RULE*****
2025-03-05 11:05:49,964 - INFO - ***RR NOT FOUND***
2025-03-05 11:05:50,270 - INFO - Iteracja 4: condition_best: thick <= 14.25, quality_best: 1.0, coverage_best: (p=56, n=0, P=205, N=0)
2025-03-05 11:05:50,275 - INFO - Regula po iteracji 4: IF thick >= 3.38 AND ici >= 0.50 AND age >= 14.00 AND thick <= 16.04 AND thick <= 14.25 THEN survival_status = {1506.0}, (p=56, n=0, P=205, N=0)
2025-03-05 11:05:50,275 - INFO - *****GROWING RR RULE*****
2025-03-05 11:05:51,692 - INFO - Iteracja 0: condition_best: None, quality_best: -inf, coverage_best: (p=0, n=0, P=0, N=0), p_value: 0
2025-03-05 11:05:51,695 - INFO - Regula po iteracji 0: IF  THEN survival_status = {nan}, (p=205, n=0, P=205, N=0)
2025-03-05 11:05:51,695 - INFO - *****STOP GROWING RR RULE*****
2025-03-05 11:05:51,695 - INFO - ***RR NOT FOUND***
2025-03-05 11:05:51,695 - INFO - *******STOP GROWING CR RULE*******
2025-03-05 11:05:51,707 - INFO - *******GROWING CR RULE*******
2025-03-05 11:05:52,169 - INFO - Iteracja 0: condition_best: thick <= 3.38, quality_best: 1.0, coverage_best: (p=145, n=0, P=205, N=0)
2025-03-05 11:05:52,173 - INFO - Regula po iteracji 0: IF thick <= 3.38 THEN survival_status = {nan}, (p=145, n=0, P=205, N=0)
2025-03-05 11:05:52,173 - INFO - *****GROWING RR RULE*****
2025-03-05 11:05:53,816 - INFO - Iteracja 0: condition_best: None, quality_best: -inf, coverage_best: (p=0, n=0, P=0, N=0), p_value: 0
2025-03-05 11:05:53,819 - INFO - Regula po iteracji 0: IF  THEN survival_status = {nan}, (p=205, n=0, P=205, N=0)
2025-03-05 11:05:53,819 - INFO - *****STOP GROWING RR RULE*****
2025-03-05 11:05:53,820 - INFO - ***RR NOT FOUND***
2025-03-05 11:05:54,182 - INFO - Iteracja 1: condition_best: age <= 70.50, quality_best: 1.0, coverage_best: (p=132, n=0, P=205, N=0)
2025-03-05 11:05:54,186 - INFO - Regula po iteracji 1: IF thick <= 3.38 AND age <= 70.50 THEN survival_status = {inf}, (p=132, n=0, P=205, N=0)
2025-03-05 11:05:54,186 - INFO - *****GROWING RR RULE*****
2025-03-05 11:05:55,782 - INFO - Iteracja 0: condition_best: None, quality_best: -inf, coverage_best: (p=0, n=0, P=0, N=0), p_value: 0
2025-03-05 11:05:55,785 - INFO - Regula po iteracji 0: IF  THEN survival_status = {nan}, (p=205, n=0, P=205, N=0)
2025-03-05 11:05:55,785 - INFO - *****STOP GROWING RR RULE*****
2025-03-05 11:05:55,785 - INFO - ***RR NOT FOUND***
2025-03-05 11:05:56,125 - INFO - Iteracja 2: condition_best: age >= 14.50, quality_best: 1.0, coverage_best: (p=130, n=0, P=205, N=0)
2025-03-05 11:05:56,129 - INFO - Regula po iteracji 2: IF thick <= 3.38 AND age <= 70.50 AND age >= 14.50 THEN survival_status = {inf}, (p=130, n=0, P=205, N=0)
2025-03-05 11:05:56,130 - INFO - *****GROWING RR RULE*****
2025-03-05 11:05:57,719 - INFO - Iteracja 0: condition_best: None, quality_best: -inf, coverage_best: (p=0, n=0, P=0, N=0), p_value: 0
2025-03-05 11:05:57,722 - INFO - Regula po iteracji 0: IF  THEN survival_status = {nan}, (p=205, n=0, P=205, N=0)
2025-03-05 11:05:57,722 - INFO - *****STOP GROWING RR RULE*****
2025-03-05 11:05:57,722 - INFO - ***RR NOT FOUND***
2025-03-05 11:05:58,059 - INFO - Iteracja 3: condition_best: age >= 17.00, quality_best: 1.0, coverage_best: (p=129, n=0, P=205, N=0)
2025-03-05 11:05:58,063 - INFO - Regula po iteracji 3: IF thick <= 3.38 AND age <= 70.50 AND age >= 14.50 AND age >= 17.00 THEN survival_status = {inf}, (p=129, n=0, P=205, N=0)
2025-03-05 11:05:58,063 - INFO - *****GROWING RR RULE*****
2025-03-05 11:05:59,650 - INFO - Iteracja 0: condition_best: None, quality_best: -inf, coverage_best: (p=0, n=0, P=0, N=0), p_value: 0
2025-03-05 11:05:59,653 - INFO - Regula po iteracji 0: IF  THEN survival_status = {nan}, (p=205, n=0, P=205, N=0)
2025-03-05 11:05:59,653 - INFO - *****STOP GROWING RR RULE*****
2025-03-05 11:05:59,653 - INFO - ***RR NOT FOUND***
2025-03-05 11:05:59,992 - INFO - Iteracja 4: condition_best: thick >= 0.13, quality_best: 1.0, coverage_best: (p=128, n=0, P=205, N=0)
2025-03-05 11:05:59,996 - INFO - Regula po iteracji 4: IF thick <= 3.38 AND age <= 70.50 AND age >= 14.50 AND age >= 17.00 AND thick >= 0.13 THEN survival_status = {inf}, (p=128, n=0, P=205, N=0)
2025-03-05 11:05:59,997 - INFO - *****GROWING RR RULE*****
2025-03-05 11:06:01,578 - INFO - Iteracja 0: condition_best: None, quality_best: -inf, coverage_best: (p=0, n=0, P=0, N=0), p_value: 0
2025-03-05 11:06:01,581 - INFO - Regula po iteracji 0: IF  THEN survival_status = {nan}, (p=205, n=0, P=205, N=0)
2025-03-05 11:06:01,581 - INFO - *****STOP GROWING RR RULE*****
2025-03-05 11:06:01,581 - INFO - ***RR NOT FOUND***
2025-03-05 11:06:01,581 - INFO - *******STOP GROWING CR RULE*******
2025-03-05 11:06:01,757 - INFO - ************************Finished experiment for 05_Melanoma.arff with algorithm3************************
2025-03-05 11:06:01,757 - INFO - *************************************************************************************************************************
2025-03-05 11:06:01,757 - INFO - *************************************************************************************************************************
2025-03-05 11:06:01,757 - INFO - *************************************************************************************************************************
2025-03-05 11:06:01,758 - INFO - **********Starting experiment for 05_Melanoma.arff with algorithm4**********
2025-03-05 11:06:01,765 - INFO - *******GROWING CR RULE*******
2025-03-05 11:06:02,424 - INFO - Iteracja 0: condition_best: thick <= 3.38, quality_best: 1.0, coverage_best: (p=145, n=0, P=205, N=0)
2025-03-05 11:06:02,429 - INFO - Regula po iteracji 0: IF thick <= 3.38 THEN survival_status = {nan}, (p=145, n=0, P=205, N=0)
2025-03-05 11:06:02,429 - INFO - *****GROWING RR RULE*****
2025-03-05 11:06:05,149 - INFO - Iteracja 0: condition_best: None, quality_best: -inf, coverage_best: (p=0, n=0, P=0, N=0), p_value: 0
2025-03-05 11:06:05,152 - INFO - Regula po iteracji 0: IF  THEN survival_status = {nan}, (p=205, n=0, P=205, N=0)
2025-03-05 11:06:05,152 - INFO - *****STOP GROWING RR RULE*****
2025-03-05 11:06:05,153 - INFO - ***RR NOT FOUND***
2025-03-05 11:06:05,654 - INFO - Iteracja 1: condition_best: age <= 70.50, quality_best: 1.0, coverage_best: (p=132, n=0, P=205, N=0)
2025-03-05 11:06:05,659 - INFO - Regula po iteracji 1: IF thick <= 3.38 AND age <= 70.50 THEN survival_status = {inf}, (p=132, n=0, P=205, N=0)
2025-03-05 11:06:05,659 - INFO - *****GROWING RR RULE*****
2025-03-05 11:06:08,297 - INFO - Iteracja 0: condition_best: None, quality_best: -inf, coverage_best: (p=0, n=0, P=0, N=0), p_value: 0
2025-03-05 11:06:08,300 - INFO - Regula po iteracji 0: IF  THEN survival_status = {nan}, (p=205, n=0, P=205, N=0)
2025-03-05 11:06:08,300 - INFO - *****STOP GROWING RR RULE*****
2025-03-05 11:06:08,300 - INFO - ***RR NOT FOUND***
2025-03-05 11:06:08,767 - INFO - Iteracja 2: condition_best: age >= 14.50, quality_best: 1.0, coverage_best: (p=130, n=0, P=205, N=0)
2025-03-05 11:06:08,771 - INFO - Regula po iteracji 2: IF thick <= 3.38 AND age <= 70.50 AND age >= 14.50 THEN survival_status = {inf}, (p=130, n=0, P=205, N=0)
2025-03-05 11:06:08,771 - INFO - *****GROWING RR RULE*****
2025-03-05 11:06:11,394 - INFO - Iteracja 0: condition_best: None, quality_best: -inf, coverage_best: (p=0, n=0, P=0, N=0), p_value: 0
2025-03-05 11:06:11,397 - INFO - Regula po iteracji 0: IF  THEN survival_status = {nan}, (p=205, n=0, P=205, N=0)
2025-03-05 11:06:11,397 - INFO - *****STOP GROWING RR RULE*****
2025-03-05 11:06:11,397 - INFO - ***RR NOT FOUND***
2025-03-05 11:06:11,855 - INFO - Iteracja 3: condition_best: age >= 17.00, quality_best: 1.0, coverage_best: (p=129, n=0, P=205, N=0)
2025-03-05 11:06:11,859 - INFO - Regula po iteracji 3: IF thick <= 3.38 AND age <= 70.50 AND age >= 14.50 AND age >= 17.00 THEN survival_status = {inf}, (p=129, n=0, P=205, N=0)
2025-03-05 11:06:11,859 - INFO - *****GROWING RR RULE*****
2025-03-05 11:06:14,476 - INFO - Iteracja 0: condition_best: None, quality_best: -inf, coverage_best: (p=0, n=0, P=0, N=0), p_value: 0
2025-03-05 11:06:14,479 - INFO - Regula po iteracji 0: IF  THEN survival_status = {nan}, (p=205, n=0, P=205, N=0)
2025-03-05 11:06:14,479 - INFO - *****STOP GROWING RR RULE*****
2025-03-05 11:06:14,479 - INFO - ***RR NOT FOUND***
2025-03-05 11:06:14,937 - INFO - Iteracja 4: condition_best: thick >= 0.13, quality_best: 1.0, coverage_best: (p=128, n=0, P=205, N=0)
2025-03-05 11:06:14,941 - INFO - Regula po iteracji 4: IF thick <= 3.38 AND age <= 70.50 AND age >= 14.50 AND age >= 17.00 AND thick >= 0.13 THEN survival_status = {inf}, (p=128, n=0, P=205, N=0)
2025-03-05 11:06:14,942 - INFO - *****GROWING RR RULE*****
2025-03-05 11:06:17,551 - INFO - Iteracja 0: condition_best: None, quality_best: -inf, coverage_best: (p=0, n=0, P=0, N=0), p_value: 0
2025-03-05 11:06:17,554 - INFO - Regula po iteracji 0: IF  THEN survival_status = {nan}, (p=205, n=0, P=205, N=0)
2025-03-05 11:06:17,554 - INFO - *****STOP GROWING RR RULE*****
2025-03-05 11:06:17,554 - INFO - ***RR NOT FOUND***
2025-03-05 11:06:17,554 - INFO - *******STOP GROWING CR RULE*******
2025-03-05 11:06:17,566 - INFO - *******GROWING CR RULE*******
2025-03-05 11:06:18,096 - INFO - Iteracja 0: condition_best: thick <= 3.38, quality_best: 1.0, coverage_best: (p=145, n=0, P=205, N=0)
2025-03-05 11:06:18,100 - INFO - Regula po iteracji 0: IF thick <= 3.38 THEN survival_status = {nan}, (p=145, n=0, P=205, N=0)
2025-03-05 11:06:18,100 - INFO - *****GROWING RR RULE*****
2025-03-05 11:06:20,813 - INFO - Iteracja 0: condition_best: None, quality_best: -inf, coverage_best: (p=0, n=0, P=0, N=0), p_value: 0
2025-03-05 11:06:20,816 - INFO - Regula po iteracji 0: IF  THEN survival_status = {nan}, (p=205, n=0, P=205, N=0)
2025-03-05 11:06:20,816 - INFO - *****STOP GROWING RR RULE*****
2025-03-05 11:06:20,816 - INFO - ***RR NOT FOUND***
2025-03-05 11:06:21,231 - INFO - Iteracja 1: condition_best: age <= 74.50, quality_best: 1.0, coverage_best: (p=137, n=0, P=205, N=0)
2025-03-05 11:06:21,236 - INFO - Regula po iteracji 1: IF thick <= 3.38 AND age <= 74.50 THEN survival_status = {inf}, (p=137, n=0, P=205, N=0)
2025-03-05 11:06:21,236 - INFO - *****GROWING RR RULE*****
2025-03-05 11:06:23,901 - INFO - Iteracja 0: condition_best: None, quality_best: -inf, coverage_best: (p=0, n=0, P=0, N=0), p_value: 0
2025-03-05 11:06:23,904 - INFO - Regula po iteracji 0: IF  THEN survival_status = {nan}, (p=205, n=0, P=205, N=0)
2025-03-05 11:06:23,904 - INFO - *****STOP GROWING RR RULE*****
2025-03-05 11:06:23,904 - INFO - ***RR NOT FOUND***
2025-03-05 11:06:24,307 - INFO - Iteracja 2: condition_best: age >= 14.50, quality_best: 1.0, coverage_best: (p=135, n=0, P=205, N=0)
2025-03-05 11:06:24,311 - INFO - Regula po iteracji 2: IF thick <= 3.38 AND age <= 74.50 AND age >= 14.50 THEN survival_status = {inf}, (p=135, n=0, P=205, N=0)
2025-03-05 11:06:24,311 - INFO - *****GROWING RR RULE*****
2025-03-05 11:06:26,961 - INFO - Iteracja 0: condition_best: None, quality_best: -inf, coverage_best: (p=0, n=0, P=0, N=0), p_value: 0
2025-03-05 11:06:26,964 - INFO - Regula po iteracji 0: IF  THEN survival_status = {nan}, (p=205, n=0, P=205, N=0)
2025-03-05 11:06:26,964 - INFO - *****STOP GROWING RR RULE*****
2025-03-05 11:06:26,964 - INFO - ***RR NOT FOUND***
2025-03-05 11:06:27,363 - INFO - Iteracja 3: condition_best: age >= 17.00, quality_best: 1.0, coverage_best: (p=134, n=0, P=205, N=0)
2025-03-05 11:06:27,367 - INFO - Regula po iteracji 3: IF thick <= 3.38 AND age <= 74.50 AND age >= 14.50 AND age >= 17.00 THEN survival_status = {inf}, (p=134, n=0, P=205, N=0)
2025-03-05 11:06:27,367 - INFO - *****GROWING RR RULE*****
2025-03-05 11:06:30,008 - INFO - Iteracja 0: condition_best: None, quality_best: -inf, coverage_best: (p=0, n=0, P=0, N=0), p_value: 0
2025-03-05 11:06:30,011 - INFO - Regula po iteracji 0: IF  THEN survival_status = {nan}, (p=205, n=0, P=205, N=0)
2025-03-05 11:06:30,011 - INFO - *****STOP GROWING RR RULE*****
2025-03-05 11:06:30,011 - INFO - ***RR NOT FOUND***
2025-03-05 11:06:30,411 - INFO - Iteracja 4: condition_best: thick >= 0.13, quality_best: 1.0, coverage_best: (p=133, n=0, P=205, N=0)
2025-03-05 11:06:30,415 - INFO - Regula po iteracji 4: IF thick <= 3.38 AND age <= 74.50 AND age >= 14.50 AND age >= 17.00 AND thick >= 0.13 THEN survival_status = {inf}, (p=133, n=0, P=205, N=0)
2025-03-05 11:06:30,415 - INFO - *****GROWING RR RULE*****
2025-03-05 11:06:33,049 - INFO - Iteracja 0: condition_best: None, quality_best: -inf, coverage_best: (p=0, n=0, P=0, N=0), p_value: 0
2025-03-05 11:06:33,052 - INFO - Regula po iteracji 0: IF  THEN survival_status = {nan}, (p=205, n=0, P=205, N=0)
2025-03-05 11:06:33,052 - INFO - *****STOP GROWING RR RULE*****
2025-03-05 11:06:33,052 - INFO - ***RR NOT FOUND***
2025-03-05 11:06:33,052 - INFO - *******STOP GROWING CR RULE*******
2025-03-05 11:06:33,064 - INFO - *******GROWING CR RULE*******
2025-03-05 11:06:33,594 - INFO - Iteracja 0: condition_best: thick <= 3.38, quality_best: 1.0, coverage_best: (p=145, n=0, P=205, N=0)
2025-03-05 11:06:33,599 - INFO - Regula po iteracji 0: IF thick <= 3.38 THEN survival_status = {nan}, (p=145, n=0, P=205, N=0)
2025-03-05 11:06:33,599 - INFO - *****GROWING RR RULE*****
2025-03-05 11:06:36,310 - INFO - Iteracja 0: condition_best: None, quality_best: -inf, coverage_best: (p=0, n=0, P=0, N=0), p_value: 0
2025-03-05 11:06:36,313 - INFO - Regula po iteracji 0: IF  THEN survival_status = {nan}, (p=205, n=0, P=205, N=0)
2025-03-05 11:06:36,313 - INFO - *****STOP GROWING RR RULE*****
2025-03-05 11:06:36,313 - INFO - ***RR NOT FOUND***
2025-03-05 11:06:36,723 - INFO - Iteracja 1: condition_best: age <= 76.50, quality_best: 1.0, coverage_best: (p=140, n=0, P=205, N=0)
2025-03-05 11:06:36,727 - INFO - Regula po iteracji 1: IF thick <= 3.38 AND age <= 76.50 THEN survival_status = {inf}, (p=140, n=0, P=205, N=0)
2025-03-05 11:06:36,728 - INFO - *****GROWING RR RULE*****
2025-03-05 11:06:39,411 - INFO - Iteracja 0: condition_best: None, quality_best: -inf, coverage_best: (p=0, n=0, P=0, N=0), p_value: 0
2025-03-05 11:06:39,414 - INFO - Regula po iteracji 0: IF  THEN survival_status = {nan}, (p=205, n=0, P=205, N=0)
2025-03-05 11:06:39,414 - INFO - *****STOP GROWING RR RULE*****
2025-03-05 11:06:39,414 - INFO - ***RR NOT FOUND***
2025-03-05 11:06:39,821 - INFO - Iteracja 2: condition_best: thick >= 0.13, quality_best: 1.0, coverage_best: (p=139, n=0, P=205, N=0)
2025-03-05 11:06:39,826 - INFO - Regula po iteracji 2: IF thick <= 3.38 AND age <= 76.50 AND thick >= 0.13 THEN survival_status = {inf}, (p=139, n=0, P=205, N=0)
2025-03-05 11:06:39,826 - INFO - *****GROWING RR RULE*****
2025-03-05 11:06:42,502 - INFO - Iteracja 0: condition_best: None, quality_best: -inf, coverage_best: (p=0, n=0, P=0, N=0), p_value: 0
2025-03-05 11:06:42,505 - INFO - Regula po iteracji 0: IF  THEN survival_status = {nan}, (p=205, n=0, P=205, N=0)
2025-03-05 11:06:42,505 - INFO - *****STOP GROWING RR RULE*****
2025-03-05 11:06:42,505 - INFO - ***RR NOT FOUND***
2025-03-05 11:06:42,920 - INFO - Iteracja 3: condition_best: thick >= 0.20, quality_best: 1.0, coverage_best: (p=133, n=0, P=205, N=0)
2025-03-05 11:06:42,924 - INFO - Regula po iteracji 3: IF thick <= 3.38 AND age <= 76.50 AND thick >= 0.13 AND thick >= 0.20 THEN survival_status = {inf}, (p=133, n=0, P=205, N=0)
2025-03-05 11:06:42,925 - INFO - *****GROWING RR RULE*****
2025-03-05 11:06:45,580 - INFO - Iteracja 0: condition_best: None, quality_best: -inf, coverage_best: (p=0, n=0, P=0, N=0), p_value: 0
2025-03-05 11:06:45,583 - INFO - Regula po iteracji 0: IF  THEN survival_status = {nan}, (p=205, n=0, P=205, N=0)
2025-03-05 11:06:45,583 - INFO - *****STOP GROWING RR RULE*****
2025-03-05 11:06:45,583 - INFO - ***RR NOT FOUND***
2025-03-05 11:06:45,997 - INFO - Iteracja 4: condition_best: thick >= 0.28, quality_best: 1.0, coverage_best: (p=132, n=0, P=205, N=0)
2025-03-05 11:06:46,001 - INFO - Regula po iteracji 4: IF thick <= 3.38 AND age <= 76.50 AND thick >= 0.13 AND thick >= 0.20 AND thick >= 0.28 THEN survival_status = {inf}, (p=132, n=0, P=205, N=0)
2025-03-05 11:06:46,002 - INFO - *****GROWING RR RULE*****
2025-03-05 11:06:48,650 - INFO - Iteracja 0: condition_best: None, quality_best: -inf, coverage_best: (p=0, n=0, P=0, N=0), p_value: 0
2025-03-05 11:06:48,653 - INFO - Regula po iteracji 0: IF  THEN survival_status = {nan}, (p=205, n=0, P=205, N=0)
2025-03-05 11:06:48,653 - INFO - *****STOP GROWING RR RULE*****
2025-03-05 11:06:48,653 - INFO - ***RR NOT FOUND***
2025-03-05 11:06:48,653 - INFO - *******STOP GROWING CR RULE*******
2025-03-05 11:06:48,663 - INFO - *******GROWING CR RULE*******
2025-03-05 11:06:49,189 - INFO - Iteracja 0: condition_best: thick <= 3.38, quality_best: 1.0, coverage_best: (p=145, n=0, P=205, N=0)
2025-03-05 11:06:49,193 - INFO - Regula po iteracji 0: IF thick <= 3.38 THEN survival_status = {nan}, (p=145, n=0, P=205, N=0)
2025-03-05 11:06:49,193 - INFO - *****GROWING RR RULE*****
2025-03-05 11:06:51,908 - INFO - Iteracja 0: condition_best: None, quality_best: -inf, coverage_best: (p=0, n=0, P=0, N=0), p_value: 0
2025-03-05 11:06:51,911 - INFO - Regula po iteracji 0: IF  THEN survival_status = {nan}, (p=205, n=0, P=205, N=0)
2025-03-05 11:06:51,911 - INFO - *****STOP GROWING RR RULE*****
2025-03-05 11:06:51,911 - INFO - ***RR NOT FOUND***
2025-03-05 11:06:52,320 - INFO - Iteracja 1: condition_best: age >= 14.50, quality_best: 1.0, coverage_best: (p=143, n=0, P=205, N=0)
2025-03-05 11:06:52,325 - INFO - Regula po iteracji 1: IF thick <= 3.38 AND age >= 14.50 THEN survival_status = {inf}, (p=143, n=0, P=205, N=0)
2025-03-05 11:06:52,325 - INFO - *****GROWING RR RULE*****
2025-03-05 11:06:55,016 - INFO - Iteracja 0: condition_best: None, quality_best: -inf, coverage_best: (p=0, n=0, P=0, N=0), p_value: 0
2025-03-05 11:06:55,019 - INFO - Regula po iteracji 0: IF  THEN survival_status = {nan}, (p=205, n=0, P=205, N=0)
2025-03-05 11:06:55,019 - INFO - *****STOP GROWING RR RULE*****
2025-03-05 11:06:55,019 - INFO - ***RR NOT FOUND***
2025-03-05 11:06:55,425 - INFO - Iteracja 2: condition_best: age >= 17.00, quality_best: 1.0, coverage_best: (p=142, n=0, P=205, N=0)
2025-03-05 11:06:55,429 - INFO - Regula po iteracji 2: IF thick <= 3.38 AND age >= 14.50 AND age >= 17.00 THEN survival_status = {inf}, (p=142, n=0, P=205, N=0)
2025-03-05 11:06:55,429 - INFO - *****GROWING RR RULE*****
2025-03-05 11:06:58,114 - INFO - Iteracja 0: condition_best: None, quality_best: -inf, coverage_best: (p=0, n=0, P=0, N=0), p_value: 0
2025-03-05 11:06:58,117 - INFO - Regula po iteracji 0: IF  THEN survival_status = {nan}, (p=205, n=0, P=205, N=0)
2025-03-05 11:06:58,117 - INFO - *****STOP GROWING RR RULE*****
2025-03-05 11:06:58,117 - INFO - ***RR NOT FOUND***
2025-03-05 11:06:58,529 - INFO - Iteracja 3: condition_best: thick >= 0.13, quality_best: 1.0, coverage_best: (p=141, n=0, P=205, N=0)
2025-03-05 11:06:58,533 - INFO - Regula po iteracji 3: IF thick <= 3.38 AND age >= 14.50 AND age >= 17.00 AND thick >= 0.13 THEN survival_status = {inf}, (p=141, n=0, P=205, N=0)
2025-03-05 11:06:58,534 - INFO - *****GROWING RR RULE*****
2025-03-05 11:07:01,213 - INFO - Iteracja 0: condition_best: None, quality_best: -inf, coverage_best: (p=0, n=0, P=0, N=0), p_value: 0
2025-03-05 11:07:01,216 - INFO - Regula po iteracji 0: IF  THEN survival_status = {nan}, (p=205, n=0, P=205, N=0)
2025-03-05 11:07:01,216 - INFO - *****STOP GROWING RR RULE*****
2025-03-05 11:07:01,216 - INFO - ***RR NOT FOUND***
2025-03-05 11:07:01,630 - INFO - Iteracja 4: condition_best: age >= 19.50, quality_best: 1.0, coverage_best: (p=140, n=0, P=205, N=0)
2025-03-05 11:07:01,634 - INFO - Regula po iteracji 4: IF thick <= 3.38 AND age >= 14.50 AND age >= 17.00 AND thick >= 0.13 AND age >= 19.50 THEN survival_status = {inf}, (p=140, n=0, P=205, N=0)
2025-03-05 11:07:01,635 - INFO - *****GROWING RR RULE*****
2025-03-05 11:07:04,308 - INFO - Iteracja 0: condition_best: None, quality_best: -inf, coverage_best: (p=0, n=0, P=0, N=0), p_value: 0
2025-03-05 11:07:04,311 - INFO - Regula po iteracji 0: IF  THEN survival_status = {nan}, (p=205, n=0, P=205, N=0)
2025-03-05 11:07:04,311 - INFO - *****STOP GROWING RR RULE*****
2025-03-05 11:07:04,311 - INFO - ***RR NOT FOUND***
2025-03-05 11:07:04,311 - INFO - *******STOP GROWING CR RULE*******
2025-03-05 11:07:04,320 - INFO - *******GROWING CR RULE*******
2025-03-05 11:07:04,838 - INFO - Iteracja 0: condition_best: thick >= 3.38, quality_best: 1.0, coverage_best: (p=60, n=0, P=205, N=0)
2025-03-05 11:07:04,842 - INFO - Regula po iteracji 0: IF thick >= 3.38 THEN survival_status = {nan}, (p=60, n=0, P=205, N=0)
2025-03-05 11:07:04,842 - INFO - *****GROWING RR RULE*****
2025-03-05 11:07:07,396 - INFO - Iteracja 0: condition_best: None, quality_best: -inf, coverage_best: (p=0, n=0, P=0, N=0), p_value: 0
2025-03-05 11:07:07,399 - INFO - Regula po iteracji 0: IF  THEN survival_status = {nan}, (p=205, n=0, P=205, N=0)
2025-03-05 11:07:07,399 - INFO - *****STOP GROWING RR RULE*****
2025-03-05 11:07:07,399 - INFO - ***RR NOT FOUND***
2025-03-05 11:07:07,714 - INFO - Iteracja 1: condition_best: ulcer = {present}, quality_best: 1.0, coverage_best: (p=47, n=0, P=205, N=0)
2025-03-05 11:07:07,718 - INFO - Regula po iteracji 1: IF thick >= 3.38 AND ulcer = {present} THEN survival_status = {1506.0}, (p=47, n=0, P=205, N=0)
2025-03-05 11:07:07,718 - INFO - *****GROWING RR RULE*****
2025-03-05 11:07:10,237 - INFO - Iteracja 0: condition_best: None, quality_best: -inf, coverage_best: (p=0, n=0, P=0, N=0), p_value: 0
2025-03-05 11:07:10,240 - INFO - Regula po iteracji 0: IF  THEN survival_status = {nan}, (p=205, n=0, P=205, N=0)
2025-03-05 11:07:10,240 - INFO - *****STOP GROWING RR RULE*****
2025-03-05 11:07:10,240 - INFO - ***RR NOT FOUND***
2025-03-05 11:07:10,524 - INFO - Iteracja 2: condition_best: age >= 42.50, quality_best: 1.0, coverage_best: (p=39, n=0, P=205, N=0)
2025-03-05 11:07:10,529 - INFO - Regula po iteracji 2: IF thick >= 3.38 AND ulcer = {present} AND age >= 42.50 THEN survival_status = {1252.0}, (p=39, n=0, P=205, N=0)
2025-03-05 11:07:10,529 - INFO - *****GROWING RR RULE*****
2025-03-05 11:07:12,945 - INFO - Iteracja 0: condition_best: None, quality_best: -inf, coverage_best: (p=0, n=0, P=0, N=0), p_value: 0
2025-03-05 11:07:12,948 - INFO - Regula po iteracji 0: IF  THEN survival_status = {nan}, (p=205, n=0, P=205, N=0)
2025-03-05 11:07:12,948 - INFO - *****STOP GROWING RR RULE*****
2025-03-05 11:07:12,948 - INFO - ***RR NOT FOUND***
2025-03-05 11:07:13,191 - INFO - Iteracja 3: condition_best: ici >= 1.50, quality_best: 1.0, coverage_best: (p=32, n=0, P=205, N=0)
2025-03-05 11:07:13,196 - INFO - Regula po iteracji 3: IF thick >= 3.38 AND ulcer = {present} AND age >= 42.50 AND ici >= 1.50 THEN survival_status = {1075.0}, (p=32, n=0, P=205, N=0)
2025-03-05 11:07:13,196 - INFO - *****GROWING RR RULE*****
2025-03-05 11:07:15,582 - INFO - Iteracja 0: condition_best: None, quality_best: -inf, coverage_best: (p=0, n=0, P=0, N=0), p_value: 0
2025-03-05 11:07:15,585 - INFO - Regula po iteracji 0: IF  THEN survival_status = {nan}, (p=205, n=0, P=205, N=0)
2025-03-05 11:07:15,585 - INFO - *****STOP GROWING RR RULE*****
2025-03-05 11:07:15,585 - INFO - ***RR NOT FOUND***
2025-03-05 11:07:15,800 - INFO - Iteracja 4: condition_best: thick >= 4.83, quality_best: 1.0, coverage_best: (p=22, n=0, P=205, N=0)
2025-03-05 11:07:15,804 - INFO - Regula po iteracji 4: IF thick >= 3.38 AND ulcer = {present} AND age >= 42.50 AND ici >= 1.50 AND thick >= 4.83 THEN survival_status = {826.0}, (p=22, n=0, P=205, N=0)
2025-03-05 11:07:15,804 - INFO - *****GROWING RR RULE*****
2025-03-05 11:07:18,128 - INFO - Iteracja 0: condition_best: None, quality_best: -inf, coverage_best: (p=0, n=0, P=0, N=0), p_value: 0
2025-03-05 11:07:18,131 - INFO - Regula po iteracji 0: IF  THEN survival_status = {nan}, (p=205, n=0, P=205, N=0)
2025-03-05 11:07:18,131 - INFO - *****STOP GROWING RR RULE*****
2025-03-05 11:07:18,131 - INFO - ***RR NOT FOUND***
2025-03-05 11:07:18,131 - INFO - *******STOP GROWING CR RULE*******
2025-03-05 11:07:18,156 - INFO - *******GROWING CR RULE*******
2025-03-05 11:07:18,654 - INFO - Iteracja 0: condition_best: thick >= 3.38, quality_best: 1.0, coverage_best: (p=60, n=0, P=205, N=0)
2025-03-05 11:07:18,658 - INFO - Regula po iteracji 0: IF thick >= 3.38 THEN survival_status = {nan}, (p=60, n=0, P=205, N=0)
2025-03-05 11:07:18,659 - INFO - *****GROWING RR RULE*****
2025-03-05 11:07:21,218 - INFO - Iteracja 0: condition_best: None, quality_best: -inf, coverage_best: (p=0, n=0, P=0, N=0), p_value: 0
2025-03-05 11:07:21,221 - INFO - Regula po iteracji 0: IF  THEN survival_status = {nan}, (p=205, n=0, P=205, N=0)
2025-03-05 11:07:21,221 - INFO - *****STOP GROWING RR RULE*****
2025-03-05 11:07:21,221 - INFO - ***RR NOT FOUND***
2025-03-05 11:07:21,525 - INFO - Iteracja 1: condition_best: ulcer = {present}, quality_best: 1.0, coverage_best: (p=47, n=0, P=205, N=0)
2025-03-05 11:07:21,529 - INFO - Regula po iteracji 1: IF thick >= 3.38 AND ulcer = {present} THEN survival_status = {1506.0}, (p=47, n=0, P=205, N=0)
2025-03-05 11:07:21,529 - INFO - *****GROWING RR RULE*****
2025-03-05 11:07:24,051 - INFO - Iteracja 0: condition_best: None, quality_best: -inf, coverage_best: (p=0, n=0, P=0, N=0), p_value: 0
2025-03-05 11:07:24,054 - INFO - Regula po iteracji 0: IF  THEN survival_status = {nan}, (p=205, n=0, P=205, N=0)
2025-03-05 11:07:24,054 - INFO - *****STOP GROWING RR RULE*****
2025-03-05 11:07:24,054 - INFO - ***RR NOT FOUND***
2025-03-05 11:07:24,328 - INFO - Iteracja 2: condition_best: age >= 42.50, quality_best: 1.0, coverage_best: (p=39, n=0, P=205, N=0)
2025-03-05 11:07:24,333 - INFO - Regula po iteracji 2: IF thick >= 3.38 AND ulcer = {present} AND age >= 42.50 THEN survival_status = {1252.0}, (p=39, n=0, P=205, N=0)
2025-03-05 11:07:24,333 - INFO - *****GROWING RR RULE*****
2025-03-05 11:07:26,745 - INFO - Iteracja 0: condition_best: None, quality_best: -inf, coverage_best: (p=0, n=0, P=0, N=0), p_value: 0
2025-03-05 11:07:26,748 - INFO - Regula po iteracji 0: IF  THEN survival_status = {nan}, (p=205, n=0, P=205, N=0)
2025-03-05 11:07:26,748 - INFO - *****STOP GROWING RR RULE*****
2025-03-05 11:07:26,748 - INFO - ***RR NOT FOUND***
2025-03-05 11:07:26,981 - INFO - Iteracja 3: condition_best: ici >= 1.50, quality_best: 1.0, coverage_best: (p=32, n=0, P=205, N=0)
2025-03-05 11:07:26,985 - INFO - Regula po iteracji 3: IF thick >= 3.38 AND ulcer = {present} AND age >= 42.50 AND ici >= 1.50 THEN survival_status = {1075.0}, (p=32, n=0, P=205, N=0)
2025-03-05 11:07:26,985 - INFO - *****GROWING RR RULE*****
2025-03-05 11:07:29,378 - INFO - Iteracja 0: condition_best: None, quality_best: -inf, coverage_best: (p=0, n=0, P=0, N=0), p_value: 0
2025-03-05 11:07:29,381 - INFO - Regula po iteracji 0: IF  THEN survival_status = {nan}, (p=205, n=0, P=205, N=0)
2025-03-05 11:07:29,381 - INFO - *****STOP GROWING RR RULE*****
2025-03-05 11:07:29,381 - INFO - ***RR NOT FOUND***
2025-03-05 11:07:29,588 - INFO - Iteracja 4: condition_best: thick >= 3.71, quality_best: 1.0, coverage_best: (p=29, n=0, P=205, N=0)
2025-03-05 11:07:29,593 - INFO - Regula po iteracji 4: IF thick >= 3.38 AND ulcer = {present} AND age >= 42.50 AND ici >= 1.50 AND thick >= 3.71 THEN survival_status = {826.0}, (p=29, n=0, P=205, N=0)
2025-03-05 11:07:29,593 - INFO - *****GROWING RR RULE*****
2025-03-05 11:07:31,968 - INFO - Iteracja 0: condition_best: None, quality_best: -inf, coverage_best: (p=0, n=0, P=0, N=0), p_value: 0
2025-03-05 11:07:31,971 - INFO - Regula po iteracji 0: IF  THEN survival_status = {nan}, (p=205, n=0, P=205, N=0)
2025-03-05 11:07:31,971 - INFO - *****STOP GROWING RR RULE*****
2025-03-05 11:07:31,971 - INFO - ***RR NOT FOUND***
2025-03-05 11:07:31,971 - INFO - *******STOP GROWING CR RULE*******
2025-03-05 11:07:31,997 - INFO - *******GROWING CR RULE*******
2025-03-05 11:07:32,485 - INFO - Iteracja 0: condition_best: thick >= 3.38, quality_best: 1.0, coverage_best: (p=60, n=0, P=205, N=0)
2025-03-05 11:07:32,489 - INFO - Regula po iteracji 0: IF thick >= 3.38 THEN survival_status = {nan}, (p=60, n=0, P=205, N=0)
2025-03-05 11:07:32,490 - INFO - *****GROWING RR RULE*****
2025-03-05 11:07:35,060 - INFO - Iteracja 0: condition_best: None, quality_best: -inf, coverage_best: (p=0, n=0, P=0, N=0), p_value: 0
2025-03-05 11:07:35,063 - INFO - Regula po iteracji 0: IF  THEN survival_status = {nan}, (p=205, n=0, P=205, N=0)
2025-03-05 11:07:35,063 - INFO - *****STOP GROWING RR RULE*****
2025-03-05 11:07:35,063 - INFO - ***RR NOT FOUND***
2025-03-05 11:07:35,363 - INFO - Iteracja 1: condition_best: ulcer = {present}, quality_best: 1.0, coverage_best: (p=47, n=0, P=205, N=0)
2025-03-05 11:07:35,367 - INFO - Regula po iteracji 1: IF thick >= 3.38 AND ulcer = {present} THEN survival_status = {1506.0}, (p=47, n=0, P=205, N=0)
2025-03-05 11:07:35,367 - INFO - *****GROWING RR RULE*****
2025-03-05 11:07:37,915 - INFO - Iteracja 0: condition_best: None, quality_best: -inf, coverage_best: (p=0, n=0, P=0, N=0), p_value: 0
2025-03-05 11:07:37,919 - INFO - Regula po iteracji 0: IF  THEN survival_status = {nan}, (p=205, n=0, P=205, N=0)
2025-03-05 11:07:37,919 - INFO - *****STOP GROWING RR RULE*****
2025-03-05 11:07:37,919 - INFO - ***RR NOT FOUND***
2025-03-05 11:07:38,190 - INFO - Iteracja 2: condition_best: age >= 42.50, quality_best: 1.0, coverage_best: (p=39, n=0, P=205, N=0)
2025-03-05 11:07:38,195 - INFO - Regula po iteracji 2: IF thick >= 3.38 AND ulcer = {present} AND age >= 42.50 THEN survival_status = {1252.0}, (p=39, n=0, P=205, N=0)
2025-03-05 11:07:38,195 - INFO - *****GROWING RR RULE*****
2025-03-05 11:07:40,633 - INFO - Iteracja 0: condition_best: None, quality_best: -inf, coverage_best: (p=0, n=0, P=0, N=0), p_value: 0
2025-03-05 11:07:40,636 - INFO - Regula po iteracji 0: IF  THEN survival_status = {nan}, (p=205, n=0, P=205, N=0)
2025-03-05 11:07:40,636 - INFO - *****STOP GROWING RR RULE*****
2025-03-05 11:07:40,636 - INFO - ***RR NOT FOUND***
2025-03-05 11:07:40,869 - INFO - Iteracja 3: condition_best: thick >= 3.71, quality_best: 1.0, coverage_best: (p=35, n=0, P=205, N=0)
2025-03-05 11:07:40,873 - INFO - Regula po iteracji 3: IF thick >= 3.38 AND ulcer = {present} AND age >= 42.50 AND thick >= 3.71 THEN survival_status = {1075.0}, (p=35, n=0, P=205, N=0)
2025-03-05 11:07:40,873 - INFO - *****GROWING RR RULE*****
2025-03-05 11:07:43,298 - INFO - Iteracja 0: condition_best: None, quality_best: -inf, coverage_best: (p=0, n=0, P=0, N=0), p_value: 0
2025-03-05 11:07:43,301 - INFO - Regula po iteracji 0: IF  THEN survival_status = {nan}, (p=205, n=0, P=205, N=0)
2025-03-05 11:07:43,301 - INFO - *****STOP GROWING RR RULE*****
2025-03-05 11:07:43,301 - INFO - ***RR NOT FOUND***
2025-03-05 11:07:43,523 - INFO - Iteracja 4: condition_best: thick <= 15.64, quality_best: 1.0, coverage_best: (p=34, n=0, P=205, N=0)
2025-03-05 11:07:43,527 - INFO - Regula po iteracji 4: IF thick >= 3.38 AND ulcer = {present} AND age >= 42.50 AND thick >= 3.71 AND thick <= 15.64 THEN survival_status = {967.0}, (p=34, n=0, P=205, N=0)
2025-03-05 11:07:43,527 - INFO - *****GROWING RR RULE*****
2025-03-05 11:07:45,937 - INFO - Iteracja 0: condition_best: None, quality_best: -inf, coverage_best: (p=0, n=0, P=0, N=0), p_value: 0
2025-03-05 11:07:45,940 - INFO - Regula po iteracji 0: IF  THEN survival_status = {nan}, (p=205, n=0, P=205, N=0)
2025-03-05 11:07:45,940 - INFO - *****STOP GROWING RR RULE*****
2025-03-05 11:07:45,940 - INFO - ***RR NOT FOUND***
2025-03-05 11:07:45,940 - INFO - *******STOP GROWING CR RULE*******
2025-03-05 11:07:45,952 - INFO - *******GROWING CR RULE*******
2025-03-05 11:07:46,434 - INFO - Iteracja 0: condition_best: thick >= 3.38, quality_best: 1.0, coverage_best: (p=60, n=0, P=205, N=0)
2025-03-05 11:07:46,439 - INFO - Regula po iteracji 0: IF thick >= 3.38 THEN survival_status = {nan}, (p=60, n=0, P=205, N=0)
2025-03-05 11:07:46,439 - INFO - *****GROWING RR RULE*****
2025-03-05 11:07:49,006 - INFO - Iteracja 0: condition_best: None, quality_best: -inf, coverage_best: (p=0, n=0, P=0, N=0), p_value: 0
2025-03-05 11:07:49,009 - INFO - Regula po iteracji 0: IF  THEN survival_status = {nan}, (p=205, n=0, P=205, N=0)
2025-03-05 11:07:49,009 - INFO - *****STOP GROWING RR RULE*****
2025-03-05 11:07:49,009 - INFO - ***RR NOT FOUND***
2025-03-05 11:07:49,304 - INFO - Iteracja 1: condition_best: ulcer = {present}, quality_best: 1.0, coverage_best: (p=47, n=0, P=205, N=0)
2025-03-05 11:07:49,308 - INFO - Regula po iteracji 1: IF thick >= 3.38 AND ulcer = {present} THEN survival_status = {1506.0}, (p=47, n=0, P=205, N=0)
2025-03-05 11:07:49,308 - INFO - *****GROWING RR RULE*****
2025-03-05 11:07:51,839 - INFO - Iteracja 0: condition_best: None, quality_best: -inf, coverage_best: (p=0, n=0, P=0, N=0), p_value: 0
2025-03-05 11:07:51,842 - INFO - Regula po iteracji 0: IF  THEN survival_status = {nan}, (p=205, n=0, P=205, N=0)
2025-03-05 11:07:51,842 - INFO - *****STOP GROWING RR RULE*****
2025-03-05 11:07:51,842 - INFO - ***RR NOT FOUND***
2025-03-05 11:07:52,108 - INFO - Iteracja 2: condition_best: ici >= 0.50, quality_best: 1.0, coverage_best: (p=46, n=0, P=205, N=0)
2025-03-05 11:07:52,112 - INFO - Regula po iteracji 2: IF thick >= 3.38 AND ulcer = {present} AND ici >= 0.50 THEN survival_status = {1252.0}, (p=46, n=0, P=205, N=0)
2025-03-05 11:07:52,112 - INFO - *****GROWING RR RULE*****
2025-03-05 11:07:54,635 - INFO - Iteracja 0: condition_best: None, quality_best: -inf, coverage_best: (p=0, n=0, P=0, N=0), p_value: 0
2025-03-05 11:07:54,638 - INFO - Regula po iteracji 0: IF  THEN survival_status = {nan}, (p=205, n=0, P=205, N=0)
2025-03-05 11:07:54,638 - INFO - *****STOP GROWING RR RULE*****
2025-03-05 11:07:54,638 - INFO - ***RR NOT FOUND***
2025-03-05 11:07:54,903 - INFO - Iteracja 3: condition_best: age >= 15.50, quality_best: 1.0, coverage_best: (p=45, n=0, P=205, N=0)
2025-03-05 11:07:54,908 - INFO - Regula po iteracji 3: IF thick >= 3.38 AND ulcer = {present} AND ici >= 0.50 AND age >= 15.50 THEN survival_status = {1252.0}, (p=45, n=0, P=205, N=0)
2025-03-05 11:07:54,908 - INFO - *****GROWING RR RULE*****
2025-03-05 11:07:57,419 - INFO - Iteracja 0: condition_best: None, quality_best: -inf, coverage_best: (p=0, n=0, P=0, N=0), p_value: 0
2025-03-05 11:07:57,422 - INFO - Regula po iteracji 0: IF  THEN survival_status = {nan}, (p=205, n=0, P=205, N=0)
2025-03-05 11:07:57,422 - INFO - *****STOP GROWING RR RULE*****
2025-03-05 11:07:57,422 - INFO - ***RR NOT FOUND***
2025-03-05 11:07:57,689 - INFO - Iteracja 4: condition_best: ici >= 1.50, quality_best: 1.0, coverage_best: (p=37, n=0, P=205, N=0)
2025-03-05 11:07:57,693 - INFO - Regula po iteracji 4: IF thick >= 3.38 AND ulcer = {present} AND ici >= 0.50 AND age >= 15.50 AND ici >= 1.50 THEN survival_status = {1075.0}, (p=37, n=0, P=205, N=0)
2025-03-05 11:07:57,694 - INFO - *****GROWING RR RULE*****
2025-03-05 11:08:00,181 - INFO - Iteracja 0: condition_best: None, quality_best: -inf, coverage_best: (p=0, n=0, P=0, N=0), p_value: 0
2025-03-05 11:08:00,184 - INFO - Regula po iteracji 0: IF  THEN survival_status = {nan}, (p=205, n=0, P=205, N=0)
2025-03-05 11:08:00,184 - INFO - *****STOP GROWING RR RULE*****
2025-03-05 11:08:00,184 - INFO - ***RR NOT FOUND***
2025-03-05 11:08:00,184 - INFO - *******STOP GROWING CR RULE*******
2025-03-05 11:08:00,198 - INFO - *******GROWING CR RULE*******
2025-03-05 11:08:00,678 - INFO - Iteracja 0: condition_best: thick >= 3.38, quality_best: 1.0, coverage_best: (p=60, n=0, P=205, N=0)
2025-03-05 11:08:00,682 - INFO - Regula po iteracji 0: IF thick >= 3.38 THEN survival_status = {nan}, (p=60, n=0, P=205, N=0)
2025-03-05 11:08:00,682 - INFO - *****GROWING RR RULE*****
2025-03-05 11:08:03,246 - INFO - Iteracja 0: condition_best: None, quality_best: -inf, coverage_best: (p=0, n=0, P=0, N=0), p_value: 0
2025-03-05 11:08:03,249 - INFO - Regula po iteracji 0: IF  THEN survival_status = {nan}, (p=205, n=0, P=205, N=0)
2025-03-05 11:08:03,249 - INFO - *****STOP GROWING RR RULE*****
2025-03-05 11:08:03,249 - INFO - ***RR NOT FOUND***
2025-03-05 11:08:03,543 - INFO - Iteracja 1: condition_best: ici >= 0.50, quality_best: 1.0, coverage_best: (p=59, n=0, P=205, N=0)
2025-03-05 11:08:03,547 - INFO - Regula po iteracji 1: IF thick >= 3.38 AND ici >= 0.50 THEN survival_status = {1506.0}, (p=59, n=0, P=205, N=0)
2025-03-05 11:08:03,547 - INFO - *****GROWING RR RULE*****
2025-03-05 11:08:06,104 - INFO - Iteracja 0: condition_best: None, quality_best: -inf, coverage_best: (p=0, n=0, P=0, N=0), p_value: 0
2025-03-05 11:08:06,106 - INFO - Regula po iteracji 0: IF  THEN survival_status = {nan}, (p=205, n=0, P=205, N=0)
2025-03-05 11:08:06,106 - INFO - *****STOP GROWING RR RULE*****
2025-03-05 11:08:06,107 - INFO - ***RR NOT FOUND***
2025-03-05 11:08:06,402 - INFO - Iteracja 2: condition_best: age >= 14.00, quality_best: 1.0, coverage_best: (p=58, n=0, P=205, N=0)
2025-03-05 11:08:06,407 - INFO - Regula po iteracji 2: IF thick >= 3.38 AND ici >= 0.50 AND age >= 14.00 THEN survival_status = {1506.0}, (p=58, n=0, P=205, N=0)
2025-03-05 11:08:06,407 - INFO - *****GROWING RR RULE*****
2025-03-05 11:08:08,952 - INFO - Iteracja 0: condition_best: None, quality_best: -inf, coverage_best: (p=0, n=0, P=0, N=0), p_value: 0
2025-03-05 11:08:08,956 - INFO - Regula po iteracji 0: IF  THEN survival_status = {nan}, (p=205, n=0, P=205, N=0)
2025-03-05 11:08:08,956 - INFO - *****STOP GROWING RR RULE*****
2025-03-05 11:08:08,956 - INFO - ***RR NOT FOUND***
2025-03-05 11:08:09,259 - INFO - Iteracja 3: condition_best: thick <= 16.04, quality_best: 1.0, coverage_best: (p=57, n=0, P=205, N=0)
2025-03-05 11:08:09,263 - INFO - Regula po iteracji 3: IF thick >= 3.38 AND ici >= 0.50 AND age >= 14.00 AND thick <= 16.04 THEN survival_status = {1312.0}, (p=57, n=0, P=205, N=0)
2025-03-05 11:08:09,264 - INFO - *****GROWING RR RULE*****
2025-03-05 11:08:11,804 - INFO - Iteracja 0: condition_best: None, quality_best: -inf, coverage_best: (p=0, n=0, P=0, N=0), p_value: 0
2025-03-05 11:08:11,807 - INFO - Regula po iteracji 0: IF  THEN survival_status = {nan}, (p=205, n=0, P=205, N=0)
2025-03-05 11:08:11,807 - INFO - *****STOP GROWING RR RULE*****
2025-03-05 11:08:11,807 - INFO - ***RR NOT FOUND***
2025-03-05 11:08:12,118 - INFO - Iteracja 4: condition_best: thick <= 14.25, quality_best: 1.0, coverage_best: (p=56, n=0, P=205, N=0)
2025-03-05 11:08:12,123 - INFO - Regula po iteracji 4: IF thick >= 3.38 AND ici >= 0.50 AND age >= 14.00 AND thick <= 16.04 AND thick <= 14.25 THEN survival_status = {1506.0}, (p=56, n=0, P=205, N=0)
2025-03-05 11:08:12,123 - INFO - *****GROWING RR RULE*****
2025-03-05 11:08:14,652 - INFO - Iteracja 0: condition_best: None, quality_best: -inf, coverage_best: (p=0, n=0, P=0, N=0), p_value: 0
2025-03-05 11:08:14,655 - INFO - Regula po iteracji 0: IF  THEN survival_status = {nan}, (p=205, n=0, P=205, N=0)
2025-03-05 11:08:14,655 - INFO - *****STOP GROWING RR RULE*****
2025-03-05 11:08:14,655 - INFO - ***RR NOT FOUND***
2025-03-05 11:08:14,656 - INFO - *******STOP GROWING CR RULE*******
2025-03-05 11:08:14,667 - INFO - *******GROWING CR RULE*******
2025-03-05 11:08:15,131 - INFO - Iteracja 0: condition_best: thick <= 3.38, quality_best: 1.0, coverage_best: (p=145, n=0, P=205, N=0)
2025-03-05 11:08:15,135 - INFO - Regula po iteracji 0: IF thick <= 3.38 THEN survival_status = {nan}, (p=145, n=0, P=205, N=0)
2025-03-05 11:08:15,136 - INFO - *****GROWING RR RULE*****
2025-03-05 11:08:17,855 - INFO - Iteracja 0: condition_best: None, quality_best: -inf, coverage_best: (p=0, n=0, P=0, N=0), p_value: 0
2025-03-05 11:08:17,858 - INFO - Regula po iteracji 0: IF  THEN survival_status = {nan}, (p=205, n=0, P=205, N=0)
2025-03-05 11:08:17,858 - INFO - *****STOP GROWING RR RULE*****
2025-03-05 11:08:17,858 - INFO - ***RR NOT FOUND***
2025-03-05 11:08:18,224 - INFO - Iteracja 1: condition_best: age <= 70.50, quality_best: 1.0, coverage_best: (p=132, n=0, P=205, N=0)
2025-03-05 11:08:18,228 - INFO - Regula po iteracji 1: IF thick <= 3.38 AND age <= 70.50 THEN survival_status = {inf}, (p=132, n=0, P=205, N=0)
2025-03-05 11:08:18,228 - INFO - *****GROWING RR RULE*****
2025-03-05 11:08:20,874 - INFO - Iteracja 0: condition_best: None, quality_best: -inf, coverage_best: (p=0, n=0, P=0, N=0), p_value: 0
2025-03-05 11:08:20,877 - INFO - Regula po iteracji 0: IF  THEN survival_status = {nan}, (p=205, n=0, P=205, N=0)
2025-03-05 11:08:20,877 - INFO - *****STOP GROWING RR RULE*****
2025-03-05 11:08:20,877 - INFO - ***RR NOT FOUND***
2025-03-05 11:08:21,218 - INFO - Iteracja 2: condition_best: age >= 14.50, quality_best: 1.0, coverage_best: (p=130, n=0, P=205, N=0)
2025-03-05 11:08:21,222 - INFO - Regula po iteracji 2: IF thick <= 3.38 AND age <= 70.50 AND age >= 14.50 THEN survival_status = {inf}, (p=130, n=0, P=205, N=0)
2025-03-05 11:08:21,222 - INFO - *****GROWING RR RULE*****
2025-03-05 11:08:23,842 - INFO - Iteracja 0: condition_best: None, quality_best: -inf, coverage_best: (p=0, n=0, P=0, N=0), p_value: 0
2025-03-05 11:08:23,845 - INFO - Regula po iteracji 0: IF  THEN survival_status = {nan}, (p=205, n=0, P=205, N=0)
2025-03-05 11:08:23,845 - INFO - *****STOP GROWING RR RULE*****
2025-03-05 11:08:23,845 - INFO - ***RR NOT FOUND***
2025-03-05 11:08:24,186 - INFO - Iteracja 3: condition_best: age >= 17.00, quality_best: 1.0, coverage_best: (p=129, n=0, P=205, N=0)
2025-03-05 11:08:24,190 - INFO - Regula po iteracji 3: IF thick <= 3.38 AND age <= 70.50 AND age >= 14.50 AND age >= 17.00 THEN survival_status = {inf}, (p=129, n=0, P=205, N=0)
2025-03-05 11:08:24,190 - INFO - *****GROWING RR RULE*****
2025-03-05 11:08:26,806 - INFO - Iteracja 0: condition_best: None, quality_best: -inf, coverage_best: (p=0, n=0, P=0, N=0), p_value: 0
2025-03-05 11:08:26,809 - INFO - Regula po iteracji 0: IF  THEN survival_status = {nan}, (p=205, n=0, P=205, N=0)
2025-03-05 11:08:26,809 - INFO - *****STOP GROWING RR RULE*****
2025-03-05 11:08:26,809 - INFO - ***RR NOT FOUND***
2025-03-05 11:08:27,152 - INFO - Iteracja 4: condition_best: thick >= 0.13, quality_best: 1.0, coverage_best: (p=128, n=0, P=205, N=0)
2025-03-05 11:08:27,156 - INFO - Regula po iteracji 4: IF thick <= 3.38 AND age <= 70.50 AND age >= 14.50 AND age >= 17.00 AND thick >= 0.13 THEN survival_status = {inf}, (p=128, n=0, P=205, N=0)
2025-03-05 11:08:27,156 - INFO - *****GROWING RR RULE*****
2025-03-05 11:08:29,765 - INFO - Iteracja 0: condition_best: None, quality_best: -inf, coverage_best: (p=0, n=0, P=0, N=0), p_value: 0
2025-03-05 11:08:29,768 - INFO - Regula po iteracji 0: IF  THEN survival_status = {nan}, (p=205, n=0, P=205, N=0)
2025-03-05 11:08:29,768 - INFO - *****STOP GROWING RR RULE*****
2025-03-05 11:08:29,768 - INFO - ***RR NOT FOUND***
2025-03-05 11:08:29,768 - INFO - *******STOP GROWING CR RULE*******
2025-03-05 11:08:29,817 - INFO - ************************Finished experiment for 05_Melanoma.arff with algorithm4************************
2025-03-05 11:08:29,817 - INFO - *************************************************************************************************************************
2025-03-05 11:08:29,817 - INFO - *************************************************************************************************************************
2025-03-05 11:08:29,817 - INFO - *************************************************************************************************************************
