2025-03-04 14:57:27,742 - INFO - **********Starting experiment for lymph.arff with algorithm3**********
2025-03-04 14:57:27,754 - INFO - *******GROWING CR RULE*******
2025-03-04 14:57:27,759 - INFO - Iteracja 0: condition_best: changes_in_node = {lac_central}, quality_best: 0.595, coverage_best: (p=23, n=2, P=61, N=87), precision: 0.92
2025-03-04 14:57:27,759 - INFO - Regula po iteracji 0: IF changes_in_node = {lac_central} THEN class = malign_lymph, (p=23, n=2, P=61, N=87)
2025-03-04 14:57:27,759 - INFO - *****GROWING RR RULE*****
2025-03-04 14:57:27,770 - INFO - Iteracja 0: condition_best: None quality_best: -inf, coverage_best: (p=0, n=0, P=0, N=0), number_of_covered_negatives_best: 0, best_score: 0, precision: 0
2025-03-04 14:57:27,770 - INFO - Regula po iteracji 0: IF  THEN class = malign_lymph, (p=38, n=110, P=38, N=110)
2025-03-04 14:57:27,770 - INFO - *****STOP GROWING RR RULE*****
2025-03-04 14:57:27,770 - INFO - ***RR NOT FOUND***
2025-03-04 14:57:27,772 - INFO - Iteracja 1: condition_best: exclusion_of_no = {yes}, quality_best: 0.62, coverage_best: (p=21, n=1, P=61, N=87), precision: 0.955
2025-03-04 14:57:27,772 - INFO - Regula po iteracji 1: IF changes_in_node = {lac_central} AND exclusion_of_no = {yes} THEN class = malign_lymph, (p=21, n=1, P=61, N=87)
2025-03-04 14:57:27,772 - INFO - *****GROWING RR RULE*****
2025-03-04 14:57:27,783 - INFO - Iteracja 0: condition_best: None quality_best: -inf, coverage_best: (p=0, n=0, P=0, N=0), number_of_covered_negatives_best: 0, best_score: 0, precision: 0
2025-03-04 14:57:27,783 - INFO - Regula po iteracji 0: IF  THEN class = malign_lymph, (p=40, n=108, P=40, N=108)
2025-03-04 14:57:27,783 - INFO - *****STOP GROWING RR RULE*****
2025-03-04 14:57:27,783 - INFO - ***RR NOT FOUND***
2025-03-04 14:57:27,784 - INFO - Iteracja 2: condition_best: no_of_nodes_in >= 1.50, quality_best: 0.664, coverage_best: (p=20, n=0, P=61, N=87), precision: 1.0
2025-03-04 14:57:27,784 - INFO - Regula po iteracji 2: IF changes_in_node = {lac_central} AND exclusion_of_no = {yes} AND no_of_nodes_in >= 1.50 THEN class = malign_lymph, (p=20, n=0, P=61, N=87)
2025-03-04 14:57:27,784 - INFO - *******STOP GROWING CR RULE*******
2025-03-04 14:57:27,786 - INFO - *******GROWING CR RULE*******
2025-03-04 14:57:27,789 - INFO - Iteracja 0: condition_best: no_of_nodes_in >= 4.50, quality_best: 0.502, coverage_best: (p=22, n=4, P=61, N=87), precision: 0.846
2025-03-04 14:57:27,789 - INFO - Regula po iteracji 0: IF no_of_nodes_in >= 4.50 THEN class = malign_lymph, (p=22, n=4, P=61, N=87)
2025-03-04 14:57:27,789 - INFO - *****GROWING RR RULE*****
2025-03-04 14:57:27,800 - INFO - Iteracja 0: condition_best: None quality_best: -inf, coverage_best: (p=0, n=0, P=0, N=0), number_of_covered_negatives_best: 0, best_score: 0, precision: 0
2025-03-04 14:57:27,800 - INFO - Regula po iteracji 0: IF  THEN class = malign_lymph, (p=39, n=109, P=39, N=109)
2025-03-04 14:57:27,800 - INFO - *****STOP GROWING RR RULE*****
2025-03-04 14:57:27,800 - INFO - ***RR NOT FOUND***
2025-03-04 14:57:27,802 - INFO - Iteracja 1: condition_best: by_pass = {no}, quality_best: 0.631, coverage_best: (p=16, n=0, P=61, N=87), precision: 1.0
2025-03-04 14:57:27,802 - INFO - Regula po iteracji 1: IF no_of_nodes_in >= 4.50 AND by_pass = {no} THEN class = malign_lymph, (p=16, n=0, P=61, N=87)
2025-03-04 14:57:27,802 - INFO - *******STOP GROWING CR RULE*******
2025-03-04 14:57:27,803 - INFO - *******GROWING CR RULE*******
2025-03-04 14:57:27,805 - INFO - Iteracja 0: condition_best: no_of_nodes_in >= 3.50, quality_best: 0.415, coverage_best: (p=27, n=9, P=61, N=87), precision: 0.75
2025-03-04 14:57:27,806 - INFO - Regula po iteracji 0: IF no_of_nodes_in >= 3.50 THEN class = malign_lymph, (p=27, n=9, P=61, N=87)
2025-03-04 14:57:27,807 - INFO - Iteracja 1: condition_best: lym_nodes_dimin <= 1.00, quality_best: 0.517, coverage_best: (p=26, n=5, P=61, N=87), precision: 0.839
2025-03-04 14:57:27,808 - INFO - Regula po iteracji 1: IF no_of_nodes_in >= 3.50 AND lym_nodes_dimin <= 1.00 THEN class = malign_lymph, (p=26, n=5, P=61, N=87)
2025-03-04 14:57:27,808 - INFO - *****GROWING RR RULE*****
2025-03-04 14:57:27,819 - INFO - Iteracja 0: condition_best: None quality_best: -inf, coverage_best: (p=0, n=0, P=0, N=0), number_of_covered_negatives_best: 0, best_score: 0, precision: 0
2025-03-04 14:57:27,819 - INFO - Regula po iteracji 0: IF  THEN class = malign_lymph, (p=35, n=113, P=35, N=113)
2025-03-04 14:57:27,819 - INFO - *****STOP GROWING RR RULE*****
2025-03-04 14:57:27,819 - INFO - ***RR NOT FOUND***
2025-03-04 14:57:27,821 - INFO - Iteracja 2: condition_best: dislocation_of = {yes}, quality_best: 0.553, coverage_best: (p=23, n=3, P=61, N=87), precision: 0.885
2025-03-04 14:57:27,821 - INFO - Regula po iteracji 2: IF no_of_nodes_in >= 3.50 AND lym_nodes_dimin <= 1.00 AND dislocation_of = {yes} THEN class = malign_lymph, (p=23, n=3, P=61, N=87)
2025-03-04 14:57:27,821 - INFO - *****GROWING RR RULE*****
2025-03-04 14:57:27,832 - INFO - Iteracja 0: condition_best: None quality_best: -inf, coverage_best: (p=0, n=0, P=0, N=0), number_of_covered_negatives_best: 0, best_score: 0, precision: 0
2025-03-04 14:57:27,832 - INFO - Regula po iteracji 0: IF  THEN class = malign_lymph, (p=38, n=110, P=38, N=110)
2025-03-04 14:57:27,832 - INFO - *****STOP GROWING RR RULE*****
2025-03-04 14:57:27,832 - INFO - ***RR NOT FOUND***
2025-03-04 14:57:27,834 - INFO - Iteracja 3: condition_best: bl_of_lymph_s = {no}, quality_best: 0.561, coverage_best: (p=20, n=2, P=61, N=87), precision: 0.909
2025-03-04 14:57:27,834 - INFO - Regula po iteracji 3: IF no_of_nodes_in >= 3.50 AND lym_nodes_dimin <= 1.00 AND dislocation_of = {yes} AND bl_of_lymph_s = {no} THEN class = malign_lymph, (p=20, n=2, P=61, N=87)
2025-03-04 14:57:27,834 - INFO - *****GROWING RR RULE*****
2025-03-04 14:57:27,845 - INFO - Iteracja 0: condition_best: None quality_best: -inf, coverage_best: (p=0, n=0, P=0, N=0), number_of_covered_negatives_best: 0, best_score: 0, precision: 0
2025-03-04 14:57:27,845 - INFO - Regula po iteracji 0: IF  THEN class = malign_lymph, (p=41, n=107, P=41, N=107)
2025-03-04 14:57:27,845 - INFO - *****STOP GROWING RR RULE*****
2025-03-04 14:57:27,845 - INFO - ***RR NOT FOUND***
2025-03-04 14:57:27,846 - INFO - Iteracja 4: condition_best: early_uptake_in = {yes}, quality_best: 0.561, coverage_best: (p=20, n=2, P=61, N=87), precision: 0.909
2025-03-04 14:57:27,847 - INFO - Regula po iteracji 4: IF no_of_nodes_in >= 3.50 AND lym_nodes_dimin <= 1.00 AND dislocation_of = {yes} AND bl_of_lymph_s = {no} AND early_uptake_in = {yes} THEN class = malign_lymph, (p=20, n=2, P=61, N=87)
2025-03-04 14:57:27,847 - INFO - *****GROWING RR RULE*****
2025-03-04 14:57:27,857 - INFO - Iteracja 0: condition_best: None quality_best: -inf, coverage_best: (p=0, n=0, P=0, N=0), number_of_covered_negatives_best: 0, best_score: 0, precision: 0
2025-03-04 14:57:27,858 - INFO - Regula po iteracji 0: IF  THEN class = malign_lymph, (p=41, n=107, P=41, N=107)
2025-03-04 14:57:27,858 - INFO - *****STOP GROWING RR RULE*****
2025-03-04 14:57:27,858 - INFO - ***RR NOT FOUND***
2025-03-04 14:57:27,859 - INFO - Iteracja 5: condition_best: exclusion_of_no = {yes}, quality_best: 0.561, coverage_best: (p=20, n=2, P=61, N=87), precision: 0.909
2025-03-04 14:57:27,859 - INFO - Regula po iteracji 5: IF no_of_nodes_in >= 3.50 AND lym_nodes_dimin <= 1.00 AND dislocation_of = {yes} AND bl_of_lymph_s = {no} AND early_uptake_in = {yes} AND exclusion_of_no = {yes} THEN class = malign_lymph, (p=20, n=2, P=61, N=87)
2025-03-04 14:57:27,860 - INFO - *****GROWING RR RULE*****
2025-03-04 14:57:27,870 - INFO - Iteracja 0: condition_best: None quality_best: -inf, coverage_best: (p=0, n=0, P=0, N=0), number_of_covered_negatives_best: 0, best_score: 0, precision: 0
2025-03-04 14:57:27,870 - INFO - Regula po iteracji 0: IF  THEN class = malign_lymph, (p=41, n=107, P=41, N=107)
2025-03-04 14:57:27,870 - INFO - *****STOP GROWING RR RULE*****
2025-03-04 14:57:27,870 - INFO - ***RR NOT FOUND***
2025-03-04 14:57:27,872 - INFO - Iteracja 6: condition_best: lym_nodes_dimin >= 1.00, quality_best: 0.561, coverage_best: (p=20, n=2, P=61, N=87), precision: 0.909
2025-03-04 14:57:27,872 - INFO - Regula po iteracji 6: IF no_of_nodes_in >= 3.50 AND lym_nodes_dimin <= 1.00 AND dislocation_of = {yes} AND bl_of_lymph_s = {no} AND early_uptake_in = {yes} AND exclusion_of_no = {yes} AND lym_nodes_dimin >= 1.00 THEN class = malign_lymph, (p=20, n=2, P=61, N=87)
2025-03-04 14:57:27,873 - INFO - *****GROWING RR RULE*****
2025-03-04 14:57:27,883 - INFO - Iteracja 0: condition_best: None quality_best: -inf, coverage_best: (p=0, n=0, P=0, N=0), number_of_covered_negatives_best: 0, best_score: 0, precision: 0
2025-03-04 14:57:27,883 - INFO - Regula po iteracji 0: IF  THEN class = malign_lymph, (p=41, n=107, P=41, N=107)
2025-03-04 14:57:27,883 - INFO - *****STOP GROWING RR RULE*****
2025-03-04 14:57:27,883 - INFO - ***RR NOT FOUND***
2025-03-04 14:57:27,885 - INFO - Iteracja 7: condition_best: lym_nodes_enlar >= 2.00, quality_best: 0.561, coverage_best: (p=20, n=2, P=61, N=87), precision: 0.909
2025-03-04 14:57:27,885 - INFO - Regula po iteracji 7: IF no_of_nodes_in >= 3.50 AND lym_nodes_dimin <= 1.00 AND dislocation_of = {yes} AND bl_of_lymph_s = {no} AND early_uptake_in = {yes} AND exclusion_of_no = {yes} AND lym_nodes_dimin >= 1.00 AND lym_nodes_enlar >= 2.00 THEN class = malign_lymph, (p=20, n=2, P=61, N=87)
2025-03-04 14:57:27,886 - INFO - *****GROWING RR RULE*****
2025-03-04 14:57:27,896 - INFO - Iteracja 0: condition_best: None quality_best: -inf, coverage_best: (p=0, n=0, P=0, N=0), number_of_covered_negatives_best: 0, best_score: 0, precision: 0
2025-03-04 14:57:27,896 - INFO - Regula po iteracji 0: IF  THEN class = malign_lymph, (p=41, n=107, P=41, N=107)
2025-03-04 14:57:27,896 - INFO - *****STOP GROWING RR RULE*****
2025-03-04 14:57:27,896 - INFO - ***RR NOT FOUND***
2025-03-04 14:57:27,898 - INFO - Iteracja 8: condition_best: no_of_nodes_in >= 4.00, quality_best: 0.561, coverage_best: (p=20, n=2, P=61, N=87), precision: 0.909
2025-03-04 14:57:27,898 - INFO - Regula po iteracji 8: IF no_of_nodes_in >= 3.50 AND lym_nodes_dimin <= 1.00 AND dislocation_of = {yes} AND bl_of_lymph_s = {no} AND early_uptake_in = {yes} AND exclusion_of_no = {yes} AND lym_nodes_dimin >= 1.00 AND lym_nodes_enlar >= 2.00 AND no_of_nodes_in >= 4.00 THEN class = malign_lymph, (p=20, n=2, P=61, N=87)
2025-03-04 14:57:27,899 - INFO - *****GROWING RR RULE*****
2025-03-04 14:57:27,909 - INFO - Iteracja 0: condition_best: None quality_best: -inf, coverage_best: (p=0, n=0, P=0, N=0), number_of_covered_negatives_best: 0, best_score: 0, precision: 0
2025-03-04 14:57:27,909 - INFO - Regula po iteracji 0: IF  THEN class = malign_lymph, (p=41, n=107, P=41, N=107)
2025-03-04 14:57:27,909 - INFO - *****STOP GROWING RR RULE*****
2025-03-04 14:57:27,909 - INFO - ***RR NOT FOUND***
2025-03-04 14:57:27,911 - INFO - Iteracja 9: condition_best: no_of_nodes_in <= 6.00, quality_best: 0.512, coverage_best: (p=16, n=2, P=61, N=87), precision: 0.889
2025-03-04 14:57:27,911 - INFO - Regula po iteracji 9: IF no_of_nodes_in >= 3.50 AND lym_nodes_dimin <= 1.00 AND dislocation_of = {yes} AND bl_of_lymph_s = {no} AND early_uptake_in = {yes} AND exclusion_of_no = {yes} AND lym_nodes_dimin >= 1.00 AND lym_nodes_enlar >= 2.00 AND no_of_nodes_in >= 4.00 AND no_of_nodes_in <= 6.00 THEN class = malign_lymph, (p=16, n=2, P=61, N=87)
2025-03-04 14:57:27,912 - INFO - *****GROWING RR RULE*****
2025-03-04 14:57:27,923 - INFO - Iteracja 0: condition_best: changes_in_stru = {stripped}, quality_best: 0.45, coverage_best: (p=6, n=1, P=45, N=103), number_of_covered_negatives_best: 0, best_score: 0.584, precision: 0.857
2025-03-04 14:57:27,923 - INFO - Regula po iteracji 0: IF changes_in_stru = {stripped} THEN class = malign_lymph, (p=6, n=1, P=45, N=103)
2025-03-04 14:57:27,923 - INFO - *****STOP GROWING RR RULE*****
2025-03-04 14:57:27,923 - INFO - ***RR FOUND***
2025-03-04 14:57:27,923 - INFO - Reference rule: IF changes_in_stru = {stripped} THEN class = malign_lymph
2025-03-04 14:57:27,923 - INFO - ***CHECKING EXCEPTION***
2025-03-04 14:57:27,923 - INFO - Exception precision: 0.0
2025-03-04 14:57:27,923 - INFO - ***ER NOT FOUND***
2025-03-04 14:57:27,925 - INFO - Iteracja 10: condition_best: None, quality_best: -inf, coverage_best: (p=0, n=0, P=0, N=0), precision: 0
2025-03-04 14:57:27,925 - INFO - Regula po iteracji 10: IF no_of_nodes_in >= 3.50 AND lym_nodes_dimin <= 1.00 AND dislocation_of = {yes} AND bl_of_lymph_s = {no} AND early_uptake_in = {yes} AND exclusion_of_no = {yes} AND lym_nodes_dimin >= 1.00 AND lym_nodes_enlar >= 2.00 AND no_of_nodes_in >= 4.00 AND no_of_nodes_in <= 6.00 THEN class = malign_lymph, (p=16, n=2, P=61, N=87)
2025-03-04 14:57:27,925 - INFO - *******STOP GROWING CR RULE*******
2025-03-04 14:57:27,927 - INFO - *******GROWING CR RULE*******
2025-03-04 14:57:27,930 - INFO - Iteracja 0: condition_best: no_of_nodes_in >= 3.00, quality_best: 0.373, coverage_best: (p=37, n=17, P=61, N=87), precision: 0.685
2025-03-04 14:57:27,930 - INFO - Regula po iteracji 0: IF no_of_nodes_in >= 3.00 THEN class = malign_lymph, (p=37, n=17, P=61, N=87)
2025-03-04 14:57:27,932 - INFO - Iteracja 1: condition_best: by_pass = {no}, quality_best: 0.609, coverage_best: (p=28, n=3, P=61, N=87), precision: 0.903
2025-03-04 14:57:27,932 - INFO - Regula po iteracji 1: IF no_of_nodes_in >= 3.00 AND by_pass = {no} THEN class = malign_lymph, (p=28, n=3, P=61, N=87)
2025-03-04 14:57:27,932 - INFO - *****GROWING RR RULE*****
2025-03-04 14:57:27,944 - INFO - Iteracja 0: condition_best: None quality_best: -inf, coverage_best: (p=0, n=0, P=0, N=0), number_of_covered_negatives_best: 0, best_score: 0, precision: 0
2025-03-04 14:57:27,944 - INFO - Regula po iteracji 0: IF  THEN class = malign_lymph, (p=33, n=115, P=33, N=115)
2025-03-04 14:57:27,944 - INFO - *****STOP GROWING RR RULE*****
2025-03-04 14:57:27,944 - INFO - ***RR NOT FOUND***
2025-03-04 14:57:27,945 - INFO - Iteracja 2: condition_best: special_forms = {vesicles}, quality_best: 0.687, coverage_best: (p=28, n=1, P=61, N=87), precision: 0.966
2025-03-04 14:57:27,945 - INFO - Regula po iteracji 2: IF no_of_nodes_in >= 3.00 AND by_pass = {no} AND special_forms = {vesicles} THEN class = malign_lymph, (p=28, n=1, P=61, N=87)
2025-03-04 14:57:27,946 - INFO - *****GROWING RR RULE*****
2025-03-04 14:57:27,956 - INFO - Iteracja 0: condition_best: None quality_best: -inf, coverage_best: (p=0, n=0, P=0, N=0), number_of_covered_negatives_best: 0, best_score: 0, precision: 0
2025-03-04 14:57:27,956 - INFO - Regula po iteracji 0: IF  THEN class = malign_lymph, (p=33, n=115, P=33, N=115)
2025-03-04 14:57:27,956 - INFO - *****STOP GROWING RR RULE*****
2025-03-04 14:57:27,956 - INFO - ***RR NOT FOUND***
2025-03-04 14:57:27,957 - INFO - Iteracja 3: condition_best: dislocation_of = {yes}, quality_best: 0.689, coverage_best: (p=23, n=0, P=61, N=87), precision: 1.0
2025-03-04 14:57:27,958 - INFO - Regula po iteracji 3: IF no_of_nodes_in >= 3.00 AND by_pass = {no} AND special_forms = {vesicles} AND dislocation_of = {yes} THEN class = malign_lymph, (p=23, n=0, P=61, N=87)
2025-03-04 14:57:27,958 - INFO - *******STOP GROWING CR RULE*******
2025-03-04 14:57:27,959 - INFO - *******GROWING CR RULE*******
2025-03-04 14:57:27,962 - INFO - Iteracja 0: condition_best: block_of_affere = {no}, quality_best: 0.347, coverage_best: (p=43, n=23, P=61, N=87), precision: 0.652
2025-03-04 14:57:27,962 - INFO - Regula po iteracji 0: IF block_of_affere = {no} THEN class = malign_lymph, (p=43, n=23, P=61, N=87)
2025-03-04 14:57:27,964 - INFO - Iteracja 1: condition_best: lym_nodes_enlar >= 3.00, quality_best: 0.588, coverage_best: (p=26, n=3, P=61, N=87), precision: 0.897
2025-03-04 14:57:27,964 - INFO - Regula po iteracji 1: IF block_of_affere = {no} AND lym_nodes_enlar >= 3.00 THEN class = malign_lymph, (p=26, n=3, P=61, N=87)
2025-03-04 14:57:27,964 - INFO - *****GROWING RR RULE*****
2025-03-04 14:57:27,975 - INFO - Iteracja 0: condition_best: None quality_best: -inf, coverage_best: (p=0, n=0, P=0, N=0), number_of_covered_negatives_best: 0, best_score: 0, precision: 0
2025-03-04 14:57:27,975 - INFO - Regula po iteracji 0: IF  THEN class = malign_lymph, (p=35, n=113, P=35, N=113)
2025-03-04 14:57:27,975 - INFO - *****STOP GROWING RR RULE*****
2025-03-04 14:57:27,975 - INFO - ***RR NOT FOUND***
2025-03-04 14:57:27,977 - INFO - Iteracja 2: condition_best: dislocation_of = {yes}, quality_best: 0.649, coverage_best: (p=24, n=1, P=61, N=87), precision: 0.96
2025-03-04 14:57:27,977 - INFO - Regula po iteracji 2: IF block_of_affere = {no} AND lym_nodes_enlar >= 3.00 AND dislocation_of = {yes} THEN class = malign_lymph, (p=24, n=1, P=61, N=87)
2025-03-04 14:57:27,977 - INFO - *****GROWING RR RULE*****
2025-03-04 14:57:27,987 - INFO - Iteracja 0: condition_best: None quality_best: -inf, coverage_best: (p=0, n=0, P=0, N=0), number_of_covered_negatives_best: 0, best_score: 0, precision: 0
2025-03-04 14:57:27,987 - INFO - Regula po iteracji 0: IF  THEN class = malign_lymph, (p=37, n=111, P=37, N=111)
2025-03-04 14:57:27,987 - INFO - *****STOP GROWING RR RULE*****
2025-03-04 14:57:27,987 - INFO - ***RR NOT FOUND***
2025-03-04 14:57:27,989 - INFO - Iteracja 3: condition_best: bl_of_lymph_c = {no}, quality_best: 0.649, coverage_best: (p=24, n=1, P=61, N=87), precision: 0.96
2025-03-04 14:57:27,989 - INFO - Regula po iteracji 3: IF block_of_affere = {no} AND lym_nodes_enlar >= 3.00 AND dislocation_of = {yes} AND bl_of_lymph_c = {no} THEN class = malign_lymph, (p=24, n=1, P=61, N=87)
2025-03-04 14:57:27,989 - INFO - *****GROWING RR RULE*****
2025-03-04 14:57:27,999 - INFO - Iteracja 0: condition_best: None quality_best: -inf, coverage_best: (p=0, n=0, P=0, N=0), number_of_covered_negatives_best: 0, best_score: 0, precision: 0
2025-03-04 14:57:27,999 - INFO - Regula po iteracji 0: IF  THEN class = malign_lymph, (p=37, n=111, P=37, N=111)
2025-03-04 14:57:27,999 - INFO - *****STOP GROWING RR RULE*****
2025-03-04 14:57:27,999 - INFO - ***RR NOT FOUND***
2025-03-04 14:57:28,001 - INFO - Iteracja 4: condition_best: bl_of_lymph_s = {no}, quality_best: 0.649, coverage_best: (p=24, n=1, P=61, N=87), precision: 0.96
2025-03-04 14:57:28,001 - INFO - Regula po iteracji 4: IF block_of_affere = {no} AND lym_nodes_enlar >= 3.00 AND dislocation_of = {yes} AND bl_of_lymph_c = {no} AND bl_of_lymph_s = {no} THEN class = malign_lymph, (p=24, n=1, P=61, N=87)
2025-03-04 14:57:28,001 - INFO - *****GROWING RR RULE*****
2025-03-04 14:57:28,011 - INFO - Iteracja 0: condition_best: None quality_best: -inf, coverage_best: (p=0, n=0, P=0, N=0), number_of_covered_negatives_best: 0, best_score: 0, precision: 0
2025-03-04 14:57:28,012 - INFO - Regula po iteracji 0: IF  THEN class = malign_lymph, (p=37, n=111, P=37, N=111)
2025-03-04 14:57:28,012 - INFO - *****STOP GROWING RR RULE*****
2025-03-04 14:57:28,012 - INFO - ***RR NOT FOUND***
2025-03-04 14:57:28,013 - INFO - Iteracja 5: condition_best: lym_nodes_dimin <= 1.00, quality_best: 0.649, coverage_best: (p=24, n=1, P=61, N=87), precision: 0.96
2025-03-04 14:57:28,013 - INFO - Regula po iteracji 5: IF block_of_affere = {no} AND lym_nodes_enlar >= 3.00 AND dislocation_of = {yes} AND bl_of_lymph_c = {no} AND bl_of_lymph_s = {no} AND lym_nodes_dimin <= 1.00 THEN class = malign_lymph, (p=24, n=1, P=61, N=87)
2025-03-04 14:57:28,014 - INFO - *****GROWING RR RULE*****
2025-03-04 14:57:28,024 - INFO - Iteracja 0: condition_best: None quality_best: -inf, coverage_best: (p=0, n=0, P=0, N=0), number_of_covered_negatives_best: 0, best_score: 0, precision: 0
2025-03-04 14:57:28,024 - INFO - Regula po iteracji 0: IF  THEN class = malign_lymph, (p=37, n=111, P=37, N=111)
2025-03-04 14:57:28,024 - INFO - *****STOP GROWING RR RULE*****
2025-03-04 14:57:28,024 - INFO - ***RR NOT FOUND***
2025-03-04 14:57:28,025 - INFO - Iteracja 6: condition_best: lym_nodes_dimin >= 1.00, quality_best: 0.649, coverage_best: (p=24, n=1, P=61, N=87), precision: 0.96
2025-03-04 14:57:28,026 - INFO - Regula po iteracji 6: IF block_of_affere = {no} AND lym_nodes_enlar >= 3.00 AND dislocation_of = {yes} AND bl_of_lymph_c = {no} AND bl_of_lymph_s = {no} AND lym_nodes_dimin <= 1.00 AND lym_nodes_dimin >= 1.00 THEN class = malign_lymph, (p=24, n=1, P=61, N=87)
2025-03-04 14:57:28,026 - INFO - *****GROWING RR RULE*****
2025-03-04 14:57:28,036 - INFO - Iteracja 0: condition_best: None quality_best: -inf, coverage_best: (p=0, n=0, P=0, N=0), number_of_covered_negatives_best: 0, best_score: 0, precision: 0
2025-03-04 14:57:28,036 - INFO - Regula po iteracji 0: IF  THEN class = malign_lymph, (p=37, n=111, P=37, N=111)
2025-03-04 14:57:28,036 - INFO - *****STOP GROWING RR RULE*****
2025-03-04 14:57:28,036 - INFO - ***RR NOT FOUND***
2025-03-04 14:57:28,038 - INFO - Iteracja 7: condition_best: regeneration_of = {no}, quality_best: 0.64, coverage_best: (p=23, n=1, P=61, N=87), precision: 0.958
2025-03-04 14:57:28,038 - INFO - Regula po iteracji 7: IF block_of_affere = {no} AND lym_nodes_enlar >= 3.00 AND dislocation_of = {yes} AND bl_of_lymph_c = {no} AND bl_of_lymph_s = {no} AND lym_nodes_dimin <= 1.00 AND lym_nodes_dimin >= 1.00 AND regeneration_of = {no} THEN class = malign_lymph, (p=23, n=1, P=61, N=87)
2025-03-04 14:57:28,038 - INFO - *****GROWING RR RULE*****
2025-03-04 14:57:28,049 - INFO - Iteracja 0: condition_best: None quality_best: -inf, coverage_best: (p=0, n=0, P=0, N=0), number_of_covered_negatives_best: 0, best_score: 0, precision: 0
2025-03-04 14:57:28,049 - INFO - Regula po iteracji 0: IF  THEN class = malign_lymph, (p=38, n=110, P=38, N=110)
2025-03-04 14:57:28,049 - INFO - *****STOP GROWING RR RULE*****
2025-03-04 14:57:28,049 - INFO - ***RR NOT FOUND***
2025-03-04 14:57:28,050 - INFO - Iteracja 8: condition_best: by_pass = {no}, quality_best: 0.63, coverage_best: (p=22, n=1, P=61, N=87), precision: 0.957
2025-03-04 14:57:28,051 - INFO - Regula po iteracji 8: IF block_of_affere = {no} AND lym_nodes_enlar >= 3.00 AND dislocation_of = {yes} AND bl_of_lymph_c = {no} AND bl_of_lymph_s = {no} AND lym_nodes_dimin <= 1.00 AND lym_nodes_dimin >= 1.00 AND regeneration_of = {no} AND by_pass = {no} THEN class = malign_lymph, (p=22, n=1, P=61, N=87)
2025-03-04 14:57:28,051 - INFO - *****GROWING RR RULE*****
2025-03-04 14:57:28,061 - INFO - Iteracja 0: condition_best: None quality_best: -inf, coverage_best: (p=0, n=0, P=0, N=0), number_of_covered_negatives_best: 0, best_score: 0, precision: 0
2025-03-04 14:57:28,061 - INFO - Regula po iteracji 0: IF  THEN class = malign_lymph, (p=39, n=109, P=39, N=109)
2025-03-04 14:57:28,061 - INFO - *****STOP GROWING RR RULE*****
2025-03-04 14:57:28,061 - INFO - ***RR NOT FOUND***
2025-03-04 14:57:28,063 - INFO - Iteracja 9: condition_best: no_of_nodes_in <= 2.00, quality_best: 0.416, coverage_best: (p=6, n=1, P=61, N=87), precision: 0.857
2025-03-04 14:57:28,063 - INFO - Regula po iteracji 9: IF block_of_affere = {no} AND lym_nodes_enlar >= 3.00 AND dislocation_of = {yes} AND bl_of_lymph_c = {no} AND bl_of_lymph_s = {no} AND lym_nodes_dimin <= 1.00 AND lym_nodes_dimin >= 1.00 AND regeneration_of = {no} AND by_pass = {no} AND no_of_nodes_in <= 2.00 THEN class = malign_lymph, (p=6, n=1, P=61, N=87)
2025-03-04 14:57:28,063 - INFO - *****GROWING RR RULE*****
2025-03-04 14:57:28,073 - INFO - Iteracja 0: condition_best: no_of_nodes_in >= 4.50, quality_best: 0.529, coverage_best: (p=22, n=4, P=55, N=93), number_of_covered_negatives_best: 0, best_score: 0.929, precision: 0.846
2025-03-04 14:57:28,073 - INFO - Regula po iteracji 0: IF no_of_nodes_in >= 4.50 THEN class = malign_lymph, (p=22, n=4, P=55, N=93)
2025-03-04 14:57:28,073 - INFO - *****STOP GROWING RR RULE*****
2025-03-04 14:57:28,073 - INFO - ***RR FOUND***
2025-03-04 14:57:28,073 - INFO - Reference rule: IF no_of_nodes_in >= 4.50 THEN class = malign_lymph
2025-03-04 14:57:28,074 - INFO - ***CHECKING EXCEPTION***
2025-03-04 14:57:28,074 - INFO - Exception precision: 0
2025-03-04 14:57:28,074 - INFO - ***ER NOT FOUND***
2025-03-04 14:57:28,075 - INFO - Iteracja 10: condition_best: None, quality_best: -inf, coverage_best: (p=0, n=0, P=0, N=0), precision: 0
2025-03-04 14:57:28,075 - INFO - Regula po iteracji 10: IF block_of_affere = {no} AND lym_nodes_enlar >= 3.00 AND dislocation_of = {yes} AND bl_of_lymph_c = {no} AND bl_of_lymph_s = {no} AND lym_nodes_dimin <= 1.00 AND lym_nodes_dimin >= 1.00 AND regeneration_of = {no} AND by_pass = {no} AND no_of_nodes_in <= 2.00 THEN class = malign_lymph, (p=6, n=1, P=61, N=87)
2025-03-04 14:57:28,076 - INFO - *******STOP GROWING CR RULE*******
2025-03-04 14:57:28,076 - INFO - *******GROWING CR RULE*******
2025-03-04 14:57:28,079 - INFO - Iteracja 0: condition_best: block_of_affere = {no}, quality_best: 0.347, coverage_best: (p=43, n=23, P=61, N=87), precision: 0.652
2025-03-04 14:57:28,079 - INFO - Regula po iteracji 0: IF block_of_affere = {no} THEN class = malign_lymph, (p=43, n=23, P=61, N=87)
2025-03-04 14:57:28,081 - INFO - Iteracja 1: condition_best: early_uptake_in = {yes}, quality_best: 0.571, coverage_best: (p=38, n=8, P=61, N=87), precision: 0.826
2025-03-04 14:57:28,082 - INFO - Regula po iteracji 1: IF block_of_affere = {no} AND early_uptake_in = {yes} THEN class = malign_lymph, (p=38, n=8, P=61, N=87)
2025-03-04 14:57:28,082 - INFO - *****GROWING RR RULE*****
2025-03-04 14:57:28,094 - INFO - Iteracja 0: condition_best: None quality_best: -inf, coverage_best: (p=0, n=0, P=0, N=0), number_of_covered_negatives_best: 0, best_score: 0, precision: 0
2025-03-04 14:57:28,094 - INFO - Regula po iteracji 0: IF  THEN class = malign_lymph, (p=23, n=125, P=23, N=125)
2025-03-04 14:57:28,095 - INFO - *****STOP GROWING RR RULE*****
2025-03-04 14:57:28,095 - INFO - ***RR NOT FOUND***
2025-03-04 14:57:28,096 - INFO - Iteracja 2: condition_best: exclusion_of_no = {yes}, quality_best: 0.639, coverage_best: (p=34, n=4, P=61, N=87), precision: 0.895
2025-03-04 14:57:28,096 - INFO - Regula po iteracji 2: IF block_of_affere = {no} AND early_uptake_in = {yes} AND exclusion_of_no = {yes} THEN class = malign_lymph, (p=34, n=4, P=61, N=87)
2025-03-04 14:57:28,097 - INFO - *****GROWING RR RULE*****
2025-03-04 14:57:28,108 - INFO - Iteracja 0: condition_best: None quality_best: -inf, coverage_best: (p=0, n=0, P=0, N=0), number_of_covered_negatives_best: 0, best_score: 0, precision: 0
2025-03-04 14:57:28,108 - INFO - Regula po iteracji 0: IF  THEN class = malign_lymph, (p=27, n=121, P=27, N=121)
2025-03-04 14:57:28,108 - INFO - *****STOP GROWING RR RULE*****
2025-03-04 14:57:28,108 - INFO - ***RR NOT FOUND***
2025-03-04 14:57:28,110 - INFO - Iteracja 3: condition_best: bl_of_lymph_c = {no}, quality_best: 0.639, coverage_best: (p=34, n=4, P=61, N=87), precision: 0.895
2025-03-04 14:57:28,110 - INFO - Regula po iteracji 3: IF block_of_affere = {no} AND early_uptake_in = {yes} AND exclusion_of_no = {yes} AND bl_of_lymph_c = {no} THEN class = malign_lymph, (p=34, n=4, P=61, N=87)
2025-03-04 14:57:28,110 - INFO - *****GROWING RR RULE*****
2025-03-04 14:57:28,122 - INFO - Iteracja 0: condition_best: None quality_best: -inf, coverage_best: (p=0, n=0, P=0, N=0), number_of_covered_negatives_best: 0, best_score: 0, precision: 0
2025-03-04 14:57:28,122 - INFO - Regula po iteracji 0: IF  THEN class = malign_lymph, (p=27, n=121, P=27, N=121)
2025-03-04 14:57:28,122 - INFO - *****STOP GROWING RR RULE*****
2025-03-04 14:57:28,122 - INFO - ***RR NOT FOUND***
2025-03-04 14:57:28,123 - INFO - Iteracja 4: condition_best: bl_of_lymph_s = {no}, quality_best: 0.639, coverage_best: (p=34, n=4, P=61, N=87), precision: 0.895
2025-03-04 14:57:28,124 - INFO - Regula po iteracji 4: IF block_of_affere = {no} AND early_uptake_in = {yes} AND exclusion_of_no = {yes} AND bl_of_lymph_c = {no} AND bl_of_lymph_s = {no} THEN class = malign_lymph, (p=34, n=4, P=61, N=87)
2025-03-04 14:57:28,124 - INFO - *****GROWING RR RULE*****
2025-03-04 14:57:28,135 - INFO - Iteracja 0: condition_best: None quality_best: -inf, coverage_best: (p=0, n=0, P=0, N=0), number_of_covered_negatives_best: 0, best_score: 0, precision: 0
2025-03-04 14:57:28,135 - INFO - Regula po iteracji 0: IF  THEN class = malign_lymph, (p=27, n=121, P=27, N=121)
2025-03-04 14:57:28,135 - INFO - *****STOP GROWING RR RULE*****
2025-03-04 14:57:28,136 - INFO - ***RR NOT FOUND***
2025-03-04 14:57:28,137 - INFO - Iteracja 5: condition_best: lym_nodes_dimin >= 1.00, quality_best: 0.639, coverage_best: (p=34, n=4, P=61, N=87), precision: 0.895
2025-03-04 14:57:28,137 - INFO - Regula po iteracji 5: IF block_of_affere = {no} AND early_uptake_in = {yes} AND exclusion_of_no = {yes} AND bl_of_lymph_c = {no} AND bl_of_lymph_s = {no} AND lym_nodes_dimin >= 1.00 THEN class = malign_lymph, (p=34, n=4, P=61, N=87)
2025-03-04 14:57:28,138 - INFO - *****GROWING RR RULE*****
2025-03-04 14:57:28,149 - INFO - Iteracja 0: condition_best: None quality_best: -inf, coverage_best: (p=0, n=0, P=0, N=0), number_of_covered_negatives_best: 0, best_score: 0, precision: 0
2025-03-04 14:57:28,149 - INFO - Regula po iteracji 0: IF  THEN class = malign_lymph, (p=27, n=121, P=27, N=121)
2025-03-04 14:57:28,149 - INFO - *****STOP GROWING RR RULE*****
2025-03-04 14:57:28,149 - INFO - ***RR NOT FOUND***
2025-03-04 14:57:28,151 - INFO - Iteracja 6: condition_best: no_of_nodes_in >= 1.00, quality_best: 0.639, coverage_best: (p=34, n=4, P=61, N=87), precision: 0.895
2025-03-04 14:57:28,151 - INFO - Regula po iteracji 6: IF block_of_affere = {no} AND early_uptake_in = {yes} AND exclusion_of_no = {yes} AND bl_of_lymph_c = {no} AND bl_of_lymph_s = {no} AND lym_nodes_dimin >= 1.00 AND no_of_nodes_in >= 1.00 THEN class = malign_lymph, (p=34, n=4, P=61, N=87)
2025-03-04 14:57:28,152 - INFO - *****GROWING RR RULE*****
2025-03-04 14:57:28,163 - INFO - Iteracja 0: condition_best: None quality_best: -inf, coverage_best: (p=0, n=0, P=0, N=0), number_of_covered_negatives_best: 0, best_score: 0, precision: 0
2025-03-04 14:57:28,163 - INFO - Regula po iteracji 0: IF  THEN class = malign_lymph, (p=27, n=121, P=27, N=121)
2025-03-04 14:57:28,163 - INFO - *****STOP GROWING RR RULE*****
2025-03-04 14:57:28,163 - INFO - ***RR NOT FOUND***
2025-03-04 14:57:28,165 - INFO - Iteracja 7: condition_best: regeneration_of = {no}, quality_best: 0.629, coverage_best: (p=33, n=4, P=61, N=87), precision: 0.892
2025-03-04 14:57:28,165 - INFO - Regula po iteracji 7: IF block_of_affere = {no} AND early_uptake_in = {yes} AND exclusion_of_no = {yes} AND bl_of_lymph_c = {no} AND bl_of_lymph_s = {no} AND lym_nodes_dimin >= 1.00 AND no_of_nodes_in >= 1.00 AND regeneration_of = {no} THEN class = malign_lymph, (p=33, n=4, P=61, N=87)
2025-03-04 14:57:28,166 - INFO - *****GROWING RR RULE*****
2025-03-04 14:57:28,177 - INFO - Iteracja 0: condition_best: None quality_best: -inf, coverage_best: (p=0, n=0, P=0, N=0), number_of_covered_negatives_best: 0, best_score: 0, precision: 0
2025-03-04 14:57:28,177 - INFO - Regula po iteracji 0: IF  THEN class = malign_lymph, (p=28, n=120, P=28, N=120)
2025-03-04 14:57:28,177 - INFO - *****STOP GROWING RR RULE*****
2025-03-04 14:57:28,177 - INFO - ***RR NOT FOUND***
2025-03-04 14:57:28,179 - INFO - Iteracja 8: condition_best: by_pass = {no}, quality_best: 0.618, coverage_best: (p=32, n=4, P=61, N=87), precision: 0.889
2025-03-04 14:57:28,179 - INFO - Regula po iteracji 8: IF block_of_affere = {no} AND early_uptake_in = {yes} AND exclusion_of_no = {yes} AND bl_of_lymph_c = {no} AND bl_of_lymph_s = {no} AND lym_nodes_dimin >= 1.00 AND no_of_nodes_in >= 1.00 AND regeneration_of = {no} AND by_pass = {no} THEN class = malign_lymph, (p=32, n=4, P=61, N=87)
2025-03-04 14:57:28,180 - INFO - *****GROWING RR RULE*****
2025-03-04 14:57:28,191 - INFO - Iteracja 0: condition_best: None quality_best: -inf, coverage_best: (p=0, n=0, P=0, N=0), number_of_covered_negatives_best: 0, best_score: 0, precision: 0
2025-03-04 14:57:28,191 - INFO - Regula po iteracji 0: IF  THEN class = malign_lymph, (p=29, n=119, P=29, N=119)
2025-03-04 14:57:28,191 - INFO - *****STOP GROWING RR RULE*****
2025-03-04 14:57:28,191 - INFO - ***RR NOT FOUND***
2025-03-04 14:57:28,193 - INFO - Iteracja 9: condition_best: lym_nodes_dimin <= 1.00, quality_best: 0.607, coverage_best: (p=31, n=4, P=61, N=87), precision: 0.886
2025-03-04 14:57:28,193 - INFO - Regula po iteracji 9: IF block_of_affere = {no} AND early_uptake_in = {yes} AND exclusion_of_no = {yes} AND bl_of_lymph_c = {no} AND bl_of_lymph_s = {no} AND lym_nodes_dimin >= 1.00 AND no_of_nodes_in >= 1.00 AND regeneration_of = {no} AND by_pass = {no} AND lym_nodes_dimin <= 1.00 THEN class = malign_lymph, (p=31, n=4, P=61, N=87)
2025-03-04 14:57:28,194 - INFO - *****GROWING RR RULE*****
2025-03-04 14:57:28,205 - INFO - Iteracja 0: condition_best: None quality_best: -inf, coverage_best: (p=0, n=0, P=0, N=0), number_of_covered_negatives_best: 0, best_score: 0, precision: 0
2025-03-04 14:57:28,205 - INFO - Regula po iteracji 0: IF  THEN class = malign_lymph, (p=30, n=118, P=30, N=118)
2025-03-04 14:57:28,205 - INFO - *****STOP GROWING RR RULE*****
2025-03-04 14:57:28,205 - INFO - ***RR NOT FOUND***
2025-03-04 14:57:28,206 - INFO - Iteracja 10: condition_best: lym_nodes_enlar >= 2.00, quality_best: 0.607, coverage_best: (p=31, n=4, P=61, N=87), precision: 0.886
2025-03-04 14:57:28,207 - INFO - Regula po iteracji 10: IF block_of_affere = {no} AND early_uptake_in = {yes} AND exclusion_of_no = {yes} AND bl_of_lymph_c = {no} AND bl_of_lymph_s = {no} AND lym_nodes_dimin >= 1.00 AND no_of_nodes_in >= 1.00 AND regeneration_of = {no} AND by_pass = {no} AND lym_nodes_dimin <= 1.00 AND lym_nodes_enlar >= 2.00 THEN class = malign_lymph, (p=31, n=4, P=61, N=87)
2025-03-04 14:57:28,207 - INFO - *****GROWING RR RULE*****
2025-03-04 14:57:28,218 - INFO - Iteracja 0: condition_best: None quality_best: -inf, coverage_best: (p=0, n=0, P=0, N=0), number_of_covered_negatives_best: 0, best_score: 0, precision: 0
2025-03-04 14:57:28,218 - INFO - Regula po iteracji 0: IF  THEN class = malign_lymph, (p=30, n=118, P=30, N=118)
2025-03-04 14:57:28,218 - INFO - *****STOP GROWING RR RULE*****
2025-03-04 14:57:28,218 - INFO - ***RR NOT FOUND***
2025-03-04 14:57:28,220 - INFO - Iteracja 11: condition_best: changes_in_lym = {oval}, quality_best: 0.573, coverage_best: (p=21, n=2, P=61, N=87), precision: 0.913
2025-03-04 14:57:28,221 - INFO - Regula po iteracji 11: IF block_of_affere = {no} AND early_uptake_in = {yes} AND exclusion_of_no = {yes} AND bl_of_lymph_c = {no} AND bl_of_lymph_s = {no} AND lym_nodes_dimin >= 1.00 AND no_of_nodes_in >= 1.00 AND regeneration_of = {no} AND by_pass = {no} AND lym_nodes_dimin <= 1.00 AND lym_nodes_enlar >= 2.00 AND changes_in_lym = {oval} THEN class = malign_lymph, (p=21, n=2, P=61, N=87)
2025-03-04 14:57:28,221 - INFO - *****GROWING RR RULE*****
2025-03-04 14:57:28,232 - INFO - Iteracja 0: condition_best: None quality_best: -inf, coverage_best: (p=0, n=0, P=0, N=0), number_of_covered_negatives_best: 0, best_score: 0, precision: 0
2025-03-04 14:57:28,232 - INFO - Regula po iteracji 0: IF  THEN class = malign_lymph, (p=40, n=108, P=40, N=108)
2025-03-04 14:57:28,232 - INFO - *****STOP GROWING RR RULE*****
2025-03-04 14:57:28,232 - INFO - ***RR NOT FOUND***
2025-03-04 14:57:28,233 - INFO - Iteracja 12: condition_best: lym_nodes_enlar <= 2.00, quality_best: 0.396, coverage_best: (p=9, n=2, P=61, N=87), precision: 0.818
2025-03-04 14:57:28,233 - INFO - Regula po iteracji 12: IF block_of_affere = {no} AND early_uptake_in = {yes} AND exclusion_of_no = {yes} AND bl_of_lymph_c = {no} AND bl_of_lymph_s = {no} AND lym_nodes_dimin >= 1.00 AND no_of_nodes_in >= 1.00 AND regeneration_of = {no} AND by_pass = {no} AND lym_nodes_dimin <= 1.00 AND lym_nodes_enlar >= 2.00 AND changes_in_lym = {oval} AND lym_nodes_enlar <= 2.00 THEN class = malign_lymph, (p=9, n=2, P=61, N=87)
2025-03-04 14:57:28,234 - INFO - *****GROWING RR RULE*****
2025-03-04 14:57:28,244 - INFO - Iteracja 0: condition_best: no_of_nodes_in >= 4.50, quality_best: 0.543, coverage_best: (p=22, n=4, P=52, N=96), number_of_covered_negatives_best: 0, best_score: 0.966, precision: 0.846
2025-03-04 14:57:28,244 - INFO - Regula po iteracji 0: IF no_of_nodes_in >= 4.50 THEN class = malign_lymph, (p=22, n=4, P=52, N=96)
2025-03-04 14:57:28,245 - INFO - *****STOP GROWING RR RULE*****
2025-03-04 14:57:28,245 - INFO - ***RR FOUND***
2025-03-04 14:57:28,245 - INFO - Reference rule: IF no_of_nodes_in >= 4.50 THEN class = malign_lymph
2025-03-04 14:57:28,245 - INFO - ***CHECKING EXCEPTION***
2025-03-04 14:57:28,245 - INFO - Exception precision: 0
2025-03-04 14:57:28,245 - INFO - ***ER NOT FOUND***
2025-03-04 14:57:28,246 - INFO - Iteracja 13: condition_best: None, quality_best: -inf, coverage_best: (p=0, n=0, P=0, N=0), precision: 0
2025-03-04 14:57:28,247 - INFO - Regula po iteracji 13: IF block_of_affere = {no} AND early_uptake_in = {yes} AND exclusion_of_no = {yes} AND bl_of_lymph_c = {no} AND bl_of_lymph_s = {no} AND lym_nodes_dimin >= 1.00 AND no_of_nodes_in >= 1.00 AND regeneration_of = {no} AND by_pass = {no} AND lym_nodes_dimin <= 1.00 AND lym_nodes_enlar >= 2.00 AND changes_in_lym = {oval} AND lym_nodes_enlar <= 2.00 THEN class = malign_lymph, (p=9, n=2, P=61, N=87)
2025-03-04 14:57:28,247 - INFO - *******STOP GROWING CR RULE*******
2025-03-04 14:57:28,248 - INFO - *******GROWING CR RULE*******
2025-03-04 14:57:28,250 - INFO - Iteracja 0: condition_best: block_of_affere = {no}, quality_best: 0.347, coverage_best: (p=43, n=23, P=61, N=87), precision: 0.652
2025-03-04 14:57:28,251 - INFO - Regula po iteracji 0: IF block_of_affere = {no} THEN class = malign_lymph, (p=43, n=23, P=61, N=87)
2025-03-04 14:57:28,253 - INFO - Iteracja 1: condition_best: lym_nodes_enlar >= 1.50, quality_best: 0.466, coverage_best: (p=42, n=15, P=61, N=87), precision: 0.737
2025-03-04 14:57:28,253 - INFO - Regula po iteracji 1: IF block_of_affere = {no} AND lym_nodes_enlar >= 1.50 THEN class = malign_lymph, (p=42, n=15, P=61, N=87)
2025-03-04 14:57:28,255 - INFO - Iteracja 2: condition_best: regeneration_of = {no}, quality_best: 0.474, coverage_best: (p=41, n=14, P=61, N=87), precision: 0.745
2025-03-04 14:57:28,255 - INFO - Regula po iteracji 2: IF block_of_affere = {no} AND lym_nodes_enlar >= 1.50 AND regeneration_of = {no} THEN class = malign_lymph, (p=41, n=14, P=61, N=87)
2025-03-04 14:57:28,257 - INFO - Iteracja 3: condition_best: by_pass = {no}, quality_best: 0.482, coverage_best: (p=40, n=13, P=61, N=87), precision: 0.755
2025-03-04 14:57:28,257 - INFO - Regula po iteracji 3: IF block_of_affere = {no} AND lym_nodes_enlar >= 1.50 AND regeneration_of = {no} AND by_pass = {no} THEN class = malign_lymph, (p=40, n=13, P=61, N=87)
2025-03-04 14:57:28,259 - INFO - Iteracja 4: condition_best: bl_of_lymph_c = {no}, quality_best: 0.482, coverage_best: (p=40, n=13, P=61, N=87), precision: 0.755
2025-03-04 14:57:28,259 - INFO - Regula po iteracji 4: IF block_of_affere = {no} AND lym_nodes_enlar >= 1.50 AND regeneration_of = {no} AND by_pass = {no} AND bl_of_lymph_c = {no} THEN class = malign_lymph, (p=40, n=13, P=61, N=87)
2025-03-04 14:57:28,261 - INFO - Iteracja 5: condition_best: bl_of_lymph_s = {no}, quality_best: 0.482, coverage_best: (p=40, n=13, P=61, N=87), precision: 0.755
2025-03-04 14:57:28,261 - INFO - Regula po iteracji 5: IF block_of_affere = {no} AND lym_nodes_enlar >= 1.50 AND regeneration_of = {no} AND by_pass = {no} AND bl_of_lymph_c = {no} AND bl_of_lymph_s = {no} THEN class = malign_lymph, (p=40, n=13, P=61, N=87)
2025-03-04 14:57:28,263 - INFO - Iteracja 6: condition_best: lym_nodes_dimin <= 1.00, quality_best: 0.482, coverage_best: (p=40, n=13, P=61, N=87), precision: 0.755
2025-03-04 14:57:28,263 - INFO - Regula po iteracji 6: IF block_of_affere = {no} AND lym_nodes_enlar >= 1.50 AND regeneration_of = {no} AND by_pass = {no} AND bl_of_lymph_c = {no} AND bl_of_lymph_s = {no} AND lym_nodes_dimin <= 1.00 THEN class = malign_lymph, (p=40, n=13, P=61, N=87)
2025-03-04 14:57:28,265 - INFO - Iteracja 7: condition_best: lym_nodes_dimin >= 1.00, quality_best: 0.482, coverage_best: (p=40, n=13, P=61, N=87), precision: 0.755
2025-03-04 14:57:28,265 - INFO - Regula po iteracji 7: IF block_of_affere = {no} AND lym_nodes_enlar >= 1.50 AND regeneration_of = {no} AND by_pass = {no} AND bl_of_lymph_c = {no} AND bl_of_lymph_s = {no} AND lym_nodes_dimin <= 1.00 AND lym_nodes_dimin >= 1.00 THEN class = malign_lymph, (p=40, n=13, P=61, N=87)
2025-03-04 14:57:28,267 - INFO - Iteracja 8: condition_best: lym_nodes_enlar >= 2.00, quality_best: 0.482, coverage_best: (p=40, n=13, P=61, N=87), precision: 0.755
2025-03-04 14:57:28,267 - INFO - Regula po iteracji 8: IF block_of_affere = {no} AND lym_nodes_enlar >= 1.50 AND regeneration_of = {no} AND by_pass = {no} AND bl_of_lymph_c = {no} AND bl_of_lymph_s = {no} AND lym_nodes_dimin <= 1.00 AND lym_nodes_dimin >= 1.00 AND lym_nodes_enlar >= 2.00 THEN class = malign_lymph, (p=40, n=13, P=61, N=87)
2025-03-04 14:57:28,269 - INFO - Iteracja 9: condition_best: no_of_nodes_in >= 1.00, quality_best: 0.482, coverage_best: (p=40, n=13, P=61, N=87), precision: 0.755
2025-03-04 14:57:28,269 - INFO - Regula po iteracji 9: IF block_of_affere = {no} AND lym_nodes_enlar >= 1.50 AND regeneration_of = {no} AND by_pass = {no} AND bl_of_lymph_c = {no} AND bl_of_lymph_s = {no} AND lym_nodes_dimin <= 1.00 AND lym_nodes_dimin >= 1.00 AND lym_nodes_enlar >= 2.00 AND no_of_nodes_in >= 1.00 THEN class = malign_lymph, (p=40, n=13, P=61, N=87)
2025-03-04 14:57:28,271 - INFO - Iteracja 10: condition_best: changes_in_lym = {oval}, quality_best: 0.466, coverage_best: (p=29, n=8, P=61, N=87), precision: 0.784
2025-03-04 14:57:28,272 - INFO - Regula po iteracji 10: IF block_of_affere = {no} AND lym_nodes_enlar >= 1.50 AND regeneration_of = {no} AND by_pass = {no} AND bl_of_lymph_c = {no} AND bl_of_lymph_s = {no} AND lym_nodes_dimin <= 1.00 AND lym_nodes_dimin >= 1.00 AND lym_nodes_enlar >= 2.00 AND no_of_nodes_in >= 1.00 AND changes_in_lym = {oval} THEN class = malign_lymph, (p=29, n=8, P=61, N=87)
2025-03-04 14:57:28,274 - INFO - Iteracja 11: condition_best: lym_nodes_enlar <= 3.00, quality_best: 0.4, coverage_best: (p=24, n=8, P=61, N=87), precision: 0.75
2025-03-04 14:57:28,274 - INFO - Regula po iteracji 11: IF block_of_affere = {no} AND lym_nodes_enlar >= 1.50 AND regeneration_of = {no} AND by_pass = {no} AND bl_of_lymph_c = {no} AND bl_of_lymph_s = {no} AND lym_nodes_dimin <= 1.00 AND lym_nodes_dimin >= 1.00 AND lym_nodes_enlar >= 2.00 AND no_of_nodes_in >= 1.00 AND changes_in_lym = {oval} AND lym_nodes_enlar <= 3.00 THEN class = malign_lymph, (p=24, n=8, P=61, N=87)
2025-03-04 14:57:28,276 - INFO - Iteracja 12: condition_best: extravasates = {no}, quality_best: 0.322, coverage_best: (p=17, n=7, P=61, N=87), precision: 0.708
2025-03-04 14:57:28,276 - INFO - Regula po iteracji 12: IF block_of_affere = {no} AND lym_nodes_enlar >= 1.50 AND regeneration_of = {no} AND by_pass = {no} AND bl_of_lymph_c = {no} AND bl_of_lymph_s = {no} AND lym_nodes_dimin <= 1.00 AND lym_nodes_dimin >= 1.00 AND lym_nodes_enlar >= 2.00 AND no_of_nodes_in >= 1.00 AND changes_in_lym = {oval} AND lym_nodes_enlar <= 3.00 AND extravasates = {no} THEN class = malign_lymph, (p=17, n=7, P=61, N=87)
2025-03-04 14:57:28,278 - INFO - Iteracja 13: condition_best: lym_nodes_enlar <= 2.00, quality_best: 0.211, coverage_best: (p=10, n=6, P=61, N=87), precision: 0.625
2025-03-04 14:57:28,278 - INFO - Regula po iteracji 13: IF block_of_affere = {no} AND lym_nodes_enlar >= 1.50 AND regeneration_of = {no} AND by_pass = {no} AND bl_of_lymph_c = {no} AND bl_of_lymph_s = {no} AND lym_nodes_dimin <= 1.00 AND lym_nodes_dimin >= 1.00 AND lym_nodes_enlar >= 2.00 AND no_of_nodes_in >= 1.00 AND changes_in_lym = {oval} AND lym_nodes_enlar <= 3.00 AND extravasates = {no} AND lym_nodes_enlar <= 2.00 THEN class = malign_lymph, (p=10, n=6, P=61, N=87)
2025-03-04 14:57:28,280 - INFO - Iteracja 14: condition_best: no_of_nodes_in <= 2.00, quality_best: 0.153, coverage_best: (p=8, n=6, P=61, N=87), precision: 0.571
2025-03-04 14:57:28,280 - INFO - Regula po iteracji 14: IF block_of_affere = {no} AND lym_nodes_enlar >= 1.50 AND regeneration_of = {no} AND by_pass = {no} AND bl_of_lymph_c = {no} AND bl_of_lymph_s = {no} AND lym_nodes_dimin <= 1.00 AND lym_nodes_dimin >= 1.00 AND lym_nodes_enlar >= 2.00 AND no_of_nodes_in >= 1.00 AND changes_in_lym = {oval} AND lym_nodes_enlar <= 3.00 AND extravasates = {no} AND lym_nodes_enlar <= 2.00 AND no_of_nodes_in <= 2.00 THEN class = malign_lymph, (p=8, n=6, P=61, N=87)
2025-03-04 14:57:28,282 - INFO - Iteracja 15: condition_best: None, quality_best: -inf, coverage_best: (p=0, n=0, P=0, N=0), precision: 0
2025-03-04 14:57:28,282 - INFO - Regula po iteracji 15: IF block_of_affere = {no} AND lym_nodes_enlar >= 1.50 AND regeneration_of = {no} AND by_pass = {no} AND bl_of_lymph_c = {no} AND bl_of_lymph_s = {no} AND lym_nodes_dimin <= 1.00 AND lym_nodes_dimin >= 1.00 AND lym_nodes_enlar >= 2.00 AND no_of_nodes_in >= 1.00 AND changes_in_lym = {oval} AND lym_nodes_enlar <= 3.00 AND extravasates = {no} AND lym_nodes_enlar <= 2.00 AND no_of_nodes_in <= 2.00 THEN class = malign_lymph, (p=8, n=6, P=61, N=87)
2025-03-04 14:57:28,282 - INFO - *******STOP GROWING CR RULE*******
2025-03-04 14:57:28,283 - INFO - *******GROWING CR RULE*******
2025-03-04 14:57:28,286 - INFO - Iteracja 0: condition_best: None, quality_best: -inf, coverage_best: (p=0, n=0, P=0, N=0), precision: 0
2025-03-04 14:57:28,286 - INFO - Regula po iteracji 0: IF  THEN class = malign_lymph, (p=61, n=87, P=61, N=87)
2025-03-04 14:57:28,286 - INFO - *******STOP GROWING CR RULE*******
2025-03-04 14:57:28,286 - INFO - *******GROWING CR RULE*******
2025-03-04 14:57:28,289 - INFO - Iteracja 0: condition_best: lym_nodes_dimin >= 2.00, quality_best: 0.657, coverage_best: (p=4, n=2, P=4, N=144), precision: 0.667
2025-03-04 14:57:28,289 - INFO - Regula po iteracji 0: IF lym_nodes_dimin >= 2.00 THEN class = fibrosis, (p=4, n=2, P=4, N=144)
2025-03-04 14:57:28,290 - INFO - Iteracja 1: condition_best: by_pass = {yes}, quality_best: 1.0, coverage_best: (p=4, n=0, P=4, N=144), precision: 1.0
2025-03-04 14:57:28,290 - INFO - Regula po iteracji 1: IF lym_nodes_dimin >= 2.00 AND by_pass = {yes} THEN class = fibrosis, (p=4, n=0, P=4, N=144)
2025-03-04 14:57:28,290 - INFO - *******STOP GROWING CR RULE*******
2025-03-04 14:57:28,291 - INFO - *******GROWING CR RULE*******
2025-03-04 14:57:28,293 - INFO - Iteracja 0: condition_best: None, quality_best: -inf, coverage_best: (p=0, n=0, P=0, N=0), precision: 0
2025-03-04 14:57:28,293 - INFO - Regula po iteracji 0: IF  THEN class = fibrosis, (p=4, n=144, P=4, N=144)
2025-03-04 14:57:28,293 - INFO - *******STOP GROWING CR RULE*******
2025-03-04 14:57:28,293 - INFO - *******GROWING CR RULE*******
2025-03-04 14:57:28,296 - INFO - Iteracja 0: condition_best: changes_in_node = {lac_margin}, quality_best: 0.575, coverage_best: (p=63, n=12, P=81, N=67), precision: 0.84
2025-03-04 14:57:28,297 - INFO - Regula po iteracji 0: IF changes_in_node = {lac_margin} THEN class = metastases, (p=63, n=12, P=81, N=67)
2025-03-04 14:57:28,297 - INFO - *****GROWING RR RULE*****
2025-03-04 14:57:28,310 - INFO - Iteracja 0: condition_best: None quality_best: -inf, coverage_best: (p=0, n=0, P=0, N=0), number_of_covered_negatives_best: 0, best_score: 0, precision: 0
2025-03-04 14:57:28,310 - INFO - Regula po iteracji 0: IF  THEN class = metastases, (p=18, n=130, P=18, N=130)
2025-03-04 14:57:28,310 - INFO - *****STOP GROWING RR RULE*****
2025-03-04 14:57:28,310 - INFO - ***RR NOT FOUND***
2025-03-04 14:57:28,313 - INFO - Iteracja 1: condition_best: block_of_affere = {yes}, quality_best: 0.729, coverage_best: (p=53, n=3, P=81, N=67), precision: 0.946
2025-03-04 14:57:28,313 - INFO - Regula po iteracji 1: IF changes_in_node = {lac_margin} AND block_of_affere = {yes} THEN class = metastases, (p=53, n=3, P=81, N=67)
2025-03-04 14:57:28,313 - INFO - *****GROWING RR RULE*****
2025-03-04 14:57:28,324 - INFO - Iteracja 0: condition_best: None quality_best: -inf, coverage_best: (p=0, n=0, P=0, N=0), number_of_covered_negatives_best: 0, best_score: 0, precision: 0
2025-03-04 14:57:28,324 - INFO - Regula po iteracji 0: IF  THEN class = metastases, (p=28, n=120, P=28, N=120)
2025-03-04 14:57:28,324 - INFO - *****STOP GROWING RR RULE*****
2025-03-04 14:57:28,324 - INFO - ***RR NOT FOUND***
2025-03-04 14:57:28,326 - INFO - Iteracja 2: condition_best: no_of_nodes_in <= 3.00, quality_best: 0.774, coverage_best: (p=50, n=1, P=81, N=67), precision: 0.98
2025-03-04 14:57:28,326 - INFO - Regula po iteracji 2: IF changes_in_node = {lac_margin} AND block_of_affere = {yes} AND no_of_nodes_in <= 3.00 THEN class = metastases, (p=50, n=1, P=81, N=67)
2025-03-04 14:57:28,326 - INFO - *****GROWING RR RULE*****
2025-03-04 14:57:28,336 - INFO - Iteracja 0: condition_best: None quality_best: -inf, coverage_best: (p=0, n=0, P=0, N=0), number_of_covered_negatives_best: 0, best_score: 0, precision: 0
2025-03-04 14:57:28,336 - INFO - Regula po iteracji 0: IF  THEN class = metastases, (p=31, n=117, P=31, N=117)
2025-03-04 14:57:28,336 - INFO - *****STOP GROWING RR RULE*****
2025-03-04 14:57:28,336 - INFO - ***RR NOT FOUND***
2025-03-04 14:57:28,338 - INFO - Iteracja 3: condition_best: regeneration_of = {no}, quality_best: 0.774, coverage_best: (p=50, n=1, P=81, N=67), precision: 0.98
2025-03-04 14:57:28,338 - INFO - Regula po iteracji 3: IF changes_in_node = {lac_margin} AND block_of_affere = {yes} AND no_of_nodes_in <= 3.00 AND regeneration_of = {no} THEN class = metastases, (p=50, n=1, P=81, N=67)
2025-03-04 14:57:28,338 - INFO - *****GROWING RR RULE*****
2025-03-04 14:57:28,348 - INFO - Iteracja 0: condition_best: None quality_best: -inf, coverage_best: (p=0, n=0, P=0, N=0), number_of_covered_negatives_best: 0, best_score: 0, precision: 0
2025-03-04 14:57:28,348 - INFO - Regula po iteracji 0: IF  THEN class = metastases, (p=31, n=117, P=31, N=117)
2025-03-04 14:57:28,348 - INFO - *****STOP GROWING RR RULE*****
2025-03-04 14:57:28,348 - INFO - ***RR NOT FOUND***
2025-03-04 14:57:28,350 - INFO - Iteracja 4: condition_best: lym_nodes_dimin <= 1.00, quality_best: 0.774, coverage_best: (p=50, n=1, P=81, N=67), precision: 0.98
2025-03-04 14:57:28,350 - INFO - Regula po iteracji 4: IF changes_in_node = {lac_margin} AND block_of_affere = {yes} AND no_of_nodes_in <= 3.00 AND regeneration_of = {no} AND lym_nodes_dimin <= 1.00 THEN class = metastases, (p=50, n=1, P=81, N=67)
2025-03-04 14:57:28,350 - INFO - *****GROWING RR RULE*****
2025-03-04 14:57:28,360 - INFO - Iteracja 0: condition_best: None quality_best: -inf, coverage_best: (p=0, n=0, P=0, N=0), number_of_covered_negatives_best: 0, best_score: 0, precision: 0
2025-03-04 14:57:28,360 - INFO - Regula po iteracji 0: IF  THEN class = metastases, (p=31, n=117, P=31, N=117)
2025-03-04 14:57:28,360 - INFO - *****STOP GROWING RR RULE*****
2025-03-04 14:57:28,360 - INFO - ***RR NOT FOUND***
2025-03-04 14:57:28,362 - INFO - Iteracja 5: condition_best: lym_nodes_dimin >= 1.00, quality_best: 0.774, coverage_best: (p=50, n=1, P=81, N=67), precision: 0.98
2025-03-04 14:57:28,362 - INFO - Regula po iteracji 5: IF changes_in_node = {lac_margin} AND block_of_affere = {yes} AND no_of_nodes_in <= 3.00 AND regeneration_of = {no} AND lym_nodes_dimin <= 1.00 AND lym_nodes_dimin >= 1.00 THEN class = metastases, (p=50, n=1, P=81, N=67)
2025-03-04 14:57:28,363 - INFO - *****GROWING RR RULE*****
2025-03-04 14:57:28,373 - INFO - Iteracja 0: condition_best: None quality_best: -inf, coverage_best: (p=0, n=0, P=0, N=0), number_of_covered_negatives_best: 0, best_score: 0, precision: 0
2025-03-04 14:57:28,373 - INFO - Regula po iteracji 0: IF  THEN class = metastases, (p=31, n=117, P=31, N=117)
2025-03-04 14:57:28,373 - INFO - *****STOP GROWING RR RULE*****
2025-03-04 14:57:28,373 - INFO - ***RR NOT FOUND***
2025-03-04 14:57:28,374 - INFO - Iteracja 6: condition_best: lym_nodes_enlar <= 4.00, quality_best: 0.774, coverage_best: (p=50, n=1, P=81, N=67), precision: 0.98
2025-03-04 14:57:28,374 - INFO - Regula po iteracji 6: IF changes_in_node = {lac_margin} AND block_of_affere = {yes} AND no_of_nodes_in <= 3.00 AND regeneration_of = {no} AND lym_nodes_dimin <= 1.00 AND lym_nodes_dimin >= 1.00 AND lym_nodes_enlar <= 4.00 THEN class = metastases, (p=50, n=1, P=81, N=67)
2025-03-04 14:57:28,375 - INFO - *****GROWING RR RULE*****
2025-03-04 14:57:28,385 - INFO - Iteracja 0: condition_best: None quality_best: -inf, coverage_best: (p=0, n=0, P=0, N=0), number_of_covered_negatives_best: 0, best_score: 0, precision: 0
2025-03-04 14:57:28,385 - INFO - Regula po iteracji 0: IF  THEN class = metastases, (p=31, n=117, P=31, N=117)
2025-03-04 14:57:28,385 - INFO - *****STOP GROWING RR RULE*****
2025-03-04 14:57:28,385 - INFO - ***RR NOT FOUND***
2025-03-04 14:57:28,387 - INFO - Iteracja 7: condition_best: bl_of_lymph_s = {no}, quality_best: 0.767, coverage_best: (p=49, n=1, P=81, N=67), precision: 0.98
2025-03-04 14:57:28,387 - INFO - Regula po iteracji 7: IF changes_in_node = {lac_margin} AND block_of_affere = {yes} AND no_of_nodes_in <= 3.00 AND regeneration_of = {no} AND lym_nodes_dimin <= 1.00 AND lym_nodes_dimin >= 1.00 AND lym_nodes_enlar <= 4.00 AND bl_of_lymph_s = {no} THEN class = metastases, (p=49, n=1, P=81, N=67)
2025-03-04 14:57:28,387 - INFO - *****GROWING RR RULE*****
2025-03-04 14:57:28,397 - INFO - Iteracja 0: condition_best: None quality_best: -inf, coverage_best: (p=0, n=0, P=0, N=0), number_of_covered_negatives_best: 0, best_score: 0, precision: 0
2025-03-04 14:57:28,397 - INFO - Regula po iteracji 0: IF  THEN class = metastases, (p=32, n=116, P=32, N=116)
2025-03-04 14:57:28,397 - INFO - *****STOP GROWING RR RULE*****
2025-03-04 14:57:28,397 - INFO - ***RR NOT FOUND***
2025-03-04 14:57:28,399 - INFO - Iteracja 8: condition_best: lym_nodes_enlar <= 3.50, quality_best: 0.79, coverage_best: (p=47, n=0, P=81, N=67), precision: 1.0
2025-03-04 14:57:28,399 - INFO - Regula po iteracji 8: IF changes_in_node = {lac_margin} AND block_of_affere = {yes} AND no_of_nodes_in <= 3.00 AND regeneration_of = {no} AND lym_nodes_dimin <= 1.00 AND lym_nodes_dimin >= 1.00 AND lym_nodes_enlar <= 4.00 AND bl_of_lymph_s = {no} AND lym_nodes_enlar <= 3.50 THEN class = metastases, (p=47, n=0, P=81, N=67)
2025-03-04 14:57:28,399 - INFO - *******STOP GROWING CR RULE*******
2025-03-04 14:57:28,413 - INFO - *******GROWING CR RULE*******
2025-03-04 14:57:28,416 - INFO - Iteracja 0: condition_best: changes_in_node = {lac_margin}, quality_best: 0.575, coverage_best: (p=63, n=12, P=81, N=67), precision: 0.84
2025-03-04 14:57:28,416 - INFO - Regula po iteracji 0: IF changes_in_node = {lac_margin} THEN class = metastases, (p=63, n=12, P=81, N=67)
2025-03-04 14:57:28,416 - INFO - *****GROWING RR RULE*****
2025-03-04 14:57:28,429 - INFO - Iteracja 0: condition_best: None quality_best: -inf, coverage_best: (p=0, n=0, P=0, N=0), number_of_covered_negatives_best: 0, best_score: 0, precision: 0
2025-03-04 14:57:28,429 - INFO - Regula po iteracji 0: IF  THEN class = metastases, (p=18, n=130, P=18, N=130)
2025-03-04 14:57:28,430 - INFO - *****STOP GROWING RR RULE*****
2025-03-04 14:57:28,430 - INFO - ***RR NOT FOUND***
2025-03-04 14:57:28,432 - INFO - Iteracja 1: condition_best: block_of_affere = {yes}, quality_best: 0.729, coverage_best: (p=53, n=3, P=81, N=67), precision: 0.946
2025-03-04 14:57:28,432 - INFO - Regula po iteracji 1: IF changes_in_node = {lac_margin} AND block_of_affere = {yes} THEN class = metastases, (p=53, n=3, P=81, N=67)
2025-03-04 14:57:28,432 - INFO - *****GROWING RR RULE*****
2025-03-04 14:57:28,443 - INFO - Iteracja 0: condition_best: None quality_best: -inf, coverage_best: (p=0, n=0, P=0, N=0), number_of_covered_negatives_best: 0, best_score: 0, precision: 0
2025-03-04 14:57:28,443 - INFO - Regula po iteracji 0: IF  THEN class = metastases, (p=28, n=120, P=28, N=120)
2025-03-04 14:57:28,443 - INFO - *****STOP GROWING RR RULE*****
2025-03-04 14:57:28,443 - INFO - ***RR NOT FOUND***
2025-03-04 14:57:28,445 - INFO - Iteracja 2: condition_best: regeneration_of = {no}, quality_best: 0.729, coverage_best: (p=53, n=3, P=81, N=67), precision: 0.946
2025-03-04 14:57:28,445 - INFO - Regula po iteracji 2: IF changes_in_node = {lac_margin} AND block_of_affere = {yes} AND regeneration_of = {no} THEN class = metastases, (p=53, n=3, P=81, N=67)
2025-03-04 14:57:28,445 - INFO - *****GROWING RR RULE*****
2025-03-04 14:57:28,456 - INFO - Iteracja 0: condition_best: None quality_best: -inf, coverage_best: (p=0, n=0, P=0, N=0), number_of_covered_negatives_best: 0, best_score: 0, precision: 0
2025-03-04 14:57:28,456 - INFO - Regula po iteracji 0: IF  THEN class = metastases, (p=28, n=120, P=28, N=120)
2025-03-04 14:57:28,456 - INFO - *****STOP GROWING RR RULE*****
2025-03-04 14:57:28,456 - INFO - ***RR NOT FOUND***
2025-03-04 14:57:28,458 - INFO - Iteracja 3: condition_best: lym_nodes_dimin <= 1.00, quality_best: 0.729, coverage_best: (p=53, n=3, P=81, N=67), precision: 0.946
2025-03-04 14:57:28,458 - INFO - Regula po iteracji 3: IF changes_in_node = {lac_margin} AND block_of_affere = {yes} AND regeneration_of = {no} AND lym_nodes_dimin <= 1.00 THEN class = metastases, (p=53, n=3, P=81, N=67)
2025-03-04 14:57:28,458 - INFO - *****GROWING RR RULE*****
2025-03-04 14:57:28,469 - INFO - Iteracja 0: condition_best: None quality_best: -inf, coverage_best: (p=0, n=0, P=0, N=0), number_of_covered_negatives_best: 0, best_score: 0, precision: 0
2025-03-04 14:57:28,469 - INFO - Regula po iteracji 0: IF  THEN class = metastases, (p=28, n=120, P=28, N=120)
2025-03-04 14:57:28,469 - INFO - *****STOP GROWING RR RULE*****
2025-03-04 14:57:28,469 - INFO - ***RR NOT FOUND***
2025-03-04 14:57:28,471 - INFO - Iteracja 4: condition_best: lym_nodes_dimin >= 1.00, quality_best: 0.729, coverage_best: (p=53, n=3, P=81, N=67), precision: 0.946
2025-03-04 14:57:28,471 - INFO - Regula po iteracji 4: IF changes_in_node = {lac_margin} AND block_of_affere = {yes} AND regeneration_of = {no} AND lym_nodes_dimin <= 1.00 AND lym_nodes_dimin >= 1.00 THEN class = metastases, (p=53, n=3, P=81, N=67)
2025-03-04 14:57:28,471 - INFO - *****GROWING RR RULE*****
2025-03-04 14:57:28,482 - INFO - Iteracja 0: condition_best: None quality_best: -inf, coverage_best: (p=0, n=0, P=0, N=0), number_of_covered_negatives_best: 0, best_score: 0, precision: 0
2025-03-04 14:57:28,482 - INFO - Regula po iteracji 0: IF  THEN class = metastases, (p=28, n=120, P=28, N=120)
2025-03-04 14:57:28,482 - INFO - *****STOP GROWING RR RULE*****
2025-03-04 14:57:28,482 - INFO - ***RR NOT FOUND***
2025-03-04 14:57:28,484 - INFO - Iteracja 5: condition_best: lym_nodes_enlar <= 4.00, quality_best: 0.729, coverage_best: (p=53, n=3, P=81, N=67), precision: 0.946
2025-03-04 14:57:28,484 - INFO - Regula po iteracji 5: IF changes_in_node = {lac_margin} AND block_of_affere = {yes} AND regeneration_of = {no} AND lym_nodes_dimin <= 1.00 AND lym_nodes_dimin >= 1.00 AND lym_nodes_enlar <= 4.00 THEN class = metastases, (p=53, n=3, P=81, N=67)
2025-03-04 14:57:28,485 - INFO - *****GROWING RR RULE*****
2025-03-04 14:57:28,495 - INFO - Iteracja 0: condition_best: None quality_best: -inf, coverage_best: (p=0, n=0, P=0, N=0), number_of_covered_negatives_best: 0, best_score: 0, precision: 0
2025-03-04 14:57:28,496 - INFO - Regula po iteracji 0: IF  THEN class = metastases, (p=28, n=120, P=28, N=120)
2025-03-04 14:57:28,496 - INFO - *****STOP GROWING RR RULE*****
2025-03-04 14:57:28,496 - INFO - ***RR NOT FOUND***
2025-03-04 14:57:28,497 - INFO - Iteracja 6: condition_best: lym_nodes_enlar >= 2.00, quality_best: 0.715, coverage_best: (p=51, n=3, P=81, N=67), precision: 0.944
2025-03-04 14:57:28,498 - INFO - Regula po iteracji 6: IF changes_in_node = {lac_margin} AND block_of_affere = {yes} AND regeneration_of = {no} AND lym_nodes_dimin <= 1.00 AND lym_nodes_dimin >= 1.00 AND lym_nodes_enlar <= 4.00 AND lym_nodes_enlar >= 2.00 THEN class = metastases, (p=51, n=3, P=81, N=67)
2025-03-04 14:57:28,498 - INFO - *****GROWING RR RULE*****
2025-03-04 14:57:28,509 - INFO - Iteracja 0: condition_best: None quality_best: -inf, coverage_best: (p=0, n=0, P=0, N=0), number_of_covered_negatives_best: 0, best_score: 0, precision: 0
2025-03-04 14:57:28,509 - INFO - Regula po iteracji 0: IF  THEN class = metastases, (p=30, n=118, P=30, N=118)
2025-03-04 14:57:28,509 - INFO - *****STOP GROWING RR RULE*****
2025-03-04 14:57:28,509 - INFO - ***RR NOT FOUND***
2025-03-04 14:57:28,511 - INFO - Iteracja 7: condition_best: changes_in_lym = {round}, quality_best: 0.591, coverage_best: (p=30, n=2, P=81, N=67), precision: 0.938
2025-03-04 14:57:28,511 - INFO - Regula po iteracji 7: IF changes_in_node = {lac_margin} AND block_of_affere = {yes} AND regeneration_of = {no} AND lym_nodes_dimin <= 1.00 AND lym_nodes_dimin >= 1.00 AND lym_nodes_enlar <= 4.00 AND lym_nodes_enlar >= 2.00 AND changes_in_lym = {round} THEN class = metastases, (p=30, n=2, P=81, N=67)
2025-03-04 14:57:28,512 - INFO - *****GROWING RR RULE*****
2025-03-04 14:57:28,522 - INFO - Iteracja 0: condition_best: None quality_best: -inf, coverage_best: (p=0, n=0, P=0, N=0), number_of_covered_negatives_best: 0, best_score: 0, precision: 0
2025-03-04 14:57:28,522 - INFO - Regula po iteracji 0: IF  THEN class = metastases, (p=51, n=97, P=51, N=97)
2025-03-04 14:57:28,522 - INFO - *****STOP GROWING RR RULE*****
2025-03-04 14:57:28,522 - INFO - ***RR NOT FOUND***
2025-03-04 14:57:28,524 - INFO - Iteracja 8: condition_best: dislocation_of = {yes}, quality_best: 0.498, coverage_best: (p=20, n=2, P=81, N=67), precision: 0.909
2025-03-04 14:57:28,524 - INFO - Regula po iteracji 8: IF changes_in_node = {lac_margin} AND block_of_affere = {yes} AND regeneration_of = {no} AND lym_nodes_dimin <= 1.00 AND lym_nodes_dimin >= 1.00 AND lym_nodes_enlar <= 4.00 AND lym_nodes_enlar >= 2.00 AND changes_in_lym = {round} AND dislocation_of = {yes} THEN class = metastases, (p=20, n=2, P=81, N=67)
2025-03-04 14:57:28,525 - INFO - *****GROWING RR RULE*****
2025-03-04 14:57:28,535 - INFO - Iteracja 0: condition_best: None quality_best: -inf, coverage_best: (p=0, n=0, P=0, N=0), number_of_covered_negatives_best: 0, best_score: 0, precision: 0
2025-03-04 14:57:28,535 - INFO - Regula po iteracji 0: IF  THEN class = metastases, (p=61, n=87, P=61, N=87)
2025-03-04 14:57:28,535 - INFO - *****STOP GROWING RR RULE*****
2025-03-04 14:57:28,536 - INFO - ***RR NOT FOUND***
2025-03-04 14:57:28,537 - INFO - Iteracja 9: condition_best: None, quality_best: -inf, coverage_best: (p=0, n=0, P=0, N=0), precision: 0
2025-03-04 14:57:28,537 - INFO - Regula po iteracji 9: IF changes_in_node = {lac_margin} AND block_of_affere = {yes} AND regeneration_of = {no} AND lym_nodes_dimin <= 1.00 AND lym_nodes_dimin >= 1.00 AND lym_nodes_enlar <= 4.00 AND lym_nodes_enlar >= 2.00 AND changes_in_lym = {round} AND dislocation_of = {yes} THEN class = metastases, (p=20, n=2, P=81, N=67)
2025-03-04 14:57:28,537 - INFO - *******STOP GROWING CR RULE*******
2025-03-04 14:57:28,538 - INFO - *******GROWING CR RULE*******
2025-03-04 14:57:28,541 - INFO - Iteracja 0: condition_best: changes_in_node = {lac_margin}, quality_best: 0.575, coverage_best: (p=63, n=12, P=81, N=67), precision: 0.84
2025-03-04 14:57:28,541 - INFO - Regula po iteracji 0: IF changes_in_node = {lac_margin} THEN class = metastases, (p=63, n=12, P=81, N=67)
2025-03-04 14:57:28,541 - INFO - *****GROWING RR RULE*****
2025-03-04 14:57:28,555 - INFO - Iteracja 0: condition_best: None quality_best: -inf, coverage_best: (p=0, n=0, P=0, N=0), number_of_covered_negatives_best: 0, best_score: 0, precision: 0
2025-03-04 14:57:28,555 - INFO - Regula po iteracji 0: IF  THEN class = metastases, (p=18, n=130, P=18, N=130)
2025-03-04 14:57:28,555 - INFO - *****STOP GROWING RR RULE*****
2025-03-04 14:57:28,555 - INFO - ***RR NOT FOUND***
2025-03-04 14:57:28,557 - INFO - Iteracja 1: condition_best: no_of_nodes_in <= 3.00, quality_best: 0.612, coverage_best: (p=59, n=9, P=81, N=67), precision: 0.868
2025-03-04 14:57:28,557 - INFO - Regula po iteracji 1: IF changes_in_node = {lac_margin} AND no_of_nodes_in <= 3.00 THEN class = metastases, (p=59, n=9, P=81, N=67)
2025-03-04 14:57:28,557 - INFO - *****GROWING RR RULE*****
2025-03-04 14:57:28,570 - INFO - Iteracja 0: condition_best: None quality_best: -inf, coverage_best: (p=0, n=0, P=0, N=0), number_of_covered_negatives_best: 0, best_score: 0, precision: 0
2025-03-04 14:57:28,570 - INFO - Regula po iteracji 0: IF  THEN class = metastases, (p=22, n=126, P=22, N=126)
2025-03-04 14:57:28,570 - INFO - *****STOP GROWING RR RULE*****
2025-03-04 14:57:28,570 - INFO - ***RR NOT FOUND***
2025-03-04 14:57:28,572 - INFO - Iteracja 2: condition_best: lym_nodes_enlar <= 3.00, quality_best: 0.62, coverage_best: (p=57, n=8, P=81, N=67), precision: 0.877
2025-03-04 14:57:28,572 - INFO - Regula po iteracji 2: IF changes_in_node = {lac_margin} AND no_of_nodes_in <= 3.00 AND lym_nodes_enlar <= 3.00 THEN class = metastases, (p=57, n=8, P=81, N=67)
2025-03-04 14:57:28,572 - INFO - *****GROWING RR RULE*****
2025-03-04 14:57:28,584 - INFO - Iteracja 0: condition_best: None quality_best: -inf, coverage_best: (p=0, n=0, P=0, N=0), number_of_covered_negatives_best: 0, best_score: 0, precision: 0
2025-03-04 14:57:28,584 - INFO - Regula po iteracji 0: IF  THEN class = metastases, (p=24, n=124, P=24, N=124)
2025-03-04 14:57:28,584 - INFO - *****STOP GROWING RR RULE*****
2025-03-04 14:57:28,584 - INFO - ***RR NOT FOUND***
2025-03-04 14:57:28,586 - INFO - Iteracja 3: condition_best: lym_nodes_dimin <= 1.00, quality_best: 0.62, coverage_best: (p=57, n=8, P=81, N=67), precision: 0.877
2025-03-04 14:57:28,586 - INFO - Regula po iteracji 3: IF changes_in_node = {lac_margin} AND no_of_nodes_in <= 3.00 AND lym_nodes_enlar <= 3.00 AND lym_nodes_dimin <= 1.00 THEN class = metastases, (p=57, n=8, P=81, N=67)
2025-03-04 14:57:28,586 - INFO - *****GROWING RR RULE*****
2025-03-04 14:57:28,599 - INFO - Iteracja 0: condition_best: None quality_best: -inf, coverage_best: (p=0, n=0, P=0, N=0), number_of_covered_negatives_best: 0, best_score: 0, precision: 0
2025-03-04 14:57:28,599 - INFO - Regula po iteracji 0: IF  THEN class = metastases, (p=24, n=124, P=24, N=124)
2025-03-04 14:57:28,599 - INFO - *****STOP GROWING RR RULE*****
2025-03-04 14:57:28,599 - INFO - ***RR NOT FOUND***
2025-03-04 14:57:28,600 - INFO - Iteracja 4: condition_best: lym_nodes_dimin >= 1.00, quality_best: 0.62, coverage_best: (p=57, n=8, P=81, N=67), precision: 0.877
2025-03-04 14:57:28,601 - INFO - Regula po iteracji 4: IF changes_in_node = {lac_margin} AND no_of_nodes_in <= 3.00 AND lym_nodes_enlar <= 3.00 AND lym_nodes_dimin <= 1.00 AND lym_nodes_dimin >= 1.00 THEN class = metastases, (p=57, n=8, P=81, N=67)
2025-03-04 14:57:28,601 - INFO - *****GROWING RR RULE*****
2025-03-04 14:57:28,613 - INFO - Iteracja 0: condition_best: None quality_best: -inf, coverage_best: (p=0, n=0, P=0, N=0), number_of_covered_negatives_best: 0, best_score: 0, precision: 0
2025-03-04 14:57:28,613 - INFO - Regula po iteracji 0: IF  THEN class = metastases, (p=24, n=124, P=24, N=124)
2025-03-04 14:57:28,613 - INFO - *****STOP GROWING RR RULE*****
2025-03-04 14:57:28,613 - INFO - ***RR NOT FOUND***
2025-03-04 14:57:28,615 - INFO - Iteracja 5: condition_best: no_of_nodes_in >= 1.00, quality_best: 0.62, coverage_best: (p=57, n=8, P=81, N=67), precision: 0.877
2025-03-04 14:57:28,615 - INFO - Regula po iteracji 5: IF changes_in_node = {lac_margin} AND no_of_nodes_in <= 3.00 AND lym_nodes_enlar <= 3.00 AND lym_nodes_dimin <= 1.00 AND lym_nodes_dimin >= 1.00 AND no_of_nodes_in >= 1.00 THEN class = metastases, (p=57, n=8, P=81, N=67)
2025-03-04 14:57:28,616 - INFO - *****GROWING RR RULE*****
2025-03-04 14:57:28,628 - INFO - Iteracja 0: condition_best: None quality_best: -inf, coverage_best: (p=0, n=0, P=0, N=0), number_of_covered_negatives_best: 0, best_score: 0, precision: 0
2025-03-04 14:57:28,628 - INFO - Regula po iteracji 0: IF  THEN class = metastases, (p=24, n=124, P=24, N=124)
2025-03-04 14:57:28,628 - INFO - *****STOP GROWING RR RULE*****
2025-03-04 14:57:28,628 - INFO - ***RR NOT FOUND***
2025-03-04 14:57:28,630 - INFO - Iteracja 6: condition_best: exclusion_of_no = {yes}, quality_best: 0.614, coverage_best: (p=46, n=5, P=81, N=67), precision: 0.902
2025-03-04 14:57:28,630 - INFO - Regula po iteracji 6: IF changes_in_node = {lac_margin} AND no_of_nodes_in <= 3.00 AND lym_nodes_enlar <= 3.00 AND lym_nodes_dimin <= 1.00 AND lym_nodes_dimin >= 1.00 AND no_of_nodes_in >= 1.00 AND exclusion_of_no = {yes} THEN class = metastases, (p=46, n=5, P=81, N=67)
2025-03-04 14:57:28,630 - INFO - *****GROWING RR RULE*****
2025-03-04 14:57:28,642 - INFO - Iteracja 0: condition_best: None quality_best: -inf, coverage_best: (p=0, n=0, P=0, N=0), number_of_covered_negatives_best: 0, best_score: 0, precision: 0
2025-03-04 14:57:28,642 - INFO - Regula po iteracji 0: IF  THEN class = metastases, (p=35, n=113, P=35, N=113)
2025-03-04 14:57:28,642 - INFO - *****STOP GROWING RR RULE*****
2025-03-04 14:57:28,642 - INFO - ***RR NOT FOUND***
2025-03-04 14:57:28,643 - INFO - Iteracja 7: condition_best: lym_nodes_enlar <= 2.00, quality_best: 0.607, coverage_best: (p=32, n=2, P=81, N=67), precision: 0.941
2025-03-04 14:57:28,644 - INFO - Regula po iteracji 7: IF changes_in_node = {lac_margin} AND no_of_nodes_in <= 3.00 AND lym_nodes_enlar <= 3.00 AND lym_nodes_dimin <= 1.00 AND lym_nodes_dimin >= 1.00 AND no_of_nodes_in >= 1.00 AND exclusion_of_no = {yes} AND lym_nodes_enlar <= 2.00 THEN class = metastases, (p=32, n=2, P=81, N=67)
2025-03-04 14:57:28,644 - INFO - *****GROWING RR RULE*****
2025-03-04 14:57:28,655 - INFO - Iteracja 0: condition_best: None quality_best: -inf, coverage_best: (p=0, n=0, P=0, N=0), number_of_covered_negatives_best: 0, best_score: 0, precision: 0
2025-03-04 14:57:28,655 - INFO - Regula po iteracji 0: IF  THEN class = metastases, (p=49, n=99, P=49, N=99)
2025-03-04 14:57:28,655 - INFO - *****STOP GROWING RR RULE*****
2025-03-04 14:57:28,655 - INFO - ***RR NOT FOUND***
2025-03-04 14:57:28,656 - INFO - Iteracja 8: condition_best: extravasates = {no}, quality_best: 0.617, coverage_best: (p=19, n=0, P=81, N=67), precision: 1.0
2025-03-04 14:57:28,656 - INFO - Regula po iteracji 8: IF changes_in_node = {lac_margin} AND no_of_nodes_in <= 3.00 AND lym_nodes_enlar <= 3.00 AND lym_nodes_dimin <= 1.00 AND lym_nodes_dimin >= 1.00 AND no_of_nodes_in >= 1.00 AND exclusion_of_no = {yes} AND lym_nodes_enlar <= 2.00 AND extravasates = {no} THEN class = metastases, (p=19, n=0, P=81, N=67)
2025-03-04 14:57:28,657 - INFO - *******STOP GROWING CR RULE*******
2025-03-04 14:57:28,657 - INFO - *******GROWING CR RULE*******
2025-03-04 14:57:28,660 - INFO - Iteracja 0: condition_best: no_of_nodes_in <= 1.00, quality_best: 0.45, coverage_best: (p=46, n=11, P=81, N=67), precision: 0.807
2025-03-04 14:57:28,660 - INFO - Regula po iteracji 0: IF no_of_nodes_in <= 1.00 THEN class = metastases, (p=46, n=11, P=81, N=67)
2025-03-04 14:57:28,661 - INFO - *****GROWING RR RULE*****
2025-03-04 14:57:28,674 - INFO - Iteracja 0: condition_best: None quality_best: -inf, coverage_best: (p=0, n=0, P=0, N=0), number_of_covered_negatives_best: 0, best_score: 0, precision: 0
2025-03-04 14:57:28,674 - INFO - Regula po iteracji 0: IF  THEN class = metastases, (p=35, n=113, P=35, N=113)
2025-03-04 14:57:28,674 - INFO - *****STOP GROWING RR RULE*****
2025-03-04 14:57:28,674 - INFO - ***RR NOT FOUND***
2025-03-04 14:57:28,676 - INFO - Iteracja 1: condition_best: block_of_affere = {yes}, quality_best: 0.698, coverage_best: (p=32, n=0, P=81, N=67), precision: 1.0
2025-03-04 14:57:28,676 - INFO - Regula po iteracji 1: IF no_of_nodes_in <= 1.00 AND block_of_affere = {yes} THEN class = metastases, (p=32, n=0, P=81, N=67)
2025-03-04 14:57:28,676 - INFO - *******STOP GROWING CR RULE*******
2025-03-04 14:57:28,677 - INFO - *******GROWING CR RULE*******
2025-03-04 14:57:28,680 - INFO - Iteracja 0: condition_best: no_of_nodes_in <= 1.00, quality_best: 0.45, coverage_best: (p=46, n=11, P=81, N=67), precision: 0.807
2025-03-04 14:57:28,680 - INFO - Regula po iteracji 0: IF no_of_nodes_in <= 1.00 THEN class = metastases, (p=46, n=11, P=81, N=67)
2025-03-04 14:57:28,680 - INFO - *****GROWING RR RULE*****
2025-03-04 14:57:28,693 - INFO - Iteracja 0: condition_best: None quality_best: -inf, coverage_best: (p=0, n=0, P=0, N=0), number_of_covered_negatives_best: 0, best_score: 0, precision: 0
2025-03-04 14:57:28,693 - INFO - Regula po iteracji 0: IF  THEN class = metastases, (p=35, n=113, P=35, N=113)
2025-03-04 14:57:28,693 - INFO - *****STOP GROWING RR RULE*****
2025-03-04 14:57:28,693 - INFO - ***RR NOT FOUND***
2025-03-04 14:57:28,695 - INFO - Iteracja 1: condition_best: lymphatics = {arched}, quality_best: 0.455, coverage_best: (p=25, n=4, P=81, N=67), precision: 0.862
2025-03-04 14:57:28,695 - INFO - Regula po iteracji 1: IF no_of_nodes_in <= 1.00 AND lymphatics = {arched} THEN class = metastases, (p=25, n=4, P=81, N=67)
2025-03-04 14:57:28,695 - INFO - *****GROWING RR RULE*****
2025-03-04 14:57:28,706 - INFO - Iteracja 0: condition_best: None quality_best: -inf, coverage_best: (p=0, n=0, P=0, N=0), number_of_covered_negatives_best: 0, best_score: 0, precision: 0
2025-03-04 14:57:28,706 - INFO - Regula po iteracji 0: IF  THEN class = metastases, (p=56, n=92, P=56, N=92)
2025-03-04 14:57:28,706 - INFO - *****STOP GROWING RR RULE*****
2025-03-04 14:57:28,706 - INFO - ***RR NOT FOUND***
2025-03-04 14:57:28,708 - INFO - Iteracja 2: condition_best: extravasates = {no}, quality_best: 0.476, coverage_best: (p=18, n=2, P=81, N=67), precision: 0.9
2025-03-04 14:57:28,708 - INFO - Regula po iteracji 2: IF no_of_nodes_in <= 1.00 AND lymphatics = {arched} AND extravasates = {no} THEN class = metastases, (p=18, n=2, P=81, N=67)
2025-03-04 14:57:28,708 - INFO - *****GROWING RR RULE*****
2025-03-04 14:57:28,719 - INFO - Iteracja 0: condition_best: None quality_best: -inf, coverage_best: (p=0, n=0, P=0, N=0), number_of_covered_negatives_best: 0, best_score: 0, precision: 0
2025-03-04 14:57:28,719 - INFO - Regula po iteracji 0: IF  THEN class = metastases, (p=63, n=85, P=63, N=85)
2025-03-04 14:57:28,719 - INFO - *****STOP GROWING RR RULE*****
2025-03-04 14:57:28,719 - INFO - ***RR NOT FOUND***
2025-03-04 14:57:28,720 - INFO - Iteracja 3: condition_best: special_forms = {no}, quality_best: 0.543, coverage_best: (p=7, n=0, P=81, N=67), precision: 1.0
2025-03-04 14:57:28,720 - INFO - Regula po iteracji 3: IF no_of_nodes_in <= 1.00 AND lymphatics = {arched} AND extravasates = {no} AND special_forms = {no} THEN class = metastases, (p=7, n=0, P=81, N=67)
2025-03-04 14:57:28,720 - INFO - *******STOP GROWING CR RULE*******
2025-03-04 14:57:28,722 - INFO - *******GROWING CR RULE*******
2025-03-04 14:57:28,724 - INFO - Iteracja 0: condition_best: no_of_nodes_in <= 2.00, quality_best: 0.358, coverage_best: (p=68, n=26, P=81, N=67), precision: 0.723
2025-03-04 14:57:28,725 - INFO - Regula po iteracji 0: IF no_of_nodes_in <= 2.00 THEN class = metastases, (p=68, n=26, P=81, N=67)
2025-03-04 14:57:28,727 - INFO - Iteracja 1: condition_best: lym_nodes_enlar <= 3.00, quality_best: 0.373, coverage_best: (p=66, n=24, P=81, N=67), precision: 0.733
2025-03-04 14:57:28,727 - INFO - Regula po iteracji 1: IF no_of_nodes_in <= 2.00 AND lym_nodes_enlar <= 3.00 THEN class = metastases, (p=66, n=24, P=81, N=67)
2025-03-04 14:57:28,729 - INFO - Iteracja 2: condition_best: bl_of_lymph_s = {no}, quality_best: 0.373, coverage_best: (p=66, n=24, P=81, N=67), precision: 0.733
2025-03-04 14:57:28,729 - INFO - Regula po iteracji 2: IF no_of_nodes_in <= 2.00 AND lym_nodes_enlar <= 3.00 AND bl_of_lymph_s = {no} THEN class = metastases, (p=66, n=24, P=81, N=67)
2025-03-04 14:57:28,731 - INFO - Iteracja 3: condition_best: lym_nodes_dimin >= 1.00, quality_best: 0.373, coverage_best: (p=66, n=24, P=81, N=67), precision: 0.733
2025-03-04 14:57:28,731 - INFO - Regula po iteracji 3: IF no_of_nodes_in <= 2.00 AND lym_nodes_enlar <= 3.00 AND bl_of_lymph_s = {no} AND lym_nodes_dimin >= 1.00 THEN class = metastases, (p=66, n=24, P=81, N=67)
2025-03-04 14:57:28,733 - INFO - Iteracja 4: condition_best: lym_nodes_enlar >= 1.00, quality_best: 0.373, coverage_best: (p=66, n=24, P=81, N=67), precision: 0.733
2025-03-04 14:57:28,733 - INFO - Regula po iteracji 4: IF no_of_nodes_in <= 2.00 AND lym_nodes_enlar <= 3.00 AND bl_of_lymph_s = {no} AND lym_nodes_dimin >= 1.00 AND lym_nodes_enlar >= 1.00 THEN class = metastases, (p=66, n=24, P=81, N=67)
2025-03-04 14:57:28,735 - INFO - Iteracja 5: condition_best: no_of_nodes_in >= 1.00, quality_best: 0.373, coverage_best: (p=66, n=24, P=81, N=67), precision: 0.733
2025-03-04 14:57:28,736 - INFO - Regula po iteracji 5: IF no_of_nodes_in <= 2.00 AND lym_nodes_enlar <= 3.00 AND bl_of_lymph_s = {no} AND lym_nodes_dimin >= 1.00 AND lym_nodes_enlar >= 1.00 AND no_of_nodes_in >= 1.00 THEN class = metastases, (p=66, n=24, P=81, N=67)
2025-03-04 14:57:28,738 - INFO - Iteracja 6: condition_best: regeneration_of = {no}, quality_best: 0.364, coverage_best: (p=65, n=24, P=81, N=67), precision: 0.73
2025-03-04 14:57:28,738 - INFO - Regula po iteracji 6: IF no_of_nodes_in <= 2.00 AND lym_nodes_enlar <= 3.00 AND bl_of_lymph_s = {no} AND lym_nodes_dimin >= 1.00 AND lym_nodes_enlar >= 1.00 AND no_of_nodes_in >= 1.00 AND regeneration_of = {no} THEN class = metastases, (p=65, n=24, P=81, N=67)
2025-03-04 14:57:28,740 - INFO - Iteracja 7: condition_best: by_pass = {no}, quality_best: 0.283, coverage_best: (p=54, n=23, P=81, N=67), precision: 0.701
2025-03-04 14:57:28,740 - INFO - Regula po iteracji 7: IF no_of_nodes_in <= 2.00 AND lym_nodes_enlar <= 3.00 AND bl_of_lymph_s = {no} AND lym_nodes_dimin >= 1.00 AND lym_nodes_enlar >= 1.00 AND no_of_nodes_in >= 1.00 AND regeneration_of = {no} AND by_pass = {no} THEN class = metastases, (p=54, n=23, P=81, N=67)
2025-03-04 14:57:28,742 - INFO - Iteracja 8: condition_best: bl_of_lymph_c = {no}, quality_best: 0.226, coverage_best: (p=48, n=23, P=81, N=67), precision: 0.676
2025-03-04 14:57:28,743 - INFO - Regula po iteracji 8: IF no_of_nodes_in <= 2.00 AND lym_nodes_enlar <= 3.00 AND bl_of_lymph_s = {no} AND lym_nodes_dimin >= 1.00 AND lym_nodes_enlar >= 1.00 AND no_of_nodes_in >= 1.00 AND regeneration_of = {no} AND by_pass = {no} AND bl_of_lymph_c = {no} THEN class = metastases, (p=48, n=23, P=81, N=67)
2025-03-04 14:57:28,745 - INFO - Iteracja 9: condition_best: changes_in_node = {lacunar}, quality_best: 0.175, coverage_best: (p=13, n=6, P=81, N=67), precision: 0.684
2025-03-04 14:57:28,745 - INFO - Regula po iteracji 9: IF no_of_nodes_in <= 2.00 AND lym_nodes_enlar <= 3.00 AND bl_of_lymph_s = {no} AND lym_nodes_dimin >= 1.00 AND lym_nodes_enlar >= 1.00 AND no_of_nodes_in >= 1.00 AND regeneration_of = {no} AND by_pass = {no} AND bl_of_lymph_c = {no} AND changes_in_node = {lacunar} THEN class = metastases, (p=13, n=6, P=81, N=67)
2025-03-04 14:57:28,747 - INFO - Iteracja 10: condition_best: None, quality_best: -inf, coverage_best: (p=0, n=0, P=0, N=0), precision: 0
2025-03-04 14:57:28,747 - INFO - Regula po iteracji 10: IF no_of_nodes_in <= 2.00 AND lym_nodes_enlar <= 3.00 AND bl_of_lymph_s = {no} AND lym_nodes_dimin >= 1.00 AND lym_nodes_enlar >= 1.00 AND no_of_nodes_in >= 1.00 AND regeneration_of = {no} AND by_pass = {no} AND bl_of_lymph_c = {no} AND changes_in_node = {lacunar} THEN class = metastases, (p=13, n=6, P=81, N=67)
2025-03-04 14:57:28,747 - INFO - *******STOP GROWING CR RULE*******
2025-03-04 14:57:28,747 - INFO - *******GROWING CR RULE*******
2025-03-04 14:57:28,750 - INFO - Iteracja 0: condition_best: None, quality_best: -inf, coverage_best: (p=0, n=0, P=0, N=0), precision: 0
2025-03-04 14:57:28,750 - INFO - Regula po iteracji 0: IF  THEN class = metastases, (p=81, n=67, P=81, N=67)
2025-03-04 14:57:28,750 - INFO - *******STOP GROWING CR RULE*******
2025-03-04 14:57:28,750 - INFO - *******GROWING CR RULE*******
2025-03-04 14:57:28,753 - INFO - Iteracja 0: condition_best: lymphatics = {normal}, quality_best: 1.0, coverage_best: (p=2, n=0, P=2, N=146), precision: 1.0
2025-03-04 14:57:28,753 - INFO - Regula po iteracji 0: IF lymphatics = {normal} THEN class = normal, (p=2, n=0, P=2, N=146)
2025-03-04 14:57:28,753 - INFO - *******STOP GROWING CR RULE*******
2025-03-04 14:57:28,753 - INFO - *******GROWING CR RULE*******
2025-03-04 14:57:28,756 - INFO - Iteracja 0: condition_best: None, quality_best: -inf, coverage_best: (p=0, n=0, P=0, N=0), precision: 0
2025-03-04 14:57:28,756 - INFO - Regula po iteracji 0: IF  THEN class = normal, (p=2, n=146, P=2, N=146)
2025-03-04 14:57:28,756 - INFO - *******STOP GROWING CR RULE*******
2025-03-04 14:57:28,762 - INFO - ************************Finished experiment for lymph.arff with algorithm3************************
2025-03-04 14:57:28,762 - INFO - *************************************************************************************************************************
2025-03-04 14:57:28,762 - INFO - *************************************************************************************************************************
2025-03-04 14:57:28,762 - INFO - *************************************************************************************************************************
