2025-03-04 18:57:21,101 - INFO - **********Starting experiment for sonar.arff with algorithm3**********
2025-03-04 18:57:21,111 - INFO - *******GROWING CR RULE*******
2025-03-04 18:57:21,646 - INFO - Iteracja 0: condition_best: attribute_11 <= 0.11, quality_best: 0.55, coverage_best: (p=35, n=4, P=97, N=111), precision: 0.897
2025-03-04 18:57:21,646 - INFO - Regula po iteracji 0: IF attribute_11 <= 0.11 THEN class = Rock, (p=35, n=4, P=97, N=111)
2025-03-04 18:57:21,646 - INFO - *****GROWING RR RULE*****
2025-03-04 18:57:23,446 - INFO - Iteracja 0: condition_best: attribute_30 <= 0.16, quality_best: 0.54, coverage_best: (p=5, n=0, P=62, N=146), number_of_covered_negatives_best: 0, best_score: 0.621, precision: 1.0
2025-03-04 18:57:23,446 - INFO - Regula po iteracji 0: IF attribute_30 <= 0.16 THEN class = Rock, (p=5, n=0, P=62, N=146)
2025-03-04 18:57:23,446 - INFO - *****STOP GROWING RR RULE*****
2025-03-04 18:57:23,446 - INFO - ***RR FOUND***
2025-03-04 18:57:23,446 - INFO - Reference rule: IF attribute_30 <= 0.16 THEN class = Rock
2025-03-04 18:57:23,446 - INFO - ***CHECKING EXCEPTION***
2025-03-04 18:57:23,446 - INFO - Exception precision: 0
2025-03-04 18:57:23,446 - INFO - ***ER NOT FOUND***
2025-03-04 18:57:23,474 - INFO - Iteracja 1: condition_best: attribute_4 <= 0.04, quality_best: 0.66, coverage_best: (p=31, n=0, P=97, N=111), precision: 1.0
2025-03-04 18:57:23,474 - INFO - Regula po iteracji 1: IF attribute_11 <= 0.11 AND attribute_4 <= 0.04 THEN class = Rock, (p=31, n=0, P=97, N=111)
2025-03-04 18:57:23,475 - INFO - *******STOP GROWING CR RULE*******
2025-03-04 18:57:23,475 - INFO - *******GROWING CR RULE*******
2025-03-04 18:57:23,836 - INFO - Iteracja 0: condition_best: attribute_11 <= 0.11, quality_best: 0.537, coverage_best: (p=37, n=5, P=97, N=111), precision: 0.881
2025-03-04 18:57:23,836 - INFO - Regula po iteracji 0: IF attribute_11 <= 0.11 THEN class = Rock, (p=37, n=5, P=97, N=111)
2025-03-04 18:57:23,836 - INFO - *****GROWING RR RULE*****
2025-03-04 18:57:25,623 - INFO - Iteracja 0: condition_best: attribute_30 <= 0.16, quality_best: 0.542, coverage_best: (p=5, n=0, P=60, N=148), number_of_covered_negatives_best: 0, best_score: 0.625, precision: 1.0
2025-03-04 18:57:25,623 - INFO - Regula po iteracji 0: IF attribute_30 <= 0.16 THEN class = Rock, (p=5, n=0, P=60, N=148)
2025-03-04 18:57:25,623 - INFO - *****STOP GROWING RR RULE*****
2025-03-04 18:57:25,623 - INFO - ***RR FOUND***
2025-03-04 18:57:25,623 - INFO - Reference rule: IF attribute_30 <= 0.16 THEN class = Rock
2025-03-04 18:57:25,623 - INFO - ***CHECKING EXCEPTION***
2025-03-04 18:57:25,623 - INFO - Exception precision: 0
2025-03-04 18:57:25,623 - INFO - ***ER NOT FOUND***
2025-03-04 18:57:25,650 - INFO - Iteracja 1: condition_best: attribute_49 <= 0.04, quality_best: 0.639, coverage_best: (p=27, n=0, P=97, N=111), precision: 1.0
2025-03-04 18:57:25,650 - INFO - Regula po iteracji 1: IF attribute_11 <= 0.11 AND attribute_49 <= 0.04 THEN class = Rock, (p=27, n=0, P=97, N=111)
2025-03-04 18:57:25,650 - INFO - *******STOP GROWING CR RULE*******
2025-03-04 18:57:25,651 - INFO - *******GROWING CR RULE*******
2025-03-04 18:57:25,914 - INFO - Iteracja 0: condition_best: attribute_30 <= 0.16, quality_best: 0.526, coverage_best: (p=5, n=0, P=97, N=111), precision: 1.0
2025-03-04 18:57:25,914 - INFO - Regula po iteracji 0: IF attribute_30 <= 0.16 THEN class = Rock, (p=5, n=0, P=97, N=111)
2025-03-04 18:57:25,914 - INFO - *******STOP GROWING CR RULE*******
2025-03-04 18:57:25,914 - INFO - *******GROWING CR RULE*******
2025-03-04 18:57:26,262 - INFO - Iteracja 0: condition_best: attribute_11 <= 0.17, quality_best: 0.522, coverage_best: (p=60, n=14, P=97, N=111), precision: 0.811
2025-03-04 18:57:26,263 - INFO - Regula po iteracji 0: IF attribute_11 <= 0.17 THEN class = Rock, (p=60, n=14, P=97, N=111)
2025-03-04 18:57:26,263 - INFO - *****GROWING RR RULE*****
2025-03-04 18:57:28,451 - INFO - Iteracja 0: condition_best: None quality_best: -inf, coverage_best: (p=0, n=0, P=0, N=0), number_of_covered_negatives_best: 0, best_score: 0, precision: 0
2025-03-04 18:57:28,451 - INFO - Regula po iteracji 0: IF  THEN class = Rock, (p=37, n=171, P=37, N=171)
2025-03-04 18:57:28,451 - INFO - *****STOP GROWING RR RULE*****
2025-03-04 18:57:28,451 - INFO - ***RR NOT FOUND***
2025-03-04 18:57:28,526 - INFO - Iteracja 1: condition_best: attribute_16 <= 0.33, quality_best: 0.697, coverage_best: (p=49, n=2, P=97, N=111), precision: 0.961
2025-03-04 18:57:28,526 - INFO - Regula po iteracji 1: IF attribute_11 <= 0.17 AND attribute_16 <= 0.33 THEN class = Rock, (p=49, n=2, P=97, N=111)
2025-03-04 18:57:28,526 - INFO - *****GROWING RR RULE*****
2025-03-04 18:57:30,205 - INFO - Iteracja 0: condition_best: None quality_best: -inf, coverage_best: (p=0, n=0, P=0, N=0), number_of_covered_negatives_best: 0, best_score: 0, precision: 0
2025-03-04 18:57:30,205 - INFO - Regula po iteracji 0: IF  THEN class = Rock, (p=48, n=160, P=48, N=160)
2025-03-04 18:57:30,205 - INFO - *****STOP GROWING RR RULE*****
2025-03-04 18:57:30,205 - INFO - ***RR NOT FOUND***
2025-03-04 18:57:30,220 - INFO - Iteracja 2: condition_best: attribute_47 <= 0.27, quality_best: 0.742, coverage_best: (p=47, n=0, P=97, N=111), precision: 1.0
2025-03-04 18:57:30,221 - INFO - Regula po iteracji 2: IF attribute_11 <= 0.17 AND attribute_16 <= 0.33 AND attribute_47 <= 0.27 THEN class = Rock, (p=47, n=0, P=97, N=111)
2025-03-04 18:57:30,221 - INFO - *******STOP GROWING CR RULE*******
2025-03-04 18:57:30,222 - INFO - *******GROWING CR RULE*******
2025-03-04 18:57:30,480 - INFO - Iteracja 0: condition_best: attribute_12 <= 0.13, quality_best: 0.51, coverage_best: (p=43, n=8, P=97, N=111), precision: 0.843
2025-03-04 18:57:30,480 - INFO - Regula po iteracji 0: IF attribute_12 <= 0.13 THEN class = Rock, (p=43, n=8, P=97, N=111)
2025-03-04 18:57:30,480 - INFO - *****GROWING RR RULE*****
2025-03-04 18:57:32,528 - INFO - Iteracja 0: condition_best: attribute_30 <= 0.16, quality_best: 0.546, coverage_best: (p=5, n=0, P=54, N=154), number_of_covered_negatives_best: 0, best_score: 0.639, precision: 1.0
2025-03-04 18:57:32,528 - INFO - Regula po iteracji 0: IF attribute_30 <= 0.16 THEN class = Rock, (p=5, n=0, P=54, N=154)
2025-03-04 18:57:32,528 - INFO - *****STOP GROWING RR RULE*****
2025-03-04 18:57:32,528 - INFO - ***RR FOUND***
2025-03-04 18:57:32,528 - INFO - Reference rule: IF attribute_30 <= 0.16 THEN class = Rock
2025-03-04 18:57:32,528 - INFO - ***CHECKING EXCEPTION***
2025-03-04 18:57:32,529 - INFO - Exception precision: 0
2025-03-04 18:57:32,529 - INFO - ***ER NOT FOUND***
2025-03-04 18:57:32,572 - INFO - Iteracja 1: condition_best: attribute_25 >= 0.55, quality_best: 0.651, coverage_best: (p=36, n=1, P=97, N=111), precision: 0.973
2025-03-04 18:57:32,572 - INFO - Regula po iteracji 1: IF attribute_12 <= 0.13 AND attribute_25 >= 0.55 THEN class = Rock, (p=36, n=1, P=97, N=111)
2025-03-04 18:57:32,573 - INFO - *****GROWING RR RULE*****
2025-03-04 18:57:34,133 - INFO - Iteracja 0: condition_best: attribute_30 <= 0.16, quality_best: 0.541, coverage_best: (p=5, n=0, P=61, N=147), number_of_covered_negatives_best: 0, best_score: 0.623, precision: 1.0
2025-03-04 18:57:34,133 - INFO - Regula po iteracji 0: IF attribute_30 <= 0.16 THEN class = Rock, (p=5, n=0, P=61, N=147)
2025-03-04 18:57:34,133 - INFO - *****STOP GROWING RR RULE*****
2025-03-04 18:57:34,133 - INFO - ***RR FOUND***
2025-03-04 18:57:34,133 - INFO - Reference rule: IF attribute_30 <= 0.16 THEN class = Rock
2025-03-04 18:57:34,133 - INFO - ***CHECKING EXCEPTION***
2025-03-04 18:57:34,133 - INFO - Exception precision: 0
2025-03-04 18:57:34,133 - INFO - ***ER NOT FOUND***
2025-03-04 18:57:34,143 - INFO - Iteracja 2: condition_best: attribute_42 <= 0.43, quality_best: 0.686, coverage_best: (p=36, n=0, P=97, N=111), precision: 1.0
2025-03-04 18:57:34,143 - INFO - Regula po iteracji 2: IF attribute_12 <= 0.13 AND attribute_25 >= 0.55 AND attribute_42 <= 0.43 THEN class = Rock, (p=36, n=0, P=97, N=111)
2025-03-04 18:57:34,143 - INFO - *******STOP GROWING CR RULE*******
2025-03-04 18:57:34,144 - INFO - *******GROWING CR RULE*******
2025-03-04 18:57:34,498 - INFO - Iteracja 0: condition_best: attribute_11 <= 0.18, quality_best: 0.496, coverage_best: (p=63, n=17, P=97, N=111), precision: 0.788
2025-03-04 18:57:34,499 - INFO - Regula po iteracji 0: IF attribute_11 <= 0.18 THEN class = Rock, (p=63, n=17, P=97, N=111)
2025-03-04 18:57:34,572 - INFO - Iteracja 1: condition_best: attribute_5 <= 0.07, quality_best: 0.655, coverage_best: (p=54, n=5, P=97, N=111), precision: 0.915
2025-03-04 18:57:34,572 - INFO - Regula po iteracji 1: IF attribute_11 <= 0.18 AND attribute_5 <= 0.07 THEN class = Rock, (p=54, n=5, P=97, N=111)
2025-03-04 18:57:34,572 - INFO - *****GROWING RR RULE*****
2025-03-04 18:57:36,323 - INFO - Iteracja 0: condition_best: None quality_best: -inf, coverage_best: (p=0, n=0, P=0, N=0), number_of_covered_negatives_best: 0, best_score: 0, precision: 0
2025-03-04 18:57:36,323 - INFO - Regula po iteracji 0: IF  THEN class = Rock, (p=43, n=165, P=43, N=165)
2025-03-04 18:57:36,323 - INFO - *****STOP GROWING RR RULE*****
2025-03-04 18:57:36,323 - INFO - ***RR NOT FOUND***
2025-03-04 18:57:36,353 - INFO - Iteracja 2: condition_best: attribute_44 <= 0.31, quality_best: 0.703, coverage_best: (p=50, n=2, P=97, N=111), precision: 0.962
2025-03-04 18:57:36,353 - INFO - Regula po iteracji 2: IF attribute_11 <= 0.18 AND attribute_5 <= 0.07 AND attribute_44 <= 0.31 THEN class = Rock, (p=50, n=2, P=97, N=111)
2025-03-04 18:57:36,354 - INFO - *****GROWING RR RULE*****
2025-03-04 18:57:38,056 - INFO - Iteracja 0: condition_best: None quality_best: -inf, coverage_best: (p=0, n=0, P=0, N=0), number_of_covered_negatives_best: 0, best_score: 0, precision: 0
2025-03-04 18:57:38,057 - INFO - Regula po iteracji 0: IF  THEN class = Rock, (p=47, n=161, P=47, N=161)
2025-03-04 18:57:38,057 - INFO - *****STOP GROWING RR RULE*****
2025-03-04 18:57:38,057 - INFO - ***RR NOT FOUND***
2025-03-04 18:57:38,071 - INFO - Iteracja 3: condition_best: attribute_22 <= 1.00, quality_best: 0.73, coverage_best: (p=50, n=1, P=97, N=111), precision: 0.98
2025-03-04 18:57:38,071 - INFO - Regula po iteracji 3: IF attribute_11 <= 0.18 AND attribute_5 <= 0.07 AND attribute_44 <= 0.31 AND attribute_22 <= 1.00 THEN class = Rock, (p=50, n=1, P=97, N=111)
2025-03-04 18:57:38,071 - INFO - *****GROWING RR RULE*****
2025-03-04 18:57:39,608 - INFO - Iteracja 0: condition_best: None quality_best: -inf, coverage_best: (p=0, n=0, P=0, N=0), number_of_covered_negatives_best: 0, best_score: 0, precision: 0
2025-03-04 18:57:39,608 - INFO - Regula po iteracji 0: IF  THEN class = Rock, (p=47, n=161, P=47, N=161)
2025-03-04 18:57:39,608 - INFO - *****STOP GROWING RR RULE*****
2025-03-04 18:57:39,608 - INFO - ***RR NOT FOUND***
2025-03-04 18:57:39,617 - INFO - Iteracja 4: condition_best: attribute_44 >= 0.03, quality_best: 0.753, coverage_best: (p=49, n=0, P=97, N=111), precision: 1.0
2025-03-04 18:57:39,617 - INFO - Regula po iteracji 4: IF attribute_11 <= 0.18 AND attribute_5 <= 0.07 AND attribute_44 <= 0.31 AND attribute_22 <= 1.00 AND attribute_44 >= 0.03 THEN class = Rock, (p=49, n=0, P=97, N=111)
2025-03-04 18:57:39,617 - INFO - *******STOP GROWING CR RULE*******
2025-03-04 18:57:39,619 - INFO - *******GROWING CR RULE*******
2025-03-04 18:57:39,873 - INFO - Iteracja 0: condition_best: attribute_9 <= 0.10, quality_best: 0.471, coverage_best: (p=46, n=11, P=97, N=111), precision: 0.807
2025-03-04 18:57:39,873 - INFO - Regula po iteracji 0: IF attribute_9 <= 0.10 THEN class = Rock, (p=46, n=11, P=97, N=111)
2025-03-04 18:57:39,873 - INFO - *****GROWING RR RULE*****
2025-03-04 18:57:42,049 - INFO - Iteracja 0: condition_best: attribute_47 <= 0.03, quality_best: 0.474, coverage_best: (p=7, n=1, P=51, N=157), number_of_covered_negatives_best: 1, best_score: 0.703, precision: 0.875
2025-03-04 18:57:42,049 - INFO - Regula po iteracji 0: IF attribute_47 <= 0.03 THEN class = Rock, (p=7, n=1, P=51, N=157)
2025-03-04 18:57:42,049 - INFO - *****STOP GROWING RR RULE*****
2025-03-04 18:57:42,049 - INFO - ***RR FOUND***
2025-03-04 18:57:42,050 - INFO - Reference rule: IF attribute_47 <= 0.03 THEN class = Rock
2025-03-04 18:57:42,050 - INFO - ***CHECKING EXCEPTION***
2025-03-04 18:57:42,050 - INFO - Exception precision: 1.0
2025-03-04 18:57:42,052 - INFO - ***ER FOUND***
2025-03-04 18:57:42,052 - INFO - Exception rule: IF attribute_9 <= 0.10 AND attribute_47 <= 0.03 THEN class = Mine (p=1, n=0, P=111, N=97)
2025-03-04 18:57:42,052 - INFO - *******STOP GROWING CR RULE*******
2025-03-04 18:57:42,052 - INFO - *******GROWING CR RULE*******
2025-03-04 18:57:42,306 - INFO - Iteracja 0: condition_best: attribute_49 <= 0.02, quality_best: 0.42, coverage_best: (p=35, n=9, P=97, N=111), precision: 0.795
2025-03-04 18:57:42,306 - INFO - Regula po iteracji 0: IF attribute_49 <= 0.02 THEN class = Rock, (p=35, n=9, P=97, N=111)
2025-03-04 18:57:42,358 - INFO - Iteracja 1: condition_best: attribute_28 >= 0.76, quality_best: 0.629, coverage_best: (p=25, n=0, P=97, N=111), precision: 1.0
2025-03-04 18:57:42,358 - INFO - Regula po iteracji 1: IF attribute_49 <= 0.02 AND attribute_28 >= 0.76 THEN class = Rock, (p=25, n=0, P=97, N=111)
2025-03-04 18:57:42,358 - INFO - *******STOP GROWING CR RULE*******
2025-03-04 18:57:42,359 - INFO - *******GROWING CR RULE*******
2025-03-04 18:57:42,698 - INFO - Iteracja 0: condition_best: attribute_47 <= 0.06, quality_best: 0.412, coverage_best: (p=39, n=11, P=97, N=111), precision: 0.78
2025-03-04 18:57:42,699 - INFO - Regula po iteracji 0: IF attribute_47 <= 0.06 THEN class = Rock, (p=39, n=11, P=97, N=111)
2025-03-04 18:57:42,756 - INFO - Iteracja 1: condition_best: attribute_19 <= 0.84, quality_best: 0.529, coverage_best: (p=36, n=5, P=97, N=111), precision: 0.878
2025-03-04 18:57:42,756 - INFO - Regula po iteracji 1: IF attribute_47 <= 0.06 AND attribute_19 <= 0.84 THEN class = Rock, (p=36, n=5, P=97, N=111)
2025-03-04 18:57:42,756 - INFO - *****GROWING RR RULE*****
2025-03-04 18:57:44,541 - INFO - Iteracja 0: condition_best: attribute_9 <= 0.03, quality_best: 0.541, coverage_best: (p=5, n=0, P=61, N=147), number_of_covered_negatives_best: 0, best_score: 0.623, precision: 1.0
2025-03-04 18:57:44,541 - INFO - Regula po iteracji 0: IF attribute_9 <= 0.03 THEN class = Rock, (p=5, n=0, P=61, N=147)
2025-03-04 18:57:44,541 - INFO - *****STOP GROWING RR RULE*****
2025-03-04 18:57:44,541 - INFO - ***RR FOUND***
2025-03-04 18:57:44,541 - INFO - Reference rule: IF attribute_9 <= 0.03 THEN class = Rock
2025-03-04 18:57:44,541 - INFO - ***CHECKING EXCEPTION***
2025-03-04 18:57:44,541 - INFO - Exception precision: 0
2025-03-04 18:57:44,542 - INFO - ***ER NOT FOUND***
2025-03-04 18:57:44,570 - INFO - Iteracja 2: condition_best: attribute_36 >= 0.15, quality_best: 0.605, coverage_best: (p=34, n=2, P=97, N=111), precision: 0.944
2025-03-04 18:57:44,570 - INFO - Regula po iteracji 2: IF attribute_47 <= 0.06 AND attribute_19 <= 0.84 AND attribute_36 >= 0.15 THEN class = Rock, (p=34, n=2, P=97, N=111)
2025-03-04 18:57:44,570 - INFO - *****GROWING RR RULE*****
2025-03-04 18:57:46,276 - INFO - Iteracja 0: condition_best: attribute_9 <= 0.03, quality_best: 0.54, coverage_best: (p=5, n=0, P=63, N=145), number_of_covered_negatives_best: 0, best_score: 0.619, precision: 1.0
2025-03-04 18:57:46,276 - INFO - Regula po iteracji 0: IF attribute_9 <= 0.03 THEN class = Rock, (p=5, n=0, P=63, N=145)
2025-03-04 18:57:46,276 - INFO - *****STOP GROWING RR RULE*****
2025-03-04 18:57:46,276 - INFO - ***RR FOUND***
2025-03-04 18:57:46,276 - INFO - Reference rule: IF attribute_9 <= 0.03 THEN class = Rock
2025-03-04 18:57:46,276 - INFO - ***CHECKING EXCEPTION***
2025-03-04 18:57:46,276 - INFO - Exception precision: 0
2025-03-04 18:57:46,276 - INFO - ***ER NOT FOUND***
2025-03-04 18:57:46,290 - INFO - Iteracja 3: condition_best: attribute_22 <= 0.96, quality_best: 0.639, coverage_best: (p=34, n=1, P=97, N=111), precision: 0.971
2025-03-04 18:57:46,290 - INFO - Regula po iteracji 3: IF attribute_47 <= 0.06 AND attribute_19 <= 0.84 AND attribute_36 >= 0.15 AND attribute_22 <= 0.96 THEN class = Rock, (p=34, n=1, P=97, N=111)
2025-03-04 18:57:46,291 - INFO - *****GROWING RR RULE*****
2025-03-04 18:57:47,836 - INFO - Iteracja 0: condition_best: attribute_9 <= 0.03, quality_best: 0.54, coverage_best: (p=5, n=0, P=63, N=145), number_of_covered_negatives_best: 0, best_score: 0.619, precision: 1.0
2025-03-04 18:57:47,836 - INFO - Regula po iteracji 0: IF attribute_9 <= 0.03 THEN class = Rock, (p=5, n=0, P=63, N=145)
2025-03-04 18:57:47,836 - INFO - *****STOP GROWING RR RULE*****
2025-03-04 18:57:47,836 - INFO - ***RR FOUND***
2025-03-04 18:57:47,836 - INFO - Reference rule: IF attribute_9 <= 0.03 THEN class = Rock
2025-03-04 18:57:47,836 - INFO - ***CHECKING EXCEPTION***
2025-03-04 18:57:47,836 - INFO - Exception precision: 0
2025-03-04 18:57:47,837 - INFO - ***ER NOT FOUND***
2025-03-04 18:57:47,845 - INFO - Iteracja 4: condition_best: attribute_25 <= 0.96, quality_best: 0.675, coverage_best: (p=34, n=0, P=97, N=111), precision: 1.0
2025-03-04 18:57:47,845 - INFO - Regula po iteracji 4: IF attribute_47 <= 0.06 AND attribute_19 <= 0.84 AND attribute_36 >= 0.15 AND attribute_22 <= 0.96 AND attribute_25 <= 0.96 THEN class = Rock, (p=34, n=0, P=97, N=111)
2025-03-04 18:57:47,845 - INFO - *******STOP GROWING CR RULE*******
2025-03-04 18:57:47,847 - INFO - *******GROWING CR RULE*******
2025-03-04 18:57:48,193 - INFO - Iteracja 0: condition_best: attribute_36 >= 0.50, quality_best: 0.327, coverage_best: (p=47, n=20, P=97, N=111), precision: 0.701
2025-03-04 18:57:48,193 - INFO - Regula po iteracji 0: IF attribute_36 >= 0.50 THEN class = Rock, (p=47, n=20, P=97, N=111)
2025-03-04 18:57:48,283 - INFO - Iteracja 1: condition_best: attribute_45 <= 0.27, quality_best: 0.627, coverage_best: (p=42, n=3, P=97, N=111), precision: 0.933
2025-03-04 18:57:48,283 - INFO - Regula po iteracji 1: IF attribute_36 >= 0.50 AND attribute_45 <= 0.27 THEN class = Rock, (p=42, n=3, P=97, N=111)
2025-03-04 18:57:48,283 - INFO - *****GROWING RR RULE*****
2025-03-04 18:57:49,957 - INFO - Iteracja 0: condition_best: attribute_17 <= 0.08, quality_best: 0.555, coverage_best: (p=6, n=0, P=55, N=153), number_of_covered_negatives_best: 0, best_score: 0.664, precision: 1.0
2025-03-04 18:57:49,957 - INFO - Regula po iteracji 0: IF attribute_17 <= 0.08 THEN class = Rock, (p=6, n=0, P=55, N=153)
2025-03-04 18:57:49,957 - INFO - *****STOP GROWING RR RULE*****
2025-03-04 18:57:49,957 - INFO - ***RR FOUND***
2025-03-04 18:57:49,957 - INFO - Reference rule: IF attribute_17 <= 0.08 THEN class = Rock
2025-03-04 18:57:49,957 - INFO - ***CHECKING EXCEPTION***
2025-03-04 18:57:49,958 - INFO - Exception precision: 0
2025-03-04 18:57:49,958 - INFO - ***ER NOT FOUND***
2025-03-04 18:57:49,977 - INFO - Iteracja 2: condition_best: attribute_59 <= 0.01, quality_best: 0.696, coverage_best: (p=38, n=0, P=97, N=111), precision: 1.0
2025-03-04 18:57:49,977 - INFO - Regula po iteracji 2: IF attribute_36 >= 0.50 AND attribute_45 <= 0.27 AND attribute_59 <= 0.01 THEN class = Rock, (p=38, n=0, P=97, N=111)
2025-03-04 18:57:49,977 - INFO - *******STOP GROWING CR RULE*******
2025-03-04 18:57:49,978 - INFO - *******GROWING CR RULE*******
2025-03-04 18:57:50,325 - INFO - Iteracja 0: condition_best: attribute_43 <= 0.19, quality_best: 0.212, coverage_best: (p=47, n=29, P=97, N=111), precision: 0.618
2025-03-04 18:57:50,326 - INFO - Regula po iteracji 0: IF attribute_43 <= 0.19 THEN class = Rock, (p=47, n=29, P=97, N=111)
2025-03-04 18:57:50,436 - INFO - Iteracja 1: condition_best: attribute_31 >= 0.46, quality_best: 0.372, coverage_best: (p=30, n=9, P=97, N=111), precision: 0.769
2025-03-04 18:57:50,436 - INFO - Regula po iteracji 1: IF attribute_43 <= 0.19 AND attribute_31 >= 0.46 THEN class = Rock, (p=30, n=9, P=97, N=111)
2025-03-04 18:57:50,477 - INFO - Iteracja 2: condition_best: attribute_20 >= 0.43, quality_best: 0.613, coverage_best: (p=22, n=0, P=97, N=111), precision: 1.0
2025-03-04 18:57:50,477 - INFO - Regula po iteracji 2: IF attribute_43 <= 0.19 AND attribute_31 >= 0.46 AND attribute_20 >= 0.43 THEN class = Rock, (p=22, n=0, P=97, N=111)
2025-03-04 18:57:50,477 - INFO - *******STOP GROWING CR RULE*******
2025-03-04 18:57:50,478 - INFO - *******GROWING CR RULE*******
2025-03-04 18:57:50,725 - INFO - Iteracja 0: condition_best: None, quality_best: -inf, coverage_best: (p=0, n=0, P=0, N=0), precision: 0
2025-03-04 18:57:50,725 - INFO - Regula po iteracji 0: IF  THEN class = Rock, (p=97, n=111, P=97, N=111)
2025-03-04 18:57:50,725 - INFO - *******STOP GROWING CR RULE*******
2025-03-04 18:57:50,725 - INFO - *******GROWING CR RULE*******
2025-03-04 18:57:51,008 - INFO - Iteracja 0: condition_best: attribute_58 >= 0.02, quality_best: 0.545, coverage_best: (p=10, n=0, P=111, N=97), precision: 1.0
2025-03-04 18:57:51,008 - INFO - Regula po iteracji 0: IF attribute_58 >= 0.02 THEN class = Mine, (p=10, n=0, P=111, N=97)
2025-03-04 18:57:51,008 - INFO - *******STOP GROWING CR RULE*******
2025-03-04 18:57:51,008 - INFO - *******GROWING CR RULE*******
2025-03-04 18:57:51,378 - INFO - Iteracja 0: condition_best: attribute_44 >= 0.43, quality_best: 0.543, coverage_best: (p=22, n=1, P=111, N=97), precision: 0.957
2025-03-04 18:57:51,378 - INFO - Regula po iteracji 0: IF attribute_44 >= 0.43 THEN class = Mine, (p=22, n=1, P=111, N=97)
2025-03-04 18:57:51,378 - INFO - *****GROWING RR RULE*****
2025-03-04 18:57:52,926 - INFO - Iteracja 0: condition_best: attribute_28 >= 1.00, quality_best: 0.48, coverage_best: (p=11, n=1, P=89, N=119), number_of_covered_negatives_best: 0, best_score: 0.604, precision: 0.917
2025-03-04 18:57:52,926 - INFO - Regula po iteracji 0: IF attribute_28 >= 1.00 THEN class = Mine, (p=11, n=1, P=89, N=119)
2025-03-04 18:57:52,926 - INFO - *****STOP GROWING RR RULE*****
2025-03-04 18:57:52,926 - INFO - ***RR FOUND***
2025-03-04 18:57:52,926 - INFO - Reference rule: IF attribute_28 >= 1.00 THEN class = Mine
2025-03-04 18:57:52,926 - INFO - ***CHECKING EXCEPTION***
2025-03-04 18:57:52,926 - INFO - Exception precision: 0
2025-03-04 18:57:52,926 - INFO - ***ER NOT FOUND***
2025-03-04 18:57:52,935 - INFO - Iteracja 1: condition_best: attribute_5 <= 0.13, quality_best: 0.599, coverage_best: (p=22, n=0, P=111, N=97), precision: 1.0
2025-03-04 18:57:52,936 - INFO - Regula po iteracji 1: IF attribute_44 >= 0.43 AND attribute_5 <= 0.13 THEN class = Mine, (p=22, n=0, P=111, N=97)
2025-03-04 18:57:52,936 - INFO - *******STOP GROWING CR RULE*******
2025-03-04 18:57:52,936 - INFO - *******GROWING CR RULE*******
2025-03-04 18:57:53,311 - INFO - Iteracja 0: condition_best: attribute_54 >= 0.02, quality_best: 0.53, coverage_best: (p=20, n=1, P=111, N=97), precision: 0.952
2025-03-04 18:57:53,311 - INFO - Regula po iteracji 0: IF attribute_54 >= 0.02 THEN class = Mine, (p=20, n=1, P=111, N=97)
2025-03-04 18:57:53,311 - INFO - *****GROWING RR RULE*****
2025-03-04 18:57:54,869 - INFO - Iteracja 0: condition_best: attribute_28 >= 0.92, quality_best: 0.504, coverage_best: (p=34, n=6, P=91, N=117), number_of_covered_negatives_best: 0, best_score: 0.877, precision: 0.85
2025-03-04 18:57:54,870 - INFO - Regula po iteracji 0: IF attribute_28 >= 0.92 THEN class = Mine, (p=34, n=6, P=91, N=117)
2025-03-04 18:57:54,870 - INFO - *****STOP GROWING RR RULE*****
2025-03-04 18:57:54,870 - INFO - ***RR FOUND***
2025-03-04 18:57:54,870 - INFO - Reference rule: IF attribute_28 >= 0.92 THEN class = Mine
2025-03-04 18:57:54,870 - INFO - ***CHECKING EXCEPTION***
2025-03-04 18:57:54,870 - INFO - Exception precision: 0
2025-03-04 18:57:54,870 - INFO - ***ER NOT FOUND***
2025-03-04 18:57:54,879 - INFO - Iteracja 1: condition_best: attribute_2 >= 0.02, quality_best: 0.59, coverage_best: (p=20, n=0, P=111, N=97), precision: 1.0
2025-03-04 18:57:54,880 - INFO - Regula po iteracji 1: IF attribute_54 >= 0.02 AND attribute_2 >= 0.02 THEN class = Mine, (p=20, n=0, P=111, N=97)
2025-03-04 18:57:54,880 - INFO - *******STOP GROWING CR RULE*******
2025-03-04 18:57:54,880 - INFO - *******GROWING CR RULE*******
2025-03-04 18:57:55,151 - INFO - Iteracja 0: condition_best: attribute_45 >= 0.39, quality_best: 0.511, coverage_best: (p=30, n=3, P=111, N=97), precision: 0.909
2025-03-04 18:57:55,152 - INFO - Regula po iteracji 0: IF attribute_45 >= 0.39 THEN class = Mine, (p=30, n=3, P=111, N=97)
2025-03-04 18:57:55,152 - INFO - *****GROWING RR RULE*****
2025-03-04 18:57:56,916 - INFO - Iteracja 0: condition_best: attribute_28 >= 1.00, quality_best: 0.408, coverage_best: (p=10, n=2, P=81, N=127), number_of_covered_negatives_best: 0, best_score: 0.532, precision: 0.833
2025-03-04 18:57:56,916 - INFO - Regula po iteracji 0: IF attribute_28 >= 1.00 THEN class = Mine, (p=10, n=2, P=81, N=127)
2025-03-04 18:57:56,916 - INFO - *****STOP GROWING RR RULE*****
2025-03-04 18:57:56,916 - INFO - ***RR FOUND***
2025-03-04 18:57:56,917 - INFO - Reference rule: IF attribute_28 >= 1.00 THEN class = Mine
2025-03-04 18:57:56,917 - INFO - ***CHECKING EXCEPTION***
2025-03-04 18:57:56,917 - INFO - Exception precision: 0.0
2025-03-04 18:57:56,917 - INFO - ***ER NOT FOUND***
2025-03-04 18:57:56,937 - INFO - Iteracja 1: condition_best: attribute_39 <= 0.88, quality_best: 0.635, coverage_best: (p=30, n=0, P=111, N=97), precision: 1.0
2025-03-04 18:57:56,937 - INFO - Regula po iteracji 1: IF attribute_45 >= 0.39 AND attribute_39 <= 0.88 THEN class = Mine, (p=30, n=0, P=111, N=97)
2025-03-04 18:57:56,937 - INFO - *******STOP GROWING CR RULE*******
2025-03-04 18:57:56,937 - INFO - *******GROWING CR RULE*******
2025-03-04 18:57:57,207 - INFO - Iteracja 0: condition_best: attribute_28 >= 0.99, quality_best: 0.5, coverage_best: (p=16, n=1, P=111, N=97), precision: 0.941
2025-03-04 18:57:57,208 - INFO - Regula po iteracji 0: IF attribute_28 >= 0.99 THEN class = Mine, (p=16, n=1, P=111, N=97)
2025-03-04 18:57:57,208 - INFO - *****GROWING RR RULE*****
2025-03-04 18:57:58,781 - INFO - Iteracja 0: condition_best: attribute_1 >= 0.05, quality_best: 0.46, coverage_best: (p=20, n=3, P=95, N=113), number_of_covered_negatives_best: 1, best_score: 1.67, precision: 0.87
2025-03-04 18:57:58,781 - INFO - Regula po iteracji 0: IF attribute_1 >= 0.05 THEN class = Mine, (p=20, n=3, P=95, N=113)
2025-03-04 18:57:58,781 - INFO - *****STOP GROWING RR RULE*****
2025-03-04 18:57:58,781 - INFO - ***RR FOUND***
2025-03-04 18:57:58,781 - INFO - Reference rule: IF attribute_1 >= 0.05 THEN class = Mine
2025-03-04 18:57:58,781 - INFO - ***CHECKING EXCEPTION***
2025-03-04 18:57:58,781 - INFO - Exception precision: 1.0
2025-03-04 18:57:58,783 - INFO - ***ER FOUND***
2025-03-04 18:57:58,784 - INFO - Exception rule: IF attribute_28 >= 0.99 AND attribute_1 >= 0.05 THEN class = Rock (p=1, n=0, P=97, N=111)
2025-03-04 18:57:58,784 - INFO - *******STOP GROWING CR RULE*******
2025-03-04 18:57:58,784 - INFO - *******GROWING CR RULE*******
2025-03-04 18:57:59,048 - INFO - Iteracja 0: condition_best: attribute_28 >= 0.96, quality_best: 0.48, coverage_best: (p=26, n=3, P=111, N=97), precision: 0.897
2025-03-04 18:57:59,048 - INFO - Regula po iteracji 0: IF attribute_28 >= 0.96 THEN class = Mine, (p=26, n=3, P=111, N=97)
2025-03-04 18:57:59,049 - INFO - *****GROWING RR RULE*****
2025-03-04 18:58:00,796 - INFO - Iteracja 0: condition_best: attribute_1 >= 0.05, quality_best: 0.481, coverage_best: (p=20, n=3, P=85, N=123), number_of_covered_negatives_best: 1, best_score: 1.05, precision: 0.87
2025-03-04 18:58:00,796 - INFO - Regula po iteracji 0: IF attribute_1 >= 0.05 THEN class = Mine, (p=20, n=3, P=85, N=123)
2025-03-04 18:58:00,796 - INFO - *****STOP GROWING RR RULE*****
2025-03-04 18:58:00,796 - INFO - ***RR FOUND***
2025-03-04 18:58:00,796 - INFO - Reference rule: IF attribute_1 >= 0.05 THEN class = Mine
2025-03-04 18:58:00,796 - INFO - ***CHECKING EXCEPTION***
2025-03-04 18:58:00,796 - INFO - Exception precision: 1.0
2025-03-04 18:58:00,798 - INFO - ***ER FOUND***
2025-03-04 18:58:00,798 - INFO - Exception rule: IF attribute_28 >= 0.96 AND attribute_1 >= 0.05 THEN class = Rock (p=1, n=0, P=97, N=111)
2025-03-04 18:58:00,798 - INFO - *******STOP GROWING CR RULE*******
2025-03-04 18:58:00,799 - INFO - *******GROWING CR RULE*******
2025-03-04 18:58:01,066 - INFO - Iteracja 0: condition_best: attribute_2 >= 0.08, quality_best: 0.466, coverage_best: (p=19, n=2, P=111, N=97), precision: 0.905
2025-03-04 18:58:01,066 - INFO - Regula po iteracji 0: IF attribute_2 >= 0.08 THEN class = Mine, (p=19, n=2, P=111, N=97)
2025-03-04 18:58:01,066 - INFO - *****GROWING RR RULE*****
2025-03-04 18:58:02,646 - INFO - Iteracja 0: condition_best: attribute_28 >= 0.92, quality_best: 0.501, coverage_best: (p=34, n=6, P=92, N=116), number_of_covered_negatives_best: 0, best_score: 0.87, precision: 0.85
2025-03-04 18:58:02,647 - INFO - Regula po iteracji 0: IF attribute_28 >= 0.92 THEN class = Mine, (p=34, n=6, P=92, N=116)
2025-03-04 18:58:02,647 - INFO - *****STOP GROWING RR RULE*****
2025-03-04 18:58:02,647 - INFO - ***RR FOUND***
2025-03-04 18:58:02,647 - INFO - Reference rule: IF attribute_28 >= 0.92 THEN class = Mine
2025-03-04 18:58:02,647 - INFO - ***CHECKING EXCEPTION***
2025-03-04 18:58:02,647 - INFO - Exception precision: 0
2025-03-04 18:58:02,647 - INFO - ***ER NOT FOUND***
2025-03-04 18:58:02,663 - INFO - Iteracja 1: condition_best: attribute_12 >= 0.08, quality_best: 0.586, coverage_best: (p=19, n=0, P=111, N=97), precision: 1.0
2025-03-04 18:58:02,663 - INFO - Regula po iteracji 1: IF attribute_2 >= 0.08 AND attribute_12 >= 0.08 THEN class = Mine, (p=19, n=0, P=111, N=97)
2025-03-04 18:58:02,663 - INFO - *******STOP GROWING CR RULE*******
2025-03-04 18:58:02,664 - INFO - *******GROWING CR RULE*******
2025-03-04 18:58:03,021 - INFO - Iteracja 0: condition_best: attribute_11 >= 0.34, quality_best: 0.432, coverage_best: (p=29, n=5, P=111, N=97), precision: 0.853
2025-03-04 18:58:03,021 - INFO - Regula po iteracji 0: IF attribute_11 >= 0.34 THEN class = Mine, (p=29, n=5, P=111, N=97)
2025-03-04 18:58:03,021 - INFO - *****GROWING RR RULE*****
2025-03-04 18:58:04,843 - INFO - Iteracja 0: condition_best: attribute_28 >= 0.99, quality_best: 0.452, coverage_best: (p=13, n=2, P=82, N=126), number_of_covered_negatives_best: 1, best_score: 0.81, precision: 0.867
2025-03-04 18:58:04,843 - INFO - Regula po iteracji 0: IF attribute_28 >= 0.99 THEN class = Mine, (p=13, n=2, P=82, N=126)
2025-03-04 18:58:04,843 - INFO - *****STOP GROWING RR RULE*****
2025-03-04 18:58:04,843 - INFO - ***RR FOUND***
2025-03-04 18:58:04,843 - INFO - Reference rule: IF attribute_28 >= 0.99 THEN class = Mine
2025-03-04 18:58:04,843 - INFO - ***CHECKING EXCEPTION***
2025-03-04 18:58:04,843 - INFO - Exception precision: 0.5
2025-03-04 18:58:04,843 - INFO - ***ER NOT FOUND***
2025-03-04 18:58:04,875 - INFO - Iteracja 1: condition_best: attribute_46 >= 0.06, quality_best: 0.568, coverage_best: (p=26, n=1, P=111, N=97), precision: 0.963
2025-03-04 18:58:04,875 - INFO - Regula po iteracji 1: IF attribute_11 >= 0.34 AND attribute_46 >= 0.06 THEN class = Mine, (p=26, n=1, P=111, N=97)
2025-03-04 18:58:04,875 - INFO - *****GROWING RR RULE*****
2025-03-04 18:58:06,542 - INFO - Iteracja 0: condition_best: attribute_28 >= 0.99, quality_best: 0.446, coverage_best: (p=13, n=2, P=85, N=123), number_of_covered_negatives_best: 0, best_score: 0.599, precision: 0.867
2025-03-04 18:58:06,543 - INFO - Regula po iteracji 0: IF attribute_28 >= 0.99 THEN class = Mine, (p=13, n=2, P=85, N=123)
2025-03-04 18:58:06,543 - INFO - *****STOP GROWING RR RULE*****
2025-03-04 18:58:06,543 - INFO - ***RR FOUND***
2025-03-04 18:58:06,543 - INFO - Reference rule: IF attribute_28 >= 0.99 THEN class = Mine
2025-03-04 18:58:06,543 - INFO - ***CHECKING EXCEPTION***
2025-03-04 18:58:06,543 - INFO - Exception precision: 0.0
2025-03-04 18:58:06,543 - INFO - ***ER NOT FOUND***
2025-03-04 18:58:06,551 - INFO - Iteracja 2: condition_best: attribute_9 >= 0.13, quality_best: 0.617, coverage_best: (p=26, n=0, P=111, N=97), precision: 1.0
2025-03-04 18:58:06,551 - INFO - Regula po iteracji 2: IF attribute_11 >= 0.34 AND attribute_46 >= 0.06 AND attribute_9 >= 0.13 THEN class = Mine, (p=26, n=0, P=111, N=97)
2025-03-04 18:58:06,551 - INFO - *******STOP GROWING CR RULE*******
2025-03-04 18:58:06,552 - INFO - *******GROWING CR RULE*******
2025-03-04 18:58:06,814 - INFO - Iteracja 0: condition_best: attribute_49 >= 0.06, quality_best: 0.427, coverage_best: (p=53, n=13, P=111, N=97), precision: 0.803
2025-03-04 18:58:06,814 - INFO - Regula po iteracji 0: IF attribute_49 >= 0.06 THEN class = Mine, (p=53, n=13, P=111, N=97)
2025-03-04 18:58:06,814 - INFO - *****GROWING RR RULE*****
2025-03-04 18:58:09,235 - INFO - Iteracja 0: condition_best: attribute_36 <= 0.04, quality_best: 0.418, coverage_best: (p=5, n=1, P=58, N=150), number_of_covered_negatives_best: 0, best_score: 0.504, precision: 0.833
2025-03-04 18:58:09,235 - INFO - Regula po iteracji 0: IF attribute_36 <= 0.04 THEN class = Mine, (p=5, n=1, P=58, N=150)
2025-03-04 18:58:09,235 - INFO - *****STOP GROWING RR RULE*****
2025-03-04 18:58:09,235 - INFO - ***RR FOUND***
2025-03-04 18:58:09,235 - INFO - Reference rule: IF attribute_36 <= 0.04 THEN class = Mine
2025-03-04 18:58:09,235 - INFO - ***CHECKING EXCEPTION***
2025-03-04 18:58:09,235 - INFO - Exception precision: 0
2025-03-04 18:58:09,235 - INFO - ***ER NOT FOUND***
2025-03-04 18:58:09,304 - INFO - Iteracja 1: condition_best: attribute_12 >= 0.24, quality_best: 0.599, coverage_best: (p=38, n=2, P=111, N=97), precision: 0.95
2025-03-04 18:58:09,304 - INFO - Regula po iteracji 1: IF attribute_49 >= 0.06 AND attribute_12 >= 0.24 THEN class = Mine, (p=38, n=2, P=111, N=97)
2025-03-04 18:58:09,305 - INFO - *****GROWING RR RULE*****
2025-03-04 18:58:11,005 - INFO - Iteracja 0: condition_best: attribute_1 >= 0.11, quality_best: 0.534, coverage_best: (p=5, n=0, P=73, N=135), number_of_covered_negatives_best: 0, best_score: 0.603, precision: 1.0
2025-03-04 18:58:11,005 - INFO - Regula po iteracji 0: IF attribute_1 >= 0.11 THEN class = Mine, (p=5, n=0, P=73, N=135)
2025-03-04 18:58:11,005 - INFO - *****STOP GROWING RR RULE*****
2025-03-04 18:58:11,005 - INFO - ***RR FOUND***
2025-03-04 18:58:11,005 - INFO - Reference rule: IF attribute_1 >= 0.11 THEN class = Mine
2025-03-04 18:58:11,005 - INFO - ***CHECKING EXCEPTION***
2025-03-04 18:58:11,006 - INFO - Exception precision: 0
2025-03-04 18:58:11,006 - INFO - ***ER NOT FOUND***
2025-03-04 18:58:11,021 - INFO - Iteracja 2: condition_best: attribute_17 <= 0.93, quality_best: 0.671, coverage_best: (p=38, n=0, P=111, N=97), precision: 1.0
2025-03-04 18:58:11,021 - INFO - Regula po iteracji 2: IF attribute_49 >= 0.06 AND attribute_12 >= 0.24 AND attribute_17 <= 0.93 THEN class = Mine, (p=38, n=0, P=111, N=97)
2025-03-04 18:58:11,021 - INFO - *******STOP GROWING CR RULE*******
2025-03-04 18:58:11,022 - INFO - *******GROWING CR RULE*******
2025-03-04 18:58:11,377 - INFO - Iteracja 0: condition_best: attribute_49 >= 0.06, quality_best: 0.427, coverage_best: (p=53, n=13, P=111, N=97), precision: 0.803
2025-03-04 18:58:11,377 - INFO - Regula po iteracji 0: IF attribute_49 >= 0.06 THEN class = Mine, (p=53, n=13, P=111, N=97)
2025-03-04 18:58:11,378 - INFO - *****GROWING RR RULE*****
2025-03-04 18:58:13,690 - INFO - Iteracja 0: condition_best: attribute_36 <= 0.04, quality_best: 0.418, coverage_best: (p=5, n=1, P=58, N=150), number_of_covered_negatives_best: 0, best_score: 0.504, precision: 0.833
2025-03-04 18:58:13,690 - INFO - Regula po iteracji 0: IF attribute_36 <= 0.04 THEN class = Mine, (p=5, n=1, P=58, N=150)
2025-03-04 18:58:13,690 - INFO - *****STOP GROWING RR RULE*****
2025-03-04 18:58:13,691 - INFO - ***RR FOUND***
2025-03-04 18:58:13,691 - INFO - Reference rule: IF attribute_36 <= 0.04 THEN class = Mine
2025-03-04 18:58:13,691 - INFO - ***CHECKING EXCEPTION***
2025-03-04 18:58:13,691 - INFO - Exception precision: 0
2025-03-04 18:58:13,691 - INFO - ***ER NOT FOUND***
2025-03-04 18:58:13,744 - INFO - Iteracja 1: condition_best: attribute_36 <= 0.51, quality_best: 0.548, coverage_best: (p=40, n=4, P=111, N=97), precision: 0.909
2025-03-04 18:58:13,744 - INFO - Regula po iteracji 1: IF attribute_49 >= 0.06 AND attribute_36 <= 0.51 THEN class = Mine, (p=40, n=4, P=111, N=97)
2025-03-04 18:58:13,744 - INFO - *****GROWING RR RULE*****
2025-03-04 18:58:15,666 - INFO - Iteracja 0: condition_best: attribute_9 >= 0.51, quality_best: 0.425, coverage_best: (p=6, n=1, P=71, N=137), number_of_covered_negatives_best: 0, best_score: 0.509, precision: 0.857
2025-03-04 18:58:15,667 - INFO - Regula po iteracji 0: IF attribute_9 >= 0.51 THEN class = Mine, (p=6, n=1, P=71, N=137)
2025-03-04 18:58:15,667 - INFO - *****STOP GROWING RR RULE*****
2025-03-04 18:58:15,667 - INFO - ***RR FOUND***
2025-03-04 18:58:15,667 - INFO - Reference rule: IF attribute_9 >= 0.51 THEN class = Mine
2025-03-04 18:58:15,667 - INFO - ***CHECKING EXCEPTION***
2025-03-04 18:58:15,667 - INFO - Exception precision: 0
2025-03-04 18:58:15,667 - INFO - ***ER NOT FOUND***
2025-03-04 18:58:15,691 - INFO - Iteracja 2: condition_best: attribute_17 <= 0.93, quality_best: 0.611, coverage_best: (p=40, n=2, P=111, N=97), precision: 0.952
2025-03-04 18:58:15,691 - INFO - Regula po iteracji 2: IF attribute_49 >= 0.06 AND attribute_36 <= 0.51 AND attribute_17 <= 0.93 THEN class = Mine, (p=40, n=2, P=111, N=97)
2025-03-04 18:58:15,692 - INFO - *****GROWING RR RULE*****
2025-03-04 18:58:17,400 - INFO - Iteracja 0: condition_best: attribute_9 >= 0.51, quality_best: 0.425, coverage_best: (p=6, n=1, P=71, N=137), number_of_covered_negatives_best: 0, best_score: 0.509, precision: 0.857
2025-03-04 18:58:17,401 - INFO - Regula po iteracji 0: IF attribute_9 >= 0.51 THEN class = Mine, (p=6, n=1, P=71, N=137)
2025-03-04 18:58:17,401 - INFO - *****STOP GROWING RR RULE*****
2025-03-04 18:58:17,401 - INFO - ***RR FOUND***
2025-03-04 18:58:17,401 - INFO - Reference rule: IF attribute_9 >= 0.51 THEN class = Mine
2025-03-04 18:58:17,401 - INFO - ***CHECKING EXCEPTION***
2025-03-04 18:58:17,401 - INFO - Exception precision: 0
2025-03-04 18:58:17,401 - INFO - ***ER NOT FOUND***
2025-03-04 18:58:17,414 - INFO - Iteracja 3: condition_best: attribute_17 >= 0.08, quality_best: 0.68, coverage_best: (p=40, n=0, P=111, N=97), precision: 1.0
2025-03-04 18:58:17,415 - INFO - Regula po iteracji 3: IF attribute_49 >= 0.06 AND attribute_36 <= 0.51 AND attribute_17 <= 0.93 AND attribute_17 >= 0.08 THEN class = Mine, (p=40, n=0, P=111, N=97)
2025-03-04 18:58:17,415 - INFO - *******STOP GROWING CR RULE*******
2025-03-04 18:58:17,416 - INFO - *******GROWING CR RULE*******
2025-03-04 18:58:17,676 - INFO - Iteracja 0: condition_best: attribute_11 >= 0.22, quality_best: 0.426, coverage_best: (p=85, n=27, P=111, N=97), precision: 0.759
2025-03-04 18:58:17,676 - INFO - Regula po iteracji 0: IF attribute_11 >= 0.22 THEN class = Mine, (p=85, n=27, P=111, N=97)
2025-03-04 18:58:17,890 - INFO - Iteracja 1: condition_best: attribute_27 >= 0.82, quality_best: 0.69, coverage_best: (p=49, n=1, P=111, N=97), precision: 0.98
2025-03-04 18:58:17,890 - INFO - Regula po iteracji 1: IF attribute_11 >= 0.22 AND attribute_27 >= 0.82 THEN class = Mine, (p=49, n=1, P=111, N=97)
2025-03-04 18:58:17,890 - INFO - *****GROWING RR RULE*****
2025-03-04 18:58:19,499 - INFO - Iteracja 0: condition_best: attribute_54 >= 0.02, quality_best: 0.514, coverage_best: (p=18, n=3, P=62, N=146), number_of_covered_negatives_best: 0, best_score: 0.804, precision: 0.857
2025-03-04 18:58:19,499 - INFO - Regula po iteracji 0: IF attribute_54 >= 0.02 THEN class = Mine, (p=18, n=3, P=62, N=146)
2025-03-04 18:58:19,499 - INFO - *****STOP GROWING RR RULE*****
2025-03-04 18:58:19,499 - INFO - ***RR FOUND***
2025-03-04 18:58:19,499 - INFO - Reference rule: IF attribute_54 >= 0.02 THEN class = Mine
2025-03-04 18:58:19,499 - INFO - ***CHECKING EXCEPTION***
2025-03-04 18:58:19,499 - INFO - Exception precision: 0.0
2025-03-04 18:58:19,499 - INFO - ***ER NOT FOUND***
2025-03-04 18:58:19,510 - INFO - Iteracja 2: condition_best: attribute_15 <= 0.55, quality_best: 0.721, coverage_best: (p=49, n=0, P=111, N=97), precision: 1.0
2025-03-04 18:58:19,510 - INFO - Regula po iteracji 2: IF attribute_11 >= 0.22 AND attribute_27 >= 0.82 AND attribute_15 <= 0.55 THEN class = Mine, (p=49, n=0, P=111, N=97)
2025-03-04 18:58:19,510 - INFO - *******STOP GROWING CR RULE*******
2025-03-04 18:58:19,511 - INFO - *******GROWING CR RULE*******
2025-03-04 18:58:19,768 - INFO - Iteracja 0: condition_best: attribute_11 >= 0.22, quality_best: 0.426, coverage_best: (p=85, n=27, P=111, N=97), precision: 0.759
2025-03-04 18:58:19,768 - INFO - Regula po iteracji 0: IF attribute_11 >= 0.22 THEN class = Mine, (p=85, n=27, P=111, N=97)
2025-03-04 18:58:19,958 - INFO - Iteracja 1: condition_best: attribute_16 <= 0.67, quality_best: 0.602, coverage_best: (p=74, n=11, P=111, N=97), precision: 0.871
2025-03-04 18:58:19,958 - INFO - Regula po iteracji 1: IF attribute_11 >= 0.22 AND attribute_16 <= 0.67 THEN class = Mine, (p=74, n=11, P=111, N=97)
2025-03-04 18:58:19,959 - INFO - *****GROWING RR RULE*****
2025-03-04 18:58:22,099 - INFO - Iteracja 0: condition_best: None quality_best: -inf, coverage_best: (p=0, n=0, P=0, N=0), number_of_covered_negatives_best: 0, best_score: 0, precision: 0
2025-03-04 18:58:22,099 - INFO - Regula po iteracji 0: IF  THEN class = Mine, (p=37, n=171, P=37, N=171)
2025-03-04 18:58:22,099 - INFO - *****STOP GROWING RR RULE*****
2025-03-04 18:58:22,099 - INFO - ***RR NOT FOUND***
2025-03-04 18:58:22,161 - INFO - Iteracja 2: condition_best: attribute_48 >= 0.04, quality_best: 0.705, coverage_best: (p=67, n=4, P=111, N=97), precision: 0.944
2025-03-04 18:58:22,161 - INFO - Regula po iteracji 2: IF attribute_11 >= 0.22 AND attribute_16 <= 0.67 AND attribute_48 >= 0.04 THEN class = Mine, (p=67, n=4, P=111, N=97)
2025-03-04 18:58:22,161 - INFO - *****GROWING RR RULE*****
2025-03-04 18:58:24,064 - INFO - Iteracja 0: condition_best: attribute_58 >= 0.02, quality_best: 0.439, coverage_best: (p=5, n=1, P=44, N=164), number_of_covered_negatives_best: 0, best_score: 0.553, precision: 0.833
2025-03-04 18:58:24,064 - INFO - Regula po iteracji 0: IF attribute_58 >= 0.02 THEN class = Mine, (p=5, n=1, P=44, N=164)
2025-03-04 18:58:24,064 - INFO - *****STOP GROWING RR RULE*****
2025-03-04 18:58:24,064 - INFO - ***RR FOUND***
2025-03-04 18:58:24,064 - INFO - Reference rule: IF attribute_58 >= 0.02 THEN class = Mine
2025-03-04 18:58:24,064 - INFO - ***CHECKING EXCEPTION***
2025-03-04 18:58:24,065 - INFO - Exception precision: 0.0
2025-03-04 18:58:24,065 - INFO - ***ER NOT FOUND***
2025-03-04 18:58:24,091 - INFO - Iteracja 3: condition_best: attribute_34 <= 0.69, quality_best: 0.748, coverage_best: (p=61, n=1, P=111, N=97), precision: 0.984
2025-03-04 18:58:24,091 - INFO - Regula po iteracji 3: IF attribute_11 >= 0.22 AND attribute_16 <= 0.67 AND attribute_48 >= 0.04 AND attribute_34 <= 0.69 THEN class = Mine, (p=61, n=1, P=111, N=97)
2025-03-04 18:58:24,091 - INFO - *****GROWING RR RULE*****
2025-03-04 18:58:25,743 - INFO - Iteracja 0: condition_best: attribute_58 >= 0.02, quality_best: 0.429, coverage_best: (p=5, n=1, P=50, N=158), number_of_covered_negatives_best: 0, best_score: 0.529, precision: 0.833
2025-03-04 18:58:25,744 - INFO - Regula po iteracji 0: IF attribute_58 >= 0.02 THEN class = Mine, (p=5, n=1, P=50, N=158)
2025-03-04 18:58:25,744 - INFO - *****STOP GROWING RR RULE*****
2025-03-04 18:58:25,744 - INFO - ***RR FOUND***
2025-03-04 18:58:25,744 - INFO - Reference rule: IF attribute_58 >= 0.02 THEN class = Mine
2025-03-04 18:58:25,744 - INFO - ***CHECKING EXCEPTION***
2025-03-04 18:58:25,744 - INFO - Exception precision: 0.0
2025-03-04 18:58:25,744 - INFO - ***ER NOT FOUND***
2025-03-04 18:58:25,754 - INFO - Iteracja 4: condition_best: attribute_28 >= 0.22, quality_best: 0.775, coverage_best: (p=61, n=0, P=111, N=97), precision: 1.0
2025-03-04 18:58:25,754 - INFO - Regula po iteracji 4: IF attribute_11 >= 0.22 AND attribute_16 <= 0.67 AND attribute_48 >= 0.04 AND attribute_34 <= 0.69 AND attribute_28 >= 0.22 THEN class = Mine, (p=61, n=0, P=111, N=97)
2025-03-04 18:58:25,754 - INFO - *******STOP GROWING CR RULE*******
2025-03-04 18:58:25,756 - INFO - *******GROWING CR RULE*******
2025-03-04 18:58:26,108 - INFO - Iteracja 0: condition_best: attribute_21 >= 0.68, quality_best: 0.308, coverage_best: (p=67, n=27, P=111, N=97), precision: 0.713
2025-03-04 18:58:26,108 - INFO - Regula po iteracji 0: IF attribute_21 >= 0.68 THEN class = Mine, (p=67, n=27, P=111, N=97)
2025-03-04 18:58:26,224 - INFO - Iteracja 1: condition_best: attribute_44 >= 0.15, quality_best: 0.495, coverage_best: (p=51, n=9, P=111, N=97), precision: 0.85
2025-03-04 18:58:26,224 - INFO - Regula po iteracji 1: IF attribute_21 >= 0.68 AND attribute_44 >= 0.15 THEN class = Mine, (p=51, n=9, P=111, N=97)
2025-03-04 18:58:26,225 - INFO - *****GROWING RR RULE*****
2025-03-04 18:58:28,324 - INFO - Iteracja 0: condition_best: attribute_47 >= 0.27, quality_best: 0.48, coverage_best: (p=12, n=2, P=60, N=148), number_of_covered_negatives_best: 0, best_score: 0.68, precision: 0.857
2025-03-04 18:58:28,324 - INFO - Regula po iteracji 0: IF attribute_47 >= 0.27 THEN class = Mine, (p=12, n=2, P=60, N=148)
2025-03-04 18:58:28,325 - INFO - *****STOP GROWING RR RULE*****
2025-03-04 18:58:28,325 - INFO - ***RR FOUND***
2025-03-04 18:58:28,325 - INFO - Reference rule: IF attribute_47 >= 0.27 THEN class = Mine
2025-03-04 18:58:28,325 - INFO - ***CHECKING EXCEPTION***
2025-03-04 18:58:28,325 - INFO - Exception precision: 0
2025-03-04 18:58:28,325 - INFO - ***ER NOT FOUND***
2025-03-04 18:58:28,373 - INFO - Iteracja 2: condition_best: attribute_32 <= 0.50, quality_best: 0.628, coverage_best: (p=43, n=2, P=111, N=97), precision: 0.956
2025-03-04 18:58:28,373 - INFO - Regula po iteracji 2: IF attribute_21 >= 0.68 AND attribute_44 >= 0.15 AND attribute_32 <= 0.50 THEN class = Mine, (p=43, n=2, P=111, N=97)
2025-03-04 18:58:28,373 - INFO - *****GROWING RR RULE*****
2025-03-04 18:58:30,167 - INFO - Iteracja 0: condition_best: attribute_45 >= 0.47, quality_best: 0.516, coverage_best: (p=16, n=2, P=68, N=140), number_of_covered_negatives_best: 0, best_score: 0.751, precision: 0.889
2025-03-04 18:58:30,167 - INFO - Regula po iteracji 0: IF attribute_45 >= 0.47 THEN class = Mine, (p=16, n=2, P=68, N=140)
2025-03-04 18:58:30,167 - INFO - *****STOP GROWING RR RULE*****
2025-03-04 18:58:30,167 - INFO - ***RR FOUND***
2025-03-04 18:58:30,167 - INFO - Reference rule: IF attribute_45 >= 0.47 THEN class = Mine
2025-03-04 18:58:30,167 - INFO - ***CHECKING EXCEPTION***
2025-03-04 18:58:30,168 - INFO - Exception precision: 0.0
2025-03-04 18:58:30,168 - INFO - ***ER NOT FOUND***
2025-03-04 18:58:30,182 - INFO - Iteracja 3: condition_best: attribute_52 >= 0.00, quality_best: 0.685, coverage_best: (p=41, n=0, P=111, N=97), precision: 1.0
2025-03-04 18:58:30,182 - INFO - Regula po iteracji 3: IF attribute_21 >= 0.68 AND attribute_44 >= 0.15 AND attribute_32 <= 0.50 AND attribute_52 >= 0.00 THEN class = Mine, (p=41, n=0, P=111, N=97)
2025-03-04 18:58:30,182 - INFO - *******STOP GROWING CR RULE*******
2025-03-04 18:58:30,183 - INFO - *******GROWING CR RULE*******
2025-03-04 18:58:30,443 - INFO - Iteracja 0: condition_best: None, quality_best: -inf, coverage_best: (p=0, n=0, P=0, N=0), precision: 0
2025-03-04 18:58:30,443 - INFO - Regula po iteracji 0: IF  THEN class = Mine, (p=111, n=97, P=111, N=97)
2025-03-04 18:58:30,443 - INFO - *******STOP GROWING CR RULE*******
2025-03-04 18:58:30,448 - INFO - ******
2025-03-04 18:58:30,448 - INFO - CR rule: IF attribute_9 <= 0.10 THEN class = Rock (p=46, n=11, P=97, N=111)
2025-03-04 18:58:30,449 - INFO - RR rule: IF attribute_47 <= 0.03 THEN class = Rock (p=7, n=1, P=97, N=111)
2025-03-04 18:58:30,449 - INFO - er rule: IF attribute_9 <= 0.10 AND attribute_47 <= 0.03 THEN class = Mine (p=1, n=0, P=111, N=97)
2025-03-04 18:58:30,449 - INFO - RR precision: 0.875, RR coverage: 0.07216494845360824
2025-03-04 18:58:30,449 - INFO - Rock: AVG precision: 0.9824561403508771, AVG coverage: 0.3373945641986879, AVG domain precision: 0.5161099865047233
2025-03-04 18:58:30,449 - INFO - ER precision: 1.0, ER coverage: 0.009009009009009009, ER domain precision: 0.46634615384615385
2025-03-04 18:58:30,449 - INFO - Mine: AVG precision: 0.9875175534404743, AVG coverage: 0.2758142758142758, AVG domain precision: 0.4538637072866283
2025-03-04 18:58:30,449 - INFO - er rule type: 2
2025-03-04 18:58:30,449 - INFO - ******
2025-03-04 18:58:30,449 - INFO - ******
2025-03-04 18:58:30,449 - INFO - CR rule: IF attribute_28 >= 0.99 THEN class = Mine (p=16, n=1, P=111, N=97)
2025-03-04 18:58:30,449 - INFO - RR rule: IF attribute_1 >= 0.05 THEN class = Mine (p=20, n=3, P=111, N=97)
2025-03-04 18:58:30,449 - INFO - er rule: IF attribute_28 >= 0.99 AND attribute_1 >= 0.05 THEN class = Rock (p=1, n=0, P=97, N=111)
2025-03-04 18:58:30,449 - INFO - RR precision: 0.8695652173913043, RR coverage: 0.18018018018018017
2025-03-04 18:58:30,449 - INFO - Mine: AVG precision: 0.9875175534404743, AVG coverage: 0.2758142758142758, AVG domain precision: 0.4538637072866283
2025-03-04 18:58:30,449 - INFO - ER precision: 1.0, ER coverage: 0.010309278350515464, ER domain precision: 0.5336538461538461
2025-03-04 18:58:30,449 - INFO - Rock: AVG precision: 0.9824561403508771, AVG coverage: 0.3373945641986879, AVG domain precision: 0.5161099865047233
2025-03-04 18:58:30,449 - INFO - er rule type: 2
2025-03-04 18:58:30,449 - INFO - ******
2025-03-04 18:58:30,449 - INFO - ******
2025-03-04 18:58:30,449 - INFO - CR rule: IF attribute_28 >= 0.96 THEN class = Mine (p=26, n=3, P=111, N=97)
2025-03-04 18:58:30,449 - INFO - RR rule: IF attribute_1 >= 0.05 THEN class = Mine (p=20, n=3, P=111, N=97)
2025-03-04 18:58:30,449 - INFO - er rule: IF attribute_28 >= 0.96 AND attribute_1 >= 0.05 THEN class = Rock (p=1, n=0, P=97, N=111)
2025-03-04 18:58:30,449 - INFO - RR precision: 0.8695652173913043, RR coverage: 0.18018018018018017
2025-03-04 18:58:30,449 - INFO - Mine: AVG precision: 0.9875175534404743, AVG coverage: 0.2758142758142758, AVG domain precision: 0.4538637072866283
2025-03-04 18:58:30,449 - INFO - ER precision: 1.0, ER coverage: 0.010309278350515464, ER domain precision: 0.5336538461538461
2025-03-04 18:58:30,449 - INFO - Rock: AVG precision: 0.9824561403508771, AVG coverage: 0.3373945641986879, AVG domain precision: 0.5161099865047233
2025-03-04 18:58:30,449 - INFO - er rule type: 2
2025-03-04 18:58:30,449 - INFO - ******
2025-03-04 18:58:30,455 - INFO - ************************Finished experiment for sonar.arff with algorithm3************************
2025-03-04 18:58:30,455 - INFO - *************************************************************************************************************************
2025-03-04 18:58:30,455 - INFO - *************************************************************************************************************************
2025-03-04 18:58:30,455 - INFO - *************************************************************************************************************************
