2025-03-04 18:59:10,839 - INFO - **********Starting experiment for tic-tac-toe.arff with algorithm3**********
2025-03-04 18:59:10,857 - INFO - *******GROWING CR RULE*******
2025-03-04 18:59:10,865 - INFO - Iteracja 0: condition_best: middle-middle-square = {x}, quality_best: 0.333, coverage_best: (p=366, n=92, P=626, N=332), precision: 0.799
2025-03-04 18:59:10,865 - INFO - Regula po iteracji 0: IF middle-middle-square = {x} THEN class = positive, (p=366, n=92, P=626, N=332)
2025-03-04 18:59:10,867 - INFO - Iteracja 1: condition_best: top-left-square = {b}, quality_best: 0.36, coverage_best: (p=94, n=14, P=626, N=332), precision: 0.87
2025-03-04 18:59:10,868 - INFO - Regula po iteracji 1: IF middle-middle-square = {x} AND top-left-square = {b} THEN class = positive, (p=94, n=14, P=626, N=332)
2025-03-04 18:59:10,869 - INFO - *****GROWING RR RULE*****
2025-03-04 18:59:10,877 - INFO - Iteracja 0: condition_best: None quality_best: -inf, coverage_best: (p=0, n=0, P=0, N=0), number_of_covered_negatives_best: 0, best_score: 0, precision: 0
2025-03-04 18:59:10,877 - INFO - Regula po iteracji 0: IF  THEN class = positive, (p=532, n=426, P=532, N=426)
2025-03-04 18:59:10,877 - INFO - *****STOP GROWING RR RULE*****
2025-03-04 18:59:10,877 - INFO - ***RR NOT FOUND***
2025-03-04 18:59:10,878 - INFO - Iteracja 2: condition_best: bottom-right-square = {b}, quality_best: 0.524, coverage_best: (p=30, n=0, P=626, N=332), precision: 1.0
2025-03-04 18:59:10,878 - INFO - Regula po iteracji 2: IF middle-middle-square = {x} AND top-left-square = {b} AND bottom-right-square = {b} THEN class = positive, (p=30, n=0, P=626, N=332)
2025-03-04 18:59:10,878 - INFO - *******STOP GROWING CR RULE*******
2025-03-04 18:59:10,883 - INFO - *******GROWING CR RULE*******
2025-03-04 18:59:10,887 - INFO - Iteracja 0: condition_best: middle-middle-square = {x}, quality_best: 0.333, coverage_best: (p=366, n=92, P=626, N=332), precision: 0.799
2025-03-04 18:59:10,887 - INFO - Regula po iteracji 0: IF middle-middle-square = {x} THEN class = positive, (p=366, n=92, P=626, N=332)
2025-03-04 18:59:10,889 - INFO - Iteracja 1: condition_best: top-left-square = {b}, quality_best: 0.36, coverage_best: (p=94, n=14, P=626, N=332), precision: 0.87
2025-03-04 18:59:10,889 - INFO - Regula po iteracji 1: IF middle-middle-square = {x} AND top-left-square = {b} THEN class = positive, (p=94, n=14, P=626, N=332)
2025-03-04 18:59:10,890 - INFO - *****GROWING RR RULE*****
2025-03-04 18:59:10,898 - INFO - Iteracja 0: condition_best: None quality_best: -inf, coverage_best: (p=0, n=0, P=0, N=0), number_of_covered_negatives_best: 0, best_score: 0, precision: 0
2025-03-04 18:59:10,898 - INFO - Regula po iteracji 0: IF  THEN class = positive, (p=532, n=426, P=532, N=426)
2025-03-04 18:59:10,898 - INFO - *****STOP GROWING RR RULE*****
2025-03-04 18:59:10,898 - INFO - ***RR NOT FOUND***
2025-03-04 18:59:10,899 - INFO - Iteracja 2: condition_best: bottom-right-square = {x}, quality_best: 0.516, coverage_best: (p=20, n=0, P=626, N=332), precision: 1.0
2025-03-04 18:59:10,900 - INFO - Regula po iteracji 2: IF middle-middle-square = {x} AND top-left-square = {b} AND bottom-right-square = {x} THEN class = positive, (p=20, n=0, P=626, N=332)
2025-03-04 18:59:10,900 - INFO - *******STOP GROWING CR RULE*******
2025-03-04 18:59:10,904 - INFO - *******GROWING CR RULE*******
2025-03-04 18:59:10,908 - INFO - Iteracja 0: condition_best: middle-middle-square = {x}, quality_best: 0.333, coverage_best: (p=366, n=92, P=626, N=332), precision: 0.799
2025-03-04 18:59:10,908 - INFO - Regula po iteracji 0: IF middle-middle-square = {x} THEN class = positive, (p=366, n=92, P=626, N=332)
2025-03-04 18:59:10,910 - INFO - Iteracja 1: condition_best: top-left-square = {b}, quality_best: 0.36, coverage_best: (p=94, n=14, P=626, N=332), precision: 0.87
2025-03-04 18:59:10,911 - INFO - Regula po iteracji 1: IF middle-middle-square = {x} AND top-left-square = {b} THEN class = positive, (p=94, n=14, P=626, N=332)
2025-03-04 18:59:10,912 - INFO - *****GROWING RR RULE*****
2025-03-04 18:59:10,919 - INFO - Iteracja 0: condition_best: None quality_best: -inf, coverage_best: (p=0, n=0, P=0, N=0), number_of_covered_negatives_best: 0, best_score: 0, precision: 0
2025-03-04 18:59:10,920 - INFO - Regula po iteracji 0: IF  THEN class = positive, (p=532, n=426, P=532, N=426)
2025-03-04 18:59:10,920 - INFO - *****STOP GROWING RR RULE*****
2025-03-04 18:59:10,920 - INFO - ***RR NOT FOUND***
2025-03-04 18:59:10,921 - INFO - Iteracja 2: condition_best: top-middle-square = {o}, quality_best: 0.491, coverage_best: (p=38, n=1, P=626, N=332), precision: 0.974
2025-03-04 18:59:10,921 - INFO - Regula po iteracji 2: IF middle-middle-square = {x} AND top-left-square = {b} AND top-middle-square = {o} THEN class = positive, (p=38, n=1, P=626, N=332)
2025-03-04 18:59:10,922 - INFO - *****GROWING RR RULE*****
2025-03-04 18:59:10,929 - INFO - Iteracja 0: condition_best: None quality_best: -inf, coverage_best: (p=0, n=0, P=0, N=0), number_of_covered_negatives_best: 0, best_score: 0, precision: 0
2025-03-04 18:59:10,929 - INFO - Regula po iteracji 0: IF  THEN class = positive, (p=588, n=370, P=588, N=370)
2025-03-04 18:59:10,929 - INFO - *****STOP GROWING RR RULE*****
2025-03-04 18:59:10,929 - INFO - ***RR NOT FOUND***
2025-03-04 18:59:10,930 - INFO - Iteracja 3: condition_best: top-right-square = {x}, quality_best: 0.518, coverage_best: (p=22, n=0, P=626, N=332), precision: 1.0
2025-03-04 18:59:10,931 - INFO - Regula po iteracji 3: IF middle-middle-square = {x} AND top-left-square = {b} AND top-middle-square = {o} AND top-right-square = {x} THEN class = positive, (p=22, n=0, P=626, N=332)
2025-03-04 18:59:10,931 - INFO - *******STOP GROWING CR RULE*******
2025-03-04 18:59:10,936 - INFO - *******GROWING CR RULE*******
2025-03-04 18:59:10,940 - INFO - Iteracja 0: condition_best: middle-middle-square = {x}, quality_best: 0.333, coverage_best: (p=366, n=92, P=626, N=332), precision: 0.799
2025-03-04 18:59:10,940 - INFO - Regula po iteracji 0: IF middle-middle-square = {x} THEN class = positive, (p=366, n=92, P=626, N=332)
2025-03-04 18:59:10,942 - INFO - Iteracja 1: condition_best: top-left-square = {b}, quality_best: 0.36, coverage_best: (p=94, n=14, P=626, N=332), precision: 0.87
2025-03-04 18:59:10,943 - INFO - Regula po iteracji 1: IF middle-middle-square = {x} AND top-left-square = {b} THEN class = positive, (p=94, n=14, P=626, N=332)
2025-03-04 18:59:10,943 - INFO - *****GROWING RR RULE*****
2025-03-04 18:59:10,951 - INFO - Iteracja 0: condition_best: None quality_best: -inf, coverage_best: (p=0, n=0, P=0, N=0), number_of_covered_negatives_best: 0, best_score: 0, precision: 0
2025-03-04 18:59:10,952 - INFO - Regula po iteracji 0: IF  THEN class = positive, (p=532, n=426, P=532, N=426)
2025-03-04 18:59:10,952 - INFO - *****STOP GROWING RR RULE*****
2025-03-04 18:59:10,952 - INFO - ***RR NOT FOUND***
2025-03-04 18:59:10,953 - INFO - Iteracja 2: condition_best: top-middle-square = {o}, quality_best: 0.491, coverage_best: (p=38, n=1, P=626, N=332), precision: 0.974
2025-03-04 18:59:10,953 - INFO - Regula po iteracji 2: IF middle-middle-square = {x} AND top-left-square = {b} AND top-middle-square = {o} THEN class = positive, (p=38, n=1, P=626, N=332)
2025-03-04 18:59:10,954 - INFO - *****GROWING RR RULE*****
2025-03-04 18:59:10,961 - INFO - Iteracja 0: condition_best: None quality_best: -inf, coverage_best: (p=0, n=0, P=0, N=0), number_of_covered_negatives_best: 0, best_score: 0, precision: 0
2025-03-04 18:59:10,961 - INFO - Regula po iteracji 0: IF  THEN class = positive, (p=588, n=370, P=588, N=370)
2025-03-04 18:59:10,961 - INFO - *****STOP GROWING RR RULE*****
2025-03-04 18:59:10,961 - INFO - ***RR NOT FOUND***
2025-03-04 18:59:10,962 - INFO - Iteracja 3: condition_best: middle-right-square = {x}, quality_best: 0.518, coverage_best: (p=22, n=0, P=626, N=332), precision: 1.0
2025-03-04 18:59:10,963 - INFO - Regula po iteracji 3: IF middle-middle-square = {x} AND top-left-square = {b} AND top-middle-square = {o} AND middle-right-square = {x} THEN class = positive, (p=22, n=0, P=626, N=332)
2025-03-04 18:59:10,963 - INFO - *******STOP GROWING CR RULE*******
2025-03-04 18:59:10,968 - INFO - *******GROWING CR RULE*******
2025-03-04 18:59:10,972 - INFO - Iteracja 0: condition_best: middle-middle-square = {x}, quality_best: 0.333, coverage_best: (p=366, n=92, P=626, N=332), precision: 0.799
2025-03-04 18:59:10,972 - INFO - Regula po iteracji 0: IF middle-middle-square = {x} THEN class = positive, (p=366, n=92, P=626, N=332)
2025-03-04 18:59:10,974 - INFO - Iteracja 1: condition_best: top-left-square = {b}, quality_best: 0.36, coverage_best: (p=94, n=14, P=626, N=332), precision: 0.87
2025-03-04 18:59:10,975 - INFO - Regula po iteracji 1: IF middle-middle-square = {x} AND top-left-square = {b} THEN class = positive, (p=94, n=14, P=626, N=332)
2025-03-04 18:59:10,975 - INFO - *****GROWING RR RULE*****
2025-03-04 18:59:10,983 - INFO - Iteracja 0: condition_best: None quality_best: -inf, coverage_best: (p=0, n=0, P=0, N=0), number_of_covered_negatives_best: 0, best_score: 0, precision: 0
2025-03-04 18:59:10,984 - INFO - Regula po iteracji 0: IF  THEN class = positive, (p=532, n=426, P=532, N=426)
2025-03-04 18:59:10,984 - INFO - *****STOP GROWING RR RULE*****
2025-03-04 18:59:10,984 - INFO - ***RR NOT FOUND***
2025-03-04 18:59:10,985 - INFO - Iteracja 2: condition_best: middle-left-square = {o}, quality_best: 0.491, coverage_best: (p=38, n=1, P=626, N=332), precision: 0.974
2025-03-04 18:59:10,985 - INFO - Regula po iteracji 2: IF middle-middle-square = {x} AND top-left-square = {b} AND middle-left-square = {o} THEN class = positive, (p=38, n=1, P=626, N=332)
2025-03-04 18:59:10,986 - INFO - *****GROWING RR RULE*****
2025-03-04 18:59:10,993 - INFO - Iteracja 0: condition_best: None quality_best: -inf, coverage_best: (p=0, n=0, P=0, N=0), number_of_covered_negatives_best: 0, best_score: 0, precision: 0
2025-03-04 18:59:10,993 - INFO - Regula po iteracji 0: IF  THEN class = positive, (p=588, n=370, P=588, N=370)
2025-03-04 18:59:10,993 - INFO - *****STOP GROWING RR RULE*****
2025-03-04 18:59:10,993 - INFO - ***RR NOT FOUND***
2025-03-04 18:59:10,994 - INFO - Iteracja 3: condition_best: bottom-left-square = {x}, quality_best: 0.518, coverage_best: (p=22, n=0, P=626, N=332), precision: 1.0
2025-03-04 18:59:10,995 - INFO - Regula po iteracji 3: IF middle-middle-square = {x} AND top-left-square = {b} AND middle-left-square = {o} AND bottom-left-square = {x} THEN class = positive, (p=22, n=0, P=626, N=332)
2025-03-04 18:59:10,995 - INFO - *******STOP GROWING CR RULE*******
2025-03-04 18:59:11,000 - INFO - *******GROWING CR RULE*******
2025-03-04 18:59:11,004 - INFO - Iteracja 0: condition_best: middle-middle-square = {x}, quality_best: 0.333, coverage_best: (p=366, n=92, P=626, N=332), precision: 0.799
2025-03-04 18:59:11,004 - INFO - Regula po iteracji 0: IF middle-middle-square = {x} THEN class = positive, (p=366, n=92, P=626, N=332)
2025-03-04 18:59:11,006 - INFO - Iteracja 1: condition_best: top-left-square = {b}, quality_best: 0.36, coverage_best: (p=94, n=14, P=626, N=332), precision: 0.87
2025-03-04 18:59:11,007 - INFO - Regula po iteracji 1: IF middle-middle-square = {x} AND top-left-square = {b} THEN class = positive, (p=94, n=14, P=626, N=332)
2025-03-04 18:59:11,007 - INFO - *****GROWING RR RULE*****
2025-03-04 18:59:11,015 - INFO - Iteracja 0: condition_best: None quality_best: -inf, coverage_best: (p=0, n=0, P=0, N=0), number_of_covered_negatives_best: 0, best_score: 0, precision: 0
2025-03-04 18:59:11,016 - INFO - Regula po iteracji 0: IF  THEN class = positive, (p=532, n=426, P=532, N=426)
2025-03-04 18:59:11,016 - INFO - *****STOP GROWING RR RULE*****
2025-03-04 18:59:11,016 - INFO - ***RR NOT FOUND***
2025-03-04 18:59:11,017 - INFO - Iteracja 2: condition_best: middle-left-square = {o}, quality_best: 0.491, coverage_best: (p=38, n=1, P=626, N=332), precision: 0.974
2025-03-04 18:59:11,017 - INFO - Regula po iteracji 2: IF middle-middle-square = {x} AND top-left-square = {b} AND middle-left-square = {o} THEN class = positive, (p=38, n=1, P=626, N=332)
2025-03-04 18:59:11,018 - INFO - *****GROWING RR RULE*****
2025-03-04 18:59:11,025 - INFO - Iteracja 0: condition_best: None quality_best: -inf, coverage_best: (p=0, n=0, P=0, N=0), number_of_covered_negatives_best: 0, best_score: 0, precision: 0
2025-03-04 18:59:11,025 - INFO - Regula po iteracji 0: IF  THEN class = positive, (p=588, n=370, P=588, N=370)
2025-03-04 18:59:11,025 - INFO - *****STOP GROWING RR RULE*****
2025-03-04 18:59:11,025 - INFO - ***RR NOT FOUND***
2025-03-04 18:59:11,026 - INFO - Iteracja 3: condition_best: bottom-middle-square = {x}, quality_best: 0.518, coverage_best: (p=22, n=0, P=626, N=332), precision: 1.0
2025-03-04 18:59:11,027 - INFO - Regula po iteracji 3: IF middle-middle-square = {x} AND top-left-square = {b} AND middle-left-square = {o} AND bottom-middle-square = {x} THEN class = positive, (p=22, n=0, P=626, N=332)
2025-03-04 18:59:11,027 - INFO - *******STOP GROWING CR RULE*******
2025-03-04 18:59:11,032 - INFO - *******GROWING CR RULE*******
2025-03-04 18:59:11,036 - INFO - Iteracja 0: condition_best: middle-middle-square = {x}, quality_best: 0.333, coverage_best: (p=366, n=92, P=626, N=332), precision: 0.799
2025-03-04 18:59:11,036 - INFO - Regula po iteracji 0: IF middle-middle-square = {x} THEN class = positive, (p=366, n=92, P=626, N=332)
2025-03-04 18:59:11,038 - INFO - Iteracja 1: condition_best: top-left-square = {b}, quality_best: 0.36, coverage_best: (p=94, n=14, P=626, N=332), precision: 0.87
2025-03-04 18:59:11,039 - INFO - Regula po iteracji 1: IF middle-middle-square = {x} AND top-left-square = {b} THEN class = positive, (p=94, n=14, P=626, N=332)
2025-03-04 18:59:11,039 - INFO - *****GROWING RR RULE*****
2025-03-04 18:59:11,047 - INFO - Iteracja 0: condition_best: None quality_best: -inf, coverage_best: (p=0, n=0, P=0, N=0), number_of_covered_negatives_best: 0, best_score: 0, precision: 0
2025-03-04 18:59:11,047 - INFO - Regula po iteracji 0: IF  THEN class = positive, (p=532, n=426, P=532, N=426)
2025-03-04 18:59:11,047 - INFO - *****STOP GROWING RR RULE*****
2025-03-04 18:59:11,048 - INFO - ***RR NOT FOUND***
2025-03-04 18:59:11,049 - INFO - Iteracja 2: condition_best: middle-right-square = {x}, quality_best: 0.425, coverage_best: (p=40, n=3, P=626, N=332), precision: 0.93
2025-03-04 18:59:11,049 - INFO - Regula po iteracji 2: IF middle-middle-square = {x} AND top-left-square = {b} AND middle-right-square = {x} THEN class = positive, (p=40, n=3, P=626, N=332)
2025-03-04 18:59:11,050 - INFO - *****GROWING RR RULE*****
2025-03-04 18:59:11,057 - INFO - Iteracja 0: condition_best: None quality_best: -inf, coverage_best: (p=0, n=0, P=0, N=0), number_of_covered_negatives_best: 0, best_score: 0, precision: 0
2025-03-04 18:59:11,057 - INFO - Regula po iteracji 0: IF  THEN class = positive, (p=586, n=372, P=586, N=372)
2025-03-04 18:59:11,057 - INFO - *****STOP GROWING RR RULE*****
2025-03-04 18:59:11,057 - INFO - ***RR NOT FOUND***
2025-03-04 18:59:11,058 - INFO - Iteracja 3: condition_best: middle-left-square = {x}, quality_best: 0.522, coverage_best: (p=28, n=0, P=626, N=332), precision: 1.0
2025-03-04 18:59:11,059 - INFO - Regula po iteracji 3: IF middle-middle-square = {x} AND top-left-square = {b} AND middle-right-square = {x} AND middle-left-square = {x} THEN class = positive, (p=28, n=0, P=626, N=332)
2025-03-04 18:59:11,059 - INFO - *******STOP GROWING CR RULE*******
2025-03-04 18:59:11,065 - INFO - *******GROWING CR RULE*******
2025-03-04 18:59:11,069 - INFO - Iteracja 0: condition_best: middle-middle-square = {x}, quality_best: 0.333, coverage_best: (p=366, n=92, P=626, N=332), precision: 0.799
2025-03-04 18:59:11,070 - INFO - Regula po iteracji 0: IF middle-middle-square = {x} THEN class = positive, (p=366, n=92, P=626, N=332)
2025-03-04 18:59:11,072 - INFO - Iteracja 1: condition_best: top-left-square = {b}, quality_best: 0.36, coverage_best: (p=94, n=14, P=626, N=332), precision: 0.87
2025-03-04 18:59:11,072 - INFO - Regula po iteracji 1: IF middle-middle-square = {x} AND top-left-square = {b} THEN class = positive, (p=94, n=14, P=626, N=332)
2025-03-04 18:59:11,073 - INFO - *****GROWING RR RULE*****
2025-03-04 18:59:11,081 - INFO - Iteracja 0: condition_best: None quality_best: -inf, coverage_best: (p=0, n=0, P=0, N=0), number_of_covered_negatives_best: 0, best_score: 0, precision: 0
2025-03-04 18:59:11,081 - INFO - Regula po iteracji 0: IF  THEN class = positive, (p=532, n=426, P=532, N=426)
2025-03-04 18:59:11,081 - INFO - *****STOP GROWING RR RULE*****
2025-03-04 18:59:11,081 - INFO - ***RR NOT FOUND***
2025-03-04 18:59:11,082 - INFO - Iteracja 2: condition_best: bottom-middle-square = {x}, quality_best: 0.425, coverage_best: (p=40, n=3, P=626, N=332), precision: 0.93
2025-03-04 18:59:11,083 - INFO - Regula po iteracji 2: IF middle-middle-square = {x} AND top-left-square = {b} AND bottom-middle-square = {x} THEN class = positive, (p=40, n=3, P=626, N=332)
2025-03-04 18:59:11,084 - INFO - *****GROWING RR RULE*****
2025-03-04 18:59:11,091 - INFO - Iteracja 0: condition_best: None quality_best: -inf, coverage_best: (p=0, n=0, P=0, N=0), number_of_covered_negatives_best: 0, best_score: 0, precision: 0
2025-03-04 18:59:11,091 - INFO - Regula po iteracji 0: IF  THEN class = positive, (p=586, n=372, P=586, N=372)
2025-03-04 18:59:11,091 - INFO - *****STOP GROWING RR RULE*****
2025-03-04 18:59:11,091 - INFO - ***RR NOT FOUND***
2025-03-04 18:59:11,092 - INFO - Iteracja 3: condition_best: top-middle-square = {x}, quality_best: 0.522, coverage_best: (p=28, n=0, P=626, N=332), precision: 1.0
2025-03-04 18:59:11,092 - INFO - Regula po iteracji 3: IF middle-middle-square = {x} AND top-left-square = {b} AND bottom-middle-square = {x} AND top-middle-square = {x} THEN class = positive, (p=28, n=0, P=626, N=332)
2025-03-04 18:59:11,092 - INFO - *******STOP GROWING CR RULE*******
2025-03-04 18:59:11,099 - INFO - *******GROWING CR RULE*******
2025-03-04 18:59:11,103 - INFO - Iteracja 0: condition_best: middle-middle-square = {x}, quality_best: 0.333, coverage_best: (p=366, n=92, P=626, N=332), precision: 0.799
2025-03-04 18:59:11,103 - INFO - Regula po iteracji 0: IF middle-middle-square = {x} THEN class = positive, (p=366, n=92, P=626, N=332)
2025-03-04 18:59:11,105 - INFO - Iteracja 1: condition_best: top-right-square = {b}, quality_best: 0.36, coverage_best: (p=94, n=14, P=626, N=332), precision: 0.87
2025-03-04 18:59:11,106 - INFO - Regula po iteracji 1: IF middle-middle-square = {x} AND top-right-square = {b} THEN class = positive, (p=94, n=14, P=626, N=332)
2025-03-04 18:59:11,106 - INFO - *****GROWING RR RULE*****
2025-03-04 18:59:11,114 - INFO - Iteracja 0: condition_best: None quality_best: -inf, coverage_best: (p=0, n=0, P=0, N=0), number_of_covered_negatives_best: 0, best_score: 0, precision: 0
2025-03-04 18:59:11,114 - INFO - Regula po iteracji 0: IF  THEN class = positive, (p=532, n=426, P=532, N=426)
2025-03-04 18:59:11,114 - INFO - *****STOP GROWING RR RULE*****
2025-03-04 18:59:11,114 - INFO - ***RR NOT FOUND***
2025-03-04 18:59:11,116 - INFO - Iteracja 2: condition_best: bottom-left-square = {b}, quality_best: 0.524, coverage_best: (p=30, n=0, P=626, N=332), precision: 1.0
2025-03-04 18:59:11,116 - INFO - Regula po iteracji 2: IF middle-middle-square = {x} AND top-right-square = {b} AND bottom-left-square = {b} THEN class = positive, (p=30, n=0, P=626, N=332)
2025-03-04 18:59:11,116 - INFO - *******STOP GROWING CR RULE*******
2025-03-04 18:59:11,120 - INFO - *******GROWING CR RULE*******
2025-03-04 18:59:11,124 - INFO - Iteracja 0: condition_best: middle-middle-square = {x}, quality_best: 0.333, coverage_best: (p=366, n=92, P=626, N=332), precision: 0.799
2025-03-04 18:59:11,124 - INFO - Regula po iteracji 0: IF middle-middle-square = {x} THEN class = positive, (p=366, n=92, P=626, N=332)
2025-03-04 18:59:11,126 - INFO - Iteracja 1: condition_best: top-right-square = {b}, quality_best: 0.36, coverage_best: (p=94, n=14, P=626, N=332), precision: 0.87
2025-03-04 18:59:11,126 - INFO - Regula po iteracji 1: IF middle-middle-square = {x} AND top-right-square = {b} THEN class = positive, (p=94, n=14, P=626, N=332)
2025-03-04 18:59:11,127 - INFO - *****GROWING RR RULE*****
2025-03-04 18:59:11,135 - INFO - Iteracja 0: condition_best: None quality_best: -inf, coverage_best: (p=0, n=0, P=0, N=0), number_of_covered_negatives_best: 0, best_score: 0, precision: 0
2025-03-04 18:59:11,135 - INFO - Regula po iteracji 0: IF  THEN class = positive, (p=532, n=426, P=532, N=426)
2025-03-04 18:59:11,135 - INFO - *****STOP GROWING RR RULE*****
2025-03-04 18:59:11,135 - INFO - ***RR NOT FOUND***
2025-03-04 18:59:11,136 - INFO - Iteracja 2: condition_best: bottom-left-square = {x}, quality_best: 0.516, coverage_best: (p=20, n=0, P=626, N=332), precision: 1.0
2025-03-04 18:59:11,137 - INFO - Regula po iteracji 2: IF middle-middle-square = {x} AND top-right-square = {b} AND bottom-left-square = {x} THEN class = positive, (p=20, n=0, P=626, N=332)
2025-03-04 18:59:11,137 - INFO - *******STOP GROWING CR RULE*******
2025-03-04 18:59:11,140 - INFO - *******GROWING CR RULE*******
2025-03-04 18:59:11,144 - INFO - Iteracja 0: condition_best: middle-middle-square = {x}, quality_best: 0.333, coverage_best: (p=366, n=92, P=626, N=332), precision: 0.799
2025-03-04 18:59:11,145 - INFO - Regula po iteracji 0: IF middle-middle-square = {x} THEN class = positive, (p=366, n=92, P=626, N=332)
2025-03-04 18:59:11,147 - INFO - Iteracja 1: condition_best: top-right-square = {b}, quality_best: 0.36, coverage_best: (p=94, n=14, P=626, N=332), precision: 0.87
2025-03-04 18:59:11,147 - INFO - Regula po iteracji 1: IF middle-middle-square = {x} AND top-right-square = {b} THEN class = positive, (p=94, n=14, P=626, N=332)
2025-03-04 18:59:11,148 - INFO - *****GROWING RR RULE*****
2025-03-04 18:59:11,156 - INFO - Iteracja 0: condition_best: None quality_best: -inf, coverage_best: (p=0, n=0, P=0, N=0), number_of_covered_negatives_best: 0, best_score: 0, precision: 0
2025-03-04 18:59:11,156 - INFO - Regula po iteracji 0: IF  THEN class = positive, (p=532, n=426, P=532, N=426)
2025-03-04 18:59:11,156 - INFO - *****STOP GROWING RR RULE*****
2025-03-04 18:59:11,156 - INFO - ***RR NOT FOUND***
2025-03-04 18:59:11,157 - INFO - Iteracja 2: condition_best: top-middle-square = {o}, quality_best: 0.491, coverage_best: (p=38, n=1, P=626, N=332), precision: 0.974
2025-03-04 18:59:11,158 - INFO - Regula po iteracji 2: IF middle-middle-square = {x} AND top-right-square = {b} AND top-middle-square = {o} THEN class = positive, (p=38, n=1, P=626, N=332)
2025-03-04 18:59:11,158 - INFO - *****GROWING RR RULE*****
2025-03-04 18:59:11,165 - INFO - Iteracja 0: condition_best: None quality_best: -inf, coverage_best: (p=0, n=0, P=0, N=0), number_of_covered_negatives_best: 0, best_score: 0, precision: 0
2025-03-04 18:59:11,165 - INFO - Regula po iteracji 0: IF  THEN class = positive, (p=588, n=370, P=588, N=370)
2025-03-04 18:59:11,165 - INFO - *****STOP GROWING RR RULE*****
2025-03-04 18:59:11,165 - INFO - ***RR NOT FOUND***
2025-03-04 18:59:11,166 - INFO - Iteracja 3: condition_best: top-left-square = {x}, quality_best: 0.518, coverage_best: (p=22, n=0, P=626, N=332), precision: 1.0
2025-03-04 18:59:11,167 - INFO - Regula po iteracji 3: IF middle-middle-square = {x} AND top-right-square = {b} AND top-middle-square = {o} AND top-left-square = {x} THEN class = positive, (p=22, n=0, P=626, N=332)
2025-03-04 18:59:11,167 - INFO - *******STOP GROWING CR RULE*******
2025-03-04 18:59:11,172 - INFO - *******GROWING CR RULE*******
2025-03-04 18:59:11,176 - INFO - Iteracja 0: condition_best: middle-middle-square = {x}, quality_best: 0.333, coverage_best: (p=366, n=92, P=626, N=332), precision: 0.799
2025-03-04 18:59:11,176 - INFO - Regula po iteracji 0: IF middle-middle-square = {x} THEN class = positive, (p=366, n=92, P=626, N=332)
2025-03-04 18:59:11,178 - INFO - Iteracja 1: condition_best: top-right-square = {b}, quality_best: 0.36, coverage_best: (p=94, n=14, P=626, N=332), precision: 0.87
2025-03-04 18:59:11,178 - INFO - Regula po iteracji 1: IF middle-middle-square = {x} AND top-right-square = {b} THEN class = positive, (p=94, n=14, P=626, N=332)
2025-03-04 18:59:11,179 - INFO - *****GROWING RR RULE*****
2025-03-04 18:59:11,187 - INFO - Iteracja 0: condition_best: None quality_best: -inf, coverage_best: (p=0, n=0, P=0, N=0), number_of_covered_negatives_best: 0, best_score: 0, precision: 0
2025-03-04 18:59:11,187 - INFO - Regula po iteracji 0: IF  THEN class = positive, (p=532, n=426, P=532, N=426)
2025-03-04 18:59:11,187 - INFO - *****STOP GROWING RR RULE*****
2025-03-04 18:59:11,187 - INFO - ***RR NOT FOUND***
2025-03-04 18:59:11,188 - INFO - Iteracja 2: condition_best: middle-right-square = {o}, quality_best: 0.491, coverage_best: (p=38, n=1, P=626, N=332), precision: 0.974
2025-03-04 18:59:11,189 - INFO - Regula po iteracji 2: IF middle-middle-square = {x} AND top-right-square = {b} AND middle-right-square = {o} THEN class = positive, (p=38, n=1, P=626, N=332)
2025-03-04 18:59:11,190 - INFO - *****GROWING RR RULE*****
2025-03-04 18:59:11,196 - INFO - Iteracja 0: condition_best: None quality_best: -inf, coverage_best: (p=0, n=0, P=0, N=0), number_of_covered_negatives_best: 0, best_score: 0, precision: 0
2025-03-04 18:59:11,196 - INFO - Regula po iteracji 0: IF  THEN class = positive, (p=588, n=370, P=588, N=370)
2025-03-04 18:59:11,196 - INFO - *****STOP GROWING RR RULE*****
2025-03-04 18:59:11,196 - INFO - ***RR NOT FOUND***
2025-03-04 18:59:11,197 - INFO - Iteracja 3: condition_best: bottom-right-square = {x}, quality_best: 0.518, coverage_best: (p=22, n=0, P=626, N=332), precision: 1.0
2025-03-04 18:59:11,198 - INFO - Regula po iteracji 3: IF middle-middle-square = {x} AND top-right-square = {b} AND middle-right-square = {o} AND bottom-right-square = {x} THEN class = positive, (p=22, n=0, P=626, N=332)
2025-03-04 18:59:11,198 - INFO - *******STOP GROWING CR RULE*******
2025-03-04 18:59:11,203 - INFO - *******GROWING CR RULE*******
2025-03-04 18:59:11,207 - INFO - Iteracja 0: condition_best: middle-middle-square = {x}, quality_best: 0.333, coverage_best: (p=366, n=92, P=626, N=332), precision: 0.799
2025-03-04 18:59:11,207 - INFO - Regula po iteracji 0: IF middle-middle-square = {x} THEN class = positive, (p=366, n=92, P=626, N=332)
2025-03-04 18:59:11,209 - INFO - Iteracja 1: condition_best: bottom-left-square = {b}, quality_best: 0.36, coverage_best: (p=94, n=14, P=626, N=332), precision: 0.87
2025-03-04 18:59:11,209 - INFO - Regula po iteracji 1: IF middle-middle-square = {x} AND bottom-left-square = {b} THEN class = positive, (p=94, n=14, P=626, N=332)
2025-03-04 18:59:11,210 - INFO - *****GROWING RR RULE*****
2025-03-04 18:59:11,218 - INFO - Iteracja 0: condition_best: None quality_best: -inf, coverage_best: (p=0, n=0, P=0, N=0), number_of_covered_negatives_best: 0, best_score: 0, precision: 0
2025-03-04 18:59:11,218 - INFO - Regula po iteracji 0: IF  THEN class = positive, (p=532, n=426, P=532, N=426)
2025-03-04 18:59:11,218 - INFO - *****STOP GROWING RR RULE*****
2025-03-04 18:59:11,218 - INFO - ***RR NOT FOUND***
2025-03-04 18:59:11,220 - INFO - Iteracja 2: condition_best: top-right-square = {x}, quality_best: 0.516, coverage_best: (p=20, n=0, P=626, N=332), precision: 1.0
2025-03-04 18:59:11,220 - INFO - Regula po iteracji 2: IF middle-middle-square = {x} AND bottom-left-square = {b} AND top-right-square = {x} THEN class = positive, (p=20, n=0, P=626, N=332)
2025-03-04 18:59:11,220 - INFO - *******STOP GROWING CR RULE*******
2025-03-04 18:59:11,223 - INFO - *******GROWING CR RULE*******
2025-03-04 18:59:11,227 - INFO - Iteracja 0: condition_best: middle-middle-square = {x}, quality_best: 0.333, coverage_best: (p=366, n=92, P=626, N=332), precision: 0.799
2025-03-04 18:59:11,228 - INFO - Regula po iteracji 0: IF middle-middle-square = {x} THEN class = positive, (p=366, n=92, P=626, N=332)
2025-03-04 18:59:11,230 - INFO - Iteracja 1: condition_best: bottom-left-square = {b}, quality_best: 0.36, coverage_best: (p=94, n=14, P=626, N=332), precision: 0.87
2025-03-04 18:59:11,230 - INFO - Regula po iteracji 1: IF middle-middle-square = {x} AND bottom-left-square = {b} THEN class = positive, (p=94, n=14, P=626, N=332)
2025-03-04 18:59:11,231 - INFO - *****GROWING RR RULE*****
2025-03-04 18:59:11,239 - INFO - Iteracja 0: condition_best: None quality_best: -inf, coverage_best: (p=0, n=0, P=0, N=0), number_of_covered_negatives_best: 0, best_score: 0, precision: 0
2025-03-04 18:59:11,239 - INFO - Regula po iteracji 0: IF  THEN class = positive, (p=532, n=426, P=532, N=426)
2025-03-04 18:59:11,239 - INFO - *****STOP GROWING RR RULE*****
2025-03-04 18:59:11,239 - INFO - ***RR NOT FOUND***
2025-03-04 18:59:11,240 - INFO - Iteracja 2: condition_best: middle-left-square = {o}, quality_best: 0.491, coverage_best: (p=38, n=1, P=626, N=332), precision: 0.974
2025-03-04 18:59:11,241 - INFO - Regula po iteracji 2: IF middle-middle-square = {x} AND bottom-left-square = {b} AND middle-left-square = {o} THEN class = positive, (p=38, n=1, P=626, N=332)
2025-03-04 18:59:11,242 - INFO - *****GROWING RR RULE*****
2025-03-04 18:59:11,248 - INFO - Iteracja 0: condition_best: None quality_best: -inf, coverage_best: (p=0, n=0, P=0, N=0), number_of_covered_negatives_best: 0, best_score: 0, precision: 0
2025-03-04 18:59:11,248 - INFO - Regula po iteracji 0: IF  THEN class = positive, (p=588, n=370, P=588, N=370)
2025-03-04 18:59:11,248 - INFO - *****STOP GROWING RR RULE*****
2025-03-04 18:59:11,248 - INFO - ***RR NOT FOUND***
2025-03-04 18:59:11,250 - INFO - Iteracja 3: condition_best: top-left-square = {x}, quality_best: 0.518, coverage_best: (p=22, n=0, P=626, N=332), precision: 1.0
2025-03-04 18:59:11,250 - INFO - Regula po iteracji 3: IF middle-middle-square = {x} AND bottom-left-square = {b} AND middle-left-square = {o} AND top-left-square = {x} THEN class = positive, (p=22, n=0, P=626, N=332)
2025-03-04 18:59:11,250 - INFO - *******STOP GROWING CR RULE*******
2025-03-04 18:59:11,255 - INFO - *******GROWING CR RULE*******
2025-03-04 18:59:11,259 - INFO - Iteracja 0: condition_best: middle-middle-square = {x}, quality_best: 0.333, coverage_best: (p=366, n=92, P=626, N=332), precision: 0.799
2025-03-04 18:59:11,259 - INFO - Regula po iteracji 0: IF middle-middle-square = {x} THEN class = positive, (p=366, n=92, P=626, N=332)
2025-03-04 18:59:11,261 - INFO - Iteracja 1: condition_best: bottom-left-square = {b}, quality_best: 0.36, coverage_best: (p=94, n=14, P=626, N=332), precision: 0.87
2025-03-04 18:59:11,261 - INFO - Regula po iteracji 1: IF middle-middle-square = {x} AND bottom-left-square = {b} THEN class = positive, (p=94, n=14, P=626, N=332)
2025-03-04 18:59:11,262 - INFO - *****GROWING RR RULE*****
2025-03-04 18:59:11,270 - INFO - Iteracja 0: condition_best: None quality_best: -inf, coverage_best: (p=0, n=0, P=0, N=0), number_of_covered_negatives_best: 0, best_score: 0, precision: 0
2025-03-04 18:59:11,270 - INFO - Regula po iteracji 0: IF  THEN class = positive, (p=532, n=426, P=532, N=426)
2025-03-04 18:59:11,270 - INFO - *****STOP GROWING RR RULE*****
2025-03-04 18:59:11,270 - INFO - ***RR NOT FOUND***
2025-03-04 18:59:11,271 - INFO - Iteracja 2: condition_best: bottom-middle-square = {o}, quality_best: 0.491, coverage_best: (p=38, n=1, P=626, N=332), precision: 0.974
2025-03-04 18:59:11,272 - INFO - Regula po iteracji 2: IF middle-middle-square = {x} AND bottom-left-square = {b} AND bottom-middle-square = {o} THEN class = positive, (p=38, n=1, P=626, N=332)
2025-03-04 18:59:11,273 - INFO - *****GROWING RR RULE*****
2025-03-04 18:59:11,279 - INFO - Iteracja 0: condition_best: None quality_best: -inf, coverage_best: (p=0, n=0, P=0, N=0), number_of_covered_negatives_best: 0, best_score: 0, precision: 0
2025-03-04 18:59:11,280 - INFO - Regula po iteracji 0: IF  THEN class = positive, (p=588, n=370, P=588, N=370)
2025-03-04 18:59:11,280 - INFO - *****STOP GROWING RR RULE*****
2025-03-04 18:59:11,280 - INFO - ***RR NOT FOUND***
2025-03-04 18:59:11,281 - INFO - Iteracja 3: condition_best: bottom-right-square = {x}, quality_best: 0.518, coverage_best: (p=22, n=0, P=626, N=332), precision: 1.0
2025-03-04 18:59:11,281 - INFO - Regula po iteracji 3: IF middle-middle-square = {x} AND bottom-left-square = {b} AND bottom-middle-square = {o} AND bottom-right-square = {x} THEN class = positive, (p=22, n=0, P=626, N=332)
2025-03-04 18:59:11,281 - INFO - *******STOP GROWING CR RULE*******
2025-03-04 18:59:11,286 - INFO - *******GROWING CR RULE*******
2025-03-04 18:59:11,290 - INFO - Iteracja 0: condition_best: middle-middle-square = {x}, quality_best: 0.333, coverage_best: (p=366, n=92, P=626, N=332), precision: 0.799
2025-03-04 18:59:11,290 - INFO - Regula po iteracji 0: IF middle-middle-square = {x} THEN class = positive, (p=366, n=92, P=626, N=332)
2025-03-04 18:59:11,292 - INFO - Iteracja 1: condition_best: bottom-right-square = {b}, quality_best: 0.36, coverage_best: (p=94, n=14, P=626, N=332), precision: 0.87
2025-03-04 18:59:11,293 - INFO - Regula po iteracji 1: IF middle-middle-square = {x} AND bottom-right-square = {b} THEN class = positive, (p=94, n=14, P=626, N=332)
2025-03-04 18:59:11,293 - INFO - *****GROWING RR RULE*****
2025-03-04 18:59:11,301 - INFO - Iteracja 0: condition_best: None quality_best: -inf, coverage_best: (p=0, n=0, P=0, N=0), number_of_covered_negatives_best: 0, best_score: 0, precision: 0
2025-03-04 18:59:11,301 - INFO - Regula po iteracji 0: IF  THEN class = positive, (p=532, n=426, P=532, N=426)
2025-03-04 18:59:11,302 - INFO - *****STOP GROWING RR RULE*****
2025-03-04 18:59:11,302 - INFO - ***RR NOT FOUND***
2025-03-04 18:59:11,303 - INFO - Iteracja 2: condition_best: top-left-square = {x}, quality_best: 0.516, coverage_best: (p=20, n=0, P=626, N=332), precision: 1.0
2025-03-04 18:59:11,303 - INFO - Regula po iteracji 2: IF middle-middle-square = {x} AND bottom-right-square = {b} AND top-left-square = {x} THEN class = positive, (p=20, n=0, P=626, N=332)
2025-03-04 18:59:11,303 - INFO - *******STOP GROWING CR RULE*******
2025-03-04 18:59:11,307 - INFO - *******GROWING CR RULE*******
2025-03-04 18:59:11,310 - INFO - Iteracja 0: condition_best: middle-middle-square = {x}, quality_best: 0.333, coverage_best: (p=366, n=92, P=626, N=332), precision: 0.799
2025-03-04 18:59:11,311 - INFO - Regula po iteracji 0: IF middle-middle-square = {x} THEN class = positive, (p=366, n=92, P=626, N=332)
2025-03-04 18:59:11,313 - INFO - Iteracja 1: condition_best: bottom-right-square = {b}, quality_best: 0.36, coverage_best: (p=94, n=14, P=626, N=332), precision: 0.87
2025-03-04 18:59:11,313 - INFO - Regula po iteracji 1: IF middle-middle-square = {x} AND bottom-right-square = {b} THEN class = positive, (p=94, n=14, P=626, N=332)
2025-03-04 18:59:11,314 - INFO - *****GROWING RR RULE*****
2025-03-04 18:59:11,322 - INFO - Iteracja 0: condition_best: None quality_best: -inf, coverage_best: (p=0, n=0, P=0, N=0), number_of_covered_negatives_best: 0, best_score: 0, precision: 0
2025-03-04 18:59:11,322 - INFO - Regula po iteracji 0: IF  THEN class = positive, (p=532, n=426, P=532, N=426)
2025-03-04 18:59:11,322 - INFO - *****STOP GROWING RR RULE*****
2025-03-04 18:59:11,322 - INFO - ***RR NOT FOUND***
2025-03-04 18:59:11,323 - INFO - Iteracja 2: condition_best: middle-right-square = {o}, quality_best: 0.491, coverage_best: (p=38, n=1, P=626, N=332), precision: 0.974
2025-03-04 18:59:11,324 - INFO - Regula po iteracji 2: IF middle-middle-square = {x} AND bottom-right-square = {b} AND middle-right-square = {o} THEN class = positive, (p=38, n=1, P=626, N=332)
2025-03-04 18:59:11,325 - INFO - *****GROWING RR RULE*****
2025-03-04 18:59:11,331 - INFO - Iteracja 0: condition_best: None quality_best: -inf, coverage_best: (p=0, n=0, P=0, N=0), number_of_covered_negatives_best: 0, best_score: 0, precision: 0
2025-03-04 18:59:11,332 - INFO - Regula po iteracji 0: IF  THEN class = positive, (p=588, n=370, P=588, N=370)
2025-03-04 18:59:11,332 - INFO - *****STOP GROWING RR RULE*****
2025-03-04 18:59:11,332 - INFO - ***RR NOT FOUND***
2025-03-04 18:59:11,333 - INFO - Iteracja 3: condition_best: top-right-square = {x}, quality_best: 0.518, coverage_best: (p=22, n=0, P=626, N=332), precision: 1.0
2025-03-04 18:59:11,333 - INFO - Regula po iteracji 3: IF middle-middle-square = {x} AND bottom-right-square = {b} AND middle-right-square = {o} AND top-right-square = {x} THEN class = positive, (p=22, n=0, P=626, N=332)
2025-03-04 18:59:11,333 - INFO - *******STOP GROWING CR RULE*******
2025-03-04 18:59:11,338 - INFO - *******GROWING CR RULE*******
2025-03-04 18:59:11,342 - INFO - Iteracja 0: condition_best: middle-middle-square = {x}, quality_best: 0.333, coverage_best: (p=366, n=92, P=626, N=332), precision: 0.799
2025-03-04 18:59:11,342 - INFO - Regula po iteracji 0: IF middle-middle-square = {x} THEN class = positive, (p=366, n=92, P=626, N=332)
2025-03-04 18:59:11,344 - INFO - Iteracja 1: condition_best: bottom-right-square = {b}, quality_best: 0.36, coverage_best: (p=94, n=14, P=626, N=332), precision: 0.87
2025-03-04 18:59:11,345 - INFO - Regula po iteracji 1: IF middle-middle-square = {x} AND bottom-right-square = {b} THEN class = positive, (p=94, n=14, P=626, N=332)
2025-03-04 18:59:11,345 - INFO - *****GROWING RR RULE*****
2025-03-04 18:59:11,353 - INFO - Iteracja 0: condition_best: None quality_best: -inf, coverage_best: (p=0, n=0, P=0, N=0), number_of_covered_negatives_best: 0, best_score: 0, precision: 0
2025-03-04 18:59:11,353 - INFO - Regula po iteracji 0: IF  THEN class = positive, (p=532, n=426, P=532, N=426)
2025-03-04 18:59:11,353 - INFO - *****STOP GROWING RR RULE*****
2025-03-04 18:59:11,353 - INFO - ***RR NOT FOUND***
2025-03-04 18:59:11,355 - INFO - Iteracja 2: condition_best: bottom-middle-square = {o}, quality_best: 0.491, coverage_best: (p=38, n=1, P=626, N=332), precision: 0.974
2025-03-04 18:59:11,355 - INFO - Regula po iteracji 2: IF middle-middle-square = {x} AND bottom-right-square = {b} AND bottom-middle-square = {o} THEN class = positive, (p=38, n=1, P=626, N=332)
2025-03-04 18:59:11,356 - INFO - *****GROWING RR RULE*****
2025-03-04 18:59:11,363 - INFO - Iteracja 0: condition_best: None quality_best: -inf, coverage_best: (p=0, n=0, P=0, N=0), number_of_covered_negatives_best: 0, best_score: 0, precision: 0
2025-03-04 18:59:11,363 - INFO - Regula po iteracji 0: IF  THEN class = positive, (p=588, n=370, P=588, N=370)
2025-03-04 18:59:11,363 - INFO - *****STOP GROWING RR RULE*****
2025-03-04 18:59:11,363 - INFO - ***RR NOT FOUND***
2025-03-04 18:59:11,364 - INFO - Iteracja 3: condition_best: bottom-left-square = {x}, quality_best: 0.518, coverage_best: (p=22, n=0, P=626, N=332), precision: 1.0
2025-03-04 18:59:11,365 - INFO - Regula po iteracji 3: IF middle-middle-square = {x} AND bottom-right-square = {b} AND bottom-middle-square = {o} AND bottom-left-square = {x} THEN class = positive, (p=22, n=0, P=626, N=332)
2025-03-04 18:59:11,365 - INFO - *******STOP GROWING CR RULE*******
2025-03-04 18:59:11,369 - INFO - *******GROWING CR RULE*******
2025-03-04 18:59:11,373 - INFO - Iteracja 0: condition_best: middle-middle-square = {x}, quality_best: 0.333, coverage_best: (p=366, n=92, P=626, N=332), precision: 0.799
2025-03-04 18:59:11,373 - INFO - Regula po iteracji 0: IF middle-middle-square = {x} THEN class = positive, (p=366, n=92, P=626, N=332)
2025-03-04 18:59:11,375 - INFO - Iteracja 1: condition_best: top-left-square = {x}, quality_best: 0.326, coverage_best: (p=144, n=28, P=626, N=332), precision: 0.837
2025-03-04 18:59:11,376 - INFO - Regula po iteracji 1: IF middle-middle-square = {x} AND top-left-square = {x} THEN class = positive, (p=144, n=28, P=626, N=332)
2025-03-04 18:59:11,376 - INFO - *****GROWING RR RULE*****
2025-03-04 18:59:11,386 - INFO - Iteracja 0: condition_best: None quality_best: -inf, coverage_best: (p=0, n=0, P=0, N=0), number_of_covered_negatives_best: 0, best_score: 0, precision: 0
2025-03-04 18:59:11,386 - INFO - Regula po iteracji 0: IF  THEN class = positive, (p=482, n=476, P=482, N=476)
2025-03-04 18:59:11,386 - INFO - *****STOP GROWING RR RULE*****
2025-03-04 18:59:11,386 - INFO - ***RR NOT FOUND***
2025-03-04 18:59:11,387 - INFO - Iteracja 2: condition_best: bottom-right-square = {x}, quality_best: 0.572, coverage_best: (p=90, n=0, P=626, N=332), precision: 1.0
2025-03-04 18:59:11,388 - INFO - Regula po iteracji 2: IF middle-middle-square = {x} AND top-left-square = {x} AND bottom-right-square = {x} THEN class = positive, (p=90, n=0, P=626, N=332)
2025-03-04 18:59:11,388 - INFO - *******STOP GROWING CR RULE*******
2025-03-04 18:59:11,391 - INFO - *******GROWING CR RULE*******
2025-03-04 18:59:11,395 - INFO - Iteracja 0: condition_best: middle-middle-square = {x}, quality_best: 0.333, coverage_best: (p=366, n=92, P=626, N=332), precision: 0.799
2025-03-04 18:59:11,395 - INFO - Regula po iteracji 0: IF middle-middle-square = {x} THEN class = positive, (p=366, n=92, P=626, N=332)
2025-03-04 18:59:11,398 - INFO - Iteracja 1: condition_best: top-left-square = {x}, quality_best: 0.326, coverage_best: (p=144, n=28, P=626, N=332), precision: 0.837
2025-03-04 18:59:11,398 - INFO - Regula po iteracji 1: IF middle-middle-square = {x} AND top-left-square = {x} THEN class = positive, (p=144, n=28, P=626, N=332)
2025-03-04 18:59:11,399 - INFO - *****GROWING RR RULE*****
2025-03-04 18:59:11,408 - INFO - Iteracja 0: condition_best: None quality_best: -inf, coverage_best: (p=0, n=0, P=0, N=0), number_of_covered_negatives_best: 0, best_score: 0, precision: 0
2025-03-04 18:59:11,408 - INFO - Regula po iteracji 0: IF  THEN class = positive, (p=482, n=476, P=482, N=476)
2025-03-04 18:59:11,408 - INFO - *****STOP GROWING RR RULE*****
2025-03-04 18:59:11,408 - INFO - ***RR NOT FOUND***
2025-03-04 18:59:11,409 - INFO - Iteracja 2: condition_best: top-middle-square = {o}, quality_best: 0.405, coverage_best: (p=68, n=7, P=626, N=332), precision: 0.907
2025-03-04 18:59:11,410 - INFO - Regula po iteracji 2: IF middle-middle-square = {x} AND top-left-square = {x} AND top-middle-square = {o} THEN class = positive, (p=68, n=7, P=626, N=332)
2025-03-04 18:59:11,411 - INFO - *****GROWING RR RULE*****
2025-03-04 18:59:11,418 - INFO - Iteracja 0: condition_best: None quality_best: -inf, coverage_best: (p=0, n=0, P=0, N=0), number_of_covered_negatives_best: 0, best_score: 0, precision: 0
2025-03-04 18:59:11,418 - INFO - Regula po iteracji 0: IF  THEN class = positive, (p=558, n=400, P=558, N=400)
2025-03-04 18:59:11,418 - INFO - *****STOP GROWING RR RULE*****
2025-03-04 18:59:11,418 - INFO - ***RR NOT FOUND***
2025-03-04 18:59:11,419 - INFO - Iteracja 3: condition_best: bottom-left-square = {x}, quality_best: 0.413, coverage_best: (p=26, n=2, P=626, N=332), precision: 0.929
2025-03-04 18:59:11,420 - INFO - Regula po iteracji 3: IF middle-middle-square = {x} AND top-left-square = {x} AND top-middle-square = {o} AND bottom-left-square = {x} THEN class = positive, (p=26, n=2, P=626, N=332)
2025-03-04 18:59:11,421 - INFO - *****GROWING RR RULE*****
2025-03-04 18:59:11,428 - INFO - Iteracja 0: condition_best: None quality_best: -inf, coverage_best: (p=0, n=0, P=0, N=0), number_of_covered_negatives_best: 0, best_score: 0, precision: 0
2025-03-04 18:59:11,428 - INFO - Regula po iteracji 0: IF  THEN class = positive, (p=600, n=358, P=600, N=358)
2025-03-04 18:59:11,428 - INFO - *****STOP GROWING RR RULE*****
2025-03-04 18:59:11,428 - INFO - ***RR NOT FOUND***
2025-03-04 18:59:11,429 - INFO - Iteracja 4: condition_best: top-right-square = {x}, quality_best: 0.508, coverage_best: (p=10, n=0, P=626, N=332), precision: 1.0
2025-03-04 18:59:11,430 - INFO - Regula po iteracji 4: IF middle-middle-square = {x} AND top-left-square = {x} AND top-middle-square = {o} AND bottom-left-square = {x} AND top-right-square = {x} THEN class = positive, (p=10, n=0, P=626, N=332)
2025-03-04 18:59:11,430 - INFO - *******STOP GROWING CR RULE*******
2025-03-04 18:59:11,440 - INFO - *******GROWING CR RULE*******
2025-03-04 18:59:11,444 - INFO - Iteracja 0: condition_best: middle-middle-square = {x}, quality_best: 0.333, coverage_best: (p=366, n=92, P=626, N=332), precision: 0.799
2025-03-04 18:59:11,444 - INFO - Regula po iteracji 0: IF middle-middle-square = {x} THEN class = positive, (p=366, n=92, P=626, N=332)
2025-03-04 18:59:11,446 - INFO - Iteracja 1: condition_best: None, quality_best: -inf, coverage_best: (p=0, n=0, P=0, N=0), precision: 0
2025-03-04 18:59:11,447 - INFO - Regula po iteracji 1: IF middle-middle-square = {x} THEN class = positive, (p=366, n=92, P=626, N=332)
2025-03-04 18:59:11,447 - INFO - *******STOP GROWING CR RULE*******
2025-03-04 18:59:11,448 - INFO - *******GROWING CR RULE*******
2025-03-04 18:59:11,452 - INFO - Iteracja 0: condition_best: top-left-square = {x}, quality_best: 0.111, coverage_best: (p=295, n=123, P=626, N=332), precision: 0.706
2025-03-04 18:59:11,452 - INFO - Regula po iteracji 0: IF top-left-square = {x} THEN class = positive, (p=295, n=123, P=626, N=332)
2025-03-04 18:59:11,454 - INFO - Iteracja 1: condition_best: middle-middle-square = {b}, quality_best: 0.266, coverage_best: (p=64, n=14, P=626, N=332), precision: 0.821
2025-03-04 18:59:11,454 - INFO - Regula po iteracji 1: IF top-left-square = {x} AND middle-middle-square = {b} THEN class = positive, (p=64, n=14, P=626, N=332)
2025-03-04 18:59:11,455 - INFO - *****GROWING RR RULE*****
2025-03-04 18:59:11,463 - INFO - Iteracja 0: condition_best: None quality_best: -inf, coverage_best: (p=0, n=0, P=0, N=0), number_of_covered_negatives_best: 0, best_score: 0, precision: 0
2025-03-04 18:59:11,463 - INFO - Regula po iteracji 0: IF  THEN class = positive, (p=562, n=396, P=562, N=396)
2025-03-04 18:59:11,463 - INFO - *****STOP GROWING RR RULE*****
2025-03-04 18:59:11,463 - INFO - ***RR NOT FOUND***
2025-03-04 18:59:11,464 - INFO - Iteracja 2: condition_best: bottom-right-square = {b}, quality_best: 0.516, coverage_best: (p=20, n=0, P=626, N=332), precision: 1.0
2025-03-04 18:59:11,465 - INFO - Regula po iteracji 2: IF top-left-square = {x} AND middle-middle-square = {b} AND bottom-right-square = {b} THEN class = positive, (p=20, n=0, P=626, N=332)
2025-03-04 18:59:11,465 - INFO - *******STOP GROWING CR RULE*******
2025-03-04 18:59:11,468 - INFO - *******GROWING CR RULE*******
2025-03-04 18:59:11,472 - INFO - Iteracja 0: condition_best: top-left-square = {x}, quality_best: 0.111, coverage_best: (p=295, n=123, P=626, N=332), precision: 0.706
2025-03-04 18:59:11,472 - INFO - Regula po iteracji 0: IF top-left-square = {x} THEN class = positive, (p=295, n=123, P=626, N=332)
2025-03-04 18:59:11,474 - INFO - Iteracja 1: condition_best: middle-middle-square = {b}, quality_best: 0.266, coverage_best: (p=64, n=14, P=626, N=332), precision: 0.821
2025-03-04 18:59:11,474 - INFO - Regula po iteracji 1: IF top-left-square = {x} AND middle-middle-square = {b} THEN class = positive, (p=64, n=14, P=626, N=332)
2025-03-04 18:59:11,475 - INFO - *****GROWING RR RULE*****
2025-03-04 18:59:11,483 - INFO - Iteracja 0: condition_best: None quality_best: -inf, coverage_best: (p=0, n=0, P=0, N=0), number_of_covered_negatives_best: 0, best_score: 0, precision: 0
2025-03-04 18:59:11,483 - INFO - Regula po iteracji 0: IF  THEN class = positive, (p=562, n=396, P=562, N=396)
2025-03-04 18:59:11,483 - INFO - *****STOP GROWING RR RULE*****
2025-03-04 18:59:11,483 - INFO - ***RR NOT FOUND***
2025-03-04 18:59:11,484 - INFO - Iteracja 2: condition_best: bottom-right-square = {x}, quality_best: 0.513, coverage_best: (p=16, n=0, P=626, N=332), precision: 1.0
2025-03-04 18:59:11,485 - INFO - Regula po iteracji 2: IF top-left-square = {x} AND middle-middle-square = {b} AND bottom-right-square = {x} THEN class = positive, (p=16, n=0, P=626, N=332)
2025-03-04 18:59:11,485 - INFO - *******STOP GROWING CR RULE*******
2025-03-04 18:59:11,488 - INFO - *******GROWING CR RULE*******
2025-03-04 18:59:11,492 - INFO - Iteracja 0: condition_best: top-left-square = {x}, quality_best: 0.111, coverage_best: (p=295, n=123, P=626, N=332), precision: 0.706
2025-03-04 18:59:11,492 - INFO - Regula po iteracji 0: IF top-left-square = {x} THEN class = positive, (p=295, n=123, P=626, N=332)
2025-03-04 18:59:11,494 - INFO - Iteracja 1: condition_best: middle-middle-square = {b}, quality_best: 0.266, coverage_best: (p=64, n=14, P=626, N=332), precision: 0.821
2025-03-04 18:59:11,494 - INFO - Regula po iteracji 1: IF top-left-square = {x} AND middle-middle-square = {b} THEN class = positive, (p=64, n=14, P=626, N=332)
2025-03-04 18:59:11,495 - INFO - *****GROWING RR RULE*****
2025-03-04 18:59:11,503 - INFO - Iteracja 0: condition_best: None quality_best: -inf, coverage_best: (p=0, n=0, P=0, N=0), number_of_covered_negatives_best: 0, best_score: 0, precision: 0
2025-03-04 18:59:11,503 - INFO - Regula po iteracji 0: IF  THEN class = positive, (p=562, n=396, P=562, N=396)
2025-03-04 18:59:11,503 - INFO - *****STOP GROWING RR RULE*****
2025-03-04 18:59:11,503 - INFO - ***RR NOT FOUND***
2025-03-04 18:59:11,504 - INFO - Iteracja 2: condition_best: top-middle-square = {o}, quality_best: 0.453, coverage_best: (p=22, n=1, P=626, N=332), precision: 0.957
2025-03-04 18:59:11,505 - INFO - Regula po iteracji 2: IF top-left-square = {x} AND middle-middle-square = {b} AND top-middle-square = {o} THEN class = positive, (p=22, n=1, P=626, N=332)
2025-03-04 18:59:11,506 - INFO - *****GROWING RR RULE*****
2025-03-04 18:59:11,512 - INFO - Iteracja 0: condition_best: None quality_best: -inf, coverage_best: (p=0, n=0, P=0, N=0), number_of_covered_negatives_best: 0, best_score: 0, precision: 0
2025-03-04 18:59:11,512 - INFO - Regula po iteracji 0: IF  THEN class = positive, (p=604, n=354, P=604, N=354)
2025-03-04 18:59:11,513 - INFO - *****STOP GROWING RR RULE*****
2025-03-04 18:59:11,513 - INFO - ***RR NOT FOUND***
2025-03-04 18:59:11,514 - INFO - Iteracja 3: condition_best: bottom-left-square = {x}, quality_best: 0.515, coverage_best: (p=19, n=0, P=626, N=332), precision: 1.0
2025-03-04 18:59:11,514 - INFO - Regula po iteracji 3: IF top-left-square = {x} AND middle-middle-square = {b} AND top-middle-square = {o} AND bottom-left-square = {x} THEN class = positive, (p=19, n=0, P=626, N=332)
2025-03-04 18:59:11,514 - INFO - *******STOP GROWING CR RULE*******
2025-03-04 18:59:11,518 - INFO - *******GROWING CR RULE*******
2025-03-04 18:59:11,522 - INFO - Iteracja 0: condition_best: top-left-square = {x}, quality_best: 0.111, coverage_best: (p=295, n=123, P=626, N=332), precision: 0.706
2025-03-04 18:59:11,522 - INFO - Regula po iteracji 0: IF top-left-square = {x} THEN class = positive, (p=295, n=123, P=626, N=332)
2025-03-04 18:59:11,524 - INFO - Iteracja 1: condition_best: middle-middle-square = {b}, quality_best: 0.266, coverage_best: (p=64, n=14, P=626, N=332), precision: 0.821
2025-03-04 18:59:11,525 - INFO - Regula po iteracji 1: IF top-left-square = {x} AND middle-middle-square = {b} THEN class = positive, (p=64, n=14, P=626, N=332)
2025-03-04 18:59:11,525 - INFO - *****GROWING RR RULE*****
2025-03-04 18:59:11,533 - INFO - Iteracja 0: condition_best: None quality_best: -inf, coverage_best: (p=0, n=0, P=0, N=0), number_of_covered_negatives_best: 0, best_score: 0, precision: 0
2025-03-04 18:59:11,534 - INFO - Regula po iteracji 0: IF  THEN class = positive, (p=562, n=396, P=562, N=396)
2025-03-04 18:59:11,534 - INFO - *****STOP GROWING RR RULE*****
2025-03-04 18:59:11,534 - INFO - ***RR NOT FOUND***
2025-03-04 18:59:11,535 - INFO - Iteracja 2: condition_best: middle-left-square = {o}, quality_best: 0.453, coverage_best: (p=22, n=1, P=626, N=332), precision: 0.957
2025-03-04 18:59:11,535 - INFO - Regula po iteracji 2: IF top-left-square = {x} AND middle-middle-square = {b} AND middle-left-square = {o} THEN class = positive, (p=22, n=1, P=626, N=332)
2025-03-04 18:59:11,536 - INFO - *****GROWING RR RULE*****
2025-03-04 18:59:11,543 - INFO - Iteracja 0: condition_best: None quality_best: -inf, coverage_best: (p=0, n=0, P=0, N=0), number_of_covered_negatives_best: 0, best_score: 0, precision: 0
2025-03-04 18:59:11,543 - INFO - Regula po iteracji 0: IF  THEN class = positive, (p=604, n=354, P=604, N=354)
2025-03-04 18:59:11,543 - INFO - *****STOP GROWING RR RULE*****
2025-03-04 18:59:11,543 - INFO - ***RR NOT FOUND***
2025-03-04 18:59:11,544 - INFO - Iteracja 3: condition_best: top-right-square = {x}, quality_best: 0.515, coverage_best: (p=19, n=0, P=626, N=332), precision: 1.0
2025-03-04 18:59:11,545 - INFO - Regula po iteracji 3: IF top-left-square = {x} AND middle-middle-square = {b} AND middle-left-square = {o} AND top-right-square = {x} THEN class = positive, (p=19, n=0, P=626, N=332)
2025-03-04 18:59:11,545 - INFO - *******STOP GROWING CR RULE*******
2025-03-04 18:59:11,549 - INFO - *******GROWING CR RULE*******
2025-03-04 18:59:11,552 - INFO - Iteracja 0: condition_best: top-left-square = {x}, quality_best: 0.111, coverage_best: (p=295, n=123, P=626, N=332), precision: 0.706
2025-03-04 18:59:11,553 - INFO - Regula po iteracji 0: IF top-left-square = {x} THEN class = positive, (p=295, n=123, P=626, N=332)
2025-03-04 18:59:11,555 - INFO - Iteracja 1: condition_best: middle-middle-square = {b}, quality_best: 0.266, coverage_best: (p=64, n=14, P=626, N=332), precision: 0.821
2025-03-04 18:59:11,555 - INFO - Regula po iteracji 1: IF top-left-square = {x} AND middle-middle-square = {b} THEN class = positive, (p=64, n=14, P=626, N=332)
2025-03-04 18:59:11,556 - INFO - *****GROWING RR RULE*****
2025-03-04 18:59:11,564 - INFO - Iteracja 0: condition_best: None quality_best: -inf, coverage_best: (p=0, n=0, P=0, N=0), number_of_covered_negatives_best: 0, best_score: 0, precision: 0
2025-03-04 18:59:11,564 - INFO - Regula po iteracji 0: IF  THEN class = positive, (p=562, n=396, P=562, N=396)
2025-03-04 18:59:11,564 - INFO - *****STOP GROWING RR RULE*****
2025-03-04 18:59:11,564 - INFO - ***RR NOT FOUND***
2025-03-04 18:59:11,565 - INFO - Iteracja 2: condition_best: top-right-square = {x}, quality_best: 0.411, coverage_best: (p=36, n=3, P=626, N=332), precision: 0.923
2025-03-04 18:59:11,566 - INFO - Regula po iteracji 2: IF top-left-square = {x} AND middle-middle-square = {b} AND top-right-square = {x} THEN class = positive, (p=36, n=3, P=626, N=332)
2025-03-04 18:59:11,567 - INFO - *****GROWING RR RULE*****
2025-03-04 18:59:11,574 - INFO - Iteracja 0: condition_best: None quality_best: -inf, coverage_best: (p=0, n=0, P=0, N=0), number_of_covered_negatives_best: 0, best_score: 0, precision: 0
2025-03-04 18:59:11,574 - INFO - Regula po iteracji 0: IF  THEN class = positive, (p=590, n=368, P=590, N=368)
2025-03-04 18:59:11,574 - INFO - *****STOP GROWING RR RULE*****
2025-03-04 18:59:11,574 - INFO - ***RR NOT FOUND***
2025-03-04 18:59:11,575 - INFO - Iteracja 3: condition_best: top-middle-square = {x}, quality_best: 0.522, coverage_best: (p=28, n=0, P=626, N=332), precision: 1.0
2025-03-04 18:59:11,575 - INFO - Regula po iteracji 3: IF top-left-square = {x} AND middle-middle-square = {b} AND top-right-square = {x} AND top-middle-square = {x} THEN class = positive, (p=28, n=0, P=626, N=332)
2025-03-04 18:59:11,576 - INFO - *******STOP GROWING CR RULE*******
2025-03-04 18:59:11,581 - INFO - *******GROWING CR RULE*******
2025-03-04 18:59:11,585 - INFO - Iteracja 0: condition_best: top-left-square = {x}, quality_best: 0.111, coverage_best: (p=295, n=123, P=626, N=332), precision: 0.706
2025-03-04 18:59:11,585 - INFO - Regula po iteracji 0: IF top-left-square = {x} THEN class = positive, (p=295, n=123, P=626, N=332)
2025-03-04 18:59:11,587 - INFO - Iteracja 1: condition_best: middle-middle-square = {b}, quality_best: 0.266, coverage_best: (p=64, n=14, P=626, N=332), precision: 0.821
2025-03-04 18:59:11,587 - INFO - Regula po iteracji 1: IF top-left-square = {x} AND middle-middle-square = {b} THEN class = positive, (p=64, n=14, P=626, N=332)
2025-03-04 18:59:11,588 - INFO - *****GROWING RR RULE*****
2025-03-04 18:59:11,596 - INFO - Iteracja 0: condition_best: None quality_best: -inf, coverage_best: (p=0, n=0, P=0, N=0), number_of_covered_negatives_best: 0, best_score: 0, precision: 0
2025-03-04 18:59:11,596 - INFO - Regula po iteracji 0: IF  THEN class = positive, (p=562, n=396, P=562, N=396)
2025-03-04 18:59:11,596 - INFO - *****STOP GROWING RR RULE*****
2025-03-04 18:59:11,596 - INFO - ***RR NOT FOUND***
2025-03-04 18:59:11,597 - INFO - Iteracja 2: condition_best: bottom-left-square = {x}, quality_best: 0.411, coverage_best: (p=36, n=3, P=626, N=332), precision: 0.923
2025-03-04 18:59:11,598 - INFO - Regula po iteracji 2: IF top-left-square = {x} AND middle-middle-square = {b} AND bottom-left-square = {x} THEN class = positive, (p=36, n=3, P=626, N=332)
2025-03-04 18:59:11,599 - INFO - *****GROWING RR RULE*****
2025-03-04 18:59:11,606 - INFO - Iteracja 0: condition_best: None quality_best: -inf, coverage_best: (p=0, n=0, P=0, N=0), number_of_covered_negatives_best: 0, best_score: 0, precision: 0
2025-03-04 18:59:11,606 - INFO - Regula po iteracji 0: IF  THEN class = positive, (p=590, n=368, P=590, N=368)
2025-03-04 18:59:11,606 - INFO - *****STOP GROWING RR RULE*****
2025-03-04 18:59:11,606 - INFO - ***RR NOT FOUND***
2025-03-04 18:59:11,607 - INFO - Iteracja 3: condition_best: middle-left-square = {x}, quality_best: 0.522, coverage_best: (p=28, n=0, P=626, N=332), precision: 1.0
2025-03-04 18:59:11,607 - INFO - Regula po iteracji 3: IF top-left-square = {x} AND middle-middle-square = {b} AND bottom-left-square = {x} AND middle-left-square = {x} THEN class = positive, (p=28, n=0, P=626, N=332)
2025-03-04 18:59:11,607 - INFO - *******STOP GROWING CR RULE*******
2025-03-04 18:59:11,613 - INFO - *******GROWING CR RULE*******
2025-03-04 18:59:11,617 - INFO - Iteracja 0: condition_best: top-left-square = {x}, quality_best: 0.111, coverage_best: (p=295, n=123, P=626, N=332), precision: 0.706
2025-03-04 18:59:11,617 - INFO - Regula po iteracji 0: IF top-left-square = {x} THEN class = positive, (p=295, n=123, P=626, N=332)
2025-03-04 18:59:11,619 - INFO - Iteracja 1: condition_best: top-right-square = {x}, quality_best: 0.221, coverage_best: (p=125, n=35, P=626, N=332), precision: 0.781
2025-03-04 18:59:11,619 - INFO - Regula po iteracji 1: IF top-left-square = {x} AND top-right-square = {x} THEN class = positive, (p=125, n=35, P=626, N=332)
2025-03-04 18:59:11,621 - INFO - Iteracja 2: condition_best: bottom-right-square = {x}, quality_best: 0.172, coverage_best: (p=36, n=11, P=626, N=332), precision: 0.766
2025-03-04 18:59:11,621 - INFO - Regula po iteracji 2: IF top-left-square = {x} AND top-right-square = {x} AND bottom-right-square = {x} THEN class = positive, (p=36, n=11, P=626, N=332)
2025-03-04 18:59:11,622 - INFO - Iteracja 3: condition_best: middle-right-square = {x}, quality_best: 0.51, coverage_best: (p=12, n=0, P=626, N=332), precision: 1.0
2025-03-04 18:59:11,623 - INFO - Regula po iteracji 3: IF top-left-square = {x} AND top-right-square = {x} AND bottom-right-square = {x} AND middle-right-square = {x} THEN class = positive, (p=12, n=0, P=626, N=332)
2025-03-04 18:59:11,623 - INFO - *******STOP GROWING CR RULE*******
2025-03-04 18:59:11,628 - INFO - *******GROWING CR RULE*******
2025-03-04 18:59:11,631 - INFO - Iteracja 0: condition_best: top-left-square = {x}, quality_best: 0.111, coverage_best: (p=295, n=123, P=626, N=332), precision: 0.706
2025-03-04 18:59:11,632 - INFO - Regula po iteracji 0: IF top-left-square = {x} THEN class = positive, (p=295, n=123, P=626, N=332)
2025-03-04 18:59:11,634 - INFO - Iteracja 1: condition_best: bottom-left-square = {x}, quality_best: 0.221, coverage_best: (p=125, n=35, P=626, N=332), precision: 0.781
2025-03-04 18:59:11,634 - INFO - Regula po iteracji 1: IF top-left-square = {x} AND bottom-left-square = {x} THEN class = positive, (p=125, n=35, P=626, N=332)
2025-03-04 18:59:11,635 - INFO - Iteracja 2: condition_best: bottom-right-square = {x}, quality_best: 0.172, coverage_best: (p=36, n=11, P=626, N=332), precision: 0.766
2025-03-04 18:59:11,636 - INFO - Regula po iteracji 2: IF top-left-square = {x} AND bottom-left-square = {x} AND bottom-right-square = {x} THEN class = positive, (p=36, n=11, P=626, N=332)
2025-03-04 18:59:11,637 - INFO - Iteracja 3: condition_best: bottom-middle-square = {x}, quality_best: 0.51, coverage_best: (p=12, n=0, P=626, N=332), precision: 1.0
2025-03-04 18:59:11,637 - INFO - Regula po iteracji 3: IF top-left-square = {x} AND bottom-left-square = {x} AND bottom-right-square = {x} AND bottom-middle-square = {x} THEN class = positive, (p=12, n=0, P=626, N=332)
2025-03-04 18:59:11,638 - INFO - *******STOP GROWING CR RULE*******
2025-03-04 18:59:11,642 - INFO - *******GROWING CR RULE*******
2025-03-04 18:59:11,646 - INFO - Iteracja 0: condition_best: None, quality_best: -inf, coverage_best: (p=0, n=0, P=0, N=0), precision: 0
2025-03-04 18:59:11,646 - INFO - Regula po iteracji 0: IF  THEN class = positive, (p=626, n=332, P=626, N=332)
2025-03-04 18:59:11,646 - INFO - *******STOP GROWING CR RULE*******
2025-03-04 18:59:11,646 - INFO - *******GROWING CR RULE*******
2025-03-04 18:59:11,650 - INFO - Iteracja 0: condition_best: middle-middle-square = {o}, quality_best: 0.263, coverage_best: (p=192, n=148, P=332, N=626), precision: 0.565
2025-03-04 18:59:11,650 - INFO - Regula po iteracji 0: IF middle-middle-square = {o} THEN class = negative, (p=192, n=148, P=332, N=626)
2025-03-04 18:59:11,652 - INFO - Iteracja 1: condition_best: top-left-square = {o}, quality_best: 0.309, coverage_best: (p=70, n=33, P=332, N=626), precision: 0.68
2025-03-04 18:59:11,652 - INFO - Regula po iteracji 1: IF middle-middle-square = {o} AND top-left-square = {o} THEN class = negative, (p=70, n=33, P=332, N=626)
2025-03-04 18:59:11,654 - INFO - Iteracja 2: condition_best: bottom-right-square = {o}, quality_best: 0.575, coverage_best: (p=50, n=0, P=332, N=626), precision: 1.0
2025-03-04 18:59:11,654 - INFO - Regula po iteracji 2: IF middle-middle-square = {o} AND top-left-square = {o} AND bottom-right-square = {o} THEN class = negative, (p=50, n=0, P=332, N=626)
2025-03-04 18:59:11,654 - INFO - *******STOP GROWING CR RULE*******
2025-03-04 18:59:11,657 - INFO - *******GROWING CR RULE*******
2025-03-04 18:59:11,661 - INFO - Iteracja 0: condition_best: middle-middle-square = {o}, quality_best: 0.263, coverage_best: (p=192, n=148, P=332, N=626), precision: 0.565
2025-03-04 18:59:11,661 - INFO - Regula po iteracji 0: IF middle-middle-square = {o} THEN class = negative, (p=192, n=148, P=332, N=626)
2025-03-04 18:59:11,663 - INFO - Iteracja 1: condition_best: top-left-square = {o}, quality_best: 0.309, coverage_best: (p=70, n=33, P=332, N=626), precision: 0.68
2025-03-04 18:59:11,664 - INFO - Regula po iteracji 1: IF middle-middle-square = {o} AND top-left-square = {o} THEN class = negative, (p=70, n=33, P=332, N=626)
2025-03-04 18:59:11,665 - INFO - Iteracja 2: condition_best: bottom-right-square = {b}, quality_best: 0.508, coverage_best: (p=5, n=0, P=332, N=626), precision: 1.0
2025-03-04 18:59:11,665 - INFO - Regula po iteracji 2: IF middle-middle-square = {o} AND top-left-square = {o} AND bottom-right-square = {b} THEN class = negative, (p=5, n=0, P=332, N=626)
2025-03-04 18:59:11,665 - INFO - *******STOP GROWING CR RULE*******
2025-03-04 18:59:11,668 - INFO - *******GROWING CR RULE*******
2025-03-04 18:59:11,672 - INFO - Iteracja 0: condition_best: middle-middle-square = {o}, quality_best: 0.263, coverage_best: (p=192, n=148, P=332, N=626), precision: 0.565
2025-03-04 18:59:11,672 - INFO - Regula po iteracji 0: IF middle-middle-square = {o} THEN class = negative, (p=192, n=148, P=332, N=626)
2025-03-04 18:59:11,674 - INFO - Iteracja 1: condition_best: top-left-square = {o}, quality_best: 0.309, coverage_best: (p=70, n=33, P=332, N=626), precision: 0.68
2025-03-04 18:59:11,674 - INFO - Regula po iteracji 1: IF middle-middle-square = {o} AND top-left-square = {o} THEN class = negative, (p=70, n=33, P=332, N=626)
2025-03-04 18:59:11,676 - INFO - Iteracja 2: condition_best: top-middle-square = {x}, quality_best: 0.402, coverage_best: (p=43, n=10, P=332, N=626), precision: 0.811
2025-03-04 18:59:11,676 - INFO - Regula po iteracji 2: IF middle-middle-square = {o} AND top-left-square = {o} AND top-middle-square = {x} THEN class = negative, (p=43, n=10, P=332, N=626)
2025-03-04 18:59:11,677 - INFO - *****GROWING RR RULE*****
2025-03-04 18:59:11,684 - INFO - Iteracja 0: condition_best: None quality_best: -inf, coverage_best: (p=0, n=0, P=0, N=0), number_of_covered_negatives_best: 0, best_score: 0, precision: 0
2025-03-04 18:59:11,684 - INFO - Regula po iteracji 0: IF  THEN class = negative, (p=289, n=669, P=289, N=669)
2025-03-04 18:59:11,684 - INFO - *****STOP GROWING RR RULE*****
2025-03-04 18:59:11,684 - INFO - ***RR NOT FOUND***
2025-03-04 18:59:11,686 - INFO - Iteracja 3: condition_best: middle-left-square = {x}, quality_best: 0.465, coverage_best: (p=22, n=2, P=332, N=626), precision: 0.917
2025-03-04 18:59:11,686 - INFO - Regula po iteracji 3: IF middle-middle-square = {o} AND top-left-square = {o} AND top-middle-square = {x} AND middle-left-square = {x} THEN class = negative, (p=22, n=2, P=332, N=626)
2025-03-04 18:59:11,687 - INFO - *****GROWING RR RULE*****
2025-03-04 18:59:11,694 - INFO - Iteracja 0: condition_best: None quality_best: -inf, coverage_best: (p=0, n=0, P=0, N=0), number_of_covered_negatives_best: 0, best_score: 0, precision: 0
2025-03-04 18:59:11,694 - INFO - Regula po iteracji 0: IF  THEN class = negative, (p=310, n=648, P=310, N=648)
2025-03-04 18:59:11,694 - INFO - *****STOP GROWING RR RULE*****
2025-03-04 18:59:11,694 - INFO - ***RR NOT FOUND***
2025-03-04 18:59:11,695 - INFO - Iteracja 4: condition_best: bottom-right-square = {x}, quality_best: 0.286, coverage_best: (p=5, n=2, P=332, N=626), precision: 0.714
2025-03-04 18:59:11,696 - INFO - Regula po iteracji 4: IF middle-middle-square = {o} AND top-left-square = {o} AND top-middle-square = {x} AND middle-left-square = {x} AND bottom-right-square = {x} THEN class = negative, (p=5, n=2, P=332, N=626)
2025-03-04 18:59:11,697 - INFO - Iteracja 5: condition_best: None, quality_best: -inf, coverage_best: (p=0, n=0, P=0, N=0), precision: 0
2025-03-04 18:59:11,698 - INFO - Regula po iteracji 5: IF middle-middle-square = {o} AND top-left-square = {o} AND top-middle-square = {x} AND middle-left-square = {x} AND bottom-right-square = {x} THEN class = negative, (p=5, n=2, P=332, N=626)
2025-03-04 18:59:11,698 - INFO - *******STOP GROWING CR RULE*******
2025-03-04 18:59:11,702 - INFO - *******GROWING CR RULE*******
2025-03-04 18:59:11,705 - INFO - Iteracja 0: condition_best: middle-middle-square = {o}, quality_best: 0.263, coverage_best: (p=192, n=148, P=332, N=626), precision: 0.565
2025-03-04 18:59:11,706 - INFO - Regula po iteracji 0: IF middle-middle-square = {o} THEN class = negative, (p=192, n=148, P=332, N=626)
2025-03-04 18:59:11,707 - INFO - Iteracja 1: condition_best: top-left-square = {o}, quality_best: 0.309, coverage_best: (p=70, n=33, P=332, N=626), precision: 0.68
2025-03-04 18:59:11,708 - INFO - Regula po iteracji 1: IF middle-middle-square = {o} AND top-left-square = {o} THEN class = negative, (p=70, n=33, P=332, N=626)
2025-03-04 18:59:11,709 - INFO - Iteracja 2: condition_best: top-middle-square = {x}, quality_best: 0.402, coverage_best: (p=43, n=10, P=332, N=626), precision: 0.811
2025-03-04 18:59:11,709 - INFO - Regula po iteracji 2: IF middle-middle-square = {o} AND top-left-square = {o} AND top-middle-square = {x} THEN class = negative, (p=43, n=10, P=332, N=626)
2025-03-04 18:59:11,710 - INFO - *****GROWING RR RULE*****
2025-03-04 18:59:11,718 - INFO - Iteracja 0: condition_best: None quality_best: -inf, coverage_best: (p=0, n=0, P=0, N=0), number_of_covered_negatives_best: 0, best_score: 0, precision: 0
2025-03-04 18:59:11,718 - INFO - Regula po iteracji 0: IF  THEN class = negative, (p=289, n=669, P=289, N=669)
2025-03-04 18:59:11,718 - INFO - *****STOP GROWING RR RULE*****
2025-03-04 18:59:11,718 - INFO - ***RR NOT FOUND***
2025-03-04 18:59:11,719 - INFO - Iteracja 3: condition_best: bottom-right-square = {x}, quality_best: 0.121, coverage_best: (p=10, n=10, P=332, N=626), precision: 0.5
2025-03-04 18:59:11,720 - INFO - Regula po iteracji 3: IF middle-middle-square = {o} AND top-left-square = {o} AND top-middle-square = {x} AND bottom-right-square = {x} THEN class = negative, (p=10, n=10, P=332, N=626)
2025-03-04 18:59:11,721 - INFO - Iteracja 4: condition_best: None, quality_best: -inf, coverage_best: (p=0, n=0, P=0, N=0), precision: 0
2025-03-04 18:59:11,721 - INFO - Regula po iteracji 4: IF middle-middle-square = {o} AND top-left-square = {o} AND top-middle-square = {x} AND bottom-right-square = {x} THEN class = negative, (p=10, n=10, P=332, N=626)
2025-03-04 18:59:11,721 - INFO - *******STOP GROWING CR RULE*******
2025-03-04 18:59:11,724 - INFO - *******GROWING CR RULE*******
2025-03-04 18:59:11,728 - INFO - Iteracja 0: condition_best: middle-middle-square = {o}, quality_best: 0.263, coverage_best: (p=192, n=148, P=332, N=626), precision: 0.565
2025-03-04 18:59:11,728 - INFO - Regula po iteracji 0: IF middle-middle-square = {o} THEN class = negative, (p=192, n=148, P=332, N=626)
2025-03-04 18:59:11,730 - INFO - Iteracja 1: condition_best: top-left-square = {o}, quality_best: 0.309, coverage_best: (p=70, n=33, P=332, N=626), precision: 0.68
2025-03-04 18:59:11,730 - INFO - Regula po iteracji 1: IF middle-middle-square = {o} AND top-left-square = {o} THEN class = negative, (p=70, n=33, P=332, N=626)
2025-03-04 18:59:11,731 - INFO - Iteracja 2: condition_best: middle-left-square = {x}, quality_best: 0.402, coverage_best: (p=43, n=10, P=332, N=626), precision: 0.811
2025-03-04 18:59:11,732 - INFO - Regula po iteracji 2: IF middle-middle-square = {o} AND top-left-square = {o} AND middle-left-square = {x} THEN class = negative, (p=43, n=10, P=332, N=626)
2025-03-04 18:59:11,733 - INFO - *****GROWING RR RULE*****
2025-03-04 18:59:11,740 - INFO - Iteracja 0: condition_best: None quality_best: -inf, coverage_best: (p=0, n=0, P=0, N=0), number_of_covered_negatives_best: 0, best_score: 0, precision: 0
2025-03-04 18:59:11,740 - INFO - Regula po iteracji 0: IF  THEN class = negative, (p=289, n=669, P=289, N=669)
2025-03-04 18:59:11,740 - INFO - *****STOP GROWING RR RULE*****
2025-03-04 18:59:11,740 - INFO - ***RR NOT FOUND***
2025-03-04 18:59:11,741 - INFO - Iteracja 3: condition_best: bottom-right-square = {x}, quality_best: 0.121, coverage_best: (p=10, n=10, P=332, N=626), precision: 0.5
2025-03-04 18:59:11,742 - INFO - Regula po iteracji 3: IF middle-middle-square = {o} AND top-left-square = {o} AND middle-left-square = {x} AND bottom-right-square = {x} THEN class = negative, (p=10, n=10, P=332, N=626)
2025-03-04 18:59:11,743 - INFO - Iteracja 4: condition_best: None, quality_best: -inf, coverage_best: (p=0, n=0, P=0, N=0), precision: 0
2025-03-04 18:59:11,744 - INFO - Regula po iteracji 4: IF middle-middle-square = {o} AND top-left-square = {o} AND middle-left-square = {x} AND bottom-right-square = {x} THEN class = negative, (p=10, n=10, P=332, N=626)
2025-03-04 18:59:11,744 - INFO - *******STOP GROWING CR RULE*******
2025-03-04 18:59:11,747 - INFO - *******GROWING CR RULE*******
2025-03-04 18:59:11,750 - INFO - Iteracja 0: condition_best: middle-middle-square = {o}, quality_best: 0.263, coverage_best: (p=192, n=148, P=332, N=626), precision: 0.565
2025-03-04 18:59:11,750 - INFO - Regula po iteracji 0: IF middle-middle-square = {o} THEN class = negative, (p=192, n=148, P=332, N=626)
2025-03-04 18:59:11,752 - INFO - Iteracja 1: condition_best: top-right-square = {o}, quality_best: 0.309, coverage_best: (p=70, n=33, P=332, N=626), precision: 0.68
2025-03-04 18:59:11,753 - INFO - Regula po iteracji 1: IF middle-middle-square = {o} AND top-right-square = {o} THEN class = negative, (p=70, n=33, P=332, N=626)
2025-03-04 18:59:11,754 - INFO - Iteracja 2: condition_best: bottom-left-square = {o}, quality_best: 0.575, coverage_best: (p=50, n=0, P=332, N=626), precision: 1.0
2025-03-04 18:59:11,754 - INFO - Regula po iteracji 2: IF middle-middle-square = {o} AND top-right-square = {o} AND bottom-left-square = {o} THEN class = negative, (p=50, n=0, P=332, N=626)
2025-03-04 18:59:11,754 - INFO - *******STOP GROWING CR RULE*******
2025-03-04 18:59:11,757 - INFO - *******GROWING CR RULE*******
2025-03-04 18:59:11,761 - INFO - Iteracja 0: condition_best: middle-middle-square = {o}, quality_best: 0.263, coverage_best: (p=192, n=148, P=332, N=626), precision: 0.565
2025-03-04 18:59:11,761 - INFO - Regula po iteracji 0: IF middle-middle-square = {o} THEN class = negative, (p=192, n=148, P=332, N=626)
2025-03-04 18:59:11,763 - INFO - Iteracja 1: condition_best: top-right-square = {o}, quality_best: 0.309, coverage_best: (p=70, n=33, P=332, N=626), precision: 0.68
2025-03-04 18:59:11,763 - INFO - Regula po iteracji 1: IF middle-middle-square = {o} AND top-right-square = {o} THEN class = negative, (p=70, n=33, P=332, N=626)
2025-03-04 18:59:11,764 - INFO - Iteracja 2: condition_best: top-middle-square = {x}, quality_best: 0.402, coverage_best: (p=43, n=10, P=332, N=626), precision: 0.811
2025-03-04 18:59:11,765 - INFO - Regula po iteracji 2: IF middle-middle-square = {o} AND top-right-square = {o} AND top-middle-square = {x} THEN class = negative, (p=43, n=10, P=332, N=626)
2025-03-04 18:59:11,766 - INFO - *****GROWING RR RULE*****
2025-03-04 18:59:11,773 - INFO - Iteracja 0: condition_best: None quality_best: -inf, coverage_best: (p=0, n=0, P=0, N=0), number_of_covered_negatives_best: 0, best_score: 0, precision: 0
2025-03-04 18:59:11,773 - INFO - Regula po iteracji 0: IF  THEN class = negative, (p=289, n=669, P=289, N=669)
2025-03-04 18:59:11,773 - INFO - *****STOP GROWING RR RULE*****
2025-03-04 18:59:11,773 - INFO - ***RR NOT FOUND***
2025-03-04 18:59:11,774 - INFO - Iteracja 3: condition_best: bottom-middle-square = {x}, quality_best: 0.401, coverage_best: (p=25, n=5, P=332, N=626), precision: 0.833
2025-03-04 18:59:11,775 - INFO - Regula po iteracji 3: IF middle-middle-square = {o} AND top-right-square = {o} AND top-middle-square = {x} AND bottom-middle-square = {x} THEN class = negative, (p=25, n=5, P=332, N=626)
2025-03-04 18:59:11,776 - INFO - *****GROWING RR RULE*****
2025-03-04 18:59:11,783 - INFO - Iteracja 0: condition_best: None quality_best: -inf, coverage_best: (p=0, n=0, P=0, N=0), number_of_covered_negatives_best: 0, best_score: 0, precision: 0
2025-03-04 18:59:11,783 - INFO - Regula po iteracji 0: IF  THEN class = negative, (p=307, n=651, P=307, N=651)
2025-03-04 18:59:11,783 - INFO - *****STOP GROWING RR RULE*****
2025-03-04 18:59:11,783 - INFO - ***RR NOT FOUND***
2025-03-04 18:59:11,784 - INFO - Iteracja 4: condition_best: top-left-square = {x}, quality_best: 0.518, coverage_best: (p=12, n=0, P=332, N=626), precision: 1.0
2025-03-04 18:59:11,785 - INFO - Regula po iteracji 4: IF middle-middle-square = {o} AND top-right-square = {o} AND top-middle-square = {x} AND bottom-middle-square = {x} AND top-left-square = {x} THEN class = negative, (p=12, n=0, P=332, N=626)
2025-03-04 18:59:11,785 - INFO - *******STOP GROWING CR RULE*******
2025-03-04 18:59:11,790 - INFO - *******GROWING CR RULE*******
2025-03-04 18:59:11,794 - INFO - Iteracja 0: condition_best: middle-middle-square = {o}, quality_best: 0.263, coverage_best: (p=192, n=148, P=332, N=626), precision: 0.565
2025-03-04 18:59:11,794 - INFO - Regula po iteracji 0: IF middle-middle-square = {o} THEN class = negative, (p=192, n=148, P=332, N=626)
2025-03-04 18:59:11,796 - INFO - Iteracja 1: condition_best: top-right-square = {o}, quality_best: 0.309, coverage_best: (p=70, n=33, P=332, N=626), precision: 0.68
2025-03-04 18:59:11,796 - INFO - Regula po iteracji 1: IF middle-middle-square = {o} AND top-right-square = {o} THEN class = negative, (p=70, n=33, P=332, N=626)
2025-03-04 18:59:11,797 - INFO - Iteracja 2: condition_best: bottom-right-square = {x}, quality_best: 0.259, coverage_best: (p=39, n=21, P=332, N=626), precision: 0.65
2025-03-04 18:59:11,798 - INFO - Regula po iteracji 2: IF middle-middle-square = {o} AND top-right-square = {o} AND bottom-right-square = {x} THEN class = negative, (p=39, n=21, P=332, N=626)
2025-03-04 18:59:11,799 - INFO - Iteracja 3: condition_best: None, quality_best: -inf, coverage_best: (p=0, n=0, P=0, N=0), precision: 0
2025-03-04 18:59:11,799 - INFO - Regula po iteracji 3: IF middle-middle-square = {o} AND top-right-square = {o} AND bottom-right-square = {x} THEN class = negative, (p=39, n=21, P=332, N=626)
2025-03-04 18:59:11,799 - INFO - *******STOP GROWING CR RULE*******
2025-03-04 18:59:11,801 - INFO - *******GROWING CR RULE*******
2025-03-04 18:59:11,805 - INFO - Iteracja 0: condition_best: middle-middle-square = {o}, quality_best: 0.263, coverage_best: (p=192, n=148, P=332, N=626), precision: 0.565
2025-03-04 18:59:11,805 - INFO - Regula po iteracji 0: IF middle-middle-square = {o} THEN class = negative, (p=192, n=148, P=332, N=626)
2025-03-04 18:59:11,807 - INFO - Iteracja 1: condition_best: bottom-left-square = {o}, quality_best: 0.309, coverage_best: (p=70, n=33, P=332, N=626), precision: 0.68
2025-03-04 18:59:11,807 - INFO - Regula po iteracji 1: IF middle-middle-square = {o} AND bottom-left-square = {o} THEN class = negative, (p=70, n=33, P=332, N=626)
2025-03-04 18:59:11,809 - INFO - Iteracja 2: condition_best: middle-left-square = {x}, quality_best: 0.402, coverage_best: (p=43, n=10, P=332, N=626), precision: 0.811
2025-03-04 18:59:11,809 - INFO - Regula po iteracji 2: IF middle-middle-square = {o} AND bottom-left-square = {o} AND middle-left-square = {x} THEN class = negative, (p=43, n=10, P=332, N=626)
2025-03-04 18:59:11,810 - INFO - *****GROWING RR RULE*****
2025-03-04 18:59:11,818 - INFO - Iteracja 0: condition_best: None quality_best: -inf, coverage_best: (p=0, n=0, P=0, N=0), number_of_covered_negatives_best: 0, best_score: 0, precision: 0
2025-03-04 18:59:11,818 - INFO - Regula po iteracji 0: IF  THEN class = negative, (p=289, n=669, P=289, N=669)
2025-03-04 18:59:11,818 - INFO - *****STOP GROWING RR RULE*****
2025-03-04 18:59:11,818 - INFO - ***RR NOT FOUND***
2025-03-04 18:59:11,819 - INFO - Iteracja 3: condition_best: middle-right-square = {x}, quality_best: 0.401, coverage_best: (p=25, n=5, P=332, N=626), precision: 0.833
2025-03-04 18:59:11,819 - INFO - Regula po iteracji 3: IF middle-middle-square = {o} AND bottom-left-square = {o} AND middle-left-square = {x} AND middle-right-square = {x} THEN class = negative, (p=25, n=5, P=332, N=626)
2025-03-04 18:59:11,821 - INFO - *****GROWING RR RULE*****
2025-03-04 18:59:11,827 - INFO - Iteracja 0: condition_best: None quality_best: -inf, coverage_best: (p=0, n=0, P=0, N=0), number_of_covered_negatives_best: 0, best_score: 0, precision: 0
2025-03-04 18:59:11,827 - INFO - Regula po iteracji 0: IF  THEN class = negative, (p=307, n=651, P=307, N=651)
2025-03-04 18:59:11,827 - INFO - *****STOP GROWING RR RULE*****
2025-03-04 18:59:11,828 - INFO - ***RR NOT FOUND***
2025-03-04 18:59:11,829 - INFO - Iteracja 4: condition_best: top-left-square = {x}, quality_best: 0.518, coverage_best: (p=12, n=0, P=332, N=626), precision: 1.0
2025-03-04 18:59:11,829 - INFO - Regula po iteracji 4: IF middle-middle-square = {o} AND bottom-left-square = {o} AND middle-left-square = {x} AND middle-right-square = {x} AND top-left-square = {x} THEN class = negative, (p=12, n=0, P=332, N=626)
2025-03-04 18:59:11,829 - INFO - *******STOP GROWING CR RULE*******
2025-03-04 18:59:11,835 - INFO - *******GROWING CR RULE*******
2025-03-04 18:59:11,838 - INFO - Iteracja 0: condition_best: middle-middle-square = {o}, quality_best: 0.263, coverage_best: (p=192, n=148, P=332, N=626), precision: 0.565
2025-03-04 18:59:11,839 - INFO - Regula po iteracji 0: IF middle-middle-square = {o} THEN class = negative, (p=192, n=148, P=332, N=626)
2025-03-04 18:59:11,840 - INFO - Iteracja 1: condition_best: bottom-left-square = {o}, quality_best: 0.309, coverage_best: (p=70, n=33, P=332, N=626), precision: 0.68
2025-03-04 18:59:11,841 - INFO - Regula po iteracji 1: IF middle-middle-square = {o} AND bottom-left-square = {o} THEN class = negative, (p=70, n=33, P=332, N=626)
2025-03-04 18:59:11,842 - INFO - Iteracja 2: condition_best: bottom-right-square = {x}, quality_best: 0.259, coverage_best: (p=39, n=21, P=332, N=626), precision: 0.65
2025-03-04 18:59:11,842 - INFO - Regula po iteracji 2: IF middle-middle-square = {o} AND bottom-left-square = {o} AND bottom-right-square = {x} THEN class = negative, (p=39, n=21, P=332, N=626)
2025-03-04 18:59:11,843 - INFO - Iteracja 3: condition_best: None, quality_best: -inf, coverage_best: (p=0, n=0, P=0, N=0), precision: 0
2025-03-04 18:59:11,844 - INFO - Regula po iteracji 3: IF middle-middle-square = {o} AND bottom-left-square = {o} AND bottom-right-square = {x} THEN class = negative, (p=39, n=21, P=332, N=626)
2025-03-04 18:59:11,844 - INFO - *******STOP GROWING CR RULE*******
2025-03-04 18:59:11,846 - INFO - *******GROWING CR RULE*******
2025-03-04 18:59:11,850 - INFO - Iteracja 0: condition_best: middle-middle-square = {o}, quality_best: 0.263, coverage_best: (p=192, n=148, P=332, N=626), precision: 0.565
2025-03-04 18:59:11,850 - INFO - Regula po iteracji 0: IF middle-middle-square = {o} THEN class = negative, (p=192, n=148, P=332, N=626)
2025-03-04 18:59:11,852 - INFO - Iteracja 1: condition_best: bottom-right-square = {o}, quality_best: 0.309, coverage_best: (p=70, n=33, P=332, N=626), precision: 0.68
2025-03-04 18:59:11,852 - INFO - Regula po iteracji 1: IF middle-middle-square = {o} AND bottom-right-square = {o} THEN class = negative, (p=70, n=33, P=332, N=626)
2025-03-04 18:59:11,853 - INFO - Iteracja 2: condition_best: top-right-square = {x}, quality_best: 0.259, coverage_best: (p=39, n=21, P=332, N=626), precision: 0.65
2025-03-04 18:59:11,854 - INFO - Regula po iteracji 2: IF middle-middle-square = {o} AND bottom-right-square = {o} AND top-right-square = {x} THEN class = negative, (p=39, n=21, P=332, N=626)
2025-03-04 18:59:11,855 - INFO - Iteracja 3: condition_best: bottom-left-square = {x}, quality_best: 0.288, coverage_best: (p=21, n=9, P=332, N=626), precision: 0.7
2025-03-04 18:59:11,855 - INFO - Regula po iteracji 3: IF middle-middle-square = {o} AND bottom-right-square = {o} AND top-right-square = {x} AND bottom-left-square = {x} THEN class = negative, (p=21, n=9, P=332, N=626)
2025-03-04 18:59:11,856 - INFO - Iteracja 4: condition_best: None, quality_best: -inf, coverage_best: (p=0, n=0, P=0, N=0), precision: 0
2025-03-04 18:59:11,857 - INFO - Regula po iteracji 4: IF middle-middle-square = {o} AND bottom-right-square = {o} AND top-right-square = {x} AND bottom-left-square = {x} THEN class = negative, (p=21, n=9, P=332, N=626)
2025-03-04 18:59:11,857 - INFO - *******STOP GROWING CR RULE*******
2025-03-04 18:59:11,859 - INFO - *******GROWING CR RULE*******
2025-03-04 18:59:11,863 - INFO - Iteracja 0: condition_best: middle-middle-square = {o}, quality_best: 0.263, coverage_best: (p=192, n=148, P=332, N=626), precision: 0.565
2025-03-04 18:59:11,863 - INFO - Regula po iteracji 0: IF middle-middle-square = {o} THEN class = negative, (p=192, n=148, P=332, N=626)
2025-03-04 18:59:11,865 - INFO - Iteracja 1: condition_best: top-middle-square = {x}, quality_best: 0.255, coverage_best: (p=94, n=61, P=332, N=626), precision: 0.606
2025-03-04 18:59:11,865 - INFO - Regula po iteracji 1: IF middle-middle-square = {o} AND top-middle-square = {x} THEN class = negative, (p=94, n=61, P=332, N=626)
2025-03-04 18:59:11,866 - INFO - Iteracja 2: condition_best: top-left-square = {b}, quality_best: 0.375, coverage_best: (p=21, n=5, P=332, N=626), precision: 0.808
2025-03-04 18:59:11,867 - INFO - Regula po iteracji 2: IF middle-middle-square = {o} AND top-middle-square = {x} AND top-left-square = {b} THEN class = negative, (p=21, n=5, P=332, N=626)
2025-03-04 18:59:11,868 - INFO - *****GROWING RR RULE*****
2025-03-04 18:59:11,874 - INFO - Iteracja 0: condition_best: None quality_best: -inf, coverage_best: (p=0, n=0, P=0, N=0), number_of_covered_negatives_best: 0, best_score: 0, precision: 0
2025-03-04 18:59:11,875 - INFO - Regula po iteracji 0: IF  THEN class = negative, (p=311, n=647, P=311, N=647)
2025-03-04 18:59:11,875 - INFO - *****STOP GROWING RR RULE*****
2025-03-04 18:59:11,875 - INFO - ***RR NOT FOUND***
2025-03-04 18:59:11,876 - INFO - Iteracja 3: condition_best: middle-right-square = {o}, quality_best: 0.451, coverage_best: (p=11, n=1, P=332, N=626), precision: 0.917
2025-03-04 18:59:11,876 - INFO - Regula po iteracji 3: IF middle-middle-square = {o} AND top-middle-square = {x} AND top-left-square = {b} AND middle-right-square = {o} THEN class = negative, (p=11, n=1, P=332, N=626)
2025-03-04 18:59:11,877 - INFO - *****GROWING RR RULE*****
2025-03-04 18:59:11,884 - INFO - Iteracja 0: condition_best: None quality_best: -inf, coverage_best: (p=0, n=0, P=0, N=0), number_of_covered_negatives_best: 0, best_score: 0, precision: 0
2025-03-04 18:59:11,884 - INFO - Regula po iteracji 0: IF  THEN class = negative, (p=321, n=637, P=321, N=637)
2025-03-04 18:59:11,884 - INFO - *****STOP GROWING RR RULE*****
2025-03-04 18:59:11,884 - INFO - ***RR NOT FOUND***
2025-03-04 18:59:11,885 - INFO - Iteracja 4: condition_best: middle-left-square = {o}, quality_best: 0.514, coverage_best: (p=9, n=0, P=332, N=626), precision: 1.0
2025-03-04 18:59:11,886 - INFO - Regula po iteracji 4: IF middle-middle-square = {o} AND top-middle-square = {x} AND top-left-square = {b} AND middle-right-square = {o} AND middle-left-square = {o} THEN class = negative, (p=9, n=0, P=332, N=626)
2025-03-04 18:59:11,886 - INFO - *******STOP GROWING CR RULE*******
2025-03-04 18:59:11,895 - INFO - *******GROWING CR RULE*******
2025-03-04 18:59:11,899 - INFO - Iteracja 0: condition_best: middle-middle-square = {o}, quality_best: 0.263, coverage_best: (p=192, n=148, P=332, N=626), precision: 0.565
2025-03-04 18:59:11,899 - INFO - Regula po iteracji 0: IF middle-middle-square = {o} THEN class = negative, (p=192, n=148, P=332, N=626)
2025-03-04 18:59:11,901 - INFO - Iteracja 1: condition_best: middle-left-square = {x}, quality_best: 0.255, coverage_best: (p=94, n=61, P=332, N=626), precision: 0.606
2025-03-04 18:59:11,901 - INFO - Regula po iteracji 1: IF middle-middle-square = {o} AND middle-left-square = {x} THEN class = negative, (p=94, n=61, P=332, N=626)
2025-03-04 18:59:11,902 - INFO - Iteracja 2: condition_best: top-left-square = {b}, quality_best: 0.375, coverage_best: (p=21, n=5, P=332, N=626), precision: 0.808
2025-03-04 18:59:11,903 - INFO - Regula po iteracji 2: IF middle-middle-square = {o} AND middle-left-square = {x} AND top-left-square = {b} THEN class = negative, (p=21, n=5, P=332, N=626)
2025-03-04 18:59:11,904 - INFO - *****GROWING RR RULE*****
2025-03-04 18:59:11,911 - INFO - Iteracja 0: condition_best: None quality_best: -inf, coverage_best: (p=0, n=0, P=0, N=0), number_of_covered_negatives_best: 0, best_score: 0, precision: 0
2025-03-04 18:59:11,911 - INFO - Regula po iteracji 0: IF  THEN class = negative, (p=311, n=647, P=311, N=647)
2025-03-04 18:59:11,911 - INFO - *****STOP GROWING RR RULE*****
2025-03-04 18:59:11,911 - INFO - ***RR NOT FOUND***
2025-03-04 18:59:11,912 - INFO - Iteracja 3: condition_best: bottom-middle-square = {o}, quality_best: 0.451, coverage_best: (p=11, n=1, P=332, N=626), precision: 0.917
2025-03-04 18:59:11,912 - INFO - Regula po iteracji 3: IF middle-middle-square = {o} AND middle-left-square = {x} AND top-left-square = {b} AND bottom-middle-square = {o} THEN class = negative, (p=11, n=1, P=332, N=626)
2025-03-04 18:59:11,914 - INFO - *****GROWING RR RULE*****
2025-03-04 18:59:11,920 - INFO - Iteracja 0: condition_best: None quality_best: -inf, coverage_best: (p=0, n=0, P=0, N=0), number_of_covered_negatives_best: 0, best_score: 0, precision: 0
2025-03-04 18:59:11,920 - INFO - Regula po iteracji 0: IF  THEN class = negative, (p=321, n=637, P=321, N=637)
2025-03-04 18:59:11,920 - INFO - *****STOP GROWING RR RULE*****
2025-03-04 18:59:11,920 - INFO - ***RR NOT FOUND***
2025-03-04 18:59:11,921 - INFO - Iteracja 4: condition_best: top-middle-square = {o}, quality_best: 0.514, coverage_best: (p=9, n=0, P=332, N=626), precision: 1.0
2025-03-04 18:59:11,922 - INFO - Regula po iteracji 4: IF middle-middle-square = {o} AND middle-left-square = {x} AND top-left-square = {b} AND bottom-middle-square = {o} AND top-middle-square = {o} THEN class = negative, (p=9, n=0, P=332, N=626)
2025-03-04 18:59:11,922 - INFO - *******STOP GROWING CR RULE*******
2025-03-04 18:59:11,931 - INFO - *******GROWING CR RULE*******
2025-03-04 18:59:11,935 - INFO - Iteracja 0: condition_best: top-left-square = {o}, quality_best: 0.098, coverage_best: (p=146, n=189, P=332, N=626), precision: 0.436
2025-03-04 18:59:11,935 - INFO - Regula po iteracji 0: IF top-left-square = {o} THEN class = negative, (p=146, n=189, P=332, N=626)
2025-03-04 18:59:11,937 - INFO - Iteracja 1: condition_best: top-right-square = {o}, quality_best: 0.202, coverage_best: (p=55, n=41, P=332, N=626), precision: 0.573
2025-03-04 18:59:11,937 - INFO - Regula po iteracji 1: IF top-left-square = {o} AND top-right-square = {o} THEN class = negative, (p=55, n=41, P=332, N=626)
2025-03-04 18:59:11,938 - INFO - Iteracja 2: condition_best: top-middle-square = {o}, quality_best: 0.554, coverage_best: (p=36, n=0, P=332, N=626), precision: 1.0
2025-03-04 18:59:11,939 - INFO - Regula po iteracji 2: IF top-left-square = {o} AND top-right-square = {o} AND top-middle-square = {o} THEN class = negative, (p=36, n=0, P=332, N=626)
2025-03-04 18:59:11,939 - INFO - *******STOP GROWING CR RULE*******
2025-03-04 18:59:11,941 - INFO - *******GROWING CR RULE*******
2025-03-04 18:59:11,945 - INFO - Iteracja 0: condition_best: top-left-square = {o}, quality_best: 0.098, coverage_best: (p=146, n=189, P=332, N=626), precision: 0.436
2025-03-04 18:59:11,945 - INFO - Regula po iteracji 0: IF top-left-square = {o} THEN class = negative, (p=146, n=189, P=332, N=626)
2025-03-04 18:59:11,947 - INFO - Iteracja 1: condition_best: top-right-square = {o}, quality_best: 0.202, coverage_best: (p=55, n=41, P=332, N=626), precision: 0.573
2025-03-04 18:59:11,947 - INFO - Regula po iteracji 1: IF top-left-square = {o} AND top-right-square = {o} THEN class = negative, (p=55, n=41, P=332, N=626)
2025-03-04 18:59:11,948 - INFO - Iteracja 2: condition_best: bottom-left-square = {x}, quality_best: 0.219, coverage_best: (p=31, n=20, P=332, N=626), precision: 0.608
2025-03-04 18:59:11,949 - INFO - Regula po iteracji 2: IF top-left-square = {o} AND top-right-square = {o} AND bottom-left-square = {x} THEN class = negative, (p=31, n=20, P=332, N=626)
2025-03-04 18:59:11,950 - INFO - Iteracja 3: condition_best: None, quality_best: -inf, coverage_best: (p=0, n=0, P=0, N=0), precision: 0
2025-03-04 18:59:11,950 - INFO - Regula po iteracji 3: IF top-left-square = {o} AND top-right-square = {o} AND bottom-left-square = {x} THEN class = negative, (p=31, n=20, P=332, N=626)
2025-03-04 18:59:11,950 - INFO - *******STOP GROWING CR RULE*******
2025-03-04 18:59:11,953 - INFO - *******GROWING CR RULE*******
2025-03-04 18:59:11,956 - INFO - Iteracja 0: condition_best: top-left-square = {o}, quality_best: 0.098, coverage_best: (p=146, n=189, P=332, N=626), precision: 0.436
2025-03-04 18:59:11,957 - INFO - Regula po iteracji 0: IF top-left-square = {o} THEN class = negative, (p=146, n=189, P=332, N=626)
2025-03-04 18:59:11,958 - INFO - Iteracja 1: condition_best: bottom-left-square = {o}, quality_best: 0.202, coverage_best: (p=55, n=41, P=332, N=626), precision: 0.573
2025-03-04 18:59:11,959 - INFO - Regula po iteracji 1: IF top-left-square = {o} AND bottom-left-square = {o} THEN class = negative, (p=55, n=41, P=332, N=626)
2025-03-04 18:59:11,960 - INFO - Iteracja 2: condition_best: middle-left-square = {o}, quality_best: 0.554, coverage_best: (p=36, n=0, P=332, N=626), precision: 1.0
2025-03-04 18:59:11,960 - INFO - Regula po iteracji 2: IF top-left-square = {o} AND bottom-left-square = {o} AND middle-left-square = {o} THEN class = negative, (p=36, n=0, P=332, N=626)
2025-03-04 18:59:11,960 - INFO - *******STOP GROWING CR RULE*******
2025-03-04 18:59:11,963 - INFO - *******GROWING CR RULE*******
2025-03-04 18:59:11,966 - INFO - Iteracja 0: condition_best: top-left-square = {o}, quality_best: 0.098, coverage_best: (p=146, n=189, P=332, N=626), precision: 0.436
2025-03-04 18:59:11,967 - INFO - Regula po iteracji 0: IF top-left-square = {o} THEN class = negative, (p=146, n=189, P=332, N=626)
2025-03-04 18:59:11,968 - INFO - Iteracja 1: condition_best: bottom-left-square = {o}, quality_best: 0.202, coverage_best: (p=55, n=41, P=332, N=626), precision: 0.573
2025-03-04 18:59:11,969 - INFO - Regula po iteracji 1: IF top-left-square = {o} AND bottom-left-square = {o} THEN class = negative, (p=55, n=41, P=332, N=626)
2025-03-04 18:59:11,970 - INFO - Iteracja 2: condition_best: top-right-square = {x}, quality_best: 0.219, coverage_best: (p=31, n=20, P=332, N=626), precision: 0.608
2025-03-04 18:59:11,970 - INFO - Regula po iteracji 2: IF top-left-square = {o} AND bottom-left-square = {o} AND top-right-square = {x} THEN class = negative, (p=31, n=20, P=332, N=626)
2025-03-04 18:59:11,971 - INFO - Iteracja 3: condition_best: None, quality_best: -inf, coverage_best: (p=0, n=0, P=0, N=0), precision: 0
2025-03-04 18:59:11,972 - INFO - Regula po iteracji 3: IF top-left-square = {o} AND bottom-left-square = {o} AND top-right-square = {x} THEN class = negative, (p=31, n=20, P=332, N=626)
2025-03-04 18:59:11,972 - INFO - *******STOP GROWING CR RULE*******
2025-03-04 18:59:11,974 - INFO - *******GROWING CR RULE*******
2025-03-04 18:59:11,977 - INFO - Iteracja 0: condition_best: top-right-square = {o}, quality_best: 0.098, coverage_best: (p=146, n=189, P=332, N=626), precision: 0.436
2025-03-04 18:59:11,978 - INFO - Regula po iteracji 0: IF top-right-square = {o} THEN class = negative, (p=146, n=189, P=332, N=626)
2025-03-04 18:59:11,979 - INFO - Iteracja 1: condition_best: bottom-right-square = {o}, quality_best: 0.202, coverage_best: (p=55, n=41, P=332, N=626), precision: 0.573
2025-03-04 18:59:11,980 - INFO - Regula po iteracji 1: IF top-right-square = {o} AND bottom-right-square = {o} THEN class = negative, (p=55, n=41, P=332, N=626)
2025-03-04 18:59:11,981 - INFO - Iteracja 2: condition_best: middle-right-square = {o}, quality_best: 0.554, coverage_best: (p=36, n=0, P=332, N=626), precision: 1.0
2025-03-04 18:59:11,981 - INFO - Regula po iteracji 2: IF top-right-square = {o} AND bottom-right-square = {o} AND middle-right-square = {o} THEN class = negative, (p=36, n=0, P=332, N=626)
2025-03-04 18:59:11,981 - INFO - *******STOP GROWING CR RULE*******
2025-03-04 18:59:11,984 - INFO - *******GROWING CR RULE*******
2025-03-04 18:59:11,987 - INFO - Iteracja 0: condition_best: top-right-square = {o}, quality_best: 0.098, coverage_best: (p=146, n=189, P=332, N=626), precision: 0.436
2025-03-04 18:59:11,987 - INFO - Regula po iteracji 0: IF top-right-square = {o} THEN class = negative, (p=146, n=189, P=332, N=626)
2025-03-04 18:59:11,989 - INFO - Iteracja 1: condition_best: bottom-right-square = {o}, quality_best: 0.202, coverage_best: (p=55, n=41, P=332, N=626), precision: 0.573
2025-03-04 18:59:11,990 - INFO - Regula po iteracji 1: IF top-right-square = {o} AND bottom-right-square = {o} THEN class = negative, (p=55, n=41, P=332, N=626)
2025-03-04 18:59:11,991 - INFO - Iteracja 2: condition_best: top-left-square = {x}, quality_best: 0.219, coverage_best: (p=31, n=20, P=332, N=626), precision: 0.608
2025-03-04 18:59:11,991 - INFO - Regula po iteracji 2: IF top-right-square = {o} AND bottom-right-square = {o} AND top-left-square = {x} THEN class = negative, (p=31, n=20, P=332, N=626)
2025-03-04 18:59:11,992 - INFO - Iteracja 3: condition_best: None, quality_best: -inf, coverage_best: (p=0, n=0, P=0, N=0), precision: 0
2025-03-04 18:59:11,993 - INFO - Regula po iteracji 3: IF top-right-square = {o} AND bottom-right-square = {o} AND top-left-square = {x} THEN class = negative, (p=31, n=20, P=332, N=626)
2025-03-04 18:59:11,993 - INFO - *******STOP GROWING CR RULE*******
2025-03-04 18:59:11,995 - INFO - *******GROWING CR RULE*******
2025-03-04 18:59:11,998 - INFO - Iteracja 0: condition_best: bottom-left-square = {o}, quality_best: 0.098, coverage_best: (p=146, n=189, P=332, N=626), precision: 0.436
2025-03-04 18:59:11,999 - INFO - Regula po iteracji 0: IF bottom-left-square = {o} THEN class = negative, (p=146, n=189, P=332, N=626)
2025-03-04 18:59:12,000 - INFO - Iteracja 1: condition_best: bottom-right-square = {o}, quality_best: 0.202, coverage_best: (p=55, n=41, P=332, N=626), precision: 0.573
2025-03-04 18:59:12,001 - INFO - Regula po iteracji 1: IF bottom-left-square = {o} AND bottom-right-square = {o} THEN class = negative, (p=55, n=41, P=332, N=626)
2025-03-04 18:59:12,002 - INFO - Iteracja 2: condition_best: bottom-middle-square = {o}, quality_best: 0.554, coverage_best: (p=36, n=0, P=332, N=626), precision: 1.0
2025-03-04 18:59:12,002 - INFO - Regula po iteracji 2: IF bottom-left-square = {o} AND bottom-right-square = {o} AND bottom-middle-square = {o} THEN class = negative, (p=36, n=0, P=332, N=626)
2025-03-04 18:59:12,002 - INFO - *******STOP GROWING CR RULE*******
2025-03-04 18:59:12,005 - INFO - *******GROWING CR RULE*******
2025-03-04 18:59:12,008 - INFO - Iteracja 0: condition_best: None, quality_best: -inf, coverage_best: (p=0, n=0, P=0, N=0), precision: 0
2025-03-04 18:59:12,008 - INFO - Regula po iteracji 0: IF  THEN class = negative, (p=332, n=626, P=332, N=626)
2025-03-04 18:59:12,008 - INFO - *******STOP GROWING CR RULE*******
2025-03-04 18:59:12,057 - INFO - ************************Finished experiment for tic-tac-toe.arff with algorithm3************************
2025-03-04 18:59:12,057 - INFO - *************************************************************************************************************************
2025-03-04 18:59:12,057 - INFO - *************************************************************************************************************************
2025-03-04 18:59:12,057 - INFO - *************************************************************************************************************************
