2025-03-05 11:28:57,789 - INFO - **********Starting experiment for 10_pbc.arff with algorithm3**********
2025-03-05 11:28:57,797 - INFO - *******GROWING CR RULE*******
2025-03-05 11:29:13,382 - INFO - Iteracja 0: condition_best: edema <= 0.75, quality_best: 1.0, coverage_best: (p=398, n=0, P=418, N=0)
2025-03-05 11:29:13,389 - INFO - Regula po iteracji 0: IF edema <= 0.75 THEN survival_status = {nan}, (p=398, n=0, P=418, N=0)
2025-03-05 11:29:13,389 - INFO - *****GROWING RR RULE*****
2025-03-05 11:29:59,570 - INFO - Iteracja 0: condition_best: None, quality_best: -inf, coverage_best: (p=0, n=0, P=0, N=0), p_value: 0
2025-03-05 11:29:59,574 - INFO - Regula po iteracji 0: IF  THEN survival_status = {nan}, (p=418, n=0, P=418, N=0)
2025-03-05 11:29:59,574 - INFO - *****STOP GROWING RR RULE*****
2025-03-05 11:29:59,574 - INFO - ***RR NOT FOUND***
2025-03-05 11:30:15,082 - INFO - Iteracja 1: condition_best: age <= 76.73, quality_best: 1.0, coverage_best: (p=397, n=0, P=418, N=0)
2025-03-05 11:30:15,089 - INFO - Regula po iteracji 1: IF edema <= 0.75 AND age <= 76.73 THEN survival_status = {3561.0}, (p=397, n=0, P=418, N=0)
2025-03-05 11:30:15,089 - INFO - *****GROWING RR RULE*****
2025-03-05 11:31:01,146 - INFO - Iteracja 0: condition_best: None, quality_best: -inf, coverage_best: (p=0, n=0, P=0, N=0), p_value: 0
2025-03-05 11:31:01,151 - INFO - Regula po iteracji 0: IF  THEN survival_status = {nan}, (p=418, n=0, P=418, N=0)
2025-03-05 11:31:01,151 - INFO - *****STOP GROWING RR RULE*****
2025-03-05 11:31:01,151 - INFO - ***RR NOT FOUND***
2025-03-05 11:31:16,974 - INFO - Iteracja 2: condition_best: age >= 27.58, quality_best: 1.0, coverage_best: (p=396, n=0, P=418, N=0)
2025-03-05 11:31:16,980 - INFO - Regula po iteracji 2: IF edema <= 0.75 AND age <= 76.73 AND age >= 27.58 THEN survival_status = {3561.0}, (p=396, n=0, P=418, N=0)
2025-03-05 11:31:16,981 - INFO - *****GROWING RR RULE*****
2025-03-05 11:32:02,989 - INFO - Iteracja 0: condition_best: None, quality_best: -inf, coverage_best: (p=0, n=0, P=0, N=0), p_value: 0
2025-03-05 11:32:02,993 - INFO - Regula po iteracji 0: IF  THEN survival_status = {nan}, (p=418, n=0, P=418, N=0)
2025-03-05 11:32:02,993 - INFO - *****STOP GROWING RR RULE*****
2025-03-05 11:32:02,993 - INFO - ***RR NOT FOUND***
2025-03-05 11:32:19,094 - INFO - Iteracja 3: condition_best: bili <= 26.75, quality_best: 1.0, coverage_best: (p=395, n=0, P=418, N=0)
2025-03-05 11:32:19,101 - INFO - Regula po iteracji 3: IF edema <= 0.75 AND age <= 76.73 AND age >= 27.58 AND bili <= 26.75 THEN survival_status = {3561.0}, (p=395, n=0, P=418, N=0)
2025-03-05 11:32:19,101 - INFO - *****GROWING RR RULE*****
2025-03-05 11:33:05,119 - INFO - Iteracja 0: condition_best: None, quality_best: -inf, coverage_best: (p=0, n=0, P=0, N=0), p_value: 0
2025-03-05 11:33:05,123 - INFO - Regula po iteracji 0: IF  THEN survival_status = {nan}, (p=418, n=0, P=418, N=0)
2025-03-05 11:33:05,123 - INFO - *****STOP GROWING RR RULE*****
2025-03-05 11:33:05,123 - INFO - ***RR NOT FOUND***
2025-03-05 11:33:21,654 - INFO - Iteracja 4: condition_best: bili <= 25.00, quality_best: 1.0, coverage_best: (p=394, n=0, P=418, N=0)
2025-03-05 11:33:21,661 - INFO - Regula po iteracji 4: IF edema <= 0.75 AND age <= 76.73 AND age >= 27.58 AND bili <= 26.75 AND bili <= 25.00 THEN survival_status = {3561.0}, (p=394, n=0, P=418, N=0)
2025-03-05 11:33:21,662 - INFO - *****GROWING RR RULE*****
2025-03-05 11:34:07,671 - INFO - Iteracja 0: condition_best: None, quality_best: -inf, coverage_best: (p=0, n=0, P=0, N=0), p_value: 0
2025-03-05 11:34:07,676 - INFO - Regula po iteracji 0: IF  THEN survival_status = {nan}, (p=418, n=0, P=418, N=0)
2025-03-05 11:34:07,676 - INFO - *****STOP GROWING RR RULE*****
2025-03-05 11:34:07,676 - INFO - ***RR NOT FOUND***
2025-03-05 11:34:07,676 - INFO - *******STOP GROWING CR RULE*******
2025-03-05 11:34:07,683 - INFO - *******GROWING CR RULE*******
2025-03-05 11:34:18,174 - INFO - Iteracja 0: condition_best: bili <= 13.90, quality_best: 1.0, coverage_best: (p=396, n=0, P=418, N=0)
2025-03-05 11:34:18,181 - INFO - Regula po iteracji 0: IF bili <= 13.90 THEN survival_status = {nan}, (p=396, n=0, P=418, N=0)
2025-03-05 11:34:18,181 - INFO - *****GROWING RR RULE*****
2025-03-05 11:35:04,132 - INFO - Iteracja 0: condition_best: None, quality_best: -inf, coverage_best: (p=0, n=0, P=0, N=0), p_value: 0
2025-03-05 11:35:04,137 - INFO - Regula po iteracji 0: IF  THEN survival_status = {nan}, (p=418, n=0, P=418, N=0)
2025-03-05 11:35:04,137 - INFO - *****STOP GROWING RR RULE*****
2025-03-05 11:35:04,137 - INFO - ***RR NOT FOUND***
2025-03-05 11:35:14,679 - INFO - Iteracja 1: condition_best: bili <= 13.70, quality_best: 1.0, coverage_best: (p=395, n=0, P=418, N=0)
2025-03-05 11:35:14,686 - INFO - Regula po iteracji 1: IF bili <= 13.90 AND bili <= 13.70 THEN survival_status = {3561.0}, (p=395, n=0, P=418, N=0)
2025-03-05 11:35:14,686 - INFO - *****GROWING RR RULE*****
2025-03-05 11:36:00,769 - INFO - Iteracja 0: condition_best: None, quality_best: -inf, coverage_best: (p=0, n=0, P=0, N=0), p_value: 0
2025-03-05 11:36:00,773 - INFO - Regula po iteracji 0: IF  THEN survival_status = {nan}, (p=418, n=0, P=418, N=0)
2025-03-05 11:36:00,773 - INFO - *****STOP GROWING RR RULE*****
2025-03-05 11:36:00,773 - INFO - ***RR NOT FOUND***
2025-03-05 11:36:11,591 - INFO - Iteracja 2: condition_best: age <= 77.57, quality_best: 1.0, coverage_best: (p=394, n=0, P=418, N=0)
2025-03-05 11:36:11,597 - INFO - Regula po iteracji 2: IF bili <= 13.90 AND bili <= 13.70 AND age <= 77.57 THEN survival_status = {3561.0}, (p=394, n=0, P=418, N=0)
2025-03-05 11:36:11,597 - INFO - *****GROWING RR RULE*****
2025-03-05 11:36:57,584 - INFO - Iteracja 0: condition_best: None, quality_best: -inf, coverage_best: (p=0, n=0, P=0, N=0), p_value: 0
2025-03-05 11:36:57,589 - INFO - Regula po iteracji 0: IF  THEN survival_status = {nan}, (p=418, n=0, P=418, N=0)
2025-03-05 11:36:57,589 - INFO - *****STOP GROWING RR RULE*****
2025-03-05 11:36:57,589 - INFO - ***RR NOT FOUND***
2025-03-05 11:37:08,792 - INFO - Iteracja 3: condition_best: age <= 75.86, quality_best: 1.0, coverage_best: (p=393, n=0, P=418, N=0)
2025-03-05 11:37:08,798 - INFO - Regula po iteracji 3: IF bili <= 13.90 AND bili <= 13.70 AND age <= 77.57 AND age <= 75.86 THEN survival_status = {3561.0}, (p=393, n=0, P=418, N=0)
2025-03-05 11:37:08,798 - INFO - *****GROWING RR RULE*****
2025-03-05 11:37:54,712 - INFO - Iteracja 0: condition_best: None, quality_best: -inf, coverage_best: (p=0, n=0, P=0, N=0), p_value: 0
2025-03-05 11:37:54,716 - INFO - Regula po iteracji 0: IF  THEN survival_status = {nan}, (p=418, n=0, P=418, N=0)
2025-03-05 11:37:54,716 - INFO - *****STOP GROWING RR RULE*****
2025-03-05 11:37:54,716 - INFO - ***RR NOT FOUND***
2025-03-05 11:38:06,166 - INFO - Iteracja 4: condition_best: age >= 27.58, quality_best: 1.0, coverage_best: (p=392, n=0, P=418, N=0)
2025-03-05 11:38:06,172 - INFO - Regula po iteracji 4: IF bili <= 13.90 AND bili <= 13.70 AND age <= 77.57 AND age <= 75.86 AND age >= 27.58 THEN survival_status = {3561.0}, (p=392, n=0, P=418, N=0)
2025-03-05 11:38:06,173 - INFO - *****GROWING RR RULE*****
2025-03-05 11:38:52,114 - INFO - Iteracja 0: condition_best: None, quality_best: -inf, coverage_best: (p=0, n=0, P=0, N=0), p_value: 0
2025-03-05 11:38:52,118 - INFO - Regula po iteracji 0: IF  THEN survival_status = {nan}, (p=418, n=0, P=418, N=0)
2025-03-05 11:38:52,118 - INFO - *****STOP GROWING RR RULE*****
2025-03-05 11:38:52,118 - INFO - ***RR NOT FOUND***
2025-03-05 11:38:52,118 - INFO - *******STOP GROWING CR RULE*******
2025-03-05 11:38:52,124 - INFO - *******GROWING CR RULE*******
2025-03-05 11:39:02,378 - INFO - Iteracja 0: condition_best: bili >= 1.05, quality_best: 1.0, coverage_best: (p=261, n=0, P=418, N=0)
2025-03-05 11:39:02,385 - INFO - Regula po iteracji 0: IF bili >= 1.05 THEN survival_status = {nan}, (p=261, n=0, P=418, N=0)
2025-03-05 11:39:02,385 - INFO - *****GROWING RR RULE*****
2025-03-05 11:39:42,868 - INFO - Iteracja 0: condition_best: albumin <= 3.55, quality_best: 1.0, coverage_best: (p=219, n=0, P=418, N=0), p_value: 0.999
2025-03-05 11:39:42,874 - INFO - Regula po iteracji 0: IF albumin <= 3.55 THEN survival_status = {nan}, (p=219, n=0, P=418, N=0)
2025-03-05 11:40:06,331 - INFO - Iteracja 1: condition_best: platelet >= 66.50, quality_best: 1.0, coverage_best: (p=216, n=0, P=418, N=0), p_value: 0.999
2025-03-05 11:40:06,338 - INFO - Regula po iteracji 1: IF albumin <= 3.55 AND platelet >= 66.50 THEN survival_status = {2297.0}, (p=216, n=0, P=418, N=0)
2025-03-05 11:40:29,736 - INFO - Iteracja 2: condition_best: None, quality_best: -inf, coverage_best: (p=0, n=0, P=0, N=0), p_value: 0.999
2025-03-05 11:40:29,743 - INFO - Regula po iteracji 2: IF albumin <= 3.55 AND platelet >= 66.50 THEN survival_status = {2297.0}, (p=216, n=0, P=418, N=0)
2025-03-05 11:40:29,743 - INFO - *****STOP GROWING RR RULE*****
2025-03-05 11:40:29,743 - INFO - ***RR FOUND***
2025-03-05 11:40:29,743 - INFO - Reference rule: IF albumin <= 3.55 THEN survival_status = {2297.0}
2025-03-05 11:40:29,743 - INFO - ***CHECKING EXCEPTION***
2025-03-05 11:40:29,747 - INFO - ER vs CR p_value: 0.024309075084166465
2025-03-05 11:40:29,747 - INFO - ER vs RR p_value: 0.032930025898995186
2025-03-05 11:40:29,768 - INFO - ***ER FOUND***
2025-03-05 11:40:29,768 - INFO - Exception rule: IF bili >= 1.05 AND albumin <= 3.55 THEN survival_status = {1536.0} (p=163, n=0, P=418, N=0)
2025-03-05 11:40:29,768 - INFO - *******STOP GROWING CR RULE*******
2025-03-05 11:40:29,774 - INFO - *******GROWING CR RULE*******
2025-03-05 11:40:39,897 - INFO - Iteracja 0: condition_best: edema <= 0.75, quality_best: 1.0, coverage_best: (p=398, n=0, P=418, N=0)
2025-03-05 11:40:39,904 - INFO - Regula po iteracji 0: IF edema <= 0.75 THEN survival_status = {nan}, (p=398, n=0, P=418, N=0)
2025-03-05 11:40:39,904 - INFO - *****GROWING RR RULE*****
2025-03-05 11:41:25,972 - INFO - Iteracja 0: condition_best: None, quality_best: -inf, coverage_best: (p=0, n=0, P=0, N=0), p_value: 0
2025-03-05 11:41:25,977 - INFO - Regula po iteracji 0: IF  THEN survival_status = {nan}, (p=418, n=0, P=418, N=0)
2025-03-05 11:41:25,977 - INFO - *****STOP GROWING RR RULE*****
2025-03-05 11:41:25,977 - INFO - ***RR NOT FOUND***
2025-03-05 11:41:36,319 - INFO - Iteracja 1: condition_best: age <= 76.73, quality_best: 1.0, coverage_best: (p=397, n=0, P=418, N=0)
2025-03-05 11:41:36,326 - INFO - Regula po iteracji 1: IF edema <= 0.75 AND age <= 76.73 THEN survival_status = {3561.0}, (p=397, n=0, P=418, N=0)
2025-03-05 11:41:36,327 - INFO - *****GROWING RR RULE*****
2025-03-05 11:42:22,402 - INFO - Iteracja 0: condition_best: None, quality_best: -inf, coverage_best: (p=0, n=0, P=0, N=0), p_value: 0
2025-03-05 11:42:22,407 - INFO - Regula po iteracji 0: IF  THEN survival_status = {nan}, (p=418, n=0, P=418, N=0)
2025-03-05 11:42:22,407 - INFO - *****STOP GROWING RR RULE*****
2025-03-05 11:42:22,407 - INFO - ***RR NOT FOUND***
2025-03-05 11:42:33,187 - INFO - Iteracja 2: condition_best: age >= 27.58, quality_best: 1.0, coverage_best: (p=396, n=0, P=418, N=0)
2025-03-05 11:42:33,194 - INFO - Regula po iteracji 2: IF edema <= 0.75 AND age <= 76.73 AND age >= 27.58 THEN survival_status = {3561.0}, (p=396, n=0, P=418, N=0)
2025-03-05 11:42:33,194 - INFO - *****GROWING RR RULE*****
2025-03-05 11:43:19,178 - INFO - Iteracja 0: condition_best: None, quality_best: -inf, coverage_best: (p=0, n=0, P=0, N=0), p_value: 0
2025-03-05 11:43:19,183 - INFO - Regula po iteracji 0: IF  THEN survival_status = {nan}, (p=418, n=0, P=418, N=0)
2025-03-05 11:43:19,183 - INFO - *****STOP GROWING RR RULE*****
2025-03-05 11:43:19,183 - INFO - ***RR NOT FOUND***
2025-03-05 11:43:30,107 - INFO - Iteracja 3: condition_best: bili <= 26.75, quality_best: 1.0, coverage_best: (p=395, n=0, P=418, N=0)
2025-03-05 11:43:30,114 - INFO - Regula po iteracji 3: IF edema <= 0.75 AND age <= 76.73 AND age >= 27.58 AND bili <= 26.75 THEN survival_status = {3561.0}, (p=395, n=0, P=418, N=0)
2025-03-05 11:43:30,114 - INFO - *****GROWING RR RULE*****
2025-03-05 11:44:16,033 - INFO - Iteracja 0: condition_best: None, quality_best: -inf, coverage_best: (p=0, n=0, P=0, N=0), p_value: 0
2025-03-05 11:44:16,038 - INFO - Regula po iteracji 0: IF  THEN survival_status = {nan}, (p=418, n=0, P=418, N=0)
2025-03-05 11:44:16,038 - INFO - *****STOP GROWING RR RULE*****
2025-03-05 11:44:16,038 - INFO - ***RR NOT FOUND***
2025-03-05 11:44:27,343 - INFO - Iteracja 4: condition_best: bili <= 25.00, quality_best: 1.0, coverage_best: (p=394, n=0, P=418, N=0)
2025-03-05 11:44:27,350 - INFO - Regula po iteracji 4: IF edema <= 0.75 AND age <= 76.73 AND age >= 27.58 AND bili <= 26.75 AND bili <= 25.00 THEN survival_status = {3561.0}, (p=394, n=0, P=418, N=0)
2025-03-05 11:44:27,350 - INFO - *****GROWING RR RULE*****
2025-03-05 11:45:13,259 - INFO - Iteracja 0: condition_best: None, quality_best: -inf, coverage_best: (p=0, n=0, P=0, N=0), p_value: 0
2025-03-05 11:45:13,263 - INFO - Regula po iteracji 0: IF  THEN survival_status = {nan}, (p=418, n=0, P=418, N=0)
2025-03-05 11:45:13,264 - INFO - *****STOP GROWING RR RULE*****
2025-03-05 11:45:13,264 - INFO - ***RR NOT FOUND***
2025-03-05 11:45:13,264 - INFO - *******STOP GROWING CR RULE*******
2025-03-05 11:45:13,413 - INFO - ************************Finished experiment for 10_pbc.arff with algorithm3************************
2025-03-05 11:45:13,414 - INFO - *************************************************************************************************************************
2025-03-05 11:45:13,414 - INFO - *************************************************************************************************************************
2025-03-05 11:45:13,414 - INFO - *************************************************************************************************************************
2025-03-05 11:45:13,415 - INFO - **********Starting experiment for 10_pbc.arff with algorithm4**********
2025-03-05 11:45:13,423 - INFO - *******GROWING CR RULE*******
2025-03-05 11:45:29,016 - INFO - Iteracja 0: condition_best: edema <= 0.75, quality_best: 1.0, coverage_best: (p=398, n=0, P=418, N=0)
2025-03-05 11:45:29,023 - INFO - Regula po iteracji 0: IF edema <= 0.75 THEN survival_status = {nan}, (p=398, n=0, P=418, N=0)
2025-03-05 11:45:29,023 - INFO - *****GROWING RR RULE*****
2025-03-05 11:46:32,247 - INFO - Iteracja 0: condition_best: None, quality_best: -inf, coverage_best: (p=0, n=0, P=0, N=0), p_value: 0
2025-03-05 11:46:32,251 - INFO - Regula po iteracji 0: IF  THEN survival_status = {nan}, (p=418, n=0, P=418, N=0)
2025-03-05 11:46:32,251 - INFO - *****STOP GROWING RR RULE*****
2025-03-05 11:46:32,251 - INFO - ***RR NOT FOUND***
2025-03-05 11:46:47,689 - INFO - Iteracja 1: condition_best: age <= 76.73, quality_best: 1.0, coverage_best: (p=397, n=0, P=418, N=0)
2025-03-05 11:46:47,695 - INFO - Regula po iteracji 1: IF edema <= 0.75 AND age <= 76.73 THEN survival_status = {3561.0}, (p=397, n=0, P=418, N=0)
2025-03-05 11:46:47,696 - INFO - *****GROWING RR RULE*****
2025-03-05 11:47:50,640 - INFO - Iteracja 0: condition_best: None, quality_best: -inf, coverage_best: (p=0, n=0, P=0, N=0), p_value: 0
2025-03-05 11:47:50,644 - INFO - Regula po iteracji 0: IF  THEN survival_status = {nan}, (p=418, n=0, P=418, N=0)
2025-03-05 11:47:50,644 - INFO - *****STOP GROWING RR RULE*****
2025-03-05 11:47:50,644 - INFO - ***RR NOT FOUND***
2025-03-05 11:48:06,456 - INFO - Iteracja 2: condition_best: age >= 27.58, quality_best: 1.0, coverage_best: (p=396, n=0, P=418, N=0)
2025-03-05 11:48:06,463 - INFO - Regula po iteracji 2: IF edema <= 0.75 AND age <= 76.73 AND age >= 27.58 THEN survival_status = {3561.0}, (p=396, n=0, P=418, N=0)
2025-03-05 11:48:06,464 - INFO - *****GROWING RR RULE*****
2025-03-05 11:49:09,366 - INFO - Iteracja 0: condition_best: None, quality_best: -inf, coverage_best: (p=0, n=0, P=0, N=0), p_value: 0
2025-03-05 11:49:09,369 - INFO - Regula po iteracji 0: IF  THEN survival_status = {nan}, (p=418, n=0, P=418, N=0)
2025-03-05 11:49:09,369 - INFO - *****STOP GROWING RR RULE*****
2025-03-05 11:49:09,369 - INFO - ***RR NOT FOUND***
2025-03-05 11:49:25,411 - INFO - Iteracja 3: condition_best: bili <= 26.75, quality_best: 1.0, coverage_best: (p=395, n=0, P=418, N=0)
2025-03-05 11:49:25,418 - INFO - Regula po iteracji 3: IF edema <= 0.75 AND age <= 76.73 AND age >= 27.58 AND bili <= 26.75 THEN survival_status = {3561.0}, (p=395, n=0, P=418, N=0)
2025-03-05 11:49:25,418 - INFO - *****GROWING RR RULE*****
2025-03-05 11:50:28,332 - INFO - Iteracja 0: condition_best: None, quality_best: -inf, coverage_best: (p=0, n=0, P=0, N=0), p_value: 0
2025-03-05 11:50:28,336 - INFO - Regula po iteracji 0: IF  THEN survival_status = {nan}, (p=418, n=0, P=418, N=0)
2025-03-05 11:50:28,336 - INFO - *****STOP GROWING RR RULE*****
2025-03-05 11:50:28,336 - INFO - ***RR NOT FOUND***
2025-03-05 11:50:44,753 - INFO - Iteracja 4: condition_best: bili <= 25.00, quality_best: 1.0, coverage_best: (p=394, n=0, P=418, N=0)
2025-03-05 11:50:44,761 - INFO - Regula po iteracji 4: IF edema <= 0.75 AND age <= 76.73 AND age >= 27.58 AND bili <= 26.75 AND bili <= 25.00 THEN survival_status = {3561.0}, (p=394, n=0, P=418, N=0)
2025-03-05 11:50:44,761 - INFO - *****GROWING RR RULE*****
2025-03-05 11:51:47,645 - INFO - Iteracja 0: condition_best: None, quality_best: -inf, coverage_best: (p=0, n=0, P=0, N=0), p_value: 0
2025-03-05 11:51:47,648 - INFO - Regula po iteracji 0: IF  THEN survival_status = {nan}, (p=418, n=0, P=418, N=0)
2025-03-05 11:51:47,648 - INFO - *****STOP GROWING RR RULE*****
2025-03-05 11:51:47,648 - INFO - ***RR NOT FOUND***
2025-03-05 11:51:47,648 - INFO - *******STOP GROWING CR RULE*******
2025-03-05 11:51:47,656 - INFO - *******GROWING CR RULE*******
2025-03-05 11:51:58,178 - INFO - Iteracja 0: condition_best: bili <= 13.90, quality_best: 1.0, coverage_best: (p=396, n=0, P=418, N=0)
2025-03-05 11:51:58,184 - INFO - Regula po iteracji 0: IF bili <= 13.90 THEN survival_status = {nan}, (p=396, n=0, P=418, N=0)
2025-03-05 11:51:58,185 - INFO - *****GROWING RR RULE*****
2025-03-05 11:53:00,542 - INFO - Iteracja 0: condition_best: None, quality_best: -inf, coverage_best: (p=0, n=0, P=0, N=0), p_value: 0
2025-03-05 11:53:00,545 - INFO - Regula po iteracji 0: IF  THEN survival_status = {nan}, (p=418, n=0, P=418, N=0)
2025-03-05 11:53:00,545 - INFO - *****STOP GROWING RR RULE*****
2025-03-05 11:53:00,545 - INFO - ***RR NOT FOUND***
2025-03-05 11:53:11,108 - INFO - Iteracja 1: condition_best: bili <= 13.70, quality_best: 1.0, coverage_best: (p=395, n=0, P=418, N=0)
2025-03-05 11:53:11,115 - INFO - Regula po iteracji 1: IF bili <= 13.90 AND bili <= 13.70 THEN survival_status = {3561.0}, (p=395, n=0, P=418, N=0)
2025-03-05 11:53:11,115 - INFO - *****GROWING RR RULE*****
2025-03-05 11:54:13,438 - INFO - Iteracja 0: condition_best: None, quality_best: -inf, coverage_best: (p=0, n=0, P=0, N=0), p_value: 0
2025-03-05 11:54:13,442 - INFO - Regula po iteracji 0: IF  THEN survival_status = {nan}, (p=418, n=0, P=418, N=0)
2025-03-05 11:54:13,442 - INFO - *****STOP GROWING RR RULE*****
2025-03-05 11:54:13,442 - INFO - ***RR NOT FOUND***
2025-03-05 11:54:24,280 - INFO - Iteracja 2: condition_best: age <= 77.57, quality_best: 1.0, coverage_best: (p=394, n=0, P=418, N=0)
2025-03-05 11:54:24,287 - INFO - Regula po iteracji 2: IF bili <= 13.90 AND bili <= 13.70 AND age <= 77.57 THEN survival_status = {3561.0}, (p=394, n=0, P=418, N=0)
2025-03-05 11:54:24,288 - INFO - *****GROWING RR RULE*****
2025-03-05 11:55:26,545 - INFO - Iteracja 0: condition_best: None, quality_best: -inf, coverage_best: (p=0, n=0, P=0, N=0), p_value: 0
2025-03-05 11:55:26,549 - INFO - Regula po iteracji 0: IF  THEN survival_status = {nan}, (p=418, n=0, P=418, N=0)
2025-03-05 11:55:26,549 - INFO - *****STOP GROWING RR RULE*****
2025-03-05 11:55:26,549 - INFO - ***RR NOT FOUND***
2025-03-05 11:55:37,785 - INFO - Iteracja 3: condition_best: age <= 75.86, quality_best: 1.0, coverage_best: (p=393, n=0, P=418, N=0)
2025-03-05 11:55:37,791 - INFO - Regula po iteracji 3: IF bili <= 13.90 AND bili <= 13.70 AND age <= 77.57 AND age <= 75.86 THEN survival_status = {3561.0}, (p=393, n=0, P=418, N=0)
2025-03-05 11:55:37,792 - INFO - *****GROWING RR RULE*****
2025-03-05 11:56:40,041 - INFO - Iteracja 0: condition_best: None, quality_best: -inf, coverage_best: (p=0, n=0, P=0, N=0), p_value: 0
2025-03-05 11:56:40,045 - INFO - Regula po iteracji 0: IF  THEN survival_status = {nan}, (p=418, n=0, P=418, N=0)
2025-03-05 11:56:40,045 - INFO - *****STOP GROWING RR RULE*****
2025-03-05 11:56:40,045 - INFO - ***RR NOT FOUND***
2025-03-05 11:56:51,576 - INFO - Iteracja 4: condition_best: age >= 27.58, quality_best: 1.0, coverage_best: (p=392, n=0, P=418, N=0)
2025-03-05 11:56:51,583 - INFO - Regula po iteracji 4: IF bili <= 13.90 AND bili <= 13.70 AND age <= 77.57 AND age <= 75.86 AND age >= 27.58 THEN survival_status = {3561.0}, (p=392, n=0, P=418, N=0)
2025-03-05 11:56:51,583 - INFO - *****GROWING RR RULE*****
2025-03-05 11:57:53,779 - INFO - Iteracja 0: condition_best: None, quality_best: -inf, coverage_best: (p=0, n=0, P=0, N=0), p_value: 0
2025-03-05 11:57:53,782 - INFO - Regula po iteracji 0: IF  THEN survival_status = {nan}, (p=418, n=0, P=418, N=0)
2025-03-05 11:57:53,783 - INFO - *****STOP GROWING RR RULE*****
2025-03-05 11:57:53,783 - INFO - ***RR NOT FOUND***
2025-03-05 11:57:53,783 - INFO - *******STOP GROWING CR RULE*******
2025-03-05 11:57:53,789 - INFO - *******GROWING CR RULE*******
2025-03-05 11:58:04,061 - INFO - Iteracja 0: condition_best: bili >= 1.05, quality_best: 1.0, coverage_best: (p=261, n=0, P=418, N=0)
2025-03-05 11:58:04,067 - INFO - Regula po iteracji 0: IF bili >= 1.05 THEN survival_status = {nan}, (p=261, n=0, P=418, N=0)
2025-03-05 11:58:04,067 - INFO - *****GROWING RR RULE*****
2025-03-05 11:59:01,005 - INFO - Iteracja 0: condition_best: None, quality_best: -inf, coverage_best: (p=0, n=0, P=0, N=0), p_value: 0
2025-03-05 11:59:01,009 - INFO - Regula po iteracji 0: IF  THEN survival_status = {nan}, (p=418, n=0, P=418, N=0)
2025-03-05 11:59:01,009 - INFO - *****STOP GROWING RR RULE*****
2025-03-05 11:59:01,009 - INFO - ***RR NOT FOUND***
2025-03-05 11:59:09,343 - INFO - Iteracja 1: condition_best: age <= 77.57, quality_best: 1.0, coverage_best: (p=260, n=0, P=418, N=0)
2025-03-05 11:59:09,350 - INFO - Regula po iteracji 1: IF bili >= 1.05 AND age <= 77.57 THEN survival_status = {2288.0}, (p=260, n=0, P=418, N=0)
2025-03-05 11:59:09,350 - INFO - *****GROWING RR RULE*****
2025-03-05 12:00:06,052 - INFO - Iteracja 0: condition_best: None, quality_best: -inf, coverage_best: (p=0, n=0, P=0, N=0), p_value: 0
2025-03-05 12:00:06,055 - INFO - Regula po iteracji 0: IF  THEN survival_status = {nan}, (p=418, n=0, P=418, N=0)
2025-03-05 12:00:06,055 - INFO - *****STOP GROWING RR RULE*****
2025-03-05 12:00:06,056 - INFO - ***RR NOT FOUND***
2025-03-05 12:00:14,639 - INFO - Iteracja 2: condition_best: age >= 29.92, quality_best: 1.0, coverage_best: (p=259, n=0, P=418, N=0)
2025-03-05 12:00:14,645 - INFO - Regula po iteracji 2: IF bili >= 1.05 AND age <= 77.57 AND age >= 29.92 THEN survival_status = {2288.0}, (p=259, n=0, P=418, N=0)
2025-03-05 12:00:14,646 - INFO - *****GROWING RR RULE*****
2025-03-05 12:01:11,441 - INFO - Iteracja 0: condition_best: None, quality_best: -inf, coverage_best: (p=0, n=0, P=0, N=0), p_value: 0
2025-03-05 12:01:11,445 - INFO - Regula po iteracji 0: IF  THEN survival_status = {nan}, (p=418, n=0, P=418, N=0)
2025-03-05 12:01:11,445 - INFO - *****STOP GROWING RR RULE*****
2025-03-05 12:01:11,445 - INFO - ***RR NOT FOUND***
2025-03-05 12:01:20,244 - INFO - Iteracja 3: condition_best: age >= 30.57, quality_best: 1.0, coverage_best: (p=258, n=0, P=418, N=0)
2025-03-05 12:01:20,251 - INFO - Regula po iteracji 3: IF bili >= 1.05 AND age <= 77.57 AND age >= 29.92 AND age >= 30.57 THEN survival_status = {2286.0}, (p=258, n=0, P=418, N=0)
2025-03-05 12:01:20,251 - INFO - *****GROWING RR RULE*****
2025-03-05 12:02:17,100 - INFO - Iteracja 0: condition_best: None, quality_best: -inf, coverage_best: (p=0, n=0, P=0, N=0), p_value: 0
2025-03-05 12:02:17,103 - INFO - Regula po iteracji 0: IF  THEN survival_status = {nan}, (p=418, n=0, P=418, N=0)
2025-03-05 12:02:17,103 - INFO - *****STOP GROWING RR RULE*****
2025-03-05 12:02:17,103 - INFO - ***RR NOT FOUND***
2025-03-05 12:02:26,047 - INFO - Iteracja 4: condition_best: age <= 75.86, quality_best: 1.0, coverage_best: (p=257, n=0, P=418, N=0)
2025-03-05 12:02:26,054 - INFO - Regula po iteracji 4: IF bili >= 1.05 AND age <= 77.57 AND age >= 29.92 AND age >= 30.57 AND age <= 75.86 THEN survival_status = {2286.0}, (p=257, n=0, P=418, N=0)
2025-03-05 12:02:26,054 - INFO - *****GROWING RR RULE*****
2025-03-05 12:03:22,814 - INFO - Iteracja 0: condition_best: None, quality_best: -inf, coverage_best: (p=0, n=0, P=0, N=0), p_value: 0
2025-03-05 12:03:22,818 - INFO - Regula po iteracji 0: IF  THEN survival_status = {nan}, (p=418, n=0, P=418, N=0)
2025-03-05 12:03:22,818 - INFO - *****STOP GROWING RR RULE*****
2025-03-05 12:03:22,818 - INFO - ***RR NOT FOUND***
2025-03-05 12:03:22,818 - INFO - *******STOP GROWING CR RULE*******
2025-03-05 12:03:22,824 - INFO - *******GROWING CR RULE*******
2025-03-05 12:03:32,983 - INFO - Iteracja 0: condition_best: edema <= 0.75, quality_best: 1.0, coverage_best: (p=398, n=0, P=418, N=0)
2025-03-05 12:03:32,990 - INFO - Regula po iteracji 0: IF edema <= 0.75 THEN survival_status = {nan}, (p=398, n=0, P=418, N=0)
2025-03-05 12:03:32,990 - INFO - *****GROWING RR RULE*****
2025-03-05 12:04:35,452 - INFO - Iteracja 0: condition_best: None, quality_best: -inf, coverage_best: (p=0, n=0, P=0, N=0), p_value: 0
2025-03-05 12:04:35,456 - INFO - Regula po iteracji 0: IF  THEN survival_status = {nan}, (p=418, n=0, P=418, N=0)
2025-03-05 12:04:35,456 - INFO - *****STOP GROWING RR RULE*****
2025-03-05 12:04:35,456 - INFO - ***RR NOT FOUND***
2025-03-05 12:04:45,764 - INFO - Iteracja 1: condition_best: age <= 76.73, quality_best: 1.0, coverage_best: (p=397, n=0, P=418, N=0)
2025-03-05 12:04:45,771 - INFO - Regula po iteracji 1: IF edema <= 0.75 AND age <= 76.73 THEN survival_status = {3561.0}, (p=397, n=0, P=418, N=0)
2025-03-05 12:04:45,771 - INFO - *****GROWING RR RULE*****
2025-03-05 12:05:48,075 - INFO - Iteracja 0: condition_best: None, quality_best: -inf, coverage_best: (p=0, n=0, P=0, N=0), p_value: 0
2025-03-05 12:05:48,078 - INFO - Regula po iteracji 0: IF  THEN survival_status = {nan}, (p=418, n=0, P=418, N=0)
2025-03-05 12:05:48,079 - INFO - *****STOP GROWING RR RULE*****
2025-03-05 12:05:48,079 - INFO - ***RR NOT FOUND***
2025-03-05 12:05:58,762 - INFO - Iteracja 2: condition_best: age >= 27.58, quality_best: 1.0, coverage_best: (p=396, n=0, P=418, N=0)
2025-03-05 12:05:58,769 - INFO - Regula po iteracji 2: IF edema <= 0.75 AND age <= 76.73 AND age >= 27.58 THEN survival_status = {3561.0}, (p=396, n=0, P=418, N=0)
2025-03-05 12:05:58,769 - INFO - *****GROWING RR RULE*****
2025-03-05 12:07:01,156 - INFO - Iteracja 0: condition_best: None, quality_best: -inf, coverage_best: (p=0, n=0, P=0, N=0), p_value: 0
2025-03-05 12:07:01,160 - INFO - Regula po iteracji 0: IF  THEN survival_status = {nan}, (p=418, n=0, P=418, N=0)
2025-03-05 12:07:01,160 - INFO - *****STOP GROWING RR RULE*****
2025-03-05 12:07:01,160 - INFO - ***RR NOT FOUND***
2025-03-05 12:07:12,081 - INFO - Iteracja 3: condition_best: bili <= 26.75, quality_best: 1.0, coverage_best: (p=395, n=0, P=418, N=0)
2025-03-05 12:07:12,088 - INFO - Regula po iteracji 3: IF edema <= 0.75 AND age <= 76.73 AND age >= 27.58 AND bili <= 26.75 THEN survival_status = {3561.0}, (p=395, n=0, P=418, N=0)
2025-03-05 12:07:12,088 - INFO - *****GROWING RR RULE*****
2025-03-05 12:08:14,416 - INFO - Iteracja 0: condition_best: None, quality_best: -inf, coverage_best: (p=0, n=0, P=0, N=0), p_value: 0
2025-03-05 12:08:14,420 - INFO - Regula po iteracji 0: IF  THEN survival_status = {nan}, (p=418, n=0, P=418, N=0)
2025-03-05 12:08:14,420 - INFO - *****STOP GROWING RR RULE*****
2025-03-05 12:08:14,420 - INFO - ***RR NOT FOUND***
2025-03-05 12:08:25,867 - INFO - Iteracja 4: condition_best: bili <= 25.00, quality_best: 1.0, coverage_best: (p=394, n=0, P=418, N=0)
2025-03-05 12:08:25,874 - INFO - Regula po iteracji 4: IF edema <= 0.75 AND age <= 76.73 AND age >= 27.58 AND bili <= 26.75 AND bili <= 25.00 THEN survival_status = {3561.0}, (p=394, n=0, P=418, N=0)
2025-03-05 12:08:25,874 - INFO - *****GROWING RR RULE*****
2025-03-05 12:09:28,274 - INFO - Iteracja 0: condition_best: None, quality_best: -inf, coverage_best: (p=0, n=0, P=0, N=0), p_value: 0
2025-03-05 12:09:28,277 - INFO - Regula po iteracji 0: IF  THEN survival_status = {nan}, (p=418, n=0, P=418, N=0)
2025-03-05 12:09:28,277 - INFO - *****STOP GROWING RR RULE*****
2025-03-05 12:09:28,277 - INFO - ***RR NOT FOUND***
2025-03-05 12:09:28,277 - INFO - *******STOP GROWING CR RULE*******
2025-03-05 12:09:28,300 - INFO - ************************Finished experiment for 10_pbc.arff with algorithm4************************
2025-03-05 12:09:28,300 - INFO - *************************************************************************************************************************
2025-03-05 12:09:28,300 - INFO - *************************************************************************************************************************
2025-03-05 12:09:28,300 - INFO - *************************************************************************************************************************
