2025-03-05 12:50:40,408 - INFO - **********Starting experiment for 16_follic.arff with algorithm3**********
2025-03-05 12:50:40,416 - INFO - *******GROWING CR RULE*******
2025-03-05 12:50:43,929 - INFO - Iteracja 0: condition_best: age <= 66.95, quality_best: 1.0, coverage_best: (p=401, n=0, P=541, N=0)
2025-03-05 12:50:43,937 - INFO - Regula po iteracji 0: IF age <= 66.95 THEN survival_status = {nan}, (p=401, n=0, P=541, N=0)
2025-03-05 12:50:43,937 - INFO - *****GROWING RR RULE*****
2025-03-05 12:50:52,966 - INFO - Iteracja 0: condition_best: None, quality_best: -inf, coverage_best: (p=0, n=0, P=0, N=0), p_value: 0
2025-03-05 12:50:52,970 - INFO - Regula po iteracji 0: IF  THEN survival_status = {nan}, (p=541, n=0, P=541, N=0)
2025-03-05 12:50:52,970 - INFO - *****STOP GROWING RR RULE*****
2025-03-05 12:50:52,970 - INFO - ***RR NOT FOUND***
2025-03-05 12:50:55,620 - INFO - Iteracja 1: condition_best: age >= 18.75, quality_best: 1.0, coverage_best: (p=400, n=0, P=541, N=0)
2025-03-05 12:50:55,627 - INFO - Regula po iteracji 1: IF age <= 66.95 AND age >= 18.75 THEN survival_status = {9.300479}, (p=400, n=0, P=541, N=0)
2025-03-05 12:50:55,627 - INFO - *****GROWING RR RULE*****
2025-03-05 12:51:04,674 - INFO - Iteracja 0: condition_best: None, quality_best: -inf, coverage_best: (p=0, n=0, P=0, N=0), p_value: 0
2025-03-05 12:51:04,679 - INFO - Regula po iteracji 0: IF  THEN survival_status = {nan}, (p=541, n=0, P=541, N=0)
2025-03-05 12:51:04,679 - INFO - *****STOP GROWING RR RULE*****
2025-03-05 12:51:04,679 - INFO - ***RR NOT FOUND***
2025-03-05 12:51:07,365 - INFO - Iteracja 2: condition_best: hgb <= 171.00, quality_best: 1.0, coverage_best: (p=398, n=0, P=541, N=0)
2025-03-05 12:51:07,373 - INFO - Regula po iteracji 2: IF age <= 66.95 AND age >= 18.75 AND hgb <= 171.00 THEN survival_status = {9.300479}, (p=398, n=0, P=541, N=0)
2025-03-05 12:51:07,373 - INFO - *****GROWING RR RULE*****
2025-03-05 12:51:16,410 - INFO - Iteracja 0: condition_best: None, quality_best: -inf, coverage_best: (p=0, n=0, P=0, N=0), p_value: 0
2025-03-05 12:51:16,415 - INFO - Regula po iteracji 0: IF  THEN survival_status = {nan}, (p=541, n=0, P=541, N=0)
2025-03-05 12:51:16,415 - INFO - *****STOP GROWING RR RULE*****
2025-03-05 12:51:16,415 - INFO - ***RR NOT FOUND***
2025-03-05 12:51:19,129 - INFO - Iteracja 3: condition_best: age >= 20.75, quality_best: 1.0, coverage_best: (p=397, n=0, P=541, N=0)
2025-03-05 12:51:19,136 - INFO - Regula po iteracji 3: IF age <= 66.95 AND age >= 18.75 AND hgb <= 171.00 AND age >= 20.75 THEN survival_status = {9.300479}, (p=397, n=0, P=541, N=0)
2025-03-05 12:51:19,137 - INFO - *****GROWING RR RULE*****
2025-03-05 12:51:28,150 - INFO - Iteracja 0: condition_best: None, quality_best: -inf, coverage_best: (p=0, n=0, P=0, N=0), p_value: 0
2025-03-05 12:51:28,155 - INFO - Regula po iteracji 0: IF  THEN survival_status = {nan}, (p=541, n=0, P=541, N=0)
2025-03-05 12:51:28,155 - INFO - *****STOP GROWING RR RULE*****
2025-03-05 12:51:28,155 - INFO - ***RR NOT FOUND***
2025-03-05 12:51:30,895 - INFO - Iteracja 4: condition_best: hgb >= 93.00, quality_best: 1.0, coverage_best: (p=396, n=0, P=541, N=0)
2025-03-05 12:51:30,902 - INFO - Regula po iteracji 4: IF age <= 66.95 AND age >= 18.75 AND hgb <= 171.00 AND age >= 20.75 AND hgb >= 93.00 THEN survival_status = {9.300479}, (p=396, n=0, P=541, N=0)
2025-03-05 12:51:30,903 - INFO - *****GROWING RR RULE*****
2025-03-05 12:51:39,919 - INFO - Iteracja 0: condition_best: None, quality_best: -inf, coverage_best: (p=0, n=0, P=0, N=0), p_value: 0
2025-03-05 12:51:39,923 - INFO - Regula po iteracji 0: IF  THEN survival_status = {nan}, (p=541, n=0, P=541, N=0)
2025-03-05 12:51:39,923 - INFO - *****STOP GROWING RR RULE*****
2025-03-05 12:51:39,924 - INFO - ***RR NOT FOUND***
2025-03-05 12:51:39,924 - INFO - *******STOP GROWING CR RULE*******
2025-03-05 12:51:39,949 - INFO - *******GROWING CR RULE*******
2025-03-05 12:51:42,609 - INFO - Iteracja 0: condition_best: age >= 66.95, quality_best: 1.0, coverage_best: (p=140, n=0, P=541, N=0)
2025-03-05 12:51:42,616 - INFO - Regula po iteracji 0: IF age >= 66.95 THEN survival_status = {nan}, (p=140, n=0, P=541, N=0)
2025-03-05 12:51:42,616 - INFO - *****GROWING RR RULE*****
2025-03-05 12:51:49,886 - INFO - Iteracja 0: condition_best: None, quality_best: -inf, coverage_best: (p=0, n=0, P=0, N=0), p_value: 0
2025-03-05 12:51:49,890 - INFO - Regula po iteracji 0: IF  THEN survival_status = {nan}, (p=541, n=0, P=541, N=0)
2025-03-05 12:51:49,890 - INFO - *****STOP GROWING RR RULE*****
2025-03-05 12:51:49,890 - INFO - ***RR NOT FOUND***
2025-03-05 12:51:50,970 - INFO - Iteracja 1: condition_best: age <= 84.15, quality_best: 1.0, coverage_best: (p=135, n=0, P=541, N=0)
2025-03-05 12:51:50,976 - INFO - Regula po iteracji 1: IF age >= 66.95 AND age <= 84.15 THEN survival_status = {3.761807}, (p=135, n=0, P=541, N=0)
2025-03-05 12:51:50,976 - INFO - *****GROWING RR RULE*****
2025-03-05 12:51:58,212 - INFO - Iteracja 0: condition_best: hgb <= 117.50, quality_best: 0.233, coverage_best: (p=31, n=0, P=541, N=0), p_value: 0.07
2025-03-05 12:51:58,220 - INFO - Regula po iteracji 0: IF hgb <= 117.50 THEN survival_status = {nan}, (p=31, n=0, P=541, N=0)
2025-03-05 12:51:58,938 - INFO - Iteracja 1: condition_best: age >= 26.05, quality_best: 0.66, coverage_best: (p=29, n=0, P=541, N=0), p_value: 0.214
2025-03-05 12:51:58,945 - INFO - Regula po iteracji 1: IF hgb <= 117.50 AND age >= 26.05 THEN survival_status = {4.104038}, (p=29, n=0, P=541, N=0)
2025-03-05 12:51:59,634 - INFO - Iteracja 2: condition_best: None, quality_best: -inf, coverage_best: (p=0, n=0, P=0, N=0), p_value: 0.214
2025-03-05 12:51:59,641 - INFO - Regula po iteracji 2: IF hgb <= 117.50 AND age >= 26.05 THEN survival_status = {3.403149}, (p=29, n=0, P=541, N=0)
2025-03-05 12:51:59,641 - INFO - *****STOP GROWING RR RULE*****
2025-03-05 12:51:59,641 - INFO - ***RR FOUND***
2025-03-05 12:51:59,641 - INFO - Reference rule: IF hgb <= 117.50 AND age >= 26.05 THEN survival_status = {3.403149}
2025-03-05 12:51:59,641 - INFO - ***CHECKING EXCEPTION***
2025-03-05 12:51:59,643 - INFO - ER vs CR p_value: 0.03950521307052124
2025-03-05 12:51:59,643 - INFO - ER vs RR p_value: 0.04692133934842091
2025-03-05 12:51:59,666 - INFO - ***ER FOUND***
2025-03-05 12:51:59,666 - INFO - Exception rule: IF age >= 66.95 AND age <= 84.15 AND hgb <= 117.50 AND age >= 26.05 THEN survival_status = {1.880903} (p=11, n=0, P=541, N=0)
2025-03-05 12:51:59,666 - INFO - *******STOP GROWING CR RULE*******
2025-03-05 12:51:59,673 - INFO - *******GROWING CR RULE*******
2025-03-05 12:52:02,023 - INFO - Iteracja 0: condition_best: age <= 66.95, quality_best: 1.0, coverage_best: (p=401, n=0, P=541, N=0)
2025-03-05 12:52:02,030 - INFO - Regula po iteracji 0: IF age <= 66.95 THEN survival_status = {nan}, (p=401, n=0, P=541, N=0)
2025-03-05 12:52:02,031 - INFO - *****GROWING RR RULE*****
2025-03-05 12:52:11,078 - INFO - Iteracja 0: condition_best: None, quality_best: -inf, coverage_best: (p=0, n=0, P=0, N=0), p_value: 0
2025-03-05 12:52:11,082 - INFO - Regula po iteracji 0: IF  THEN survival_status = {nan}, (p=541, n=0, P=541, N=0)
2025-03-05 12:52:11,083 - INFO - *****STOP GROWING RR RULE*****
2025-03-05 12:52:11,083 - INFO - ***RR NOT FOUND***
2025-03-05 12:52:12,888 - INFO - Iteracja 1: condition_best: age >= 18.75, quality_best: 1.0, coverage_best: (p=400, n=0, P=541, N=0)
2025-03-05 12:52:12,896 - INFO - Regula po iteracji 1: IF age <= 66.95 AND age >= 18.75 THEN survival_status = {9.300479}, (p=400, n=0, P=541, N=0)
2025-03-05 12:52:12,896 - INFO - *****GROWING RR RULE*****
2025-03-05 12:52:21,951 - INFO - Iteracja 0: condition_best: None, quality_best: -inf, coverage_best: (p=0, n=0, P=0, N=0), p_value: 0
2025-03-05 12:52:21,956 - INFO - Regula po iteracji 0: IF  THEN survival_status = {nan}, (p=541, n=0, P=541, N=0)
2025-03-05 12:52:21,956 - INFO - *****STOP GROWING RR RULE*****
2025-03-05 12:52:21,956 - INFO - ***RR NOT FOUND***
2025-03-05 12:52:23,806 - INFO - Iteracja 2: condition_best: hgb <= 171.00, quality_best: 1.0, coverage_best: (p=398, n=0, P=541, N=0)
2025-03-05 12:52:23,814 - INFO - Regula po iteracji 2: IF age <= 66.95 AND age >= 18.75 AND hgb <= 171.00 THEN survival_status = {9.300479}, (p=398, n=0, P=541, N=0)
2025-03-05 12:52:23,814 - INFO - *****GROWING RR RULE*****
2025-03-05 12:52:32,862 - INFO - Iteracja 0: condition_best: None, quality_best: -inf, coverage_best: (p=0, n=0, P=0, N=0), p_value: 0
2025-03-05 12:52:32,867 - INFO - Regula po iteracji 0: IF  THEN survival_status = {nan}, (p=541, n=0, P=541, N=0)
2025-03-05 12:52:32,867 - INFO - *****STOP GROWING RR RULE*****
2025-03-05 12:52:32,867 - INFO - ***RR NOT FOUND***
2025-03-05 12:52:34,760 - INFO - Iteracja 3: condition_best: age >= 20.75, quality_best: 1.0, coverage_best: (p=397, n=0, P=541, N=0)
2025-03-05 12:52:34,767 - INFO - Regula po iteracji 3: IF age <= 66.95 AND age >= 18.75 AND hgb <= 171.00 AND age >= 20.75 THEN survival_status = {9.300479}, (p=397, n=0, P=541, N=0)
2025-03-05 12:52:34,767 - INFO - *****GROWING RR RULE*****
2025-03-05 12:52:43,806 - INFO - Iteracja 0: condition_best: None, quality_best: -inf, coverage_best: (p=0, n=0, P=0, N=0), p_value: 0
2025-03-05 12:52:43,811 - INFO - Regula po iteracji 0: IF  THEN survival_status = {nan}, (p=541, n=0, P=541, N=0)
2025-03-05 12:52:43,811 - INFO - *****STOP GROWING RR RULE*****
2025-03-05 12:52:43,811 - INFO - ***RR NOT FOUND***
2025-03-05 12:52:45,744 - INFO - Iteracja 4: condition_best: hgb >= 93.00, quality_best: 1.0, coverage_best: (p=396, n=0, P=541, N=0)
2025-03-05 12:52:45,751 - INFO - Regula po iteracji 4: IF age <= 66.95 AND age >= 18.75 AND hgb <= 171.00 AND age >= 20.75 AND hgb >= 93.00 THEN survival_status = {9.300479}, (p=396, n=0, P=541, N=0)
2025-03-05 12:52:45,751 - INFO - *****GROWING RR RULE*****
2025-03-05 12:52:54,782 - INFO - Iteracja 0: condition_best: None, quality_best: -inf, coverage_best: (p=0, n=0, P=0, N=0), p_value: 0
2025-03-05 12:52:54,787 - INFO - Regula po iteracji 0: IF  THEN survival_status = {nan}, (p=541, n=0, P=541, N=0)
2025-03-05 12:52:54,787 - INFO - *****STOP GROWING RR RULE*****
2025-03-05 12:52:54,787 - INFO - ***RR NOT FOUND***
2025-03-05 12:52:54,787 - INFO - *******STOP GROWING CR RULE*******
2025-03-05 12:52:54,952 - INFO - ************************Finished experiment for 16_follic.arff with algorithm3************************
2025-03-05 12:52:54,952 - INFO - *************************************************************************************************************************
2025-03-05 12:52:54,952 - INFO - *************************************************************************************************************************
2025-03-05 12:52:54,952 - INFO - *************************************************************************************************************************
2025-03-05 12:52:54,953 - INFO - **********Starting experiment for 16_follic.arff with algorithm4**********
2025-03-05 12:52:54,961 - INFO - *******GROWING CR RULE*******
2025-03-05 12:52:58,471 - INFO - Iteracja 0: condition_best: age <= 66.95, quality_best: 1.0, coverage_best: (p=401, n=0, P=541, N=0)
2025-03-05 12:52:58,480 - INFO - Regula po iteracji 0: IF age <= 66.95 THEN survival_status = {nan}, (p=401, n=0, P=541, N=0)
2025-03-05 12:52:58,480 - INFO - *****GROWING RR RULE*****
2025-03-05 12:53:10,063 - INFO - Iteracja 0: condition_best: None, quality_best: -inf, coverage_best: (p=0, n=0, P=0, N=0), p_value: 0
2025-03-05 12:53:10,067 - INFO - Regula po iteracji 0: IF  THEN survival_status = {nan}, (p=541, n=0, P=541, N=0)
2025-03-05 12:53:10,067 - INFO - *****STOP GROWING RR RULE*****
2025-03-05 12:53:10,067 - INFO - ***RR NOT FOUND***
2025-03-05 12:53:12,714 - INFO - Iteracja 1: condition_best: age >= 18.75, quality_best: 1.0, coverage_best: (p=400, n=0, P=541, N=0)
2025-03-05 12:53:12,721 - INFO - Regula po iteracji 1: IF age <= 66.95 AND age >= 18.75 THEN survival_status = {9.300479}, (p=400, n=0, P=541, N=0)
2025-03-05 12:53:12,721 - INFO - *****GROWING RR RULE*****
2025-03-05 12:53:24,201 - INFO - Iteracja 0: condition_best: None, quality_best: -inf, coverage_best: (p=0, n=0, P=0, N=0), p_value: 0
2025-03-05 12:53:24,205 - INFO - Regula po iteracji 0: IF  THEN survival_status = {nan}, (p=541, n=0, P=541, N=0)
2025-03-05 12:53:24,205 - INFO - *****STOP GROWING RR RULE*****
2025-03-05 12:53:24,206 - INFO - ***RR NOT FOUND***
2025-03-05 12:53:26,885 - INFO - Iteracja 2: condition_best: hgb <= 171.00, quality_best: 1.0, coverage_best: (p=398, n=0, P=541, N=0)
2025-03-05 12:53:26,893 - INFO - Regula po iteracji 2: IF age <= 66.95 AND age >= 18.75 AND hgb <= 171.00 THEN survival_status = {9.300479}, (p=398, n=0, P=541, N=0)
2025-03-05 12:53:26,893 - INFO - *****GROWING RR RULE*****
2025-03-05 12:53:38,279 - INFO - Iteracja 0: condition_best: None, quality_best: -inf, coverage_best: (p=0, n=0, P=0, N=0), p_value: 0
2025-03-05 12:53:38,283 - INFO - Regula po iteracji 0: IF  THEN survival_status = {nan}, (p=541, n=0, P=541, N=0)
2025-03-05 12:53:38,283 - INFO - *****STOP GROWING RR RULE*****
2025-03-05 12:53:38,283 - INFO - ***RR NOT FOUND***
2025-03-05 12:53:40,980 - INFO - Iteracja 3: condition_best: age >= 20.75, quality_best: 1.0, coverage_best: (p=397, n=0, P=541, N=0)
2025-03-05 12:53:40,987 - INFO - Regula po iteracji 3: IF age <= 66.95 AND age >= 18.75 AND hgb <= 171.00 AND age >= 20.75 THEN survival_status = {9.300479}, (p=397, n=0, P=541, N=0)
2025-03-05 12:53:40,988 - INFO - *****GROWING RR RULE*****
2025-03-05 12:53:52,381 - INFO - Iteracja 0: condition_best: None, quality_best: -inf, coverage_best: (p=0, n=0, P=0, N=0), p_value: 0
2025-03-05 12:53:52,385 - INFO - Regula po iteracji 0: IF  THEN survival_status = {nan}, (p=541, n=0, P=541, N=0)
2025-03-05 12:53:52,385 - INFO - *****STOP GROWING RR RULE*****
2025-03-05 12:53:52,385 - INFO - ***RR NOT FOUND***
2025-03-05 12:53:55,124 - INFO - Iteracja 4: condition_best: hgb >= 93.00, quality_best: 1.0, coverage_best: (p=396, n=0, P=541, N=0)
2025-03-05 12:53:55,131 - INFO - Regula po iteracji 4: IF age <= 66.95 AND age >= 18.75 AND hgb <= 171.00 AND age >= 20.75 AND hgb >= 93.00 THEN survival_status = {9.300479}, (p=396, n=0, P=541, N=0)
2025-03-05 12:53:55,131 - INFO - *****GROWING RR RULE*****
2025-03-05 12:54:06,514 - INFO - Iteracja 0: condition_best: None, quality_best: -inf, coverage_best: (p=0, n=0, P=0, N=0), p_value: 0
2025-03-05 12:54:06,518 - INFO - Regula po iteracji 0: IF  THEN survival_status = {nan}, (p=541, n=0, P=541, N=0)
2025-03-05 12:54:06,518 - INFO - *****STOP GROWING RR RULE*****
2025-03-05 12:54:06,518 - INFO - ***RR NOT FOUND***
2025-03-05 12:54:06,518 - INFO - *******STOP GROWING CR RULE*******
2025-03-05 12:54:06,543 - INFO - *******GROWING CR RULE*******
2025-03-05 12:54:09,206 - INFO - Iteracja 0: condition_best: age >= 66.95, quality_best: 1.0, coverage_best: (p=140, n=0, P=541, N=0)
2025-03-05 12:54:09,212 - INFO - Regula po iteracji 0: IF age >= 66.95 THEN survival_status = {nan}, (p=140, n=0, P=541, N=0)
2025-03-05 12:54:09,213 - INFO - *****GROWING RR RULE*****
2025-03-05 12:54:18,532 - INFO - Iteracja 0: condition_best: None, quality_best: -inf, coverage_best: (p=0, n=0, P=0, N=0), p_value: 0
2025-03-05 12:54:18,536 - INFO - Regula po iteracji 0: IF  THEN survival_status = {nan}, (p=541, n=0, P=541, N=0)
2025-03-05 12:54:18,536 - INFO - *****STOP GROWING RR RULE*****
2025-03-05 12:54:18,536 - INFO - ***RR NOT FOUND***
2025-03-05 12:54:19,621 - INFO - Iteracja 1: condition_best: age <= 84.15, quality_best: 1.0, coverage_best: (p=135, n=0, P=541, N=0)
2025-03-05 12:54:19,628 - INFO - Regula po iteracji 1: IF age >= 66.95 AND age <= 84.15 THEN survival_status = {3.761807}, (p=135, n=0, P=541, N=0)
2025-03-05 12:54:19,628 - INFO - *****GROWING RR RULE*****
2025-03-05 12:54:28,920 - INFO - Iteracja 0: condition_best: None, quality_best: -inf, coverage_best: (p=0, n=0, P=0, N=0), p_value: 0
2025-03-05 12:54:28,924 - INFO - Regula po iteracji 0: IF  THEN survival_status = {nan}, (p=541, n=0, P=541, N=0)
2025-03-05 12:54:28,924 - INFO - *****STOP GROWING RR RULE*****
2025-03-05 12:54:28,924 - INFO - ***RR NOT FOUND***
2025-03-05 12:54:29,991 - INFO - Iteracja 2: condition_best: hgb >= 60.00, quality_best: 1.0, coverage_best: (p=134, n=0, P=541, N=0)
2025-03-05 12:54:29,998 - INFO - Regula po iteracji 2: IF age >= 66.95 AND age <= 84.15 AND hgb >= 60.00 THEN survival_status = {3.622177}, (p=134, n=0, P=541, N=0)
2025-03-05 12:54:29,998 - INFO - *****GROWING RR RULE*****
2025-03-05 12:54:39,277 - INFO - Iteracja 0: condition_best: None, quality_best: -inf, coverage_best: (p=0, n=0, P=0, N=0), p_value: 0
2025-03-05 12:54:39,281 - INFO - Regula po iteracji 0: IF  THEN survival_status = {nan}, (p=541, n=0, P=541, N=0)
2025-03-05 12:54:39,281 - INFO - *****STOP GROWING RR RULE*****
2025-03-05 12:54:39,281 - INFO - ***RR NOT FOUND***
2025-03-05 12:54:40,366 - INFO - Iteracja 3: condition_best: age >= 67.55, quality_best: 1.0, coverage_best: (p=125, n=0, P=541, N=0)
2025-03-05 12:54:40,373 - INFO - Regula po iteracji 3: IF age >= 66.95 AND age <= 84.15 AND hgb >= 60.00 AND age >= 67.55 THEN survival_status = {3.761807}, (p=125, n=0, P=541, N=0)
2025-03-05 12:54:40,373 - INFO - *****GROWING RR RULE*****
2025-03-05 12:54:49,573 - INFO - Iteracja 0: condition_best: None, quality_best: -inf, coverage_best: (p=0, n=0, P=0, N=0), p_value: 0
2025-03-05 12:54:49,576 - INFO - Regula po iteracji 0: IF  THEN survival_status = {nan}, (p=541, n=0, P=541, N=0)
2025-03-05 12:54:49,576 - INFO - *****STOP GROWING RR RULE*****
2025-03-05 12:54:49,576 - INFO - ***RR NOT FOUND***
2025-03-05 12:54:50,614 - INFO - Iteracja 4: condition_best: clinstg >= 1.50, quality_best: 1.0, coverage_best: (p=34, n=0, P=541, N=0)
2025-03-05 12:54:50,620 - INFO - Regula po iteracji 4: IF age >= 66.95 AND age <= 84.15 AND hgb >= 60.00 AND age >= 67.55 AND clinstg >= 1.50 THEN survival_status = {3.608487}, (p=34, n=0, P=541, N=0)
2025-03-05 12:54:50,620 - INFO - *****GROWING RR RULE*****
2025-03-05 12:54:59,309 - INFO - Iteracja 0: condition_best: None, quality_best: -inf, coverage_best: (p=0, n=0, P=0, N=0), p_value: 0
2025-03-05 12:54:59,313 - INFO - Regula po iteracji 0: IF  THEN survival_status = {nan}, (p=541, n=0, P=541, N=0)
2025-03-05 12:54:59,313 - INFO - *****STOP GROWING RR RULE*****
2025-03-05 12:54:59,313 - INFO - ***RR NOT FOUND***
2025-03-05 12:54:59,313 - INFO - *******STOP GROWING CR RULE*******
2025-03-05 12:54:59,320 - INFO - *******GROWING CR RULE*******
2025-03-05 12:55:01,698 - INFO - Iteracja 0: condition_best: age <= 66.95, quality_best: 1.0, coverage_best: (p=401, n=0, P=541, N=0)
2025-03-05 12:55:01,705 - INFO - Regula po iteracji 0: IF age <= 66.95 THEN survival_status = {nan}, (p=401, n=0, P=541, N=0)
2025-03-05 12:55:01,705 - INFO - *****GROWING RR RULE*****
2025-03-05 12:55:13,132 - INFO - Iteracja 0: condition_best: None, quality_best: -inf, coverage_best: (p=0, n=0, P=0, N=0), p_value: 0
2025-03-05 12:55:13,136 - INFO - Regula po iteracji 0: IF  THEN survival_status = {nan}, (p=541, n=0, P=541, N=0)
2025-03-05 12:55:13,136 - INFO - *****STOP GROWING RR RULE*****
2025-03-05 12:55:13,136 - INFO - ***RR NOT FOUND***
2025-03-05 12:55:14,955 - INFO - Iteracja 1: condition_best: age >= 18.75, quality_best: 1.0, coverage_best: (p=400, n=0, P=541, N=0)
2025-03-05 12:55:14,962 - INFO - Regula po iteracji 1: IF age <= 66.95 AND age >= 18.75 THEN survival_status = {9.300479}, (p=400, n=0, P=541, N=0)
2025-03-05 12:55:14,962 - INFO - *****GROWING RR RULE*****
2025-03-05 12:55:26,436 - INFO - Iteracja 0: condition_best: None, quality_best: -inf, coverage_best: (p=0, n=0, P=0, N=0), p_value: 0
2025-03-05 12:55:26,440 - INFO - Regula po iteracji 0: IF  THEN survival_status = {nan}, (p=541, n=0, P=541, N=0)
2025-03-05 12:55:26,440 - INFO - *****STOP GROWING RR RULE*****
2025-03-05 12:55:26,440 - INFO - ***RR NOT FOUND***
2025-03-05 12:55:28,319 - INFO - Iteracja 2: condition_best: hgb <= 171.00, quality_best: 1.0, coverage_best: (p=398, n=0, P=541, N=0)
2025-03-05 12:55:28,326 - INFO - Regula po iteracji 2: IF age <= 66.95 AND age >= 18.75 AND hgb <= 171.00 THEN survival_status = {9.300479}, (p=398, n=0, P=541, N=0)
2025-03-05 12:55:28,326 - INFO - *****GROWING RR RULE*****
2025-03-05 12:55:39,756 - INFO - Iteracja 0: condition_best: None, quality_best: -inf, coverage_best: (p=0, n=0, P=0, N=0), p_value: 0
2025-03-05 12:55:39,760 - INFO - Regula po iteracji 0: IF  THEN survival_status = {nan}, (p=541, n=0, P=541, N=0)
2025-03-05 12:55:39,760 - INFO - *****STOP GROWING RR RULE*****
2025-03-05 12:55:39,760 - INFO - ***RR NOT FOUND***
2025-03-05 12:55:41,646 - INFO - Iteracja 3: condition_best: age >= 20.75, quality_best: 1.0, coverage_best: (p=397, n=0, P=541, N=0)
2025-03-05 12:55:41,653 - INFO - Regula po iteracji 3: IF age <= 66.95 AND age >= 18.75 AND hgb <= 171.00 AND age >= 20.75 THEN survival_status = {9.300479}, (p=397, n=0, P=541, N=0)
2025-03-05 12:55:41,653 - INFO - *****GROWING RR RULE*****
2025-03-05 12:55:53,038 - INFO - Iteracja 0: condition_best: None, quality_best: -inf, coverage_best: (p=0, n=0, P=0, N=0), p_value: 0
2025-03-05 12:55:53,042 - INFO - Regula po iteracji 0: IF  THEN survival_status = {nan}, (p=541, n=0, P=541, N=0)
2025-03-05 12:55:53,042 - INFO - *****STOP GROWING RR RULE*****
2025-03-05 12:55:53,042 - INFO - ***RR NOT FOUND***
2025-03-05 12:55:54,977 - INFO - Iteracja 4: condition_best: hgb >= 93.00, quality_best: 1.0, coverage_best: (p=396, n=0, P=541, N=0)
2025-03-05 12:55:54,984 - INFO - Regula po iteracji 4: IF age <= 66.95 AND age >= 18.75 AND hgb <= 171.00 AND age >= 20.75 AND hgb >= 93.00 THEN survival_status = {9.300479}, (p=396, n=0, P=541, N=0)
2025-03-05 12:55:54,985 - INFO - *****GROWING RR RULE*****
2025-03-05 12:56:06,326 - INFO - Iteracja 0: condition_best: None, quality_best: -inf, coverage_best: (p=0, n=0, P=0, N=0), p_value: 0
2025-03-05 12:56:06,330 - INFO - Regula po iteracji 0: IF  THEN survival_status = {nan}, (p=541, n=0, P=541, N=0)
2025-03-05 12:56:06,330 - INFO - *****STOP GROWING RR RULE*****
2025-03-05 12:56:06,330 - INFO - ***RR NOT FOUND***
2025-03-05 12:56:06,330 - INFO - *******STOP GROWING CR RULE*******
2025-03-05 12:56:06,365 - INFO - ************************Finished experiment for 16_follic.arff with algorithm4************************
2025-03-05 12:56:06,365 - INFO - *************************************************************************************************************************
2025-03-05 12:56:06,365 - INFO - *************************************************************************************************************************
2025-03-05 12:56:06,365 - INFO - *************************************************************************************************************************
