2025-03-04 14:57:27,519 - INFO - **********Starting experiment for labor.arff with algorithm3**********
2025-03-04 14:57:27,527 - INFO - *******GROWING CR RULE*******
2025-03-04 14:57:27,532 - INFO - Iteracja 0: condition_best: wage-increase-first-year >= 4.15, quality_best: 0.699, coverage_best: (p=22, n=1, P=37, N=20), precision: 0.957
2025-03-04 14:57:27,532 - INFO - Regula po iteracji 0: IF wage-increase-first-year >= 4.15 THEN class = good, (p=22, n=1, P=37, N=20)
2025-03-04 14:57:27,532 - INFO - *****GROWING RR RULE*****
2025-03-04 14:57:27,547 - INFO - Iteracja 0: condition_best: None quality_best: -inf, coverage_best: (p=0, n=0, P=0, N=0), number_of_covered_negatives_best: 0, best_score: 0, precision: 0
2025-03-04 14:57:27,547 - INFO - Regula po iteracji 0: IF  THEN class = good, (p=15, n=42, P=15, N=42)
2025-03-04 14:57:27,547 - INFO - *****STOP GROWING RR RULE*****
2025-03-04 14:57:27,547 - INFO - ***RR NOT FOUND***
2025-03-04 14:57:27,549 - INFO - Iteracja 1: condition_best: wage-increase-first-year >= 4.50, quality_best: 0.682, coverage_best: (p=21, n=1, P=37, N=20), precision: 0.955
2025-03-04 14:57:27,549 - INFO - Regula po iteracji 1: IF wage-increase-first-year >= 4.15 AND wage-increase-first-year >= 4.50 THEN class = good, (p=21, n=1, P=37, N=20)
2025-03-04 14:57:27,549 - INFO - *****GROWING RR RULE*****
2025-03-04 14:57:27,564 - INFO - Iteracja 0: condition_best: None quality_best: -inf, coverage_best: (p=0, n=0, P=0, N=0), number_of_covered_negatives_best: 0, best_score: 0, precision: 0
2025-03-04 14:57:27,564 - INFO - Regula po iteracji 0: IF  THEN class = good, (p=16, n=41, P=16, N=41)
2025-03-04 14:57:27,564 - INFO - *****STOP GROWING RR RULE*****
2025-03-04 14:57:27,564 - INFO - ***RR NOT FOUND***
2025-03-04 14:57:27,565 - INFO - Iteracja 2: condition_best: working-hours <= 40.00, quality_best: 0.649, coverage_best: (p=19, n=1, P=37, N=20), precision: 0.95
2025-03-04 14:57:27,565 - INFO - Regula po iteracji 2: IF wage-increase-first-year >= 4.15 AND wage-increase-first-year >= 4.50 AND working-hours <= 40.00 THEN class = good, (p=19, n=1, P=37, N=20)
2025-03-04 14:57:27,566 - INFO - *****GROWING RR RULE*****
2025-03-04 14:57:27,581 - INFO - Iteracja 0: condition_best: None quality_best: -inf, coverage_best: (p=0, n=0, P=0, N=0), number_of_covered_negatives_best: 0, best_score: 0, precision: 0
2025-03-04 14:57:27,581 - INFO - Regula po iteracji 0: IF  THEN class = good, (p=18, n=39, P=18, N=39)
2025-03-04 14:57:27,581 - INFO - *****STOP GROWING RR RULE*****
2025-03-04 14:57:27,581 - INFO - ***RR NOT FOUND***
2025-03-04 14:57:27,582 - INFO - Iteracja 3: condition_best: shift-differential >= 2.50, quality_best: 0.649, coverage_best: (p=11, n=0, P=37, N=20), precision: 1.0
2025-03-04 14:57:27,582 - INFO - Regula po iteracji 3: IF wage-increase-first-year >= 4.15 AND wage-increase-first-year >= 4.50 AND working-hours <= 40.00 AND shift-differential >= 2.50 THEN class = good, (p=11, n=0, P=37, N=20)
2025-03-04 14:57:27,582 - INFO - *******STOP GROWING CR RULE*******
2025-03-04 14:57:27,583 - INFO - *******GROWING CR RULE*******
2025-03-04 14:57:27,585 - INFO - Iteracja 0: condition_best: wage-increase-third-year >= 3.25, quality_best: 0.635, coverage_best: (p=10, n=0, P=37, N=20), precision: 1.0
2025-03-04 14:57:27,585 - INFO - Regula po iteracji 0: IF wage-increase-third-year >= 3.25 THEN class = good, (p=10, n=0, P=37, N=20)
2025-03-04 14:57:27,585 - INFO - *******STOP GROWING CR RULE*******
2025-03-04 14:57:27,585 - INFO - *******GROWING CR RULE*******
2025-03-04 14:57:27,588 - INFO - Iteracja 0: condition_best: wage-increase-first-year >= 2.90, quality_best: 0.531, coverage_best: (p=33, n=6, P=37, N=20), precision: 0.846
2025-03-04 14:57:27,588 - INFO - Regula po iteracji 0: IF wage-increase-first-year >= 2.90 THEN class = good, (p=33, n=6, P=37, N=20)
2025-03-04 14:57:27,588 - INFO - *****GROWING RR RULE*****
2025-03-04 14:57:27,602 - INFO - Iteracja 0: condition_best: None quality_best: -inf, coverage_best: (p=0, n=0, P=0, N=0), number_of_covered_negatives_best: 0, best_score: 0, precision: 0
2025-03-04 14:57:27,602 - INFO - Regula po iteracji 0: IF  THEN class = good, (p=4, n=53, P=4, N=53)
2025-03-04 14:57:27,602 - INFO - *****STOP GROWING RR RULE*****
2025-03-04 14:57:27,602 - INFO - ***RR NOT FOUND***
2025-03-04 14:57:27,604 - INFO - Iteracja 1: condition_best: statutory-holidays >= 11.00, quality_best: 0.761, coverage_best: (p=26, n=1, P=37, N=20), precision: 0.963
2025-03-04 14:57:27,604 - INFO - Regula po iteracji 1: IF wage-increase-first-year >= 2.90 AND statutory-holidays >= 11.00 THEN class = good, (p=26, n=1, P=37, N=20)
2025-03-04 14:57:27,604 - INFO - *****GROWING RR RULE*****
2025-03-04 14:57:27,621 - INFO - Iteracja 0: condition_best: None quality_best: -inf, coverage_best: (p=0, n=0, P=0, N=0), number_of_covered_negatives_best: 0, best_score: 0, precision: 0
2025-03-04 14:57:27,621 - INFO - Regula po iteracji 0: IF  THEN class = good, (p=11, n=46, P=11, N=46)
2025-03-04 14:57:27,621 - INFO - *****STOP GROWING RR RULE*****
2025-03-04 14:57:27,621 - INFO - ***RR NOT FOUND***
2025-03-04 14:57:27,622 - INFO - Iteracja 2: condition_best: duration >= 1.00, quality_best: 0.761, coverage_best: (p=26, n=1, P=37, N=20), precision: 0.963
2025-03-04 14:57:27,622 - INFO - Regula po iteracji 2: IF wage-increase-first-year >= 2.90 AND statutory-holidays >= 11.00 AND duration >= 1.00 THEN class = good, (p=26, n=1, P=37, N=20)
2025-03-04 14:57:27,623 - INFO - *****GROWING RR RULE*****
2025-03-04 14:57:27,638 - INFO - Iteracja 0: condition_best: None quality_best: -inf, coverage_best: (p=0, n=0, P=0, N=0), number_of_covered_negatives_best: 0, best_score: 0, precision: 0
2025-03-04 14:57:27,639 - INFO - Regula po iteracji 0: IF  THEN class = good, (p=11, n=46, P=11, N=46)
2025-03-04 14:57:27,639 - INFO - *****STOP GROWING RR RULE*****
2025-03-04 14:57:27,639 - INFO - ***RR NOT FOUND***
2025-03-04 14:57:27,640 - INFO - Iteracja 3: condition_best: wage-increase-first-year <= 4.00, quality_best: 0.444, coverage_best: (p=9, n=1, P=37, N=20), precision: 0.9
2025-03-04 14:57:27,640 - INFO - Regula po iteracji 3: IF wage-increase-first-year >= 2.90 AND statutory-holidays >= 11.00 AND duration >= 1.00 AND wage-increase-first-year <= 4.00 THEN class = good, (p=9, n=1, P=37, N=20)
2025-03-04 14:57:27,640 - INFO - *****GROWING RR RULE*****
2025-03-04 14:57:27,655 - INFO - Iteracja 0: condition_best: wage-increase-first-year >= 4.15, quality_best: 0.817, coverage_best: (p=22, n=1, P=28, N=29), number_of_covered_negatives_best: 0, best_score: 1.602, precision: 0.957
2025-03-04 14:57:27,655 - INFO - Regula po iteracji 0: IF wage-increase-first-year >= 4.15 THEN class = good, (p=22, n=1, P=28, N=29)
2025-03-04 14:57:27,655 - INFO - *****STOP GROWING RR RULE*****
2025-03-04 14:57:27,656 - INFO - ***RR FOUND***
2025-03-04 14:57:27,656 - INFO - Reference rule: IF wage-increase-first-year >= 4.15 THEN class = good
2025-03-04 14:57:27,656 - INFO - ***CHECKING EXCEPTION***
2025-03-04 14:57:27,656 - INFO - Exception precision: 0
2025-03-04 14:57:27,656 - INFO - ***ER NOT FOUND***
2025-03-04 14:57:27,657 - INFO - Iteracja 4: condition_best: None, quality_best: -inf, coverage_best: (p=0, n=0, P=0, N=0), precision: 0
2025-03-04 14:57:27,657 - INFO - Regula po iteracji 4: IF wage-increase-first-year >= 2.90 AND statutory-holidays >= 11.00 AND duration >= 1.00 AND wage-increase-first-year <= 4.00 THEN class = good, (p=9, n=1, P=37, N=20)
2025-03-04 14:57:27,657 - INFO - *******STOP GROWING CR RULE*******
2025-03-04 14:57:27,658 - INFO - *******GROWING CR RULE*******
2025-03-04 14:57:27,660 - INFO - Iteracja 0: condition_best: None, quality_best: -inf, coverage_best: (p=0, n=0, P=0, N=0), precision: 0
2025-03-04 14:57:27,660 - INFO - Regula po iteracji 0: IF  THEN class = good, (p=37, n=20, P=37, N=20)
2025-03-04 14:57:27,660 - INFO - *******STOP GROWING CR RULE*******
2025-03-04 14:57:27,660 - INFO - *******GROWING CR RULE*******
2025-03-04 14:57:27,663 - INFO - Iteracja 0: condition_best: pension = {none}, quality_best: 0.775, coverage_best: (p=11, n=0, P=20, N=37), precision: 1.0
2025-03-04 14:57:27,663 - INFO - Regula po iteracji 0: IF pension = {none} THEN class = bad, (p=11, n=0, P=20, N=37)
2025-03-04 14:57:27,663 - INFO - *******STOP GROWING CR RULE*******
2025-03-04 14:57:27,663 - INFO - *******GROWING CR RULE*******
2025-03-04 14:57:27,666 - INFO - Iteracja 0: condition_best: wage-increase-first-year <= 2.65, quality_best: 0.656, coverage_best: (p=13, n=2, P=20, N=37), precision: 0.867
2025-03-04 14:57:27,666 - INFO - Regula po iteracji 0: IF wage-increase-first-year <= 2.65 THEN class = bad, (p=13, n=2, P=20, N=37)
2025-03-04 14:57:27,666 - INFO - *****GROWING RR RULE*****
2025-03-04 14:57:27,678 - INFO - Iteracja 0: condition_best: None quality_best: -inf, coverage_best: (p=0, n=0, P=0, N=0), number_of_covered_negatives_best: 0, best_score: 0, precision: 0
2025-03-04 14:57:27,678 - INFO - Regula po iteracji 0: IF  THEN class = bad, (p=7, n=50, P=7, N=50)
2025-03-04 14:57:27,679 - INFO - *****STOP GROWING RR RULE*****
2025-03-04 14:57:27,679 - INFO - ***RR NOT FOUND***
2025-03-04 14:57:27,680 - INFO - Iteracja 1: condition_best: working-hours >= 35.00, quality_best: 0.734, coverage_best: (p=13, n=1, P=20, N=37), precision: 0.929
2025-03-04 14:57:27,680 - INFO - Regula po iteracji 1: IF wage-increase-first-year <= 2.65 AND working-hours >= 35.00 THEN class = bad, (p=13, n=1, P=20, N=37)
2025-03-04 14:57:27,680 - INFO - *****GROWING RR RULE*****
2025-03-04 14:57:27,692 - INFO - Iteracja 0: condition_best: None quality_best: -inf, coverage_best: (p=0, n=0, P=0, N=0), number_of_covered_negatives_best: 0, best_score: 0, precision: 0
2025-03-04 14:57:27,692 - INFO - Regula po iteracji 0: IF  THEN class = bad, (p=7, n=50, P=7, N=50)
2025-03-04 14:57:27,692 - INFO - *****STOP GROWING RR RULE*****
2025-03-04 14:57:27,692 - INFO - ***RR NOT FOUND***
2025-03-04 14:57:27,694 - INFO - Iteracja 2: condition_best: wage-increase-first-year >= 2.00, quality_best: 0.734, coverage_best: (p=13, n=1, P=20, N=37), precision: 0.929
2025-03-04 14:57:27,694 - INFO - Regula po iteracji 2: IF wage-increase-first-year <= 2.65 AND working-hours >= 35.00 AND wage-increase-first-year >= 2.00 THEN class = bad, (p=13, n=1, P=20, N=37)
2025-03-04 14:57:27,694 - INFO - *****GROWING RR RULE*****
2025-03-04 14:57:27,706 - INFO - Iteracja 0: condition_best: None quality_best: -inf, coverage_best: (p=0, n=0, P=0, N=0), number_of_covered_negatives_best: 0, best_score: 0, precision: 0
2025-03-04 14:57:27,706 - INFO - Regula po iteracji 0: IF  THEN class = bad, (p=7, n=50, P=7, N=50)
2025-03-04 14:57:27,706 - INFO - *****STOP GROWING RR RULE*****
2025-03-04 14:57:27,706 - INFO - ***RR NOT FOUND***
2025-03-04 14:57:27,707 - INFO - Iteracja 3: condition_best: statutory-holidays <= 12.00, quality_best: 0.734, coverage_best: (p=13, n=1, P=20, N=37), precision: 0.929
2025-03-04 14:57:27,707 - INFO - Regula po iteracji 3: IF wage-increase-first-year <= 2.65 AND working-hours >= 35.00 AND wage-increase-first-year >= 2.00 AND statutory-holidays <= 12.00 THEN class = bad, (p=13, n=1, P=20, N=37)
2025-03-04 14:57:27,707 - INFO - *****GROWING RR RULE*****
2025-03-04 14:57:27,719 - INFO - Iteracja 0: condition_best: None quality_best: -inf, coverage_best: (p=0, n=0, P=0, N=0), number_of_covered_negatives_best: 0, best_score: 0, precision: 0
2025-03-04 14:57:27,719 - INFO - Regula po iteracji 0: IF  THEN class = bad, (p=7, n=50, P=7, N=50)
2025-03-04 14:57:27,719 - INFO - *****STOP GROWING RR RULE*****
2025-03-04 14:57:27,719 - INFO - ***RR NOT FOUND***
2025-03-04 14:57:27,721 - INFO - Iteracja 4: condition_best: duration <= 2.00, quality_best: 0.613, coverage_best: (p=9, n=1, P=20, N=37), precision: 0.9
2025-03-04 14:57:27,721 - INFO - Regula po iteracji 4: IF wage-increase-first-year <= 2.65 AND working-hours >= 35.00 AND wage-increase-first-year >= 2.00 AND statutory-holidays <= 12.00 AND duration <= 2.00 THEN class = bad, (p=9, n=1, P=20, N=37)
2025-03-04 14:57:27,721 - INFO - *****GROWING RR RULE*****
2025-03-04 14:57:27,733 - INFO - Iteracja 0: condition_best: None quality_best: -inf, coverage_best: (p=0, n=0, P=0, N=0), number_of_covered_negatives_best: 0, best_score: 0, precision: 0
2025-03-04 14:57:27,733 - INFO - Regula po iteracji 0: IF  THEN class = bad, (p=11, n=46, P=11, N=46)
2025-03-04 14:57:27,733 - INFO - *****STOP GROWING RR RULE*****
2025-03-04 14:57:27,733 - INFO - ***RR NOT FOUND***
2025-03-04 14:57:27,735 - INFO - Iteracja 5: condition_best: working-hours >= 36.50, quality_best: 0.725, coverage_best: (p=9, n=0, P=20, N=37), precision: 1.0
2025-03-04 14:57:27,735 - INFO - Regula po iteracji 5: IF wage-increase-first-year <= 2.65 AND working-hours >= 35.00 AND wage-increase-first-year >= 2.00 AND statutory-holidays <= 12.00 AND duration <= 2.00 AND working-hours >= 36.50 THEN class = bad, (p=9, n=0, P=20, N=37)
2025-03-04 14:57:27,735 - INFO - *******STOP GROWING CR RULE*******
2025-03-04 14:57:27,735 - INFO - *******GROWING CR RULE*******
2025-03-04 14:57:27,738 - INFO - Iteracja 0: condition_best: None, quality_best: -inf, coverage_best: (p=0, n=0, P=0, N=0), precision: 0
2025-03-04 14:57:27,738 - INFO - Regula po iteracji 0: IF  THEN class = bad, (p=20, n=37, P=20, N=37)
2025-03-04 14:57:27,738 - INFO - *******STOP GROWING CR RULE*******
2025-03-04 14:57:27,741 - INFO - ************************Finished experiment for labor.arff with algorithm3************************
2025-03-04 14:57:27,741 - INFO - *************************************************************************************************************************
2025-03-04 14:57:27,741 - INFO - *************************************************************************************************************************
2025-03-04 14:57:27,741 - INFO - *************************************************************************************************************************
