2025-03-05 10:44:54,380 - INFO - **********Starting experiment for 03_przeszczepy.arff with algorithm3**********
2025-03-05 10:44:54,397 - INFO - *******GROWING CR RULE*******
2025-03-05 10:44:59,171 - INFO - Iteracja 0: condition_best: PLTrecovery <= 500,142.50, quality_best: 1.0, coverage_best: (p=170, n=0, P=187, N=0)
2025-03-05 10:44:59,176 - INFO - Regula po iteracji 0: IF PLTrecovery <= 500,142.50 THEN survival_status = {nan}, (p=170, n=0, P=187, N=0)
2025-03-05 10:44:59,176 - INFO - *****GROWING RR RULE*****
2025-03-05 10:45:12,166 - INFO - Iteracja 0: condition_best: None, quality_best: -inf, coverage_best: (p=0, n=0, P=0, N=0), p_value: 0
2025-03-05 10:45:12,170 - INFO - Regula po iteracji 0: IF  THEN survival_status = {nan}, (p=187, n=0, P=187, N=0)
2025-03-05 10:45:12,170 - INFO - *****STOP GROWING RR RULE*****
2025-03-05 10:45:12,170 - INFO - ***RR NOT FOUND***
2025-03-05 10:45:16,904 - INFO - Iteracja 1: condition_best: Donorage <= 55.48, quality_best: 1.0, coverage_best: (p=169, n=0, P=187, N=0)
2025-03-05 10:45:16,909 - INFO - Regula po iteracji 1: IF PLTrecovery <= 500,142.50 AND Donorage <= 55.48 THEN survival_status = {inf}, (p=169, n=0, P=187, N=0)
2025-03-05 10:45:16,909 - INFO - *****GROWING RR RULE*****
2025-03-05 10:45:29,868 - INFO - Iteracja 0: condition_best: None, quality_best: -inf, coverage_best: (p=0, n=0, P=0, N=0), p_value: 0
2025-03-05 10:45:29,872 - INFO - Regula po iteracji 0: IF  THEN survival_status = {nan}, (p=187, n=0, P=187, N=0)
2025-03-05 10:45:29,872 - INFO - *****STOP GROWING RR RULE*****
2025-03-05 10:45:29,872 - INFO - ***RR NOT FOUND***
2025-03-05 10:45:34,756 - INFO - Iteracja 2: condition_best: Donorage <= 53.94, quality_best: 1.0, coverage_best: (p=168, n=0, P=187, N=0)
2025-03-05 10:45:34,760 - INFO - Regula po iteracji 2: IF PLTrecovery <= 500,142.50 AND Donorage <= 55.48 AND Donorage <= 53.94 THEN survival_status = {inf}, (p=168, n=0, P=187, N=0)
2025-03-05 10:45:34,760 - INFO - *****GROWING RR RULE*****
2025-03-05 10:45:47,698 - INFO - Iteracja 0: condition_best: None, quality_best: -inf, coverage_best: (p=0, n=0, P=0, N=0), p_value: 0
2025-03-05 10:45:47,701 - INFO - Regula po iteracji 0: IF  THEN survival_status = {nan}, (p=187, n=0, P=187, N=0)
2025-03-05 10:45:47,702 - INFO - *****STOP GROWING RR RULE*****
2025-03-05 10:45:47,702 - INFO - ***RR NOT FOUND***
2025-03-05 10:45:52,698 - INFO - Iteracja 3: condition_best: Donorage <= 52.23, quality_best: 1.0, coverage_best: (p=167, n=0, P=187, N=0)
2025-03-05 10:45:52,702 - INFO - Regula po iteracji 3: IF PLTrecovery <= 500,142.50 AND Donorage <= 55.48 AND Donorage <= 53.94 AND Donorage <= 52.23 THEN survival_status = {inf}, (p=167, n=0, P=187, N=0)
2025-03-05 10:45:52,703 - INFO - *****GROWING RR RULE*****
2025-03-05 10:46:05,610 - INFO - Iteracja 0: condition_best: None, quality_best: -inf, coverage_best: (p=0, n=0, P=0, N=0), p_value: 0
2025-03-05 10:46:05,613 - INFO - Regula po iteracji 0: IF  THEN survival_status = {nan}, (p=187, n=0, P=187, N=0)
2025-03-05 10:46:05,613 - INFO - *****STOP GROWING RR RULE*****
2025-03-05 10:46:05,613 - INFO - ***RR NOT FOUND***
2025-03-05 10:46:10,714 - INFO - Iteracja 4: condition_best: Donorage <= 50.93, quality_best: 1.0, coverage_best: (p=166, n=0, P=187, N=0)
2025-03-05 10:46:10,718 - INFO - Regula po iteracji 4: IF PLTrecovery <= 500,142.50 AND Donorage <= 55.48 AND Donorage <= 53.94 AND Donorage <= 52.23 AND Donorage <= 50.93 THEN survival_status = {inf}, (p=166, n=0, P=187, N=0)
2025-03-05 10:46:10,719 - INFO - *****GROWING RR RULE*****
2025-03-05 10:46:23,609 - INFO - Iteracja 0: condition_best: None, quality_best: -inf, coverage_best: (p=0, n=0, P=0, N=0), p_value: 0
2025-03-05 10:46:23,613 - INFO - Regula po iteracji 0: IF  THEN survival_status = {nan}, (p=187, n=0, P=187, N=0)
2025-03-05 10:46:23,613 - INFO - *****STOP GROWING RR RULE*****
2025-03-05 10:46:23,613 - INFO - ***RR NOT FOUND***
2025-03-05 10:46:23,613 - INFO - *******STOP GROWING CR RULE*******
2025-03-05 10:46:23,618 - INFO - *******GROWING CR RULE*******
2025-03-05 10:46:27,214 - INFO - Iteracja 0: condition_best: PLTrecovery >= 266.00, quality_best: 1.0, coverage_best: (p=18, n=0, P=187, N=0)
2025-03-05 10:46:27,219 - INFO - Regula po iteracji 0: IF PLTrecovery >= 266.00 THEN survival_status = {nan}, (p=18, n=0, P=187, N=0)
2025-03-05 10:46:27,219 - INFO - *****GROWING RR RULE*****
2025-03-05 10:46:36,809 - INFO - Iteracja 0: condition_best: None, quality_best: -inf, coverage_best: (p=0, n=0, P=0, N=0), p_value: 0
2025-03-05 10:46:36,813 - INFO - Regula po iteracji 0: IF  THEN survival_status = {nan}, (p=187, n=0, P=187, N=0)
2025-03-05 10:46:36,813 - INFO - *****STOP GROWING RR RULE*****
2025-03-05 10:46:36,813 - INFO - ***RR NOT FOUND***
2025-03-05 10:46:37,316 - INFO - Iteracja 1: condition_best: Txpostrelapse = {0}, quality_best: 1.0, coverage_best: (p=17, n=0, P=187, N=0)
2025-03-05 10:46:37,320 - INFO - Regula po iteracji 1: IF PLTrecovery >= 266.00 AND Txpostrelapse = {0} THEN survival_status = {42.0}, (p=17, n=0, P=187, N=0)
2025-03-05 10:46:37,320 - INFO - *****GROWING RR RULE*****
2025-03-05 10:46:46,875 - INFO - Iteracja 0: condition_best: None, quality_best: -inf, coverage_best: (p=0, n=0, P=0, N=0), p_value: 0
2025-03-05 10:46:46,878 - INFO - Regula po iteracji 0: IF  THEN survival_status = {nan}, (p=187, n=0, P=187, N=0)
2025-03-05 10:46:46,878 - INFO - *****STOP GROWING RR RULE*****
2025-03-05 10:46:46,878 - INFO - ***RR NOT FOUND***
2025-03-05 10:46:47,393 - INFO - Iteracja 2: condition_best: Relapse = {0}, quality_best: 1.0, coverage_best: (p=16, n=0, P=187, N=0)
2025-03-05 10:46:47,397 - INFO - Regula po iteracji 2: IF PLTrecovery >= 266.00 AND Txpostrelapse = {0} AND Relapse = {0} THEN survival_status = {42.0}, (p=16, n=0, P=187, N=0)
2025-03-05 10:46:47,398 - INFO - *****GROWING RR RULE*****
2025-03-05 10:46:56,941 - INFO - Iteracja 0: condition_best: None, quality_best: -inf, coverage_best: (p=0, n=0, P=0, N=0), p_value: 0
2025-03-05 10:46:56,944 - INFO - Regula po iteracji 0: IF  THEN survival_status = {nan}, (p=187, n=0, P=187, N=0)
2025-03-05 10:46:56,944 - INFO - *****STOP GROWING RR RULE*****
2025-03-05 10:46:56,944 - INFO - ***RR NOT FOUND***
2025-03-05 10:46:57,456 - INFO - Iteracja 3: condition_best: Gendermatch = {0}, quality_best: 1.0, coverage_best: (p=15, n=0, P=187, N=0)
2025-03-05 10:46:57,460 - INFO - Regula po iteracji 3: IF PLTrecovery >= 266.00 AND Txpostrelapse = {0} AND Relapse = {0} AND Gendermatch = {0} THEN survival_status = {41.0}, (p=15, n=0, P=187, N=0)
2025-03-05 10:46:57,461 - INFO - *****GROWING RR RULE*****
2025-03-05 10:47:06,918 - INFO - Iteracja 0: condition_best: None, quality_best: -inf, coverage_best: (p=0, n=0, P=0, N=0), p_value: 0
2025-03-05 10:47:06,921 - INFO - Regula po iteracji 0: IF  THEN survival_status = {nan}, (p=187, n=0, P=187, N=0)
2025-03-05 10:47:06,921 - INFO - *****STOP GROWING RR RULE*****
2025-03-05 10:47:06,921 - INFO - ***RR NOT FOUND***
2025-03-05 10:47:07,426 - INFO - Iteracja 4: condition_best: Donorage <= 48.50, quality_best: 1.0, coverage_best: (p=14, n=0, P=187, N=0)
2025-03-05 10:47:07,430 - INFO - Regula po iteracji 4: IF PLTrecovery >= 266.00 AND Txpostrelapse = {0} AND Relapse = {0} AND Gendermatch = {0} AND Donorage <= 48.50 THEN survival_status = {41.0}, (p=14, n=0, P=187, N=0)
2025-03-05 10:47:07,431 - INFO - *****GROWING RR RULE*****
2025-03-05 10:47:16,883 - INFO - Iteracja 0: condition_best: None, quality_best: -inf, coverage_best: (p=0, n=0, P=0, N=0), p_value: 0
2025-03-05 10:47:16,886 - INFO - Regula po iteracji 0: IF  THEN survival_status = {nan}, (p=187, n=0, P=187, N=0)
2025-03-05 10:47:16,886 - INFO - *****STOP GROWING RR RULE*****
2025-03-05 10:47:16,886 - INFO - ***RR NOT FOUND***
2025-03-05 10:47:16,886 - INFO - *******STOP GROWING CR RULE*******
2025-03-05 10:47:16,890 - INFO - *******GROWING CR RULE*******
2025-03-05 10:47:20,264 - INFO - Iteracja 0: condition_best: PLTrecovery <= 500,142.50, quality_best: 1.0, coverage_best: (p=170, n=0, P=187, N=0)
2025-03-05 10:47:20,268 - INFO - Regula po iteracji 0: IF PLTrecovery <= 500,142.50 THEN survival_status = {nan}, (p=170, n=0, P=187, N=0)
2025-03-05 10:47:20,268 - INFO - *****GROWING RR RULE*****
2025-03-05 10:47:33,277 - INFO - Iteracja 0: condition_best: None, quality_best: -inf, coverage_best: (p=0, n=0, P=0, N=0), p_value: 0
2025-03-05 10:47:33,280 - INFO - Regula po iteracji 0: IF  THEN survival_status = {nan}, (p=187, n=0, P=187, N=0)
2025-03-05 10:47:33,281 - INFO - *****STOP GROWING RR RULE*****
2025-03-05 10:47:33,281 - INFO - ***RR NOT FOUND***
2025-03-05 10:47:36,723 - INFO - Iteracja 1: condition_best: Donorage <= 55.48, quality_best: 1.0, coverage_best: (p=169, n=0, P=187, N=0)
2025-03-05 10:47:36,727 - INFO - Regula po iteracji 1: IF PLTrecovery <= 500,142.50 AND Donorage <= 55.48 THEN survival_status = {inf}, (p=169, n=0, P=187, N=0)
2025-03-05 10:47:36,728 - INFO - *****GROWING RR RULE*****
2025-03-05 10:47:49,703 - INFO - Iteracja 0: condition_best: None, quality_best: -inf, coverage_best: (p=0, n=0, P=0, N=0), p_value: 0
2025-03-05 10:47:49,706 - INFO - Regula po iteracji 0: IF  THEN survival_status = {nan}, (p=187, n=0, P=187, N=0)
2025-03-05 10:47:49,706 - INFO - *****STOP GROWING RR RULE*****
2025-03-05 10:47:49,706 - INFO - ***RR NOT FOUND***
2025-03-05 10:47:53,300 - INFO - Iteracja 2: condition_best: Donorage <= 53.94, quality_best: 1.0, coverage_best: (p=168, n=0, P=187, N=0)
2025-03-05 10:47:53,304 - INFO - Regula po iteracji 2: IF PLTrecovery <= 500,142.50 AND Donorage <= 55.48 AND Donorage <= 53.94 THEN survival_status = {inf}, (p=168, n=0, P=187, N=0)
2025-03-05 10:47:53,304 - INFO - *****GROWING RR RULE*****
2025-03-05 10:48:06,263 - INFO - Iteracja 0: condition_best: None, quality_best: -inf, coverage_best: (p=0, n=0, P=0, N=0), p_value: 0
2025-03-05 10:48:06,266 - INFO - Regula po iteracji 0: IF  THEN survival_status = {nan}, (p=187, n=0, P=187, N=0)
2025-03-05 10:48:06,266 - INFO - *****STOP GROWING RR RULE*****
2025-03-05 10:48:06,266 - INFO - ***RR NOT FOUND***
2025-03-05 10:48:09,990 - INFO - Iteracja 3: condition_best: Donorage <= 52.23, quality_best: 1.0, coverage_best: (p=167, n=0, P=187, N=0)
2025-03-05 10:48:09,994 - INFO - Regula po iteracji 3: IF PLTrecovery <= 500,142.50 AND Donorage <= 55.48 AND Donorage <= 53.94 AND Donorage <= 52.23 THEN survival_status = {inf}, (p=167, n=0, P=187, N=0)
2025-03-05 10:48:09,994 - INFO - *****GROWING RR RULE*****
2025-03-05 10:48:22,940 - INFO - Iteracja 0: condition_best: None, quality_best: -inf, coverage_best: (p=0, n=0, P=0, N=0), p_value: 0
2025-03-05 10:48:22,944 - INFO - Regula po iteracji 0: IF  THEN survival_status = {nan}, (p=187, n=0, P=187, N=0)
2025-03-05 10:48:22,944 - INFO - *****STOP GROWING RR RULE*****
2025-03-05 10:48:22,944 - INFO - ***RR NOT FOUND***
2025-03-05 10:48:26,769 - INFO - Iteracja 4: condition_best: Donorage <= 50.93, quality_best: 1.0, coverage_best: (p=166, n=0, P=187, N=0)
2025-03-05 10:48:26,773 - INFO - Regula po iteracji 4: IF PLTrecovery <= 500,142.50 AND Donorage <= 55.48 AND Donorage <= 53.94 AND Donorage <= 52.23 AND Donorage <= 50.93 THEN survival_status = {inf}, (p=166, n=0, P=187, N=0)
2025-03-05 10:48:26,774 - INFO - *****GROWING RR RULE*****
2025-03-05 10:48:39,694 - INFO - Iteracja 0: condition_best: None, quality_best: -inf, coverage_best: (p=0, n=0, P=0, N=0), p_value: 0
2025-03-05 10:48:39,697 - INFO - Regula po iteracji 0: IF  THEN survival_status = {nan}, (p=187, n=0, P=187, N=0)
2025-03-05 10:48:39,697 - INFO - *****STOP GROWING RR RULE*****
2025-03-05 10:48:39,697 - INFO - ***RR NOT FOUND***
2025-03-05 10:48:39,697 - INFO - *******STOP GROWING CR RULE*******
2025-03-05 10:48:39,710 - INFO - ************************Finished experiment for 03_przeszczepy.arff with algorithm3************************
2025-03-05 10:48:39,710 - INFO - *************************************************************************************************************************
2025-03-05 10:48:39,710 - INFO - *************************************************************************************************************************
2025-03-05 10:48:39,710 - INFO - *************************************************************************************************************************
2025-03-05 10:48:39,711 - INFO - **********Starting experiment for 03_przeszczepy.arff with algorithm4**********
2025-03-05 10:48:39,728 - INFO - *******GROWING CR RULE*******
2025-03-05 10:48:44,577 - INFO - Iteracja 0: condition_best: PLTrecovery <= 500,142.50, quality_best: 1.0, coverage_best: (p=170, n=0, P=187, N=0)
2025-03-05 10:48:44,582 - INFO - Regula po iteracji 0: IF PLTrecovery <= 500,142.50 THEN survival_status = {nan}, (p=170, n=0, P=187, N=0)
2025-03-05 10:48:44,582 - INFO - *****GROWING RR RULE*****
2025-03-05 10:49:06,932 - INFO - Iteracja 0: condition_best: None, quality_best: -inf, coverage_best: (p=0, n=0, P=0, N=0), p_value: 0
2025-03-05 10:49:06,935 - INFO - Regula po iteracji 0: IF  THEN survival_status = {nan}, (p=187, n=0, P=187, N=0)
2025-03-05 10:49:06,935 - INFO - *****STOP GROWING RR RULE*****
2025-03-05 10:49:06,935 - INFO - ***RR NOT FOUND***
2025-03-05 10:49:11,680 - INFO - Iteracja 1: condition_best: Donorage <= 55.48, quality_best: 1.0, coverage_best: (p=169, n=0, P=187, N=0)
2025-03-05 10:49:11,685 - INFO - Regula po iteracji 1: IF PLTrecovery <= 500,142.50 AND Donorage <= 55.48 THEN survival_status = {inf}, (p=169, n=0, P=187, N=0)
2025-03-05 10:49:11,685 - INFO - *****GROWING RR RULE*****
2025-03-05 10:49:34,063 - INFO - Iteracja 0: condition_best: None, quality_best: -inf, coverage_best: (p=0, n=0, P=0, N=0), p_value: 0
2025-03-05 10:49:34,066 - INFO - Regula po iteracji 0: IF  THEN survival_status = {nan}, (p=187, n=0, P=187, N=0)
2025-03-05 10:49:34,066 - INFO - *****STOP GROWING RR RULE*****
2025-03-05 10:49:34,066 - INFO - ***RR NOT FOUND***
2025-03-05 10:49:38,960 - INFO - Iteracja 2: condition_best: Donorage <= 53.94, quality_best: 1.0, coverage_best: (p=168, n=0, P=187, N=0)
2025-03-05 10:49:38,965 - INFO - Regula po iteracji 2: IF PLTrecovery <= 500,142.50 AND Donorage <= 55.48 AND Donorage <= 53.94 THEN survival_status = {inf}, (p=168, n=0, P=187, N=0)
2025-03-05 10:49:38,965 - INFO - *****GROWING RR RULE*****
2025-03-05 10:50:01,228 - INFO - Iteracja 0: condition_best: None, quality_best: -inf, coverage_best: (p=0, n=0, P=0, N=0), p_value: 0
2025-03-05 10:50:01,231 - INFO - Regula po iteracji 0: IF  THEN survival_status = {nan}, (p=187, n=0, P=187, N=0)
2025-03-05 10:50:01,231 - INFO - *****STOP GROWING RR RULE*****
2025-03-05 10:50:01,231 - INFO - ***RR NOT FOUND***
2025-03-05 10:50:06,239 - INFO - Iteracja 3: condition_best: Donorage <= 52.23, quality_best: 1.0, coverage_best: (p=167, n=0, P=187, N=0)
2025-03-05 10:50:06,243 - INFO - Regula po iteracji 3: IF PLTrecovery <= 500,142.50 AND Donorage <= 55.48 AND Donorage <= 53.94 AND Donorage <= 52.23 THEN survival_status = {inf}, (p=167, n=0, P=187, N=0)
2025-03-05 10:50:06,243 - INFO - *****GROWING RR RULE*****
2025-03-05 10:50:28,462 - INFO - Iteracja 0: condition_best: None, quality_best: -inf, coverage_best: (p=0, n=0, P=0, N=0), p_value: 0
2025-03-05 10:50:28,466 - INFO - Regula po iteracji 0: IF  THEN survival_status = {nan}, (p=187, n=0, P=187, N=0)
2025-03-05 10:50:28,466 - INFO - *****STOP GROWING RR RULE*****
2025-03-05 10:50:28,466 - INFO - ***RR NOT FOUND***
2025-03-05 10:50:33,574 - INFO - Iteracja 4: condition_best: Donorage <= 50.93, quality_best: 1.0, coverage_best: (p=166, n=0, P=187, N=0)
2025-03-05 10:50:33,578 - INFO - Regula po iteracji 4: IF PLTrecovery <= 500,142.50 AND Donorage <= 55.48 AND Donorage <= 53.94 AND Donorage <= 52.23 AND Donorage <= 50.93 THEN survival_status = {inf}, (p=166, n=0, P=187, N=0)
2025-03-05 10:50:33,578 - INFO - *****GROWING RR RULE*****
2025-03-05 10:50:55,801 - INFO - Iteracja 0: condition_best: None, quality_best: -inf, coverage_best: (p=0, n=0, P=0, N=0), p_value: 0
2025-03-05 10:50:55,804 - INFO - Regula po iteracji 0: IF  THEN survival_status = {nan}, (p=187, n=0, P=187, N=0)
2025-03-05 10:50:55,804 - INFO - *****STOP GROWING RR RULE*****
2025-03-05 10:50:55,804 - INFO - ***RR NOT FOUND***
2025-03-05 10:50:55,804 - INFO - *******STOP GROWING CR RULE*******
2025-03-05 10:50:55,808 - INFO - *******GROWING CR RULE*******
2025-03-05 10:50:59,297 - INFO - Iteracja 0: condition_best: PLTrecovery >= 266.00, quality_best: 1.0, coverage_best: (p=18, n=0, P=187, N=0)
2025-03-05 10:50:59,301 - INFO - Regula po iteracji 0: IF PLTrecovery >= 266.00 THEN survival_status = {nan}, (p=18, n=0, P=187, N=0)
2025-03-05 10:50:59,301 - INFO - *****GROWING RR RULE*****
2025-03-05 10:51:18,058 - INFO - Iteracja 0: condition_best: None, quality_best: -inf, coverage_best: (p=0, n=0, P=0, N=0), p_value: 0
2025-03-05 10:51:18,061 - INFO - Regula po iteracji 0: IF  THEN survival_status = {nan}, (p=187, n=0, P=187, N=0)
2025-03-05 10:51:18,061 - INFO - *****STOP GROWING RR RULE*****
2025-03-05 10:51:18,061 - INFO - ***RR NOT FOUND***
2025-03-05 10:51:18,566 - INFO - Iteracja 1: condition_best: Txpostrelapse = {0}, quality_best: 1.0, coverage_best: (p=17, n=0, P=187, N=0)
2025-03-05 10:51:18,571 - INFO - Regula po iteracji 1: IF PLTrecovery >= 266.00 AND Txpostrelapse = {0} THEN survival_status = {42.0}, (p=17, n=0, P=187, N=0)
2025-03-05 10:51:18,571 - INFO - *****GROWING RR RULE*****
2025-03-05 10:51:37,320 - INFO - Iteracja 0: condition_best: None, quality_best: -inf, coverage_best: (p=0, n=0, P=0, N=0), p_value: 0
2025-03-05 10:51:37,323 - INFO - Regula po iteracji 0: IF  THEN survival_status = {nan}, (p=187, n=0, P=187, N=0)
2025-03-05 10:51:37,323 - INFO - *****STOP GROWING RR RULE*****
2025-03-05 10:51:37,323 - INFO - ***RR NOT FOUND***
2025-03-05 10:51:37,841 - INFO - Iteracja 2: condition_best: Relapse = {0}, quality_best: 1.0, coverage_best: (p=16, n=0, P=187, N=0)
2025-03-05 10:51:37,845 - INFO - Regula po iteracji 2: IF PLTrecovery >= 266.00 AND Txpostrelapse = {0} AND Relapse = {0} THEN survival_status = {42.0}, (p=16, n=0, P=187, N=0)
2025-03-05 10:51:37,845 - INFO - *****GROWING RR RULE*****
2025-03-05 10:51:56,563 - INFO - Iteracja 0: condition_best: None, quality_best: -inf, coverage_best: (p=0, n=0, P=0, N=0), p_value: 0
2025-03-05 10:51:56,566 - INFO - Regula po iteracji 0: IF  THEN survival_status = {nan}, (p=187, n=0, P=187, N=0)
2025-03-05 10:51:56,566 - INFO - *****STOP GROWING RR RULE*****
2025-03-05 10:51:56,566 - INFO - ***RR NOT FOUND***
2025-03-05 10:51:57,080 - INFO - Iteracja 3: condition_best: Gendermatch = {0}, quality_best: 1.0, coverage_best: (p=15, n=0, P=187, N=0)
2025-03-05 10:51:57,084 - INFO - Regula po iteracji 3: IF PLTrecovery >= 266.00 AND Txpostrelapse = {0} AND Relapse = {0} AND Gendermatch = {0} THEN survival_status = {41.0}, (p=15, n=0, P=187, N=0)
2025-03-05 10:51:57,085 - INFO - *****GROWING RR RULE*****
2025-03-05 10:52:15,824 - INFO - Iteracja 0: condition_best: None, quality_best: -inf, coverage_best: (p=0, n=0, P=0, N=0), p_value: 0
2025-03-05 10:52:15,827 - INFO - Regula po iteracji 0: IF  THEN survival_status = {nan}, (p=187, n=0, P=187, N=0)
2025-03-05 10:52:15,827 - INFO - *****STOP GROWING RR RULE*****
2025-03-05 10:52:15,827 - INFO - ***RR NOT FOUND***
2025-03-05 10:52:16,333 - INFO - Iteracja 4: condition_best: Donorage <= 48.50, quality_best: 1.0, coverage_best: (p=14, n=0, P=187, N=0)
2025-03-05 10:52:16,337 - INFO - Regula po iteracji 4: IF PLTrecovery >= 266.00 AND Txpostrelapse = {0} AND Relapse = {0} AND Gendermatch = {0} AND Donorage <= 48.50 THEN survival_status = {41.0}, (p=14, n=0, P=187, N=0)
2025-03-05 10:52:16,337 - INFO - *****GROWING RR RULE*****
2025-03-05 10:52:34,951 - INFO - Iteracja 0: condition_best: None, quality_best: -inf, coverage_best: (p=0, n=0, P=0, N=0), p_value: 0
2025-03-05 10:52:34,954 - INFO - Regula po iteracji 0: IF  THEN survival_status = {nan}, (p=187, n=0, P=187, N=0)
2025-03-05 10:52:34,954 - INFO - *****STOP GROWING RR RULE*****
2025-03-05 10:52:34,954 - INFO - ***RR NOT FOUND***
2025-03-05 10:52:34,954 - INFO - *******STOP GROWING CR RULE*******
2025-03-05 10:52:34,958 - INFO - *******GROWING CR RULE*******
2025-03-05 10:52:38,291 - INFO - Iteracja 0: condition_best: PLTrecovery <= 500,142.50, quality_best: 1.0, coverage_best: (p=170, n=0, P=187, N=0)
2025-03-05 10:52:38,295 - INFO - Regula po iteracji 0: IF PLTrecovery <= 500,142.50 THEN survival_status = {nan}, (p=170, n=0, P=187, N=0)
2025-03-05 10:52:38,296 - INFO - *****GROWING RR RULE*****
2025-03-05 10:53:00,538 - INFO - Iteracja 0: condition_best: None, quality_best: -inf, coverage_best: (p=0, n=0, P=0, N=0), p_value: 0
2025-03-05 10:53:00,541 - INFO - Regula po iteracji 0: IF  THEN survival_status = {nan}, (p=187, n=0, P=187, N=0)
2025-03-05 10:53:00,541 - INFO - *****STOP GROWING RR RULE*****
2025-03-05 10:53:00,541 - INFO - ***RR NOT FOUND***
2025-03-05 10:53:03,950 - INFO - Iteracja 1: condition_best: Donorage <= 55.48, quality_best: 1.0, coverage_best: (p=169, n=0, P=187, N=0)
2025-03-05 10:53:03,955 - INFO - Regula po iteracji 1: IF PLTrecovery <= 500,142.50 AND Donorage <= 55.48 THEN survival_status = {inf}, (p=169, n=0, P=187, N=0)
2025-03-05 10:53:03,955 - INFO - *****GROWING RR RULE*****
2025-03-05 10:53:26,223 - INFO - Iteracja 0: condition_best: None, quality_best: -inf, coverage_best: (p=0, n=0, P=0, N=0), p_value: 0
2025-03-05 10:53:26,226 - INFO - Regula po iteracji 0: IF  THEN survival_status = {nan}, (p=187, n=0, P=187, N=0)
2025-03-05 10:53:26,226 - INFO - *****STOP GROWING RR RULE*****
2025-03-05 10:53:26,226 - INFO - ***RR NOT FOUND***
2025-03-05 10:53:29,800 - INFO - Iteracja 2: condition_best: Donorage <= 53.94, quality_best: 1.0, coverage_best: (p=168, n=0, P=187, N=0)
2025-03-05 10:53:29,804 - INFO - Regula po iteracji 2: IF PLTrecovery <= 500,142.50 AND Donorage <= 55.48 AND Donorage <= 53.94 THEN survival_status = {inf}, (p=168, n=0, P=187, N=0)
2025-03-05 10:53:29,804 - INFO - *****GROWING RR RULE*****
2025-03-05 10:53:52,004 - INFO - Iteracja 0: condition_best: None, quality_best: -inf, coverage_best: (p=0, n=0, P=0, N=0), p_value: 0
2025-03-05 10:53:52,007 - INFO - Regula po iteracji 0: IF  THEN survival_status = {nan}, (p=187, n=0, P=187, N=0)
2025-03-05 10:53:52,008 - INFO - *****STOP GROWING RR RULE*****
2025-03-05 10:53:52,008 - INFO - ***RR NOT FOUND***
2025-03-05 10:53:55,696 - INFO - Iteracja 3: condition_best: Donorage <= 52.23, quality_best: 1.0, coverage_best: (p=167, n=0, P=187, N=0)
2025-03-05 10:53:55,700 - INFO - Regula po iteracji 3: IF PLTrecovery <= 500,142.50 AND Donorage <= 55.48 AND Donorage <= 53.94 AND Donorage <= 52.23 THEN survival_status = {inf}, (p=167, n=0, P=187, N=0)
2025-03-05 10:53:55,701 - INFO - *****GROWING RR RULE*****
2025-03-05 10:54:17,947 - INFO - Iteracja 0: condition_best: None, quality_best: -inf, coverage_best: (p=0, n=0, P=0, N=0), p_value: 0
2025-03-05 10:54:17,950 - INFO - Regula po iteracji 0: IF  THEN survival_status = {nan}, (p=187, n=0, P=187, N=0)
2025-03-05 10:54:17,950 - INFO - *****STOP GROWING RR RULE*****
2025-03-05 10:54:17,950 - INFO - ***RR NOT FOUND***
2025-03-05 10:54:21,740 - INFO - Iteracja 4: condition_best: Donorage <= 50.93, quality_best: 1.0, coverage_best: (p=166, n=0, P=187, N=0)
2025-03-05 10:54:21,745 - INFO - Regula po iteracji 4: IF PLTrecovery <= 500,142.50 AND Donorage <= 55.48 AND Donorage <= 53.94 AND Donorage <= 52.23 AND Donorage <= 50.93 THEN survival_status = {inf}, (p=166, n=0, P=187, N=0)
2025-03-05 10:54:21,745 - INFO - *****GROWING RR RULE*****
2025-03-05 10:54:43,862 - INFO - Iteracja 0: condition_best: None, quality_best: -inf, coverage_best: (p=0, n=0, P=0, N=0), p_value: 0
2025-03-05 10:54:43,865 - INFO - Regula po iteracji 0: IF  THEN survival_status = {nan}, (p=187, n=0, P=187, N=0)
2025-03-05 10:54:43,865 - INFO - *****STOP GROWING RR RULE*****
2025-03-05 10:54:43,865 - INFO - ***RR NOT FOUND***
2025-03-05 10:54:43,865 - INFO - *******STOP GROWING CR RULE*******
2025-03-05 10:54:43,878 - INFO - ************************Finished experiment for 03_przeszczepy.arff with algorithm4************************
2025-03-05 10:54:43,878 - INFO - *************************************************************************************************************************
2025-03-05 10:54:43,878 - INFO - *************************************************************************************************************************
2025-03-05 10:54:43,878 - INFO - *************************************************************************************************************************
