2025-03-05 13:27:04,298 - INFO - **********Starting experiment for longley.arff with algorithm3**********
2025-03-05 13:27:04,299 - INFO - *******GROWING CR RULE*******
2025-03-05 13:27:04,311 - INFO - Iteracja 0: condition_best: deflator <= 97.15, quality_best: 0.733, coverage_best: (p=4, n=1, P=4, N=12)
2025-03-05 13:27:04,311 - INFO - Regula po iteracji 0: IF deflator <= 97.15 THEN class = {61,204.80} [60,116.82, 62,292.78], (p=4, n=1, P=4, N=12)
2025-03-05 13:27:04,311 - INFO - *****GROWING RR RULE*****
2025-03-05 13:27:04,578 - INFO - Iteracja 0: condition_best: None, quality_best: -inf, coverage_best: (p=0, n=0, P=0, N=0), p_value: 0
2025-03-05 13:27:04,578 - INFO - Regula po iteracji 0: IF  THEN class = {65,317.00} [61,916.55, 68,717.45], (p=9, n=7, P=9, N=7)
2025-03-05 13:27:04,578 - INFO - *****STOP GROWING RR RULE*****
2025-03-05 13:27:04,578 - INFO - ***RR NOT FOUND***
2025-03-05 13:27:04,581 - INFO - Iteracja 1: condition_best: None, quality_best: -inf, coverage_best: (p=0, n=0, P=0, N=0)
2025-03-05 13:27:04,581 - INFO - Regula po iteracji 1: IF deflator <= 97.15 THEN class = {61,204.80} [60,116.82, 62,292.78], (p=4, n=1, P=4, N=12)
2025-03-05 13:27:04,581 - INFO - *******STOP GROWING CR RULE*******
2025-03-05 13:27:04,581 - INFO - *******GROWING CR RULE*******
2025-03-05 13:27:04,589 - INFO - Iteracja 0: condition_best: deflator >= 99.50, quality_best: 0.605, coverage_best: (p=7, n=2, P=7, N=9)
2025-03-05 13:27:04,589 - INFO - Regula po iteracji 0: IF deflator >= 99.50 THEN class = {67,824.44} [65,851.56, 69,797.33], (p=7, n=2, P=7, N=9)
2025-03-05 13:27:04,590 - INFO - *****GROWING RR RULE*****
2025-03-05 13:27:04,865 - INFO - Iteracja 0: condition_best: None, quality_best: -inf, coverage_best: (p=0, n=0, P=0, N=0), p_value: 0
2025-03-05 13:27:04,866 - INFO - Regula po iteracji 0: IF  THEN class = {65,317.00} [61,916.55, 68,717.45], (p=9, n=7, P=9, N=7)
2025-03-05 13:27:04,866 - INFO - *****STOP GROWING RR RULE*****
2025-03-05 13:27:04,866 - INFO - ***RR NOT FOUND***
2025-03-05 13:27:04,870 - INFO - Iteracja 1: condition_best: unemployed <= 3,872.00, quality_best: 0.638, coverage_best: (p=4, n=1, P=5, N=11)
2025-03-05 13:27:04,871 - INFO - Regula po iteracji 1: IF deflator >= 99.50 AND unemployed <= 3,872.00 THEN class = {66,892.20} [65,090.23, 68,694.17], (p=4, n=1, P=5, N=11)
2025-03-05 13:27:04,871 - INFO - *****GROWING RR RULE*****
2025-03-05 13:27:05,139 - INFO - Iteracja 0: condition_best: None, quality_best: -inf, coverage_best: (p=0, n=0, P=0, N=0), p_value: 0
2025-03-05 13:27:05,139 - INFO - Regula po iteracji 0: IF  THEN class = {65,317.00} [61,916.55, 68,717.45], (p=9, n=7, P=9, N=7)
2025-03-05 13:27:05,139 - INFO - *****STOP GROWING RR RULE*****
2025-03-05 13:27:05,139 - INFO - ***RR NOT FOUND***
2025-03-05 13:27:05,142 - INFO - Iteracja 2: condition_best: None, quality_best: -inf, coverage_best: (p=0, n=0, P=0, N=0)
2025-03-05 13:27:05,142 - INFO - Regula po iteracji 2: IF deflator >= 99.50 AND unemployed <= 3,872.00 THEN class = {66,892.20} [65,090.23, 68,694.17], (p=4, n=1, P=5, N=11)
2025-03-05 13:27:05,142 - INFO - *******STOP GROWING CR RULE*******
2025-03-05 13:27:05,143 - INFO - *******GROWING CR RULE*******
2025-03-05 13:27:05,151 - INFO - Iteracja 0: condition_best: GNP >= 364,248.50, quality_best: 0.467, coverage_best: (p=6, n=3, P=6, N=10)
2025-03-05 13:27:05,151 - INFO - Regula po iteracji 0: IF GNP >= 364,248.50 THEN class = {67,960.89} [66,248.48, 69,673.30], (p=6, n=3, P=6, N=10)
2025-03-05 13:27:05,151 - INFO - *****GROWING RR RULE*****
2025-03-05 13:27:05,424 - INFO - Iteracja 0: condition_best: None, quality_best: -inf, coverage_best: (p=0, n=0, P=0, N=0), p_value: 0
2025-03-05 13:27:05,425 - INFO - Regula po iteracji 0: IF  THEN class = {65,317.00} [61,916.55, 68,717.45], (p=9, n=7, P=9, N=7)
2025-03-05 13:27:05,425 - INFO - *****STOP GROWING RR RULE*****
2025-03-05 13:27:05,425 - INFO - ***RR NOT FOUND***
2025-03-05 13:27:05,429 - INFO - Iteracja 1: condition_best: None, quality_best: -inf, coverage_best: (p=0, n=0, P=0, N=0)
2025-03-05 13:27:05,430 - INFO - Regula po iteracji 1: IF GNP >= 364,248.50 THEN class = {67,960.89} [66,248.48, 69,673.30], (p=6, n=3, P=6, N=10)
2025-03-05 13:27:05,430 - INFO - *******STOP GROWING CR RULE*******
2025-03-05 13:27:05,430 - INFO - *******GROWING CR RULE*******
2025-03-05 13:27:05,438 - INFO - Iteracja 0: condition_best: deflator <= 88.35, quality_best: 1.0, coverage_best: (p=2, n=0, P=2, N=14)
2025-03-05 13:27:05,438 - INFO - Regula po iteracji 0: IF deflator <= 88.35 THEN class = {60,247.00} [60,171.00, 60,323.00], (p=2, n=0, P=2, N=14)
2025-03-05 13:27:05,438 - INFO - *****GROWING RR RULE*****
2025-03-05 13:27:05,698 - INFO - Iteracja 0: condition_best: None, quality_best: -inf, coverage_best: (p=0, n=0, P=0, N=0), p_value: 0
2025-03-05 13:27:05,698 - INFO - Regula po iteracji 0: IF  THEN class = {65,317.00} [61,916.55, 68,717.45], (p=9, n=7, P=9, N=7)
2025-03-05 13:27:05,698 - INFO - *****STOP GROWING RR RULE*****
2025-03-05 13:27:05,698 - INFO - ***RR NOT FOUND***
2025-03-05 13:27:05,699 - INFO - Iteracja 1: condition_best: deflator <= 85.60, quality_best: 1.0, coverage_best: (p=1, n=0, P=1, N=15)
2025-03-05 13:27:05,699 - INFO - Regula po iteracji 1: IF deflator <= 88.35 AND deflator <= 85.60 THEN class = {60,323.00} [60,323.00, 60,323.00], (p=1, n=0, P=1, N=15)
2025-03-05 13:27:05,700 - INFO - *****GROWING RR RULE*****
2025-03-05 13:27:05,948 - INFO - Iteracja 0: condition_best: None, quality_best: -inf, coverage_best: (p=0, n=0, P=0, N=0), p_value: 0
2025-03-05 13:27:05,948 - INFO - Regula po iteracji 0: IF  THEN class = {65,317.00} [61,916.55, 68,717.45], (p=9, n=7, P=9, N=7)
2025-03-05 13:27:05,949 - INFO - *****STOP GROWING RR RULE*****
2025-03-05 13:27:05,949 - INFO - ***RR NOT FOUND***
2025-03-05 13:27:05,949 - INFO - Iteracja 2: condition_best: None, quality_best: -inf, coverage_best: (p=0, n=0, P=0, N=0)
2025-03-05 13:27:05,949 - INFO - Regula po iteracji 2: IF deflator <= 88.35 AND deflator <= 85.60 THEN class = {60,323.00} [60,323.00, 60,323.00], (p=1, n=0, P=1, N=15)
2025-03-05 13:27:05,949 - INFO - *******STOP GROWING CR RULE*******
2025-03-05 13:27:05,951 - INFO - ************************Finished experiment for longley.arff with algorithm3************************
2025-03-05 13:27:05,951 - INFO - *************************************************************************************************************************
2025-03-05 13:27:05,951 - INFO - *************************************************************************************************************************
2025-03-05 13:27:05,951 - INFO - *************************************************************************************************************************
2025-03-05 13:27:05,952 - INFO - **********Starting experiment for longley.arff with algorithm4**********
2025-03-05 13:27:05,953 - INFO - *******GROWING CR RULE*******
2025-03-05 13:27:05,965 - INFO - Iteracja 0: condition_best: deflator <= 97.15, quality_best: 0.733, coverage_best: (p=4, n=1, P=4, N=12)
2025-03-05 13:27:05,965 - INFO - Regula po iteracji 0: IF deflator <= 97.15 THEN class = {61,204.80} [60,116.82, 62,292.78], (p=4, n=1, P=4, N=12)
2025-03-05 13:27:05,965 - INFO - *****GROWING RR RULE*****
2025-03-05 13:27:05,981 - INFO - Iteracja 0: condition_best: None, quality_best: -inf, coverage_best: (p=0, n=0, P=0, N=0), p_value: 0
2025-03-05 13:27:05,982 - INFO - Regula po iteracji 0: IF  THEN class = {65,317.00} [61,916.55, 68,717.45], (p=9, n=7, P=9, N=7)
2025-03-05 13:27:05,982 - INFO - *****STOP GROWING RR RULE*****
2025-03-05 13:27:05,982 - INFO - ***RR NOT FOUND***
2025-03-05 13:27:05,984 - INFO - Iteracja 1: condition_best: None, quality_best: -inf, coverage_best: (p=0, n=0, P=0, N=0)
2025-03-05 13:27:05,984 - INFO - Regula po iteracji 1: IF deflator <= 97.15 THEN class = {61,204.80} [60,116.82, 62,292.78], (p=4, n=1, P=4, N=12)
2025-03-05 13:27:05,984 - INFO - *******STOP GROWING CR RULE*******
2025-03-05 13:27:05,985 - INFO - *******GROWING CR RULE*******
2025-03-05 13:27:05,993 - INFO - Iteracja 0: condition_best: deflator >= 99.50, quality_best: 0.605, coverage_best: (p=7, n=2, P=7, N=9)
2025-03-05 13:27:05,993 - INFO - Regula po iteracji 0: IF deflator >= 99.50 THEN class = {67,824.44} [65,851.56, 69,797.33], (p=7, n=2, P=7, N=9)
2025-03-05 13:27:05,993 - INFO - *****GROWING RR RULE*****
2025-03-05 13:27:06,010 - INFO - Iteracja 0: condition_best: None, quality_best: -inf, coverage_best: (p=0, n=0, P=0, N=0), p_value: 0
2025-03-05 13:27:06,010 - INFO - Regula po iteracji 0: IF  THEN class = {65,317.00} [61,916.55, 68,717.45], (p=9, n=7, P=9, N=7)
2025-03-05 13:27:06,010 - INFO - *****STOP GROWING RR RULE*****
2025-03-05 13:27:06,010 - INFO - ***RR NOT FOUND***
2025-03-05 13:27:06,015 - INFO - Iteracja 1: condition_best: unemployed <= 3,872.00, quality_best: 0.638, coverage_best: (p=4, n=1, P=5, N=11)
2025-03-05 13:27:06,015 - INFO - Regula po iteracji 1: IF deflator >= 99.50 AND unemployed <= 3,872.00 THEN class = {66,892.20} [65,090.23, 68,694.17], (p=4, n=1, P=5, N=11)
2025-03-05 13:27:06,015 - INFO - *****GROWING RR RULE*****
2025-03-05 13:27:06,031 - INFO - Iteracja 0: condition_best: None, quality_best: -inf, coverage_best: (p=0, n=0, P=0, N=0), p_value: 0
2025-03-05 13:27:06,032 - INFO - Regula po iteracji 0: IF  THEN class = {65,317.00} [61,916.55, 68,717.45], (p=9, n=7, P=9, N=7)
2025-03-05 13:27:06,032 - INFO - *****STOP GROWING RR RULE*****
2025-03-05 13:27:06,032 - INFO - ***RR NOT FOUND***
2025-03-05 13:27:06,034 - INFO - Iteracja 2: condition_best: None, quality_best: -inf, coverage_best: (p=0, n=0, P=0, N=0)
2025-03-05 13:27:06,034 - INFO - Regula po iteracji 2: IF deflator >= 99.50 AND unemployed <= 3,872.00 THEN class = {66,892.20} [65,090.23, 68,694.17], (p=4, n=1, P=5, N=11)
2025-03-05 13:27:06,035 - INFO - *******STOP GROWING CR RULE*******
2025-03-05 13:27:06,035 - INFO - *******GROWING CR RULE*******
2025-03-05 13:27:06,044 - INFO - Iteracja 0: condition_best: GNP >= 364,248.50, quality_best: 0.467, coverage_best: (p=6, n=3, P=6, N=10)
2025-03-05 13:27:06,044 - INFO - Regula po iteracji 0: IF GNP >= 364,248.50 THEN class = {67,960.89} [66,248.48, 69,673.30], (p=6, n=3, P=6, N=10)
2025-03-05 13:27:06,044 - INFO - *****GROWING RR RULE*****
2025-03-05 13:27:06,060 - INFO - Iteracja 0: condition_best: None, quality_best: -inf, coverage_best: (p=0, n=0, P=0, N=0), p_value: 0
2025-03-05 13:27:06,060 - INFO - Regula po iteracji 0: IF  THEN class = {65,317.00} [61,916.55, 68,717.45], (p=9, n=7, P=9, N=7)
2025-03-05 13:27:06,060 - INFO - *****STOP GROWING RR RULE*****
2025-03-05 13:27:06,060 - INFO - ***RR NOT FOUND***
2025-03-05 13:27:06,065 - INFO - Iteracja 1: condition_best: None, quality_best: -inf, coverage_best: (p=0, n=0, P=0, N=0)
2025-03-05 13:27:06,065 - INFO - Regula po iteracji 1: IF GNP >= 364,248.50 THEN class = {67,960.89} [66,248.48, 69,673.30], (p=6, n=3, P=6, N=10)
2025-03-05 13:27:06,065 - INFO - *******STOP GROWING CR RULE*******
2025-03-05 13:27:06,066 - INFO - *******GROWING CR RULE*******
2025-03-05 13:27:06,074 - INFO - Iteracja 0: condition_best: deflator <= 88.35, quality_best: 1.0, coverage_best: (p=2, n=0, P=2, N=14)
2025-03-05 13:27:06,074 - INFO - Regula po iteracji 0: IF deflator <= 88.35 THEN class = {60,247.00} [60,171.00, 60,323.00], (p=2, n=0, P=2, N=14)
2025-03-05 13:27:06,074 - INFO - *****GROWING RR RULE*****
2025-03-05 13:27:06,091 - INFO - Iteracja 0: condition_best: None, quality_best: -inf, coverage_best: (p=0, n=0, P=0, N=0), p_value: 0
2025-03-05 13:27:06,091 - INFO - Regula po iteracji 0: IF  THEN class = {65,317.00} [61,916.55, 68,717.45], (p=9, n=7, P=9, N=7)
2025-03-05 13:27:06,091 - INFO - *****STOP GROWING RR RULE*****
2025-03-05 13:27:06,091 - INFO - ***RR NOT FOUND***
2025-03-05 13:27:06,092 - INFO - Iteracja 1: condition_best: deflator <= 85.60, quality_best: 1.0, coverage_best: (p=1, n=0, P=1, N=15)
2025-03-05 13:27:06,092 - INFO - Regula po iteracji 1: IF deflator <= 88.35 AND deflator <= 85.60 THEN class = {60,323.00} [60,323.00, 60,323.00], (p=1, n=0, P=1, N=15)
2025-03-05 13:27:06,092 - INFO - *****GROWING RR RULE*****
2025-03-05 13:27:06,109 - INFO - Iteracja 0: condition_best: None, quality_best: -inf, coverage_best: (p=0, n=0, P=0, N=0), p_value: 0
2025-03-05 13:27:06,109 - INFO - Regula po iteracji 0: IF  THEN class = {65,317.00} [61,916.55, 68,717.45], (p=9, n=7, P=9, N=7)
2025-03-05 13:27:06,109 - INFO - *****STOP GROWING RR RULE*****
2025-03-05 13:27:06,109 - INFO - ***RR NOT FOUND***
2025-03-05 13:27:06,109 - INFO - Iteracja 2: condition_best: None, quality_best: -inf, coverage_best: (p=0, n=0, P=0, N=0)
2025-03-05 13:27:06,109 - INFO - Regula po iteracji 2: IF deflator <= 88.35 AND deflator <= 85.60 THEN class = {60,323.00} [60,323.00, 60,323.00], (p=1, n=0, P=1, N=15)
2025-03-05 13:27:06,109 - INFO - *******STOP GROWING CR RULE*******
2025-03-05 13:27:06,111 - INFO - ************************Finished experiment for longley.arff with algorithm4************************
2025-03-05 13:27:06,111 - INFO - *************************************************************************************************************************
2025-03-05 13:27:06,112 - INFO - *************************************************************************************************************************
2025-03-05 13:27:06,112 - INFO - *************************************************************************************************************************
