2025-03-05 08:58:40,012 - INFO - **********Starting experiment for bolts.arff with algorithm3**********
2025-03-05 08:58:40,014 - INFO - *******GROWING CR RULE*******
2025-03-05 08:58:40,025 - INFO - Iteracja 0: condition_best: TIME >= 29.51, quality_best: 0.735, coverage_best: (p=10, n=2, P=11, N=29)
2025-03-05 08:58:40,026 - INFO - Regula po iteracji 0: IF TIME >= 29.51 THEN class = {70.37} [53.86, 86.88], (p=10, n=2, P=11, N=29)
2025-03-05 08:58:40,026 - INFO - *****GROWING RR RULE*****
2025-03-05 08:58:40,315 - INFO - Iteracja 0: condition_best: None, quality_best: -inf, coverage_best: (p=0, n=0, P=0, N=0), p_value: 0
2025-03-05 08:58:40,315 - INFO - Regula po iteracji 0: IF  THEN class = {33.93} [6.87, 61.00], (p=29, n=11, P=29, N=11)
2025-03-05 08:58:40,315 - INFO - *****STOP GROWING RR RULE*****
2025-03-05 08:58:40,316 - INFO - ***RR NOT FOUND***
2025-03-05 08:58:40,319 - INFO - Iteracja 1: condition_best: TIME <= 120.55, quality_best: 0.823, coverage_best: (p=9, n=1, P=10, N=30)
2025-03-05 08:58:40,319 - INFO - Regula po iteracji 1: IF TIME >= 29.51 AND TIME <= 120.55 THEN class = {66.88} [50.96, 82.81], (p=9, n=1, P=10, N=30)
2025-03-05 08:58:40,319 - INFO - *****GROWING RR RULE*****
2025-03-05 08:58:40,601 - INFO - Iteracja 0: condition_best: None, quality_best: -inf, coverage_best: (p=0, n=0, P=0, N=0), p_value: 0
2025-03-05 08:58:40,601 - INFO - Regula po iteracji 0: IF  THEN class = {33.93} [6.87, 61.00], (p=29, n=11, P=29, N=11)
2025-03-05 08:58:40,601 - INFO - *****STOP GROWING RR RULE*****
2025-03-05 08:58:40,601 - INFO - ***RR NOT FOUND***
2025-03-05 08:58:40,604 - INFO - Iteracja 2: condition_best: RUN <= 30.50, quality_best: 0.767, coverage_best: (p=8, n=1, P=10, N=30)
2025-03-05 08:58:40,604 - INFO - Regula po iteracji 2: IF TIME >= 29.51 AND TIME <= 120.55 AND RUN <= 30.50 THEN class = {66.70} [49.92, 83.48], (p=8, n=1, P=10, N=30)
2025-03-05 08:58:40,604 - INFO - *****GROWING RR RULE*****
2025-03-05 08:58:40,878 - INFO - Iteracja 0: condition_best: None, quality_best: -inf, coverage_best: (p=0, n=0, P=0, N=0), p_value: 0
2025-03-05 08:58:40,878 - INFO - Regula po iteracji 0: IF  THEN class = {33.93} [6.87, 61.00], (p=29, n=11, P=29, N=11)
2025-03-05 08:58:40,878 - INFO - *****STOP GROWING RR RULE*****
2025-03-05 08:58:40,878 - INFO - ***RR NOT FOUND***
2025-03-05 08:58:40,881 - INFO - Iteracja 3: condition_best: RUN <= 23.50, quality_best: 0.708, coverage_best: (p=7, n=1, P=10, N=30)
2025-03-05 08:58:40,881 - INFO - Regula po iteracji 3: IF TIME >= 29.51 AND TIME <= 120.55 AND RUN <= 30.50 AND RUN <= 23.50 THEN class = {65.73} [48.18, 83.29], (p=7, n=1, P=10, N=30)
2025-03-05 08:58:40,881 - INFO - *****GROWING RR RULE*****
2025-03-05 08:58:41,151 - INFO - Iteracja 0: condition_best: None, quality_best: -inf, coverage_best: (p=0, n=0, P=0, N=0), p_value: 0
2025-03-05 08:58:41,151 - INFO - Regula po iteracji 0: IF  THEN class = {33.93} [6.87, 61.00], (p=29, n=11, P=29, N=11)
2025-03-05 08:58:41,151 - INFO - *****STOP GROWING RR RULE*****
2025-03-05 08:58:41,151 - INFO - ***RR NOT FOUND***
2025-03-05 08:58:41,153 - INFO - Iteracja 4: condition_best: TIME >= 70.09, quality_best: 0.694, coverage_best: (p=4, n=1, P=5, N=35)
2025-03-05 08:58:41,154 - INFO - Regula po iteracji 4: IF TIME >= 29.51 AND TIME <= 120.55 AND RUN <= 30.50 AND RUN <= 23.50 AND TIME >= 70.09 THEN class = {71.02} [68.87, 73.17], (p=4, n=1, P=5, N=35)
2025-03-05 08:58:41,154 - INFO - *****GROWING RR RULE*****
2025-03-05 08:58:41,417 - INFO - Iteracja 0: condition_best: None, quality_best: -inf, coverage_best: (p=0, n=0, P=0, N=0), p_value: 0
2025-03-05 08:58:41,417 - INFO - Regula po iteracji 0: IF  THEN class = {33.93} [6.87, 61.00], (p=29, n=11, P=29, N=11)
2025-03-05 08:58:41,418 - INFO - *****STOP GROWING RR RULE*****
2025-03-05 08:58:41,418 - INFO - ***RR NOT FOUND***
2025-03-05 08:58:41,418 - INFO - *******STOP GROWING CR RULE*******
2025-03-05 08:58:41,419 - INFO - *******GROWING CR RULE*******
2025-03-05 08:58:41,427 - INFO - Iteracja 0: condition_best: TIME <= 37.67, quality_best: 0.677, coverage_best: (p=28, n=3, P=28, N=12)
2025-03-05 08:58:41,427 - INFO - Regula po iteracji 0: IF TIME <= 37.67 THEN class = {21.70} [5.40, 38.00], (p=28, n=3, P=28, N=12)
2025-03-05 08:58:41,427 - INFO - *****GROWING RR RULE*****
2025-03-05 08:58:41,721 - INFO - Iteracja 0: condition_best: None, quality_best: -inf, coverage_best: (p=0, n=0, P=0, N=0), p_value: 0
2025-03-05 08:58:41,721 - INFO - Regula po iteracji 0: IF  THEN class = {33.93} [6.87, 61.00], (p=29, n=11, P=29, N=11)
2025-03-05 08:58:41,721 - INFO - *****STOP GROWING RR RULE*****
2025-03-05 08:58:41,721 - INFO - ***RR NOT FOUND***
2025-03-05 08:58:41,728 - INFO - Iteracja 1: condition_best: RUN <= 30.50, quality_best: 0.707, coverage_best: (p=21, n=2, P=25, N=15)
2025-03-05 08:58:41,728 - INFO - Regula po iteracji 1: IF TIME <= 37.67 AND RUN <= 30.50 THEN class = {17.38} [4.26, 30.51], (p=21, n=2, P=25, N=15)
2025-03-05 08:58:41,729 - INFO - *****GROWING RR RULE*****
2025-03-05 08:58:42,017 - INFO - Iteracja 0: condition_best: None, quality_best: -inf, coverage_best: (p=0, n=0, P=0, N=0), p_value: 0
2025-03-05 08:58:42,017 - INFO - Regula po iteracji 0: IF  THEN class = {33.93} [6.87, 61.00], (p=29, n=11, P=29, N=11)
2025-03-05 08:58:42,017 - INFO - *****STOP GROWING RR RULE*****
2025-03-05 08:58:42,017 - INFO - ***RR NOT FOUND***
2025-03-05 08:58:42,023 - INFO - Iteracja 2: condition_best: RUN <= 23.50, quality_best: 0.691, coverage_best: (p=16, n=1, P=25, N=15)
2025-03-05 08:58:42,023 - INFO - Regula po iteracji 2: IF TIME <= 37.67 AND RUN <= 30.50 AND RUN <= 23.50 THEN class = {17.25} [2.97, 31.54], (p=16, n=1, P=25, N=15)
2025-03-05 08:58:42,023 - INFO - *****GROWING RR RULE*****
2025-03-05 08:58:42,307 - INFO - Iteracja 0: condition_best: None, quality_best: -inf, coverage_best: (p=0, n=0, P=0, N=0), p_value: 0
2025-03-05 08:58:42,307 - INFO - Regula po iteracji 0: IF  THEN class = {33.93} [6.87, 61.00], (p=29, n=11, P=29, N=11)
2025-03-05 08:58:42,307 - INFO - *****STOP GROWING RR RULE*****
2025-03-05 08:58:42,307 - INFO - ***RR NOT FOUND***
2025-03-05 08:58:42,312 - INFO - Iteracja 3: condition_best: RUN <= 22.50, quality_best: 0.667, coverage_best: (p=15, n=1, P=25, N=15)
2025-03-05 08:58:42,312 - INFO - Regula po iteracji 3: IF TIME <= 37.67 AND RUN <= 30.50 AND RUN <= 23.50 AND RUN <= 22.50 THEN class = {16.65} [2.14, 31.17], (p=15, n=1, P=25, N=15)
2025-03-05 08:58:42,312 - INFO - *****GROWING RR RULE*****
2025-03-05 08:58:42,595 - INFO - Iteracja 0: condition_best: None, quality_best: -inf, coverage_best: (p=0, n=0, P=0, N=0), p_value: 0
2025-03-05 08:58:42,596 - INFO - Regula po iteracji 0: IF  THEN class = {33.93} [6.87, 61.00], (p=29, n=11, P=29, N=11)
2025-03-05 08:58:42,596 - INFO - *****STOP GROWING RR RULE*****
2025-03-05 08:58:42,596 - INFO - ***RR NOT FOUND***
2025-03-05 08:58:42,600 - INFO - Iteracja 4: condition_best: RUN <= 21.50, quality_best: 0.641, coverage_best: (p=14, n=1, P=25, N=15)
2025-03-05 08:58:42,600 - INFO - Regula po iteracji 4: IF TIME <= 37.67 AND RUN <= 30.50 AND RUN <= 23.50 AND RUN <= 22.50 AND RUN <= 21.50 THEN class = {17.24} [2.43, 32.05], (p=14, n=1, P=25, N=15)
2025-03-05 08:58:42,600 - INFO - *****GROWING RR RULE*****
2025-03-05 08:58:42,882 - INFO - Iteracja 0: condition_best: None, quality_best: -inf, coverage_best: (p=0, n=0, P=0, N=0), p_value: 0
2025-03-05 08:58:42,882 - INFO - Regula po iteracji 0: IF  THEN class = {33.93} [6.87, 61.00], (p=29, n=11, P=29, N=11)
2025-03-05 08:58:42,882 - INFO - *****STOP GROWING RR RULE*****
2025-03-05 08:58:42,882 - INFO - ***RR NOT FOUND***
2025-03-05 08:58:42,882 - INFO - *******STOP GROWING CR RULE*******
2025-03-05 08:58:42,883 - INFO - *******GROWING CR RULE*******
2025-03-05 08:58:42,892 - INFO - Iteracja 0: condition_best: TIME <= 37.67, quality_best: 0.677, coverage_best: (p=28, n=3, P=28, N=12)
2025-03-05 08:58:42,892 - INFO - Regula po iteracji 0: IF TIME <= 37.67 THEN class = {21.70} [5.40, 38.00], (p=28, n=3, P=28, N=12)
2025-03-05 08:58:42,892 - INFO - *****GROWING RR RULE*****
2025-03-05 08:58:43,184 - INFO - Iteracja 0: condition_best: None, quality_best: -inf, coverage_best: (p=0, n=0, P=0, N=0), p_value: 0
2025-03-05 08:58:43,184 - INFO - Regula po iteracji 0: IF  THEN class = {33.93} [6.87, 61.00], (p=29, n=11, P=29, N=11)
2025-03-05 08:58:43,185 - INFO - *****STOP GROWING RR RULE*****
2025-03-05 08:58:43,185 - INFO - ***RR NOT FOUND***
2025-03-05 08:58:43,192 - INFO - Iteracja 1: condition_best: RUN <= 39.00, quality_best: 0.655, coverage_best: (p=27, n=3, P=28, N=12)
2025-03-05 08:58:43,192 - INFO - Regula po iteracji 1: IF TIME <= 37.67 AND RUN <= 39.00 THEN class = {21.31} [4.88, 37.74], (p=27, n=3, P=28, N=12)
2025-03-05 08:58:43,192 - INFO - *****GROWING RR RULE*****
2025-03-05 08:58:43,483 - INFO - Iteracja 0: condition_best: None, quality_best: -inf, coverage_best: (p=0, n=0, P=0, N=0), p_value: 0
2025-03-05 08:58:43,483 - INFO - Regula po iteracji 0: IF  THEN class = {33.93} [6.87, 61.00], (p=29, n=11, P=29, N=11)
2025-03-05 08:58:43,483 - INFO - *****STOP GROWING RR RULE*****
2025-03-05 08:58:43,483 - INFO - ***RR NOT FOUND***
2025-03-05 08:58:43,490 - INFO - Iteracja 2: condition_best: TIME <= 29.51, quality_best: 0.69, coverage_best: (p=24, n=3, P=25, N=15)
2025-03-05 08:58:43,490 - INFO - Regula po iteracji 2: IF TIME <= 37.67 AND RUN <= 39.00 AND TIME <= 29.51 THEN class = {17.76} [7.16, 28.37], (p=24, n=3, P=25, N=15)
2025-03-05 08:58:43,490 - INFO - *****GROWING RR RULE*****
2025-03-05 08:58:43,780 - INFO - Iteracja 0: condition_best: None, quality_best: -inf, coverage_best: (p=0, n=0, P=0, N=0), p_value: 0
2025-03-05 08:58:43,780 - INFO - Regula po iteracji 0: IF  THEN class = {33.93} [6.87, 61.00], (p=29, n=11, P=29, N=11)
2025-03-05 08:58:43,780 - INFO - *****STOP GROWING RR RULE*****
2025-03-05 08:58:43,780 - INFO - ***RR NOT FOUND***
2025-03-05 08:58:43,786 - INFO - Iteracja 3: condition_best: RUN <= 37.50, quality_best: 0.779, coverage_best: (p=24, n=2, P=25, N=15)
2025-03-05 08:58:43,786 - INFO - Regula po iteracji 3: IF TIME <= 37.67 AND RUN <= 39.00 AND TIME <= 29.51 AND RUN <= 37.50 THEN class = {17.12} [6.84, 27.40], (p=24, n=2, P=25, N=15)
2025-03-05 08:58:43,787 - INFO - *****GROWING RR RULE*****
2025-03-05 08:58:44,076 - INFO - Iteracja 0: condition_best: None, quality_best: -inf, coverage_best: (p=0, n=0, P=0, N=0), p_value: 0
2025-03-05 08:58:44,076 - INFO - Regula po iteracji 0: IF  THEN class = {33.93} [6.87, 61.00], (p=29, n=11, P=29, N=11)
2025-03-05 08:58:44,076 - INFO - *****STOP GROWING RR RULE*****
2025-03-05 08:58:44,076 - INFO - ***RR NOT FOUND***
2025-03-05 08:58:44,083 - INFO - Iteracja 4: condition_best: RUN >= 1.50, quality_best: 0.755, coverage_best: (p=23, n=2, P=25, N=15)
2025-03-05 08:58:44,083 - INFO - Regula po iteracji 4: IF TIME <= 37.67 AND RUN <= 39.00 AND TIME <= 29.51 AND RUN <= 37.50 AND RUN >= 1.50 THEN class = {17.37} [6.97, 27.78], (p=23, n=2, P=25, N=15)
2025-03-05 08:58:44,083 - INFO - *****GROWING RR RULE*****
2025-03-05 08:58:44,372 - INFO - Iteracja 0: condition_best: None, quality_best: -inf, coverage_best: (p=0, n=0, P=0, N=0), p_value: 0
2025-03-05 08:58:44,372 - INFO - Regula po iteracji 0: IF  THEN class = {33.93} [6.87, 61.00], (p=29, n=11, P=29, N=11)
2025-03-05 08:58:44,372 - INFO - *****STOP GROWING RR RULE*****
2025-03-05 08:58:44,372 - INFO - ***RR NOT FOUND***
2025-03-05 08:58:44,372 - INFO - *******STOP GROWING CR RULE*******
2025-03-05 08:58:44,375 - INFO - *******GROWING CR RULE*******
2025-03-05 08:58:44,383 - INFO - Iteracja 0: condition_best: TIME >= 120.55, quality_best: 1.0, coverage_best: (p=2, n=0, P=2, N=38)
2025-03-05 08:58:44,383 - INFO - Regula po iteracji 0: IF TIME >= 120.55 THEN class = {87.82} [86.30, 89.34], (p=2, n=0, P=2, N=38)
2025-03-05 08:58:44,383 - INFO - *****GROWING RR RULE*****
2025-03-05 08:58:44,641 - INFO - Iteracja 0: condition_best: None, quality_best: -inf, coverage_best: (p=0, n=0, P=0, N=0), p_value: 0
2025-03-05 08:58:44,641 - INFO - Regula po iteracji 0: IF  THEN class = {33.93} [6.87, 61.00], (p=29, n=11, P=29, N=11)
2025-03-05 08:58:44,641 - INFO - *****STOP GROWING RR RULE*****
2025-03-05 08:58:44,641 - INFO - ***RR NOT FOUND***
2025-03-05 08:58:44,642 - INFO - Iteracja 1: condition_best: RUN <= 35.50, quality_best: 1.0, coverage_best: (p=1, n=0, P=1, N=39)
2025-03-05 08:58:44,642 - INFO - Regula po iteracji 1: IF TIME >= 120.55 AND RUN <= 35.50 THEN class = {89.34} [89.34, 89.34], (p=1, n=0, P=1, N=39)
2025-03-05 08:58:44,642 - INFO - *****GROWING RR RULE*****
2025-03-05 08:58:44,889 - INFO - Iteracja 0: condition_best: None, quality_best: -inf, coverage_best: (p=0, n=0, P=0, N=0), p_value: 0
2025-03-05 08:58:44,889 - INFO - Regula po iteracji 0: IF  THEN class = {33.93} [6.87, 61.00], (p=29, n=11, P=29, N=11)
2025-03-05 08:58:44,889 - INFO - *****STOP GROWING RR RULE*****
2025-03-05 08:58:44,890 - INFO - ***RR NOT FOUND***
2025-03-05 08:58:44,890 - INFO - Iteracja 2: condition_best: None, quality_best: -inf, coverage_best: (p=0, n=0, P=0, N=0)
2025-03-05 08:58:44,890 - INFO - Regula po iteracji 2: IF TIME >= 120.55 AND RUN <= 35.50 THEN class = {89.34} [89.34, 89.34], (p=1, n=0, P=1, N=39)
2025-03-05 08:58:44,890 - INFO - *******STOP GROWING CR RULE*******
2025-03-05 08:58:44,890 - INFO - *******GROWING CR RULE*******
2025-03-05 08:58:44,899 - INFO - Iteracja 0: condition_best: TIME >= 120.55, quality_best: 1.0, coverage_best: (p=2, n=0, P=2, N=38)
2025-03-05 08:58:44,899 - INFO - Regula po iteracji 0: IF TIME >= 120.55 THEN class = {87.82} [86.30, 89.34], (p=2, n=0, P=2, N=38)
2025-03-05 08:58:44,899 - INFO - *****GROWING RR RULE*****
2025-03-05 08:58:45,156 - INFO - Iteracja 0: condition_best: None, quality_best: -inf, coverage_best: (p=0, n=0, P=0, N=0), p_value: 0
2025-03-05 08:58:45,157 - INFO - Regula po iteracji 0: IF  THEN class = {33.93} [6.87, 61.00], (p=29, n=11, P=29, N=11)
2025-03-05 08:58:45,157 - INFO - *****STOP GROWING RR RULE*****
2025-03-05 08:58:45,157 - INFO - ***RR NOT FOUND***
2025-03-05 08:58:45,158 - INFO - Iteracja 1: condition_best: RUN <= 35.50, quality_best: 1.0, coverage_best: (p=1, n=0, P=1, N=39)
2025-03-05 08:58:45,158 - INFO - Regula po iteracji 1: IF TIME >= 120.55 AND RUN <= 35.50 THEN class = {89.34} [89.34, 89.34], (p=1, n=0, P=1, N=39)
2025-03-05 08:58:45,158 - INFO - *****GROWING RR RULE*****
2025-03-05 08:58:45,405 - INFO - Iteracja 0: condition_best: None, quality_best: -inf, coverage_best: (p=0, n=0, P=0, N=0), p_value: 0
2025-03-05 08:58:45,405 - INFO - Regula po iteracji 0: IF  THEN class = {33.93} [6.87, 61.00], (p=29, n=11, P=29, N=11)
2025-03-05 08:58:45,405 - INFO - *****STOP GROWING RR RULE*****
2025-03-05 08:58:45,405 - INFO - ***RR NOT FOUND***
2025-03-05 08:58:45,406 - INFO - Iteracja 2: condition_best: None, quality_best: -inf, coverage_best: (p=0, n=0, P=0, N=0)
2025-03-05 08:58:45,406 - INFO - Regula po iteracji 2: IF TIME >= 120.55 AND RUN <= 35.50 THEN class = {89.34} [89.34, 89.34], (p=1, n=0, P=1, N=39)
2025-03-05 08:58:45,406 - INFO - *******STOP GROWING CR RULE*******
2025-03-05 08:58:45,409 - INFO - ************************Finished experiment for bolts.arff with algorithm3************************
2025-03-05 08:58:45,409 - INFO - *************************************************************************************************************************
2025-03-05 08:58:45,409 - INFO - *************************************************************************************************************************
2025-03-05 08:58:45,409 - INFO - *************************************************************************************************************************
2025-03-05 08:58:45,410 - INFO - **********Starting experiment for bolts.arff with algorithm4**********
2025-03-05 08:58:45,411 - INFO - *******GROWING CR RULE*******
2025-03-05 08:58:45,423 - INFO - Iteracja 0: condition_best: TIME >= 29.51, quality_best: 0.735, coverage_best: (p=10, n=2, P=11, N=29)
2025-03-05 08:58:45,423 - INFO - Regula po iteracji 0: IF TIME >= 29.51 THEN class = {70.37} [53.86, 86.88], (p=10, n=2, P=11, N=29)
2025-03-05 08:58:45,423 - INFO - *****GROWING RR RULE*****
2025-03-05 08:58:45,440 - INFO - Iteracja 0: condition_best: None, quality_best: -inf, coverage_best: (p=0, n=0, P=0, N=0), p_value: 0
2025-03-05 08:58:45,440 - INFO - Regula po iteracji 0: IF  THEN class = {33.93} [6.87, 61.00], (p=29, n=11, P=29, N=11)
2025-03-05 08:58:45,440 - INFO - *****STOP GROWING RR RULE*****
2025-03-05 08:58:45,440 - INFO - ***RR NOT FOUND***
2025-03-05 08:58:45,443 - INFO - Iteracja 1: condition_best: TIME <= 120.55, quality_best: 0.823, coverage_best: (p=9, n=1, P=10, N=30)
2025-03-05 08:58:45,443 - INFO - Regula po iteracji 1: IF TIME >= 29.51 AND TIME <= 120.55 THEN class = {66.88} [50.96, 82.81], (p=9, n=1, P=10, N=30)
2025-03-05 08:58:45,444 - INFO - *****GROWING RR RULE*****
2025-03-05 08:58:45,460 - INFO - Iteracja 0: condition_best: None, quality_best: -inf, coverage_best: (p=0, n=0, P=0, N=0), p_value: 0
2025-03-05 08:58:45,460 - INFO - Regula po iteracji 0: IF  THEN class = {33.93} [6.87, 61.00], (p=29, n=11, P=29, N=11)
2025-03-05 08:58:45,460 - INFO - *****STOP GROWING RR RULE*****
2025-03-05 08:58:45,460 - INFO - ***RR NOT FOUND***
2025-03-05 08:58:45,463 - INFO - Iteracja 2: condition_best: RUN <= 30.50, quality_best: 0.767, coverage_best: (p=8, n=1, P=10, N=30)
2025-03-05 08:58:45,463 - INFO - Regula po iteracji 2: IF TIME >= 29.51 AND TIME <= 120.55 AND RUN <= 30.50 THEN class = {66.70} [49.92, 83.48], (p=8, n=1, P=10, N=30)
2025-03-05 08:58:45,463 - INFO - *****GROWING RR RULE*****
2025-03-05 08:58:45,480 - INFO - Iteracja 0: condition_best: None, quality_best: -inf, coverage_best: (p=0, n=0, P=0, N=0), p_value: 0
2025-03-05 08:58:45,480 - INFO - Regula po iteracji 0: IF  THEN class = {33.93} [6.87, 61.00], (p=29, n=11, P=29, N=11)
2025-03-05 08:58:45,480 - INFO - *****STOP GROWING RR RULE*****
2025-03-05 08:58:45,480 - INFO - ***RR NOT FOUND***
2025-03-05 08:58:45,483 - INFO - Iteracja 3: condition_best: RUN <= 23.50, quality_best: 0.708, coverage_best: (p=7, n=1, P=10, N=30)
2025-03-05 08:58:45,483 - INFO - Regula po iteracji 3: IF TIME >= 29.51 AND TIME <= 120.55 AND RUN <= 30.50 AND RUN <= 23.50 THEN class = {65.73} [48.18, 83.29], (p=7, n=1, P=10, N=30)
2025-03-05 08:58:45,483 - INFO - *****GROWING RR RULE*****
2025-03-05 08:58:45,500 - INFO - Iteracja 0: condition_best: None, quality_best: -inf, coverage_best: (p=0, n=0, P=0, N=0), p_value: 0
2025-03-05 08:58:45,500 - INFO - Regula po iteracji 0: IF  THEN class = {33.93} [6.87, 61.00], (p=29, n=11, P=29, N=11)
2025-03-05 08:58:45,500 - INFO - *****STOP GROWING RR RULE*****
2025-03-05 08:58:45,500 - INFO - ***RR NOT FOUND***
2025-03-05 08:58:45,502 - INFO - Iteracja 4: condition_best: TIME >= 70.09, quality_best: 0.694, coverage_best: (p=4, n=1, P=5, N=35)
2025-03-05 08:58:45,502 - INFO - Regula po iteracji 4: IF TIME >= 29.51 AND TIME <= 120.55 AND RUN <= 30.50 AND RUN <= 23.50 AND TIME >= 70.09 THEN class = {71.02} [68.87, 73.17], (p=4, n=1, P=5, N=35)
2025-03-05 08:58:45,503 - INFO - *****GROWING RR RULE*****
2025-03-05 08:58:45,519 - INFO - Iteracja 0: condition_best: None, quality_best: -inf, coverage_best: (p=0, n=0, P=0, N=0), p_value: 0
2025-03-05 08:58:45,520 - INFO - Regula po iteracji 0: IF  THEN class = {33.93} [6.87, 61.00], (p=29, n=11, P=29, N=11)
2025-03-05 08:58:45,520 - INFO - *****STOP GROWING RR RULE*****
2025-03-05 08:58:45,520 - INFO - ***RR NOT FOUND***
2025-03-05 08:58:45,520 - INFO - *******STOP GROWING CR RULE*******
2025-03-05 08:58:45,521 - INFO - *******GROWING CR RULE*******
2025-03-05 08:58:45,529 - INFO - Iteracja 0: condition_best: TIME <= 37.67, quality_best: 0.677, coverage_best: (p=28, n=3, P=28, N=12)
2025-03-05 08:58:45,529 - INFO - Regula po iteracji 0: IF TIME <= 37.67 THEN class = {21.70} [5.40, 38.00], (p=28, n=3, P=28, N=12)
2025-03-05 08:58:45,529 - INFO - *****GROWING RR RULE*****
2025-03-05 08:58:45,546 - INFO - Iteracja 0: condition_best: None, quality_best: -inf, coverage_best: (p=0, n=0, P=0, N=0), p_value: 0
2025-03-05 08:58:45,546 - INFO - Regula po iteracji 0: IF  THEN class = {33.93} [6.87, 61.00], (p=29, n=11, P=29, N=11)
2025-03-05 08:58:45,546 - INFO - *****STOP GROWING RR RULE*****
2025-03-05 08:58:45,546 - INFO - ***RR NOT FOUND***
2025-03-05 08:58:45,553 - INFO - Iteracja 1: condition_best: RUN <= 30.50, quality_best: 0.707, coverage_best: (p=21, n=2, P=25, N=15)
2025-03-05 08:58:45,553 - INFO - Regula po iteracji 1: IF TIME <= 37.67 AND RUN <= 30.50 THEN class = {17.38} [4.26, 30.51], (p=21, n=2, P=25, N=15)
2025-03-05 08:58:45,553 - INFO - *****GROWING RR RULE*****
2025-03-05 08:58:45,570 - INFO - Iteracja 0: condition_best: None, quality_best: -inf, coverage_best: (p=0, n=0, P=0, N=0), p_value: 0
2025-03-05 08:58:45,570 - INFO - Regula po iteracji 0: IF  THEN class = {33.93} [6.87, 61.00], (p=29, n=11, P=29, N=11)
2025-03-05 08:58:45,570 - INFO - *****STOP GROWING RR RULE*****
2025-03-05 08:58:45,570 - INFO - ***RR NOT FOUND***
2025-03-05 08:58:45,576 - INFO - Iteracja 2: condition_best: RUN <= 23.50, quality_best: 0.691, coverage_best: (p=16, n=1, P=25, N=15)
2025-03-05 08:58:45,576 - INFO - Regula po iteracji 2: IF TIME <= 37.67 AND RUN <= 30.50 AND RUN <= 23.50 THEN class = {17.25} [2.97, 31.54], (p=16, n=1, P=25, N=15)
2025-03-05 08:58:45,576 - INFO - *****GROWING RR RULE*****
2025-03-05 08:58:45,593 - INFO - Iteracja 0: condition_best: None, quality_best: -inf, coverage_best: (p=0, n=0, P=0, N=0), p_value: 0
2025-03-05 08:58:45,593 - INFO - Regula po iteracji 0: IF  THEN class = {33.93} [6.87, 61.00], (p=29, n=11, P=29, N=11)
2025-03-05 08:58:45,593 - INFO - *****STOP GROWING RR RULE*****
2025-03-05 08:58:45,593 - INFO - ***RR NOT FOUND***
2025-03-05 08:58:45,597 - INFO - Iteracja 3: condition_best: RUN <= 22.50, quality_best: 0.667, coverage_best: (p=15, n=1, P=25, N=15)
2025-03-05 08:58:45,598 - INFO - Regula po iteracji 3: IF TIME <= 37.67 AND RUN <= 30.50 AND RUN <= 23.50 AND RUN <= 22.50 THEN class = {16.65} [2.14, 31.17], (p=15, n=1, P=25, N=15)
2025-03-05 08:58:45,598 - INFO - *****GROWING RR RULE*****
2025-03-05 08:58:45,614 - INFO - Iteracja 0: condition_best: None, quality_best: -inf, coverage_best: (p=0, n=0, P=0, N=0), p_value: 0
2025-03-05 08:58:45,614 - INFO - Regula po iteracji 0: IF  THEN class = {33.93} [6.87, 61.00], (p=29, n=11, P=29, N=11)
2025-03-05 08:58:45,615 - INFO - *****STOP GROWING RR RULE*****
2025-03-05 08:58:45,615 - INFO - ***RR NOT FOUND***
2025-03-05 08:58:45,619 - INFO - Iteracja 4: condition_best: RUN <= 21.50, quality_best: 0.641, coverage_best: (p=14, n=1, P=25, N=15)
2025-03-05 08:58:45,619 - INFO - Regula po iteracji 4: IF TIME <= 37.67 AND RUN <= 30.50 AND RUN <= 23.50 AND RUN <= 22.50 AND RUN <= 21.50 THEN class = {17.24} [2.43, 32.05], (p=14, n=1, P=25, N=15)
2025-03-05 08:58:45,619 - INFO - *****GROWING RR RULE*****
2025-03-05 08:58:45,636 - INFO - Iteracja 0: condition_best: None, quality_best: -inf, coverage_best: (p=0, n=0, P=0, N=0), p_value: 0
2025-03-05 08:58:45,636 - INFO - Regula po iteracji 0: IF  THEN class = {33.93} [6.87, 61.00], (p=29, n=11, P=29, N=11)
2025-03-05 08:58:45,636 - INFO - *****STOP GROWING RR RULE*****
2025-03-05 08:58:45,636 - INFO - ***RR NOT FOUND***
2025-03-05 08:58:45,636 - INFO - *******STOP GROWING CR RULE*******
2025-03-05 08:58:45,637 - INFO - *******GROWING CR RULE*******
2025-03-05 08:58:45,645 - INFO - Iteracja 0: condition_best: TIME <= 37.67, quality_best: 0.677, coverage_best: (p=28, n=3, P=28, N=12)
2025-03-05 08:58:45,645 - INFO - Regula po iteracji 0: IF TIME <= 37.67 THEN class = {21.70} [5.40, 38.00], (p=28, n=3, P=28, N=12)
2025-03-05 08:58:45,646 - INFO - *****GROWING RR RULE*****
2025-03-05 08:58:45,662 - INFO - Iteracja 0: condition_best: None, quality_best: -inf, coverage_best: (p=0, n=0, P=0, N=0), p_value: 0
2025-03-05 08:58:45,662 - INFO - Regula po iteracji 0: IF  THEN class = {33.93} [6.87, 61.00], (p=29, n=11, P=29, N=11)
2025-03-05 08:58:45,662 - INFO - *****STOP GROWING RR RULE*****
2025-03-05 08:58:45,662 - INFO - ***RR NOT FOUND***
2025-03-05 08:58:45,669 - INFO - Iteracja 1: condition_best: RUN <= 39.00, quality_best: 0.655, coverage_best: (p=27, n=3, P=28, N=12)
2025-03-05 08:58:45,669 - INFO - Regula po iteracji 1: IF TIME <= 37.67 AND RUN <= 39.00 THEN class = {21.31} [4.88, 37.74], (p=27, n=3, P=28, N=12)
2025-03-05 08:58:45,669 - INFO - *****GROWING RR RULE*****
2025-03-05 08:58:45,686 - INFO - Iteracja 0: condition_best: None, quality_best: -inf, coverage_best: (p=0, n=0, P=0, N=0), p_value: 0
2025-03-05 08:58:45,686 - INFO - Regula po iteracji 0: IF  THEN class = {33.93} [6.87, 61.00], (p=29, n=11, P=29, N=11)
2025-03-05 08:58:45,686 - INFO - *****STOP GROWING RR RULE*****
2025-03-05 08:58:45,686 - INFO - ***RR NOT FOUND***
2025-03-05 08:58:45,693 - INFO - Iteracja 2: condition_best: TIME <= 29.51, quality_best: 0.69, coverage_best: (p=24, n=3, P=25, N=15)
2025-03-05 08:58:45,693 - INFO - Regula po iteracji 2: IF TIME <= 37.67 AND RUN <= 39.00 AND TIME <= 29.51 THEN class = {17.76} [7.16, 28.37], (p=24, n=3, P=25, N=15)
2025-03-05 08:58:45,693 - INFO - *****GROWING RR RULE*****
2025-03-05 08:58:45,709 - INFO - Iteracja 0: condition_best: None, quality_best: -inf, coverage_best: (p=0, n=0, P=0, N=0), p_value: 0
2025-03-05 08:58:45,710 - INFO - Regula po iteracji 0: IF  THEN class = {33.93} [6.87, 61.00], (p=29, n=11, P=29, N=11)
2025-03-05 08:58:45,710 - INFO - *****STOP GROWING RR RULE*****
2025-03-05 08:58:45,710 - INFO - ***RR NOT FOUND***
2025-03-05 08:58:45,716 - INFO - Iteracja 3: condition_best: RUN <= 37.50, quality_best: 0.779, coverage_best: (p=24, n=2, P=25, N=15)
2025-03-05 08:58:45,716 - INFO - Regula po iteracji 3: IF TIME <= 37.67 AND RUN <= 39.00 AND TIME <= 29.51 AND RUN <= 37.50 THEN class = {17.12} [6.84, 27.40], (p=24, n=2, P=25, N=15)
2025-03-05 08:58:45,716 - INFO - *****GROWING RR RULE*****
2025-03-05 08:58:45,733 - INFO - Iteracja 0: condition_best: None, quality_best: -inf, coverage_best: (p=0, n=0, P=0, N=0), p_value: 0
2025-03-05 08:58:45,733 - INFO - Regula po iteracji 0: IF  THEN class = {33.93} [6.87, 61.00], (p=29, n=11, P=29, N=11)
2025-03-05 08:58:45,733 - INFO - *****STOP GROWING RR RULE*****
2025-03-05 08:58:45,733 - INFO - ***RR NOT FOUND***
2025-03-05 08:58:45,739 - INFO - Iteracja 4: condition_best: RUN >= 1.50, quality_best: 0.755, coverage_best: (p=23, n=2, P=25, N=15)
2025-03-05 08:58:45,739 - INFO - Regula po iteracji 4: IF TIME <= 37.67 AND RUN <= 39.00 AND TIME <= 29.51 AND RUN <= 37.50 AND RUN >= 1.50 THEN class = {17.37} [6.97, 27.78], (p=23, n=2, P=25, N=15)
2025-03-05 08:58:45,740 - INFO - *****GROWING RR RULE*****
2025-03-05 08:58:45,756 - INFO - Iteracja 0: condition_best: None, quality_best: -inf, coverage_best: (p=0, n=0, P=0, N=0), p_value: 0
2025-03-05 08:58:45,756 - INFO - Regula po iteracji 0: IF  THEN class = {33.93} [6.87, 61.00], (p=29, n=11, P=29, N=11)
2025-03-05 08:58:45,756 - INFO - *****STOP GROWING RR RULE*****
2025-03-05 08:58:45,756 - INFO - ***RR NOT FOUND***
2025-03-05 08:58:45,756 - INFO - *******STOP GROWING CR RULE*******
2025-03-05 08:58:45,759 - INFO - *******GROWING CR RULE*******
2025-03-05 08:58:45,767 - INFO - Iteracja 0: condition_best: TIME >= 120.55, quality_best: 1.0, coverage_best: (p=2, n=0, P=2, N=38)
2025-03-05 08:58:45,767 - INFO - Regula po iteracji 0: IF TIME >= 120.55 THEN class = {87.82} [86.30, 89.34], (p=2, n=0, P=2, N=38)
2025-03-05 08:58:45,768 - INFO - *****GROWING RR RULE*****
2025-03-05 08:58:45,784 - INFO - Iteracja 0: condition_best: None, quality_best: -inf, coverage_best: (p=0, n=0, P=0, N=0), p_value: 0
2025-03-05 08:58:45,785 - INFO - Regula po iteracji 0: IF  THEN class = {33.93} [6.87, 61.00], (p=29, n=11, P=29, N=11)
2025-03-05 08:58:45,785 - INFO - *****STOP GROWING RR RULE*****
2025-03-05 08:58:45,785 - INFO - ***RR NOT FOUND***
2025-03-05 08:58:45,786 - INFO - Iteracja 1: condition_best: RUN <= 35.50, quality_best: 1.0, coverage_best: (p=1, n=0, P=1, N=39)
2025-03-05 08:58:45,786 - INFO - Regula po iteracji 1: IF TIME >= 120.55 AND RUN <= 35.50 THEN class = {89.34} [89.34, 89.34], (p=1, n=0, P=1, N=39)
2025-03-05 08:58:45,786 - INFO - *****GROWING RR RULE*****
2025-03-05 08:58:45,803 - INFO - Iteracja 0: condition_best: None, quality_best: -inf, coverage_best: (p=0, n=0, P=0, N=0), p_value: 0
2025-03-05 08:58:45,803 - INFO - Regula po iteracji 0: IF  THEN class = {33.93} [6.87, 61.00], (p=29, n=11, P=29, N=11)
2025-03-05 08:58:45,803 - INFO - *****STOP GROWING RR RULE*****
2025-03-05 08:58:45,803 - INFO - ***RR NOT FOUND***
2025-03-05 08:58:45,803 - INFO - Iteracja 2: condition_best: None, quality_best: -inf, coverage_best: (p=0, n=0, P=0, N=0)
2025-03-05 08:58:45,803 - INFO - Regula po iteracji 2: IF TIME >= 120.55 AND RUN <= 35.50 THEN class = {89.34} [89.34, 89.34], (p=1, n=0, P=1, N=39)
2025-03-05 08:58:45,803 - INFO - *******STOP GROWING CR RULE*******
2025-03-05 08:58:45,804 - INFO - *******GROWING CR RULE*******
2025-03-05 08:58:45,812 - INFO - Iteracja 0: condition_best: TIME >= 120.55, quality_best: 1.0, coverage_best: (p=2, n=0, P=2, N=38)
2025-03-05 08:58:45,812 - INFO - Regula po iteracji 0: IF TIME >= 120.55 THEN class = {87.82} [86.30, 89.34], (p=2, n=0, P=2, N=38)
2025-03-05 08:58:45,812 - INFO - *****GROWING RR RULE*****
2025-03-05 08:58:45,829 - INFO - Iteracja 0: condition_best: None, quality_best: -inf, coverage_best: (p=0, n=0, P=0, N=0), p_value: 0
2025-03-05 08:58:45,829 - INFO - Regula po iteracji 0: IF  THEN class = {33.93} [6.87, 61.00], (p=29, n=11, P=29, N=11)
2025-03-05 08:58:45,829 - INFO - *****STOP GROWING RR RULE*****
2025-03-05 08:58:45,829 - INFO - ***RR NOT FOUND***
2025-03-05 08:58:45,830 - INFO - Iteracja 1: condition_best: RUN <= 35.50, quality_best: 1.0, coverage_best: (p=1, n=0, P=1, N=39)
2025-03-05 08:58:45,830 - INFO - Regula po iteracji 1: IF TIME >= 120.55 AND RUN <= 35.50 THEN class = {89.34} [89.34, 89.34], (p=1, n=0, P=1, N=39)
2025-03-05 08:58:45,830 - INFO - *****GROWING RR RULE*****
2025-03-05 08:58:45,847 - INFO - Iteracja 0: condition_best: None, quality_best: -inf, coverage_best: (p=0, n=0, P=0, N=0), p_value: 0
2025-03-05 08:58:45,847 - INFO - Regula po iteracji 0: IF  THEN class = {33.93} [6.87, 61.00], (p=29, n=11, P=29, N=11)
2025-03-05 08:58:45,847 - INFO - *****STOP GROWING RR RULE*****
2025-03-05 08:58:45,847 - INFO - ***RR NOT FOUND***
2025-03-05 08:58:45,848 - INFO - Iteracja 2: condition_best: None, quality_best: -inf, coverage_best: (p=0, n=0, P=0, N=0)
2025-03-05 08:58:45,848 - INFO - Regula po iteracji 2: IF TIME >= 120.55 AND RUN <= 35.50 THEN class = {89.34} [89.34, 89.34], (p=1, n=0, P=1, N=39)
2025-03-05 08:58:45,848 - INFO - *******STOP GROWING CR RULE*******
2025-03-05 08:58:45,850 - INFO - ************************Finished experiment for bolts.arff with algorithm4************************
2025-03-05 08:58:45,850 - INFO - *************************************************************************************************************************
2025-03-05 08:58:45,850 - INFO - *************************************************************************************************************************
2025-03-05 08:58:45,850 - INFO - *************************************************************************************************************************
