2025-03-05 17:50:50,864 - INFO - **********Starting experiment for pyrim.arff with algorithm3**********
2025-03-05 17:50:50,867 - INFO - *******GROWING CR RULE*******
2025-03-05 17:50:50,878 - INFO - Iteracja 0: condition_best: p2_size <= 0.18, quality_best: 0.61, coverage_best: (p=25, n=2, P=47, N=27)
2025-03-05 17:50:50,878 - INFO - Regula po iteracji 0: IF p2_size <= 0.18 THEN class = {0.59} [0.48, 0.71], (p=25, n=2, P=47, N=27)
2025-03-05 17:50:50,878 - INFO - *****GROWING RR RULE*****
2025-03-05 17:50:51,131 - INFO - Iteracja 0: condition_best: None, quality_best: -inf, coverage_best: (p=0, n=0, P=0, N=0), p_value: 0
2025-03-05 17:50:51,131 - INFO - Regula po iteracji 0: IF  THEN class = {0.66} [0.53, 0.79], (p=59, n=15, P=59, N=15)
2025-03-05 17:50:51,131 - INFO - *****STOP GROWING RR RULE*****
2025-03-05 17:50:51,131 - INFO - ***RR NOT FOUND***
2025-03-05 17:50:51,136 - INFO - Iteracja 1: condition_best: p1_polar <= 0.80, quality_best: 0.596, coverage_best: (p=24, n=2, P=47, N=27)
2025-03-05 17:50:51,137 - INFO - Regula po iteracji 1: IF p2_size <= 0.18 AND p1_polar <= 0.80 THEN class = {0.60} [0.48, 0.71], (p=24, n=2, P=47, N=27)
2025-03-05 17:50:51,137 - INFO - *****GROWING RR RULE*****
2025-03-05 17:50:51,388 - INFO - Iteracja 0: condition_best: None, quality_best: -inf, coverage_best: (p=0, n=0, P=0, N=0), p_value: 0
2025-03-05 17:50:51,389 - INFO - Regula po iteracji 0: IF  THEN class = {0.66} [0.53, 0.79], (p=59, n=15, P=59, N=15)
2025-03-05 17:50:51,389 - INFO - *****STOP GROWING RR RULE*****
2025-03-05 17:50:51,389 - INFO - ***RR NOT FOUND***
2025-03-05 17:50:51,394 - INFO - Iteracja 2: condition_best: p1_polar <= 0.60, quality_best: 0.581, coverage_best: (p=23, n=2, P=47, N=27)
2025-03-05 17:50:51,394 - INFO - Regula po iteracji 2: IF p2_size <= 0.18 AND p1_polar <= 0.80 AND p1_polar <= 0.60 THEN class = {0.60} [0.48, 0.71], (p=23, n=2, P=47, N=27)
2025-03-05 17:50:51,394 - INFO - *****GROWING RR RULE*****
2025-03-05 17:50:51,644 - INFO - Iteracja 0: condition_best: None, quality_best: -inf, coverage_best: (p=0, n=0, P=0, N=0), p_value: 0
2025-03-05 17:50:51,644 - INFO - Regula po iteracji 0: IF  THEN class = {0.66} [0.53, 0.79], (p=59, n=15, P=59, N=15)
2025-03-05 17:50:51,644 - INFO - *****STOP GROWING RR RULE*****
2025-03-05 17:50:51,644 - INFO - ***RR NOT FOUND***
2025-03-05 17:50:51,649 - INFO - Iteracja 3: condition_best: p1_pi_acceptor <= 0.30, quality_best: 0.566, coverage_best: (p=22, n=2, P=47, N=27)
2025-03-05 17:50:51,649 - INFO - Regula po iteracji 3: IF p2_size <= 0.18 AND p1_polar <= 0.80 AND p1_polar <= 0.60 AND p1_pi_acceptor <= 0.30 THEN class = {0.59} [0.47, 0.71], (p=22, n=2, P=47, N=27)
2025-03-05 17:50:51,649 - INFO - *****GROWING RR RULE*****
2025-03-05 17:50:51,900 - INFO - Iteracja 0: condition_best: None, quality_best: -inf, coverage_best: (p=0, n=0, P=0, N=0), p_value: 0
2025-03-05 17:50:51,900 - INFO - Regula po iteracji 0: IF  THEN class = {0.66} [0.53, 0.79], (p=59, n=15, P=59, N=15)
2025-03-05 17:50:51,900 - INFO - *****STOP GROWING RR RULE*****
2025-03-05 17:50:51,900 - INFO - ***RR NOT FOUND***
2025-03-05 17:50:51,905 - INFO - Iteracja 4: condition_best: p1_polarisable <= 0.77, quality_best: 0.551, coverage_best: (p=21, n=2, P=47, N=27)
2025-03-05 17:50:51,905 - INFO - Regula po iteracji 4: IF p2_size <= 0.18 AND p1_polar <= 0.80 AND p1_polar <= 0.60 AND p1_pi_acceptor <= 0.30 AND p1_polarisable <= 0.77 THEN class = {0.59} [0.47, 0.71], (p=21, n=2, P=47, N=27)
2025-03-05 17:50:51,905 - INFO - *****GROWING RR RULE*****
2025-03-05 17:50:52,154 - INFO - Iteracja 0: condition_best: None, quality_best: -inf, coverage_best: (p=0, n=0, P=0, N=0), p_value: 0
2025-03-05 17:50:52,154 - INFO - Regula po iteracji 0: IF  THEN class = {0.66} [0.53, 0.79], (p=59, n=15, P=59, N=15)
2025-03-05 17:50:52,154 - INFO - *****STOP GROWING RR RULE*****
2025-03-05 17:50:52,154 - INFO - ***RR NOT FOUND***
2025-03-05 17:50:52,154 - INFO - *******STOP GROWING CR RULE*******
2025-03-05 17:50:52,155 - INFO - *******GROWING CR RULE*******
2025-03-05 17:50:52,163 - INFO - Iteracja 0: condition_best: p3_pi_doner >= 0.30, quality_best: 0.491, coverage_best: (p=15, n=1, P=54, N=20)
2025-03-05 17:50:52,164 - INFO - Regula po iteracji 0: IF p3_pi_doner >= 0.30 THEN class = {0.77} [0.58, 0.96], (p=15, n=1, P=54, N=20)
2025-03-05 17:50:52,164 - INFO - *****GROWING RR RULE*****
2025-03-05 17:50:52,416 - INFO - Iteracja 0: condition_best: None, quality_best: -inf, coverage_best: (p=0, n=0, P=0, N=0), p_value: 0
2025-03-05 17:50:52,416 - INFO - Regula po iteracji 0: IF  THEN class = {0.66} [0.53, 0.79], (p=59, n=15, P=59, N=15)
2025-03-05 17:50:52,416 - INFO - *****STOP GROWING RR RULE*****
2025-03-05 17:50:52,416 - INFO - ***RR NOT FOUND***
2025-03-05 17:50:52,421 - INFO - Iteracja 1: condition_best: p2_polar >= 0.34, quality_best: 0.761, coverage_best: (p=10, n=1, P=14, N=60)
2025-03-05 17:50:52,421 - INFO - Regula po iteracji 1: IF p3_pi_doner >= 0.30 AND p2_polar >= 0.34 THEN class = {0.83} [0.76, 0.90], (p=10, n=1, P=14, N=60)
2025-03-05 17:50:52,421 - INFO - *****GROWING RR RULE*****
2025-03-05 17:50:52,666 - INFO - Iteracja 0: condition_best: None, quality_best: -inf, coverage_best: (p=0, n=0, P=0, N=0), p_value: 0
2025-03-05 17:50:52,667 - INFO - Regula po iteracji 0: IF  THEN class = {0.66} [0.53, 0.79], (p=59, n=15, P=59, N=15)
2025-03-05 17:50:52,667 - INFO - *****STOP GROWING RR RULE*****
2025-03-05 17:50:52,667 - INFO - ***RR NOT FOUND***
2025-03-05 17:50:52,670 - INFO - Iteracja 2: condition_best: p2_polarisable <= 0.70, quality_best: 0.72, coverage_best: (p=9, n=1, P=14, N=60)
2025-03-05 17:50:52,670 - INFO - Regula po iteracji 2: IF p3_pi_doner >= 0.30 AND p2_polar >= 0.34 AND p2_polarisable <= 0.70 THEN class = {0.83} [0.76, 0.91], (p=9, n=1, P=14, N=60)
2025-03-05 17:50:52,670 - INFO - *****GROWING RR RULE*****
2025-03-05 17:50:52,916 - INFO - Iteracja 0: condition_best: None, quality_best: -inf, coverage_best: (p=0, n=0, P=0, N=0), p_value: 0
2025-03-05 17:50:52,916 - INFO - Regula po iteracji 0: IF  THEN class = {0.66} [0.53, 0.79], (p=59, n=15, P=59, N=15)
2025-03-05 17:50:52,916 - INFO - *****STOP GROWING RR RULE*****
2025-03-05 17:50:52,916 - INFO - ***RR NOT FOUND***
2025-03-05 17:50:52,919 - INFO - Iteracja 3: condition_best: p2_size <= 0.66, quality_best: 0.75, coverage_best: (p=5, n=1, P=6, N=68)
2025-03-05 17:50:52,919 - INFO - Regula po iteracji 3: IF p3_pi_doner >= 0.30 AND p2_polar >= 0.34 AND p2_polarisable <= 0.70 AND p2_size <= 0.66 THEN class = {0.89} [0.86, 0.91], (p=5, n=1, P=6, N=68)
2025-03-05 17:50:52,920 - INFO - *****GROWING RR RULE*****
2025-03-05 17:50:53,162 - INFO - Iteracja 0: condition_best: None, quality_best: -inf, coverage_best: (p=0, n=0, P=0, N=0), p_value: 0
2025-03-05 17:50:53,162 - INFO - Regula po iteracji 0: IF  THEN class = {0.66} [0.53, 0.79], (p=59, n=15, P=59, N=15)
2025-03-05 17:50:53,162 - INFO - *****STOP GROWING RR RULE*****
2025-03-05 17:50:53,162 - INFO - ***RR NOT FOUND***
2025-03-05 17:50:53,165 - INFO - Iteracja 4: condition_best: p1_sigma <= 0.50, quality_best: 0.612, coverage_best: (p=4, n=1, P=7, N=67)
2025-03-05 17:50:53,165 - INFO - Regula po iteracji 4: IF p3_pi_doner >= 0.30 AND p2_polar >= 0.34 AND p2_polarisable <= 0.70 AND p2_size <= 0.66 AND p1_sigma <= 0.50 THEN class = {0.88} [0.86, 0.91], (p=4, n=1, P=7, N=67)
2025-03-05 17:50:53,165 - INFO - *****GROWING RR RULE*****
2025-03-05 17:50:53,406 - INFO - Iteracja 0: condition_best: None, quality_best: -inf, coverage_best: (p=0, n=0, P=0, N=0), p_value: 0
2025-03-05 17:50:53,406 - INFO - Regula po iteracji 0: IF  THEN class = {0.66} [0.53, 0.79], (p=59, n=15, P=59, N=15)
2025-03-05 17:50:53,406 - INFO - *****STOP GROWING RR RULE*****
2025-03-05 17:50:53,406 - INFO - ***RR NOT FOUND***
2025-03-05 17:50:53,406 - INFO - *******STOP GROWING CR RULE*******
2025-03-05 17:50:53,407 - INFO - *******GROWING CR RULE*******
2025-03-05 17:50:53,416 - INFO - Iteracja 0: condition_best: p3_size >= 0.23, quality_best: 0.481, coverage_best: (p=20, n=2, P=52, N=22)
2025-03-05 17:50:53,416 - INFO - Regula po iteracji 0: IF p3_size >= 0.23 THEN class = {0.76} [0.59, 0.93], (p=20, n=2, P=52, N=22)
2025-03-05 17:50:53,416 - INFO - *****GROWING RR RULE*****
2025-03-05 17:50:53,671 - INFO - Iteracja 0: condition_best: None, quality_best: -inf, coverage_best: (p=0, n=0, P=0, N=0), p_value: 0
2025-03-05 17:50:53,671 - INFO - Regula po iteracji 0: IF  THEN class = {0.66} [0.53, 0.79], (p=59, n=15, P=59, N=15)
2025-03-05 17:50:53,671 - INFO - *****STOP GROWING RR RULE*****
2025-03-05 17:50:53,671 - INFO - ***RR NOT FOUND***
2025-03-05 17:50:53,677 - INFO - Iteracja 1: condition_best: p1_flex <= 0.20, quality_best: 0.577, coverage_best: (p=18, n=1, P=49, N=25)
2025-03-05 17:50:53,677 - INFO - Regula po iteracji 1: IF p3_size >= 0.23 AND p1_flex <= 0.20 THEN class = {0.77} [0.60, 0.95], (p=18, n=1, P=49, N=25)
2025-03-05 17:50:53,677 - INFO - *****GROWING RR RULE*****
2025-03-05 17:50:53,928 - INFO - Iteracja 0: condition_best: None, quality_best: -inf, coverage_best: (p=0, n=0, P=0, N=0), p_value: 0
2025-03-05 17:50:53,928 - INFO - Regula po iteracji 0: IF  THEN class = {0.66} [0.53, 0.79], (p=59, n=15, P=59, N=15)
2025-03-05 17:50:53,928 - INFO - *****STOP GROWING RR RULE*****
2025-03-05 17:50:53,928 - INFO - ***RR NOT FOUND***
2025-03-05 17:50:53,933 - INFO - Iteracja 2: condition_best: p2_polarisable <= 0.70, quality_best: 0.555, coverage_best: (p=17, n=1, P=50, N=24)
2025-03-05 17:50:53,933 - INFO - Regula po iteracji 2: IF p3_size >= 0.23 AND p1_flex <= 0.20 AND p2_polarisable <= 0.70 THEN class = {0.77} [0.59, 0.95], (p=17, n=1, P=50, N=24)
2025-03-05 17:50:53,933 - INFO - *****GROWING RR RULE*****
2025-03-05 17:50:54,184 - INFO - Iteracja 0: condition_best: None, quality_best: -inf, coverage_best: (p=0, n=0, P=0, N=0), p_value: 0
2025-03-05 17:50:54,184 - INFO - Regula po iteracji 0: IF  THEN class = {0.66} [0.53, 0.79], (p=59, n=15, P=59, N=15)
2025-03-05 17:50:54,184 - INFO - *****STOP GROWING RR RULE*****
2025-03-05 17:50:54,184 - INFO - ***RR NOT FOUND***
2025-03-05 17:50:54,189 - INFO - Iteracja 3: condition_best: p2_flex <= 0.80, quality_best: 0.517, coverage_best: (p=15, n=1, P=51, N=23)
2025-03-05 17:50:54,189 - INFO - Regula po iteracji 3: IF p3_size >= 0.23 AND p1_flex <= 0.20 AND p2_polarisable <= 0.70 AND p2_flex <= 0.80 THEN class = {0.78} [0.59, 0.97], (p=15, n=1, P=51, N=23)
2025-03-05 17:50:54,189 - INFO - *****GROWING RR RULE*****
2025-03-05 17:50:54,440 - INFO - Iteracja 0: condition_best: None, quality_best: -inf, coverage_best: (p=0, n=0, P=0, N=0), p_value: 0
2025-03-05 17:50:54,440 - INFO - Regula po iteracji 0: IF  THEN class = {0.66} [0.53, 0.79], (p=59, n=15, P=59, N=15)
2025-03-05 17:50:54,440 - INFO - *****STOP GROWING RR RULE*****
2025-03-05 17:50:54,440 - INFO - ***RR NOT FOUND***
2025-03-05 17:50:54,445 - INFO - Iteracja 4: condition_best: p2_size >= 0.18, quality_best: 0.554, coverage_best: (p=9, n=4, P=12, N=62)
2025-03-05 17:50:54,445 - INFO - Regula po iteracji 4: IF p3_size >= 0.23 AND p1_flex <= 0.20 AND p2_polarisable <= 0.70 AND p2_flex <= 0.80 AND p2_size >= 0.18 THEN class = {0.84} [0.77, 0.90], (p=9, n=4, P=12, N=62)
2025-03-05 17:50:54,445 - INFO - *****GROWING RR RULE*****
2025-03-05 17:50:54,691 - INFO - Iteracja 0: condition_best: None, quality_best: -inf, coverage_best: (p=0, n=0, P=0, N=0), p_value: 0
2025-03-05 17:50:54,691 - INFO - Regula po iteracji 0: IF  THEN class = {0.66} [0.53, 0.79], (p=59, n=15, P=59, N=15)
2025-03-05 17:50:54,691 - INFO - *****STOP GROWING RR RULE*****
2025-03-05 17:50:54,692 - INFO - ***RR NOT FOUND***
2025-03-05 17:50:54,692 - INFO - *******STOP GROWING CR RULE*******
2025-03-05 17:50:54,692 - INFO - *******GROWING CR RULE*******
2025-03-05 17:50:54,701 - INFO - Iteracja 0: condition_best: p1_sigma <= 0.18, quality_best: 0.468, coverage_best: (p=23, n=5, P=41, N=33)
2025-03-05 17:50:54,701 - INFO - Regula po iteracji 0: IF p1_sigma <= 0.18 THEN class = {0.60} [0.53, 0.66], (p=23, n=5, P=41, N=33)
2025-03-05 17:50:54,701 - INFO - *****GROWING RR RULE*****
2025-03-05 17:50:54,955 - INFO - Iteracja 0: condition_best: None, quality_best: -inf, coverage_best: (p=0, n=0, P=0, N=0), p_value: 0
2025-03-05 17:50:54,955 - INFO - Regula po iteracji 0: IF  THEN class = {0.66} [0.53, 0.79], (p=59, n=15, P=59, N=15)
2025-03-05 17:50:54,955 - INFO - *****STOP GROWING RR RULE*****
2025-03-05 17:50:54,955 - INFO - ***RR NOT FOUND***
2025-03-05 17:50:54,960 - INFO - Iteracja 1: condition_best: p2_h_doner <= 0.70, quality_best: 0.497, coverage_best: (p=21, n=4, P=40, N=34)
2025-03-05 17:50:54,960 - INFO - Regula po iteracji 1: IF p1_sigma <= 0.18 AND p2_h_doner <= 0.70 THEN class = {0.59} [0.53, 0.66], (p=21, n=4, P=40, N=34)
2025-03-05 17:50:54,961 - INFO - *****GROWING RR RULE*****
2025-03-05 17:50:55,215 - INFO - Iteracja 0: condition_best: None, quality_best: -inf, coverage_best: (p=0, n=0, P=0, N=0), p_value: 0
2025-03-05 17:50:55,215 - INFO - Regula po iteracji 0: IF  THEN class = {0.66} [0.53, 0.79], (p=59, n=15, P=59, N=15)
2025-03-05 17:50:55,215 - INFO - *****STOP GROWING RR RULE*****
2025-03-05 17:50:55,216 - INFO - ***RR NOT FOUND***
2025-03-05 17:50:55,221 - INFO - Iteracja 2: condition_best: p2_size <= 0.66, quality_best: 0.484, coverage_best: (p=18, n=4, P=36, N=38)
2025-03-05 17:50:55,221 - INFO - Regula po iteracji 2: IF p1_sigma <= 0.18 AND p2_h_doner <= 0.70 AND p2_size <= 0.66 THEN class = {0.60} [0.54, 0.66], (p=18, n=4, P=36, N=38)
2025-03-05 17:50:55,221 - INFO - *****GROWING RR RULE*****
2025-03-05 17:50:55,473 - INFO - Iteracja 0: condition_best: None, quality_best: -inf, coverage_best: (p=0, n=0, P=0, N=0), p_value: 0
2025-03-05 17:50:55,473 - INFO - Regula po iteracji 0: IF  THEN class = {0.66} [0.53, 0.79], (p=59, n=15, P=59, N=15)
2025-03-05 17:50:55,473 - INFO - *****STOP GROWING RR RULE*****
2025-03-05 17:50:55,473 - INFO - ***RR NOT FOUND***
2025-03-05 17:50:55,478 - INFO - Iteracja 3: condition_best: p1_size <= 0.34, quality_best: 0.485, coverage_best: (p=14, n=3, P=33, N=41)
2025-03-05 17:50:55,478 - INFO - Regula po iteracji 3: IF p1_sigma <= 0.18 AND p2_h_doner <= 0.70 AND p2_size <= 0.66 AND p1_size <= 0.34 THEN class = {0.60} [0.55, 0.65], (p=14, n=3, P=33, N=41)
2025-03-05 17:50:55,478 - INFO - *****GROWING RR RULE*****
2025-03-05 17:50:55,721 - INFO - Iteracja 0: condition_best: None, quality_best: -inf, coverage_best: (p=0, n=0, P=0, N=0), p_value: 0
2025-03-05 17:50:55,721 - INFO - Regula po iteracji 0: IF  THEN class = {0.66} [0.53, 0.79], (p=59, n=15, P=59, N=15)
2025-03-05 17:50:55,722 - INFO - *****STOP GROWING RR RULE*****
2025-03-05 17:50:55,722 - INFO - ***RR NOT FOUND***
2025-03-05 17:50:55,725 - INFO - Iteracja 4: condition_best: p2_size >= 0.18, quality_best: 0.482, coverage_best: (p=11, n=2, P=33, N=41)
2025-03-05 17:50:55,725 - INFO - Regula po iteracji 4: IF p1_sigma <= 0.18 AND p2_h_doner <= 0.70 AND p2_size <= 0.66 AND p1_size <= 0.34 AND p2_size >= 0.18 THEN class = {0.60} [0.55, 0.65], (p=11, n=2, P=33, N=41)
2025-03-05 17:50:55,725 - INFO - *****GROWING RR RULE*****
2025-03-05 17:50:55,966 - INFO - Iteracja 0: condition_best: None, quality_best: -inf, coverage_best: (p=0, n=0, P=0, N=0), p_value: 0
2025-03-05 17:50:55,966 - INFO - Regula po iteracji 0: IF  THEN class = {0.66} [0.53, 0.79], (p=59, n=15, P=59, N=15)
2025-03-05 17:50:55,966 - INFO - *****STOP GROWING RR RULE*****
2025-03-05 17:50:55,966 - INFO - ***RR NOT FOUND***
2025-03-05 17:50:55,966 - INFO - *******STOP GROWING CR RULE*******
2025-03-05 17:50:55,967 - INFO - *******GROWING CR RULE*******
2025-03-05 17:50:55,975 - INFO - Iteracja 0: condition_best: p3_size <= 0.50, quality_best: 0.376, coverage_best: (p=53, n=8, P=58, N=16)
2025-03-05 17:50:55,975 - INFO - Regula po iteracji 0: IF p3_size <= 0.50 THEN class = {0.64} [0.51, 0.76], (p=53, n=8, P=58, N=16)
2025-03-05 17:50:55,975 - INFO - *****GROWING RR RULE*****
2025-03-05 17:50:56,237 - INFO - Iteracja 0: condition_best: None, quality_best: -inf, coverage_best: (p=0, n=0, P=0, N=0), p_value: 0
2025-03-05 17:50:56,237 - INFO - Regula po iteracji 0: IF  THEN class = {0.66} [0.53, 0.79], (p=59, n=15, P=59, N=15)
2025-03-05 17:50:56,237 - INFO - *****STOP GROWING RR RULE*****
2025-03-05 17:50:56,237 - INFO - ***RR NOT FOUND***
2025-03-05 17:50:56,245 - INFO - Iteracja 1: condition_best: p2_size <= 0.82, quality_best: 0.462, coverage_best: (p=52, n=7, P=57, N=17)
2025-03-05 17:50:56,245 - INFO - Regula po iteracji 1: IF p3_size <= 0.50 AND p2_size <= 0.82 THEN class = {0.64} [0.52, 0.76], (p=52, n=7, P=57, N=17)
2025-03-05 17:50:56,245 - INFO - *****GROWING RR RULE*****
2025-03-05 17:50:56,505 - INFO - Iteracja 0: condition_best: None, quality_best: -inf, coverage_best: (p=0, n=0, P=0, N=0), p_value: 0
2025-03-05 17:50:56,505 - INFO - Regula po iteracji 0: IF  THEN class = {0.66} [0.53, 0.79], (p=59, n=15, P=59, N=15)
2025-03-05 17:50:56,505 - INFO - *****STOP GROWING RR RULE*****
2025-03-05 17:50:56,505 - INFO - ***RR NOT FOUND***
2025-03-05 17:50:56,513 - INFO - Iteracja 2: condition_best: p3_sigma <= 0.77, quality_best: 0.554, coverage_best: (p=52, n=6, P=56, N=18)
2025-03-05 17:50:56,513 - INFO - Regula po iteracji 2: IF p3_size <= 0.50 AND p2_size <= 0.82 AND p3_sigma <= 0.77 THEN class = {0.64} [0.52, 0.75], (p=52, n=6, P=56, N=18)
2025-03-05 17:50:56,513 - INFO - *****GROWING RR RULE*****
2025-03-05 17:50:56,774 - INFO - Iteracja 0: condition_best: None, quality_best: -inf, coverage_best: (p=0, n=0, P=0, N=0), p_value: 0
2025-03-05 17:50:56,774 - INFO - Regula po iteracji 0: IF  THEN class = {0.66} [0.53, 0.79], (p=59, n=15, P=59, N=15)
2025-03-05 17:50:56,774 - INFO - *****STOP GROWING RR RULE*****
2025-03-05 17:50:56,774 - INFO - ***RR NOT FOUND***
2025-03-05 17:50:56,782 - INFO - Iteracja 3: condition_best: p2_polarisable <= 0.70, quality_best: 0.593, coverage_best: (p=50, n=5, P=56, N=18)
2025-03-05 17:50:56,782 - INFO - Regula po iteracji 3: IF p3_size <= 0.50 AND p2_size <= 0.82 AND p3_sigma <= 0.77 AND p2_polarisable <= 0.70 THEN class = {0.64} [0.52, 0.75], (p=50, n=5, P=56, N=18)
2025-03-05 17:50:56,782 - INFO - *****GROWING RR RULE*****
2025-03-05 17:50:57,042 - INFO - Iteracja 0: condition_best: None, quality_best: -inf, coverage_best: (p=0, n=0, P=0, N=0), p_value: 0
2025-03-05 17:50:57,042 - INFO - Regula po iteracji 0: IF  THEN class = {0.66} [0.53, 0.79], (p=59, n=15, P=59, N=15)
2025-03-05 17:50:57,042 - INFO - *****STOP GROWING RR RULE*****
2025-03-05 17:50:57,042 - INFO - ***RR NOT FOUND***
2025-03-05 17:50:57,050 - INFO - Iteracja 4: condition_best: p1_pi_acceptor <= 0.70, quality_best: 0.581, coverage_best: (p=49, n=5, P=56, N=18)
2025-03-05 17:50:57,050 - INFO - Regula po iteracji 4: IF p3_size <= 0.50 AND p2_size <= 0.82 AND p3_sigma <= 0.77 AND p2_polarisable <= 0.70 AND p1_pi_acceptor <= 0.70 THEN class = {0.64} [0.52, 0.76], (p=49, n=5, P=56, N=18)
2025-03-05 17:50:57,050 - INFO - *****GROWING RR RULE*****
2025-03-05 17:50:57,310 - INFO - Iteracja 0: condition_best: None, quality_best: -inf, coverage_best: (p=0, n=0, P=0, N=0), p_value: 0
2025-03-05 17:50:57,310 - INFO - Regula po iteracji 0: IF  THEN class = {0.66} [0.53, 0.79], (p=59, n=15, P=59, N=15)
2025-03-05 17:50:57,310 - INFO - *****STOP GROWING RR RULE*****
2025-03-05 17:50:57,310 - INFO - ***RR NOT FOUND***
2025-03-05 17:50:57,310 - INFO - *******STOP GROWING CR RULE*******
2025-03-05 17:50:57,312 - INFO - *******GROWING CR RULE*******
2025-03-05 17:50:57,320 - INFO - Iteracja 0: condition_best: p3_polarisable >= 0.77, quality_best: 1.0, coverage_best: (p=2, n=0, P=2, N=72)
2025-03-05 17:50:57,320 - INFO - Regula po iteracji 0: IF p3_polarisable >= 0.77 THEN class = {0.89} [0.89, 0.89], (p=2, n=0, P=2, N=72)
2025-03-05 17:50:57,320 - INFO - *****GROWING RR RULE*****
2025-03-05 17:50:57,549 - INFO - Iteracja 0: condition_best: None, quality_best: -inf, coverage_best: (p=0, n=0, P=0, N=0), p_value: 0
2025-03-05 17:50:57,549 - INFO - Regula po iteracji 0: IF  THEN class = {0.66} [0.53, 0.79], (p=59, n=15, P=59, N=15)
2025-03-05 17:50:57,549 - INFO - *****STOP GROWING RR RULE*****
2025-03-05 17:50:57,549 - INFO - ***RR NOT FOUND***
2025-03-05 17:50:57,551 - INFO - Iteracja 1: condition_best: p2_polar <= 0.50, quality_best: 0.75, coverage_best: (p=1, n=0, P=2, N=72)
2025-03-05 17:50:57,551 - INFO - Regula po iteracji 1: IF p3_polarisable >= 0.77 AND p2_polar <= 0.50 THEN class = {0.89} [0.89, 0.89], (p=1, n=0, P=2, N=72)
2025-03-05 17:50:57,551 - INFO - *****GROWING RR RULE*****
2025-03-05 17:50:57,776 - INFO - Iteracja 0: condition_best: None, quality_best: -inf, coverage_best: (p=0, n=0, P=0, N=0), p_value: 0
2025-03-05 17:50:57,776 - INFO - Regula po iteracji 0: IF  THEN class = {0.66} [0.53, 0.79], (p=59, n=15, P=59, N=15)
2025-03-05 17:50:57,776 - INFO - *****STOP GROWING RR RULE*****
2025-03-05 17:50:57,776 - INFO - ***RR NOT FOUND***
2025-03-05 17:50:57,777 - INFO - Iteracja 2: condition_best: None, quality_best: -inf, coverage_best: (p=0, n=0, P=0, N=0)
2025-03-05 17:50:57,777 - INFO - Regula po iteracji 2: IF p3_polarisable >= 0.77 AND p2_polar <= 0.50 THEN class = {0.89} [0.89, 0.89], (p=1, n=0, P=2, N=72)
2025-03-05 17:50:57,777 - INFO - *******STOP GROWING CR RULE*******
2025-03-05 17:50:57,779 - INFO - ************************Finished experiment for pyrim.arff with algorithm3************************
2025-03-05 17:50:57,779 - INFO - *************************************************************************************************************************
2025-03-05 17:50:57,780 - INFO - *************************************************************************************************************************
2025-03-05 17:50:57,780 - INFO - *************************************************************************************************************************
2025-03-05 17:50:57,780 - INFO - **********Starting experiment for pyrim.arff with algorithm4**********
2025-03-05 17:50:57,783 - INFO - *******GROWING CR RULE*******
2025-03-05 17:50:57,794 - INFO - Iteracja 0: condition_best: p2_size <= 0.18, quality_best: 0.61, coverage_best: (p=25, n=2, P=47, N=27)
2025-03-05 17:50:57,794 - INFO - Regula po iteracji 0: IF p2_size <= 0.18 THEN class = {0.59} [0.48, 0.71], (p=25, n=2, P=47, N=27)
2025-03-05 17:50:57,794 - INFO - *****GROWING RR RULE*****
2025-03-05 17:50:57,810 - INFO - Iteracja 0: condition_best: None, quality_best: -inf, coverage_best: (p=0, n=0, P=0, N=0), p_value: 0
2025-03-05 17:50:57,810 - INFO - Regula po iteracji 0: IF  THEN class = {0.66} [0.53, 0.79], (p=59, n=15, P=59, N=15)
2025-03-05 17:50:57,810 - INFO - *****STOP GROWING RR RULE*****
2025-03-05 17:50:57,810 - INFO - ***RR NOT FOUND***
2025-03-05 17:50:57,815 - INFO - Iteracja 1: condition_best: p1_polar <= 0.80, quality_best: 0.596, coverage_best: (p=24, n=2, P=47, N=27)
2025-03-05 17:50:57,816 - INFO - Regula po iteracji 1: IF p2_size <= 0.18 AND p1_polar <= 0.80 THEN class = {0.60} [0.48, 0.71], (p=24, n=2, P=47, N=27)
2025-03-05 17:50:57,816 - INFO - *****GROWING RR RULE*****
2025-03-05 17:50:57,832 - INFO - Iteracja 0: condition_best: None, quality_best: -inf, coverage_best: (p=0, n=0, P=0, N=0), p_value: 0
2025-03-05 17:50:57,832 - INFO - Regula po iteracji 0: IF  THEN class = {0.66} [0.53, 0.79], (p=59, n=15, P=59, N=15)
2025-03-05 17:50:57,832 - INFO - *****STOP GROWING RR RULE*****
2025-03-05 17:50:57,832 - INFO - ***RR NOT FOUND***
2025-03-05 17:50:57,837 - INFO - Iteracja 2: condition_best: p1_polar <= 0.60, quality_best: 0.581, coverage_best: (p=23, n=2, P=47, N=27)
2025-03-05 17:50:57,837 - INFO - Regula po iteracji 2: IF p2_size <= 0.18 AND p1_polar <= 0.80 AND p1_polar <= 0.60 THEN class = {0.60} [0.48, 0.71], (p=23, n=2, P=47, N=27)
2025-03-05 17:50:57,837 - INFO - *****GROWING RR RULE*****
2025-03-05 17:50:57,853 - INFO - Iteracja 0: condition_best: None, quality_best: -inf, coverage_best: (p=0, n=0, P=0, N=0), p_value: 0
2025-03-05 17:50:57,853 - INFO - Regula po iteracji 0: IF  THEN class = {0.66} [0.53, 0.79], (p=59, n=15, P=59, N=15)
2025-03-05 17:50:57,853 - INFO - *****STOP GROWING RR RULE*****
2025-03-05 17:50:57,853 - INFO - ***RR NOT FOUND***
2025-03-05 17:50:57,858 - INFO - Iteracja 3: condition_best: p1_pi_acceptor <= 0.30, quality_best: 0.566, coverage_best: (p=22, n=2, P=47, N=27)
2025-03-05 17:50:57,858 - INFO - Regula po iteracji 3: IF p2_size <= 0.18 AND p1_polar <= 0.80 AND p1_polar <= 0.60 AND p1_pi_acceptor <= 0.30 THEN class = {0.59} [0.47, 0.71], (p=22, n=2, P=47, N=27)
2025-03-05 17:50:57,858 - INFO - *****GROWING RR RULE*****
2025-03-05 17:50:57,874 - INFO - Iteracja 0: condition_best: None, quality_best: -inf, coverage_best: (p=0, n=0, P=0, N=0), p_value: 0
2025-03-05 17:50:57,874 - INFO - Regula po iteracji 0: IF  THEN class = {0.66} [0.53, 0.79], (p=59, n=15, P=59, N=15)
2025-03-05 17:50:57,874 - INFO - *****STOP GROWING RR RULE*****
2025-03-05 17:50:57,875 - INFO - ***RR NOT FOUND***
2025-03-05 17:50:57,879 - INFO - Iteracja 4: condition_best: p1_polarisable <= 0.77, quality_best: 0.551, coverage_best: (p=21, n=2, P=47, N=27)
2025-03-05 17:50:57,880 - INFO - Regula po iteracji 4: IF p2_size <= 0.18 AND p1_polar <= 0.80 AND p1_polar <= 0.60 AND p1_pi_acceptor <= 0.30 AND p1_polarisable <= 0.77 THEN class = {0.59} [0.47, 0.71], (p=21, n=2, P=47, N=27)
2025-03-05 17:50:57,880 - INFO - *****GROWING RR RULE*****
2025-03-05 17:50:57,896 - INFO - Iteracja 0: condition_best: None, quality_best: -inf, coverage_best: (p=0, n=0, P=0, N=0), p_value: 0
2025-03-05 17:50:57,896 - INFO - Regula po iteracji 0: IF  THEN class = {0.66} [0.53, 0.79], (p=59, n=15, P=59, N=15)
2025-03-05 17:50:57,896 - INFO - *****STOP GROWING RR RULE*****
2025-03-05 17:50:57,896 - INFO - ***RR NOT FOUND***
2025-03-05 17:50:57,896 - INFO - *******STOP GROWING CR RULE*******
2025-03-05 17:50:57,896 - INFO - *******GROWING CR RULE*******
2025-03-05 17:50:57,905 - INFO - Iteracja 0: condition_best: p3_pi_doner >= 0.30, quality_best: 0.491, coverage_best: (p=15, n=1, P=54, N=20)
2025-03-05 17:50:57,905 - INFO - Regula po iteracji 0: IF p3_pi_doner >= 0.30 THEN class = {0.77} [0.58, 0.96], (p=15, n=1, P=54, N=20)
2025-03-05 17:50:57,905 - INFO - *****GROWING RR RULE*****
2025-03-05 17:50:57,921 - INFO - Iteracja 0: condition_best: None, quality_best: -inf, coverage_best: (p=0, n=0, P=0, N=0), p_value: 0
2025-03-05 17:50:57,921 - INFO - Regula po iteracji 0: IF  THEN class = {0.66} [0.53, 0.79], (p=59, n=15, P=59, N=15)
2025-03-05 17:50:57,921 - INFO - *****STOP GROWING RR RULE*****
2025-03-05 17:50:57,921 - INFO - ***RR NOT FOUND***
2025-03-05 17:50:57,926 - INFO - Iteracja 1: condition_best: p2_polar >= 0.34, quality_best: 0.761, coverage_best: (p=10, n=1, P=14, N=60)
2025-03-05 17:50:57,926 - INFO - Regula po iteracji 1: IF p3_pi_doner >= 0.30 AND p2_polar >= 0.34 THEN class = {0.83} [0.76, 0.90], (p=10, n=1, P=14, N=60)
2025-03-05 17:50:57,926 - INFO - *****GROWING RR RULE*****
2025-03-05 17:50:57,942 - INFO - Iteracja 0: condition_best: None, quality_best: -inf, coverage_best: (p=0, n=0, P=0, N=0), p_value: 0
2025-03-05 17:50:57,942 - INFO - Regula po iteracji 0: IF  THEN class = {0.66} [0.53, 0.79], (p=59, n=15, P=59, N=15)
2025-03-05 17:50:57,942 - INFO - *****STOP GROWING RR RULE*****
2025-03-05 17:50:57,942 - INFO - ***RR NOT FOUND***
2025-03-05 17:50:57,946 - INFO - Iteracja 2: condition_best: p2_polarisable <= 0.70, quality_best: 0.72, coverage_best: (p=9, n=1, P=14, N=60)
2025-03-05 17:50:57,946 - INFO - Regula po iteracji 2: IF p3_pi_doner >= 0.30 AND p2_polar >= 0.34 AND p2_polarisable <= 0.70 THEN class = {0.83} [0.76, 0.91], (p=9, n=1, P=14, N=60)
2025-03-05 17:50:57,946 - INFO - *****GROWING RR RULE*****
2025-03-05 17:50:57,962 - INFO - Iteracja 0: condition_best: None, quality_best: -inf, coverage_best: (p=0, n=0, P=0, N=0), p_value: 0
2025-03-05 17:50:57,962 - INFO - Regula po iteracji 0: IF  THEN class = {0.66} [0.53, 0.79], (p=59, n=15, P=59, N=15)
2025-03-05 17:50:57,962 - INFO - *****STOP GROWING RR RULE*****
2025-03-05 17:50:57,962 - INFO - ***RR NOT FOUND***
2025-03-05 17:50:57,965 - INFO - Iteracja 3: condition_best: p2_size <= 0.66, quality_best: 0.75, coverage_best: (p=5, n=1, P=6, N=68)
2025-03-05 17:50:57,965 - INFO - Regula po iteracji 3: IF p3_pi_doner >= 0.30 AND p2_polar >= 0.34 AND p2_polarisable <= 0.70 AND p2_size <= 0.66 THEN class = {0.89} [0.86, 0.91], (p=5, n=1, P=6, N=68)
2025-03-05 17:50:57,966 - INFO - *****GROWING RR RULE*****
2025-03-05 17:50:57,982 - INFO - Iteracja 0: condition_best: None, quality_best: -inf, coverage_best: (p=0, n=0, P=0, N=0), p_value: 0
2025-03-05 17:50:57,982 - INFO - Regula po iteracji 0: IF  THEN class = {0.66} [0.53, 0.79], (p=59, n=15, P=59, N=15)
2025-03-05 17:50:57,982 - INFO - *****STOP GROWING RR RULE*****
2025-03-05 17:50:57,982 - INFO - ***RR NOT FOUND***
2025-03-05 17:50:57,985 - INFO - Iteracja 4: condition_best: p1_sigma <= 0.50, quality_best: 0.612, coverage_best: (p=4, n=1, P=7, N=67)
2025-03-05 17:50:57,985 - INFO - Regula po iteracji 4: IF p3_pi_doner >= 0.30 AND p2_polar >= 0.34 AND p2_polarisable <= 0.70 AND p2_size <= 0.66 AND p1_sigma <= 0.50 THEN class = {0.88} [0.86, 0.91], (p=4, n=1, P=7, N=67)
2025-03-05 17:50:57,985 - INFO - *****GROWING RR RULE*****
2025-03-05 17:50:58,001 - INFO - Iteracja 0: condition_best: None, quality_best: -inf, coverage_best: (p=0, n=0, P=0, N=0), p_value: 0
2025-03-05 17:50:58,001 - INFO - Regula po iteracji 0: IF  THEN class = {0.66} [0.53, 0.79], (p=59, n=15, P=59, N=15)
2025-03-05 17:50:58,001 - INFO - *****STOP GROWING RR RULE*****
2025-03-05 17:50:58,001 - INFO - ***RR NOT FOUND***
2025-03-05 17:50:58,001 - INFO - *******STOP GROWING CR RULE*******
2025-03-05 17:50:58,002 - INFO - *******GROWING CR RULE*******
2025-03-05 17:50:58,010 - INFO - Iteracja 0: condition_best: p3_size >= 0.23, quality_best: 0.481, coverage_best: (p=20, n=2, P=52, N=22)
2025-03-05 17:50:58,011 - INFO - Regula po iteracji 0: IF p3_size >= 0.23 THEN class = {0.76} [0.59, 0.93], (p=20, n=2, P=52, N=22)
2025-03-05 17:50:58,011 - INFO - *****GROWING RR RULE*****
2025-03-05 17:50:58,026 - INFO - Iteracja 0: condition_best: None, quality_best: -inf, coverage_best: (p=0, n=0, P=0, N=0), p_value: 0
2025-03-05 17:50:58,027 - INFO - Regula po iteracji 0: IF  THEN class = {0.66} [0.53, 0.79], (p=59, n=15, P=59, N=15)
2025-03-05 17:50:58,027 - INFO - *****STOP GROWING RR RULE*****
2025-03-05 17:50:58,027 - INFO - ***RR NOT FOUND***
2025-03-05 17:50:58,032 - INFO - Iteracja 1: condition_best: p1_flex <= 0.20, quality_best: 0.577, coverage_best: (p=18, n=1, P=49, N=25)
2025-03-05 17:50:58,032 - INFO - Regula po iteracji 1: IF p3_size >= 0.23 AND p1_flex <= 0.20 THEN class = {0.77} [0.60, 0.95], (p=18, n=1, P=49, N=25)
2025-03-05 17:50:58,032 - INFO - *****GROWING RR RULE*****
2025-03-05 17:50:58,048 - INFO - Iteracja 0: condition_best: None, quality_best: -inf, coverage_best: (p=0, n=0, P=0, N=0), p_value: 0
2025-03-05 17:50:58,048 - INFO - Regula po iteracji 0: IF  THEN class = {0.66} [0.53, 0.79], (p=59, n=15, P=59, N=15)
2025-03-05 17:50:58,048 - INFO - *****STOP GROWING RR RULE*****
2025-03-05 17:50:58,048 - INFO - ***RR NOT FOUND***
2025-03-05 17:50:58,053 - INFO - Iteracja 2: condition_best: p2_polarisable <= 0.70, quality_best: 0.555, coverage_best: (p=17, n=1, P=50, N=24)
2025-03-05 17:50:58,053 - INFO - Regula po iteracji 2: IF p3_size >= 0.23 AND p1_flex <= 0.20 AND p2_polarisable <= 0.70 THEN class = {0.77} [0.59, 0.95], (p=17, n=1, P=50, N=24)
2025-03-05 17:50:58,054 - INFO - *****GROWING RR RULE*****
2025-03-05 17:50:58,069 - INFO - Iteracja 0: condition_best: None, quality_best: -inf, coverage_best: (p=0, n=0, P=0, N=0), p_value: 0
2025-03-05 17:50:58,070 - INFO - Regula po iteracji 0: IF  THEN class = {0.66} [0.53, 0.79], (p=59, n=15, P=59, N=15)
2025-03-05 17:50:58,070 - INFO - *****STOP GROWING RR RULE*****
2025-03-05 17:50:58,070 - INFO - ***RR NOT FOUND***
2025-03-05 17:50:58,075 - INFO - Iteracja 3: condition_best: p2_flex <= 0.80, quality_best: 0.517, coverage_best: (p=15, n=1, P=51, N=23)
2025-03-05 17:50:58,075 - INFO - Regula po iteracji 3: IF p3_size >= 0.23 AND p1_flex <= 0.20 AND p2_polarisable <= 0.70 AND p2_flex <= 0.80 THEN class = {0.78} [0.59, 0.97], (p=15, n=1, P=51, N=23)
2025-03-05 17:50:58,075 - INFO - *****GROWING RR RULE*****
2025-03-05 17:50:58,091 - INFO - Iteracja 0: condition_best: None, quality_best: -inf, coverage_best: (p=0, n=0, P=0, N=0), p_value: 0
2025-03-05 17:50:58,091 - INFO - Regula po iteracji 0: IF  THEN class = {0.66} [0.53, 0.79], (p=59, n=15, P=59, N=15)
2025-03-05 17:50:58,091 - INFO - *****STOP GROWING RR RULE*****
2025-03-05 17:50:58,091 - INFO - ***RR NOT FOUND***
2025-03-05 17:50:58,096 - INFO - Iteracja 4: condition_best: p2_size >= 0.18, quality_best: 0.554, coverage_best: (p=9, n=4, P=12, N=62)
2025-03-05 17:50:58,096 - INFO - Regula po iteracji 4: IF p3_size >= 0.23 AND p1_flex <= 0.20 AND p2_polarisable <= 0.70 AND p2_flex <= 0.80 AND p2_size >= 0.18 THEN class = {0.84} [0.77, 0.90], (p=9, n=4, P=12, N=62)
2025-03-05 17:50:58,096 - INFO - *****GROWING RR RULE*****
2025-03-05 17:50:58,112 - INFO - Iteracja 0: condition_best: None, quality_best: -inf, coverage_best: (p=0, n=0, P=0, N=0), p_value: 0
2025-03-05 17:50:58,112 - INFO - Regula po iteracji 0: IF  THEN class = {0.66} [0.53, 0.79], (p=59, n=15, P=59, N=15)
2025-03-05 17:50:58,112 - INFO - *****STOP GROWING RR RULE*****
2025-03-05 17:50:58,112 - INFO - ***RR NOT FOUND***
2025-03-05 17:50:58,112 - INFO - *******STOP GROWING CR RULE*******
2025-03-05 17:50:58,113 - INFO - *******GROWING CR RULE*******
2025-03-05 17:50:58,121 - INFO - Iteracja 0: condition_best: p1_sigma <= 0.18, quality_best: 0.468, coverage_best: (p=23, n=5, P=41, N=33)
2025-03-05 17:50:58,121 - INFO - Regula po iteracji 0: IF p1_sigma <= 0.18 THEN class = {0.60} [0.53, 0.66], (p=23, n=5, P=41, N=33)
2025-03-05 17:50:58,122 - INFO - *****GROWING RR RULE*****
2025-03-05 17:50:58,137 - INFO - Iteracja 0: condition_best: None, quality_best: -inf, coverage_best: (p=0, n=0, P=0, N=0), p_value: 0
2025-03-05 17:50:58,138 - INFO - Regula po iteracji 0: IF  THEN class = {0.66} [0.53, 0.79], (p=59, n=15, P=59, N=15)
2025-03-05 17:50:58,138 - INFO - *****STOP GROWING RR RULE*****
2025-03-05 17:50:58,138 - INFO - ***RR NOT FOUND***
2025-03-05 17:50:58,143 - INFO - Iteracja 1: condition_best: p2_h_doner <= 0.70, quality_best: 0.497, coverage_best: (p=21, n=4, P=40, N=34)
2025-03-05 17:50:58,143 - INFO - Regula po iteracji 1: IF p1_sigma <= 0.18 AND p2_h_doner <= 0.70 THEN class = {0.59} [0.53, 0.66], (p=21, n=4, P=40, N=34)
2025-03-05 17:50:58,143 - INFO - *****GROWING RR RULE*****
2025-03-05 17:50:58,159 - INFO - Iteracja 0: condition_best: None, quality_best: -inf, coverage_best: (p=0, n=0, P=0, N=0), p_value: 0
2025-03-05 17:50:58,159 - INFO - Regula po iteracji 0: IF  THEN class = {0.66} [0.53, 0.79], (p=59, n=15, P=59, N=15)
2025-03-05 17:50:58,159 - INFO - *****STOP GROWING RR RULE*****
2025-03-05 17:50:58,159 - INFO - ***RR NOT FOUND***
2025-03-05 17:50:58,164 - INFO - Iteracja 2: condition_best: p2_size <= 0.66, quality_best: 0.484, coverage_best: (p=18, n=4, P=36, N=38)
2025-03-05 17:50:58,164 - INFO - Regula po iteracji 2: IF p1_sigma <= 0.18 AND p2_h_doner <= 0.70 AND p2_size <= 0.66 THEN class = {0.60} [0.54, 0.66], (p=18, n=4, P=36, N=38)
2025-03-05 17:50:58,164 - INFO - *****GROWING RR RULE*****
2025-03-05 17:50:58,180 - INFO - Iteracja 0: condition_best: None, quality_best: -inf, coverage_best: (p=0, n=0, P=0, N=0), p_value: 0
2025-03-05 17:50:58,180 - INFO - Regula po iteracji 0: IF  THEN class = {0.66} [0.53, 0.79], (p=59, n=15, P=59, N=15)
2025-03-05 17:50:58,180 - INFO - *****STOP GROWING RR RULE*****
2025-03-05 17:50:58,180 - INFO - ***RR NOT FOUND***
2025-03-05 17:50:58,185 - INFO - Iteracja 3: condition_best: p1_size <= 0.34, quality_best: 0.485, coverage_best: (p=14, n=3, P=33, N=41)
2025-03-05 17:50:58,185 - INFO - Regula po iteracji 3: IF p1_sigma <= 0.18 AND p2_h_doner <= 0.70 AND p2_size <= 0.66 AND p1_size <= 0.34 THEN class = {0.60} [0.55, 0.65], (p=14, n=3, P=33, N=41)
2025-03-05 17:50:58,185 - INFO - *****GROWING RR RULE*****
2025-03-05 17:50:58,201 - INFO - Iteracja 0: condition_best: None, quality_best: -inf, coverage_best: (p=0, n=0, P=0, N=0), p_value: 0
2025-03-05 17:50:58,201 - INFO - Regula po iteracji 0: IF  THEN class = {0.66} [0.53, 0.79], (p=59, n=15, P=59, N=15)
2025-03-05 17:50:58,201 - INFO - *****STOP GROWING RR RULE*****
2025-03-05 17:50:58,201 - INFO - ***RR NOT FOUND***
2025-03-05 17:50:58,205 - INFO - Iteracja 4: condition_best: p2_size >= 0.18, quality_best: 0.482, coverage_best: (p=11, n=2, P=33, N=41)
2025-03-05 17:50:58,205 - INFO - Regula po iteracji 4: IF p1_sigma <= 0.18 AND p2_h_doner <= 0.70 AND p2_size <= 0.66 AND p1_size <= 0.34 AND p2_size >= 0.18 THEN class = {0.60} [0.55, 0.65], (p=11, n=2, P=33, N=41)
2025-03-05 17:50:58,205 - INFO - *****GROWING RR RULE*****
2025-03-05 17:50:58,221 - INFO - Iteracja 0: condition_best: None, quality_best: -inf, coverage_best: (p=0, n=0, P=0, N=0), p_value: 0
2025-03-05 17:50:58,221 - INFO - Regula po iteracji 0: IF  THEN class = {0.66} [0.53, 0.79], (p=59, n=15, P=59, N=15)
2025-03-05 17:50:58,221 - INFO - *****STOP GROWING RR RULE*****
2025-03-05 17:50:58,221 - INFO - ***RR NOT FOUND***
2025-03-05 17:50:58,221 - INFO - *******STOP GROWING CR RULE*******
2025-03-05 17:50:58,222 - INFO - *******GROWING CR RULE*******
2025-03-05 17:50:58,230 - INFO - Iteracja 0: condition_best: p3_size <= 0.50, quality_best: 0.376, coverage_best: (p=53, n=8, P=58, N=16)
2025-03-05 17:50:58,230 - INFO - Regula po iteracji 0: IF p3_size <= 0.50 THEN class = {0.64} [0.51, 0.76], (p=53, n=8, P=58, N=16)
2025-03-05 17:50:58,230 - INFO - *****GROWING RR RULE*****
2025-03-05 17:50:58,246 - INFO - Iteracja 0: condition_best: None, quality_best: -inf, coverage_best: (p=0, n=0, P=0, N=0), p_value: 0
2025-03-05 17:50:58,246 - INFO - Regula po iteracji 0: IF  THEN class = {0.66} [0.53, 0.79], (p=59, n=15, P=59, N=15)
2025-03-05 17:50:58,246 - INFO - *****STOP GROWING RR RULE*****
2025-03-05 17:50:58,246 - INFO - ***RR NOT FOUND***
2025-03-05 17:50:58,254 - INFO - Iteracja 1: condition_best: p2_size <= 0.82, quality_best: 0.462, coverage_best: (p=52, n=7, P=57, N=17)
2025-03-05 17:50:58,254 - INFO - Regula po iteracji 1: IF p3_size <= 0.50 AND p2_size <= 0.82 THEN class = {0.64} [0.52, 0.76], (p=52, n=7, P=57, N=17)
2025-03-05 17:50:58,254 - INFO - *****GROWING RR RULE*****
2025-03-05 17:50:58,270 - INFO - Iteracja 0: condition_best: None, quality_best: -inf, coverage_best: (p=0, n=0, P=0, N=0), p_value: 0
2025-03-05 17:50:58,270 - INFO - Regula po iteracji 0: IF  THEN class = {0.66} [0.53, 0.79], (p=59, n=15, P=59, N=15)
2025-03-05 17:50:58,270 - INFO - *****STOP GROWING RR RULE*****
2025-03-05 17:50:58,270 - INFO - ***RR NOT FOUND***
2025-03-05 17:50:58,278 - INFO - Iteracja 2: condition_best: p3_sigma <= 0.77, quality_best: 0.554, coverage_best: (p=52, n=6, P=56, N=18)
2025-03-05 17:50:58,278 - INFO - Regula po iteracji 2: IF p3_size <= 0.50 AND p2_size <= 0.82 AND p3_sigma <= 0.77 THEN class = {0.64} [0.52, 0.75], (p=52, n=6, P=56, N=18)
2025-03-05 17:50:58,278 - INFO - *****GROWING RR RULE*****
2025-03-05 17:50:58,294 - INFO - Iteracja 0: condition_best: None, quality_best: -inf, coverage_best: (p=0, n=0, P=0, N=0), p_value: 0
2025-03-05 17:50:58,294 - INFO - Regula po iteracji 0: IF  THEN class = {0.66} [0.53, 0.79], (p=59, n=15, P=59, N=15)
2025-03-05 17:50:58,294 - INFO - *****STOP GROWING RR RULE*****
2025-03-05 17:50:58,294 - INFO - ***RR NOT FOUND***
2025-03-05 17:50:58,302 - INFO - Iteracja 3: condition_best: p2_polarisable <= 0.70, quality_best: 0.593, coverage_best: (p=50, n=5, P=56, N=18)
2025-03-05 17:50:58,302 - INFO - Regula po iteracji 3: IF p3_size <= 0.50 AND p2_size <= 0.82 AND p3_sigma <= 0.77 AND p2_polarisable <= 0.70 THEN class = {0.64} [0.52, 0.75], (p=50, n=5, P=56, N=18)
2025-03-05 17:50:58,302 - INFO - *****GROWING RR RULE*****
2025-03-05 17:50:58,318 - INFO - Iteracja 0: condition_best: None, quality_best: -inf, coverage_best: (p=0, n=0, P=0, N=0), p_value: 0
2025-03-05 17:50:58,318 - INFO - Regula po iteracji 0: IF  THEN class = {0.66} [0.53, 0.79], (p=59, n=15, P=59, N=15)
2025-03-05 17:50:58,318 - INFO - *****STOP GROWING RR RULE*****
2025-03-05 17:50:58,318 - INFO - ***RR NOT FOUND***
2025-03-05 17:50:58,325 - INFO - Iteracja 4: condition_best: p1_pi_acceptor <= 0.70, quality_best: 0.581, coverage_best: (p=49, n=5, P=56, N=18)
2025-03-05 17:50:58,325 - INFO - Regula po iteracji 4: IF p3_size <= 0.50 AND p2_size <= 0.82 AND p3_sigma <= 0.77 AND p2_polarisable <= 0.70 AND p1_pi_acceptor <= 0.70 THEN class = {0.64} [0.52, 0.76], (p=49, n=5, P=56, N=18)
2025-03-05 17:50:58,326 - INFO - *****GROWING RR RULE*****
2025-03-05 17:50:58,341 - INFO - Iteracja 0: condition_best: None, quality_best: -inf, coverage_best: (p=0, n=0, P=0, N=0), p_value: 0
2025-03-05 17:50:58,341 - INFO - Regula po iteracji 0: IF  THEN class = {0.66} [0.53, 0.79], (p=59, n=15, P=59, N=15)
2025-03-05 17:50:58,342 - INFO - *****STOP GROWING RR RULE*****
2025-03-05 17:50:58,342 - INFO - ***RR NOT FOUND***
2025-03-05 17:50:58,342 - INFO - *******STOP GROWING CR RULE*******
2025-03-05 17:50:58,343 - INFO - *******GROWING CR RULE*******
2025-03-05 17:50:58,351 - INFO - Iteracja 0: condition_best: p3_polarisable >= 0.77, quality_best: 1.0, coverage_best: (p=2, n=0, P=2, N=72)
2025-03-05 17:50:58,351 - INFO - Regula po iteracji 0: IF p3_polarisable >= 0.77 THEN class = {0.89} [0.89, 0.89], (p=2, n=0, P=2, N=72)
2025-03-05 17:50:58,351 - INFO - *****GROWING RR RULE*****
2025-03-05 17:50:58,367 - INFO - Iteracja 0: condition_best: None, quality_best: -inf, coverage_best: (p=0, n=0, P=0, N=0), p_value: 0
2025-03-05 17:50:58,367 - INFO - Regula po iteracji 0: IF  THEN class = {0.66} [0.53, 0.79], (p=59, n=15, P=59, N=15)
2025-03-05 17:50:58,367 - INFO - *****STOP GROWING RR RULE*****
2025-03-05 17:50:58,367 - INFO - ***RR NOT FOUND***
2025-03-05 17:50:58,369 - INFO - Iteracja 1: condition_best: p2_polar <= 0.50, quality_best: 0.75, coverage_best: (p=1, n=0, P=2, N=72)
2025-03-05 17:50:58,369 - INFO - Regula po iteracji 1: IF p3_polarisable >= 0.77 AND p2_polar <= 0.50 THEN class = {0.89} [0.89, 0.89], (p=1, n=0, P=2, N=72)
2025-03-05 17:50:58,369 - INFO - *****GROWING RR RULE*****
2025-03-05 17:50:58,385 - INFO - Iteracja 0: condition_best: None, quality_best: -inf, coverage_best: (p=0, n=0, P=0, N=0), p_value: 0
2025-03-05 17:50:58,385 - INFO - Regula po iteracji 0: IF  THEN class = {0.66} [0.53, 0.79], (p=59, n=15, P=59, N=15)
2025-03-05 17:50:58,385 - INFO - *****STOP GROWING RR RULE*****
2025-03-05 17:50:58,385 - INFO - ***RR NOT FOUND***
2025-03-05 17:50:58,386 - INFO - Iteracja 2: condition_best: None, quality_best: -inf, coverage_best: (p=0, n=0, P=0, N=0)
2025-03-05 17:50:58,386 - INFO - Regula po iteracji 2: IF p3_polarisable >= 0.77 AND p2_polar <= 0.50 THEN class = {0.89} [0.89, 0.89], (p=1, n=0, P=2, N=72)
2025-03-05 17:50:58,386 - INFO - *******STOP GROWING CR RULE*******
2025-03-05 17:50:58,388 - INFO - ************************Finished experiment for pyrim.arff with algorithm4************************
2025-03-05 17:50:58,388 - INFO - *************************************************************************************************************************
2025-03-05 17:50:58,388 - INFO - *************************************************************************************************************************
2025-03-05 17:50:58,388 - INFO - *************************************************************************************************************************
