2025-03-05 13:03:09,773 - INFO - **********Starting experiment for 18_GBSG2.arff with algorithm3**********
2025-03-05 13:03:09,784 - INFO - *******GROWING CR RULE*******
2025-03-05 13:03:18,497 - INFO - Iteracja 0: condition_best: pnodes <= 9.50, quality_best: 1.0, coverage_best: (p=583, n=0, P=686, N=0)
2025-03-05 13:03:18,506 - INFO - Regula po iteracji 0: IF pnodes <= 9.50 THEN survival_status = {nan}, (p=583, n=0, P=686, N=0)
2025-03-05 13:03:18,506 - INFO - *****GROWING RR RULE*****
2025-03-05 13:03:42,324 - INFO - Iteracja 0: condition_best: None, quality_best: -inf, coverage_best: (p=0, n=0, P=0, N=0), p_value: 0
2025-03-05 13:03:42,329 - INFO - Regula po iteracji 0: IF  THEN survival_status = {nan}, (p=686, n=0, P=686, N=0)
2025-03-05 13:03:42,329 - INFO - *****STOP GROWING RR RULE*****
2025-03-05 13:03:42,329 - INFO - ***RR NOT FOUND***
2025-03-05 13:03:50,536 - INFO - Iteracja 1: condition_best: age >= 23.00, quality_best: 1.0, coverage_best: (p=582, n=0, P=686, N=0)
2025-03-05 13:03:50,544 - INFO - Regula po iteracji 1: IF pnodes <= 9.50 AND age >= 23.00 THEN survival_status = {2030.0}, (p=582, n=0, P=686, N=0)
2025-03-05 13:03:50,544 - INFO - *****GROWING RR RULE*****
2025-03-05 13:04:14,338 - INFO - Iteracja 0: condition_best: None, quality_best: -inf, coverage_best: (p=0, n=0, P=0, N=0), p_value: 0
2025-03-05 13:04:14,343 - INFO - Regula po iteracji 0: IF  THEN survival_status = {nan}, (p=686, n=0, P=686, N=0)
2025-03-05 13:04:14,343 - INFO - *****STOP GROWING RR RULE*****
2025-03-05 13:04:14,343 - INFO - ***RR NOT FOUND***
2025-03-05 13:04:22,686 - INFO - Iteracja 2: condition_best: age >= 26.00, quality_best: 1.0, coverage_best: (p=580, n=0, P=686, N=0)
2025-03-05 13:04:22,695 - INFO - Regula po iteracji 2: IF pnodes <= 9.50 AND age >= 23.00 AND age >= 26.00 THEN survival_status = {2030.0}, (p=580, n=0, P=686, N=0)
2025-03-05 13:04:22,695 - INFO - *****GROWING RR RULE*****
2025-03-05 13:04:46,433 - INFO - Iteracja 0: condition_best: None, quality_best: -inf, coverage_best: (p=0, n=0, P=0, N=0), p_value: 0
2025-03-05 13:04:46,438 - INFO - Regula po iteracji 0: IF  THEN survival_status = {nan}, (p=686, n=0, P=686, N=0)
2025-03-05 13:04:46,438 - INFO - *****STOP GROWING RR RULE*****
2025-03-05 13:04:46,438 - INFO - ***RR NOT FOUND***
2025-03-05 13:04:54,905 - INFO - Iteracja 3: condition_best: age <= 79.50, quality_best: 1.0, coverage_best: (p=579, n=0, P=686, N=0)
2025-03-05 13:04:54,913 - INFO - Regula po iteracji 3: IF pnodes <= 9.50 AND age >= 23.00 AND age >= 26.00 AND age <= 79.50 THEN survival_status = {2034.0}, (p=579, n=0, P=686, N=0)
2025-03-05 13:04:54,914 - INFO - *****GROWING RR RULE*****
2025-03-05 13:05:18,652 - INFO - Iteracja 0: condition_best: None, quality_best: -inf, coverage_best: (p=0, n=0, P=0, N=0), p_value: 0
2025-03-05 13:05:18,657 - INFO - Regula po iteracji 0: IF  THEN survival_status = {nan}, (p=686, n=0, P=686, N=0)
2025-03-05 13:05:18,657 - INFO - *****STOP GROWING RR RULE*****
2025-03-05 13:05:18,657 - INFO - ***RR NOT FOUND***
2025-03-05 13:05:27,148 - INFO - Iteracja 4: condition_best: age <= 78.00, quality_best: 1.0, coverage_best: (p=578, n=0, P=686, N=0)
2025-03-05 13:05:27,157 - INFO - Regula po iteracji 4: IF pnodes <= 9.50 AND age >= 23.00 AND age >= 26.00 AND age <= 79.50 AND age <= 78.00 THEN survival_status = {2034.0}, (p=578, n=0, P=686, N=0)
2025-03-05 13:05:27,158 - INFO - *****GROWING RR RULE*****
2025-03-05 13:05:50,845 - INFO - Iteracja 0: condition_best: None, quality_best: -inf, coverage_best: (p=0, n=0, P=0, N=0), p_value: 0
2025-03-05 13:05:50,850 - INFO - Regula po iteracji 0: IF  THEN survival_status = {nan}, (p=686, n=0, P=686, N=0)
2025-03-05 13:05:50,850 - INFO - *****STOP GROWING RR RULE*****
2025-03-05 13:05:50,850 - INFO - ***RR NOT FOUND***
2025-03-05 13:05:50,850 - INFO - *******STOP GROWING CR RULE*******
2025-03-05 13:05:50,874 - INFO - *******GROWING CR RULE*******
2025-03-05 13:05:56,971 - INFO - Iteracja 0: condition_best: pnodes >= 4.50, quality_best: 1.0, coverage_best: (p=253, n=0, P=686, N=0)
2025-03-05 13:05:56,980 - INFO - Regula po iteracji 0: IF pnodes >= 4.50 THEN survival_status = {nan}, (p=253, n=0, P=686, N=0)
2025-03-05 13:05:56,980 - INFO - *****GROWING RR RULE*****
2025-03-05 13:06:16,989 - INFO - Iteracja 0: condition_best: progrec <= 2.50, quality_best: 1.0, coverage_best: (p=129, n=0, P=686, N=0), p_value: 0.935
2025-03-05 13:06:16,998 - INFO - Regula po iteracji 0: IF progrec <= 2.50 THEN survival_status = {nan}, (p=129, n=0, P=686, N=0)
2025-03-05 13:06:20,619 - INFO - Iteracja 1: condition_best: age >= 28.50, quality_best: 1.0, coverage_best: (p=128, n=0, P=686, N=0), p_value: 0.998
2025-03-05 13:06:20,627 - INFO - Regula po iteracji 1: IF progrec <= 2.50 AND age >= 28.50 THEN survival_status = {891.0}, (p=128, n=0, P=686, N=0)
2025-03-05 13:06:24,274 - INFO - Iteracja 2: condition_best: None, quality_best: -inf, coverage_best: (p=0, n=0, P=0, N=0), p_value: 0.998
2025-03-05 13:06:24,281 - INFO - Regula po iteracji 2: IF progrec <= 2.50 AND age >= 28.50 THEN survival_status = {956.0}, (p=128, n=0, P=686, N=0)
2025-03-05 13:06:24,281 - INFO - *****STOP GROWING RR RULE*****
2025-03-05 13:06:24,281 - INFO - ***RR FOUND***
2025-03-05 13:06:24,281 - INFO - Reference rule: IF progrec <= 2.50 THEN survival_status = {956.0}
2025-03-05 13:06:24,281 - INFO - ***CHECKING EXCEPTION***
2025-03-05 13:06:24,284 - INFO - ER vs CR p_value: 0.016070435177100273
2025-03-05 13:06:24,284 - INFO - ER vs RR p_value: 0.03703839398700637
2025-03-05 13:06:24,310 - INFO - ***ER FOUND***
2025-03-05 13:06:24,310 - INFO - Exception rule: IF pnodes >= 4.50 AND progrec <= 2.50 THEN survival_status = {624.0} (p=63, n=0, P=686, N=0)
2025-03-05 13:06:24,310 - INFO - *******STOP GROWING CR RULE*******
2025-03-05 13:06:24,317 - INFO - *******GROWING CR RULE*******
2025-03-05 13:06:29,869 - INFO - Iteracja 0: condition_best: pnodes <= 9.50, quality_best: 1.0, coverage_best: (p=583, n=0, P=686, N=0)
2025-03-05 13:06:29,877 - INFO - Regula po iteracji 0: IF pnodes <= 9.50 THEN survival_status = {nan}, (p=583, n=0, P=686, N=0)
2025-03-05 13:06:29,877 - INFO - *****GROWING RR RULE*****
2025-03-05 13:06:53,581 - INFO - Iteracja 0: condition_best: None, quality_best: -inf, coverage_best: (p=0, n=0, P=0, N=0), p_value: 0
2025-03-05 13:06:53,586 - INFO - Regula po iteracji 0: IF  THEN survival_status = {nan}, (p=686, n=0, P=686, N=0)
2025-03-05 13:06:53,586 - INFO - *****STOP GROWING RR RULE*****
2025-03-05 13:06:53,586 - INFO - ***RR NOT FOUND***
2025-03-05 13:06:58,983 - INFO - Iteracja 1: condition_best: age >= 23.00, quality_best: 1.0, coverage_best: (p=582, n=0, P=686, N=0)
2025-03-05 13:06:58,992 - INFO - Regula po iteracji 1: IF pnodes <= 9.50 AND age >= 23.00 THEN survival_status = {2030.0}, (p=582, n=0, P=686, N=0)
2025-03-05 13:06:58,992 - INFO - *****GROWING RR RULE*****
2025-03-05 13:07:22,700 - INFO - Iteracja 0: condition_best: None, quality_best: -inf, coverage_best: (p=0, n=0, P=0, N=0), p_value: 0
2025-03-05 13:07:22,706 - INFO - Regula po iteracji 0: IF  THEN survival_status = {nan}, (p=686, n=0, P=686, N=0)
2025-03-05 13:07:22,706 - INFO - *****STOP GROWING RR RULE*****
2025-03-05 13:07:22,706 - INFO - ***RR NOT FOUND***
2025-03-05 13:07:28,267 - INFO - Iteracja 2: condition_best: age >= 26.00, quality_best: 1.0, coverage_best: (p=580, n=0, P=686, N=0)
2025-03-05 13:07:28,276 - INFO - Regula po iteracji 2: IF pnodes <= 9.50 AND age >= 23.00 AND age >= 26.00 THEN survival_status = {2030.0}, (p=580, n=0, P=686, N=0)
2025-03-05 13:07:28,276 - INFO - *****GROWING RR RULE*****
2025-03-05 13:07:51,963 - INFO - Iteracja 0: condition_best: None, quality_best: -inf, coverage_best: (p=0, n=0, P=0, N=0), p_value: 0
2025-03-05 13:07:51,968 - INFO - Regula po iteracji 0: IF  THEN survival_status = {nan}, (p=686, n=0, P=686, N=0)
2025-03-05 13:07:51,968 - INFO - *****STOP GROWING RR RULE*****
2025-03-05 13:07:51,968 - INFO - ***RR NOT FOUND***
2025-03-05 13:07:57,645 - INFO - Iteracja 3: condition_best: age <= 79.50, quality_best: 1.0, coverage_best: (p=579, n=0, P=686, N=0)
2025-03-05 13:07:57,654 - INFO - Regula po iteracji 3: IF pnodes <= 9.50 AND age >= 23.00 AND age >= 26.00 AND age <= 79.50 THEN survival_status = {2034.0}, (p=579, n=0, P=686, N=0)
2025-03-05 13:07:57,654 - INFO - *****GROWING RR RULE*****
2025-03-05 13:08:21,416 - INFO - Iteracja 0: condition_best: None, quality_best: -inf, coverage_best: (p=0, n=0, P=0, N=0), p_value: 0
2025-03-05 13:08:21,422 - INFO - Regula po iteracji 0: IF  THEN survival_status = {nan}, (p=686, n=0, P=686, N=0)
2025-03-05 13:08:21,422 - INFO - *****STOP GROWING RR RULE*****
2025-03-05 13:08:21,422 - INFO - ***RR NOT FOUND***
2025-03-05 13:08:27,177 - INFO - Iteracja 4: condition_best: age <= 78.00, quality_best: 1.0, coverage_best: (p=578, n=0, P=686, N=0)
2025-03-05 13:08:27,186 - INFO - Regula po iteracji 4: IF pnodes <= 9.50 AND age >= 23.00 AND age >= 26.00 AND age <= 79.50 AND age <= 78.00 THEN survival_status = {2034.0}, (p=578, n=0, P=686, N=0)
2025-03-05 13:08:27,186 - INFO - *****GROWING RR RULE*****
2025-03-05 13:08:50,896 - INFO - Iteracja 0: condition_best: None, quality_best: -inf, coverage_best: (p=0, n=0, P=0, N=0), p_value: 0
2025-03-05 13:08:50,901 - INFO - Regula po iteracji 0: IF  THEN survival_status = {nan}, (p=686, n=0, P=686, N=0)
2025-03-05 13:08:50,901 - INFO - *****STOP GROWING RR RULE*****
2025-03-05 13:08:50,901 - INFO - ***RR NOT FOUND***
2025-03-05 13:08:50,901 - INFO - *******STOP GROWING CR RULE*******
2025-03-05 13:08:51,060 - INFO - ************************Finished experiment for 18_GBSG2.arff with algorithm3************************
2025-03-05 13:08:51,060 - INFO - *************************************************************************************************************************
2025-03-05 13:08:51,060 - INFO - *************************************************************************************************************************
2025-03-05 13:08:51,060 - INFO - *************************************************************************************************************************
2025-03-05 13:08:51,062 - INFO - **********Starting experiment for 18_GBSG2.arff with algorithm4**********
2025-03-05 13:08:51,174 - INFO - *******GROWING CR RULE*******
2025-03-05 13:08:59,856 - INFO - Iteracja 0: condition_best: pnodes <= 9.50, quality_best: 1.0, coverage_best: (p=583, n=0, P=686, N=0)
2025-03-05 13:08:59,865 - INFO - Regula po iteracji 0: IF pnodes <= 9.50 THEN survival_status = {nan}, (p=583, n=0, P=686, N=0)
2025-03-05 13:08:59,865 - INFO - *****GROWING RR RULE*****
2025-03-05 13:09:29,406 - INFO - Iteracja 0: condition_best: None, quality_best: -inf, coverage_best: (p=0, n=0, P=0, N=0), p_value: 0
2025-03-05 13:09:29,410 - INFO - Regula po iteracji 0: IF  THEN survival_status = {nan}, (p=686, n=0, P=686, N=0)
2025-03-05 13:09:29,410 - INFO - *****STOP GROWING RR RULE*****
2025-03-05 13:09:29,410 - INFO - ***RR NOT FOUND***
2025-03-05 13:09:37,572 - INFO - Iteracja 1: condition_best: age >= 23.00, quality_best: 1.0, coverage_best: (p=582, n=0, P=686, N=0)
2025-03-05 13:09:37,580 - INFO - Regula po iteracji 1: IF pnodes <= 9.50 AND age >= 23.00 THEN survival_status = {2030.0}, (p=582, n=0, P=686, N=0)
2025-03-05 13:09:37,580 - INFO - *****GROWING RR RULE*****
2025-03-05 13:10:07,048 - INFO - Iteracja 0: condition_best: None, quality_best: -inf, coverage_best: (p=0, n=0, P=0, N=0), p_value: 0
2025-03-05 13:10:07,052 - INFO - Regula po iteracji 0: IF  THEN survival_status = {nan}, (p=686, n=0, P=686, N=0)
2025-03-05 13:10:07,052 - INFO - *****STOP GROWING RR RULE*****
2025-03-05 13:10:07,052 - INFO - ***RR NOT FOUND***
2025-03-05 13:10:15,401 - INFO - Iteracja 2: condition_best: age >= 26.00, quality_best: 1.0, coverage_best: (p=580, n=0, P=686, N=0)
2025-03-05 13:10:15,409 - INFO - Regula po iteracji 2: IF pnodes <= 9.50 AND age >= 23.00 AND age >= 26.00 THEN survival_status = {2030.0}, (p=580, n=0, P=686, N=0)
2025-03-05 13:10:15,410 - INFO - *****GROWING RR RULE*****
2025-03-05 13:10:44,884 - INFO - Iteracja 0: condition_best: None, quality_best: -inf, coverage_best: (p=0, n=0, P=0, N=0), p_value: 0
2025-03-05 13:10:44,889 - INFO - Regula po iteracji 0: IF  THEN survival_status = {nan}, (p=686, n=0, P=686, N=0)
2025-03-05 13:10:44,889 - INFO - *****STOP GROWING RR RULE*****
2025-03-05 13:10:44,889 - INFO - ***RR NOT FOUND***
2025-03-05 13:10:53,314 - INFO - Iteracja 3: condition_best: age <= 79.50, quality_best: 1.0, coverage_best: (p=579, n=0, P=686, N=0)
2025-03-05 13:10:53,322 - INFO - Regula po iteracji 3: IF pnodes <= 9.50 AND age >= 23.00 AND age >= 26.00 AND age <= 79.50 THEN survival_status = {2034.0}, (p=579, n=0, P=686, N=0)
2025-03-05 13:10:53,323 - INFO - *****GROWING RR RULE*****
2025-03-05 13:11:22,764 - INFO - Iteracja 0: condition_best: None, quality_best: -inf, coverage_best: (p=0, n=0, P=0, N=0), p_value: 0
2025-03-05 13:11:22,769 - INFO - Regula po iteracji 0: IF  THEN survival_status = {nan}, (p=686, n=0, P=686, N=0)
2025-03-05 13:11:22,769 - INFO - *****STOP GROWING RR RULE*****
2025-03-05 13:11:22,769 - INFO - ***RR NOT FOUND***
2025-03-05 13:11:31,247 - INFO - Iteracja 4: condition_best: age <= 78.00, quality_best: 1.0, coverage_best: (p=578, n=0, P=686, N=0)
2025-03-05 13:11:31,255 - INFO - Regula po iteracji 4: IF pnodes <= 9.50 AND age >= 23.00 AND age >= 26.00 AND age <= 79.50 AND age <= 78.00 THEN survival_status = {2034.0}, (p=578, n=0, P=686, N=0)
2025-03-05 13:11:31,256 - INFO - *****GROWING RR RULE*****
2025-03-05 13:12:00,723 - INFO - Iteracja 0: condition_best: None, quality_best: -inf, coverage_best: (p=0, n=0, P=0, N=0), p_value: 0
2025-03-05 13:12:00,727 - INFO - Regula po iteracji 0: IF  THEN survival_status = {nan}, (p=686, n=0, P=686, N=0)
2025-03-05 13:12:00,727 - INFO - *****STOP GROWING RR RULE*****
2025-03-05 13:12:00,727 - INFO - ***RR NOT FOUND***
2025-03-05 13:12:00,727 - INFO - *******STOP GROWING CR RULE*******
2025-03-05 13:12:00,751 - INFO - *******GROWING CR RULE*******
2025-03-05 13:12:06,875 - INFO - Iteracja 0: condition_best: pnodes >= 4.50, quality_best: 1.0, coverage_best: (p=253, n=0, P=686, N=0)
2025-03-05 13:12:06,883 - INFO - Regula po iteracji 0: IF pnodes >= 4.50 THEN survival_status = {nan}, (p=253, n=0, P=686, N=0)
2025-03-05 13:12:06,883 - INFO - *****GROWING RR RULE*****
2025-03-05 13:12:32,568 - INFO - Iteracja 0: condition_best: None, quality_best: -inf, coverage_best: (p=0, n=0, P=0, N=0), p_value: 0
2025-03-05 13:12:32,572 - INFO - Regula po iteracji 0: IF  THEN survival_status = {nan}, (p=686, n=0, P=686, N=0)
2025-03-05 13:12:32,572 - INFO - *****STOP GROWING RR RULE*****
2025-03-05 13:12:32,572 - INFO - ***RR NOT FOUND***
2025-03-05 13:12:36,300 - INFO - Iteracja 1: condition_best: pnodes <= 37.00, quality_best: 1.0, coverage_best: (p=251, n=0, P=686, N=0)
2025-03-05 13:12:36,308 - INFO - Regula po iteracji 1: IF pnodes >= 4.50 AND pnodes <= 37.00 THEN survival_status = {893.0}, (p=251, n=0, P=686, N=0)
2025-03-05 13:12:36,308 - INFO - *****GROWING RR RULE*****
2025-03-05 13:13:02,020 - INFO - Iteracja 0: condition_best: None, quality_best: -inf, coverage_best: (p=0, n=0, P=0, N=0), p_value: 0
2025-03-05 13:13:02,024 - INFO - Regula po iteracji 0: IF  THEN survival_status = {nan}, (p=686, n=0, P=686, N=0)
2025-03-05 13:13:02,024 - INFO - *****STOP GROWING RR RULE*****
2025-03-05 13:13:02,024 - INFO - ***RR NOT FOUND***
2025-03-05 13:13:05,785 - INFO - Iteracja 2: condition_best: progrec <= 1,588.00, quality_best: 1.0, coverage_best: (p=250, n=0, P=686, N=0)
2025-03-05 13:13:05,793 - INFO - Regula po iteracji 2: IF pnodes >= 4.50 AND pnodes <= 37.00 AND progrec <= 1,588.00 THEN survival_status = {883.0}, (p=250, n=0, P=686, N=0)
2025-03-05 13:13:05,793 - INFO - *****GROWING RR RULE*****
2025-03-05 13:13:31,356 - INFO - Iteracja 0: condition_best: None, quality_best: -inf, coverage_best: (p=0, n=0, P=0, N=0), p_value: 0
2025-03-05 13:13:31,360 - INFO - Regula po iteracji 0: IF  THEN survival_status = {nan}, (p=686, n=0, P=686, N=0)
2025-03-05 13:13:31,360 - INFO - *****STOP GROWING RR RULE*****
2025-03-05 13:13:31,360 - INFO - ***RR NOT FOUND***
2025-03-05 13:13:35,196 - INFO - Iteracja 3: condition_best: progrec <= 767.50, quality_best: 1.0, coverage_best: (p=249, n=0, P=686, N=0)
2025-03-05 13:13:35,204 - INFO - Regula po iteracji 3: IF pnodes >= 4.50 AND pnodes <= 37.00 AND progrec <= 1,588.00 AND progrec <= 767.50 THEN survival_status = {883.0}, (p=249, n=0, P=686, N=0)
2025-03-05 13:13:35,204 - INFO - *****GROWING RR RULE*****
2025-03-05 13:14:00,784 - INFO - Iteracja 0: condition_best: None, quality_best: -inf, coverage_best: (p=0, n=0, P=0, N=0), p_value: 0
2025-03-05 13:14:00,789 - INFO - Regula po iteracji 0: IF  THEN survival_status = {nan}, (p=686, n=0, P=686, N=0)
2025-03-05 13:14:00,789 - INFO - *****STOP GROWING RR RULE*****
2025-03-05 13:14:00,789 - INFO - ***RR NOT FOUND***
2025-03-05 13:14:04,677 - INFO - Iteracja 4: condition_best: age <= 78.00, quality_best: 1.0, coverage_best: (p=248, n=0, P=686, N=0)
2025-03-05 13:14:04,685 - INFO - Regula po iteracji 4: IF pnodes >= 4.50 AND pnodes <= 37.00 AND progrec <= 1,588.00 AND progrec <= 767.50 AND age <= 78.00 THEN survival_status = {883.0}, (p=248, n=0, P=686, N=0)
2025-03-05 13:14:04,686 - INFO - *****GROWING RR RULE*****
2025-03-05 13:14:30,236 - INFO - Iteracja 0: condition_best: None, quality_best: -inf, coverage_best: (p=0, n=0, P=0, N=0), p_value: 0
2025-03-05 13:14:30,240 - INFO - Regula po iteracji 0: IF  THEN survival_status = {nan}, (p=686, n=0, P=686, N=0)
2025-03-05 13:14:30,240 - INFO - *****STOP GROWING RR RULE*****
2025-03-05 13:14:30,240 - INFO - ***RR NOT FOUND***
2025-03-05 13:14:30,240 - INFO - *******STOP GROWING CR RULE*******
2025-03-05 13:14:30,261 - INFO - *******GROWING CR RULE*******
2025-03-05 13:14:35,927 - INFO - Iteracja 0: condition_best: pnodes <= 9.50, quality_best: 1.0, coverage_best: (p=583, n=0, P=686, N=0)
2025-03-05 13:14:35,935 - INFO - Regula po iteracji 0: IF pnodes <= 9.50 THEN survival_status = {nan}, (p=583, n=0, P=686, N=0)
2025-03-05 13:14:35,935 - INFO - *****GROWING RR RULE*****
2025-03-05 13:15:05,421 - INFO - Iteracja 0: condition_best: None, quality_best: -inf, coverage_best: (p=0, n=0, P=0, N=0), p_value: 0
2025-03-05 13:15:05,425 - INFO - Regula po iteracji 0: IF  THEN survival_status = {nan}, (p=686, n=0, P=686, N=0)
2025-03-05 13:15:05,425 - INFO - *****STOP GROWING RR RULE*****
2025-03-05 13:15:05,425 - INFO - ***RR NOT FOUND***
2025-03-05 13:15:10,858 - INFO - Iteracja 1: condition_best: age >= 23.00, quality_best: 1.0, coverage_best: (p=582, n=0, P=686, N=0)
2025-03-05 13:15:10,866 - INFO - Regula po iteracji 1: IF pnodes <= 9.50 AND age >= 23.00 THEN survival_status = {2030.0}, (p=582, n=0, P=686, N=0)
2025-03-05 13:15:10,866 - INFO - *****GROWING RR RULE*****
2025-03-05 13:15:40,332 - INFO - Iteracja 0: condition_best: None, quality_best: -inf, coverage_best: (p=0, n=0, P=0, N=0), p_value: 0
2025-03-05 13:15:40,336 - INFO - Regula po iteracji 0: IF  THEN survival_status = {nan}, (p=686, n=0, P=686, N=0)
2025-03-05 13:15:40,336 - INFO - *****STOP GROWING RR RULE*****
2025-03-05 13:15:40,336 - INFO - ***RR NOT FOUND***
2025-03-05 13:15:45,987 - INFO - Iteracja 2: condition_best: age >= 26.00, quality_best: 1.0, coverage_best: (p=580, n=0, P=686, N=0)
2025-03-05 13:15:45,996 - INFO - Regula po iteracji 2: IF pnodes <= 9.50 AND age >= 23.00 AND age >= 26.00 THEN survival_status = {2030.0}, (p=580, n=0, P=686, N=0)
2025-03-05 13:15:45,997 - INFO - *****GROWING RR RULE*****
2025-03-05 13:16:15,395 - INFO - Iteracja 0: condition_best: None, quality_best: -inf, coverage_best: (p=0, n=0, P=0, N=0), p_value: 0
2025-03-05 13:16:15,399 - INFO - Regula po iteracji 0: IF  THEN survival_status = {nan}, (p=686, n=0, P=686, N=0)
2025-03-05 13:16:15,399 - INFO - *****STOP GROWING RR RULE*****
2025-03-05 13:16:15,399 - INFO - ***RR NOT FOUND***
2025-03-05 13:16:21,111 - INFO - Iteracja 3: condition_best: age <= 79.50, quality_best: 1.0, coverage_best: (p=579, n=0, P=686, N=0)
2025-03-05 13:16:21,119 - INFO - Regula po iteracji 3: IF pnodes <= 9.50 AND age >= 23.00 AND age >= 26.00 AND age <= 79.50 THEN survival_status = {2034.0}, (p=579, n=0, P=686, N=0)
2025-03-05 13:16:21,119 - INFO - *****GROWING RR RULE*****
2025-03-05 13:16:50,564 - INFO - Iteracja 0: condition_best: None, quality_best: -inf, coverage_best: (p=0, n=0, P=0, N=0), p_value: 0
2025-03-05 13:16:50,568 - INFO - Regula po iteracji 0: IF  THEN survival_status = {nan}, (p=686, n=0, P=686, N=0)
2025-03-05 13:16:50,568 - INFO - *****STOP GROWING RR RULE*****
2025-03-05 13:16:50,568 - INFO - ***RR NOT FOUND***
2025-03-05 13:16:56,349 - INFO - Iteracja 4: condition_best: age <= 78.00, quality_best: 1.0, coverage_best: (p=578, n=0, P=686, N=0)
2025-03-05 13:16:56,358 - INFO - Regula po iteracji 4: IF pnodes <= 9.50 AND age >= 23.00 AND age >= 26.00 AND age <= 79.50 AND age <= 78.00 THEN survival_status = {2034.0}, (p=578, n=0, P=686, N=0)
2025-03-05 13:16:56,359 - INFO - *****GROWING RR RULE*****
2025-03-05 13:17:25,789 - INFO - Iteracja 0: condition_best: None, quality_best: -inf, coverage_best: (p=0, n=0, P=0, N=0), p_value: 0
2025-03-05 13:17:25,793 - INFO - Regula po iteracji 0: IF  THEN survival_status = {nan}, (p=686, n=0, P=686, N=0)
2025-03-05 13:17:25,793 - INFO - *****STOP GROWING RR RULE*****
2025-03-05 13:17:25,793 - INFO - ***RR NOT FOUND***
2025-03-05 13:17:25,793 - INFO - *******STOP GROWING CR RULE*******
2025-03-05 13:17:25,827 - INFO - ************************Finished experiment for 18_GBSG2.arff with algorithm4************************
2025-03-05 13:17:25,827 - INFO - *************************************************************************************************************************
2025-03-05 13:17:25,827 - INFO - *************************************************************************************************************************
2025-03-05 13:17:25,827 - INFO - *************************************************************************************************************************
