2025-03-05 12:21:56,228 - INFO - **********Starting experiment for 13_Rossi.arff with algorithm3**********
2025-03-05 12:21:56,276 - INFO - *******GROWING CR RULE*******
2025-03-05 12:21:56,812 - INFO - Iteracja 0: condition_best: age >= 19.50, quality_best: 1.0, coverage_best: (p=366, n=0, P=432, N=0)
2025-03-05 12:21:56,816 - INFO - Regula po iteracji 0: IF age >= 19.50 THEN survival_status = {nan}, (p=366, n=0, P=432, N=0)
2025-03-05 12:21:56,816 - INFO - *****GROWING RR RULE*****
2025-03-05 12:21:57,991 - INFO - Iteracja 0: condition_best: None, quality_best: -inf, coverage_best: (p=0, n=0, P=0, N=0), p_value: 0
2025-03-05 12:21:57,994 - INFO - Regula po iteracji 0: IF  THEN survival_status = {nan}, (p=432, n=0, P=432, N=0)
2025-03-05 12:21:57,994 - INFO - *****STOP GROWING RR RULE*****
2025-03-05 12:21:57,994 - INFO - ***RR NOT FOUND***
2025-03-05 12:21:58,553 - INFO - Iteracja 1: condition_best: prio <= 10.50, quality_best: 1.0, coverage_best: (p=354, n=0, P=432, N=0)
2025-03-05 12:21:58,556 - INFO - Regula po iteracji 1: IF age >= 19.50 AND prio <= 10.50 THEN survival_status = {inf}, (p=354, n=0, P=432, N=0)
2025-03-05 12:21:58,556 - INFO - *****GROWING RR RULE*****
2025-03-05 12:21:59,727 - INFO - Iteracja 0: condition_best: None, quality_best: -inf, coverage_best: (p=0, n=0, P=0, N=0), p_value: 0
2025-03-05 12:21:59,730 - INFO - Regula po iteracji 0: IF  THEN survival_status = {nan}, (p=432, n=0, P=432, N=0)
2025-03-05 12:21:59,730 - INFO - *****STOP GROWING RR RULE*****
2025-03-05 12:21:59,730 - INFO - ***RR NOT FOUND***
2025-03-05 12:22:00,276 - INFO - Iteracja 2: condition_best: age <= 43.50, quality_best: 1.0, coverage_best: (p=351, n=0, P=432, N=0)
2025-03-05 12:22:00,279 - INFO - Regula po iteracji 2: IF age >= 19.50 AND prio <= 10.50 AND age <= 43.50 THEN survival_status = {inf}, (p=351, n=0, P=432, N=0)
2025-03-05 12:22:00,280 - INFO - *****GROWING RR RULE*****
2025-03-05 12:22:01,444 - INFO - Iteracja 0: condition_best: None, quality_best: -inf, coverage_best: (p=0, n=0, P=0, N=0), p_value: 0
2025-03-05 12:22:01,448 - INFO - Regula po iteracji 0: IF  THEN survival_status = {nan}, (p=432, n=0, P=432, N=0)
2025-03-05 12:22:01,448 - INFO - *****STOP GROWING RR RULE*****
2025-03-05 12:22:01,448 - INFO - ***RR NOT FOUND***
2025-03-05 12:22:02,003 - INFO - Iteracja 3: condition_best: prio <= 9.50, quality_best: 1.0, coverage_best: (p=347, n=0, P=432, N=0)
2025-03-05 12:22:02,006 - INFO - Regula po iteracji 3: IF age >= 19.50 AND prio <= 10.50 AND age <= 43.50 AND prio <= 9.50 THEN survival_status = {inf}, (p=347, n=0, P=432, N=0)
2025-03-05 12:22:02,007 - INFO - *****GROWING RR RULE*****
2025-03-05 12:22:03,169 - INFO - Iteracja 0: condition_best: None, quality_best: -inf, coverage_best: (p=0, n=0, P=0, N=0), p_value: 0
2025-03-05 12:22:03,172 - INFO - Regula po iteracji 0: IF  THEN survival_status = {nan}, (p=432, n=0, P=432, N=0)
2025-03-05 12:22:03,172 - INFO - *****STOP GROWING RR RULE*****
2025-03-05 12:22:03,172 - INFO - ***RR NOT FOUND***
2025-03-05 12:22:03,738 - INFO - Iteracja 4: condition_best: age <= 42.50, quality_best: 1.0, coverage_best: (p=343, n=0, P=432, N=0)
2025-03-05 12:22:03,741 - INFO - Regula po iteracji 4: IF age >= 19.50 AND prio <= 10.50 AND age <= 43.50 AND prio <= 9.50 AND age <= 42.50 THEN survival_status = {inf}, (p=343, n=0, P=432, N=0)
2025-03-05 12:22:03,742 - INFO - *****GROWING RR RULE*****
2025-03-05 12:22:04,904 - INFO - Iteracja 0: condition_best: None, quality_best: -inf, coverage_best: (p=0, n=0, P=0, N=0), p_value: 0
2025-03-05 12:22:04,907 - INFO - Regula po iteracji 0: IF  THEN survival_status = {nan}, (p=432, n=0, P=432, N=0)
2025-03-05 12:22:04,907 - INFO - *****STOP GROWING RR RULE*****
2025-03-05 12:22:04,907 - INFO - ***RR NOT FOUND***
2025-03-05 12:22:04,907 - INFO - *******STOP GROWING CR RULE*******
2025-03-05 12:22:04,918 - INFO - *******GROWING CR RULE*******
2025-03-05 12:22:05,197 - INFO - Iteracja 0: condition_best: age >= 19.50, quality_best: 1.0, coverage_best: (p=366, n=0, P=432, N=0)
2025-03-05 12:22:05,200 - INFO - Regula po iteracji 0: IF age >= 19.50 THEN survival_status = {nan}, (p=366, n=0, P=432, N=0)
2025-03-05 12:22:05,200 - INFO - *****GROWING RR RULE*****
2025-03-05 12:22:06,377 - INFO - Iteracja 0: condition_best: None, quality_best: -inf, coverage_best: (p=0, n=0, P=0, N=0), p_value: 0
2025-03-05 12:22:06,381 - INFO - Regula po iteracji 0: IF  THEN survival_status = {nan}, (p=432, n=0, P=432, N=0)
2025-03-05 12:22:06,381 - INFO - *****STOP GROWING RR RULE*****
2025-03-05 12:22:06,381 - INFO - ***RR NOT FOUND***
2025-03-05 12:22:06,691 - INFO - Iteracja 1: condition_best: prio <= 13.50, quality_best: 1.0, coverage_best: (p=362, n=0, P=432, N=0)
2025-03-05 12:22:06,695 - INFO - Regula po iteracji 1: IF age >= 19.50 AND prio <= 13.50 THEN survival_status = {inf}, (p=362, n=0, P=432, N=0)
2025-03-05 12:22:06,695 - INFO - *****GROWING RR RULE*****
2025-03-05 12:22:07,866 - INFO - Iteracja 0: condition_best: None, quality_best: -inf, coverage_best: (p=0, n=0, P=0, N=0), p_value: 0
2025-03-05 12:22:07,869 - INFO - Regula po iteracji 0: IF  THEN survival_status = {nan}, (p=432, n=0, P=432, N=0)
2025-03-05 12:22:07,869 - INFO - *****STOP GROWING RR RULE*****
2025-03-05 12:22:07,869 - INFO - ***RR NOT FOUND***
2025-03-05 12:22:08,195 - INFO - Iteracja 2: condition_best: age <= 43.50, quality_best: 1.0, coverage_best: (p=359, n=0, P=432, N=0)
2025-03-05 12:22:08,199 - INFO - Regula po iteracji 2: IF age >= 19.50 AND prio <= 13.50 AND age <= 43.50 THEN survival_status = {inf}, (p=359, n=0, P=432, N=0)
2025-03-05 12:22:08,199 - INFO - *****GROWING RR RULE*****
2025-03-05 12:22:09,370 - INFO - Iteracja 0: condition_best: None, quality_best: -inf, coverage_best: (p=0, n=0, P=0, N=0), p_value: 0
2025-03-05 12:22:09,373 - INFO - Regula po iteracji 0: IF  THEN survival_status = {nan}, (p=432, n=0, P=432, N=0)
2025-03-05 12:22:09,373 - INFO - *****STOP GROWING RR RULE*****
2025-03-05 12:22:09,373 - INFO - ***RR NOT FOUND***
2025-03-05 12:22:09,710 - INFO - Iteracja 3: condition_best: prio <= 12.50, quality_best: 1.0, coverage_best: (p=358, n=0, P=432, N=0)
2025-03-05 12:22:09,714 - INFO - Regula po iteracji 3: IF age >= 19.50 AND prio <= 13.50 AND age <= 43.50 AND prio <= 12.50 THEN survival_status = {inf}, (p=358, n=0, P=432, N=0)
2025-03-05 12:22:09,714 - INFO - *****GROWING RR RULE*****
2025-03-05 12:22:10,884 - INFO - Iteracja 0: condition_best: None, quality_best: -inf, coverage_best: (p=0, n=0, P=0, N=0), p_value: 0
2025-03-05 12:22:10,887 - INFO - Regula po iteracji 0: IF  THEN survival_status = {nan}, (p=432, n=0, P=432, N=0)
2025-03-05 12:22:10,887 - INFO - *****STOP GROWING RR RULE*****
2025-03-05 12:22:10,887 - INFO - ***RR NOT FOUND***
2025-03-05 12:22:11,236 - INFO - Iteracja 4: condition_best: prio <= 11.50, quality_best: 1.0, coverage_best: (p=357, n=0, P=432, N=0)
2025-03-05 12:22:11,240 - INFO - Regula po iteracji 4: IF age >= 19.50 AND prio <= 13.50 AND age <= 43.50 AND prio <= 12.50 AND prio <= 11.50 THEN survival_status = {inf}, (p=357, n=0, P=432, N=0)
2025-03-05 12:22:11,240 - INFO - *****GROWING RR RULE*****
2025-03-05 12:22:12,410 - INFO - Iteracja 0: condition_best: None, quality_best: -inf, coverage_best: (p=0, n=0, P=0, N=0), p_value: 0
2025-03-05 12:22:12,413 - INFO - Regula po iteracji 0: IF  THEN survival_status = {nan}, (p=432, n=0, P=432, N=0)
2025-03-05 12:22:12,413 - INFO - *****STOP GROWING RR RULE*****
2025-03-05 12:22:12,413 - INFO - ***RR NOT FOUND***
2025-03-05 12:22:12,413 - INFO - *******STOP GROWING CR RULE*******
2025-03-05 12:22:12,422 - INFO - *******GROWING CR RULE*******
2025-03-05 12:22:12,695 - INFO - Iteracja 0: condition_best: age >= 19.50, quality_best: 1.0, coverage_best: (p=366, n=0, P=432, N=0)
2025-03-05 12:22:12,699 - INFO - Regula po iteracji 0: IF age >= 19.50 THEN survival_status = {nan}, (p=366, n=0, P=432, N=0)
2025-03-05 12:22:12,699 - INFO - *****GROWING RR RULE*****
2025-03-05 12:22:13,876 - INFO - Iteracja 0: condition_best: None, quality_best: -inf, coverage_best: (p=0, n=0, P=0, N=0), p_value: 0
2025-03-05 12:22:13,879 - INFO - Regula po iteracji 0: IF  THEN survival_status = {nan}, (p=432, n=0, P=432, N=0)
2025-03-05 12:22:13,879 - INFO - *****STOP GROWING RR RULE*****
2025-03-05 12:22:13,879 - INFO - ***RR NOT FOUND***
2025-03-05 12:22:14,183 - INFO - Iteracja 1: condition_best: prio <= 16.50, quality_best: 1.0, coverage_best: (p=365, n=0, P=432, N=0)
2025-03-05 12:22:14,186 - INFO - Regula po iteracji 1: IF age >= 19.50 AND prio <= 16.50 THEN survival_status = {inf}, (p=365, n=0, P=432, N=0)
2025-03-05 12:22:14,186 - INFO - *****GROWING RR RULE*****
2025-03-05 12:22:15,361 - INFO - Iteracja 0: condition_best: None, quality_best: -inf, coverage_best: (p=0, n=0, P=0, N=0), p_value: 0
2025-03-05 12:22:15,364 - INFO - Regula po iteracji 0: IF  THEN survival_status = {nan}, (p=432, n=0, P=432, N=0)
2025-03-05 12:22:15,365 - INFO - *****STOP GROWING RR RULE*****
2025-03-05 12:22:15,365 - INFO - ***RR NOT FOUND***
2025-03-05 12:22:15,691 - INFO - Iteracja 2: condition_best: prio <= 14.50, quality_best: 1.0, coverage_best: (p=364, n=0, P=432, N=0)
2025-03-05 12:22:15,695 - INFO - Regula po iteracji 2: IF age >= 19.50 AND prio <= 16.50 AND prio <= 14.50 THEN survival_status = {inf}, (p=364, n=0, P=432, N=0)
2025-03-05 12:22:15,695 - INFO - *****GROWING RR RULE*****
2025-03-05 12:22:16,872 - INFO - Iteracja 0: condition_best: None, quality_best: -inf, coverage_best: (p=0, n=0, P=0, N=0), p_value: 0
2025-03-05 12:22:16,875 - INFO - Regula po iteracji 0: IF  THEN survival_status = {nan}, (p=432, n=0, P=432, N=0)
2025-03-05 12:22:16,875 - INFO - *****STOP GROWING RR RULE*****
2025-03-05 12:22:16,875 - INFO - ***RR NOT FOUND***
2025-03-05 12:22:17,213 - INFO - Iteracja 3: condition_best: age >= 20.50, quality_best: 1.0, coverage_best: (p=303, n=0, P=432, N=0)
2025-03-05 12:22:17,217 - INFO - Regula po iteracji 3: IF age >= 19.50 AND prio <= 16.50 AND prio <= 14.50 AND age >= 20.50 THEN survival_status = {inf}, (p=303, n=0, P=432, N=0)
2025-03-05 12:22:17,217 - INFO - *****GROWING RR RULE*****
2025-03-05 12:22:18,370 - INFO - Iteracja 0: condition_best: None, quality_best: -inf, coverage_best: (p=0, n=0, P=0, N=0), p_value: 0
2025-03-05 12:22:18,373 - INFO - Regula po iteracji 0: IF  THEN survival_status = {nan}, (p=432, n=0, P=432, N=0)
2025-03-05 12:22:18,373 - INFO - *****STOP GROWING RR RULE*****
2025-03-05 12:22:18,373 - INFO - ***RR NOT FOUND***
2025-03-05 12:22:18,722 - INFO - Iteracja 4: condition_best: educ <= 5.50, quality_best: 1.0, coverage_best: (p=292, n=0, P=432, N=0)
2025-03-05 12:22:18,726 - INFO - Regula po iteracji 4: IF age >= 19.50 AND prio <= 16.50 AND prio <= 14.50 AND age >= 20.50 AND educ <= 5.50 THEN survival_status = {inf}, (p=292, n=0, P=432, N=0)
2025-03-05 12:22:18,726 - INFO - *****GROWING RR RULE*****
2025-03-05 12:22:19,872 - INFO - Iteracja 0: condition_best: None, quality_best: -inf, coverage_best: (p=0, n=0, P=0, N=0), p_value: 0
2025-03-05 12:22:19,875 - INFO - Regula po iteracji 0: IF  THEN survival_status = {nan}, (p=432, n=0, P=432, N=0)
2025-03-05 12:22:19,875 - INFO - *****STOP GROWING RR RULE*****
2025-03-05 12:22:19,875 - INFO - ***RR NOT FOUND***
2025-03-05 12:22:19,875 - INFO - *******STOP GROWING CR RULE*******
2025-03-05 12:22:19,882 - INFO - *******GROWING CR RULE*******
2025-03-05 12:22:20,151 - INFO - Iteracja 0: condition_best: age <= 19.50, quality_best: 1.0, coverage_best: (p=66, n=0, P=432, N=0)
2025-03-05 12:22:20,154 - INFO - Regula po iteracji 0: IF age <= 19.50 THEN survival_status = {nan}, (p=66, n=0, P=432, N=0)
2025-03-05 12:22:20,155 - INFO - *****GROWING RR RULE*****
2025-03-05 12:22:21,234 - INFO - Iteracja 0: condition_best: prio >= 8.50, quality_best: 0.976, coverage_best: (p=28, n=0, P=432, N=0), p_value: 0.631
2025-03-05 12:22:21,238 - INFO - Regula po iteracji 0: IF prio >= 8.50 THEN survival_status = {nan}, (p=28, n=0, P=432, N=0)
2025-03-05 12:22:22,029 - INFO - Iteracja 1: condition_best: emp6 = {no}, quality_best: 0.995, coverage_best: (p=21, n=0, P=432, N=0), p_value: 0.966
2025-03-05 12:22:22,032 - INFO - Regula po iteracji 1: IF prio >= 8.50 AND emp6 = {no} THEN survival_status = {inf}, (p=21, n=0, P=432, N=0)
2025-03-05 12:22:22,813 - INFO - Iteracja 2: condition_best: None, quality_best: -inf, coverage_best: (p=0, n=0, P=0, N=0), p_value: 0.966
2025-03-05 12:22:22,817 - INFO - Regula po iteracji 2: IF prio >= 8.50 AND emp6 = {no} THEN survival_status = {inf}, (p=21, n=0, P=432, N=0)
2025-03-05 12:22:22,817 - INFO - *****STOP GROWING RR RULE*****
2025-03-05 12:22:22,817 - INFO - ***RR FOUND***
2025-03-05 12:22:22,817 - INFO - Reference rule: IF prio >= 8.50 AND emp6 = {no} THEN survival_status = {inf}
2025-03-05 12:22:22,817 - INFO - ***CHECKING EXCEPTION***
2025-03-05 12:22:22,818 - INFO - ER vs CR p_value: 0.0074513652170469236
2025-03-05 12:22:22,818 - INFO - ER vs RR p_value: 0.03947324361589277
2025-03-05 12:22:22,832 - INFO - ***ER FOUND***
2025-03-05 12:22:22,832 - INFO - Exception rule: IF age <= 19.50 AND prio >= 8.50 AND emp6 = {no} THEN survival_status = {14.0} (p=4, n=0, P=432, N=0)
2025-03-05 12:22:22,832 - INFO - *******STOP GROWING CR RULE*******
2025-03-05 12:22:22,836 - INFO - *******GROWING CR RULE*******
2025-03-05 12:22:23,058 - INFO - Iteracja 0: condition_best: age >= 19.50, quality_best: 1.0, coverage_best: (p=366, n=0, P=432, N=0)
2025-03-05 12:22:23,061 - INFO - Regula po iteracji 0: IF age >= 19.50 THEN survival_status = {nan}, (p=366, n=0, P=432, N=0)
2025-03-05 12:22:23,061 - INFO - *****GROWING RR RULE*****
2025-03-05 12:22:24,241 - INFO - Iteracja 0: condition_best: None, quality_best: -inf, coverage_best: (p=0, n=0, P=0, N=0), p_value: 0
2025-03-05 12:22:24,244 - INFO - Regula po iteracji 0: IF  THEN survival_status = {nan}, (p=432, n=0, P=432, N=0)
2025-03-05 12:22:24,244 - INFO - *****STOP GROWING RR RULE*****
2025-03-05 12:22:24,244 - INFO - ***RR NOT FOUND***
2025-03-05 12:22:24,497 - INFO - Iteracja 1: condition_best: prio <= 10.50, quality_best: 1.0, coverage_best: (p=354, n=0, P=432, N=0)
2025-03-05 12:22:24,501 - INFO - Regula po iteracji 1: IF age >= 19.50 AND prio <= 10.50 THEN survival_status = {inf}, (p=354, n=0, P=432, N=0)
2025-03-05 12:22:24,501 - INFO - *****GROWING RR RULE*****
2025-03-05 12:22:25,670 - INFO - Iteracja 0: condition_best: None, quality_best: -inf, coverage_best: (p=0, n=0, P=0, N=0), p_value: 0
2025-03-05 12:22:25,674 - INFO - Regula po iteracji 0: IF  THEN survival_status = {nan}, (p=432, n=0, P=432, N=0)
2025-03-05 12:22:25,674 - INFO - *****STOP GROWING RR RULE*****
2025-03-05 12:22:25,674 - INFO - ***RR NOT FOUND***
2025-03-05 12:22:25,937 - INFO - Iteracja 2: condition_best: age <= 43.50, quality_best: 1.0, coverage_best: (p=351, n=0, P=432, N=0)
2025-03-05 12:22:25,941 - INFO - Regula po iteracji 2: IF age >= 19.50 AND prio <= 10.50 AND age <= 43.50 THEN survival_status = {inf}, (p=351, n=0, P=432, N=0)
2025-03-05 12:22:25,941 - INFO - *****GROWING RR RULE*****
2025-03-05 12:22:27,110 - INFO - Iteracja 0: condition_best: None, quality_best: -inf, coverage_best: (p=0, n=0, P=0, N=0), p_value: 0
2025-03-05 12:22:27,114 - INFO - Regula po iteracji 0: IF  THEN survival_status = {nan}, (p=432, n=0, P=432, N=0)
2025-03-05 12:22:27,114 - INFO - *****STOP GROWING RR RULE*****
2025-03-05 12:22:27,114 - INFO - ***RR NOT FOUND***
2025-03-05 12:22:27,388 - INFO - Iteracja 3: condition_best: prio <= 9.50, quality_best: 1.0, coverage_best: (p=347, n=0, P=432, N=0)
2025-03-05 12:22:27,392 - INFO - Regula po iteracji 3: IF age >= 19.50 AND prio <= 10.50 AND age <= 43.50 AND prio <= 9.50 THEN survival_status = {inf}, (p=347, n=0, P=432, N=0)
2025-03-05 12:22:27,392 - INFO - *****GROWING RR RULE*****
2025-03-05 12:22:28,561 - INFO - Iteracja 0: condition_best: None, quality_best: -inf, coverage_best: (p=0, n=0, P=0, N=0), p_value: 0
2025-03-05 12:22:28,564 - INFO - Regula po iteracji 0: IF  THEN survival_status = {nan}, (p=432, n=0, P=432, N=0)
2025-03-05 12:22:28,564 - INFO - *****STOP GROWING RR RULE*****
2025-03-05 12:22:28,564 - INFO - ***RR NOT FOUND***
2025-03-05 12:22:28,852 - INFO - Iteracja 4: condition_best: age <= 42.50, quality_best: 1.0, coverage_best: (p=343, n=0, P=432, N=0)
2025-03-05 12:22:28,856 - INFO - Regula po iteracji 4: IF age >= 19.50 AND prio <= 10.50 AND age <= 43.50 AND prio <= 9.50 AND age <= 42.50 THEN survival_status = {inf}, (p=343, n=0, P=432, N=0)
2025-03-05 12:22:28,856 - INFO - *****GROWING RR RULE*****
2025-03-05 12:22:30,021 - INFO - Iteracja 0: condition_best: None, quality_best: -inf, coverage_best: (p=0, n=0, P=0, N=0), p_value: 0
2025-03-05 12:22:30,024 - INFO - Regula po iteracji 0: IF  THEN survival_status = {nan}, (p=432, n=0, P=432, N=0)
2025-03-05 12:22:30,024 - INFO - *****STOP GROWING RR RULE*****
2025-03-05 12:22:30,024 - INFO - ***RR NOT FOUND***
2025-03-05 12:22:30,024 - INFO - *******STOP GROWING CR RULE*******
2025-03-05 12:22:30,170 - INFO - ************************Finished experiment for 13_Rossi.arff with algorithm3************************
2025-03-05 12:22:30,170 - INFO - *************************************************************************************************************************
2025-03-05 12:22:30,170 - INFO - *************************************************************************************************************************
2025-03-05 12:22:30,170 - INFO - *************************************************************************************************************************
2025-03-05 12:22:30,171 - INFO - **********Starting experiment for 13_Rossi.arff with algorithm4**********
2025-03-05 12:22:30,219 - INFO - *******GROWING CR RULE*******
2025-03-05 12:22:30,759 - INFO - Iteracja 0: condition_best: age >= 19.50, quality_best: 1.0, coverage_best: (p=366, n=0, P=432, N=0)
2025-03-05 12:22:30,763 - INFO - Regula po iteracji 0: IF age >= 19.50 THEN survival_status = {nan}, (p=366, n=0, P=432, N=0)
2025-03-05 12:22:30,763 - INFO - *****GROWING RR RULE*****
2025-03-05 12:22:32,821 - INFO - Iteracja 0: condition_best: None, quality_best: -inf, coverage_best: (p=0, n=0, P=0, N=0), p_value: 0
2025-03-05 12:22:32,824 - INFO - Regula po iteracji 0: IF  THEN survival_status = {nan}, (p=432, n=0, P=432, N=0)
2025-03-05 12:22:32,824 - INFO - *****STOP GROWING RR RULE*****
2025-03-05 12:22:32,824 - INFO - ***RR NOT FOUND***
2025-03-05 12:22:33,383 - INFO - Iteracja 1: condition_best: prio <= 10.50, quality_best: 1.0, coverage_best: (p=354, n=0, P=432, N=0)
2025-03-05 12:22:33,386 - INFO - Regula po iteracji 1: IF age >= 19.50 AND prio <= 10.50 THEN survival_status = {inf}, (p=354, n=0, P=432, N=0)
2025-03-05 12:22:33,387 - INFO - *****GROWING RR RULE*****
2025-03-05 12:22:35,413 - INFO - Iteracja 0: condition_best: None, quality_best: -inf, coverage_best: (p=0, n=0, P=0, N=0), p_value: 0
2025-03-05 12:22:35,416 - INFO - Regula po iteracji 0: IF  THEN survival_status = {nan}, (p=432, n=0, P=432, N=0)
2025-03-05 12:22:35,416 - INFO - *****STOP GROWING RR RULE*****
2025-03-05 12:22:35,416 - INFO - ***RR NOT FOUND***
2025-03-05 12:22:35,966 - INFO - Iteracja 2: condition_best: age <= 43.50, quality_best: 1.0, coverage_best: (p=351, n=0, P=432, N=0)
2025-03-05 12:22:35,970 - INFO - Regula po iteracji 2: IF age >= 19.50 AND prio <= 10.50 AND age <= 43.50 THEN survival_status = {inf}, (p=351, n=0, P=432, N=0)
2025-03-05 12:22:35,970 - INFO - *****GROWING RR RULE*****
2025-03-05 12:22:37,989 - INFO - Iteracja 0: condition_best: None, quality_best: -inf, coverage_best: (p=0, n=0, P=0, N=0), p_value: 0
2025-03-05 12:22:37,992 - INFO - Regula po iteracji 0: IF  THEN survival_status = {nan}, (p=432, n=0, P=432, N=0)
2025-03-05 12:22:37,992 - INFO - *****STOP GROWING RR RULE*****
2025-03-05 12:22:37,992 - INFO - ***RR NOT FOUND***
2025-03-05 12:22:38,550 - INFO - Iteracja 3: condition_best: prio <= 9.50, quality_best: 1.0, coverage_best: (p=347, n=0, P=432, N=0)
2025-03-05 12:22:38,554 - INFO - Regula po iteracji 3: IF age >= 19.50 AND prio <= 10.50 AND age <= 43.50 AND prio <= 9.50 THEN survival_status = {inf}, (p=347, n=0, P=432, N=0)
2025-03-05 12:22:38,554 - INFO - *****GROWING RR RULE*****
2025-03-05 12:22:40,568 - INFO - Iteracja 0: condition_best: None, quality_best: -inf, coverage_best: (p=0, n=0, P=0, N=0), p_value: 0
2025-03-05 12:22:40,571 - INFO - Regula po iteracji 0: IF  THEN survival_status = {nan}, (p=432, n=0, P=432, N=0)
2025-03-05 12:22:40,571 - INFO - *****STOP GROWING RR RULE*****
2025-03-05 12:22:40,571 - INFO - ***RR NOT FOUND***
2025-03-05 12:22:41,140 - INFO - Iteracja 4: condition_best: age <= 42.50, quality_best: 1.0, coverage_best: (p=343, n=0, P=432, N=0)
2025-03-05 12:22:41,143 - INFO - Regula po iteracji 4: IF age >= 19.50 AND prio <= 10.50 AND age <= 43.50 AND prio <= 9.50 AND age <= 42.50 THEN survival_status = {inf}, (p=343, n=0, P=432, N=0)
2025-03-05 12:22:41,144 - INFO - *****GROWING RR RULE*****
2025-03-05 12:22:43,156 - INFO - Iteracja 0: condition_best: None, quality_best: -inf, coverage_best: (p=0, n=0, P=0, N=0), p_value: 0
2025-03-05 12:22:43,159 - INFO - Regula po iteracji 0: IF  THEN survival_status = {nan}, (p=432, n=0, P=432, N=0)
2025-03-05 12:22:43,160 - INFO - *****STOP GROWING RR RULE*****
2025-03-05 12:22:43,160 - INFO - ***RR NOT FOUND***
2025-03-05 12:22:43,160 - INFO - *******STOP GROWING CR RULE*******
2025-03-05 12:22:43,170 - INFO - *******GROWING CR RULE*******
2025-03-05 12:22:43,452 - INFO - Iteracja 0: condition_best: age >= 19.50, quality_best: 1.0, coverage_best: (p=366, n=0, P=432, N=0)
2025-03-05 12:22:43,456 - INFO - Regula po iteracji 0: IF age >= 19.50 THEN survival_status = {nan}, (p=366, n=0, P=432, N=0)
2025-03-05 12:22:43,456 - INFO - *****GROWING RR RULE*****
2025-03-05 12:22:45,499 - INFO - Iteracja 0: condition_best: None, quality_best: -inf, coverage_best: (p=0, n=0, P=0, N=0), p_value: 0
2025-03-05 12:22:45,502 - INFO - Regula po iteracji 0: IF  THEN survival_status = {nan}, (p=432, n=0, P=432, N=0)
2025-03-05 12:22:45,502 - INFO - *****STOP GROWING RR RULE*****
2025-03-05 12:22:45,502 - INFO - ***RR NOT FOUND***
2025-03-05 12:22:45,813 - INFO - Iteracja 1: condition_best: prio <= 13.50, quality_best: 1.0, coverage_best: (p=362, n=0, P=432, N=0)
2025-03-05 12:22:45,817 - INFO - Regula po iteracji 1: IF age >= 19.50 AND prio <= 13.50 THEN survival_status = {inf}, (p=362, n=0, P=432, N=0)
2025-03-05 12:22:45,817 - INFO - *****GROWING RR RULE*****
2025-03-05 12:22:47,850 - INFO - Iteracja 0: condition_best: None, quality_best: -inf, coverage_best: (p=0, n=0, P=0, N=0), p_value: 0
2025-03-05 12:22:47,853 - INFO - Regula po iteracji 0: IF  THEN survival_status = {nan}, (p=432, n=0, P=432, N=0)
2025-03-05 12:22:47,853 - INFO - *****STOP GROWING RR RULE*****
2025-03-05 12:22:47,853 - INFO - ***RR NOT FOUND***
2025-03-05 12:22:48,181 - INFO - Iteracja 2: condition_best: age <= 43.50, quality_best: 1.0, coverage_best: (p=359, n=0, P=432, N=0)
2025-03-05 12:22:48,185 - INFO - Regula po iteracji 2: IF age >= 19.50 AND prio <= 13.50 AND age <= 43.50 THEN survival_status = {inf}, (p=359, n=0, P=432, N=0)
2025-03-05 12:22:48,185 - INFO - *****GROWING RR RULE*****
2025-03-05 12:22:50,211 - INFO - Iteracja 0: condition_best: None, quality_best: -inf, coverage_best: (p=0, n=0, P=0, N=0), p_value: 0
2025-03-05 12:22:50,214 - INFO - Regula po iteracji 0: IF  THEN survival_status = {nan}, (p=432, n=0, P=432, N=0)
2025-03-05 12:22:50,214 - INFO - *****STOP GROWING RR RULE*****
2025-03-05 12:22:50,214 - INFO - ***RR NOT FOUND***
2025-03-05 12:22:50,555 - INFO - Iteracja 3: condition_best: prio <= 12.50, quality_best: 1.0, coverage_best: (p=358, n=0, P=432, N=0)
2025-03-05 12:22:50,559 - INFO - Regula po iteracji 3: IF age >= 19.50 AND prio <= 13.50 AND age <= 43.50 AND prio <= 12.50 THEN survival_status = {inf}, (p=358, n=0, P=432, N=0)
2025-03-05 12:22:50,559 - INFO - *****GROWING RR RULE*****
2025-03-05 12:22:52,582 - INFO - Iteracja 0: condition_best: None, quality_best: -inf, coverage_best: (p=0, n=0, P=0, N=0), p_value: 0
2025-03-05 12:22:52,585 - INFO - Regula po iteracji 0: IF  THEN survival_status = {nan}, (p=432, n=0, P=432, N=0)
2025-03-05 12:22:52,585 - INFO - *****STOP GROWING RR RULE*****
2025-03-05 12:22:52,585 - INFO - ***RR NOT FOUND***
2025-03-05 12:22:52,939 - INFO - Iteracja 4: condition_best: prio <= 11.50, quality_best: 1.0, coverage_best: (p=357, n=0, P=432, N=0)
2025-03-05 12:22:52,942 - INFO - Regula po iteracji 4: IF age >= 19.50 AND prio <= 13.50 AND age <= 43.50 AND prio <= 12.50 AND prio <= 11.50 THEN survival_status = {inf}, (p=357, n=0, P=432, N=0)
2025-03-05 12:22:52,943 - INFO - *****GROWING RR RULE*****
2025-03-05 12:22:54,963 - INFO - Iteracja 0: condition_best: None, quality_best: -inf, coverage_best: (p=0, n=0, P=0, N=0), p_value: 0
2025-03-05 12:22:54,966 - INFO - Regula po iteracji 0: IF  THEN survival_status = {nan}, (p=432, n=0, P=432, N=0)
2025-03-05 12:22:54,966 - INFO - *****STOP GROWING RR RULE*****
2025-03-05 12:22:54,966 - INFO - ***RR NOT FOUND***
2025-03-05 12:22:54,966 - INFO - *******STOP GROWING CR RULE*******
2025-03-05 12:22:54,975 - INFO - *******GROWING CR RULE*******
2025-03-05 12:22:55,252 - INFO - Iteracja 0: condition_best: age >= 19.50, quality_best: 1.0, coverage_best: (p=366, n=0, P=432, N=0)
2025-03-05 12:22:55,255 - INFO - Regula po iteracji 0: IF age >= 19.50 THEN survival_status = {nan}, (p=366, n=0, P=432, N=0)
2025-03-05 12:22:55,255 - INFO - *****GROWING RR RULE*****
2025-03-05 12:22:57,298 - INFO - Iteracja 0: condition_best: None, quality_best: -inf, coverage_best: (p=0, n=0, P=0, N=0), p_value: 0
2025-03-05 12:22:57,301 - INFO - Regula po iteracji 0: IF  THEN survival_status = {nan}, (p=432, n=0, P=432, N=0)
2025-03-05 12:22:57,301 - INFO - *****STOP GROWING RR RULE*****
2025-03-05 12:22:57,301 - INFO - ***RR NOT FOUND***
2025-03-05 12:22:57,607 - INFO - Iteracja 1: condition_best: prio <= 16.50, quality_best: 1.0, coverage_best: (p=365, n=0, P=432, N=0)
2025-03-05 12:22:57,611 - INFO - Regula po iteracji 1: IF age >= 19.50 AND prio <= 16.50 THEN survival_status = {inf}, (p=365, n=0, P=432, N=0)
2025-03-05 12:22:57,611 - INFO - *****GROWING RR RULE*****
2025-03-05 12:22:59,650 - INFO - Iteracja 0: condition_best: None, quality_best: -inf, coverage_best: (p=0, n=0, P=0, N=0), p_value: 0
2025-03-05 12:22:59,653 - INFO - Regula po iteracji 0: IF  THEN survival_status = {nan}, (p=432, n=0, P=432, N=0)
2025-03-05 12:22:59,653 - INFO - *****STOP GROWING RR RULE*****
2025-03-05 12:22:59,653 - INFO - ***RR NOT FOUND***
2025-03-05 12:22:59,979 - INFO - Iteracja 2: condition_best: prio <= 14.50, quality_best: 1.0, coverage_best: (p=364, n=0, P=432, N=0)
2025-03-05 12:22:59,983 - INFO - Regula po iteracji 2: IF age >= 19.50 AND prio <= 16.50 AND prio <= 14.50 THEN survival_status = {inf}, (p=364, n=0, P=432, N=0)
2025-03-05 12:22:59,983 - INFO - *****GROWING RR RULE*****
2025-03-05 12:23:02,017 - INFO - Iteracja 0: condition_best: None, quality_best: -inf, coverage_best: (p=0, n=0, P=0, N=0), p_value: 0
2025-03-05 12:23:02,020 - INFO - Regula po iteracji 0: IF  THEN survival_status = {nan}, (p=432, n=0, P=432, N=0)
2025-03-05 12:23:02,020 - INFO - *****STOP GROWING RR RULE*****
2025-03-05 12:23:02,020 - INFO - ***RR NOT FOUND***
2025-03-05 12:23:02,362 - INFO - Iteracja 3: condition_best: age >= 20.50, quality_best: 1.0, coverage_best: (p=303, n=0, P=432, N=0)
2025-03-05 12:23:02,366 - INFO - Regula po iteracji 3: IF age >= 19.50 AND prio <= 16.50 AND prio <= 14.50 AND age >= 20.50 THEN survival_status = {inf}, (p=303, n=0, P=432, N=0)
2025-03-05 12:23:02,366 - INFO - *****GROWING RR RULE*****
2025-03-05 12:23:04,374 - INFO - Iteracja 0: condition_best: None, quality_best: -inf, coverage_best: (p=0, n=0, P=0, N=0), p_value: 0
2025-03-05 12:23:04,377 - INFO - Regula po iteracji 0: IF  THEN survival_status = {nan}, (p=432, n=0, P=432, N=0)
2025-03-05 12:23:04,377 - INFO - *****STOP GROWING RR RULE*****
2025-03-05 12:23:04,377 - INFO - ***RR NOT FOUND***
2025-03-05 12:23:04,731 - INFO - Iteracja 4: condition_best: educ <= 5.50, quality_best: 1.0, coverage_best: (p=292, n=0, P=432, N=0)
2025-03-05 12:23:04,734 - INFO - Regula po iteracji 4: IF age >= 19.50 AND prio <= 16.50 AND prio <= 14.50 AND age >= 20.50 AND educ <= 5.50 THEN survival_status = {inf}, (p=292, n=0, P=432, N=0)
2025-03-05 12:23:04,735 - INFO - *****GROWING RR RULE*****
2025-03-05 12:23:06,736 - INFO - Iteracja 0: condition_best: None, quality_best: -inf, coverage_best: (p=0, n=0, P=0, N=0), p_value: 0
2025-03-05 12:23:06,739 - INFO - Regula po iteracji 0: IF  THEN survival_status = {nan}, (p=432, n=0, P=432, N=0)
2025-03-05 12:23:06,739 - INFO - *****STOP GROWING RR RULE*****
2025-03-05 12:23:06,739 - INFO - ***RR NOT FOUND***
2025-03-05 12:23:06,739 - INFO - *******STOP GROWING CR RULE*******
2025-03-05 12:23:06,747 - INFO - *******GROWING CR RULE*******
2025-03-05 12:23:07,018 - INFO - Iteracja 0: condition_best: age <= 19.50, quality_best: 1.0, coverage_best: (p=66, n=0, P=432, N=0)
2025-03-05 12:23:07,021 - INFO - Regula po iteracji 0: IF age <= 19.50 THEN survival_status = {nan}, (p=66, n=0, P=432, N=0)
2025-03-05 12:23:07,021 - INFO - *****GROWING RR RULE*****
2025-03-05 12:23:08,918 - INFO - Iteracja 0: condition_best: None, quality_best: -inf, coverage_best: (p=0, n=0, P=0, N=0), p_value: 0
2025-03-05 12:23:08,921 - INFO - Regula po iteracji 0: IF  THEN survival_status = {nan}, (p=432, n=0, P=432, N=0)
2025-03-05 12:23:08,921 - INFO - *****STOP GROWING RR RULE*****
2025-03-05 12:23:08,921 - INFO - ***RR NOT FOUND***
2025-03-05 12:23:09,139 - INFO - Iteracja 1: condition_best: emp32 = {no}, quality_best: 1.0, coverage_best: (p=34, n=0, P=432, N=0)
2025-03-05 12:23:09,142 - INFO - Regula po iteracji 1: IF age <= 19.50 AND emp32 = {no} THEN survival_status = {inf}, (p=34, n=0, P=432, N=0)
2025-03-05 12:23:09,142 - INFO - *****GROWING RR RULE*****
2025-03-05 12:23:10,989 - INFO - Iteracja 0: condition_best: None, quality_best: -inf, coverage_best: (p=0, n=0, P=0, N=0), p_value: 0
2025-03-05 12:23:10,992 - INFO - Regula po iteracji 0: IF  THEN survival_status = {nan}, (p=432, n=0, P=432, N=0)
2025-03-05 12:23:10,992 - INFO - *****STOP GROWING RR RULE*****
2025-03-05 12:23:10,992 - INFO - ***RR NOT FOUND***
2025-03-05 12:23:11,216 - INFO - Iteracja 2: condition_best: emp19 = {yes}, quality_best: 1.0, coverage_best: (p=6, n=0, P=432, N=0)
2025-03-05 12:23:11,220 - INFO - Regula po iteracji 2: IF age <= 19.50 AND emp32 = {no} AND emp19 = {yes} THEN survival_status = {inf}, (p=6, n=0, P=432, N=0)
2025-03-05 12:23:11,220 - INFO - *****GROWING RR RULE*****
2025-03-05 12:23:13,032 - INFO - Iteracja 0: condition_best: None, quality_best: -inf, coverage_best: (p=0, n=0, P=0, N=0), p_value: 0
2025-03-05 12:23:13,035 - INFO - Regula po iteracji 0: IF  THEN survival_status = {nan}, (p=432, n=0, P=432, N=0)
2025-03-05 12:23:13,035 - INFO - *****STOP GROWING RR RULE*****
2025-03-05 12:23:13,035 - INFO - ***RR NOT FOUND***
2025-03-05 12:23:13,253 - INFO - Iteracja 3: condition_best: educ <= 4.50, quality_best: 1.0, coverage_best: (p=5, n=0, P=432, N=0)
2025-03-05 12:23:13,257 - INFO - Regula po iteracji 3: IF age <= 19.50 AND emp32 = {no} AND emp19 = {yes} AND educ <= 4.50 THEN survival_status = {34.0}, (p=5, n=0, P=432, N=0)
2025-03-05 12:23:13,258 - INFO - *****GROWING RR RULE*****
2025-03-05 12:23:15,031 - INFO - Iteracja 0: condition_best: None, quality_best: -inf, coverage_best: (p=0, n=0, P=0, N=0), p_value: 0
2025-03-05 12:23:15,034 - INFO - Regula po iteracji 0: IF  THEN survival_status = {nan}, (p=432, n=0, P=432, N=0)
2025-03-05 12:23:15,034 - INFO - *****STOP GROWING RR RULE*****
2025-03-05 12:23:15,034 - INFO - ***RR NOT FOUND***
2025-03-05 12:23:15,226 - INFO - Iteracja 4: condition_best: race = {black}, quality_best: 1.0, coverage_best: (p=5, n=0, P=432, N=0)
2025-03-05 12:23:15,230 - INFO - Regula po iteracji 4: IF age <= 19.50 AND emp32 = {no} AND emp19 = {yes} AND educ <= 4.50 AND race = {black} THEN survival_status = {34.0}, (p=5, n=0, P=432, N=0)
2025-03-05 12:23:15,231 - INFO - *****GROWING RR RULE*****
2025-03-05 12:23:17,002 - INFO - Iteracja 0: condition_best: None, quality_best: -inf, coverage_best: (p=0, n=0, P=0, N=0), p_value: 0
2025-03-05 12:23:17,005 - INFO - Regula po iteracji 0: IF  THEN survival_status = {nan}, (p=432, n=0, P=432, N=0)
2025-03-05 12:23:17,005 - INFO - *****STOP GROWING RR RULE*****
2025-03-05 12:23:17,005 - INFO - ***RR NOT FOUND***
2025-03-05 12:23:17,005 - INFO - *******STOP GROWING CR RULE*******
2025-03-05 12:23:17,016 - INFO - *******GROWING CR RULE*******
2025-03-05 12:23:17,282 - INFO - Iteracja 0: condition_best: age <= 19.50, quality_best: 1.0, coverage_best: (p=66, n=0, P=432, N=0)
2025-03-05 12:23:17,286 - INFO - Regula po iteracji 0: IF age <= 19.50 THEN survival_status = {nan}, (p=66, n=0, P=432, N=0)
2025-03-05 12:23:17,286 - INFO - *****GROWING RR RULE*****
2025-03-05 12:23:19,181 - INFO - Iteracja 0: condition_best: None, quality_best: -inf, coverage_best: (p=0, n=0, P=0, N=0), p_value: 0
2025-03-05 12:23:19,184 - INFO - Regula po iteracji 0: IF  THEN survival_status = {nan}, (p=432, n=0, P=432, N=0)
2025-03-05 12:23:19,184 - INFO - *****STOP GROWING RR RULE*****
2025-03-05 12:23:19,184 - INFO - ***RR NOT FOUND***
2025-03-05 12:23:19,399 - INFO - Iteracja 1: condition_best: emp32 = {no}, quality_best: 1.0, coverage_best: (p=34, n=0, P=432, N=0)
2025-03-05 12:23:19,402 - INFO - Regula po iteracji 1: IF age <= 19.50 AND emp32 = {no} THEN survival_status = {inf}, (p=34, n=0, P=432, N=0)
2025-03-05 12:23:19,402 - INFO - *****GROWING RR RULE*****
2025-03-05 12:23:21,246 - INFO - Iteracja 0: condition_best: None, quality_best: -inf, coverage_best: (p=0, n=0, P=0, N=0), p_value: 0
2025-03-05 12:23:21,249 - INFO - Regula po iteracji 0: IF  THEN survival_status = {nan}, (p=432, n=0, P=432, N=0)
2025-03-05 12:23:21,249 - INFO - *****STOP GROWING RR RULE*****
2025-03-05 12:23:21,249 - INFO - ***RR NOT FOUND***
2025-03-05 12:23:21,470 - INFO - Iteracja 2: condition_best: emp8 = {yes}, quality_best: 1.0, coverage_best: (p=9, n=0, P=432, N=0)
2025-03-05 12:23:21,474 - INFO - Regula po iteracji 2: IF age <= 19.50 AND emp32 = {no} AND emp8 = {yes} THEN survival_status = {inf}, (p=9, n=0, P=432, N=0)
2025-03-05 12:23:21,474 - INFO - *****GROWING RR RULE*****
2025-03-05 12:23:23,302 - INFO - Iteracja 0: condition_best: None, quality_best: -inf, coverage_best: (p=0, n=0, P=0, N=0), p_value: 0
2025-03-05 12:23:23,305 - INFO - Regula po iteracji 0: IF  THEN survival_status = {nan}, (p=432, n=0, P=432, N=0)
2025-03-05 12:23:23,305 - INFO - *****STOP GROWING RR RULE*****
2025-03-05 12:23:23,305 - INFO - ***RR NOT FOUND***
2025-03-05 12:23:23,529 - INFO - Iteracja 3: condition_best: race = {black}, quality_best: 1.0, coverage_best: (p=9, n=0, P=432, N=0)
2025-03-05 12:23:23,532 - INFO - Regula po iteracji 3: IF age <= 19.50 AND emp32 = {no} AND emp8 = {yes} AND race = {black} THEN survival_status = {40.0}, (p=9, n=0, P=432, N=0)
2025-03-05 12:23:23,533 - INFO - *****GROWING RR RULE*****
2025-03-05 12:23:25,363 - INFO - Iteracja 0: condition_best: None, quality_best: -inf, coverage_best: (p=0, n=0, P=0, N=0), p_value: 0
2025-03-05 12:23:25,366 - INFO - Regula po iteracji 0: IF  THEN survival_status = {nan}, (p=432, n=0, P=432, N=0)
2025-03-05 12:23:25,366 - INFO - *****STOP GROWING RR RULE*****
2025-03-05 12:23:25,366 - INFO - ***RR NOT FOUND***
2025-03-05 12:23:25,615 - INFO - Iteracja 4: condition_best: mar = {not married}, quality_best: 1.0, coverage_best: (p=9, n=0, P=432, N=0)
2025-03-05 12:23:25,619 - INFO - Regula po iteracji 4: IF age <= 19.50 AND emp32 = {no} AND emp8 = {yes} AND race = {black} AND mar = {not married} THEN survival_status = {40.0}, (p=9, n=0, P=432, N=0)
2025-03-05 12:23:25,620 - INFO - *****GROWING RR RULE*****
2025-03-05 12:23:27,451 - INFO - Iteracja 0: condition_best: None, quality_best: -inf, coverage_best: (p=0, n=0, P=0, N=0), p_value: 0
2025-03-05 12:23:27,454 - INFO - Regula po iteracji 0: IF  THEN survival_status = {nan}, (p=432, n=0, P=432, N=0)
2025-03-05 12:23:27,454 - INFO - *****STOP GROWING RR RULE*****
2025-03-05 12:23:27,454 - INFO - ***RR NOT FOUND***
2025-03-05 12:23:27,454 - INFO - *******STOP GROWING CR RULE*******
2025-03-05 12:23:27,463 - INFO - *******GROWING CR RULE*******
2025-03-05 12:23:27,726 - INFO - Iteracja 0: condition_best: age <= 19.50, quality_best: 1.0, coverage_best: (p=66, n=0, P=432, N=0)
2025-03-05 12:23:27,729 - INFO - Regula po iteracji 0: IF age <= 19.50 THEN survival_status = {nan}, (p=66, n=0, P=432, N=0)
2025-03-05 12:23:27,729 - INFO - *****GROWING RR RULE*****
2025-03-05 12:23:29,628 - INFO - Iteracja 0: condition_best: None, quality_best: -inf, coverage_best: (p=0, n=0, P=0, N=0), p_value: 0
2025-03-05 12:23:29,631 - INFO - Regula po iteracji 0: IF  THEN survival_status = {nan}, (p=432, n=0, P=432, N=0)
2025-03-05 12:23:29,631 - INFO - *****STOP GROWING RR RULE*****
2025-03-05 12:23:29,631 - INFO - ***RR NOT FOUND***
2025-03-05 12:23:29,842 - INFO - Iteracja 1: condition_best: emp32 = {no}, quality_best: 1.0, coverage_best: (p=34, n=0, P=432, N=0)
2025-03-05 12:23:29,846 - INFO - Regula po iteracji 1: IF age <= 19.50 AND emp32 = {no} THEN survival_status = {inf}, (p=34, n=0, P=432, N=0)
2025-03-05 12:23:29,846 - INFO - *****GROWING RR RULE*****
2025-03-05 12:23:31,689 - INFO - Iteracja 0: condition_best: None, quality_best: -inf, coverage_best: (p=0, n=0, P=0, N=0), p_value: 0
2025-03-05 12:23:31,692 - INFO - Regula po iteracji 0: IF  THEN survival_status = {nan}, (p=432, n=0, P=432, N=0)
2025-03-05 12:23:31,693 - INFO - *****STOP GROWING RR RULE*****
2025-03-05 12:23:31,693 - INFO - ***RR NOT FOUND***
2025-03-05 12:23:31,911 - INFO - Iteracja 2: condition_best: emp1 = {no}, quality_best: 1.0, coverage_best: (p=28, n=0, P=432, N=0)
2025-03-05 12:23:31,915 - INFO - Regula po iteracji 2: IF age <= 19.50 AND emp32 = {no} AND emp1 = {no} THEN survival_status = {inf}, (p=28, n=0, P=432, N=0)
2025-03-05 12:23:31,916 - INFO - *****GROWING RR RULE*****
2025-03-05 12:23:33,767 - INFO - Iteracja 0: condition_best: None, quality_best: -inf, coverage_best: (p=0, n=0, P=0, N=0), p_value: 0
2025-03-05 12:23:33,770 - INFO - Regula po iteracji 0: IF  THEN survival_status = {nan}, (p=432, n=0, P=432, N=0)
2025-03-05 12:23:33,770 - INFO - *****STOP GROWING RR RULE*****
2025-03-05 12:23:33,770 - INFO - ***RR NOT FOUND***
2025-03-05 12:23:34,020 - INFO - Iteracja 3: condition_best: prio >= 0.50, quality_best: 1.0, coverage_best: (p=24, n=0, P=432, N=0)
2025-03-05 12:23:34,023 - INFO - Regula po iteracji 3: IF age <= 19.50 AND emp32 = {no} AND emp1 = {no} AND prio >= 0.50 THEN survival_status = {49.0}, (p=24, n=0, P=432, N=0)
2025-03-05 12:23:34,024 - INFO - *****GROWING RR RULE*****
2025-03-05 12:23:35,870 - INFO - Iteracja 0: condition_best: None, quality_best: -inf, coverage_best: (p=0, n=0, P=0, N=0), p_value: 0
2025-03-05 12:23:35,873 - INFO - Regula po iteracji 0: IF  THEN survival_status = {nan}, (p=432, n=0, P=432, N=0)
2025-03-05 12:23:35,873 - INFO - *****STOP GROWING RR RULE*****
2025-03-05 12:23:35,873 - INFO - ***RR NOT FOUND***
2025-03-05 12:23:36,131 - INFO - Iteracja 4: condition_best: educ <= 3.50, quality_best: 1.0, coverage_best: (p=16, n=0, P=432, N=0)
2025-03-05 12:23:36,136 - INFO - Regula po iteracji 4: IF age <= 19.50 AND emp32 = {no} AND emp1 = {no} AND prio >= 0.50 AND educ <= 3.50 THEN survival_status = {49.0}, (p=16, n=0, P=432, N=0)
2025-03-05 12:23:36,136 - INFO - *****GROWING RR RULE*****
2025-03-05 12:23:37,925 - INFO - Iteracja 0: condition_best: None, quality_best: -inf, coverage_best: (p=0, n=0, P=0, N=0), p_value: 0
2025-03-05 12:23:37,928 - INFO - Regula po iteracji 0: IF  THEN survival_status = {nan}, (p=432, n=0, P=432, N=0)
2025-03-05 12:23:37,928 - INFO - *****STOP GROWING RR RULE*****
2025-03-05 12:23:37,928 - INFO - ***RR NOT FOUND***
2025-03-05 12:23:37,928 - INFO - *******STOP GROWING CR RULE*******
2025-03-05 12:23:37,941 - INFO - *******GROWING CR RULE*******
2025-03-05 12:23:38,196 - INFO - Iteracja 0: condition_best: age <= 19.50, quality_best: 1.0, coverage_best: (p=66, n=0, P=432, N=0)
2025-03-05 12:23:38,199 - INFO - Regula po iteracji 0: IF age <= 19.50 THEN survival_status = {nan}, (p=66, n=0, P=432, N=0)
2025-03-05 12:23:38,199 - INFO - *****GROWING RR RULE*****
2025-03-05 12:23:40,097 - INFO - Iteracja 0: condition_best: None, quality_best: -inf, coverage_best: (p=0, n=0, P=0, N=0), p_value: 0
2025-03-05 12:23:40,100 - INFO - Regula po iteracji 0: IF  THEN survival_status = {nan}, (p=432, n=0, P=432, N=0)
2025-03-05 12:23:40,100 - INFO - *****STOP GROWING RR RULE*****
2025-03-05 12:23:40,100 - INFO - ***RR NOT FOUND***
2025-03-05 12:23:40,306 - INFO - Iteracja 1: condition_best: emp32 = {no}, quality_best: 1.0, coverage_best: (p=34, n=0, P=432, N=0)
2025-03-05 12:23:40,309 - INFO - Regula po iteracji 1: IF age <= 19.50 AND emp32 = {no} THEN survival_status = {inf}, (p=34, n=0, P=432, N=0)
2025-03-05 12:23:40,309 - INFO - *****GROWING RR RULE*****
2025-03-05 12:23:42,154 - INFO - Iteracja 0: condition_best: None, quality_best: -inf, coverage_best: (p=0, n=0, P=0, N=0), p_value: 0
2025-03-05 12:23:42,157 - INFO - Regula po iteracji 0: IF  THEN survival_status = {nan}, (p=432, n=0, P=432, N=0)
2025-03-05 12:23:42,157 - INFO - *****STOP GROWING RR RULE*****
2025-03-05 12:23:42,158 - INFO - ***RR NOT FOUND***
2025-03-05 12:23:42,371 - INFO - Iteracja 2: condition_best: emp1 = {no}, quality_best: 1.0, coverage_best: (p=28, n=0, P=432, N=0)
2025-03-05 12:23:42,375 - INFO - Regula po iteracji 2: IF age <= 19.50 AND emp32 = {no} AND emp1 = {no} THEN survival_status = {inf}, (p=28, n=0, P=432, N=0)
2025-03-05 12:23:42,375 - INFO - *****GROWING RR RULE*****
2025-03-05 12:23:44,228 - INFO - Iteracja 0: condition_best: None, quality_best: -inf, coverage_best: (p=0, n=0, P=0, N=0), p_value: 0
2025-03-05 12:23:44,231 - INFO - Regula po iteracji 0: IF  THEN survival_status = {nan}, (p=432, n=0, P=432, N=0)
2025-03-05 12:23:44,231 - INFO - *****STOP GROWING RR RULE*****
2025-03-05 12:23:44,231 - INFO - ***RR NOT FOUND***
2025-03-05 12:23:44,474 - INFO - Iteracja 3: condition_best: prio >= 0.50, quality_best: 1.0, coverage_best: (p=24, n=0, P=432, N=0)
2025-03-05 12:23:44,478 - INFO - Regula po iteracji 3: IF age <= 19.50 AND emp32 = {no} AND emp1 = {no} AND prio >= 0.50 THEN survival_status = {49.0}, (p=24, n=0, P=432, N=0)
2025-03-05 12:23:44,478 - INFO - *****GROWING RR RULE*****
2025-03-05 12:23:46,323 - INFO - Iteracja 0: condition_best: None, quality_best: -inf, coverage_best: (p=0, n=0, P=0, N=0), p_value: 0
2025-03-05 12:23:46,326 - INFO - Regula po iteracji 0: IF  THEN survival_status = {nan}, (p=432, n=0, P=432, N=0)
2025-03-05 12:23:46,326 - INFO - *****STOP GROWING RR RULE*****
2025-03-05 12:23:46,326 - INFO - ***RR NOT FOUND***
2025-03-05 12:23:46,579 - INFO - Iteracja 4: condition_best: race = {black}, quality_best: 1.0, coverage_best: (p=20, n=0, P=432, N=0)
2025-03-05 12:23:46,583 - INFO - Regula po iteracji 4: IF age <= 19.50 AND emp32 = {no} AND emp1 = {no} AND prio >= 0.50 AND race = {black} THEN survival_status = {49.0}, (p=20, n=0, P=432, N=0)
2025-03-05 12:23:46,584 - INFO - *****GROWING RR RULE*****
2025-03-05 12:23:48,427 - INFO - Iteracja 0: condition_best: None, quality_best: -inf, coverage_best: (p=0, n=0, P=0, N=0), p_value: 0
2025-03-05 12:23:48,430 - INFO - Regula po iteracji 0: IF  THEN survival_status = {nan}, (p=432, n=0, P=432, N=0)
2025-03-05 12:23:48,430 - INFO - *****STOP GROWING RR RULE*****
2025-03-05 12:23:48,430 - INFO - ***RR NOT FOUND***
2025-03-05 12:23:48,430 - INFO - *******STOP GROWING CR RULE*******
2025-03-05 12:23:48,444 - INFO - *******GROWING CR RULE*******
2025-03-05 12:23:48,694 - INFO - Iteracja 0: condition_best: age <= 19.50, quality_best: 1.0, coverage_best: (p=66, n=0, P=432, N=0)
2025-03-05 12:23:48,697 - INFO - Regula po iteracji 0: IF age <= 19.50 THEN survival_status = {nan}, (p=66, n=0, P=432, N=0)
2025-03-05 12:23:48,698 - INFO - *****GROWING RR RULE*****
2025-03-05 12:23:50,596 - INFO - Iteracja 0: condition_best: None, quality_best: -inf, coverage_best: (p=0, n=0, P=0, N=0), p_value: 0
2025-03-05 12:23:50,599 - INFO - Regula po iteracji 0: IF  THEN survival_status = {nan}, (p=432, n=0, P=432, N=0)
2025-03-05 12:23:50,599 - INFO - *****STOP GROWING RR RULE*****
2025-03-05 12:23:50,599 - INFO - ***RR NOT FOUND***
2025-03-05 12:23:50,803 - INFO - Iteracja 1: condition_best: emp32 = {no}, quality_best: 1.0, coverage_best: (p=34, n=0, P=432, N=0)
2025-03-05 12:23:50,807 - INFO - Regula po iteracji 1: IF age <= 19.50 AND emp32 = {no} THEN survival_status = {inf}, (p=34, n=0, P=432, N=0)
2025-03-05 12:23:50,807 - INFO - *****GROWING RR RULE*****
2025-03-05 12:23:52,654 - INFO - Iteracja 0: condition_best: None, quality_best: -inf, coverage_best: (p=0, n=0, P=0, N=0), p_value: 0
2025-03-05 12:23:52,657 - INFO - Regula po iteracji 0: IF  THEN survival_status = {nan}, (p=432, n=0, P=432, N=0)
2025-03-05 12:23:52,657 - INFO - *****STOP GROWING RR RULE*****
2025-03-05 12:23:52,657 - INFO - ***RR NOT FOUND***
2025-03-05 12:23:52,868 - INFO - Iteracja 2: condition_best: educ <= 4.50, quality_best: 1.0, coverage_best: (p=33, n=0, P=432, N=0)
2025-03-05 12:23:52,872 - INFO - Regula po iteracji 2: IF age <= 19.50 AND emp32 = {no} AND educ <= 4.50 THEN survival_status = {inf}, (p=33, n=0, P=432, N=0)
2025-03-05 12:23:52,872 - INFO - *****GROWING RR RULE*****
2025-03-05 12:23:54,715 - INFO - Iteracja 0: condition_best: None, quality_best: -inf, coverage_best: (p=0, n=0, P=0, N=0), p_value: 0
2025-03-05 12:23:54,718 - INFO - Regula po iteracji 0: IF  THEN survival_status = {nan}, (p=432, n=0, P=432, N=0)
2025-03-05 12:23:54,718 - INFO - *****STOP GROWING RR RULE*****
2025-03-05 12:23:54,718 - INFO - ***RR NOT FOUND***
2025-03-05 12:23:54,941 - INFO - Iteracja 3: condition_best: educ >= 2.50, quality_best: 1.0, coverage_best: (p=32, n=0, P=432, N=0)
2025-03-05 12:23:54,945 - INFO - Regula po iteracji 3: IF age <= 19.50 AND emp32 = {no} AND educ <= 4.50 AND educ >= 2.50 THEN survival_status = {inf}, (p=32, n=0, P=432, N=0)
2025-03-05 12:23:54,945 - INFO - *****GROWING RR RULE*****
2025-03-05 12:23:56,784 - INFO - Iteracja 0: condition_best: None, quality_best: -inf, coverage_best: (p=0, n=0, P=0, N=0), p_value: 0
2025-03-05 12:23:56,787 - INFO - Regula po iteracji 0: IF  THEN survival_status = {nan}, (p=432, n=0, P=432, N=0)
2025-03-05 12:23:56,787 - INFO - *****STOP GROWING RR RULE*****
2025-03-05 12:23:56,787 - INFO - ***RR NOT FOUND***
2025-03-05 12:23:57,018 - INFO - Iteracja 4: condition_best: race = {black}, quality_best: 1.0, coverage_best: (p=28, n=0, P=432, N=0)
2025-03-05 12:23:57,021 - INFO - Regula po iteracji 4: IF age <= 19.50 AND emp32 = {no} AND educ <= 4.50 AND educ >= 2.50 AND race = {black} THEN survival_status = {inf}, (p=28, n=0, P=432, N=0)
2025-03-05 12:23:57,022 - INFO - *****GROWING RR RULE*****
2025-03-05 12:23:58,867 - INFO - Iteracja 0: condition_best: None, quality_best: -inf, coverage_best: (p=0, n=0, P=0, N=0), p_value: 0
2025-03-05 12:23:58,870 - INFO - Regula po iteracji 0: IF  THEN survival_status = {nan}, (p=432, n=0, P=432, N=0)
2025-03-05 12:23:58,870 - INFO - *****STOP GROWING RR RULE*****
2025-03-05 12:23:58,870 - INFO - ***RR NOT FOUND***
2025-03-05 12:23:58,870 - INFO - *******STOP GROWING CR RULE*******
2025-03-05 12:23:58,883 - INFO - *******GROWING CR RULE*******
2025-03-05 12:23:59,132 - INFO - Iteracja 0: condition_best: age <= 19.50, quality_best: 1.0, coverage_best: (p=66, n=0, P=432, N=0)
2025-03-05 12:23:59,135 - INFO - Regula po iteracji 0: IF age <= 19.50 THEN survival_status = {nan}, (p=66, n=0, P=432, N=0)
2025-03-05 12:23:59,135 - INFO - *****GROWING RR RULE*****
2025-03-05 12:24:01,031 - INFO - Iteracja 0: condition_best: None, quality_best: -inf, coverage_best: (p=0, n=0, P=0, N=0), p_value: 0
2025-03-05 12:24:01,034 - INFO - Regula po iteracji 0: IF  THEN survival_status = {nan}, (p=432, n=0, P=432, N=0)
2025-03-05 12:24:01,034 - INFO - *****STOP GROWING RR RULE*****
2025-03-05 12:24:01,034 - INFO - ***RR NOT FOUND***
2025-03-05 12:24:01,236 - INFO - Iteracja 1: condition_best: prio >= 4.50, quality_best: 1.0, coverage_best: (p=17, n=0, P=432, N=0)
2025-03-05 12:24:01,239 - INFO - Regula po iteracji 1: IF age <= 19.50 AND prio >= 4.50 THEN survival_status = {inf}, (p=17, n=0, P=432, N=0)
2025-03-05 12:24:01,239 - INFO - *****GROWING RR RULE*****
2025-03-05 12:24:03,112 - INFO - Iteracja 0: condition_best: None, quality_best: -inf, coverage_best: (p=0, n=0, P=0, N=0), p_value: 0
2025-03-05 12:24:03,115 - INFO - Regula po iteracji 0: IF  THEN survival_status = {nan}, (p=432, n=0, P=432, N=0)
2025-03-05 12:24:03,115 - INFO - *****STOP GROWING RR RULE*****
2025-03-05 12:24:03,115 - INFO - ***RR NOT FOUND***
2025-03-05 12:24:03,316 - INFO - Iteracja 2: condition_best: emp3 = {no}, quality_best: 1.0, coverage_best: (p=13, n=0, P=432, N=0)
2025-03-05 12:24:03,320 - INFO - Regula po iteracji 2: IF age <= 19.50 AND prio >= 4.50 AND emp3 = {no} THEN survival_status = {33.0}, (p=13, n=0, P=432, N=0)
2025-03-05 12:24:03,320 - INFO - *****GROWING RR RULE*****
2025-03-05 12:24:05,126 - INFO - Iteracja 0: condition_best: None, quality_best: -inf, coverage_best: (p=0, n=0, P=0, N=0), p_value: 0
2025-03-05 12:24:05,129 - INFO - Regula po iteracji 0: IF  THEN survival_status = {nan}, (p=432, n=0, P=432, N=0)
2025-03-05 12:24:05,130 - INFO - *****STOP GROWING RR RULE*****
2025-03-05 12:24:05,130 - INFO - ***RR NOT FOUND***
2025-03-05 12:24:05,321 - INFO - Iteracja 3: condition_best: race = {black}, quality_best: 1.0, coverage_best: (p=11, n=0, P=432, N=0)
2025-03-05 12:24:05,325 - INFO - Regula po iteracji 3: IF age <= 19.50 AND prio >= 4.50 AND emp3 = {no} AND race = {black} THEN survival_status = {28.0}, (p=11, n=0, P=432, N=0)
2025-03-05 12:24:05,326 - INFO - *****GROWING RR RULE*****
2025-03-05 12:24:07,118 - INFO - Iteracja 0: condition_best: None, quality_best: -inf, coverage_best: (p=0, n=0, P=0, N=0), p_value: 0
2025-03-05 12:24:07,121 - INFO - Regula po iteracji 0: IF  THEN survival_status = {nan}, (p=432, n=0, P=432, N=0)
2025-03-05 12:24:07,121 - INFO - *****STOP GROWING RR RULE*****
2025-03-05 12:24:07,121 - INFO - ***RR NOT FOUND***
2025-03-05 12:24:07,324 - INFO - Iteracja 4: condition_best: mar = {not married}, quality_best: 1.0, coverage_best: (p=11, n=0, P=432, N=0)
2025-03-05 12:24:07,328 - INFO - Regula po iteracji 4: IF age <= 19.50 AND prio >= 4.50 AND emp3 = {no} AND race = {black} AND mar = {not married} THEN survival_status = {28.0}, (p=11, n=0, P=432, N=0)
2025-03-05 12:24:07,328 - INFO - *****GROWING RR RULE*****
2025-03-05 12:24:09,120 - INFO - Iteracja 0: condition_best: None, quality_best: -inf, coverage_best: (p=0, n=0, P=0, N=0), p_value: 0
2025-03-05 12:24:09,123 - INFO - Regula po iteracji 0: IF  THEN survival_status = {nan}, (p=432, n=0, P=432, N=0)
2025-03-05 12:24:09,123 - INFO - *****STOP GROWING RR RULE*****
2025-03-05 12:24:09,123 - INFO - ***RR NOT FOUND***
2025-03-05 12:24:09,123 - INFO - *******STOP GROWING CR RULE*******
2025-03-05 12:24:09,134 - INFO - *******GROWING CR RULE*******
2025-03-05 12:24:09,378 - INFO - Iteracja 0: condition_best: age <= 19.50, quality_best: 1.0, coverage_best: (p=66, n=0, P=432, N=0)
2025-03-05 12:24:09,381 - INFO - Regula po iteracji 0: IF age <= 19.50 THEN survival_status = {nan}, (p=66, n=0, P=432, N=0)
2025-03-05 12:24:09,382 - INFO - *****GROWING RR RULE*****
2025-03-05 12:24:11,273 - INFO - Iteracja 0: condition_best: None, quality_best: -inf, coverage_best: (p=0, n=0, P=0, N=0), p_value: 0
2025-03-05 12:24:11,276 - INFO - Regula po iteracji 0: IF  THEN survival_status = {nan}, (p=432, n=0, P=432, N=0)
2025-03-05 12:24:11,276 - INFO - *****STOP GROWING RR RULE*****
2025-03-05 12:24:11,276 - INFO - ***RR NOT FOUND***
2025-03-05 12:24:11,474 - INFO - Iteracja 1: condition_best: prio >= 4.50, quality_best: 1.0, coverage_best: (p=17, n=0, P=432, N=0)
2025-03-05 12:24:11,477 - INFO - Regula po iteracji 1: IF age <= 19.50 AND prio >= 4.50 THEN survival_status = {inf}, (p=17, n=0, P=432, N=0)
2025-03-05 12:24:11,478 - INFO - *****GROWING RR RULE*****
2025-03-05 12:24:13,345 - INFO - Iteracja 0: condition_best: None, quality_best: -inf, coverage_best: (p=0, n=0, P=0, N=0), p_value: 0
2025-03-05 12:24:13,348 - INFO - Regula po iteracji 0: IF  THEN survival_status = {nan}, (p=432, n=0, P=432, N=0)
2025-03-05 12:24:13,348 - INFO - *****STOP GROWING RR RULE*****
2025-03-05 12:24:13,348 - INFO - ***RR NOT FOUND***
2025-03-05 12:24:13,546 - INFO - Iteracja 2: condition_best: mar = {not married}, quality_best: 1.0, coverage_best: (p=17, n=0, P=432, N=0)
2025-03-05 12:24:13,549 - INFO - Regula po iteracji 2: IF age <= 19.50 AND prio >= 4.50 AND mar = {not married} THEN survival_status = {33.0}, (p=17, n=0, P=432, N=0)
2025-03-05 12:24:13,550 - INFO - *****GROWING RR RULE*****
2025-03-05 12:24:15,418 - INFO - Iteracja 0: condition_best: None, quality_best: -inf, coverage_best: (p=0, n=0, P=0, N=0), p_value: 0
2025-03-05 12:24:15,421 - INFO - Regula po iteracji 0: IF  THEN survival_status = {nan}, (p=432, n=0, P=432, N=0)
2025-03-05 12:24:15,421 - INFO - *****STOP GROWING RR RULE*****
2025-03-05 12:24:15,421 - INFO - ***RR NOT FOUND***
2025-03-05 12:24:15,651 - INFO - Iteracja 3: condition_best: prio <= 15.50, quality_best: 1.0, coverage_best: (p=16, n=0, P=432, N=0)
2025-03-05 12:24:15,655 - INFO - Regula po iteracji 3: IF age <= 19.50 AND prio >= 4.50 AND mar = {not married} AND prio <= 15.50 THEN survival_status = {33.0}, (p=16, n=0, P=432, N=0)
2025-03-05 12:24:15,655 - INFO - *****GROWING RR RULE*****
2025-03-05 12:24:17,514 - INFO - Iteracja 0: condition_best: None, quality_best: -inf, coverage_best: (p=0, n=0, P=0, N=0), p_value: 0
2025-03-05 12:24:17,517 - INFO - Regula po iteracji 0: IF  THEN survival_status = {nan}, (p=432, n=0, P=432, N=0)
2025-03-05 12:24:17,517 - INFO - *****STOP GROWING RR RULE*****
2025-03-05 12:24:17,517 - INFO - ***RR NOT FOUND***
2025-03-05 12:24:17,756 - INFO - Iteracja 4: condition_best: prio >= 5.50, quality_best: 1.0, coverage_best: (p=13, n=0, P=432, N=0)
2025-03-05 12:24:17,759 - INFO - Regula po iteracji 4: IF age <= 19.50 AND prio >= 4.50 AND mar = {not married} AND prio <= 15.50 AND prio >= 5.50 THEN survival_status = {33.0}, (p=13, n=0, P=432, N=0)
2025-03-05 12:24:17,760 - INFO - *****GROWING RR RULE*****
2025-03-05 12:24:19,602 - INFO - Iteracja 0: condition_best: None, quality_best: -inf, coverage_best: (p=0, n=0, P=0, N=0), p_value: 0
2025-03-05 12:24:19,605 - INFO - Regula po iteracji 0: IF  THEN survival_status = {nan}, (p=432, n=0, P=432, N=0)
2025-03-05 12:24:19,605 - INFO - *****STOP GROWING RR RULE*****
2025-03-05 12:24:19,605 - INFO - ***RR NOT FOUND***
2025-03-05 12:24:19,605 - INFO - *******STOP GROWING CR RULE*******
2025-03-05 12:24:19,612 - INFO - *******GROWING CR RULE*******
2025-03-05 12:24:19,850 - INFO - Iteracja 0: condition_best: age <= 19.50, quality_best: 1.0, coverage_best: (p=66, n=0, P=432, N=0)
2025-03-05 12:24:19,854 - INFO - Regula po iteracji 0: IF age <= 19.50 THEN survival_status = {nan}, (p=66, n=0, P=432, N=0)
2025-03-05 12:24:19,854 - INFO - *****GROWING RR RULE*****
2025-03-05 12:24:21,748 - INFO - Iteracja 0: condition_best: None, quality_best: -inf, coverage_best: (p=0, n=0, P=0, N=0), p_value: 0
2025-03-05 12:24:21,751 - INFO - Regula po iteracji 0: IF  THEN survival_status = {nan}, (p=432, n=0, P=432, N=0)
2025-03-05 12:24:21,751 - INFO - *****STOP GROWING RR RULE*****
2025-03-05 12:24:21,751 - INFO - ***RR NOT FOUND***
2025-03-05 12:24:21,946 - INFO - Iteracja 1: condition_best: emp6 = {no}, quality_best: 1.0, coverage_best: (p=39, n=0, P=432, N=0)
2025-03-05 12:24:21,949 - INFO - Regula po iteracji 1: IF age <= 19.50 AND emp6 = {no} THEN survival_status = {inf}, (p=39, n=0, P=432, N=0)
2025-03-05 12:24:21,950 - INFO - *****GROWING RR RULE*****
2025-03-05 12:24:23,838 - INFO - Iteracja 0: condition_best: None, quality_best: -inf, coverage_best: (p=0, n=0, P=0, N=0), p_value: 0
2025-03-05 12:24:23,841 - INFO - Regula po iteracji 0: IF  THEN survival_status = {nan}, (p=432, n=0, P=432, N=0)
2025-03-05 12:24:23,841 - INFO - *****STOP GROWING RR RULE*****
2025-03-05 12:24:23,841 - INFO - ***RR NOT FOUND***
2025-03-05 12:24:24,069 - INFO - Iteracja 2: condition_best: age >= 18.50, quality_best: 1.0, coverage_best: (p=24, n=0, P=432, N=0)
2025-03-05 12:24:24,073 - INFO - Regula po iteracji 2: IF age <= 19.50 AND emp6 = {no} AND age >= 18.50 THEN survival_status = {48.0}, (p=24, n=0, P=432, N=0)
2025-03-05 12:24:24,073 - INFO - *****GROWING RR RULE*****
2025-03-05 12:24:25,943 - INFO - Iteracja 0: condition_best: None, quality_best: -inf, coverage_best: (p=0, n=0, P=0, N=0), p_value: 0
2025-03-05 12:24:25,946 - INFO - Regula po iteracji 0: IF  THEN survival_status = {nan}, (p=432, n=0, P=432, N=0)
2025-03-05 12:24:25,946 - INFO - *****STOP GROWING RR RULE*****
2025-03-05 12:24:25,946 - INFO - ***RR NOT FOUND***
2025-03-05 12:24:26,163 - INFO - Iteracja 3: condition_best: emp1 = {no}, quality_best: 1.0, coverage_best: (p=23, n=0, P=432, N=0)
2025-03-05 12:24:26,167 - INFO - Regula po iteracji 3: IF age <= 19.50 AND emp6 = {no} AND age >= 18.50 AND emp1 = {no} THEN survival_status = {34.0}, (p=23, n=0, P=432, N=0)
2025-03-05 12:24:26,167 - INFO - *****GROWING RR RULE*****
2025-03-05 12:24:28,036 - INFO - Iteracja 0: condition_best: None, quality_best: -inf, coverage_best: (p=0, n=0, P=0, N=0), p_value: 0
2025-03-05 12:24:28,039 - INFO - Regula po iteracji 0: IF  THEN survival_status = {nan}, (p=432, n=0, P=432, N=0)
2025-03-05 12:24:28,039 - INFO - *****STOP GROWING RR RULE*****
2025-03-05 12:24:28,039 - INFO - ***RR NOT FOUND***
2025-03-05 12:24:28,286 - INFO - Iteracja 4: condition_best: mar = {not married}, quality_best: 1.0, coverage_best: (p=23, n=0, P=432, N=0)
2025-03-05 12:24:28,290 - INFO - Regula po iteracji 4: IF age <= 19.50 AND emp6 = {no} AND age >= 18.50 AND emp1 = {no} AND mar = {not married} THEN survival_status = {34.0}, (p=23, n=0, P=432, N=0)
2025-03-05 12:24:28,290 - INFO - *****GROWING RR RULE*****
2025-03-05 12:24:30,158 - INFO - Iteracja 0: condition_best: None, quality_best: -inf, coverage_best: (p=0, n=0, P=0, N=0), p_value: 0
2025-03-05 12:24:30,161 - INFO - Regula po iteracji 0: IF  THEN survival_status = {nan}, (p=432, n=0, P=432, N=0)
2025-03-05 12:24:30,161 - INFO - *****STOP GROWING RR RULE*****
2025-03-05 12:24:30,161 - INFO - ***RR NOT FOUND***
2025-03-05 12:24:30,161 - INFO - *******STOP GROWING CR RULE*******
2025-03-05 12:24:30,172 - INFO - *******GROWING CR RULE*******
2025-03-05 12:24:30,406 - INFO - Iteracja 0: condition_best: age <= 19.50, quality_best: 1.0, coverage_best: (p=66, n=0, P=432, N=0)
2025-03-05 12:24:30,410 - INFO - Regula po iteracji 0: IF age <= 19.50 THEN survival_status = {nan}, (p=66, n=0, P=432, N=0)
2025-03-05 12:24:30,410 - INFO - *****GROWING RR RULE*****
2025-03-05 12:24:32,308 - INFO - Iteracja 0: condition_best: None, quality_best: -inf, coverage_best: (p=0, n=0, P=0, N=0), p_value: 0
2025-03-05 12:24:32,311 - INFO - Regula po iteracji 0: IF  THEN survival_status = {nan}, (p=432, n=0, P=432, N=0)
2025-03-05 12:24:32,311 - INFO - *****STOP GROWING RR RULE*****
2025-03-05 12:24:32,311 - INFO - ***RR NOT FOUND***
2025-03-05 12:24:32,503 - INFO - Iteracja 1: condition_best: emp1 = {no}, quality_best: 1.0, coverage_best: (p=58, n=0, P=432, N=0)
2025-03-05 12:24:32,506 - INFO - Regula po iteracji 1: IF age <= 19.50 AND emp1 = {no} THEN survival_status = {inf}, (p=58, n=0, P=432, N=0)
2025-03-05 12:24:32,507 - INFO - *****GROWING RR RULE*****
2025-03-05 12:24:34,413 - INFO - Iteracja 0: condition_best: None, quality_best: -inf, coverage_best: (p=0, n=0, P=0, N=0), p_value: 0
2025-03-05 12:24:34,416 - INFO - Regula po iteracji 0: IF  THEN survival_status = {nan}, (p=432, n=0, P=432, N=0)
2025-03-05 12:24:34,416 - INFO - *****STOP GROWING RR RULE*****
2025-03-05 12:24:34,416 - INFO - ***RR NOT FOUND***
2025-03-05 12:24:34,642 - INFO - Iteracja 2: condition_best: educ >= 2.50, quality_best: 1.0, coverage_best: (p=56, n=0, P=432, N=0)
2025-03-05 12:24:34,645 - INFO - Regula po iteracji 2: IF age <= 19.50 AND emp1 = {no} AND educ >= 2.50 THEN survival_status = {49.0}, (p=56, n=0, P=432, N=0)
2025-03-05 12:24:34,645 - INFO - *****GROWING RR RULE*****
2025-03-05 12:24:36,555 - INFO - Iteracja 0: condition_best: None, quality_best: -inf, coverage_best: (p=0, n=0, P=0, N=0), p_value: 0
2025-03-05 12:24:36,558 - INFO - Regula po iteracji 0: IF  THEN survival_status = {nan}, (p=432, n=0, P=432, N=0)
2025-03-05 12:24:36,558 - INFO - *****STOP GROWING RR RULE*****
2025-03-05 12:24:36,558 - INFO - ***RR NOT FOUND***
2025-03-05 12:24:36,799 - INFO - Iteracja 3: condition_best: race = {black}, quality_best: 1.0, coverage_best: (p=48, n=0, P=432, N=0)
2025-03-05 12:24:36,803 - INFO - Regula po iteracji 3: IF age <= 19.50 AND emp1 = {no} AND educ >= 2.50 AND race = {black} THEN survival_status = {48.0}, (p=48, n=0, P=432, N=0)
2025-03-05 12:24:36,804 - INFO - *****GROWING RR RULE*****
2025-03-05 12:24:38,705 - INFO - Iteracja 0: condition_best: None, quality_best: -inf, coverage_best: (p=0, n=0, P=0, N=0), p_value: 0
2025-03-05 12:24:38,708 - INFO - Regula po iteracji 0: IF  THEN survival_status = {nan}, (p=432, n=0, P=432, N=0)
2025-03-05 12:24:38,708 - INFO - *****STOP GROWING RR RULE*****
2025-03-05 12:24:38,708 - INFO - ***RR NOT FOUND***
2025-03-05 12:24:38,975 - INFO - Iteracja 4: condition_best: prio >= 1.50, quality_best: 1.0, coverage_best: (p=36, n=0, P=432, N=0)
2025-03-05 12:24:38,979 - INFO - Regula po iteracji 4: IF age <= 19.50 AND emp1 = {no} AND educ >= 2.50 AND race = {black} AND prio >= 1.50 THEN survival_status = {45.0}, (p=36, n=0, P=432, N=0)
2025-03-05 12:24:38,980 - INFO - *****GROWING RR RULE*****
2025-03-05 12:24:40,872 - INFO - Iteracja 0: condition_best: None, quality_best: -inf, coverage_best: (p=0, n=0, P=0, N=0), p_value: 0
2025-03-05 12:24:40,875 - INFO - Regula po iteracji 0: IF  THEN survival_status = {nan}, (p=432, n=0, P=432, N=0)
2025-03-05 12:24:40,875 - INFO - *****STOP GROWING RR RULE*****
2025-03-05 12:24:40,875 - INFO - ***RR NOT FOUND***
2025-03-05 12:24:40,875 - INFO - *******STOP GROWING CR RULE*******
2025-03-05 12:24:40,889 - INFO - *******GROWING CR RULE*******
2025-03-05 12:24:41,121 - INFO - Iteracja 0: condition_best: age <= 19.50, quality_best: 1.0, coverage_best: (p=66, n=0, P=432, N=0)
2025-03-05 12:24:41,124 - INFO - Regula po iteracji 0: IF age <= 19.50 THEN survival_status = {nan}, (p=66, n=0, P=432, N=0)
2025-03-05 12:24:41,124 - INFO - *****GROWING RR RULE*****
2025-03-05 12:24:43,028 - INFO - Iteracja 0: condition_best: None, quality_best: -inf, coverage_best: (p=0, n=0, P=0, N=0), p_value: 0
2025-03-05 12:24:43,031 - INFO - Regula po iteracji 0: IF  THEN survival_status = {nan}, (p=432, n=0, P=432, N=0)
2025-03-05 12:24:43,031 - INFO - *****STOP GROWING RR RULE*****
2025-03-05 12:24:43,032 - INFO - ***RR NOT FOUND***
2025-03-05 12:24:43,220 - INFO - Iteracja 1: condition_best: emp1 = {no}, quality_best: 1.0, coverage_best: (p=58, n=0, P=432, N=0)
2025-03-05 12:24:43,224 - INFO - Regula po iteracji 1: IF age <= 19.50 AND emp1 = {no} THEN survival_status = {inf}, (p=58, n=0, P=432, N=0)
2025-03-05 12:24:43,224 - INFO - *****GROWING RR RULE*****
2025-03-05 12:24:45,130 - INFO - Iteracja 0: condition_best: None, quality_best: -inf, coverage_best: (p=0, n=0, P=0, N=0), p_value: 0
2025-03-05 12:24:45,133 - INFO - Regula po iteracji 0: IF  THEN survival_status = {nan}, (p=432, n=0, P=432, N=0)
2025-03-05 12:24:45,133 - INFO - *****STOP GROWING RR RULE*****
2025-03-05 12:24:45,133 - INFO - ***RR NOT FOUND***
2025-03-05 12:24:45,354 - INFO - Iteracja 2: condition_best: educ >= 2.50, quality_best: 1.0, coverage_best: (p=56, n=0, P=432, N=0)
2025-03-05 12:24:45,358 - INFO - Regula po iteracji 2: IF age <= 19.50 AND emp1 = {no} AND educ >= 2.50 THEN survival_status = {49.0}, (p=56, n=0, P=432, N=0)
2025-03-05 12:24:45,358 - INFO - *****GROWING RR RULE*****
2025-03-05 12:24:47,262 - INFO - Iteracja 0: condition_best: None, quality_best: -inf, coverage_best: (p=0, n=0, P=0, N=0), p_value: 0
2025-03-05 12:24:47,265 - INFO - Regula po iteracji 0: IF  THEN survival_status = {nan}, (p=432, n=0, P=432, N=0)
2025-03-05 12:24:47,265 - INFO - *****STOP GROWING RR RULE*****
2025-03-05 12:24:47,265 - INFO - ***RR NOT FOUND***
2025-03-05 12:24:47,502 - INFO - Iteracja 3: condition_best: race = {black}, quality_best: 1.0, coverage_best: (p=48, n=0, P=432, N=0)
2025-03-05 12:24:47,506 - INFO - Regula po iteracji 3: IF age <= 19.50 AND emp1 = {no} AND educ >= 2.50 AND race = {black} THEN survival_status = {48.0}, (p=48, n=0, P=432, N=0)
2025-03-05 12:24:47,506 - INFO - *****GROWING RR RULE*****
2025-03-05 12:24:49,402 - INFO - Iteracja 0: condition_best: None, quality_best: -inf, coverage_best: (p=0, n=0, P=0, N=0), p_value: 0
2025-03-05 12:24:49,405 - INFO - Regula po iteracji 0: IF  THEN survival_status = {nan}, (p=432, n=0, P=432, N=0)
2025-03-05 12:24:49,405 - INFO - *****STOP GROWING RR RULE*****
2025-03-05 12:24:49,405 - INFO - ***RR NOT FOUND***
2025-03-05 12:24:49,669 - INFO - Iteracja 4: condition_best: prio >= 0.50, quality_best: 1.0, coverage_best: (p=45, n=0, P=432, N=0)
2025-03-05 12:24:49,673 - INFO - Regula po iteracji 4: IF age <= 19.50 AND emp1 = {no} AND educ >= 2.50 AND race = {black} AND prio >= 0.50 THEN survival_status = {45.0}, (p=45, n=0, P=432, N=0)
2025-03-05 12:24:49,673 - INFO - *****GROWING RR RULE*****
2025-03-05 12:24:51,565 - INFO - Iteracja 0: condition_best: None, quality_best: -inf, coverage_best: (p=0, n=0, P=0, N=0), p_value: 0
2025-03-05 12:24:51,568 - INFO - Regula po iteracji 0: IF  THEN survival_status = {nan}, (p=432, n=0, P=432, N=0)
2025-03-05 12:24:51,568 - INFO - *****STOP GROWING RR RULE*****
2025-03-05 12:24:51,568 - INFO - ***RR NOT FOUND***
2025-03-05 12:24:51,568 - INFO - *******STOP GROWING CR RULE*******
2025-03-05 12:24:51,582 - INFO - *******GROWING CR RULE*******
2025-03-05 12:24:51,807 - INFO - Iteracja 0: condition_best: age >= 19.50, quality_best: 1.0, coverage_best: (p=366, n=0, P=432, N=0)
2025-03-05 12:24:51,810 - INFO - Regula po iteracji 0: IF age >= 19.50 THEN survival_status = {nan}, (p=366, n=0, P=432, N=0)
2025-03-05 12:24:51,811 - INFO - *****GROWING RR RULE*****
2025-03-05 12:24:53,851 - INFO - Iteracja 0: condition_best: None, quality_best: -inf, coverage_best: (p=0, n=0, P=0, N=0), p_value: 0
2025-03-05 12:24:53,854 - INFO - Regula po iteracji 0: IF  THEN survival_status = {nan}, (p=432, n=0, P=432, N=0)
2025-03-05 12:24:53,855 - INFO - *****STOP GROWING RR RULE*****
2025-03-05 12:24:53,855 - INFO - ***RR NOT FOUND***
2025-03-05 12:24:54,111 - INFO - Iteracja 1: condition_best: prio <= 10.50, quality_best: 1.0, coverage_best: (p=354, n=0, P=432, N=0)
2025-03-05 12:24:54,114 - INFO - Regula po iteracji 1: IF age >= 19.50 AND prio <= 10.50 THEN survival_status = {inf}, (p=354, n=0, P=432, N=0)
2025-03-05 12:24:54,114 - INFO - *****GROWING RR RULE*****
2025-03-05 12:24:56,132 - INFO - Iteracja 0: condition_best: None, quality_best: -inf, coverage_best: (p=0, n=0, P=0, N=0), p_value: 0
2025-03-05 12:24:56,136 - INFO - Regula po iteracji 0: IF  THEN survival_status = {nan}, (p=432, n=0, P=432, N=0)
2025-03-05 12:24:56,136 - INFO - *****STOP GROWING RR RULE*****
2025-03-05 12:24:56,136 - INFO - ***RR NOT FOUND***
2025-03-05 12:24:56,403 - INFO - Iteracja 2: condition_best: age <= 43.50, quality_best: 1.0, coverage_best: (p=351, n=0, P=432, N=0)
2025-03-05 12:24:56,406 - INFO - Regula po iteracji 2: IF age >= 19.50 AND prio <= 10.50 AND age <= 43.50 THEN survival_status = {inf}, (p=351, n=0, P=432, N=0)
2025-03-05 12:24:56,407 - INFO - *****GROWING RR RULE*****
2025-03-05 12:24:58,421 - INFO - Iteracja 0: condition_best: None, quality_best: -inf, coverage_best: (p=0, n=0, P=0, N=0), p_value: 0
2025-03-05 12:24:58,424 - INFO - Regula po iteracji 0: IF  THEN survival_status = {nan}, (p=432, n=0, P=432, N=0)
2025-03-05 12:24:58,425 - INFO - *****STOP GROWING RR RULE*****
2025-03-05 12:24:58,425 - INFO - ***RR NOT FOUND***
2025-03-05 12:24:58,705 - INFO - Iteracja 3: condition_best: prio <= 9.50, quality_best: 1.0, coverage_best: (p=347, n=0, P=432, N=0)
2025-03-05 12:24:58,708 - INFO - Regula po iteracji 3: IF age >= 19.50 AND prio <= 10.50 AND age <= 43.50 AND prio <= 9.50 THEN survival_status = {inf}, (p=347, n=0, P=432, N=0)
2025-03-05 12:24:58,709 - INFO - *****GROWING RR RULE*****
2025-03-05 12:25:00,715 - INFO - Iteracja 0: condition_best: None, quality_best: -inf, coverage_best: (p=0, n=0, P=0, N=0), p_value: 0
2025-03-05 12:25:00,718 - INFO - Regula po iteracji 0: IF  THEN survival_status = {nan}, (p=432, n=0, P=432, N=0)
2025-03-05 12:25:00,719 - INFO - *****STOP GROWING RR RULE*****
2025-03-05 12:25:00,719 - INFO - ***RR NOT FOUND***
2025-03-05 12:25:01,012 - INFO - Iteracja 4: condition_best: age <= 42.50, quality_best: 1.0, coverage_best: (p=343, n=0, P=432, N=0)
2025-03-05 12:25:01,015 - INFO - Regula po iteracji 4: IF age >= 19.50 AND prio <= 10.50 AND age <= 43.50 AND prio <= 9.50 AND age <= 42.50 THEN survival_status = {inf}, (p=343, n=0, P=432, N=0)
2025-03-05 12:25:01,016 - INFO - *****GROWING RR RULE*****
2025-03-05 12:25:03,021 - INFO - Iteracja 0: condition_best: None, quality_best: -inf, coverage_best: (p=0, n=0, P=0, N=0), p_value: 0
2025-03-05 12:25:03,024 - INFO - Regula po iteracji 0: IF  THEN survival_status = {nan}, (p=432, n=0, P=432, N=0)
2025-03-05 12:25:03,024 - INFO - *****STOP GROWING RR RULE*****
2025-03-05 12:25:03,024 - INFO - ***RR NOT FOUND***
2025-03-05 12:25:03,024 - INFO - *******STOP GROWING CR RULE*******
2025-03-05 12:25:03,079 - INFO - ************************Finished experiment for 13_Rossi.arff with algorithm4************************
2025-03-05 12:25:03,079 - INFO - *************************************************************************************************************************
2025-03-05 12:25:03,079 - INFO - *************************************************************************************************************************
2025-03-05 12:25:03,079 - INFO - *************************************************************************************************************************
