2025-03-05 10:54:43,879 - INFO - **********Starting experiment for 04_bmt-ch.arff with algorithm3**********
2025-03-05 10:54:43,898 - INFO - *******GROWING CR RULE*******
2025-03-05 10:54:48,656 - INFO - Iteracja 0: condition_best: PLTrecovery <= 500,142.50, quality_best: 1.0, coverage_best: (p=170, n=0, P=187, N=0)
2025-03-05 10:54:48,661 - INFO - Regula po iteracji 0: IF PLTrecovery <= 500,142.50 THEN survival_status = {nan}, (p=170, n=0, P=187, N=0)
2025-03-05 10:54:48,662 - INFO - *****GROWING RR RULE*****
2025-03-05 10:55:01,614 - INFO - Iteracja 0: condition_best: None, quality_best: -inf, coverage_best: (p=0, n=0, P=0, N=0), p_value: 0
2025-03-05 10:55:01,618 - INFO - Regula po iteracji 0: IF  THEN survival_status = {nan}, (p=187, n=0, P=187, N=0)
2025-03-05 10:55:01,618 - INFO - *****STOP GROWING RR RULE*****
2025-03-05 10:55:01,618 - INFO - ***RR NOT FOUND***
2025-03-05 10:55:06,346 - INFO - Iteracja 1: condition_best: Donorage <= 55.48, quality_best: 1.0, coverage_best: (p=169, n=0, P=187, N=0)
2025-03-05 10:55:06,350 - INFO - Regula po iteracji 1: IF PLTrecovery <= 500,142.50 AND Donorage <= 55.48 THEN survival_status = {inf}, (p=169, n=0, P=187, N=0)
2025-03-05 10:55:06,351 - INFO - *****GROWING RR RULE*****
2025-03-05 10:55:19,292 - INFO - Iteracja 0: condition_best: None, quality_best: -inf, coverage_best: (p=0, n=0, P=0, N=0), p_value: 0
2025-03-05 10:55:19,295 - INFO - Regula po iteracji 0: IF  THEN survival_status = {nan}, (p=187, n=0, P=187, N=0)
2025-03-05 10:55:19,296 - INFO - *****STOP GROWING RR RULE*****
2025-03-05 10:55:19,296 - INFO - ***RR NOT FOUND***
2025-03-05 10:55:24,229 - INFO - Iteracja 2: condition_best: Donorage <= 53.94, quality_best: 1.0, coverage_best: (p=168, n=0, P=187, N=0)
2025-03-05 10:55:24,234 - INFO - Regula po iteracji 2: IF PLTrecovery <= 500,142.50 AND Donorage <= 55.48 AND Donorage <= 53.94 THEN survival_status = {inf}, (p=168, n=0, P=187, N=0)
2025-03-05 10:55:24,234 - INFO - *****GROWING RR RULE*****
2025-03-05 10:55:37,179 - INFO - Iteracja 0: condition_best: None, quality_best: -inf, coverage_best: (p=0, n=0, P=0, N=0), p_value: 0
2025-03-05 10:55:37,183 - INFO - Regula po iteracji 0: IF  THEN survival_status = {nan}, (p=187, n=0, P=187, N=0)
2025-03-05 10:55:37,183 - INFO - *****STOP GROWING RR RULE*****
2025-03-05 10:55:37,183 - INFO - ***RR NOT FOUND***
2025-03-05 10:55:42,169 - INFO - Iteracja 3: condition_best: Donorage <= 52.23, quality_best: 1.0, coverage_best: (p=167, n=0, P=187, N=0)
2025-03-05 10:55:42,174 - INFO - Regula po iteracji 3: IF PLTrecovery <= 500,142.50 AND Donorage <= 55.48 AND Donorage <= 53.94 AND Donorage <= 52.23 THEN survival_status = {inf}, (p=167, n=0, P=187, N=0)
2025-03-05 10:55:42,174 - INFO - *****GROWING RR RULE*****
2025-03-05 10:55:55,094 - INFO - Iteracja 0: condition_best: None, quality_best: -inf, coverage_best: (p=0, n=0, P=0, N=0), p_value: 0
2025-03-05 10:55:55,098 - INFO - Regula po iteracji 0: IF  THEN survival_status = {nan}, (p=187, n=0, P=187, N=0)
2025-03-05 10:55:55,098 - INFO - *****STOP GROWING RR RULE*****
2025-03-05 10:55:55,098 - INFO - ***RR NOT FOUND***
2025-03-05 10:56:00,205 - INFO - Iteracja 4: condition_best: Donorage <= 50.93, quality_best: 1.0, coverage_best: (p=166, n=0, P=187, N=0)
2025-03-05 10:56:00,210 - INFO - Regula po iteracji 4: IF PLTrecovery <= 500,142.50 AND Donorage <= 55.48 AND Donorage <= 53.94 AND Donorage <= 52.23 AND Donorage <= 50.93 THEN survival_status = {inf}, (p=166, n=0, P=187, N=0)
2025-03-05 10:56:00,210 - INFO - *****GROWING RR RULE*****
2025-03-05 10:56:13,090 - INFO - Iteracja 0: condition_best: None, quality_best: -inf, coverage_best: (p=0, n=0, P=0, N=0), p_value: 0
2025-03-05 10:56:13,094 - INFO - Regula po iteracji 0: IF  THEN survival_status = {nan}, (p=187, n=0, P=187, N=0)
2025-03-05 10:56:13,094 - INFO - *****STOP GROWING RR RULE*****
2025-03-05 10:56:13,094 - INFO - ***RR NOT FOUND***
2025-03-05 10:56:13,094 - INFO - *******STOP GROWING CR RULE*******
2025-03-05 10:56:13,099 - INFO - *******GROWING CR RULE*******
2025-03-05 10:56:16,568 - INFO - Iteracja 0: condition_best: PLTrecovery >= 266.00, quality_best: 1.0, coverage_best: (p=18, n=0, P=187, N=0)
2025-03-05 10:56:16,573 - INFO - Regula po iteracji 0: IF PLTrecovery >= 266.00 THEN survival_status = {nan}, (p=18, n=0, P=187, N=0)
2025-03-05 10:56:16,573 - INFO - *****GROWING RR RULE*****
2025-03-05 10:56:26,128 - INFO - Iteracja 0: condition_best: None, quality_best: -inf, coverage_best: (p=0, n=0, P=0, N=0), p_value: 0
2025-03-05 10:56:26,132 - INFO - Regula po iteracji 0: IF  THEN survival_status = {nan}, (p=187, n=0, P=187, N=0)
2025-03-05 10:56:26,132 - INFO - *****STOP GROWING RR RULE*****
2025-03-05 10:56:26,132 - INFO - ***RR NOT FOUND***
2025-03-05 10:56:26,630 - INFO - Iteracja 1: condition_best: Txpostrelapse = {0}, quality_best: 1.0, coverage_best: (p=17, n=0, P=187, N=0)
2025-03-05 10:56:26,634 - INFO - Regula po iteracji 1: IF PLTrecovery >= 266.00 AND Txpostrelapse = {0} THEN survival_status = {42.0}, (p=17, n=0, P=187, N=0)
2025-03-05 10:56:26,635 - INFO - *****GROWING RR RULE*****
2025-03-05 10:56:36,173 - INFO - Iteracja 0: condition_best: None, quality_best: -inf, coverage_best: (p=0, n=0, P=0, N=0), p_value: 0
2025-03-05 10:56:36,176 - INFO - Regula po iteracji 0: IF  THEN survival_status = {nan}, (p=187, n=0, P=187, N=0)
2025-03-05 10:56:36,176 - INFO - *****STOP GROWING RR RULE*****
2025-03-05 10:56:36,176 - INFO - ***RR NOT FOUND***
2025-03-05 10:56:36,683 - INFO - Iteracja 2: condition_best: Relapse = {0}, quality_best: 1.0, coverage_best: (p=16, n=0, P=187, N=0)
2025-03-05 10:56:36,687 - INFO - Regula po iteracji 2: IF PLTrecovery >= 266.00 AND Txpostrelapse = {0} AND Relapse = {0} THEN survival_status = {42.0}, (p=16, n=0, P=187, N=0)
2025-03-05 10:56:36,688 - INFO - *****GROWING RR RULE*****
2025-03-05 10:56:46,197 - INFO - Iteracja 0: condition_best: None, quality_best: -inf, coverage_best: (p=0, n=0, P=0, N=0), p_value: 0
2025-03-05 10:56:46,201 - INFO - Regula po iteracji 0: IF  THEN survival_status = {nan}, (p=187, n=0, P=187, N=0)
2025-03-05 10:56:46,201 - INFO - *****STOP GROWING RR RULE*****
2025-03-05 10:56:46,201 - INFO - ***RR NOT FOUND***
2025-03-05 10:56:46,706 - INFO - Iteracja 3: condition_best: Gendermatch = {0}, quality_best: 1.0, coverage_best: (p=15, n=0, P=187, N=0)
2025-03-05 10:56:46,710 - INFO - Regula po iteracji 3: IF PLTrecovery >= 266.00 AND Txpostrelapse = {0} AND Relapse = {0} AND Gendermatch = {0} THEN survival_status = {41.0}, (p=15, n=0, P=187, N=0)
2025-03-05 10:56:46,710 - INFO - *****GROWING RR RULE*****
2025-03-05 10:56:56,135 - INFO - Iteracja 0: condition_best: None, quality_best: -inf, coverage_best: (p=0, n=0, P=0, N=0), p_value: 0
2025-03-05 10:56:56,139 - INFO - Regula po iteracji 0: IF  THEN survival_status = {nan}, (p=187, n=0, P=187, N=0)
2025-03-05 10:56:56,140 - INFO - *****STOP GROWING RR RULE*****
2025-03-05 10:56:56,140 - INFO - ***RR NOT FOUND***
2025-03-05 10:56:56,637 - INFO - Iteracja 4: condition_best: Donorage <= 48.50, quality_best: 1.0, coverage_best: (p=14, n=0, P=187, N=0)
2025-03-05 10:56:56,641 - INFO - Regula po iteracji 4: IF PLTrecovery >= 266.00 AND Txpostrelapse = {0} AND Relapse = {0} AND Gendermatch = {0} AND Donorage <= 48.50 THEN survival_status = {41.0}, (p=14, n=0, P=187, N=0)
2025-03-05 10:56:56,641 - INFO - *****GROWING RR RULE*****
2025-03-05 10:57:06,051 - INFO - Iteracja 0: condition_best: None, quality_best: -inf, coverage_best: (p=0, n=0, P=0, N=0), p_value: 0
2025-03-05 10:57:06,055 - INFO - Regula po iteracji 0: IF  THEN survival_status = {nan}, (p=187, n=0, P=187, N=0)
2025-03-05 10:57:06,056 - INFO - *****STOP GROWING RR RULE*****
2025-03-05 10:57:06,056 - INFO - ***RR NOT FOUND***
2025-03-05 10:57:06,056 - INFO - *******STOP GROWING CR RULE*******
2025-03-05 10:57:06,060 - INFO - *******GROWING CR RULE*******
2025-03-05 10:57:09,384 - INFO - Iteracja 0: condition_best: PLTrecovery <= 500,142.50, quality_best: 1.0, coverage_best: (p=170, n=0, P=187, N=0)
2025-03-05 10:57:09,388 - INFO - Regula po iteracji 0: IF PLTrecovery <= 500,142.50 THEN survival_status = {nan}, (p=170, n=0, P=187, N=0)
2025-03-05 10:57:09,389 - INFO - *****GROWING RR RULE*****
2025-03-05 10:57:22,332 - INFO - Iteracja 0: condition_best: None, quality_best: -inf, coverage_best: (p=0, n=0, P=0, N=0), p_value: 0
2025-03-05 10:57:22,336 - INFO - Regula po iteracji 0: IF  THEN survival_status = {nan}, (p=187, n=0, P=187, N=0)
2025-03-05 10:57:22,337 - INFO - *****STOP GROWING RR RULE*****
2025-03-05 10:57:22,337 - INFO - ***RR NOT FOUND***
2025-03-05 10:57:25,750 - INFO - Iteracja 1: condition_best: Donorage <= 55.48, quality_best: 1.0, coverage_best: (p=169, n=0, P=187, N=0)
2025-03-05 10:57:25,754 - INFO - Regula po iteracji 1: IF PLTrecovery <= 500,142.50 AND Donorage <= 55.48 THEN survival_status = {inf}, (p=169, n=0, P=187, N=0)
2025-03-05 10:57:25,754 - INFO - *****GROWING RR RULE*****
2025-03-05 10:57:38,705 - INFO - Iteracja 0: condition_best: None, quality_best: -inf, coverage_best: (p=0, n=0, P=0, N=0), p_value: 0
2025-03-05 10:57:38,709 - INFO - Regula po iteracji 0: IF  THEN survival_status = {nan}, (p=187, n=0, P=187, N=0)
2025-03-05 10:57:38,710 - INFO - *****STOP GROWING RR RULE*****
2025-03-05 10:57:38,710 - INFO - ***RR NOT FOUND***
2025-03-05 10:57:42,336 - INFO - Iteracja 2: condition_best: Donorage <= 53.94, quality_best: 1.0, coverage_best: (p=168, n=0, P=187, N=0)
2025-03-05 10:57:42,341 - INFO - Regula po iteracji 2: IF PLTrecovery <= 500,142.50 AND Donorage <= 55.48 AND Donorage <= 53.94 THEN survival_status = {inf}, (p=168, n=0, P=187, N=0)
2025-03-05 10:57:42,341 - INFO - *****GROWING RR RULE*****
2025-03-05 10:57:55,248 - INFO - Iteracja 0: condition_best: None, quality_best: -inf, coverage_best: (p=0, n=0, P=0, N=0), p_value: 0
2025-03-05 10:57:55,252 - INFO - Regula po iteracji 0: IF  THEN survival_status = {nan}, (p=187, n=0, P=187, N=0)
2025-03-05 10:57:55,252 - INFO - *****STOP GROWING RR RULE*****
2025-03-05 10:57:55,252 - INFO - ***RR NOT FOUND***
2025-03-05 10:57:58,934 - INFO - Iteracja 3: condition_best: Donorage <= 52.23, quality_best: 1.0, coverage_best: (p=167, n=0, P=187, N=0)
2025-03-05 10:57:58,938 - INFO - Regula po iteracji 3: IF PLTrecovery <= 500,142.50 AND Donorage <= 55.48 AND Donorage <= 53.94 AND Donorage <= 52.23 THEN survival_status = {inf}, (p=167, n=0, P=187, N=0)
2025-03-05 10:57:58,939 - INFO - *****GROWING RR RULE*****
2025-03-05 10:58:11,840 - INFO - Iteracja 0: condition_best: None, quality_best: -inf, coverage_best: (p=0, n=0, P=0, N=0), p_value: 0
2025-03-05 10:58:11,844 - INFO - Regula po iteracji 0: IF  THEN survival_status = {nan}, (p=187, n=0, P=187, N=0)
2025-03-05 10:58:11,844 - INFO - *****STOP GROWING RR RULE*****
2025-03-05 10:58:11,844 - INFO - ***RR NOT FOUND***
2025-03-05 10:58:15,628 - INFO - Iteracja 4: condition_best: Donorage <= 50.93, quality_best: 1.0, coverage_best: (p=166, n=0, P=187, N=0)
2025-03-05 10:58:15,633 - INFO - Regula po iteracji 4: IF PLTrecovery <= 500,142.50 AND Donorage <= 55.48 AND Donorage <= 53.94 AND Donorage <= 52.23 AND Donorage <= 50.93 THEN survival_status = {inf}, (p=166, n=0, P=187, N=0)
2025-03-05 10:58:15,633 - INFO - *****GROWING RR RULE*****
2025-03-05 10:58:28,505 - INFO - Iteracja 0: condition_best: None, quality_best: -inf, coverage_best: (p=0, n=0, P=0, N=0), p_value: 0
2025-03-05 10:58:28,509 - INFO - Regula po iteracji 0: IF  THEN survival_status = {nan}, (p=187, n=0, P=187, N=0)
2025-03-05 10:58:28,509 - INFO - *****STOP GROWING RR RULE*****
2025-03-05 10:58:28,509 - INFO - ***RR NOT FOUND***
2025-03-05 10:58:28,509 - INFO - *******STOP GROWING CR RULE*******
2025-03-05 10:58:28,522 - INFO - ************************Finished experiment for 04_bmt-ch.arff with algorithm3************************
2025-03-05 10:58:28,522 - INFO - *************************************************************************************************************************
2025-03-05 10:58:28,522 - INFO - *************************************************************************************************************************
2025-03-05 10:58:28,522 - INFO - *************************************************************************************************************************
2025-03-05 10:58:28,523 - INFO - **********Starting experiment for 04_bmt-ch.arff with algorithm4**********
2025-03-05 10:58:28,542 - INFO - *******GROWING CR RULE*******
2025-03-05 10:58:33,304 - INFO - Iteracja 0: condition_best: PLTrecovery <= 500,142.50, quality_best: 1.0, coverage_best: (p=170, n=0, P=187, N=0)
2025-03-05 10:58:33,309 - INFO - Regula po iteracji 0: IF PLTrecovery <= 500,142.50 THEN survival_status = {nan}, (p=170, n=0, P=187, N=0)
2025-03-05 10:58:33,309 - INFO - *****GROWING RR RULE*****
2025-03-05 10:58:55,560 - INFO - Iteracja 0: condition_best: None, quality_best: -inf, coverage_best: (p=0, n=0, P=0, N=0), p_value: 0
2025-03-05 10:58:55,563 - INFO - Regula po iteracji 0: IF  THEN survival_status = {nan}, (p=187, n=0, P=187, N=0)
2025-03-05 10:58:55,563 - INFO - *****STOP GROWING RR RULE*****
2025-03-05 10:58:55,563 - INFO - ***RR NOT FOUND***
2025-03-05 10:59:00,277 - INFO - Iteracja 1: condition_best: Donorage <= 55.48, quality_best: 1.0, coverage_best: (p=169, n=0, P=187, N=0)
2025-03-05 10:59:00,281 - INFO - Regula po iteracji 1: IF PLTrecovery <= 500,142.50 AND Donorage <= 55.48 THEN survival_status = {inf}, (p=169, n=0, P=187, N=0)
2025-03-05 10:59:00,281 - INFO - *****GROWING RR RULE*****
2025-03-05 10:59:22,454 - INFO - Iteracja 0: condition_best: None, quality_best: -inf, coverage_best: (p=0, n=0, P=0, N=0), p_value: 0
2025-03-05 10:59:22,458 - INFO - Regula po iteracji 0: IF  THEN survival_status = {nan}, (p=187, n=0, P=187, N=0)
2025-03-05 10:59:22,458 - INFO - *****STOP GROWING RR RULE*****
2025-03-05 10:59:22,458 - INFO - ***RR NOT FOUND***
2025-03-05 10:59:27,335 - INFO - Iteracja 2: condition_best: Donorage <= 53.94, quality_best: 1.0, coverage_best: (p=168, n=0, P=187, N=0)
2025-03-05 10:59:27,340 - INFO - Regula po iteracji 2: IF PLTrecovery <= 500,142.50 AND Donorage <= 55.48 AND Donorage <= 53.94 THEN survival_status = {inf}, (p=168, n=0, P=187, N=0)
2025-03-05 10:59:27,340 - INFO - *****GROWING RR RULE*****
2025-03-05 10:59:49,548 - INFO - Iteracja 0: condition_best: None, quality_best: -inf, coverage_best: (p=0, n=0, P=0, N=0), p_value: 0
2025-03-05 10:59:49,551 - INFO - Regula po iteracji 0: IF  THEN survival_status = {nan}, (p=187, n=0, P=187, N=0)
2025-03-05 10:59:49,552 - INFO - *****STOP GROWING RR RULE*****
2025-03-05 10:59:49,552 - INFO - ***RR NOT FOUND***
2025-03-05 10:59:54,549 - INFO - Iteracja 3: condition_best: Donorage <= 52.23, quality_best: 1.0, coverage_best: (p=167, n=0, P=187, N=0)
2025-03-05 10:59:54,554 - INFO - Regula po iteracji 3: IF PLTrecovery <= 500,142.50 AND Donorage <= 55.48 AND Donorage <= 53.94 AND Donorage <= 52.23 THEN survival_status = {inf}, (p=167, n=0, P=187, N=0)
2025-03-05 10:59:54,554 - INFO - *****GROWING RR RULE*****
2025-03-05 11:00:16,692 - INFO - Iteracja 0: condition_best: None, quality_best: -inf, coverage_best: (p=0, n=0, P=0, N=0), p_value: 0
2025-03-05 11:00:16,695 - INFO - Regula po iteracji 0: IF  THEN survival_status = {nan}, (p=187, n=0, P=187, N=0)
2025-03-05 11:00:16,695 - INFO - *****STOP GROWING RR RULE*****
2025-03-05 11:00:16,695 - INFO - ***RR NOT FOUND***
2025-03-05 11:00:21,790 - INFO - Iteracja 4: condition_best: Donorage <= 50.93, quality_best: 1.0, coverage_best: (p=166, n=0, P=187, N=0)
2025-03-05 11:00:21,794 - INFO - Regula po iteracji 4: IF PLTrecovery <= 500,142.50 AND Donorage <= 55.48 AND Donorage <= 53.94 AND Donorage <= 52.23 AND Donorage <= 50.93 THEN survival_status = {inf}, (p=166, n=0, P=187, N=0)
2025-03-05 11:00:21,795 - INFO - *****GROWING RR RULE*****
2025-03-05 11:00:44,017 - INFO - Iteracja 0: condition_best: None, quality_best: -inf, coverage_best: (p=0, n=0, P=0, N=0), p_value: 0
2025-03-05 11:00:44,020 - INFO - Regula po iteracji 0: IF  THEN survival_status = {nan}, (p=187, n=0, P=187, N=0)
2025-03-05 11:00:44,020 - INFO - *****STOP GROWING RR RULE*****
2025-03-05 11:00:44,020 - INFO - ***RR NOT FOUND***
2025-03-05 11:00:44,020 - INFO - *******STOP GROWING CR RULE*******
2025-03-05 11:00:44,025 - INFO - *******GROWING CR RULE*******
2025-03-05 11:00:47,499 - INFO - Iteracja 0: condition_best: PLTrecovery >= 266.00, quality_best: 1.0, coverage_best: (p=18, n=0, P=187, N=0)
2025-03-05 11:00:47,503 - INFO - Regula po iteracji 0: IF PLTrecovery >= 266.00 THEN survival_status = {nan}, (p=18, n=0, P=187, N=0)
2025-03-05 11:00:47,503 - INFO - *****GROWING RR RULE*****
2025-03-05 11:01:06,228 - INFO - Iteracja 0: condition_best: None, quality_best: -inf, coverage_best: (p=0, n=0, P=0, N=0), p_value: 0
2025-03-05 11:01:06,231 - INFO - Regula po iteracji 0: IF  THEN survival_status = {nan}, (p=187, n=0, P=187, N=0)
2025-03-05 11:01:06,231 - INFO - *****STOP GROWING RR RULE*****
2025-03-05 11:01:06,231 - INFO - ***RR NOT FOUND***
2025-03-05 11:01:06,728 - INFO - Iteracja 1: condition_best: Txpostrelapse = {0}, quality_best: 1.0, coverage_best: (p=17, n=0, P=187, N=0)
2025-03-05 11:01:06,731 - INFO - Regula po iteracji 1: IF PLTrecovery >= 266.00 AND Txpostrelapse = {0} THEN survival_status = {42.0}, (p=17, n=0, P=187, N=0)
2025-03-05 11:01:06,732 - INFO - *****GROWING RR RULE*****
2025-03-05 11:01:25,432 - INFO - Iteracja 0: condition_best: None, quality_best: -inf, coverage_best: (p=0, n=0, P=0, N=0), p_value: 0
2025-03-05 11:01:25,435 - INFO - Regula po iteracji 0: IF  THEN survival_status = {nan}, (p=187, n=0, P=187, N=0)
2025-03-05 11:01:25,435 - INFO - *****STOP GROWING RR RULE*****
2025-03-05 11:01:25,435 - INFO - ***RR NOT FOUND***
2025-03-05 11:01:25,939 - INFO - Iteracja 2: condition_best: Relapse = {0}, quality_best: 1.0, coverage_best: (p=16, n=0, P=187, N=0)
2025-03-05 11:01:25,943 - INFO - Regula po iteracji 2: IF PLTrecovery >= 266.00 AND Txpostrelapse = {0} AND Relapse = {0} THEN survival_status = {42.0}, (p=16, n=0, P=187, N=0)
2025-03-05 11:01:25,944 - INFO - *****GROWING RR RULE*****
2025-03-05 11:01:44,584 - INFO - Iteracja 0: condition_best: None, quality_best: -inf, coverage_best: (p=0, n=0, P=0, N=0), p_value: 0
2025-03-05 11:01:44,587 - INFO - Regula po iteracji 0: IF  THEN survival_status = {nan}, (p=187, n=0, P=187, N=0)
2025-03-05 11:01:44,587 - INFO - *****STOP GROWING RR RULE*****
2025-03-05 11:01:44,587 - INFO - ***RR NOT FOUND***
2025-03-05 11:01:45,093 - INFO - Iteracja 3: condition_best: Gendermatch = {0}, quality_best: 1.0, coverage_best: (p=15, n=0, P=187, N=0)
2025-03-05 11:01:45,097 - INFO - Regula po iteracji 3: IF PLTrecovery >= 266.00 AND Txpostrelapse = {0} AND Relapse = {0} AND Gendermatch = {0} THEN survival_status = {41.0}, (p=15, n=0, P=187, N=0)
2025-03-05 11:01:45,098 - INFO - *****GROWING RR RULE*****
2025-03-05 11:02:03,744 - INFO - Iteracja 0: condition_best: None, quality_best: -inf, coverage_best: (p=0, n=0, P=0, N=0), p_value: 0
2025-03-05 11:02:03,748 - INFO - Regula po iteracji 0: IF  THEN survival_status = {nan}, (p=187, n=0, P=187, N=0)
2025-03-05 11:02:03,748 - INFO - *****STOP GROWING RR RULE*****
2025-03-05 11:02:03,748 - INFO - ***RR NOT FOUND***
2025-03-05 11:02:04,244 - INFO - Iteracja 4: condition_best: Donorage <= 48.50, quality_best: 1.0, coverage_best: (p=14, n=0, P=187, N=0)
2025-03-05 11:02:04,249 - INFO - Regula po iteracji 4: IF PLTrecovery >= 266.00 AND Txpostrelapse = {0} AND Relapse = {0} AND Gendermatch = {0} AND Donorage <= 48.50 THEN survival_status = {41.0}, (p=14, n=0, P=187, N=0)
2025-03-05 11:02:04,249 - INFO - *****GROWING RR RULE*****
2025-03-05 11:02:22,796 - INFO - Iteracja 0: condition_best: None, quality_best: -inf, coverage_best: (p=0, n=0, P=0, N=0), p_value: 0
2025-03-05 11:02:22,799 - INFO - Regula po iteracji 0: IF  THEN survival_status = {nan}, (p=187, n=0, P=187, N=0)
2025-03-05 11:02:22,799 - INFO - *****STOP GROWING RR RULE*****
2025-03-05 11:02:22,799 - INFO - ***RR NOT FOUND***
2025-03-05 11:02:22,800 - INFO - *******STOP GROWING CR RULE*******
2025-03-05 11:02:22,803 - INFO - *******GROWING CR RULE*******
2025-03-05 11:02:26,152 - INFO - Iteracja 0: condition_best: PLTrecovery <= 500,142.50, quality_best: 1.0, coverage_best: (p=170, n=0, P=187, N=0)
2025-03-05 11:02:26,156 - INFO - Regula po iteracji 0: IF PLTrecovery <= 500,142.50 THEN survival_status = {nan}, (p=170, n=0, P=187, N=0)
2025-03-05 11:02:26,156 - INFO - *****GROWING RR RULE*****
2025-03-05 11:02:48,333 - INFO - Iteracja 0: condition_best: None, quality_best: -inf, coverage_best: (p=0, n=0, P=0, N=0), p_value: 0
2025-03-05 11:02:48,336 - INFO - Regula po iteracji 0: IF  THEN survival_status = {nan}, (p=187, n=0, P=187, N=0)
2025-03-05 11:02:48,336 - INFO - *****STOP GROWING RR RULE*****
2025-03-05 11:02:48,336 - INFO - ***RR NOT FOUND***
2025-03-05 11:02:51,764 - INFO - Iteracja 1: condition_best: Donorage <= 55.48, quality_best: 1.0, coverage_best: (p=169, n=0, P=187, N=0)
2025-03-05 11:02:51,769 - INFO - Regula po iteracji 1: IF PLTrecovery <= 500,142.50 AND Donorage <= 55.48 THEN survival_status = {inf}, (p=169, n=0, P=187, N=0)
2025-03-05 11:02:51,769 - INFO - *****GROWING RR RULE*****
2025-03-05 11:03:13,943 - INFO - Iteracja 0: condition_best: None, quality_best: -inf, coverage_best: (p=0, n=0, P=0, N=0), p_value: 0
2025-03-05 11:03:13,946 - INFO - Regula po iteracji 0: IF  THEN survival_status = {nan}, (p=187, n=0, P=187, N=0)
2025-03-05 11:03:13,946 - INFO - *****STOP GROWING RR RULE*****
2025-03-05 11:03:13,946 - INFO - ***RR NOT FOUND***
2025-03-05 11:03:17,528 - INFO - Iteracja 2: condition_best: Donorage <= 53.94, quality_best: 1.0, coverage_best: (p=168, n=0, P=187, N=0)
2025-03-05 11:03:17,533 - INFO - Regula po iteracji 2: IF PLTrecovery <= 500,142.50 AND Donorage <= 55.48 AND Donorage <= 53.94 THEN survival_status = {inf}, (p=168, n=0, P=187, N=0)
2025-03-05 11:03:17,533 - INFO - *****GROWING RR RULE*****
2025-03-05 11:03:39,664 - INFO - Iteracja 0: condition_best: None, quality_best: -inf, coverage_best: (p=0, n=0, P=0, N=0), p_value: 0
2025-03-05 11:03:39,667 - INFO - Regula po iteracji 0: IF  THEN survival_status = {nan}, (p=187, n=0, P=187, N=0)
2025-03-05 11:03:39,667 - INFO - *****STOP GROWING RR RULE*****
2025-03-05 11:03:39,667 - INFO - ***RR NOT FOUND***
2025-03-05 11:03:43,383 - INFO - Iteracja 3: condition_best: Donorage <= 52.23, quality_best: 1.0, coverage_best: (p=167, n=0, P=187, N=0)
2025-03-05 11:03:43,387 - INFO - Regula po iteracji 3: IF PLTrecovery <= 500,142.50 AND Donorage <= 55.48 AND Donorage <= 53.94 AND Donorage <= 52.23 THEN survival_status = {inf}, (p=167, n=0, P=187, N=0)
2025-03-05 11:03:43,387 - INFO - *****GROWING RR RULE*****
2025-03-05 11:04:05,600 - INFO - Iteracja 0: condition_best: None, quality_best: -inf, coverage_best: (p=0, n=0, P=0, N=0), p_value: 0
2025-03-05 11:04:05,603 - INFO - Regula po iteracji 0: IF  THEN survival_status = {nan}, (p=187, n=0, P=187, N=0)
2025-03-05 11:04:05,603 - INFO - *****STOP GROWING RR RULE*****
2025-03-05 11:04:05,603 - INFO - ***RR NOT FOUND***
2025-03-05 11:04:09,391 - INFO - Iteracja 4: condition_best: Donorage <= 50.93, quality_best: 1.0, coverage_best: (p=166, n=0, P=187, N=0)
2025-03-05 11:04:09,395 - INFO - Regula po iteracji 4: IF PLTrecovery <= 500,142.50 AND Donorage <= 55.48 AND Donorage <= 53.94 AND Donorage <= 52.23 AND Donorage <= 50.93 THEN survival_status = {inf}, (p=166, n=0, P=187, N=0)
2025-03-05 11:04:09,396 - INFO - *****GROWING RR RULE*****
2025-03-05 11:04:31,511 - INFO - Iteracja 0: condition_best: None, quality_best: -inf, coverage_best: (p=0, n=0, P=0, N=0), p_value: 0
2025-03-05 11:04:31,514 - INFO - Regula po iteracji 0: IF  THEN survival_status = {nan}, (p=187, n=0, P=187, N=0)
2025-03-05 11:04:31,514 - INFO - *****STOP GROWING RR RULE*****
2025-03-05 11:04:31,514 - INFO - ***RR NOT FOUND***
2025-03-05 11:04:31,514 - INFO - *******STOP GROWING CR RULE*******
2025-03-05 11:04:31,526 - INFO - ************************Finished experiment for 04_bmt-ch.arff with algorithm4************************
2025-03-05 11:04:31,526 - INFO - *************************************************************************************************************************
2025-03-05 11:04:31,526 - INFO - *************************************************************************************************************************
2025-03-05 11:04:31,526 - INFO - *************************************************************************************************************************
