2025-03-05 08:29:32,552 - INFO - **********Starting experiment for auto-price.arff with algorithm3**********
2025-03-05 08:29:32,557 - INFO - *******GROWING CR RULE*******
2025-03-05 08:29:32,654 - INFO - Iteracja 0: condition_best: length <= 171.85, quality_best: 0.771, coverage_best: (p=71, n=3, P=98, N=61)
2025-03-05 08:29:32,654 - INFO - Regula po iteracji 0: IF length <= 171.85 THEN class = {7,809.51} [5,074.14, 10,544.89], (p=71, n=3, P=98, N=61)
2025-03-05 08:29:32,655 - INFO - *****GROWING RR RULE*****
2025-03-05 08:29:34,609 - INFO - Iteracja 0: condition_best: None, quality_best: -inf, coverage_best: (p=0, n=0, P=0, N=0), p_value: 0
2025-03-05 08:29:34,609 - INFO - Regula po iteracji 0: IF  THEN class = {11,445.73} [5,586.39, 17,305.07], (p=124, n=35, P=124, N=35)
2025-03-05 08:29:34,609 - INFO - *****STOP GROWING RR RULE*****
2025-03-05 08:29:34,609 - INFO - ***RR NOT FOUND***
2025-03-05 08:29:34,642 - INFO - Iteracja 1: condition_best: length <= 169.00, quality_best: 0.77, coverage_best: (p=57, n=2, P=86, N=73)
2025-03-05 08:29:34,642 - INFO - Regula po iteracji 1: IF length <= 171.85 AND length <= 169.00 THEN class = {7,318.54} [5,089.20, 9,547.89], (p=57, n=2, P=86, N=73)
2025-03-05 08:29:34,642 - INFO - *****GROWING RR RULE*****
2025-03-05 08:29:36,544 - INFO - Iteracja 0: condition_best: None, quality_best: -inf, coverage_best: (p=0, n=0, P=0, N=0), p_value: 0
2025-03-05 08:29:36,544 - INFO - Regula po iteracji 0: IF  THEN class = {11,445.73} [5,586.39, 17,305.07], (p=124, n=35, P=124, N=35)
2025-03-05 08:29:36,544 - INFO - *****STOP GROWING RR RULE*****
2025-03-05 08:29:36,544 - INFO - ***RR NOT FOUND***
2025-03-05 08:29:36,570 - INFO - Iteracja 2: condition_best: normalized-losses <= 221.00, quality_best: 0.772, coverage_best: (p=56, n=2, P=84, N=75)
2025-03-05 08:29:36,570 - INFO - Regula po iteracji 2: IF length <= 171.85 AND length <= 169.00 AND normalized-losses <= 221.00 THEN class = {7,272.66} [5,051.97, 9,493.34], (p=56, n=2, P=84, N=75)
2025-03-05 08:29:36,570 - INFO - *****GROWING RR RULE*****
2025-03-05 08:29:38,514 - INFO - Iteracja 0: condition_best: None, quality_best: -inf, coverage_best: (p=0, n=0, P=0, N=0), p_value: 0
2025-03-05 08:29:38,514 - INFO - Regula po iteracji 0: IF  THEN class = {11,445.73} [5,586.39, 17,305.07], (p=124, n=35, P=124, N=35)
2025-03-05 08:29:38,514 - INFO - *****STOP GROWING RR RULE*****
2025-03-05 08:29:38,514 - INFO - ***RR NOT FOUND***
2025-03-05 08:29:38,539 - INFO - Iteracja 3: condition_best: peak-rpm <= 6,300.00, quality_best: 0.796, coverage_best: (p=55, n=1, P=84, N=75)
2025-03-05 08:29:38,539 - INFO - Regula po iteracji 3: IF length <= 171.85 AND length <= 169.00 AND normalized-losses <= 221.00 AND peak-rpm <= 6,300.00 THEN class = {7,196.04} [4,974.15, 9,417.92], (p=55, n=1, P=84, N=75)
2025-03-05 08:29:38,539 - INFO - *****GROWING RR RULE*****
2025-03-05 08:29:40,436 - INFO - Iteracja 0: condition_best: None, quality_best: -inf, coverage_best: (p=0, n=0, P=0, N=0), p_value: 0
2025-03-05 08:29:40,437 - INFO - Regula po iteracji 0: IF  THEN class = {11,445.73} [5,586.39, 17,305.07], (p=124, n=35, P=124, N=35)
2025-03-05 08:29:40,437 - INFO - *****STOP GROWING RR RULE*****
2025-03-05 08:29:40,437 - INFO - ***RR NOT FOUND***
2025-03-05 08:29:40,460 - INFO - Iteracja 4: condition_best: normalized-losses >= 76.00, quality_best: 0.79, coverage_best: (p=54, n=1, P=84, N=75)
2025-03-05 08:29:40,460 - INFO - Regula po iteracji 4: IF length <= 171.85 AND length <= 169.00 AND normalized-losses <= 221.00 AND peak-rpm <= 6,300.00 AND normalized-losses >= 76.00 THEN class = {7,208.91} [4,968.98, 9,448.84], (p=54, n=1, P=84, N=75)
2025-03-05 08:29:40,460 - INFO - *****GROWING RR RULE*****
2025-03-05 08:29:42,347 - INFO - Iteracja 0: condition_best: None, quality_best: -inf, coverage_best: (p=0, n=0, P=0, N=0), p_value: 0
2025-03-05 08:29:42,347 - INFO - Regula po iteracji 0: IF  THEN class = {11,445.73} [5,586.39, 17,305.07], (p=124, n=35, P=124, N=35)
2025-03-05 08:29:42,347 - INFO - *****STOP GROWING RR RULE*****
2025-03-05 08:29:42,347 - INFO - ***RR NOT FOUND***
2025-03-05 08:29:42,347 - INFO - *******STOP GROWING CR RULE*******
2025-03-05 08:29:42,351 - INFO - *******GROWING CR RULE*******
2025-03-05 08:29:42,415 - INFO - Iteracja 0: condition_best: length <= 171.85, quality_best: 0.771, coverage_best: (p=71, n=3, P=98, N=61)
2025-03-05 08:29:42,415 - INFO - Regula po iteracji 0: IF length <= 171.85 THEN class = {7,809.51} [5,074.14, 10,544.89], (p=71, n=3, P=98, N=61)
2025-03-05 08:29:42,415 - INFO - *****GROWING RR RULE*****
2025-03-05 08:29:44,356 - INFO - Iteracja 0: condition_best: None, quality_best: -inf, coverage_best: (p=0, n=0, P=0, N=0), p_value: 0
2025-03-05 08:29:44,357 - INFO - Regula po iteracji 0: IF  THEN class = {11,445.73} [5,586.39, 17,305.07], (p=124, n=35, P=124, N=35)
2025-03-05 08:29:44,357 - INFO - *****STOP GROWING RR RULE*****
2025-03-05 08:29:44,357 - INFO - ***RR NOT FOUND***
2025-03-05 08:29:44,385 - INFO - Iteracja 1: condition_best: normalized-losses <= 225.00, quality_best: 0.765, coverage_best: (p=70, n=3, P=98, N=61)
2025-03-05 08:29:44,385 - INFO - Regula po iteracji 1: IF length <= 171.85 AND normalized-losses <= 225.00 THEN class = {7,779.78} [5,037.64, 10,521.93], (p=70, n=3, P=98, N=61)
2025-03-05 08:29:44,385 - INFO - *****GROWING RR RULE*****
2025-03-05 08:29:46,319 - INFO - Iteracja 0: condition_best: None, quality_best: -inf, coverage_best: (p=0, n=0, P=0, N=0), p_value: 0
2025-03-05 08:29:46,319 - INFO - Regula po iteracji 0: IF  THEN class = {11,445.73} [5,586.39, 17,305.07], (p=124, n=35, P=124, N=35)
2025-03-05 08:29:46,319 - INFO - *****STOP GROWING RR RULE*****
2025-03-05 08:29:46,319 - INFO - ***RR NOT FOUND***
2025-03-05 08:29:46,347 - INFO - Iteracja 2: condition_best: normalized-losses >= 75.50, quality_best: 0.76, coverage_best: (p=69, n=3, P=98, N=61)
2025-03-05 08:29:46,347 - INFO - Regula po iteracji 2: IF length <= 171.85 AND normalized-losses <= 225.00 AND normalized-losses >= 75.50 THEN class = {7,797.72} [5,040.86, 10,554.59], (p=69, n=3, P=98, N=61)
2025-03-05 08:29:46,347 - INFO - *****GROWING RR RULE*****
2025-03-05 08:29:48,284 - INFO - Iteracja 0: condition_best: None, quality_best: -inf, coverage_best: (p=0, n=0, P=0, N=0), p_value: 0
2025-03-05 08:29:48,284 - INFO - Regula po iteracji 0: IF  THEN class = {11,445.73} [5,586.39, 17,305.07], (p=124, n=35, P=124, N=35)
2025-03-05 08:29:48,285 - INFO - *****STOP GROWING RR RULE*****
2025-03-05 08:29:48,285 - INFO - ***RR NOT FOUND***
2025-03-05 08:29:48,313 - INFO - Iteracja 3: condition_best: normalized-losses >= 77.50, quality_best: 0.754, coverage_best: (p=68, n=3, P=98, N=61)
2025-03-05 08:29:48,313 - INFO - Regula po iteracji 3: IF length <= 171.85 AND normalized-losses <= 225.00 AND normalized-losses >= 75.50 AND normalized-losses >= 77.50 THEN class = {7,810.11} [5,035.89, 10,584.33], (p=68, n=3, P=98, N=61)
2025-03-05 08:29:48,313 - INFO - *****GROWING RR RULE*****
2025-03-05 08:29:50,244 - INFO - Iteracja 0: condition_best: None, quality_best: -inf, coverage_best: (p=0, n=0, P=0, N=0), p_value: 0
2025-03-05 08:29:50,244 - INFO - Regula po iteracji 0: IF  THEN class = {11,445.73} [5,586.39, 17,305.07], (p=124, n=35, P=124, N=35)
2025-03-05 08:29:50,244 - INFO - *****STOP GROWING RR RULE*****
2025-03-05 08:29:50,244 - INFO - ***RR NOT FOUND***
2025-03-05 08:29:50,272 - INFO - Iteracja 4: condition_best: normalized-losses >= 79.50, quality_best: 0.743, coverage_best: (p=67, n=3, P=99, N=60)
2025-03-05 08:29:50,272 - INFO - Regula po iteracji 4: IF length <= 171.85 AND normalized-losses <= 225.00 AND normalized-losses >= 75.50 AND normalized-losses >= 77.50 AND normalized-losses >= 79.50 THEN class = {7,817.47} [5,024.20, 10,610.75], (p=67, n=3, P=99, N=60)
2025-03-05 08:29:50,273 - INFO - *****GROWING RR RULE*****
2025-03-05 08:29:52,203 - INFO - Iteracja 0: condition_best: None, quality_best: -inf, coverage_best: (p=0, n=0, P=0, N=0), p_value: 0
2025-03-05 08:29:52,203 - INFO - Regula po iteracji 0: IF  THEN class = {11,445.73} [5,586.39, 17,305.07], (p=124, n=35, P=124, N=35)
2025-03-05 08:29:52,203 - INFO - *****STOP GROWING RR RULE*****
2025-03-05 08:29:52,204 - INFO - ***RR NOT FOUND***
2025-03-05 08:29:52,204 - INFO - *******STOP GROWING CR RULE*******
2025-03-05 08:29:52,204 - INFO - *******GROWING CR RULE*******
2025-03-05 08:29:52,268 - INFO - Iteracja 0: condition_best: wheel-base <= 98.95, quality_best: 0.752, coverage_best: (p=100, n=7, P=110, N=49)
2025-03-05 08:29:52,268 - INFO - Regula po iteracji 0: IF wheel-base <= 98.95 THEN class = {8,685.43} [4,957.65, 12,413.21], (p=100, n=7, P=110, N=49)
2025-03-05 08:29:52,268 - INFO - *****GROWING RR RULE*****
2025-03-05 08:29:54,238 - INFO - Iteracja 0: condition_best: compression-ratio >= 9.36, quality_best: 0.012, coverage_best: (p=46, n=8, P=135, N=24), p_value: 0.271
2025-03-05 08:29:54,239 - INFO - Regula po iteracji 0: IF compression-ratio >= 9.36 THEN class = {11,445.73} [5,586.39, 17,305.07], (p=46, n=8, P=135, N=24)
2025-03-05 08:29:55,056 - INFO - Iteracja 1: condition_best: normalized-losses <= 157.50, quality_best: 0.023, coverage_best: (p=37, n=6, P=136, N=23), p_value: 0.74
2025-03-05 08:29:55,056 - INFO - Regula po iteracji 1: IF compression-ratio >= 9.36 AND normalized-losses <= 157.50 THEN class = {10,977.54} [4,282.64, 17,672.43], (p=37, n=6, P=136, N=23)
2025-03-05 08:29:55,738 - INFO - Iteracja 2: condition_best: None, quality_best: -inf, coverage_best: (p=0, n=0, P=0, N=0), p_value: 0.74
2025-03-05 08:29:55,738 - INFO - Regula po iteracji 2: IF compression-ratio >= 9.36 AND normalized-losses <= 157.50 THEN class = {10,777.60} [3,765.61, 17,789.60], (p=37, n=6, P=136, N=23)
2025-03-05 08:29:55,738 - INFO - *****STOP GROWING RR RULE*****
2025-03-05 08:29:55,738 - INFO - ***RR FOUND***
2025-03-05 08:29:55,738 - INFO - Reference rule: IF compression-ratio >= 9.36 AND normalized-losses <= 157.50 THEN class = {10,777.60} [3,765.61, 17,789.60]
2025-03-05 08:29:55,738 - INFO - ***CHECKING EXCEPTION***
2025-03-05 08:29:55,740 - INFO - CR vs RR p_value: 0.9007698465933923
2025-03-05 08:29:55,740 - INFO - ER vs CR p_value: 0.0013789474594327518
2025-03-05 08:29:55,740 - INFO - ER vs RR p_value: 0.04201474887542653
2025-03-05 08:29:55,742 - INFO - ***ER FOUND***
2025-03-05 08:29:55,742 - INFO - Exception rule: IF wheel-base <= 98.95 AND compression-ratio >= 9.36 AND normalized-losses <= 157.50 THEN class = {7,044.13} [5,954.70, 8,133.56] (p=24, n=7, P=53, N=106)
2025-03-05 08:29:55,742 - INFO - *******STOP GROWING CR RULE*******
2025-03-05 08:29:55,743 - INFO - *******GROWING CR RULE*******
2025-03-05 08:29:55,805 - INFO - Iteracja 0: condition_best: width >= 69.25, quality_best: 0.74, coverage_best: (p=6, n=2, P=6, N=153)
2025-03-05 08:29:55,805 - INFO - Regula po iteracji 0: IF width >= 69.25 THEN class = {27,808.38} [22,690.99, 32,925.76], (p=6, n=2, P=6, N=153)
2025-03-05 08:29:55,805 - INFO - *****GROWING RR RULE*****
2025-03-05 08:29:57,610 - INFO - Iteracja 0: condition_best: None, quality_best: -inf, coverage_best: (p=0, n=0, P=0, N=0), p_value: 0
2025-03-05 08:29:57,610 - INFO - Regula po iteracji 0: IF  THEN class = {11,445.73} [5,586.39, 17,305.07], (p=124, n=35, P=124, N=35)
2025-03-05 08:29:57,610 - INFO - *****STOP GROWING RR RULE*****
2025-03-05 08:29:57,610 - INFO - ***RR NOT FOUND***
2025-03-05 08:29:57,617 - INFO - Iteracja 1: condition_best: normalized-losses <= 151.50, quality_best: 0.658, coverage_best: (p=4, n=2, P=4, N=155)
2025-03-05 08:29:57,617 - INFO - Regula po iteracji 1: IF width >= 69.25 AND normalized-losses <= 151.50 THEN class = {30,147.00} [27,004.89, 33,289.11], (p=4, n=2, P=4, N=155)
2025-03-05 08:29:57,618 - INFO - *****GROWING RR RULE*****
2025-03-05 08:29:59,383 - INFO - Iteracja 0: condition_best: None, quality_best: -inf, coverage_best: (p=0, n=0, P=0, N=0), p_value: 0
2025-03-05 08:29:59,383 - INFO - Regula po iteracji 0: IF  THEN class = {11,445.73} [5,586.39, 17,305.07], (p=124, n=35, P=124, N=35)
2025-03-05 08:29:59,383 - INFO - *****STOP GROWING RR RULE*****
2025-03-05 08:29:59,383 - INFO - ***RR NOT FOUND***
2025-03-05 08:29:59,388 - INFO - Iteracja 2: condition_best: wheel-base >= 101.65, quality_best: 0.592, coverage_best: (p=3, n=2, P=3, N=156)
2025-03-05 08:29:59,388 - INFO - Regula po iteracji 2: IF width >= 69.25 AND normalized-losses <= 151.50 AND wheel-base >= 101.65 THEN class = {29,165.20} [26,702.71, 31,627.69], (p=3, n=2, P=3, N=156)
2025-03-05 08:29:59,388 - INFO - *****GROWING RR RULE*****
2025-03-05 08:30:01,109 - INFO - Iteracja 0: condition_best: None, quality_best: -inf, coverage_best: (p=0, n=0, P=0, N=0), p_value: 0
2025-03-05 08:30:01,109 - INFO - Regula po iteracji 0: IF  THEN class = {11,445.73} [5,586.39, 17,305.07], (p=124, n=35, P=124, N=35)
2025-03-05 08:30:01,109 - INFO - *****STOP GROWING RR RULE*****
2025-03-05 08:30:01,109 - INFO - ***RR NOT FOUND***
2025-03-05 08:30:01,112 - INFO - Iteracja 3: condition_best: None, quality_best: -inf, coverage_best: (p=0, n=0, P=0, N=0)
2025-03-05 08:30:01,112 - INFO - Regula po iteracji 3: IF width >= 69.25 AND normalized-losses <= 151.50 AND wheel-base >= 101.65 THEN class = {29,165.20} [26,702.71, 31,627.69], (p=3, n=2, P=3, N=156)
2025-03-05 08:30:01,112 - INFO - *******STOP GROWING CR RULE*******
2025-03-05 08:30:01,113 - INFO - *******GROWING CR RULE*******
2025-03-05 08:30:01,175 - INFO - Iteracja 0: condition_best: wheel-base <= 99.15, quality_best: 0.696, coverage_best: (p=104, n=9, P=113, N=46)
2025-03-05 08:30:01,175 - INFO - Regula po iteracji 0: IF wheel-base <= 99.15 THEN class = {9,032.58} [5,074.07, 12,991.08], (p=104, n=9, P=113, N=46)
2025-03-05 08:30:01,175 - INFO - *****GROWING RR RULE*****
2025-03-05 08:30:03,161 - INFO - Iteracja 0: condition_best: compression-ratio >= 9.36, quality_best: 0.012, coverage_best: (p=46, n=8, P=135, N=24), p_value: 0.37
2025-03-05 08:30:03,161 - INFO - Regula po iteracji 0: IF compression-ratio >= 9.36 THEN class = {11,445.73} [5,586.39, 17,305.07], (p=46, n=8, P=135, N=24)
2025-03-05 08:30:03,977 - INFO - Iteracja 1: condition_best: normalized-losses <= 157.50, quality_best: 0.023, coverage_best: (p=37, n=6, P=136, N=23), p_value: 0.893
2025-03-05 08:30:03,977 - INFO - Regula po iteracji 1: IF compression-ratio >= 9.36 AND normalized-losses <= 157.50 THEN class = {10,977.54} [4,282.64, 17,672.43], (p=37, n=6, P=136, N=23)
2025-03-05 08:30:04,799 - INFO - Iteracja 2: condition_best: None, quality_best: -inf, coverage_best: (p=0, n=0, P=0, N=0), p_value: 0.893
2025-03-05 08:30:04,800 - INFO - Regula po iteracji 2: IF compression-ratio >= 9.36 AND normalized-losses <= 157.50 THEN class = {10,777.60} [3,765.61, 17,789.60], (p=37, n=6, P=136, N=23)
2025-03-05 08:30:04,800 - INFO - *****STOP GROWING RR RULE*****
2025-03-05 08:30:04,800 - INFO - ***RR FOUND***
2025-03-05 08:30:04,800 - INFO - Reference rule: IF compression-ratio >= 9.36 AND normalized-losses <= 157.50 THEN class = {10,777.60} [3,765.61, 17,789.60]
2025-03-05 08:30:04,800 - INFO - ***CHECKING EXCEPTION***
2025-03-05 08:30:04,802 - INFO - CR vs RR p_value: 0.6712720796886638
2025-03-05 08:30:04,802 - INFO - ER vs CR p_value: 0.0004654624340430869
2025-03-05 08:30:04,802 - INFO - ER vs RR p_value: 0.04201474887542653
2025-03-05 08:30:04,804 - INFO - ***ER FOUND***
2025-03-05 08:30:04,804 - INFO - Exception rule: IF wheel-base <= 99.15 AND compression-ratio >= 9.36 AND normalized-losses <= 157.50 THEN class = {7,044.13} [5,954.70, 8,133.56] (p=24, n=7, P=53, N=106)
2025-03-05 08:30:04,804 - INFO - *******STOP GROWING CR RULE*******
2025-03-05 08:30:04,804 - INFO - *******GROWING CR RULE*******
2025-03-05 08:30:04,867 - INFO - Iteracja 0: condition_best: width <= 65.00, quality_best: 0.69, coverage_best: (p=64, n=4, P=100, N=59)
2025-03-05 08:30:04,867 - INFO - Regula po iteracji 0: IF width <= 65.00 THEN class = {7,871.99} [4,848.42, 10,895.56], (p=64, n=4, P=100, N=59)
2025-03-05 08:30:04,867 - INFO - *****GROWING RR RULE*****
2025-03-05 08:30:06,808 - INFO - Iteracja 0: condition_best: None, quality_best: -inf, coverage_best: (p=0, n=0, P=0, N=0), p_value: 0
2025-03-05 08:30:06,809 - INFO - Regula po iteracji 0: IF  THEN class = {11,445.73} [5,586.39, 17,305.07], (p=124, n=35, P=124, N=35)
2025-03-05 08:30:06,809 - INFO - *****STOP GROWING RR RULE*****
2025-03-05 08:30:06,809 - INFO - ***RR NOT FOUND***
2025-03-05 08:30:06,836 - INFO - Iteracja 1: condition_best: curb-weight <= 2,737.50, quality_best: 0.697, coverage_best: (p=62, n=4, P=96, N=63)
2025-03-05 08:30:06,836 - INFO - Regula po iteracji 1: IF width <= 65.00 AND curb-weight <= 2,737.50 THEN class = {7,657.76} [5,067.88, 10,247.63], (p=62, n=4, P=96, N=63)
2025-03-05 08:30:06,836 - INFO - *****GROWING RR RULE*****
2025-03-05 08:30:08,754 - INFO - Iteracja 0: condition_best: None, quality_best: -inf, coverage_best: (p=0, n=0, P=0, N=0), p_value: 0
2025-03-05 08:30:08,754 - INFO - Regula po iteracji 0: IF  THEN class = {11,445.73} [5,586.39, 17,305.07], (p=124, n=35, P=124, N=35)
2025-03-05 08:30:08,754 - INFO - *****STOP GROWING RR RULE*****
2025-03-05 08:30:08,754 - INFO - ***RR NOT FOUND***
2025-03-05 08:30:08,780 - INFO - Iteracja 2: condition_best: stroke <= 3.53, quality_best: 0.732, coverage_best: (p=62, n=3, P=95, N=64)
2025-03-05 08:30:08,780 - INFO - Regula po iteracji 2: IF width <= 65.00 AND curb-weight <= 2,737.50 AND stroke <= 3.53 THEN class = {7,617.18} [5,028.36, 10,206.01], (p=62, n=3, P=95, N=64)
2025-03-05 08:30:08,781 - INFO - *****GROWING RR RULE*****
2025-03-05 08:30:10,696 - INFO - Iteracja 0: condition_best: None, quality_best: -inf, coverage_best: (p=0, n=0, P=0, N=0), p_value: 0
2025-03-05 08:30:10,696 - INFO - Regula po iteracji 0: IF  THEN class = {11,445.73} [5,586.39, 17,305.07], (p=124, n=35, P=124, N=35)
2025-03-05 08:30:10,696 - INFO - *****STOP GROWING RR RULE*****
2025-03-05 08:30:10,696 - INFO - ***RR NOT FOUND***
2025-03-05 08:30:10,722 - INFO - Iteracja 3: condition_best: normalized-losses <= 224.00, quality_best: 0.73, coverage_best: (p=61, n=3, P=94, N=65)
2025-03-05 08:30:10,722 - INFO - Regula po iteracji 3: IF width <= 65.00 AND curb-weight <= 2,737.50 AND stroke <= 3.53 AND normalized-losses <= 224.00 THEN class = {7,580.27} [4,988.33, 10,172.20], (p=61, n=3, P=94, N=65)
2025-03-05 08:30:10,723 - INFO - *****GROWING RR RULE*****
2025-03-05 08:30:12,635 - INFO - Iteracja 0: condition_best: None, quality_best: -inf, coverage_best: (p=0, n=0, P=0, N=0), p_value: 0
2025-03-05 08:30:12,635 - INFO - Regula po iteracji 0: IF  THEN class = {11,445.73} [5,586.39, 17,305.07], (p=124, n=35, P=124, N=35)
2025-03-05 08:30:12,635 - INFO - *****STOP GROWING RR RULE*****
2025-03-05 08:30:12,635 - INFO - ***RR NOT FOUND***
2025-03-05 08:30:12,660 - INFO - Iteracja 4: condition_best: length >= 142.85, quality_best: 0.719, coverage_best: (p=60, n=3, P=95, N=64)
2025-03-05 08:30:12,660 - INFO - Regula po iteracji 4: IF width <= 65.00 AND curb-weight <= 2,737.50 AND stroke <= 3.53 AND normalized-losses <= 224.00 AND length >= 142.85 THEN class = {7,618.83} [5,024.68, 10,212.97], (p=60, n=3, P=95, N=64)
2025-03-05 08:30:12,661 - INFO - *****GROWING RR RULE*****
2025-03-05 08:30:14,573 - INFO - Iteracja 0: condition_best: None, quality_best: -inf, coverage_best: (p=0, n=0, P=0, N=0), p_value: 0
2025-03-05 08:30:14,573 - INFO - Regula po iteracji 0: IF  THEN class = {11,445.73} [5,586.39, 17,305.07], (p=124, n=35, P=124, N=35)
2025-03-05 08:30:14,573 - INFO - *****STOP GROWING RR RULE*****
2025-03-05 08:30:14,573 - INFO - ***RR NOT FOUND***
2025-03-05 08:30:14,573 - INFO - *******STOP GROWING CR RULE*******
2025-03-05 08:30:14,574 - INFO - *******GROWING CR RULE*******
2025-03-05 08:30:14,636 - INFO - Iteracja 0: condition_best: curb-weight >= 2,701.00, quality_best: 0.653, coverage_best: (p=36, n=11, P=40, N=119)
2025-03-05 08:30:14,636 - INFO - Regula po iteracji 0: IF curb-weight >= 2,701.00 THEN class = {18,643.30} [13,166.42, 24,120.18], (p=36, n=11, P=40, N=119)
2025-03-05 08:30:14,636 - INFO - *****GROWING RR RULE*****
2025-03-05 08:30:16,536 - INFO - Iteracja 0: condition_best: None, quality_best: -inf, coverage_best: (p=0, n=0, P=0, N=0), p_value: 0
2025-03-05 08:30:16,536 - INFO - Regula po iteracji 0: IF  THEN class = {11,445.73} [5,586.39, 17,305.07], (p=124, n=35, P=124, N=35)
2025-03-05 08:30:16,536 - INFO - *****STOP GROWING RR RULE*****
2025-03-05 08:30:16,536 - INFO - ***RR NOT FOUND***
2025-03-05 08:30:16,565 - INFO - Iteracja 1: condition_best: compression-ratio <= 21.25, quality_best: 0.729, coverage_best: (p=35, n=7, P=40, N=119)
2025-03-05 08:30:16,565 - INFO - Regula po iteracji 1: IF curb-weight >= 2,701.00 AND compression-ratio <= 21.25 THEN class = {17,623.55} [12,860.66, 22,386.43], (p=35, n=7, P=40, N=119)
2025-03-05 08:30:16,566 - INFO - *****GROWING RR RULE*****
2025-03-05 08:30:18,462 - INFO - Iteracja 0: condition_best: None, quality_best: -inf, coverage_best: (p=0, n=0, P=0, N=0), p_value: 0
2025-03-05 08:30:18,462 - INFO - Regula po iteracji 0: IF  THEN class = {11,445.73} [5,586.39, 17,305.07], (p=124, n=35, P=124, N=35)
2025-03-05 08:30:18,462 - INFO - *****STOP GROWING RR RULE*****
2025-03-05 08:30:18,462 - INFO - ***RR NOT FOUND***
2025-03-05 08:30:18,487 - INFO - Iteracja 2: condition_best: width <= 70.95, quality_best: 0.74, coverage_best: (p=34, n=6, P=40, N=119)
2025-03-05 08:30:18,487 - INFO - Regula po iteracji 2: IF curb-weight >= 2,701.00 AND compression-ratio <= 21.25 AND width <= 70.95 THEN class = {17,465.10} [12,688.38, 22,241.82], (p=34, n=6, P=40, N=119)
2025-03-05 08:30:18,487 - INFO - *****GROWING RR RULE*****
2025-03-05 08:30:20,387 - INFO - Iteracja 0: condition_best: None, quality_best: -inf, coverage_best: (p=0, n=0, P=0, N=0), p_value: 0
2025-03-05 08:30:20,387 - INFO - Regula po iteracji 0: IF  THEN class = {11,445.73} [5,586.39, 17,305.07], (p=124, n=35, P=124, N=35)
2025-03-05 08:30:20,387 - INFO - *****STOP GROWING RR RULE*****
2025-03-05 08:30:20,387 - INFO - ***RR NOT FOUND***
2025-03-05 08:30:20,411 - INFO - Iteracja 3: condition_best: length >= 170.20, quality_best: 0.752, coverage_best: (p=33, n=5, P=40, N=119)
2025-03-05 08:30:20,411 - INFO - Regula po iteracji 3: IF curb-weight >= 2,701.00 AND compression-ratio <= 21.25 AND width <= 70.95 AND length >= 170.20 THEN class = {17,573.89} [12,939.82, 22,207.97], (p=33, n=5, P=40, N=119)
2025-03-05 08:30:20,411 - INFO - *****GROWING RR RULE*****
2025-03-05 08:30:22,304 - INFO - Iteracja 0: condition_best: None, quality_best: -inf, coverage_best: (p=0, n=0, P=0, N=0), p_value: 0
2025-03-05 08:30:22,304 - INFO - Regula po iteracji 0: IF  THEN class = {11,445.73} [5,586.39, 17,305.07], (p=124, n=35, P=124, N=35)
2025-03-05 08:30:22,304 - INFO - *****STOP GROWING RR RULE*****
2025-03-05 08:30:22,304 - INFO - ***RR NOT FOUND***
2025-03-05 08:30:22,326 - INFO - Iteracja 4: condition_best: normalized-losses <= 214.00, quality_best: 0.737, coverage_best: (p=32, n=5, P=40, N=119)
2025-03-05 08:30:22,326 - INFO - Regula po iteracji 4: IF curb-weight >= 2,701.00 AND compression-ratio <= 21.25 AND width <= 70.95 AND length >= 170.20 AND normalized-losses <= 214.00 THEN class = {17,551.59} [12,857.33, 22,245.86], (p=32, n=5, P=40, N=119)
2025-03-05 08:30:22,326 - INFO - *****GROWING RR RULE*****
2025-03-05 08:30:24,214 - INFO - Iteracja 0: condition_best: None, quality_best: -inf, coverage_best: (p=0, n=0, P=0, N=0), p_value: 0
2025-03-05 08:30:24,214 - INFO - Regula po iteracji 0: IF  THEN class = {11,445.73} [5,586.39, 17,305.07], (p=124, n=35, P=124, N=35)
2025-03-05 08:30:24,214 - INFO - *****STOP GROWING RR RULE*****
2025-03-05 08:30:24,214 - INFO - ***RR NOT FOUND***
2025-03-05 08:30:24,214 - INFO - *******STOP GROWING CR RULE*******
2025-03-05 08:30:24,216 - INFO - *******GROWING CR RULE*******
2025-03-05 08:30:24,276 - INFO - Iteracja 0: condition_best: city-mpg >= 21.50, quality_best: 0.582, coverage_best: (p=112, n=13, P=118, N=41)
2025-03-05 08:30:24,276 - INFO - Regula po iteracji 0: IF city-mpg >= 21.50 THEN class = {9,593.02} [5,006.83, 14,179.22], (p=112, n=13, P=118, N=41)
2025-03-05 08:30:24,277 - INFO - *****GROWING RR RULE*****
2025-03-05 08:30:26,275 - INFO - Iteracja 0: condition_best: stroke <= 3.25, quality_best: -0.095, coverage_best: (p=59, n=16, P=129, N=30), p_value: 0.072
2025-03-05 08:30:26,275 - INFO - Regula po iteracji 0: IF stroke <= 3.25 THEN class = {11,445.73} [5,586.39, 17,305.07], (p=59, n=16, P=129, N=30)
2025-03-05 08:30:27,325 - INFO - Iteracja 1: condition_best: engine-size <= 140.50, quality_best: 0.113, coverage_best: (p=48, n=15, P=114, N=45), p_value: 0.967
2025-03-05 08:30:27,325 - INFO - Regula po iteracji 1: IF stroke <= 3.25 AND engine-size <= 140.50 THEN class = {11,092.23} [5,245.39, 16,939.06], (p=48, n=15, P=114, N=45)
2025-03-05 08:30:28,204 - INFO - Iteracja 2: condition_best: height <= 58.30, quality_best: 0.081, coverage_best: (p=45, n=15, P=114, N=45), p_value: 1.0
2025-03-05 08:30:28,205 - INFO - Regula po iteracji 2: IF stroke <= 3.25 AND engine-size <= 140.50 AND height <= 58.30 THEN class = {9,427.19} [5,251.90, 13,602.48], (p=45, n=15, P=114, N=45)
2025-03-05 08:30:29,057 - INFO - Iteracja 3: condition_best: None, quality_best: -inf, coverage_best: (p=0, n=0, P=0, N=0), p_value: 1.0
2025-03-05 08:30:29,057 - INFO - Regula po iteracji 3: IF stroke <= 3.25 AND engine-size <= 140.50 AND height <= 58.30 THEN class = {9,505.32} [5,245.31, 13,765.33], (p=45, n=15, P=114, N=45)
2025-03-05 08:30:29,057 - INFO - *****STOP GROWING RR RULE*****
2025-03-05 08:30:29,057 - INFO - ***RR FOUND***
2025-03-05 08:30:29,057 - INFO - Reference rule: IF stroke <= 3.25 AND engine-size <= 140.50 THEN class = {9,505.32} [5,245.31, 13,765.33]
2025-03-05 08:30:29,057 - INFO - ***CHECKING EXCEPTION***
2025-03-05 08:30:29,059 - INFO - CR vs RR p_value: 0.29999495056819936
2025-03-05 08:30:29,059 - INFO - ER vs CR p_value: 0.0005604796122705515
2025-03-05 08:30:29,059 - INFO - ER vs RR p_value: 0.07170142667865259
2025-03-05 08:30:29,059 - INFO - ***ER NOT FOUND***
2025-03-05 08:30:29,104 - INFO - Iteracja 1: condition_best: height <= 56.40, quality_best: 0.69, coverage_best: (p=103, n=9, P=113, N=46)
2025-03-05 08:30:29,104 - INFO - Regula po iteracji 1: IF city-mpg >= 21.50 AND height <= 56.40 THEN class = {9,094.79} [5,104.84, 13,084.75], (p=103, n=9, P=113, N=46)
2025-03-05 08:30:29,104 - INFO - *****GROWING RR RULE*****
2025-03-05 08:30:31,080 - INFO - Iteracja 0: condition_best: compression-ratio >= 9.36, quality_best: 0.012, coverage_best: (p=46, n=8, P=135, N=24), p_value: 0.433
2025-03-05 08:30:31,080 - INFO - Regula po iteracji 0: IF compression-ratio >= 9.36 THEN class = {11,445.73} [5,586.39, 17,305.07], (p=46, n=8, P=135, N=24)
2025-03-05 08:30:31,906 - INFO - Iteracja 1: condition_best: normalized-losses <= 162.50, quality_best: 0.06, coverage_best: (p=42, n=7, P=134, N=25), p_value: 0.862
2025-03-05 08:30:31,906 - INFO - Regula po iteracji 1: IF compression-ratio >= 9.36 AND normalized-losses <= 162.50 THEN class = {10,977.54} [4,282.64, 17,672.43], (p=42, n=7, P=134, N=25)
2025-03-05 08:30:32,647 - INFO - Iteracja 2: condition_best: normalized-losses >= 69.50, quality_best: 0.022, coverage_best: (p=41, n=7, P=135, N=24), p_value: 0.994
2025-03-05 08:30:32,647 - INFO - Regula po iteracji 2: IF compression-ratio >= 9.36 AND normalized-losses <= 162.50 AND normalized-losses >= 69.50 THEN class = {10,810.90} [3,995.63, 17,626.16], (p=41, n=7, P=135, N=24)
2025-03-05 08:30:33,368 - INFO - Iteracja 3: condition_best: None, quality_best: -inf, coverage_best: (p=0, n=0, P=0, N=0), p_value: 0.994
2025-03-05 08:30:33,369 - INFO - Regula po iteracji 3: IF compression-ratio >= 9.36 AND normalized-losses <= 162.50 AND normalized-losses >= 69.50 THEN class = {10,813.25} [3,927.38, 17,699.12], (p=41, n=7, P=135, N=24)
2025-03-05 08:30:33,369 - INFO - *****STOP GROWING RR RULE*****
2025-03-05 08:30:33,369 - INFO - ***RR FOUND***
2025-03-05 08:30:33,369 - INFO - Reference rule: IF compression-ratio >= 9.36 AND normalized-losses <= 162.50 THEN class = {10,813.25} [3,927.38, 17,699.12]
2025-03-05 08:30:33,369 - INFO - ***CHECKING EXCEPTION***
2025-03-05 08:30:33,371 - INFO - CR vs RR p_value: 0.6780139016343237
2025-03-05 08:30:33,371 - INFO - ER vs CR p_value: 0.03087374103357124
2025-03-05 08:30:33,371 - INFO - ER vs RR p_value: 0.26166285345968776
2025-03-05 08:30:33,371 - INFO - ***ER NOT FOUND***
2025-03-05 08:30:33,412 - INFO - Iteracja 2: condition_best: bore <= 3.70, quality_best: 0.731, coverage_best: (p=101, n=8, P=110, N=49)
2025-03-05 08:30:33,413 - INFO - Regula po iteracji 2: IF city-mpg >= 21.50 AND height <= 56.40 AND bore <= 3.70 THEN class = {8,925.20} [5,025.61, 12,824.80], (p=101, n=8, P=110, N=49)
2025-03-05 08:30:33,413 - INFO - *****GROWING RR RULE*****
2025-03-05 08:30:35,376 - INFO - Iteracja 0: condition_best: compression-ratio >= 9.36, quality_best: 0.012, coverage_best: (p=46, n=8, P=135, N=24), p_value: 0.376
2025-03-05 08:30:35,376 - INFO - Regula po iteracji 0: IF compression-ratio >= 9.36 THEN class = {11,445.73} [5,586.39, 17,305.07], (p=46, n=8, P=135, N=24)
2025-03-05 08:30:36,194 - INFO - Iteracja 1: condition_best: normalized-losses <= 162.50, quality_best: 0.06, coverage_best: (p=42, n=7, P=134, N=25), p_value: 0.79
2025-03-05 08:30:36,194 - INFO - Regula po iteracji 1: IF compression-ratio >= 9.36 AND normalized-losses <= 162.50 THEN class = {10,977.54} [4,282.64, 17,672.43], (p=42, n=7, P=134, N=25)
2025-03-05 08:30:36,925 - INFO - Iteracja 2: condition_best: compression-ratio <= 22.75, quality_best: 0.098, coverage_best: (p=39, n=6, P=134, N=25), p_value: 0.958
2025-03-05 08:30:36,925 - INFO - Regula po iteracji 2: IF compression-ratio >= 9.36 AND normalized-losses <= 162.50 AND compression-ratio <= 22.75 THEN class = {10,810.90} [3,995.63, 17,626.16], (p=39, n=6, P=134, N=25)
2025-03-05 08:30:37,617 - INFO - Iteracja 3: condition_best: stroke >= 2.83, quality_best: 0.023, coverage_best: (p=37, n=6, P=136, N=23), p_value: 0.972
2025-03-05 08:30:37,617 - INFO - Regula po iteracji 3: IF compression-ratio >= 9.36 AND normalized-losses <= 162.50 AND compression-ratio <= 22.75 AND stroke >= 2.83 THEN class = {10,711.09} [3,846.23, 17,575.95], (p=37, n=6, P=136, N=23)
2025-03-05 08:30:38,264 - INFO - Iteracja 4: condition_best: None, quality_best: -inf, coverage_best: (p=0, n=0, P=0, N=0), p_value: 0.972
2025-03-05 08:30:38,265 - INFO - Regula po iteracji 4: IF compression-ratio >= 9.36 AND normalized-losses <= 162.50 AND compression-ratio <= 22.75 AND stroke >= 2.83 THEN class = {10,862.74} [3,877.34, 17,848.14], (p=37, n=6, P=136, N=23)
2025-03-05 08:30:38,265 - INFO - *****STOP GROWING RR RULE*****
2025-03-05 08:30:38,265 - INFO - ***RR FOUND***
2025-03-05 08:30:38,265 - INFO - Reference rule: IF compression-ratio >= 9.36 AND normalized-losses <= 162.50 AND compression-ratio <= 22.75 THEN class = {10,862.74} [3,877.34, 17,848.14]
2025-03-05 08:30:38,265 - INFO - ***CHECKING EXCEPTION***
2025-03-05 08:30:38,267 - INFO - CR vs RR p_value: 0.5739824857081293
2025-03-05 08:30:38,268 - INFO - ER vs CR p_value: 0.0010671846831966966
2025-03-05 08:30:38,268 - INFO - ER vs RR p_value: 0.10113981172912367
2025-03-05 08:30:38,268 - INFO - ***ER NOT FOUND***
2025-03-05 08:30:38,307 - INFO - Iteracja 3: condition_best: normalized-losses <= 162.50, quality_best: 0.781, coverage_best: (p=95, n=5, P=110, N=49)
2025-03-05 08:30:38,307 - INFO - Regula po iteracji 3: IF city-mpg >= 21.50 AND height <= 56.40 AND bore <= 3.70 AND normalized-losses <= 162.50 THEN class = {8,721.81} [4,842.98, 12,600.64], (p=95, n=5, P=110, N=49)
2025-03-05 08:30:38,308 - INFO - *****GROWING RR RULE*****
2025-03-05 08:30:40,272 - INFO - Iteracja 0: condition_best: compression-ratio >= 9.36, quality_best: 0.012, coverage_best: (p=46, n=8, P=135, N=24), p_value: 0.277
2025-03-05 08:30:40,272 - INFO - Regula po iteracji 0: IF compression-ratio >= 9.36 THEN class = {11,445.73} [5,586.39, 17,305.07], (p=46, n=8, P=135, N=24)
2025-03-05 08:30:41,094 - INFO - Iteracja 1: condition_best: wheel-base <= 108.50, quality_best: 0.302, coverage_best: (p=41, n=7, P=117, N=42), p_value: 0.969
2025-03-05 08:30:41,094 - INFO - Regula po iteracji 1: IF compression-ratio >= 9.36 AND wheel-base <= 108.50 THEN class = {10,977.54} [4,282.64, 17,672.43], (p=41, n=7, P=117, N=42)
2025-03-05 08:30:41,855 - INFO - Iteracja 2: condition_best: stroke >= 2.83, quality_best: 0.331, coverage_best: (p=40, n=6, P=118, N=41), p_value: 0.981
2025-03-05 08:30:41,855 - INFO - Regula po iteracji 2: IF compression-ratio >= 9.36 AND wheel-base <= 108.50 AND stroke >= 2.83 THEN class = {9,280.15} [4,616.60, 13,943.70], (p=40, n=6, P=118, N=41)
2025-03-05 08:30:42,568 - INFO - Iteracja 3: condition_best: None, quality_best: -inf, coverage_best: (p=0, n=0, P=0, N=0), p_value: 0.981
2025-03-05 08:30:42,569 - INFO - Regula po iteracji 3: IF compression-ratio >= 9.36 AND wheel-base <= 108.50 AND stroke >= 2.83 THEN class = {9,359.70} [4,612.29, 14,107.10], (p=40, n=6, P=118, N=41)
2025-03-05 08:30:42,569 - INFO - *****STOP GROWING RR RULE*****
2025-03-05 08:30:42,569 - INFO - ***RR FOUND***
2025-03-05 08:30:42,569 - INFO - Reference rule: IF compression-ratio >= 9.36 AND wheel-base <= 108.50 AND stroke >= 2.83 THEN class = {9,359.70} [4,612.29, 14,107.10]
2025-03-05 08:30:42,569 - INFO - ***CHECKING EXCEPTION***
2025-03-05 08:30:42,571 - INFO - CR vs RR p_value: 0.6889887689121955
2025-03-05 08:30:42,571 - INFO - ER vs CR p_value: 0.0036186992792227716
2025-03-05 08:30:42,571 - INFO - ER vs RR p_value: 0.07399782410149484
2025-03-05 08:30:42,571 - INFO - ***ER NOT FOUND***
2025-03-05 08:30:42,608 - INFO - Iteracja 4: condition_best: compression-ratio <= 22.75, quality_best: 0.794, coverage_best: (p=92, n=4, P=110, N=49)
2025-03-05 08:30:42,608 - INFO - Regula po iteracji 4: IF city-mpg >= 21.50 AND height <= 56.40 AND bore <= 3.70 AND normalized-losses <= 162.50 AND compression-ratio <= 22.75 THEN class = {8,587.98} [4,891.45, 12,284.51], (p=92, n=4, P=110, N=49)
2025-03-05 08:30:42,609 - INFO - *****GROWING RR RULE*****
2025-03-05 08:30:44,567 - INFO - Iteracja 0: condition_best: bore <= 3.29, quality_best: 0.522, coverage_best: (p=74, n=10, P=109, N=50), p_value: 0.975
2025-03-05 08:30:44,568 - INFO - Regula po iteracji 0: IF bore <= 3.29 THEN class = {11,445.73} [5,586.39, 17,305.07], (p=74, n=10, P=109, N=50)
2025-03-05 08:30:45,687 - INFO - Iteracja 1: condition_best: normalized-losses >= 106.50, quality_best: 0.352, coverage_best: (p=40, n=7, P=110, N=49), p_value: 1.0
2025-03-05 08:30:45,687 - INFO - Regula po iteracji 1: IF bore <= 3.29 AND normalized-losses >= 106.50 THEN class = {8,681.61} [5,127.42, 12,235.79], (p=40, n=7, P=110, N=49)
2025-03-05 08:30:46,433 - INFO - Iteracja 2: condition_best: None, quality_best: -inf, coverage_best: (p=0, n=0, P=0, N=0), p_value: 1.0
2025-03-05 08:30:46,433 - INFO - Regula po iteracji 2: IF bore <= 3.29 AND normalized-losses >= 106.50 THEN class = {8,884.00} [5,015.14, 12,752.86], (p=40, n=7, P=110, N=49)
2025-03-05 08:30:46,433 - INFO - *****STOP GROWING RR RULE*****
2025-03-05 08:30:46,433 - INFO - ***RR FOUND***
2025-03-05 08:30:46,433 - INFO - Reference rule: IF bore <= 3.29 THEN class = {8,884.00} [5,015.14, 12,752.86]
2025-03-05 08:30:46,433 - INFO - ***CHECKING EXCEPTION***
2025-03-05 08:30:46,435 - INFO - CR vs RR p_value: 0.6796651364180396
2025-03-05 08:30:46,435 - INFO - ER vs CR p_value: 0.017114556022528083
2025-03-05 08:30:46,435 - INFO - ER vs RR p_value: 0.05406473439592673
2025-03-05 08:30:46,435 - INFO - ***ER NOT FOUND***
2025-03-05 08:30:46,436 - INFO - *******STOP GROWING CR RULE*******
2025-03-05 08:30:46,438 - INFO - *******GROWING CR RULE*******
2025-03-05 08:30:46,498 - INFO - Iteracja 0: condition_best: wheel-base >= 111.50, quality_best: 1.0, coverage_best: (p=2, n=0, P=2, N=157)
2025-03-05 08:30:46,498 - INFO - Regula po iteracji 0: IF wheel-base >= 111.50 THEN class = {31,925.00} [31,600.00, 32,250.00], (p=2, n=0, P=2, N=157)
2025-03-05 08:30:46,498 - INFO - *****GROWING RR RULE*****
2025-03-05 08:30:48,253 - INFO - Iteracja 0: condition_best: None, quality_best: -inf, coverage_best: (p=0, n=0, P=0, N=0), p_value: 0
2025-03-05 08:30:48,253 - INFO - Regula po iteracji 0: IF  THEN class = {11,445.73} [5,586.39, 17,305.07], (p=124, n=35, P=124, N=35)
2025-03-05 08:30:48,253 - INFO - *****STOP GROWING RR RULE*****
2025-03-05 08:30:48,253 - INFO - ***RR NOT FOUND***
2025-03-05 08:30:48,255 - INFO - Iteracja 1: condition_best: symboling = {-1}, quality_best: 1.0, coverage_best: (p=1, n=0, P=1, N=158)
2025-03-05 08:30:48,255 - INFO - Regula po iteracji 1: IF wheel-base >= 111.50 AND symboling = {-1} THEN class = {31,600.00} [31,600.00, 31,600.00], (p=1, n=0, P=1, N=158)
2025-03-05 08:30:48,256 - INFO - *****GROWING RR RULE*****
2025-03-05 08:30:49,934 - INFO - Iteracja 0: condition_best: None, quality_best: -inf, coverage_best: (p=0, n=0, P=0, N=0), p_value: 0
2025-03-05 08:30:49,934 - INFO - Regula po iteracji 0: IF  THEN class = {11,445.73} [5,586.39, 17,305.07], (p=124, n=35, P=124, N=35)
2025-03-05 08:30:49,934 - INFO - *****STOP GROWING RR RULE*****
2025-03-05 08:30:49,934 - INFO - ***RR NOT FOUND***
2025-03-05 08:30:49,934 - INFO - Iteracja 2: condition_best: None, quality_best: -inf, coverage_best: (p=0, n=0, P=0, N=0)
2025-03-05 08:30:49,935 - INFO - Regula po iteracji 2: IF wheel-base >= 111.50 AND symboling = {-1} THEN class = {31,600.00} [31,600.00, 31,600.00], (p=1, n=0, P=1, N=158)
2025-03-05 08:30:49,935 - INFO - *******STOP GROWING CR RULE*******
2025-03-05 08:30:50,348 - INFO - ************************Finished experiment for auto-price.arff with algorithm3************************
2025-03-05 08:30:50,348 - INFO - *************************************************************************************************************************
2025-03-05 08:30:50,348 - INFO - *************************************************************************************************************************
2025-03-05 08:30:50,348 - INFO - *************************************************************************************************************************
2025-03-05 08:30:50,349 - INFO - **********Starting experiment for auto-price.arff with algorithm4**********
2025-03-05 08:30:50,354 - INFO - *******GROWING CR RULE*******
2025-03-05 08:30:50,451 - INFO - Iteracja 0: condition_best: length <= 171.85, quality_best: 0.771, coverage_best: (p=71, n=3, P=98, N=61)
2025-03-05 08:30:50,451 - INFO - Regula po iteracji 0: IF length <= 171.85 THEN class = {7,809.51} [5,074.14, 10,544.89], (p=71, n=3, P=98, N=61)
2025-03-05 08:30:50,451 - INFO - *****GROWING RR RULE*****
2025-03-05 08:30:50,573 - INFO - Iteracja 0: condition_best: None, quality_best: -inf, coverage_best: (p=0, n=0, P=0, N=0), p_value: 0
2025-03-05 08:30:50,573 - INFO - Regula po iteracji 0: IF  THEN class = {11,445.73} [5,586.39, 17,305.07], (p=124, n=35, P=124, N=35)
2025-03-05 08:30:50,573 - INFO - *****STOP GROWING RR RULE*****
2025-03-05 08:30:50,573 - INFO - ***RR NOT FOUND***
2025-03-05 08:30:50,605 - INFO - Iteracja 1: condition_best: length <= 169.00, quality_best: 0.77, coverage_best: (p=57, n=2, P=86, N=73)
2025-03-05 08:30:50,606 - INFO - Regula po iteracji 1: IF length <= 171.85 AND length <= 169.00 THEN class = {7,318.54} [5,089.20, 9,547.89], (p=57, n=2, P=86, N=73)
2025-03-05 08:30:50,606 - INFO - *****GROWING RR RULE*****
2025-03-05 08:30:50,728 - INFO - Iteracja 0: condition_best: None, quality_best: -inf, coverage_best: (p=0, n=0, P=0, N=0), p_value: 0
2025-03-05 08:30:50,728 - INFO - Regula po iteracji 0: IF  THEN class = {11,445.73} [5,586.39, 17,305.07], (p=124, n=35, P=124, N=35)
2025-03-05 08:30:50,728 - INFO - *****STOP GROWING RR RULE*****
2025-03-05 08:30:50,728 - INFO - ***RR NOT FOUND***
2025-03-05 08:30:50,753 - INFO - Iteracja 2: condition_best: normalized-losses <= 221.00, quality_best: 0.772, coverage_best: (p=56, n=2, P=84, N=75)
2025-03-05 08:30:50,753 - INFO - Regula po iteracji 2: IF length <= 171.85 AND length <= 169.00 AND normalized-losses <= 221.00 THEN class = {7,272.66} [5,051.97, 9,493.34], (p=56, n=2, P=84, N=75)
2025-03-05 08:30:50,753 - INFO - *****GROWING RR RULE*****
2025-03-05 08:30:50,875 - INFO - Iteracja 0: condition_best: None, quality_best: -inf, coverage_best: (p=0, n=0, P=0, N=0), p_value: 0
2025-03-05 08:30:50,875 - INFO - Regula po iteracji 0: IF  THEN class = {11,445.73} [5,586.39, 17,305.07], (p=124, n=35, P=124, N=35)
2025-03-05 08:30:50,876 - INFO - *****STOP GROWING RR RULE*****
2025-03-05 08:30:50,876 - INFO - ***RR NOT FOUND***
2025-03-05 08:30:50,899 - INFO - Iteracja 3: condition_best: peak-rpm <= 6,300.00, quality_best: 0.796, coverage_best: (p=55, n=1, P=84, N=75)
2025-03-05 08:30:50,899 - INFO - Regula po iteracji 3: IF length <= 171.85 AND length <= 169.00 AND normalized-losses <= 221.00 AND peak-rpm <= 6,300.00 THEN class = {7,196.04} [4,974.15, 9,417.92], (p=55, n=1, P=84, N=75)
2025-03-05 08:30:50,900 - INFO - *****GROWING RR RULE*****
2025-03-05 08:30:51,021 - INFO - Iteracja 0: condition_best: None, quality_best: -inf, coverage_best: (p=0, n=0, P=0, N=0), p_value: 0
2025-03-05 08:30:51,021 - INFO - Regula po iteracji 0: IF  THEN class = {11,445.73} [5,586.39, 17,305.07], (p=124, n=35, P=124, N=35)
2025-03-05 08:30:51,022 - INFO - *****STOP GROWING RR RULE*****
2025-03-05 08:30:51,022 - INFO - ***RR NOT FOUND***
2025-03-05 08:30:51,045 - INFO - Iteracja 4: condition_best: normalized-losses >= 76.00, quality_best: 0.79, coverage_best: (p=54, n=1, P=84, N=75)
2025-03-05 08:30:51,045 - INFO - Regula po iteracji 4: IF length <= 171.85 AND length <= 169.00 AND normalized-losses <= 221.00 AND peak-rpm <= 6,300.00 AND normalized-losses >= 76.00 THEN class = {7,208.91} [4,968.98, 9,448.84], (p=54, n=1, P=84, N=75)
2025-03-05 08:30:51,045 - INFO - *****GROWING RR RULE*****
2025-03-05 08:30:51,167 - INFO - Iteracja 0: condition_best: None, quality_best: -inf, coverage_best: (p=0, n=0, P=0, N=0), p_value: 0
2025-03-05 08:30:51,167 - INFO - Regula po iteracji 0: IF  THEN class = {11,445.73} [5,586.39, 17,305.07], (p=124, n=35, P=124, N=35)
2025-03-05 08:30:51,167 - INFO - *****STOP GROWING RR RULE*****
2025-03-05 08:30:51,167 - INFO - ***RR NOT FOUND***
2025-03-05 08:30:51,167 - INFO - *******STOP GROWING CR RULE*******
2025-03-05 08:30:51,171 - INFO - *******GROWING CR RULE*******
2025-03-05 08:30:51,235 - INFO - Iteracja 0: condition_best: length <= 171.85, quality_best: 0.771, coverage_best: (p=71, n=3, P=98, N=61)
2025-03-05 08:30:51,235 - INFO - Regula po iteracji 0: IF length <= 171.85 THEN class = {7,809.51} [5,074.14, 10,544.89], (p=71, n=3, P=98, N=61)
2025-03-05 08:30:51,235 - INFO - *****GROWING RR RULE*****
2025-03-05 08:30:51,356 - INFO - Iteracja 0: condition_best: None, quality_best: -inf, coverage_best: (p=0, n=0, P=0, N=0), p_value: 0
2025-03-05 08:30:51,356 - INFO - Regula po iteracji 0: IF  THEN class = {11,445.73} [5,586.39, 17,305.07], (p=124, n=35, P=124, N=35)
2025-03-05 08:30:51,357 - INFO - *****STOP GROWING RR RULE*****
2025-03-05 08:30:51,357 - INFO - ***RR NOT FOUND***
2025-03-05 08:30:51,385 - INFO - Iteracja 1: condition_best: normalized-losses <= 225.00, quality_best: 0.765, coverage_best: (p=70, n=3, P=98, N=61)
2025-03-05 08:30:51,385 - INFO - Regula po iteracji 1: IF length <= 171.85 AND normalized-losses <= 225.00 THEN class = {7,779.78} [5,037.64, 10,521.93], (p=70, n=3, P=98, N=61)
2025-03-05 08:30:51,385 - INFO - *****GROWING RR RULE*****
2025-03-05 08:30:51,506 - INFO - Iteracja 0: condition_best: None, quality_best: -inf, coverage_best: (p=0, n=0, P=0, N=0), p_value: 0
2025-03-05 08:30:51,506 - INFO - Regula po iteracji 0: IF  THEN class = {11,445.73} [5,586.39, 17,305.07], (p=124, n=35, P=124, N=35)
2025-03-05 08:30:51,506 - INFO - *****STOP GROWING RR RULE*****
2025-03-05 08:30:51,506 - INFO - ***RR NOT FOUND***
2025-03-05 08:30:51,534 - INFO - Iteracja 2: condition_best: normalized-losses >= 75.50, quality_best: 0.76, coverage_best: (p=69, n=3, P=98, N=61)
2025-03-05 08:30:51,534 - INFO - Regula po iteracji 2: IF length <= 171.85 AND normalized-losses <= 225.00 AND normalized-losses >= 75.50 THEN class = {7,797.72} [5,040.86, 10,554.59], (p=69, n=3, P=98, N=61)
2025-03-05 08:30:51,535 - INFO - *****GROWING RR RULE*****
2025-03-05 08:30:51,656 - INFO - Iteracja 0: condition_best: None, quality_best: -inf, coverage_best: (p=0, n=0, P=0, N=0), p_value: 0
2025-03-05 08:30:51,657 - INFO - Regula po iteracji 0: IF  THEN class = {11,445.73} [5,586.39, 17,305.07], (p=124, n=35, P=124, N=35)
2025-03-05 08:30:51,657 - INFO - *****STOP GROWING RR RULE*****
2025-03-05 08:30:51,657 - INFO - ***RR NOT FOUND***
2025-03-05 08:30:51,685 - INFO - Iteracja 3: condition_best: normalized-losses >= 77.50, quality_best: 0.754, coverage_best: (p=68, n=3, P=98, N=61)
2025-03-05 08:30:51,685 - INFO - Regula po iteracji 3: IF length <= 171.85 AND normalized-losses <= 225.00 AND normalized-losses >= 75.50 AND normalized-losses >= 77.50 THEN class = {7,810.11} [5,035.89, 10,584.33], (p=68, n=3, P=98, N=61)
2025-03-05 08:30:51,685 - INFO - *****GROWING RR RULE*****
2025-03-05 08:30:51,806 - INFO - Iteracja 0: condition_best: None, quality_best: -inf, coverage_best: (p=0, n=0, P=0, N=0), p_value: 0
2025-03-05 08:30:51,807 - INFO - Regula po iteracji 0: IF  THEN class = {11,445.73} [5,586.39, 17,305.07], (p=124, n=35, P=124, N=35)
2025-03-05 08:30:51,807 - INFO - *****STOP GROWING RR RULE*****
2025-03-05 08:30:51,807 - INFO - ***RR NOT FOUND***
2025-03-05 08:30:51,835 - INFO - Iteracja 4: condition_best: normalized-losses >= 79.50, quality_best: 0.743, coverage_best: (p=67, n=3, P=99, N=60)
2025-03-05 08:30:51,835 - INFO - Regula po iteracji 4: IF length <= 171.85 AND normalized-losses <= 225.00 AND normalized-losses >= 75.50 AND normalized-losses >= 77.50 AND normalized-losses >= 79.50 THEN class = {7,817.47} [5,024.20, 10,610.75], (p=67, n=3, P=99, N=60)
2025-03-05 08:30:51,835 - INFO - *****GROWING RR RULE*****
2025-03-05 08:30:51,957 - INFO - Iteracja 0: condition_best: None, quality_best: -inf, coverage_best: (p=0, n=0, P=0, N=0), p_value: 0
2025-03-05 08:30:51,957 - INFO - Regula po iteracji 0: IF  THEN class = {11,445.73} [5,586.39, 17,305.07], (p=124, n=35, P=124, N=35)
2025-03-05 08:30:51,957 - INFO - *****STOP GROWING RR RULE*****
2025-03-05 08:30:51,957 - INFO - ***RR NOT FOUND***
2025-03-05 08:30:51,957 - INFO - *******STOP GROWING CR RULE*******
2025-03-05 08:30:51,958 - INFO - *******GROWING CR RULE*******
2025-03-05 08:30:52,022 - INFO - Iteracja 0: condition_best: wheel-base <= 98.95, quality_best: 0.752, coverage_best: (p=100, n=7, P=110, N=49)
2025-03-05 08:30:52,022 - INFO - Regula po iteracji 0: IF wheel-base <= 98.95 THEN class = {8,685.43} [4,957.65, 12,413.21], (p=100, n=7, P=110, N=49)
2025-03-05 08:30:52,022 - INFO - *****GROWING RR RULE*****
2025-03-05 08:30:52,143 - INFO - Iteracja 0: condition_best: None, quality_best: -inf, coverage_best: (p=0, n=0, P=0, N=0), p_value: 0
2025-03-05 08:30:52,144 - INFO - Regula po iteracji 0: IF  THEN class = {11,445.73} [5,586.39, 17,305.07], (p=124, n=35, P=124, N=35)
2025-03-05 08:30:52,144 - INFO - *****STOP GROWING RR RULE*****
2025-03-05 08:30:52,144 - INFO - ***RR NOT FOUND***
2025-03-05 08:30:52,186 - INFO - Iteracja 1: condition_best: height >= 50.40, quality_best: 0.844, coverage_best: (p=97, n=4, P=106, N=53)
2025-03-05 08:30:52,186 - INFO - Regula po iteracji 1: IF wheel-base <= 98.95 AND height >= 50.40 THEN class = {8,306.96} [5,035.51, 11,578.41], (p=97, n=4, P=106, N=53)
2025-03-05 08:30:52,187 - INFO - *****GROWING RR RULE*****
2025-03-05 08:30:52,308 - INFO - Iteracja 0: condition_best: None, quality_best: -inf, coverage_best: (p=0, n=0, P=0, N=0), p_value: 0
2025-03-05 08:30:52,308 - INFO - Regula po iteracji 0: IF  THEN class = {11,445.73} [5,586.39, 17,305.07], (p=124, n=35, P=124, N=35)
2025-03-05 08:30:52,308 - INFO - *****STOP GROWING RR RULE*****
2025-03-05 08:30:52,308 - INFO - ***RR NOT FOUND***
2025-03-05 08:30:52,346 - INFO - Iteracja 2: condition_best: curb-weight >= 1,855.50, quality_best: 0.85, coverage_best: (p=94, n=3, P=107, N=52)
2025-03-05 08:30:52,346 - INFO - Regula po iteracji 2: IF wheel-base <= 98.95 AND height >= 50.40 AND curb-weight >= 1,855.50 THEN class = {8,403.29} [5,103.53, 11,703.05], (p=94, n=3, P=107, N=52)
2025-03-05 08:30:52,346 - INFO - *****GROWING RR RULE*****
2025-03-05 08:30:52,467 - INFO - Iteracja 0: condition_best: None, quality_best: -inf, coverage_best: (p=0, n=0, P=0, N=0), p_value: 0
2025-03-05 08:30:52,467 - INFO - Regula po iteracji 0: IF  THEN class = {11,445.73} [5,586.39, 17,305.07], (p=124, n=35, P=124, N=35)
2025-03-05 08:30:52,467 - INFO - *****STOP GROWING RR RULE*****
2025-03-05 08:30:52,467 - INFO - ***RR NOT FOUND***
2025-03-05 08:30:52,502 - INFO - Iteracja 3: condition_best: stroke >= 2.50, quality_best: 0.851, coverage_best: (p=93, n=3, P=106, N=53)
2025-03-05 08:30:52,502 - INFO - Regula po iteracji 3: IF wheel-base <= 98.95 AND height >= 50.40 AND curb-weight >= 1,855.50 AND stroke >= 2.50 THEN class = {8,437.51} [5,137.78, 11,737.25], (p=93, n=3, P=106, N=53)
2025-03-05 08:30:52,502 - INFO - *****GROWING RR RULE*****
2025-03-05 08:30:52,623 - INFO - Iteracja 0: condition_best: None, quality_best: -inf, coverage_best: (p=0, n=0, P=0, N=0), p_value: 0
2025-03-05 08:30:52,623 - INFO - Regula po iteracji 0: IF  THEN class = {11,445.73} [5,586.39, 17,305.07], (p=124, n=35, P=124, N=35)
2025-03-05 08:30:52,624 - INFO - *****STOP GROWING RR RULE*****
2025-03-05 08:30:52,624 - INFO - ***RR NOT FOUND***
2025-03-05 08:30:52,658 - INFO - Iteracja 4: condition_best: stroke <= 3.54, quality_best: 0.849, coverage_best: (p=88, n=2, P=107, N=52)
2025-03-05 08:30:52,658 - INFO - Regula po iteracji 4: IF wheel-base <= 98.95 AND height >= 50.40 AND curb-weight >= 1,855.50 AND stroke >= 2.50 AND stroke <= 3.54 THEN class = {8,339.79} [4,979.71, 11,699.87], (p=88, n=2, P=107, N=52)
2025-03-05 08:30:52,658 - INFO - *****GROWING RR RULE*****
2025-03-05 08:30:52,779 - INFO - Iteracja 0: condition_best: None, quality_best: -inf, coverage_best: (p=0, n=0, P=0, N=0), p_value: 0
2025-03-05 08:30:52,779 - INFO - Regula po iteracji 0: IF  THEN class = {11,445.73} [5,586.39, 17,305.07], (p=124, n=35, P=124, N=35)
2025-03-05 08:30:52,779 - INFO - *****STOP GROWING RR RULE*****
2025-03-05 08:30:52,780 - INFO - ***RR NOT FOUND***
2025-03-05 08:30:52,780 - INFO - *******STOP GROWING CR RULE*******
2025-03-05 08:30:52,782 - INFO - *******GROWING CR RULE*******
2025-03-05 08:30:52,844 - INFO - Iteracja 0: condition_best: width >= 69.25, quality_best: 0.74, coverage_best: (p=6, n=2, P=6, N=153)
2025-03-05 08:30:52,844 - INFO - Regula po iteracji 0: IF width >= 69.25 THEN class = {27,808.38} [22,690.99, 32,925.76], (p=6, n=2, P=6, N=153)
2025-03-05 08:30:52,844 - INFO - *****GROWING RR RULE*****
2025-03-05 08:30:52,965 - INFO - Iteracja 0: condition_best: None, quality_best: -inf, coverage_best: (p=0, n=0, P=0, N=0), p_value: 0
2025-03-05 08:30:52,965 - INFO - Regula po iteracji 0: IF  THEN class = {11,445.73} [5,586.39, 17,305.07], (p=124, n=35, P=124, N=35)
2025-03-05 08:30:52,966 - INFO - *****STOP GROWING RR RULE*****
2025-03-05 08:30:52,966 - INFO - ***RR NOT FOUND***
2025-03-05 08:30:52,973 - INFO - Iteracja 1: condition_best: normalized-losses <= 151.50, quality_best: 0.658, coverage_best: (p=4, n=2, P=4, N=155)
2025-03-05 08:30:52,973 - INFO - Regula po iteracji 1: IF width >= 69.25 AND normalized-losses <= 151.50 THEN class = {30,147.00} [27,004.89, 33,289.11], (p=4, n=2, P=4, N=155)
2025-03-05 08:30:52,973 - INFO - *****GROWING RR RULE*****
2025-03-05 08:30:53,094 - INFO - Iteracja 0: condition_best: None, quality_best: -inf, coverage_best: (p=0, n=0, P=0, N=0), p_value: 0
2025-03-05 08:30:53,094 - INFO - Regula po iteracji 0: IF  THEN class = {11,445.73} [5,586.39, 17,305.07], (p=124, n=35, P=124, N=35)
2025-03-05 08:30:53,094 - INFO - *****STOP GROWING RR RULE*****
2025-03-05 08:30:53,094 - INFO - ***RR NOT FOUND***
2025-03-05 08:30:53,099 - INFO - Iteracja 2: condition_best: wheel-base >= 101.65, quality_best: 0.592, coverage_best: (p=3, n=2, P=3, N=156)
2025-03-05 08:30:53,099 - INFO - Regula po iteracji 2: IF width >= 69.25 AND normalized-losses <= 151.50 AND wheel-base >= 101.65 THEN class = {29,165.20} [26,702.71, 31,627.69], (p=3, n=2, P=3, N=156)
2025-03-05 08:30:53,099 - INFO - *****GROWING RR RULE*****
2025-03-05 08:30:53,221 - INFO - Iteracja 0: condition_best: None, quality_best: -inf, coverage_best: (p=0, n=0, P=0, N=0), p_value: 0
2025-03-05 08:30:53,221 - INFO - Regula po iteracji 0: IF  THEN class = {11,445.73} [5,586.39, 17,305.07], (p=124, n=35, P=124, N=35)
2025-03-05 08:30:53,221 - INFO - *****STOP GROWING RR RULE*****
2025-03-05 08:30:53,221 - INFO - ***RR NOT FOUND***
2025-03-05 08:30:53,224 - INFO - Iteracja 3: condition_best: None, quality_best: -inf, coverage_best: (p=0, n=0, P=0, N=0)
2025-03-05 08:30:53,225 - INFO - Regula po iteracji 3: IF width >= 69.25 AND normalized-losses <= 151.50 AND wheel-base >= 101.65 THEN class = {29,165.20} [26,702.71, 31,627.69], (p=3, n=2, P=3, N=156)
2025-03-05 08:30:53,225 - INFO - *******STOP GROWING CR RULE*******
2025-03-05 08:30:53,225 - INFO - *******GROWING CR RULE*******
2025-03-05 08:30:53,288 - INFO - Iteracja 0: condition_best: wheel-base <= 99.15, quality_best: 0.696, coverage_best: (p=104, n=9, P=113, N=46)
2025-03-05 08:30:53,288 - INFO - Regula po iteracji 0: IF wheel-base <= 99.15 THEN class = {9,032.58} [5,074.07, 12,991.08], (p=104, n=9, P=113, N=46)
2025-03-05 08:30:53,288 - INFO - *****GROWING RR RULE*****
2025-03-05 08:30:53,409 - INFO - Iteracja 0: condition_best: None, quality_best: -inf, coverage_best: (p=0, n=0, P=0, N=0), p_value: 0
2025-03-05 08:30:53,409 - INFO - Regula po iteracji 0: IF  THEN class = {11,445.73} [5,586.39, 17,305.07], (p=124, n=35, P=124, N=35)
2025-03-05 08:30:53,410 - INFO - *****STOP GROWING RR RULE*****
2025-03-05 08:30:53,410 - INFO - ***RR NOT FOUND***
2025-03-05 08:30:53,452 - INFO - Iteracja 1: condition_best: horsepower <= 157.50, quality_best: 0.763, coverage_best: (p=102, n=7, P=110, N=49)
2025-03-05 08:30:53,452 - INFO - Regula po iteracji 1: IF wheel-base <= 99.15 AND horsepower <= 157.50 THEN class = {8,688.19} [5,101.47, 12,274.92], (p=102, n=7, P=110, N=49)
2025-03-05 08:30:53,452 - INFO - *****GROWING RR RULE*****
2025-03-05 08:30:53,573 - INFO - Iteracja 0: condition_best: None, quality_best: -inf, coverage_best: (p=0, n=0, P=0, N=0), p_value: 0
2025-03-05 08:30:53,573 - INFO - Regula po iteracji 0: IF  THEN class = {11,445.73} [5,586.39, 17,305.07], (p=124, n=35, P=124, N=35)
2025-03-05 08:30:53,573 - INFO - *****STOP GROWING RR RULE*****
2025-03-05 08:30:53,573 - INFO - ***RR NOT FOUND***
2025-03-05 08:30:53,613 - INFO - Iteracja 2: condition_best: stroke <= 3.54, quality_best: 0.791, coverage_best: (p=97, n=5, P=110, N=49)
2025-03-05 08:30:53,613 - INFO - Regula po iteracji 2: IF wheel-base <= 99.15 AND horsepower <= 157.50 AND stroke <= 3.54 THEN class = {8,574.79} [4,925.48, 12,224.10], (p=97, n=5, P=110, N=49)
2025-03-05 08:30:53,614 - INFO - *****GROWING RR RULE*****
2025-03-05 08:30:53,735 - INFO - Iteracja 0: condition_best: None, quality_best: -inf, coverage_best: (p=0, n=0, P=0, N=0), p_value: 0
2025-03-05 08:30:53,735 - INFO - Regula po iteracji 0: IF  THEN class = {11,445.73} [5,586.39, 17,305.07], (p=124, n=35, P=124, N=35)
2025-03-05 08:30:53,735 - INFO - *****STOP GROWING RR RULE*****
2025-03-05 08:30:53,735 - INFO - ***RR NOT FOUND***
2025-03-05 08:30:53,773 - INFO - Iteracja 3: condition_best: bore <= 3.78, quality_best: 0.799, coverage_best: (p=96, n=5, P=108, N=51)
2025-03-05 08:30:53,773 - INFO - Regula po iteracji 3: IF wheel-base <= 99.15 AND horsepower <= 157.50 AND stroke <= 3.54 AND bore <= 3.78 THEN class = {8,441.69} [5,029.61, 11,853.78], (p=96, n=5, P=108, N=51)
2025-03-05 08:30:53,773 - INFO - *****GROWING RR RULE*****
2025-03-05 08:30:53,895 - INFO - Iteracja 0: condition_best: None, quality_best: -inf, coverage_best: (p=0, n=0, P=0, N=0), p_value: 0
2025-03-05 08:30:53,895 - INFO - Regula po iteracji 0: IF  THEN class = {11,445.73} [5,586.39, 17,305.07], (p=124, n=35, P=124, N=35)
2025-03-05 08:30:53,895 - INFO - *****STOP GROWING RR RULE*****
2025-03-05 08:30:53,895 - INFO - ***RR NOT FOUND***
2025-03-05 08:30:53,931 - INFO - Iteracja 4: condition_best: bore >= 2.73, quality_best: 0.8, coverage_best: (p=95, n=5, P=107, N=52)
2025-03-05 08:30:53,931 - INFO - Regula po iteracji 4: IF wheel-base <= 99.15 AND horsepower <= 157.50 AND stroke <= 3.54 AND bore <= 3.78 AND bore >= 2.73 THEN class = {8,375.71} [5,011.34, 11,740.08], (p=95, n=5, P=107, N=52)
2025-03-05 08:30:53,932 - INFO - *****GROWING RR RULE*****
2025-03-05 08:30:54,053 - INFO - Iteracja 0: condition_best: None, quality_best: -inf, coverage_best: (p=0, n=0, P=0, N=0), p_value: 0
2025-03-05 08:30:54,053 - INFO - Regula po iteracji 0: IF  THEN class = {11,445.73} [5,586.39, 17,305.07], (p=124, n=35, P=124, N=35)
2025-03-05 08:30:54,053 - INFO - *****STOP GROWING RR RULE*****
2025-03-05 08:30:54,053 - INFO - ***RR NOT FOUND***
2025-03-05 08:30:54,053 - INFO - *******STOP GROWING CR RULE*******
2025-03-05 08:30:54,056 - INFO - *******GROWING CR RULE*******
2025-03-05 08:30:54,118 - INFO - Iteracja 0: condition_best: width <= 65.00, quality_best: 0.69, coverage_best: (p=64, n=4, P=100, N=59)
2025-03-05 08:30:54,118 - INFO - Regula po iteracji 0: IF width <= 65.00 THEN class = {7,871.99} [4,848.42, 10,895.56], (p=64, n=4, P=100, N=59)
2025-03-05 08:30:54,118 - INFO - *****GROWING RR RULE*****
2025-03-05 08:30:54,239 - INFO - Iteracja 0: condition_best: None, quality_best: -inf, coverage_best: (p=0, n=0, P=0, N=0), p_value: 0
2025-03-05 08:30:54,239 - INFO - Regula po iteracji 0: IF  THEN class = {11,445.73} [5,586.39, 17,305.07], (p=124, n=35, P=124, N=35)
2025-03-05 08:30:54,239 - INFO - *****STOP GROWING RR RULE*****
2025-03-05 08:30:54,239 - INFO - ***RR NOT FOUND***
2025-03-05 08:30:54,266 - INFO - Iteracja 1: condition_best: curb-weight <= 2,737.50, quality_best: 0.697, coverage_best: (p=62, n=4, P=96, N=63)
2025-03-05 08:30:54,266 - INFO - Regula po iteracji 1: IF width <= 65.00 AND curb-weight <= 2,737.50 THEN class = {7,657.76} [5,067.88, 10,247.63], (p=62, n=4, P=96, N=63)
2025-03-05 08:30:54,266 - INFO - *****GROWING RR RULE*****
2025-03-05 08:30:54,388 - INFO - Iteracja 0: condition_best: None, quality_best: -inf, coverage_best: (p=0, n=0, P=0, N=0), p_value: 0
2025-03-05 08:30:54,388 - INFO - Regula po iteracji 0: IF  THEN class = {11,445.73} [5,586.39, 17,305.07], (p=124, n=35, P=124, N=35)
2025-03-05 08:30:54,388 - INFO - *****STOP GROWING RR RULE*****
2025-03-05 08:30:54,388 - INFO - ***RR NOT FOUND***
2025-03-05 08:30:54,414 - INFO - Iteracja 2: condition_best: stroke <= 3.53, quality_best: 0.732, coverage_best: (p=62, n=3, P=95, N=64)
2025-03-05 08:30:54,414 - INFO - Regula po iteracji 2: IF width <= 65.00 AND curb-weight <= 2,737.50 AND stroke <= 3.53 THEN class = {7,617.18} [5,028.36, 10,206.01], (p=62, n=3, P=95, N=64)
2025-03-05 08:30:54,415 - INFO - *****GROWING RR RULE*****
2025-03-05 08:30:54,536 - INFO - Iteracja 0: condition_best: None, quality_best: -inf, coverage_best: (p=0, n=0, P=0, N=0), p_value: 0
2025-03-05 08:30:54,536 - INFO - Regula po iteracji 0: IF  THEN class = {11,445.73} [5,586.39, 17,305.07], (p=124, n=35, P=124, N=35)
2025-03-05 08:30:54,536 - INFO - *****STOP GROWING RR RULE*****
2025-03-05 08:30:54,536 - INFO - ***RR NOT FOUND***
2025-03-05 08:30:54,562 - INFO - Iteracja 3: condition_best: normalized-losses <= 224.00, quality_best: 0.73, coverage_best: (p=61, n=3, P=94, N=65)
2025-03-05 08:30:54,562 - INFO - Regula po iteracji 3: IF width <= 65.00 AND curb-weight <= 2,737.50 AND stroke <= 3.53 AND normalized-losses <= 224.00 THEN class = {7,580.27} [4,988.33, 10,172.20], (p=61, n=3, P=94, N=65)
2025-03-05 08:30:54,562 - INFO - *****GROWING RR RULE*****
2025-03-05 08:30:54,683 - INFO - Iteracja 0: condition_best: None, quality_best: -inf, coverage_best: (p=0, n=0, P=0, N=0), p_value: 0
2025-03-05 08:30:54,684 - INFO - Regula po iteracji 0: IF  THEN class = {11,445.73} [5,586.39, 17,305.07], (p=124, n=35, P=124, N=35)
2025-03-05 08:30:54,684 - INFO - *****STOP GROWING RR RULE*****
2025-03-05 08:30:54,684 - INFO - ***RR NOT FOUND***
2025-03-05 08:30:54,709 - INFO - Iteracja 4: condition_best: length >= 142.85, quality_best: 0.719, coverage_best: (p=60, n=3, P=95, N=64)
2025-03-05 08:30:54,709 - INFO - Regula po iteracji 4: IF width <= 65.00 AND curb-weight <= 2,737.50 AND stroke <= 3.53 AND normalized-losses <= 224.00 AND length >= 142.85 THEN class = {7,618.83} [5,024.68, 10,212.97], (p=60, n=3, P=95, N=64)
2025-03-05 08:30:54,709 - INFO - *****GROWING RR RULE*****
2025-03-05 08:30:54,831 - INFO - Iteracja 0: condition_best: None, quality_best: -inf, coverage_best: (p=0, n=0, P=0, N=0), p_value: 0
2025-03-05 08:30:54,831 - INFO - Regula po iteracji 0: IF  THEN class = {11,445.73} [5,586.39, 17,305.07], (p=124, n=35, P=124, N=35)
2025-03-05 08:30:54,831 - INFO - *****STOP GROWING RR RULE*****
2025-03-05 08:30:54,831 - INFO - ***RR NOT FOUND***
2025-03-05 08:30:54,831 - INFO - *******STOP GROWING CR RULE*******
2025-03-05 08:30:54,833 - INFO - *******GROWING CR RULE*******
2025-03-05 08:30:54,894 - INFO - Iteracja 0: condition_best: wheel-base <= 99.30, quality_best: 0.669, coverage_best: (p=104, n=10, P=113, N=46)
2025-03-05 08:30:54,894 - INFO - Regula po iteracji 0: IF wheel-base <= 99.30 THEN class = {9,114.74} [5,078.02, 13,151.45], (p=104, n=10, P=113, N=46)
2025-03-05 08:30:54,894 - INFO - *****GROWING RR RULE*****
2025-03-05 08:30:55,015 - INFO - Iteracja 0: condition_best: None, quality_best: -inf, coverage_best: (p=0, n=0, P=0, N=0), p_value: 0
2025-03-05 08:30:55,016 - INFO - Regula po iteracji 0: IF  THEN class = {11,445.73} [5,586.39, 17,305.07], (p=124, n=35, P=124, N=35)
2025-03-05 08:30:55,016 - INFO - *****STOP GROWING RR RULE*****
2025-03-05 08:30:55,016 - INFO - ***RR NOT FOUND***
2025-03-05 08:30:55,057 - INFO - Iteracja 1: condition_best: horsepower <= 180.00, quality_best: 0.672, coverage_best: (p=103, n=10, P=112, N=47)
2025-03-05 08:30:55,057 - INFO - Regula po iteracji 1: IF wheel-base <= 99.30 AND horsepower <= 180.00 THEN class = {9,021.07} [5,091.81, 12,950.34], (p=103, n=10, P=112, N=47)
2025-03-05 08:30:55,057 - INFO - *****GROWING RR RULE*****
2025-03-05 08:30:55,178 - INFO - Iteracja 0: condition_best: None, quality_best: -inf, coverage_best: (p=0, n=0, P=0, N=0), p_value: 0
2025-03-05 08:30:55,178 - INFO - Regula po iteracji 0: IF  THEN class = {11,445.73} [5,586.39, 17,305.07], (p=124, n=35, P=124, N=35)
2025-03-05 08:30:55,178 - INFO - *****STOP GROWING RR RULE*****
2025-03-05 08:30:55,179 - INFO - ***RR NOT FOUND***
2025-03-05 08:30:55,220 - INFO - Iteracja 2: condition_best: normalized-losses >= 75.50, quality_best: 0.69, coverage_best: (p=103, n=9, P=113, N=46)
2025-03-05 08:30:55,220 - INFO - Regula po iteracji 2: IF wheel-base <= 99.30 AND horsepower <= 180.00 AND normalized-losses >= 75.50 THEN class = {9,043.69} [5,104.25, 12,983.13], (p=103, n=9, P=113, N=46)
2025-03-05 08:30:55,220 - INFO - *****GROWING RR RULE*****
2025-03-05 08:30:55,499 - INFO - Iteracja 0: condition_best: None, quality_best: -inf, coverage_best: (p=0, n=0, P=0, N=0), p_value: 0
2025-03-05 08:30:55,499 - INFO - Regula po iteracji 0: IF  THEN class = {11,445.73} [5,586.39, 17,305.07], (p=124, n=35, P=124, N=35)
2025-03-05 08:30:55,499 - INFO - *****STOP GROWING RR RULE*****
2025-03-05 08:30:55,499 - INFO - ***RR NOT FOUND***
2025-03-05 08:30:55,541 - INFO - Iteracja 3: condition_best: normalized-losses <= 243.50, quality_best: 0.685, coverage_best: (p=102, n=9, P=113, N=46)
2025-03-05 08:30:55,541 - INFO - Regula po iteracji 3: IF wheel-base <= 99.30 AND horsepower <= 180.00 AND normalized-losses >= 75.50 AND normalized-losses <= 243.50 THEN class = {9,035.25} [5,079.12, 12,991.39], (p=102, n=9, P=113, N=46)
2025-03-05 08:30:55,542 - INFO - *****GROWING RR RULE*****
2025-03-05 08:30:55,663 - INFO - Iteracja 0: condition_best: None, quality_best: -inf, coverage_best: (p=0, n=0, P=0, N=0), p_value: 0
2025-03-05 08:30:55,663 - INFO - Regula po iteracji 0: IF  THEN class = {11,445.73} [5,586.39, 17,305.07], (p=124, n=35, P=124, N=35)
2025-03-05 08:30:55,663 - INFO - *****STOP GROWING RR RULE*****
2025-03-05 08:30:55,663 - INFO - ***RR NOT FOUND***
2025-03-05 08:30:55,705 - INFO - Iteracja 4: condition_best: wheel-base >= 93.05, quality_best: 0.69, coverage_best: (p=98, n=8, P=113, N=46)
2025-03-05 08:30:55,705 - INFO - Regula po iteracji 4: IF wheel-base <= 99.30 AND horsepower <= 180.00 AND normalized-losses >= 75.50 AND normalized-losses <= 243.50 AND wheel-base >= 93.05 THEN class = {9,052.26} [5,115.98, 12,988.55], (p=98, n=8, P=113, N=46)
2025-03-05 08:30:55,705 - INFO - *****GROWING RR RULE*****
2025-03-05 08:30:55,826 - INFO - Iteracja 0: condition_best: None, quality_best: -inf, coverage_best: (p=0, n=0, P=0, N=0), p_value: 0
2025-03-05 08:30:55,827 - INFO - Regula po iteracji 0: IF  THEN class = {11,445.73} [5,586.39, 17,305.07], (p=124, n=35, P=124, N=35)
2025-03-05 08:30:55,827 - INFO - *****STOP GROWING RR RULE*****
2025-03-05 08:30:55,827 - INFO - ***RR NOT FOUND***
2025-03-05 08:30:55,827 - INFO - *******STOP GROWING CR RULE*******
2025-03-05 08:30:55,828 - INFO - *******GROWING CR RULE*******
2025-03-05 08:30:55,889 - INFO - Iteracja 0: condition_best: curb-weight >= 2,701.00, quality_best: 0.653, coverage_best: (p=36, n=11, P=40, N=119)
2025-03-05 08:30:55,890 - INFO - Regula po iteracji 0: IF curb-weight >= 2,701.00 THEN class = {18,643.30} [13,166.42, 24,120.18], (p=36, n=11, P=40, N=119)
2025-03-05 08:30:55,890 - INFO - *****GROWING RR RULE*****
2025-03-05 08:30:56,011 - INFO - Iteracja 0: condition_best: None, quality_best: -inf, coverage_best: (p=0, n=0, P=0, N=0), p_value: 0
2025-03-05 08:30:56,011 - INFO - Regula po iteracji 0: IF  THEN class = {11,445.73} [5,586.39, 17,305.07], (p=124, n=35, P=124, N=35)
2025-03-05 08:30:56,011 - INFO - *****STOP GROWING RR RULE*****
2025-03-05 08:30:56,011 - INFO - ***RR NOT FOUND***
2025-03-05 08:30:56,040 - INFO - Iteracja 1: condition_best: compression-ratio <= 21.25, quality_best: 0.729, coverage_best: (p=35, n=7, P=40, N=119)
2025-03-05 08:30:56,040 - INFO - Regula po iteracji 1: IF curb-weight >= 2,701.00 AND compression-ratio <= 21.25 THEN class = {17,623.55} [12,860.66, 22,386.43], (p=35, n=7, P=40, N=119)
2025-03-05 08:30:56,041 - INFO - *****GROWING RR RULE*****
2025-03-05 08:30:56,162 - INFO - Iteracja 0: condition_best: None, quality_best: -inf, coverage_best: (p=0, n=0, P=0, N=0), p_value: 0
2025-03-05 08:30:56,162 - INFO - Regula po iteracji 0: IF  THEN class = {11,445.73} [5,586.39, 17,305.07], (p=124, n=35, P=124, N=35)
2025-03-05 08:30:56,162 - INFO - *****STOP GROWING RR RULE*****
2025-03-05 08:30:56,162 - INFO - ***RR NOT FOUND***
2025-03-05 08:30:56,187 - INFO - Iteracja 2: condition_best: width <= 70.95, quality_best: 0.74, coverage_best: (p=34, n=6, P=40, N=119)
2025-03-05 08:30:56,187 - INFO - Regula po iteracji 2: IF curb-weight >= 2,701.00 AND compression-ratio <= 21.25 AND width <= 70.95 THEN class = {17,465.10} [12,688.38, 22,241.82], (p=34, n=6, P=40, N=119)
2025-03-05 08:30:56,187 - INFO - *****GROWING RR RULE*****
2025-03-05 08:30:56,308 - INFO - Iteracja 0: condition_best: None, quality_best: -inf, coverage_best: (p=0, n=0, P=0, N=0), p_value: 0
2025-03-05 08:30:56,308 - INFO - Regula po iteracji 0: IF  THEN class = {11,445.73} [5,586.39, 17,305.07], (p=124, n=35, P=124, N=35)
2025-03-05 08:30:56,308 - INFO - *****STOP GROWING RR RULE*****
2025-03-05 08:30:56,308 - INFO - ***RR NOT FOUND***
2025-03-05 08:30:56,331 - INFO - Iteracja 3: condition_best: length >= 170.20, quality_best: 0.752, coverage_best: (p=33, n=5, P=40, N=119)
2025-03-05 08:30:56,331 - INFO - Regula po iteracji 3: IF curb-weight >= 2,701.00 AND compression-ratio <= 21.25 AND width <= 70.95 AND length >= 170.20 THEN class = {17,573.89} [12,939.82, 22,207.97], (p=33, n=5, P=40, N=119)
2025-03-05 08:30:56,332 - INFO - *****GROWING RR RULE*****
2025-03-05 08:30:56,452 - INFO - Iteracja 0: condition_best: None, quality_best: -inf, coverage_best: (p=0, n=0, P=0, N=0), p_value: 0
2025-03-05 08:30:56,452 - INFO - Regula po iteracji 0: IF  THEN class = {11,445.73} [5,586.39, 17,305.07], (p=124, n=35, P=124, N=35)
2025-03-05 08:30:56,453 - INFO - *****STOP GROWING RR RULE*****
2025-03-05 08:30:56,453 - INFO - ***RR NOT FOUND***
2025-03-05 08:30:56,474 - INFO - Iteracja 4: condition_best: normalized-losses <= 214.00, quality_best: 0.737, coverage_best: (p=32, n=5, P=40, N=119)
2025-03-05 08:30:56,474 - INFO - Regula po iteracji 4: IF curb-weight >= 2,701.00 AND compression-ratio <= 21.25 AND width <= 70.95 AND length >= 170.20 AND normalized-losses <= 214.00 THEN class = {17,551.59} [12,857.33, 22,245.86], (p=32, n=5, P=40, N=119)
2025-03-05 08:30:56,475 - INFO - *****GROWING RR RULE*****
2025-03-05 08:30:56,596 - INFO - Iteracja 0: condition_best: None, quality_best: -inf, coverage_best: (p=0, n=0, P=0, N=0), p_value: 0
2025-03-05 08:30:56,596 - INFO - Regula po iteracji 0: IF  THEN class = {11,445.73} [5,586.39, 17,305.07], (p=124, n=35, P=124, N=35)
2025-03-05 08:30:56,596 - INFO - *****STOP GROWING RR RULE*****
2025-03-05 08:30:56,596 - INFO - ***RR NOT FOUND***
2025-03-05 08:30:56,596 - INFO - *******STOP GROWING CR RULE*******
2025-03-05 08:30:56,598 - INFO - *******GROWING CR RULE*******
2025-03-05 08:30:56,658 - INFO - Iteracja 0: condition_best: city-mpg >= 21.50, quality_best: 0.582, coverage_best: (p=112, n=13, P=118, N=41)
2025-03-05 08:30:56,658 - INFO - Regula po iteracji 0: IF city-mpg >= 21.50 THEN class = {9,593.02} [5,006.83, 14,179.22], (p=112, n=13, P=118, N=41)
2025-03-05 08:30:56,658 - INFO - *****GROWING RR RULE*****
2025-03-05 08:30:56,779 - INFO - Iteracja 0: condition_best: None, quality_best: -inf, coverage_best: (p=0, n=0, P=0, N=0), p_value: 0
2025-03-05 08:30:56,779 - INFO - Regula po iteracji 0: IF  THEN class = {11,445.73} [5,586.39, 17,305.07], (p=124, n=35, P=124, N=35)
2025-03-05 08:30:56,779 - INFO - *****STOP GROWING RR RULE*****
2025-03-05 08:30:56,779 - INFO - ***RR NOT FOUND***
2025-03-05 08:30:56,824 - INFO - Iteracja 1: condition_best: height <= 56.40, quality_best: 0.69, coverage_best: (p=103, n=9, P=113, N=46)
2025-03-05 08:30:56,824 - INFO - Regula po iteracji 1: IF city-mpg >= 21.50 AND height <= 56.40 THEN class = {9,094.79} [5,104.84, 13,084.75], (p=103, n=9, P=113, N=46)
2025-03-05 08:30:56,824 - INFO - *****GROWING RR RULE*****
2025-03-05 08:30:56,945 - INFO - Iteracja 0: condition_best: None, quality_best: -inf, coverage_best: (p=0, n=0, P=0, N=0), p_value: 0
2025-03-05 08:30:56,945 - INFO - Regula po iteracji 0: IF  THEN class = {11,445.73} [5,586.39, 17,305.07], (p=124, n=35, P=124, N=35)
2025-03-05 08:30:56,945 - INFO - *****STOP GROWING RR RULE*****
2025-03-05 08:30:56,945 - INFO - ***RR NOT FOUND***
2025-03-05 08:30:56,985 - INFO - Iteracja 2: condition_best: bore <= 3.70, quality_best: 0.731, coverage_best: (p=101, n=8, P=110, N=49)
2025-03-05 08:30:56,985 - INFO - Regula po iteracji 2: IF city-mpg >= 21.50 AND height <= 56.40 AND bore <= 3.70 THEN class = {8,925.20} [5,025.61, 12,824.80], (p=101, n=8, P=110, N=49)
2025-03-05 08:30:56,985 - INFO - *****GROWING RR RULE*****
2025-03-05 08:30:57,106 - INFO - Iteracja 0: condition_best: None, quality_best: -inf, coverage_best: (p=0, n=0, P=0, N=0), p_value: 0
2025-03-05 08:30:57,106 - INFO - Regula po iteracji 0: IF  THEN class = {11,445.73} [5,586.39, 17,305.07], (p=124, n=35, P=124, N=35)
2025-03-05 08:30:57,106 - INFO - *****STOP GROWING RR RULE*****
2025-03-05 08:30:57,106 - INFO - ***RR NOT FOUND***
2025-03-05 08:30:57,145 - INFO - Iteracja 3: condition_best: normalized-losses <= 162.50, quality_best: 0.781, coverage_best: (p=95, n=5, P=110, N=49)
2025-03-05 08:30:57,145 - INFO - Regula po iteracji 3: IF city-mpg >= 21.50 AND height <= 56.40 AND bore <= 3.70 AND normalized-losses <= 162.50 THEN class = {8,721.81} [4,842.98, 12,600.64], (p=95, n=5, P=110, N=49)
2025-03-05 08:30:57,146 - INFO - *****GROWING RR RULE*****
2025-03-05 08:30:57,266 - INFO - Iteracja 0: condition_best: None, quality_best: -inf, coverage_best: (p=0, n=0, P=0, N=0), p_value: 0
2025-03-05 08:30:57,267 - INFO - Regula po iteracji 0: IF  THEN class = {11,445.73} [5,586.39, 17,305.07], (p=124, n=35, P=124, N=35)
2025-03-05 08:30:57,267 - INFO - *****STOP GROWING RR RULE*****
2025-03-05 08:30:57,267 - INFO - ***RR NOT FOUND***
2025-03-05 08:30:57,303 - INFO - Iteracja 4: condition_best: compression-ratio <= 22.75, quality_best: 0.794, coverage_best: (p=92, n=4, P=110, N=49)
2025-03-05 08:30:57,303 - INFO - Regula po iteracji 4: IF city-mpg >= 21.50 AND height <= 56.40 AND bore <= 3.70 AND normalized-losses <= 162.50 AND compression-ratio <= 22.75 THEN class = {8,587.98} [4,891.45, 12,284.51], (p=92, n=4, P=110, N=49)
2025-03-05 08:30:57,304 - INFO - *****GROWING RR RULE*****
2025-03-05 08:30:57,425 - INFO - Iteracja 0: condition_best: None, quality_best: -inf, coverage_best: (p=0, n=0, P=0, N=0), p_value: 0
2025-03-05 08:30:57,425 - INFO - Regula po iteracji 0: IF  THEN class = {11,445.73} [5,586.39, 17,305.07], (p=124, n=35, P=124, N=35)
2025-03-05 08:30:57,425 - INFO - *****STOP GROWING RR RULE*****
2025-03-05 08:30:57,425 - INFO - ***RR NOT FOUND***
2025-03-05 08:30:57,425 - INFO - *******STOP GROWING CR RULE*******
2025-03-05 08:30:57,427 - INFO - *******GROWING CR RULE*******
2025-03-05 08:30:57,487 - INFO - Iteracja 0: condition_best: wheel-base >= 111.50, quality_best: 1.0, coverage_best: (p=2, n=0, P=2, N=157)
2025-03-05 08:30:57,487 - INFO - Regula po iteracji 0: IF wheel-base >= 111.50 THEN class = {31,925.00} [31,600.00, 32,250.00], (p=2, n=0, P=2, N=157)
2025-03-05 08:30:57,487 - INFO - *****GROWING RR RULE*****
2025-03-05 08:30:57,608 - INFO - Iteracja 0: condition_best: None, quality_best: -inf, coverage_best: (p=0, n=0, P=0, N=0), p_value: 0
2025-03-05 08:30:57,608 - INFO - Regula po iteracji 0: IF  THEN class = {11,445.73} [5,586.39, 17,305.07], (p=124, n=35, P=124, N=35)
2025-03-05 08:30:57,608 - INFO - *****STOP GROWING RR RULE*****
2025-03-05 08:30:57,608 - INFO - ***RR NOT FOUND***
2025-03-05 08:30:57,610 - INFO - Iteracja 1: condition_best: symboling = {-1}, quality_best: 1.0, coverage_best: (p=1, n=0, P=1, N=158)
2025-03-05 08:30:57,610 - INFO - Regula po iteracji 1: IF wheel-base >= 111.50 AND symboling = {-1} THEN class = {31,600.00} [31,600.00, 31,600.00], (p=1, n=0, P=1, N=158)
2025-03-05 08:30:57,610 - INFO - *****GROWING RR RULE*****
2025-03-05 08:30:57,731 - INFO - Iteracja 0: condition_best: None, quality_best: -inf, coverage_best: (p=0, n=0, P=0, N=0), p_value: 0
2025-03-05 08:30:57,732 - INFO - Regula po iteracji 0: IF  THEN class = {11,445.73} [5,586.39, 17,305.07], (p=124, n=35, P=124, N=35)
2025-03-05 08:30:57,732 - INFO - *****STOP GROWING RR RULE*****
2025-03-05 08:30:57,732 - INFO - ***RR NOT FOUND***
2025-03-05 08:30:57,732 - INFO - Iteracja 2: condition_best: None, quality_best: -inf, coverage_best: (p=0, n=0, P=0, N=0)
2025-03-05 08:30:57,732 - INFO - Regula po iteracji 2: IF wheel-base >= 111.50 AND symboling = {-1} THEN class = {31,600.00} [31,600.00, 31,600.00], (p=1, n=0, P=1, N=158)
2025-03-05 08:30:57,732 - INFO - *******STOP GROWING CR RULE*******
2025-03-05 08:30:57,737 - INFO - ************************Finished experiment for auto-price.arff with algorithm4************************
2025-03-05 08:30:57,737 - INFO - *************************************************************************************************************************
2025-03-05 08:30:57,737 - INFO - *************************************************************************************************************************
2025-03-05 08:30:57,737 - INFO - *************************************************************************************************************************
