2025-03-05 09:03:19,582 - INFO - **********Starting experiment for cloud.arff with algorithm3**********
2025-03-05 09:03:19,587 - INFO - *******GROWING CR RULE*******
2025-03-05 09:03:19,645 - INFO - Iteracja 0: condition_best: NWC <= 1.21, quality_best: 0.694, coverage_best: (p=36, n=1, P=71, N=37)
2025-03-05 09:03:19,645 - INFO - Regula po iteracji 0: IF NWC <= 1.21 THEN class = {0.55} [-0.24, 1.34], (p=36, n=1, P=71, N=37)
2025-03-05 09:03:19,646 - INFO - *****GROWING RR RULE*****
2025-03-05 09:03:20,910 - INFO - Iteracja 0: condition_best: None, quality_best: -inf, coverage_best: (p=0, n=0, P=0, N=0), p_value: 0
2025-03-05 09:03:20,910 - INFO - Regula po iteracji 0: IF  THEN class = {1.23} [0.16, 2.30], (p=86, n=22, P=86, N=22)
2025-03-05 09:03:20,910 - INFO - *****STOP GROWING RR RULE*****
2025-03-05 09:03:20,910 - INFO - ***RR NOT FOUND***
2025-03-05 09:03:20,925 - INFO - Iteracja 1: condition_best: NWC <= 1.17, quality_best: 0.691, coverage_best: (p=35, n=1, P=70, N=38)
2025-03-05 09:03:20,925 - INFO - Regula po iteracji 1: IF NWC <= 1.21 AND NWC <= 1.17 THEN class = {0.54} [-0.26, 1.33], (p=35, n=1, P=70, N=38)
2025-03-05 09:03:20,925 - INFO - *****GROWING RR RULE*****
2025-03-05 09:03:22,189 - INFO - Iteracja 0: condition_best: None, quality_best: -inf, coverage_best: (p=0, n=0, P=0, N=0), p_value: 0
2025-03-05 09:03:22,189 - INFO - Regula po iteracji 0: IF  THEN class = {1.23} [0.16, 2.30], (p=86, n=22, P=86, N=22)
2025-03-05 09:03:22,189 - INFO - *****STOP GROWING RR RULE*****
2025-03-05 09:03:22,189 - INFO - ***RR NOT FOUND***
2025-03-05 09:03:22,202 - INFO - Iteracja 2: condition_best: period <= 190.50, quality_best: 0.678, coverage_best: (p=34, n=1, P=71, N=37)
2025-03-05 09:03:22,202 - INFO - Regula po iteracji 2: IF NWC <= 1.21 AND NWC <= 1.17 AND period <= 190.50 THEN class = {0.55} [-0.25, 1.35], (p=34, n=1, P=71, N=37)
2025-03-05 09:03:22,202 - INFO - *****GROWING RR RULE*****
2025-03-05 09:03:23,462 - INFO - Iteracja 0: condition_best: None, quality_best: -inf, coverage_best: (p=0, n=0, P=0, N=0), p_value: 0
2025-03-05 09:03:23,462 - INFO - Regula po iteracji 0: IF  THEN class = {1.23} [0.16, 2.30], (p=86, n=22, P=86, N=22)
2025-03-05 09:03:23,462 - INFO - *****STOP GROWING RR RULE*****
2025-03-05 09:03:23,462 - INFO - ***RR NOT FOUND***
2025-03-05 09:03:23,475 - INFO - Iteracja 3: condition_best: NC <= 1.48, quality_best: 0.67, coverage_best: (p=33, n=1, P=71, N=37)
2025-03-05 09:03:23,475 - INFO - Regula po iteracji 3: IF NWC <= 1.21 AND NWC <= 1.17 AND period <= 190.50 AND NC <= 1.48 THEN class = {0.55} [-0.26, 1.36], (p=33, n=1, P=71, N=37)
2025-03-05 09:03:23,475 - INFO - *****GROWING RR RULE*****
2025-03-05 09:03:24,728 - INFO - Iteracja 0: condition_best: None, quality_best: -inf, coverage_best: (p=0, n=0, P=0, N=0), p_value: 0
2025-03-05 09:03:24,728 - INFO - Regula po iteracji 0: IF  THEN class = {1.23} [0.16, 2.30], (p=86, n=22, P=86, N=22)
2025-03-05 09:03:24,728 - INFO - *****STOP GROWING RR RULE*****
2025-03-05 09:03:24,728 - INFO - ***RR NOT FOUND***
2025-03-05 09:03:24,741 - INFO - Iteracja 4: condition_best: NC <= 1.45, quality_best: 0.661, coverage_best: (p=32, n=1, P=71, N=37)
2025-03-05 09:03:24,741 - INFO - Regula po iteracji 4: IF NWC <= 1.21 AND NWC <= 1.17 AND period <= 190.50 AND NC <= 1.48 AND NC <= 1.45 THEN class = {0.53} [-0.29, 1.35], (p=32, n=1, P=71, N=37)
2025-03-05 09:03:24,741 - INFO - *****GROWING RR RULE*****
2025-03-05 09:03:25,988 - INFO - Iteracja 0: condition_best: None, quality_best: -inf, coverage_best: (p=0, n=0, P=0, N=0), p_value: 0
2025-03-05 09:03:25,988 - INFO - Regula po iteracji 0: IF  THEN class = {1.23} [0.16, 2.30], (p=86, n=22, P=86, N=22)
2025-03-05 09:03:25,988 - INFO - *****STOP GROWING RR RULE*****
2025-03-05 09:03:25,988 - INFO - ***RR NOT FOUND***
2025-03-05 09:03:25,988 - INFO - *******STOP GROWING CR RULE*******
2025-03-05 09:03:25,989 - INFO - *******GROWING CR RULE*******
2025-03-05 09:03:26,030 - INFO - Iteracja 0: condition_best: SC >= 2.73, quality_best: 0.68, coverage_best: (p=6, n=2, P=7, N=101)
2025-03-05 09:03:26,030 - INFO - Regula po iteracji 0: IF SC >= 2.73 THEN class = {3.88} [2.58, 5.18], (p=6, n=2, P=7, N=101)
2025-03-05 09:03:26,030 - INFO - *****GROWING RR RULE*****
2025-03-05 09:03:27,274 - INFO - Iteracja 0: condition_best: None, quality_best: -inf, coverage_best: (p=0, n=0, P=0, N=0), p_value: 0
2025-03-05 09:03:27,274 - INFO - Regula po iteracji 0: IF  THEN class = {1.23} [0.16, 2.30], (p=86, n=22, P=86, N=22)
2025-03-05 09:03:27,274 - INFO - *****STOP GROWING RR RULE*****
2025-03-05 09:03:27,274 - INFO - ***RR NOT FOUND***
2025-03-05 09:03:27,278 - INFO - Iteracja 1: condition_best: period >= 30.00, quality_best: 0.595, coverage_best: (p=5, n=2, P=7, N=101)
2025-03-05 09:03:27,278 - INFO - Regula po iteracji 1: IF SC >= 2.73 AND period >= 30.00 THEN class = {3.95} [2.57, 5.32], (p=5, n=2, P=7, N=101)
2025-03-05 09:03:27,279 - INFO - *****GROWING RR RULE*****
2025-03-05 09:03:28,511 - INFO - Iteracja 0: condition_best: None, quality_best: -inf, coverage_best: (p=0, n=0, P=0, N=0), p_value: 0
2025-03-05 09:03:28,512 - INFO - Regula po iteracji 0: IF  THEN class = {1.23} [0.16, 2.30], (p=86, n=22, P=86, N=22)
2025-03-05 09:03:28,512 - INFO - *****STOP GROWING RR RULE*****
2025-03-05 09:03:28,512 - INFO - ***RR NOT FOUND***
2025-03-05 09:03:28,515 - INFO - Iteracja 2: condition_best: NC >= 1.78, quality_best: 0.417, coverage_best: (p=4, n=2, P=12, N=96)
2025-03-05 09:03:28,515 - INFO - Regula po iteracji 2: IF SC >= 2.73 AND period >= 30.00 AND NC >= 1.78 THEN class = {3.78} [2.36, 5.19], (p=4, n=2, P=12, N=96)
2025-03-05 09:03:28,515 - INFO - *****GROWING RR RULE*****
2025-03-05 09:03:29,717 - INFO - Iteracja 0: condition_best: None, quality_best: -inf, coverage_best: (p=0, n=0, P=0, N=0), p_value: 0
2025-03-05 09:03:29,717 - INFO - Regula po iteracji 0: IF  THEN class = {1.23} [0.16, 2.30], (p=86, n=22, P=86, N=22)
2025-03-05 09:03:29,717 - INFO - *****STOP GROWING RR RULE*****
2025-03-05 09:03:29,717 - INFO - ***RR NOT FOUND***
2025-03-05 09:03:29,720 - INFO - Iteracja 3: condition_best: period <= 186.50, quality_best: 0.409, coverage_best: (p=3, n=2, P=7, N=101)
2025-03-05 09:03:29,720 - INFO - Regula po iteracji 3: IF SC >= 2.73 AND period >= 30.00 AND NC >= 1.78 AND period <= 186.50 THEN class = {4.00} [2.55, 5.45], (p=3, n=2, P=7, N=101)
2025-03-05 09:03:29,721 - INFO - *****GROWING RR RULE*****
2025-03-05 09:03:30,912 - INFO - Iteracja 0: condition_best: None, quality_best: -inf, coverage_best: (p=0, n=0, P=0, N=0), p_value: 0
2025-03-05 09:03:30,912 - INFO - Regula po iteracji 0: IF  THEN class = {1.23} [0.16, 2.30], (p=86, n=22, P=86, N=22)
2025-03-05 09:03:30,913 - INFO - *****STOP GROWING RR RULE*****
2025-03-05 09:03:30,913 - INFO - ***RR NOT FOUND***
2025-03-05 09:03:30,915 - INFO - Iteracja 4: condition_best: None, quality_best: -inf, coverage_best: (p=0, n=0, P=0, N=0)
2025-03-05 09:03:30,915 - INFO - Regula po iteracji 4: IF SC >= 2.73 AND period >= 30.00 AND NC >= 1.78 AND period <= 186.50 THEN class = {4.00} [2.55, 5.45], (p=3, n=2, P=7, N=101)
2025-03-05 09:03:30,915 - INFO - *******STOP GROWING CR RULE*******
2025-03-05 09:03:30,916 - INFO - *******GROWING CR RULE*******
2025-03-05 09:03:30,956 - INFO - Iteracja 0: condition_best: NWC <= 1.69, quality_best: 0.669, coverage_best: (p=46, n=3, P=72, N=36)
2025-03-05 09:03:30,956 - INFO - Regula po iteracji 0: IF NWC <= 1.69 THEN class = {0.66} [-0.07, 1.39], (p=46, n=3, P=72, N=36)
2025-03-05 09:03:30,956 - INFO - *****GROWING RR RULE*****
2025-03-05 09:03:32,251 - INFO - Iteracja 0: condition_best: None, quality_best: -inf, coverage_best: (p=0, n=0, P=0, N=0), p_value: 0
2025-03-05 09:03:32,251 - INFO - Regula po iteracji 0: IF  THEN class = {1.23} [0.16, 2.30], (p=86, n=22, P=86, N=22)
2025-03-05 09:03:32,251 - INFO - *****STOP GROWING RR RULE*****
2025-03-05 09:03:32,251 - INFO - ***RR NOT FOUND***
2025-03-05 09:03:32,270 - INFO - Iteracja 1: condition_best: NC <= 1.88, quality_best: 0.715, coverage_best: (p=45, n=2, P=71, N=37)
2025-03-05 09:03:32,270 - INFO - Regula po iteracji 1: IF NWC <= 1.69 AND NC <= 1.88 THEN class = {0.63} [-0.10, 1.35], (p=45, n=2, P=71, N=37)
2025-03-05 09:03:32,270 - INFO - *****GROWING RR RULE*****
2025-03-05 09:03:33,552 - INFO - Iteracja 0: condition_best: None, quality_best: -inf, coverage_best: (p=0, n=0, P=0, N=0), p_value: 0
2025-03-05 09:03:33,552 - INFO - Regula po iteracji 0: IF  THEN class = {1.23} [0.16, 2.30], (p=86, n=22, P=86, N=22)
2025-03-05 09:03:33,552 - INFO - *****STOP GROWING RR RULE*****
2025-03-05 09:03:33,552 - INFO - ***RR NOT FOUND***
2025-03-05 09:03:33,569 - INFO - Iteracja 2: condition_best: period >= 12.50, quality_best: 0.75, coverage_best: (p=43, n=1, P=71, N=37)
2025-03-05 09:03:33,569 - INFO - Regula po iteracji 2: IF NWC <= 1.69 AND NC <= 1.88 AND period >= 12.50 THEN class = {0.61} [-0.13, 1.35], (p=43, n=1, P=71, N=37)
2025-03-05 09:03:33,569 - INFO - *****GROWING RR RULE*****
2025-03-05 09:03:34,844 - INFO - Iteracja 0: condition_best: None, quality_best: -inf, coverage_best: (p=0, n=0, P=0, N=0), p_value: 0
2025-03-05 09:03:34,844 - INFO - Regula po iteracji 0: IF  THEN class = {1.23} [0.16, 2.30], (p=86, n=22, P=86, N=22)
2025-03-05 09:03:34,844 - INFO - *****STOP GROWING RR RULE*****
2025-03-05 09:03:34,844 - INFO - ***RR NOT FOUND***
2025-03-05 09:03:34,860 - INFO - Iteracja 3: condition_best: period <= 193.50, quality_best: 0.742, coverage_best: (p=42, n=1, P=71, N=37)
2025-03-05 09:03:34,860 - INFO - Regula po iteracji 3: IF NWC <= 1.69 AND NC <= 1.88 AND period >= 12.50 AND period <= 193.50 THEN class = {0.60} [-0.14, 1.35], (p=42, n=1, P=71, N=37)
2025-03-05 09:03:34,860 - INFO - *****GROWING RR RULE*****
2025-03-05 09:03:36,136 - INFO - Iteracja 0: condition_best: None, quality_best: -inf, coverage_best: (p=0, n=0, P=0, N=0), p_value: 0
2025-03-05 09:03:36,136 - INFO - Regula po iteracji 0: IF  THEN class = {1.23} [0.16, 2.30], (p=86, n=22, P=86, N=22)
2025-03-05 09:03:36,137 - INFO - *****STOP GROWING RR RULE*****
2025-03-05 09:03:36,137 - INFO - ***RR NOT FOUND***
2025-03-05 09:03:36,152 - INFO - Iteracja 4: condition_best: NC <= 1.48, quality_best: 0.734, coverage_best: (p=41, n=1, P=71, N=37)
2025-03-05 09:03:36,152 - INFO - Regula po iteracji 4: IF NWC <= 1.69 AND NC <= 1.88 AND period >= 12.50 AND period <= 193.50 AND NC <= 1.48 THEN class = {0.60} [-0.15, 1.36], (p=41, n=1, P=71, N=37)
2025-03-05 09:03:36,153 - INFO - *****GROWING RR RULE*****
2025-03-05 09:03:37,428 - INFO - Iteracja 0: condition_best: None, quality_best: -inf, coverage_best: (p=0, n=0, P=0, N=0), p_value: 0
2025-03-05 09:03:37,428 - INFO - Regula po iteracji 0: IF  THEN class = {1.23} [0.16, 2.30], (p=86, n=22, P=86, N=22)
2025-03-05 09:03:37,428 - INFO - *****STOP GROWING RR RULE*****
2025-03-05 09:03:37,428 - INFO - ***RR NOT FOUND***
2025-03-05 09:03:37,428 - INFO - *******STOP GROWING CR RULE*******
2025-03-05 09:03:37,430 - INFO - *******GROWING CR RULE*******
2025-03-05 09:03:37,470 - INFO - Iteracja 0: condition_best: NWC <= 2.17, quality_best: 0.642, coverage_best: (p=54, n=5, P=73, N=35)
2025-03-05 09:03:37,470 - INFO - Regula po iteracji 0: IF NWC <= 2.17 THEN class = {0.70} [-0.00, 1.41], (p=54, n=5, P=73, N=35)
2025-03-05 09:03:37,470 - INFO - *****GROWING RR RULE*****
2025-03-05 09:03:38,770 - INFO - Iteracja 0: condition_best: None, quality_best: -inf, coverage_best: (p=0, n=0, P=0, N=0), p_value: 0
2025-03-05 09:03:38,770 - INFO - Regula po iteracji 0: IF  THEN class = {1.23} [0.16, 2.30], (p=86, n=22, P=86, N=22)
2025-03-05 09:03:38,770 - INFO - *****STOP GROWING RR RULE*****
2025-03-05 09:03:38,770 - INFO - ***RR NOT FOUND***
2025-03-05 09:03:38,792 - INFO - Iteracja 1: condition_best: NC <= 1.99, quality_best: 0.728, coverage_best: (p=52, n=3, P=71, N=37)
2025-03-05 09:03:38,792 - INFO - Regula po iteracji 1: IF NWC <= 2.17 AND NC <= 1.99 THEN class = {0.65} [-0.04, 1.34], (p=52, n=3, P=71, N=37)
2025-03-05 09:03:38,792 - INFO - *****GROWING RR RULE*****
2025-03-05 09:03:40,082 - INFO - Iteracja 0: condition_best: None, quality_best: -inf, coverage_best: (p=0, n=0, P=0, N=0), p_value: 0
2025-03-05 09:03:40,082 - INFO - Regula po iteracji 0: IF  THEN class = {1.23} [0.16, 2.30], (p=86, n=22, P=86, N=22)
2025-03-05 09:03:40,082 - INFO - *****STOP GROWING RR RULE*****
2025-03-05 09:03:40,083 - INFO - ***RR NOT FOUND***
2025-03-05 09:03:40,102 - INFO - Iteracja 2: condition_best: period >= 12.50, quality_best: 0.748, coverage_best: (p=49, n=2, P=71, N=37)
2025-03-05 09:03:40,102 - INFO - Regula po iteracji 2: IF NWC <= 2.17 AND NC <= 1.99 AND period >= 12.50 THEN class = {0.64} [-0.07, 1.35], (p=49, n=2, P=71, N=37)
2025-03-05 09:03:40,102 - INFO - *****GROWING RR RULE*****
2025-03-05 09:03:41,390 - INFO - Iteracja 0: condition_best: None, quality_best: -inf, coverage_best: (p=0, n=0, P=0, N=0), p_value: 0
2025-03-05 09:03:41,390 - INFO - Regula po iteracji 0: IF  THEN class = {1.23} [0.16, 2.30], (p=86, n=22, P=86, N=22)
2025-03-05 09:03:41,390 - INFO - *****STOP GROWING RR RULE*****
2025-03-05 09:03:41,390 - INFO - ***RR NOT FOUND***
2025-03-05 09:03:41,409 - INFO - Iteracja 3: condition_best: period <= 193.50, quality_best: 0.74, coverage_best: (p=48, n=2, P=71, N=37)
2025-03-05 09:03:41,409 - INFO - Regula po iteracji 3: IF NWC <= 2.17 AND NC <= 1.99 AND period >= 12.50 AND period <= 193.50 THEN class = {0.63} [-0.08, 1.35], (p=48, n=2, P=71, N=37)
2025-03-05 09:03:41,409 - INFO - *****GROWING RR RULE*****
2025-03-05 09:03:42,698 - INFO - Iteracja 0: condition_best: None, quality_best: -inf, coverage_best: (p=0, n=0, P=0, N=0), p_value: 0
2025-03-05 09:03:42,698 - INFO - Regula po iteracji 0: IF  THEN class = {1.23} [0.16, 2.30], (p=86, n=22, P=86, N=22)
2025-03-05 09:03:42,698 - INFO - *****STOP GROWING RR RULE*****
2025-03-05 09:03:42,698 - INFO - ***RR NOT FOUND***
2025-03-05 09:03:42,716 - INFO - Iteracja 4: condition_best: period >= 13.50, quality_best: 0.732, coverage_best: (p=47, n=2, P=71, N=37)
2025-03-05 09:03:42,716 - INFO - Regula po iteracji 4: IF NWC <= 2.17 AND NC <= 1.99 AND period >= 12.50 AND period <= 193.50 AND period >= 13.50 THEN class = {0.64} [-0.08, 1.36], (p=47, n=2, P=71, N=37)
2025-03-05 09:03:42,717 - INFO - *****GROWING RR RULE*****
2025-03-05 09:03:44,001 - INFO - Iteracja 0: condition_best: None, quality_best: -inf, coverage_best: (p=0, n=0, P=0, N=0), p_value: 0
2025-03-05 09:03:44,001 - INFO - Regula po iteracji 0: IF  THEN class = {1.23} [0.16, 2.30], (p=86, n=22, P=86, N=22)
2025-03-05 09:03:44,001 - INFO - *****STOP GROWING RR RULE*****
2025-03-05 09:03:44,001 - INFO - ***RR NOT FOUND***
2025-03-05 09:03:44,001 - INFO - *******STOP GROWING CR RULE*******
2025-03-05 09:03:44,003 - INFO - *******GROWING CR RULE*******
2025-03-05 09:03:44,042 - INFO - Iteracja 0: condition_best: NWC <= 2.17, quality_best: 0.642, coverage_best: (p=54, n=5, P=73, N=35)
2025-03-05 09:03:44,042 - INFO - Regula po iteracji 0: IF NWC <= 2.17 THEN class = {0.70} [-0.00, 1.41], (p=54, n=5, P=73, N=35)
2025-03-05 09:03:44,043 - INFO - *****GROWING RR RULE*****
2025-03-05 09:03:45,345 - INFO - Iteracja 0: condition_best: None, quality_best: -inf, coverage_best: (p=0, n=0, P=0, N=0), p_value: 0
2025-03-05 09:03:45,345 - INFO - Regula po iteracji 0: IF  THEN class = {1.23} [0.16, 2.30], (p=86, n=22, P=86, N=22)
2025-03-05 09:03:45,345 - INFO - *****STOP GROWING RR RULE*****
2025-03-05 09:03:45,345 - INFO - ***RR NOT FOUND***
2025-03-05 09:03:45,366 - INFO - Iteracja 1: condition_best: SC >= 0.06, quality_best: 0.685, coverage_best: (p=53, n=4, P=72, N=36)
2025-03-05 09:03:45,366 - INFO - Regula po iteracji 1: IF NWC <= 2.17 AND SC >= 0.06 THEN class = {0.73} [0.02, 1.44], (p=53, n=4, P=72, N=36)
2025-03-05 09:03:45,366 - INFO - *****GROWING RR RULE*****
2025-03-05 09:03:46,669 - INFO - Iteracja 0: condition_best: None, quality_best: -inf, coverage_best: (p=0, n=0, P=0, N=0), p_value: 0
2025-03-05 09:03:46,669 - INFO - Regula po iteracji 0: IF  THEN class = {1.23} [0.16, 2.30], (p=86, n=22, P=86, N=22)
2025-03-05 09:03:46,669 - INFO - *****STOP GROWING RR RULE*****
2025-03-05 09:03:46,669 - INFO - ***RR NOT FOUND***
2025-03-05 09:03:46,690 - INFO - Iteracja 2: condition_best: period <= 192.50, quality_best: 0.667, coverage_best: (p=52, n=4, P=73, N=35)
2025-03-05 09:03:46,690 - INFO - Regula po iteracji 2: IF NWC <= 2.17 AND SC >= 0.06 AND period <= 192.50 THEN class = {0.73} [0.01, 1.44], (p=52, n=4, P=73, N=35)
2025-03-05 09:03:46,690 - INFO - *****GROWING RR RULE*****
2025-03-05 09:03:47,993 - INFO - Iteracja 0: condition_best: None, quality_best: -inf, coverage_best: (p=0, n=0, P=0, N=0), p_value: 0
2025-03-05 09:03:47,993 - INFO - Regula po iteracji 0: IF  THEN class = {1.23} [0.16, 2.30], (p=86, n=22, P=86, N=22)
2025-03-05 09:03:47,994 - INFO - *****STOP GROWING RR RULE*****
2025-03-05 09:03:47,994 - INFO - ***RR NOT FOUND***
2025-03-05 09:03:48,014 - INFO - Iteracja 3: condition_best: SC >= 0.11, quality_best: 0.659, coverage_best: (p=51, n=4, P=73, N=35)
2025-03-05 09:03:48,014 - INFO - Regula po iteracji 3: IF NWC <= 2.17 AND SC >= 0.06 AND period <= 192.50 AND SC >= 0.11 THEN class = {0.74} [0.02, 1.45], (p=51, n=4, P=73, N=35)
2025-03-05 09:03:48,014 - INFO - *****GROWING RR RULE*****
2025-03-05 09:03:49,313 - INFO - Iteracja 0: condition_best: None, quality_best: -inf, coverage_best: (p=0, n=0, P=0, N=0), p_value: 0
2025-03-05 09:03:49,313 - INFO - Regula po iteracji 0: IF  THEN class = {1.23} [0.16, 2.30], (p=86, n=22, P=86, N=22)
2025-03-05 09:03:49,313 - INFO - *****STOP GROWING RR RULE*****
2025-03-05 09:03:49,313 - INFO - ***RR NOT FOUND***
2025-03-05 09:03:49,333 - INFO - Iteracja 4: condition_best: NC >= 0.01, quality_best: 0.65, coverage_best: (p=50, n=4, P=73, N=35)
2025-03-05 09:03:49,333 - INFO - Regula po iteracji 4: IF NWC <= 2.17 AND SC >= 0.06 AND period <= 192.50 AND SC >= 0.11 AND NC >= 0.01 THEN class = {0.74} [0.02, 1.46], (p=50, n=4, P=73, N=35)
2025-03-05 09:03:49,334 - INFO - *****GROWING RR RULE*****
2025-03-05 09:03:50,635 - INFO - Iteracja 0: condition_best: None, quality_best: -inf, coverage_best: (p=0, n=0, P=0, N=0), p_value: 0
2025-03-05 09:03:50,636 - INFO - Regula po iteracji 0: IF  THEN class = {1.23} [0.16, 2.30], (p=86, n=22, P=86, N=22)
2025-03-05 09:03:50,636 - INFO - *****STOP GROWING RR RULE*****
2025-03-05 09:03:50,636 - INFO - ***RR NOT FOUND***
2025-03-05 09:03:50,636 - INFO - *******STOP GROWING CR RULE*******
2025-03-05 09:03:50,637 - INFO - *******GROWING CR RULE*******
2025-03-05 09:03:50,676 - INFO - Iteracja 0: condition_best: SC >= 1.42, quality_best: 0.619, coverage_best: (p=31, n=6, P=44, N=64)
2025-03-05 09:03:50,676 - INFO - Regula po iteracji 0: IF SC >= 1.42 THEN class = {2.24} [1.07, 3.41], (p=31, n=6, P=44, N=64)
2025-03-05 09:03:50,677 - INFO - *****GROWING RR RULE*****
2025-03-05 09:03:51,976 - INFO - Iteracja 0: condition_best: None, quality_best: -inf, coverage_best: (p=0, n=0, P=0, N=0), p_value: 0
2025-03-05 09:03:51,976 - INFO - Regula po iteracji 0: IF  THEN class = {1.23} [0.16, 2.30], (p=86, n=22, P=86, N=22)
2025-03-05 09:03:51,976 - INFO - *****STOP GROWING RR RULE*****
2025-03-05 09:03:51,976 - INFO - ***RR NOT FOUND***
2025-03-05 09:03:51,992 - INFO - Iteracja 1: condition_best: NC >= 1.49, quality_best: 0.674, coverage_best: (p=21, n=4, P=29, N=79)
2025-03-05 09:03:51,992 - INFO - Regula po iteracji 1: IF SC >= 1.42 AND NC >= 1.49 THEN class = {2.55} [1.45, 3.65], (p=21, n=4, P=29, N=79)
2025-03-05 09:03:51,992 - INFO - *****GROWING RR RULE*****
2025-03-05 09:03:53,232 - INFO - Iteracja 0: condition_best: None, quality_best: -inf, coverage_best: (p=0, n=0, P=0, N=0), p_value: 0
2025-03-05 09:03:53,232 - INFO - Regula po iteracji 0: IF  THEN class = {1.23} [0.16, 2.30], (p=86, n=22, P=86, N=22)
2025-03-05 09:03:53,232 - INFO - *****STOP GROWING RR RULE*****
2025-03-05 09:03:53,232 - INFO - ***RR NOT FOUND***
2025-03-05 09:03:53,243 - INFO - Iteracja 2: condition_best: SC >= 1.52, quality_best: 0.715, coverage_best: (p=21, n=3, P=29, N=79)
2025-03-05 09:03:53,243 - INFO - Regula po iteracji 2: IF SC >= 1.42 AND NC >= 1.49 AND SC >= 1.52 THEN class = {2.61} [1.52, 3.69], (p=21, n=3, P=29, N=79)
2025-03-05 09:03:53,243 - INFO - *****GROWING RR RULE*****
2025-03-05 09:03:54,482 - INFO - Iteracja 0: condition_best: None, quality_best: -inf, coverage_best: (p=0, n=0, P=0, N=0), p_value: 0
2025-03-05 09:03:54,482 - INFO - Regula po iteracji 0: IF  THEN class = {1.23} [0.16, 2.30], (p=86, n=22, P=86, N=22)
2025-03-05 09:03:54,482 - INFO - *****STOP GROWING RR RULE*****
2025-03-05 09:03:54,482 - INFO - ***RR NOT FOUND***
2025-03-05 09:03:54,492 - INFO - Iteracja 3: condition_best: SC <= 3.79, quality_best: 0.74, coverage_best: (p=20, n=2, P=29, N=79)
2025-03-05 09:03:54,492 - INFO - Regula po iteracji 3: IF SC >= 1.42 AND NC >= 1.49 AND SC >= 1.52 AND SC <= 3.79 THEN class = {2.49} [1.50, 3.48], (p=20, n=2, P=29, N=79)
2025-03-05 09:03:54,492 - INFO - *****GROWING RR RULE*****
2025-03-05 09:03:55,728 - INFO - Iteracja 0: condition_best: None, quality_best: -inf, coverage_best: (p=0, n=0, P=0, N=0), p_value: 0
2025-03-05 09:03:55,728 - INFO - Regula po iteracji 0: IF  THEN class = {1.23} [0.16, 2.30], (p=86, n=22, P=86, N=22)
2025-03-05 09:03:55,728 - INFO - *****STOP GROWING RR RULE*****
2025-03-05 09:03:55,728 - INFO - ***RR NOT FOUND***
2025-03-05 09:03:55,737 - INFO - Iteracja 4: condition_best: NC >= 1.58, quality_best: 0.731, coverage_best: (p=19, n=2, P=28, N=80)
2025-03-05 09:03:55,737 - INFO - Regula po iteracji 4: IF SC >= 1.42 AND NC >= 1.49 AND SC >= 1.52 AND SC <= 3.79 AND NC >= 1.58 THEN class = {2.53} [1.54, 3.52], (p=19, n=2, P=28, N=80)
2025-03-05 09:03:55,737 - INFO - *****GROWING RR RULE*****
2025-03-05 09:03:56,972 - INFO - Iteracja 0: condition_best: None, quality_best: -inf, coverage_best: (p=0, n=0, P=0, N=0), p_value: 0
2025-03-05 09:03:56,972 - INFO - Regula po iteracji 0: IF  THEN class = {1.23} [0.16, 2.30], (p=86, n=22, P=86, N=22)
2025-03-05 09:03:56,972 - INFO - *****STOP GROWING RR RULE*****
2025-03-05 09:03:56,972 - INFO - ***RR NOT FOUND***
2025-03-05 09:03:56,972 - INFO - *******STOP GROWING CR RULE*******
2025-03-05 09:03:56,975 - INFO - *******GROWING CR RULE*******
2025-03-05 09:03:57,014 - INFO - Iteracja 0: condition_best: SC >= 1.42, quality_best: 0.619, coverage_best: (p=31, n=6, P=44, N=64)
2025-03-05 09:03:57,014 - INFO - Regula po iteracji 0: IF SC >= 1.42 THEN class = {2.24} [1.07, 3.41], (p=31, n=6, P=44, N=64)
2025-03-05 09:03:57,014 - INFO - *****GROWING RR RULE*****
2025-03-05 09:03:58,306 - INFO - Iteracja 0: condition_best: None, quality_best: -inf, coverage_best: (p=0, n=0, P=0, N=0), p_value: 0
2025-03-05 09:03:58,306 - INFO - Regula po iteracji 0: IF  THEN class = {1.23} [0.16, 2.30], (p=86, n=22, P=86, N=22)
2025-03-05 09:03:58,306 - INFO - *****STOP GROWING RR RULE*****
2025-03-05 09:03:58,306 - INFO - ***RR NOT FOUND***
2025-03-05 09:03:58,320 - INFO - Iteracja 1: condition_best: period >= 3.00, quality_best: 0.643, coverage_best: (p=31, n=5, P=45, N=63)
2025-03-05 09:03:58,320 - INFO - Regula po iteracji 1: IF SC >= 1.42 AND period >= 3.00 THEN class = {2.26} [1.07, 3.44], (p=31, n=5, P=45, N=63)
2025-03-05 09:03:58,320 - INFO - *****GROWING RR RULE*****
2025-03-05 09:03:59,614 - INFO - Iteracja 0: condition_best: None, quality_best: -inf, coverage_best: (p=0, n=0, P=0, N=0), p_value: 0
2025-03-05 09:03:59,614 - INFO - Regula po iteracji 0: IF  THEN class = {1.23} [0.16, 2.30], (p=86, n=22, P=86, N=22)
2025-03-05 09:03:59,614 - INFO - *****STOP GROWING RR RULE*****
2025-03-05 09:03:59,614 - INFO - ***RR NOT FOUND***
2025-03-05 09:03:59,628 - INFO - Iteracja 2: condition_best: NC <= 3.46, quality_best: 0.664, coverage_best: (p=26, n=3, P=43, N=65)
2025-03-05 09:03:59,628 - INFO - Regula po iteracji 2: IF SC >= 1.42 AND period >= 3.00 AND NC <= 3.46 THEN class = {1.91} [1.08, 2.74], (p=26, n=3, P=43, N=65)
2025-03-05 09:03:59,628 - INFO - *****GROWING RR RULE*****
2025-03-05 09:04:00,908 - INFO - Iteracja 0: condition_best: None, quality_best: -inf, coverage_best: (p=0, n=0, P=0, N=0), p_value: 0
2025-03-05 09:04:00,908 - INFO - Regula po iteracji 0: IF  THEN class = {1.23} [0.16, 2.30], (p=86, n=22, P=86, N=22)
2025-03-05 09:04:00,909 - INFO - *****STOP GROWING RR RULE*****
2025-03-05 09:04:00,909 - INFO - ***RR NOT FOUND***
2025-03-05 09:04:00,920 - INFO - Iteracja 3: condition_best: period >= 57.00, quality_best: 0.673, coverage_best: (p=23, n=2, P=42, N=66)
2025-03-05 09:04:00,920 - INFO - Regula po iteracji 3: IF SC >= 1.42 AND period >= 3.00 AND NC <= 3.46 AND period >= 57.00 THEN class = {1.86} [1.05, 2.67], (p=23, n=2, P=42, N=66)
2025-03-05 09:04:00,920 - INFO - *****GROWING RR RULE*****
2025-03-05 09:04:02,189 - INFO - Iteracja 0: condition_best: None, quality_best: -inf, coverage_best: (p=0, n=0, P=0, N=0), p_value: 0
2025-03-05 09:04:02,189 - INFO - Regula po iteracji 0: IF  THEN class = {1.23} [0.16, 2.30], (p=86, n=22, P=86, N=22)
2025-03-05 09:04:02,189 - INFO - *****STOP GROWING RR RULE*****
2025-03-05 09:04:02,190 - INFO - ***RR NOT FOUND***
2025-03-05 09:04:02,199 - INFO - Iteracja 4: condition_best: period >= 64.00, quality_best: 0.658, coverage_best: (p=22, n=2, P=42, N=66)
2025-03-05 09:04:02,200 - INFO - Regula po iteracji 4: IF SC >= 1.42 AND period >= 3.00 AND NC <= 3.46 AND period >= 57.00 AND period >= 64.00 THEN class = {1.89} [1.08, 2.71], (p=22, n=2, P=42, N=66)
2025-03-05 09:04:02,200 - INFO - *****GROWING RR RULE*****
2025-03-05 09:04:03,451 - INFO - Iteracja 0: condition_best: None, quality_best: -inf, coverage_best: (p=0, n=0, P=0, N=0), p_value: 0
2025-03-05 09:04:03,451 - INFO - Regula po iteracji 0: IF  THEN class = {1.23} [0.16, 2.30], (p=86, n=22, P=86, N=22)
2025-03-05 09:04:03,451 - INFO - *****STOP GROWING RR RULE*****
2025-03-05 09:04:03,451 - INFO - ***RR NOT FOUND***
2025-03-05 09:04:03,451 - INFO - *******STOP GROWING CR RULE*******
2025-03-05 09:04:03,453 - INFO - *******GROWING CR RULE*******
2025-03-05 09:04:03,492 - INFO - Iteracja 0: condition_best: NC <= 1.44, quality_best: 0.606, coverage_best: (p=55, n=7, P=70, N=38)
2025-03-05 09:04:03,492 - INFO - Regula po iteracji 0: IF NC <= 1.44 THEN class = {0.71} [0.02, 1.39], (p=55, n=7, P=70, N=38)
2025-03-05 09:04:03,492 - INFO - *****GROWING RR RULE*****
2025-03-05 09:04:04,788 - INFO - Iteracja 0: condition_best: None, quality_best: -inf, coverage_best: (p=0, n=0, P=0, N=0), p_value: 0
2025-03-05 09:04:04,788 - INFO - Regula po iteracji 0: IF  THEN class = {1.23} [0.16, 2.30], (p=86, n=22, P=86, N=22)
2025-03-05 09:04:04,788 - INFO - *****STOP GROWING RR RULE*****
2025-03-05 09:04:04,788 - INFO - ***RR NOT FOUND***
2025-03-05 09:04:04,811 - INFO - Iteracja 1: condition_best: NWC <= 2.46, quality_best: 0.745, coverage_best: (p=54, n=3, P=71, N=37)
2025-03-05 09:04:04,811 - INFO - Regula po iteracji 1: IF NC <= 1.44 AND NWC <= 2.46 THEN class = {0.66} [-0.02, 1.34], (p=54, n=3, P=71, N=37)
2025-03-05 09:04:04,811 - INFO - *****GROWING RR RULE*****
2025-03-05 09:04:06,098 - INFO - Iteracja 0: condition_best: None, quality_best: -inf, coverage_best: (p=0, n=0, P=0, N=0), p_value: 0
2025-03-05 09:04:06,098 - INFO - Regula po iteracji 0: IF  THEN class = {1.23} [0.16, 2.30], (p=86, n=22, P=86, N=22)
2025-03-05 09:04:06,098 - INFO - *****STOP GROWING RR RULE*****
2025-03-05 09:04:06,098 - INFO - ***RR NOT FOUND***
2025-03-05 09:04:06,118 - INFO - Iteracja 2: condition_best: period >= 12.50, quality_best: 0.765, coverage_best: (p=51, n=2, P=71, N=37)
2025-03-05 09:04:06,118 - INFO - Regula po iteracji 2: IF NC <= 1.44 AND NWC <= 2.46 AND period >= 12.50 THEN class = {0.65} [-0.05, 1.35], (p=51, n=2, P=71, N=37)
2025-03-05 09:04:06,118 - INFO - *****GROWING RR RULE*****
2025-03-05 09:04:07,398 - INFO - Iteracja 0: condition_best: None, quality_best: -inf, coverage_best: (p=0, n=0, P=0, N=0), p_value: 0
2025-03-05 09:04:07,398 - INFO - Regula po iteracji 0: IF  THEN class = {1.23} [0.16, 2.30], (p=86, n=22, P=86, N=22)
2025-03-05 09:04:07,398 - INFO - *****STOP GROWING RR RULE*****
2025-03-05 09:04:07,398 - INFO - ***RR NOT FOUND***
2025-03-05 09:04:07,417 - INFO - Iteracja 3: condition_best: period <= 193.50, quality_best: 0.756, coverage_best: (p=50, n=2, P=71, N=37)
2025-03-05 09:04:07,417 - INFO - Regula po iteracji 3: IF NC <= 1.44 AND NWC <= 2.46 AND period >= 12.50 AND period <= 193.50 THEN class = {0.65} [-0.06, 1.35], (p=50, n=2, P=71, N=37)
2025-03-05 09:04:07,418 - INFO - *****GROWING RR RULE*****
2025-03-05 09:04:08,698 - INFO - Iteracja 0: condition_best: None, quality_best: -inf, coverage_best: (p=0, n=0, P=0, N=0), p_value: 0
2025-03-05 09:04:08,698 - INFO - Regula po iteracji 0: IF  THEN class = {1.23} [0.16, 2.30], (p=86, n=22, P=86, N=22)
2025-03-05 09:04:08,698 - INFO - *****STOP GROWING RR RULE*****
2025-03-05 09:04:08,698 - INFO - ***RR NOT FOUND***
2025-03-05 09:04:08,717 - INFO - Iteracja 4: condition_best: period >= 13.50, quality_best: 0.748, coverage_best: (p=49, n=2, P=71, N=37)
2025-03-05 09:04:08,717 - INFO - Regula po iteracji 4: IF NC <= 1.44 AND NWC <= 2.46 AND period >= 12.50 AND period <= 193.50 AND period >= 13.50 THEN class = {0.65} [-0.06, 1.36], (p=49, n=2, P=71, N=37)
2025-03-05 09:04:08,718 - INFO - *****GROWING RR RULE*****
2025-03-05 09:04:09,999 - INFO - Iteracja 0: condition_best: None, quality_best: -inf, coverage_best: (p=0, n=0, P=0, N=0), p_value: 0
2025-03-05 09:04:10,000 - INFO - Regula po iteracji 0: IF  THEN class = {1.23} [0.16, 2.30], (p=86, n=22, P=86, N=22)
2025-03-05 09:04:10,000 - INFO - *****STOP GROWING RR RULE*****
2025-03-05 09:04:10,000 - INFO - ***RR NOT FOUND***
2025-03-05 09:04:10,000 - INFO - *******STOP GROWING CR RULE*******
2025-03-05 09:04:10,001 - INFO - *******GROWING CR RULE*******
2025-03-05 09:04:10,040 - INFO - Iteracja 0: condition_best: NC >= 1.17, quality_best: 0.6, coverage_best: (p=49, n=8, P=62, N=46)
2025-03-05 09:04:10,040 - INFO - Regula po iteracji 0: IF NC >= 1.17 THEN class = {1.85} [0.73, 2.97], (p=49, n=8, P=62, N=46)
2025-03-05 09:04:10,040 - INFO - *****GROWING RR RULE*****
2025-03-05 09:04:11,340 - INFO - Iteracja 0: condition_best: None, quality_best: -inf, coverage_best: (p=0, n=0, P=0, N=0), p_value: 0
2025-03-05 09:04:11,340 - INFO - Regula po iteracji 0: IF  THEN class = {1.23} [0.16, 2.30], (p=86, n=22, P=86, N=22)
2025-03-05 09:04:11,340 - INFO - *****STOP GROWING RR RULE*****
2025-03-05 09:04:11,340 - INFO - ***RR NOT FOUND***
2025-03-05 09:04:11,362 - INFO - Iteracja 1: condition_best: SC >= 0.91, quality_best: 0.633, coverage_best: (p=37, n=8, P=45, N=63)
2025-03-05 09:04:11,362 - INFO - Regula po iteracji 1: IF NC >= 1.17 AND SC >= 0.91 THEN class = {2.11} [1.00, 3.23], (p=37, n=8, P=45, N=63)
2025-03-05 09:04:11,362 - INFO - *****GROWING RR RULE*****
2025-03-05 09:04:12,643 - INFO - Iteracja 0: condition_best: None, quality_best: -inf, coverage_best: (p=0, n=0, P=0, N=0), p_value: 0
2025-03-05 09:04:12,643 - INFO - Regula po iteracji 0: IF  THEN class = {1.23} [0.16, 2.30], (p=86, n=22, P=86, N=22)
2025-03-05 09:04:12,643 - INFO - *****STOP GROWING RR RULE*****
2025-03-05 09:04:12,643 - INFO - ***RR NOT FOUND***
2025-03-05 09:04:12,660 - INFO - Iteracja 2: condition_best: NWC <= 6.20, quality_best: 0.69, coverage_best: (p=36, n=6, P=44, N=64)
2025-03-05 09:04:12,660 - INFO - Regula po iteracji 2: IF NC >= 1.17 AND SC >= 0.91 AND NWC <= 6.20 THEN class = {1.96} [1.04, 2.89], (p=36, n=6, P=44, N=64)
2025-03-05 09:04:12,660 - INFO - *****GROWING RR RULE*****
2025-03-05 09:04:13,938 - INFO - Iteracja 0: condition_best: None, quality_best: -inf, coverage_best: (p=0, n=0, P=0, N=0), p_value: 0
2025-03-05 09:04:13,938 - INFO - Regula po iteracji 0: IF  THEN class = {1.23} [0.16, 2.30], (p=86, n=22, P=86, N=22)
2025-03-05 09:04:13,938 - INFO - *****STOP GROWING RR RULE*****
2025-03-05 09:04:13,938 - INFO - ***RR NOT FOUND***
2025-03-05 09:04:13,954 - INFO - Iteracja 3: condition_best: SC <= 3.56, quality_best: 0.693, coverage_best: (p=34, n=6, P=41, N=67)
2025-03-05 09:04:13,954 - INFO - Regula po iteracji 3: IF NC >= 1.17 AND SC >= 0.91 AND NWC <= 6.20 AND SC <= 3.56 THEN class = {1.86} [1.07, 2.65], (p=34, n=6, P=41, N=67)
2025-03-05 09:04:13,955 - INFO - *****GROWING RR RULE*****
2025-03-05 09:04:15,228 - INFO - Iteracja 0: condition_best: None, quality_best: -inf, coverage_best: (p=0, n=0, P=0, N=0), p_value: 0
2025-03-05 09:04:15,228 - INFO - Regula po iteracji 0: IF  THEN class = {1.23} [0.16, 2.30], (p=86, n=22, P=86, N=22)
2025-03-05 09:04:15,228 - INFO - *****STOP GROWING RR RULE*****
2025-03-05 09:04:15,228 - INFO - ***RR NOT FOUND***
2025-03-05 09:04:15,244 - INFO - Iteracja 4: condition_best: NC <= 4.20, quality_best: 0.735, coverage_best: (p=33, n=4, P=42, N=66)
2025-03-05 09:04:15,244 - INFO - Regula po iteracji 4: IF NC >= 1.17 AND SC >= 0.91 AND NWC <= 6.20 AND SC <= 3.56 AND NC <= 4.20 THEN class = {1.80} [1.03, 2.57], (p=33, n=4, P=42, N=66)
2025-03-05 09:04:15,244 - INFO - *****GROWING RR RULE*****
2025-03-05 09:04:16,518 - INFO - Iteracja 0: condition_best: None, quality_best: -inf, coverage_best: (p=0, n=0, P=0, N=0), p_value: 0
2025-03-05 09:04:16,518 - INFO - Regula po iteracji 0: IF  THEN class = {1.23} [0.16, 2.30], (p=86, n=22, P=86, N=22)
2025-03-05 09:04:16,518 - INFO - *****STOP GROWING RR RULE*****
2025-03-05 09:04:16,518 - INFO - ***RR NOT FOUND***
2025-03-05 09:04:16,519 - INFO - *******STOP GROWING CR RULE*******
2025-03-05 09:04:16,521 - INFO - *******GROWING CR RULE*******
2025-03-05 09:04:16,559 - INFO - Iteracja 0: condition_best: NC >= 1.17, quality_best: 0.6, coverage_best: (p=49, n=8, P=62, N=46)
2025-03-05 09:04:16,559 - INFO - Regula po iteracji 0: IF NC >= 1.17 THEN class = {1.85} [0.73, 2.97], (p=49, n=8, P=62, N=46)
2025-03-05 09:04:16,559 - INFO - *****GROWING RR RULE*****
2025-03-05 09:04:17,855 - INFO - Iteracja 0: condition_best: None, quality_best: -inf, coverage_best: (p=0, n=0, P=0, N=0), p_value: 0
2025-03-05 09:04:17,855 - INFO - Regula po iteracji 0: IF  THEN class = {1.23} [0.16, 2.30], (p=86, n=22, P=86, N=22)
2025-03-05 09:04:17,855 - INFO - *****STOP GROWING RR RULE*****
2025-03-05 09:04:17,855 - INFO - ***RR NOT FOUND***
2025-03-05 09:04:17,875 - INFO - Iteracja 1: condition_best: SC <= 3.79, quality_best: 0.622, coverage_best: (p=48, n=7, P=62, N=46)
2025-03-05 09:04:17,876 - INFO - Regula po iteracji 1: IF NC >= 1.17 AND SC <= 3.79 THEN class = {1.77} [0.73, 2.81], (p=48, n=7, P=62, N=46)
2025-03-05 09:04:17,876 - INFO - *****GROWING RR RULE*****
2025-03-05 09:04:19,168 - INFO - Iteracja 0: condition_best: None, quality_best: -inf, coverage_best: (p=0, n=0, P=0, N=0), p_value: 0
2025-03-05 09:04:19,168 - INFO - Regula po iteracji 0: IF  THEN class = {1.23} [0.16, 2.30], (p=86, n=22, P=86, N=22)
2025-03-05 09:04:19,168 - INFO - *****STOP GROWING RR RULE*****
2025-03-05 09:04:19,168 - INFO - ***RR NOT FOUND***
2025-03-05 09:04:19,188 - INFO - Iteracja 2: condition_best: SC >= 0.29, quality_best: 0.632, coverage_best: (p=47, n=7, P=60, N=48)
2025-03-05 09:04:19,188 - INFO - Regula po iteracji 2: IF NC >= 1.17 AND SC <= 3.79 AND SC >= 0.29 THEN class = {1.79} [0.76, 2.83], (p=47, n=7, P=60, N=48)
2025-03-05 09:04:19,189 - INFO - *****GROWING RR RULE*****
2025-03-05 09:04:20,480 - INFO - Iteracja 0: condition_best: None, quality_best: -inf, coverage_best: (p=0, n=0, P=0, N=0), p_value: 0
2025-03-05 09:04:20,480 - INFO - Regula po iteracji 0: IF  THEN class = {1.23} [0.16, 2.30], (p=86, n=22, P=86, N=22)
2025-03-05 09:04:20,480 - INFO - *****STOP GROWING RR RULE*****
2025-03-05 09:04:20,481 - INFO - ***RR NOT FOUND***
2025-03-05 09:04:20,501 - INFO - Iteracja 3: condition_best: period <= 191.50, quality_best: 0.645, coverage_best: (p=47, n=6, P=62, N=46)
2025-03-05 09:04:20,501 - INFO - Regula po iteracji 3: IF NC >= 1.17 AND SC <= 3.79 AND SC >= 0.29 AND period <= 191.50 THEN class = {1.78} [0.74, 2.83], (p=47, n=6, P=62, N=46)
2025-03-05 09:04:20,501 - INFO - *****GROWING RR RULE*****
2025-03-05 09:04:21,795 - INFO - Iteracja 0: condition_best: None, quality_best: -inf, coverage_best: (p=0, n=0, P=0, N=0), p_value: 0
2025-03-05 09:04:21,795 - INFO - Regula po iteracji 0: IF  THEN class = {1.23} [0.16, 2.30], (p=86, n=22, P=86, N=22)
2025-03-05 09:04:21,795 - INFO - *****STOP GROWING RR RULE*****
2025-03-05 09:04:21,795 - INFO - ***RR NOT FOUND***
2025-03-05 09:04:21,815 - INFO - Iteracja 4: condition_best: NWC <= 4.46, quality_best: 0.674, coverage_best: (p=39, n=5, P=53, N=55)
2025-03-05 09:04:21,815 - INFO - Regula po iteracji 4: IF NC >= 1.17 AND SC <= 3.79 AND SC >= 0.29 AND period <= 191.50 AND NWC <= 4.46 THEN class = {1.52} [0.74, 2.30], (p=39, n=5, P=53, N=55)
2025-03-05 09:04:21,815 - INFO - *****GROWING RR RULE*****
2025-03-05 09:04:23,100 - INFO - Iteracja 0: condition_best: None, quality_best: -inf, coverage_best: (p=0, n=0, P=0, N=0), p_value: 0
2025-03-05 09:04:23,100 - INFO - Regula po iteracji 0: IF  THEN class = {1.23} [0.16, 2.30], (p=86, n=22, P=86, N=22)
2025-03-05 09:04:23,100 - INFO - *****STOP GROWING RR RULE*****
2025-03-05 09:04:23,100 - INFO - ***RR NOT FOUND***
2025-03-05 09:04:23,100 - INFO - *******STOP GROWING CR RULE*******
2025-03-05 09:04:23,103 - INFO - *******GROWING CR RULE*******
2025-03-05 09:04:23,140 - INFO - Iteracja 0: condition_best: SC <= 0.06, quality_best: 1.0, coverage_best: (p=2, n=0, P=2, N=106)
2025-03-05 09:04:23,140 - INFO - Regula po iteracji 0: IF SC <= 0.06 THEN class = {0.01} [0.00, 0.02], (p=2, n=0, P=2, N=106)
2025-03-05 09:04:23,141 - INFO - *****GROWING RR RULE*****
2025-03-05 09:04:24,298 - INFO - Iteracja 0: condition_best: None, quality_best: -inf, coverage_best: (p=0, n=0, P=0, N=0), p_value: 0
2025-03-05 09:04:24,298 - INFO - Regula po iteracji 0: IF  THEN class = {1.23} [0.16, 2.30], (p=86, n=22, P=86, N=22)
2025-03-05 09:04:24,299 - INFO - *****STOP GROWING RR RULE*****
2025-03-05 09:04:24,299 - INFO - ***RR NOT FOUND***
2025-03-05 09:04:24,300 - INFO - Iteracja 1: condition_best: seeded = {S}, quality_best: 1.0, coverage_best: (p=2, n=0, P=2, N=106)
2025-03-05 09:04:24,300 - INFO - Regula po iteracji 1: IF SC <= 0.06 AND seeded = {S} THEN class = {0.01} [0.00, 0.02], (p=2, n=0, P=2, N=106)
2025-03-05 09:04:24,300 - INFO - *****GROWING RR RULE*****
2025-03-05 09:04:25,454 - INFO - Iteracja 0: condition_best: None, quality_best: -inf, coverage_best: (p=0, n=0, P=0, N=0), p_value: 0
2025-03-05 09:04:25,455 - INFO - Regula po iteracji 0: IF  THEN class = {1.23} [0.16, 2.30], (p=86, n=22, P=86, N=22)
2025-03-05 09:04:25,455 - INFO - *****STOP GROWING RR RULE*****
2025-03-05 09:04:25,455 - INFO - ***RR NOT FOUND***
2025-03-05 09:04:25,456 - INFO - Iteracja 2: condition_best: season = {SPRING}, quality_best: 1.0, coverage_best: (p=1, n=0, P=1, N=107)
2025-03-05 09:04:25,456 - INFO - Regula po iteracji 2: IF SC <= 0.06 AND seeded = {S} AND season = {SPRING} THEN class = {0.02} [0.02, 0.02], (p=1, n=0, P=1, N=107)
2025-03-05 09:04:25,456 - INFO - *****GROWING RR RULE*****
2025-03-05 09:04:26,565 - INFO - Iteracja 0: condition_best: None, quality_best: -inf, coverage_best: (p=0, n=0, P=0, N=0), p_value: 0
2025-03-05 09:04:26,565 - INFO - Regula po iteracji 0: IF  THEN class = {1.23} [0.16, 2.30], (p=86, n=22, P=86, N=22)
2025-03-05 09:04:26,565 - INFO - *****STOP GROWING RR RULE*****
2025-03-05 09:04:26,565 - INFO - ***RR NOT FOUND***
2025-03-05 09:04:26,565 - INFO - Iteracja 3: condition_best: None, quality_best: -inf, coverage_best: (p=0, n=0, P=0, N=0)
2025-03-05 09:04:26,565 - INFO - Regula po iteracji 3: IF SC <= 0.06 AND seeded = {S} AND season = {SPRING} THEN class = {0.02} [0.02, 0.02], (p=1, n=0, P=1, N=107)
2025-03-05 09:04:26,565 - INFO - *******STOP GROWING CR RULE*******
2025-03-05 09:04:26,570 - INFO - ************************Finished experiment for cloud.arff with algorithm3************************
2025-03-05 09:04:26,570 - INFO - *************************************************************************************************************************
2025-03-05 09:04:26,570 - INFO - *************************************************************************************************************************
2025-03-05 09:04:26,570 - INFO - *************************************************************************************************************************
2025-03-05 09:04:26,571 - INFO - **********Starting experiment for cloud.arff with algorithm4**********
2025-03-05 09:04:26,576 - INFO - *******GROWING CR RULE*******
2025-03-05 09:04:26,635 - INFO - Iteracja 0: condition_best: NWC <= 1.21, quality_best: 0.694, coverage_best: (p=36, n=1, P=71, N=37)
2025-03-05 09:04:26,635 - INFO - Regula po iteracji 0: IF NWC <= 1.21 THEN class = {0.55} [-0.24, 1.34], (p=36, n=1, P=71, N=37)
2025-03-05 09:04:26,635 - INFO - *****GROWING RR RULE*****
2025-03-05 09:04:26,713 - INFO - Iteracja 0: condition_best: None, quality_best: -inf, coverage_best: (p=0, n=0, P=0, N=0), p_value: 0
2025-03-05 09:04:26,713 - INFO - Regula po iteracji 0: IF  THEN class = {1.23} [0.16, 2.30], (p=86, n=22, P=86, N=22)
2025-03-05 09:04:26,713 - INFO - *****STOP GROWING RR RULE*****
2025-03-05 09:04:26,713 - INFO - ***RR NOT FOUND***
2025-03-05 09:04:26,728 - INFO - Iteracja 1: condition_best: NWC <= 1.17, quality_best: 0.691, coverage_best: (p=35, n=1, P=70, N=38)
2025-03-05 09:04:26,728 - INFO - Regula po iteracji 1: IF NWC <= 1.21 AND NWC <= 1.17 THEN class = {0.54} [-0.26, 1.33], (p=35, n=1, P=70, N=38)
2025-03-05 09:04:26,728 - INFO - *****GROWING RR RULE*****
2025-03-05 09:04:26,805 - INFO - Iteracja 0: condition_best: None, quality_best: -inf, coverage_best: (p=0, n=0, P=0, N=0), p_value: 0
2025-03-05 09:04:26,805 - INFO - Regula po iteracji 0: IF  THEN class = {1.23} [0.16, 2.30], (p=86, n=22, P=86, N=22)
2025-03-05 09:04:26,805 - INFO - *****STOP GROWING RR RULE*****
2025-03-05 09:04:26,805 - INFO - ***RR NOT FOUND***
2025-03-05 09:04:26,818 - INFO - Iteracja 2: condition_best: period <= 190.50, quality_best: 0.678, coverage_best: (p=34, n=1, P=71, N=37)
2025-03-05 09:04:26,818 - INFO - Regula po iteracji 2: IF NWC <= 1.21 AND NWC <= 1.17 AND period <= 190.50 THEN class = {0.55} [-0.25, 1.35], (p=34, n=1, P=71, N=37)
2025-03-05 09:04:26,819 - INFO - *****GROWING RR RULE*****
2025-03-05 09:04:26,896 - INFO - Iteracja 0: condition_best: None, quality_best: -inf, coverage_best: (p=0, n=0, P=0, N=0), p_value: 0
2025-03-05 09:04:26,896 - INFO - Regula po iteracji 0: IF  THEN class = {1.23} [0.16, 2.30], (p=86, n=22, P=86, N=22)
2025-03-05 09:04:26,896 - INFO - *****STOP GROWING RR RULE*****
2025-03-05 09:04:26,896 - INFO - ***RR NOT FOUND***
2025-03-05 09:04:26,908 - INFO - Iteracja 3: condition_best: NC <= 1.48, quality_best: 0.67, coverage_best: (p=33, n=1, P=71, N=37)
2025-03-05 09:04:26,909 - INFO - Regula po iteracji 3: IF NWC <= 1.21 AND NWC <= 1.17 AND period <= 190.50 AND NC <= 1.48 THEN class = {0.55} [-0.26, 1.36], (p=33, n=1, P=71, N=37)
2025-03-05 09:04:26,909 - INFO - *****GROWING RR RULE*****
2025-03-05 09:04:26,986 - INFO - Iteracja 0: condition_best: None, quality_best: -inf, coverage_best: (p=0, n=0, P=0, N=0), p_value: 0
2025-03-05 09:04:26,986 - INFO - Regula po iteracji 0: IF  THEN class = {1.23} [0.16, 2.30], (p=86, n=22, P=86, N=22)
2025-03-05 09:04:26,986 - INFO - *****STOP GROWING RR RULE*****
2025-03-05 09:04:26,986 - INFO - ***RR NOT FOUND***
2025-03-05 09:04:26,999 - INFO - Iteracja 4: condition_best: NC <= 1.45, quality_best: 0.661, coverage_best: (p=32, n=1, P=71, N=37)
2025-03-05 09:04:26,999 - INFO - Regula po iteracji 4: IF NWC <= 1.21 AND NWC <= 1.17 AND period <= 190.50 AND NC <= 1.48 AND NC <= 1.45 THEN class = {0.53} [-0.29, 1.35], (p=32, n=1, P=71, N=37)
2025-03-05 09:04:26,999 - INFO - *****GROWING RR RULE*****
2025-03-05 09:04:27,076 - INFO - Iteracja 0: condition_best: None, quality_best: -inf, coverage_best: (p=0, n=0, P=0, N=0), p_value: 0
2025-03-05 09:04:27,076 - INFO - Regula po iteracji 0: IF  THEN class = {1.23} [0.16, 2.30], (p=86, n=22, P=86, N=22)
2025-03-05 09:04:27,076 - INFO - *****STOP GROWING RR RULE*****
2025-03-05 09:04:27,076 - INFO - ***RR NOT FOUND***
2025-03-05 09:04:27,076 - INFO - *******STOP GROWING CR RULE*******
2025-03-05 09:04:27,077 - INFO - *******GROWING CR RULE*******
2025-03-05 09:04:27,117 - INFO - Iteracja 0: condition_best: SC >= 2.73, quality_best: 0.68, coverage_best: (p=6, n=2, P=7, N=101)
2025-03-05 09:04:27,117 - INFO - Regula po iteracji 0: IF SC >= 2.73 THEN class = {3.88} [2.58, 5.18], (p=6, n=2, P=7, N=101)
2025-03-05 09:04:27,117 - INFO - *****GROWING RR RULE*****
2025-03-05 09:04:27,194 - INFO - Iteracja 0: condition_best: None, quality_best: -inf, coverage_best: (p=0, n=0, P=0, N=0), p_value: 0
2025-03-05 09:04:27,194 - INFO - Regula po iteracji 0: IF  THEN class = {1.23} [0.16, 2.30], (p=86, n=22, P=86, N=22)
2025-03-05 09:04:27,194 - INFO - *****STOP GROWING RR RULE*****
2025-03-05 09:04:27,194 - INFO - ***RR NOT FOUND***
2025-03-05 09:04:27,198 - INFO - Iteracja 1: condition_best: period >= 30.00, quality_best: 0.595, coverage_best: (p=5, n=2, P=7, N=101)
2025-03-05 09:04:27,198 - INFO - Regula po iteracji 1: IF SC >= 2.73 AND period >= 30.00 THEN class = {3.95} [2.57, 5.32], (p=5, n=2, P=7, N=101)
2025-03-05 09:04:27,198 - INFO - *****GROWING RR RULE*****
2025-03-05 09:04:27,275 - INFO - Iteracja 0: condition_best: None, quality_best: -inf, coverage_best: (p=0, n=0, P=0, N=0), p_value: 0
2025-03-05 09:04:27,275 - INFO - Regula po iteracji 0: IF  THEN class = {1.23} [0.16, 2.30], (p=86, n=22, P=86, N=22)
2025-03-05 09:04:27,275 - INFO - *****STOP GROWING RR RULE*****
2025-03-05 09:04:27,275 - INFO - ***RR NOT FOUND***
2025-03-05 09:04:27,278 - INFO - Iteracja 2: condition_best: NC >= 1.78, quality_best: 0.417, coverage_best: (p=4, n=2, P=12, N=96)
2025-03-05 09:04:27,278 - INFO - Regula po iteracji 2: IF SC >= 2.73 AND period >= 30.00 AND NC >= 1.78 THEN class = {3.78} [2.36, 5.19], (p=4, n=2, P=12, N=96)
2025-03-05 09:04:27,278 - INFO - *****GROWING RR RULE*****
2025-03-05 09:04:27,355 - INFO - Iteracja 0: condition_best: None, quality_best: -inf, coverage_best: (p=0, n=0, P=0, N=0), p_value: 0
2025-03-05 09:04:27,355 - INFO - Regula po iteracji 0: IF  THEN class = {1.23} [0.16, 2.30], (p=86, n=22, P=86, N=22)
2025-03-05 09:04:27,355 - INFO - *****STOP GROWING RR RULE*****
2025-03-05 09:04:27,355 - INFO - ***RR NOT FOUND***
2025-03-05 09:04:27,358 - INFO - Iteracja 3: condition_best: period <= 186.50, quality_best: 0.409, coverage_best: (p=3, n=2, P=7, N=101)
2025-03-05 09:04:27,358 - INFO - Regula po iteracji 3: IF SC >= 2.73 AND period >= 30.00 AND NC >= 1.78 AND period <= 186.50 THEN class = {4.00} [2.55, 5.45], (p=3, n=2, P=7, N=101)
2025-03-05 09:04:27,358 - INFO - *****GROWING RR RULE*****
2025-03-05 09:04:27,435 - INFO - Iteracja 0: condition_best: None, quality_best: -inf, coverage_best: (p=0, n=0, P=0, N=0), p_value: 0
2025-03-05 09:04:27,435 - INFO - Regula po iteracji 0: IF  THEN class = {1.23} [0.16, 2.30], (p=86, n=22, P=86, N=22)
2025-03-05 09:04:27,435 - INFO - *****STOP GROWING RR RULE*****
2025-03-05 09:04:27,435 - INFO - ***RR NOT FOUND***
2025-03-05 09:04:27,438 - INFO - Iteracja 4: condition_best: None, quality_best: -inf, coverage_best: (p=0, n=0, P=0, N=0)
2025-03-05 09:04:27,438 - INFO - Regula po iteracji 4: IF SC >= 2.73 AND period >= 30.00 AND NC >= 1.78 AND period <= 186.50 THEN class = {4.00} [2.55, 5.45], (p=3, n=2, P=7, N=101)
2025-03-05 09:04:27,438 - INFO - *******STOP GROWING CR RULE*******
2025-03-05 09:04:27,439 - INFO - *******GROWING CR RULE*******
2025-03-05 09:04:27,479 - INFO - Iteracja 0: condition_best: NWC <= 1.69, quality_best: 0.669, coverage_best: (p=46, n=3, P=72, N=36)
2025-03-05 09:04:27,479 - INFO - Regula po iteracji 0: IF NWC <= 1.69 THEN class = {0.66} [-0.07, 1.39], (p=46, n=3, P=72, N=36)
2025-03-05 09:04:27,479 - INFO - *****GROWING RR RULE*****
2025-03-05 09:04:27,556 - INFO - Iteracja 0: condition_best: None, quality_best: -inf, coverage_best: (p=0, n=0, P=0, N=0), p_value: 0
2025-03-05 09:04:27,556 - INFO - Regula po iteracji 0: IF  THEN class = {1.23} [0.16, 2.30], (p=86, n=22, P=86, N=22)
2025-03-05 09:04:27,556 - INFO - *****STOP GROWING RR RULE*****
2025-03-05 09:04:27,556 - INFO - ***RR NOT FOUND***
2025-03-05 09:04:27,574 - INFO - Iteracja 1: condition_best: NC <= 1.88, quality_best: 0.715, coverage_best: (p=45, n=2, P=71, N=37)
2025-03-05 09:04:27,574 - INFO - Regula po iteracji 1: IF NWC <= 1.69 AND NC <= 1.88 THEN class = {0.63} [-0.10, 1.35], (p=45, n=2, P=71, N=37)
2025-03-05 09:04:27,574 - INFO - *****GROWING RR RULE*****
2025-03-05 09:04:27,651 - INFO - Iteracja 0: condition_best: None, quality_best: -inf, coverage_best: (p=0, n=0, P=0, N=0), p_value: 0
2025-03-05 09:04:27,651 - INFO - Regula po iteracji 0: IF  THEN class = {1.23} [0.16, 2.30], (p=86, n=22, P=86, N=22)
2025-03-05 09:04:27,651 - INFO - *****STOP GROWING RR RULE*****
2025-03-05 09:04:27,651 - INFO - ***RR NOT FOUND***
2025-03-05 09:04:27,668 - INFO - Iteracja 2: condition_best: period >= 12.50, quality_best: 0.75, coverage_best: (p=43, n=1, P=71, N=37)
2025-03-05 09:04:27,668 - INFO - Regula po iteracji 2: IF NWC <= 1.69 AND NC <= 1.88 AND period >= 12.50 THEN class = {0.61} [-0.13, 1.35], (p=43, n=1, P=71, N=37)
2025-03-05 09:04:27,669 - INFO - *****GROWING RR RULE*****
2025-03-05 09:04:27,745 - INFO - Iteracja 0: condition_best: None, quality_best: -inf, coverage_best: (p=0, n=0, P=0, N=0), p_value: 0
2025-03-05 09:04:27,746 - INFO - Regula po iteracji 0: IF  THEN class = {1.23} [0.16, 2.30], (p=86, n=22, P=86, N=22)
2025-03-05 09:04:27,746 - INFO - *****STOP GROWING RR RULE*****
2025-03-05 09:04:27,746 - INFO - ***RR NOT FOUND***
2025-03-05 09:04:27,762 - INFO - Iteracja 3: condition_best: period <= 193.50, quality_best: 0.742, coverage_best: (p=42, n=1, P=71, N=37)
2025-03-05 09:04:27,762 - INFO - Regula po iteracji 3: IF NWC <= 1.69 AND NC <= 1.88 AND period >= 12.50 AND period <= 193.50 THEN class = {0.60} [-0.14, 1.35], (p=42, n=1, P=71, N=37)
2025-03-05 09:04:27,762 - INFO - *****GROWING RR RULE*****
2025-03-05 09:04:27,839 - INFO - Iteracja 0: condition_best: None, quality_best: -inf, coverage_best: (p=0, n=0, P=0, N=0), p_value: 0
2025-03-05 09:04:27,839 - INFO - Regula po iteracji 0: IF  THEN class = {1.23} [0.16, 2.30], (p=86, n=22, P=86, N=22)
2025-03-05 09:04:27,839 - INFO - *****STOP GROWING RR RULE*****
2025-03-05 09:04:27,839 - INFO - ***RR NOT FOUND***
2025-03-05 09:04:27,855 - INFO - Iteracja 4: condition_best: NC <= 1.48, quality_best: 0.734, coverage_best: (p=41, n=1, P=71, N=37)
2025-03-05 09:04:27,855 - INFO - Regula po iteracji 4: IF NWC <= 1.69 AND NC <= 1.88 AND period >= 12.50 AND period <= 193.50 AND NC <= 1.48 THEN class = {0.60} [-0.15, 1.36], (p=41, n=1, P=71, N=37)
2025-03-05 09:04:27,855 - INFO - *****GROWING RR RULE*****
2025-03-05 09:04:27,932 - INFO - Iteracja 0: condition_best: None, quality_best: -inf, coverage_best: (p=0, n=0, P=0, N=0), p_value: 0
2025-03-05 09:04:27,932 - INFO - Regula po iteracji 0: IF  THEN class = {1.23} [0.16, 2.30], (p=86, n=22, P=86, N=22)
2025-03-05 09:04:27,932 - INFO - *****STOP GROWING RR RULE*****
2025-03-05 09:04:27,932 - INFO - ***RR NOT FOUND***
2025-03-05 09:04:27,932 - INFO - *******STOP GROWING CR RULE*******
2025-03-05 09:04:27,934 - INFO - *******GROWING CR RULE*******
2025-03-05 09:04:27,974 - INFO - Iteracja 0: condition_best: NWC <= 2.17, quality_best: 0.642, coverage_best: (p=54, n=5, P=73, N=35)
2025-03-05 09:04:27,974 - INFO - Regula po iteracji 0: IF NWC <= 2.17 THEN class = {0.70} [-0.00, 1.41], (p=54, n=5, P=73, N=35)
2025-03-05 09:04:27,974 - INFO - *****GROWING RR RULE*****
2025-03-05 09:04:28,051 - INFO - Iteracja 0: condition_best: None, quality_best: -inf, coverage_best: (p=0, n=0, P=0, N=0), p_value: 0
2025-03-05 09:04:28,051 - INFO - Regula po iteracji 0: IF  THEN class = {1.23} [0.16, 2.30], (p=86, n=22, P=86, N=22)
2025-03-05 09:04:28,051 - INFO - *****STOP GROWING RR RULE*****
2025-03-05 09:04:28,051 - INFO - ***RR NOT FOUND***
2025-03-05 09:04:28,073 - INFO - Iteracja 1: condition_best: NC <= 1.99, quality_best: 0.728, coverage_best: (p=52, n=3, P=71, N=37)
2025-03-05 09:04:28,073 - INFO - Regula po iteracji 1: IF NWC <= 2.17 AND NC <= 1.99 THEN class = {0.65} [-0.04, 1.34], (p=52, n=3, P=71, N=37)
2025-03-05 09:04:28,073 - INFO - *****GROWING RR RULE*****
2025-03-05 09:04:28,150 - INFO - Iteracja 0: condition_best: None, quality_best: -inf, coverage_best: (p=0, n=0, P=0, N=0), p_value: 0
2025-03-05 09:04:28,150 - INFO - Regula po iteracji 0: IF  THEN class = {1.23} [0.16, 2.30], (p=86, n=22, P=86, N=22)
2025-03-05 09:04:28,150 - INFO - *****STOP GROWING RR RULE*****
2025-03-05 09:04:28,150 - INFO - ***RR NOT FOUND***
2025-03-05 09:04:28,170 - INFO - Iteracja 2: condition_best: period >= 12.50, quality_best: 0.748, coverage_best: (p=49, n=2, P=71, N=37)
2025-03-05 09:04:28,170 - INFO - Regula po iteracji 2: IF NWC <= 2.17 AND NC <= 1.99 AND period >= 12.50 THEN class = {0.64} [-0.07, 1.35], (p=49, n=2, P=71, N=37)
2025-03-05 09:04:28,170 - INFO - *****GROWING RR RULE*****
2025-03-05 09:04:28,247 - INFO - Iteracja 0: condition_best: None, quality_best: -inf, coverage_best: (p=0, n=0, P=0, N=0), p_value: 0
2025-03-05 09:04:28,247 - INFO - Regula po iteracji 0: IF  THEN class = {1.23} [0.16, 2.30], (p=86, n=22, P=86, N=22)
2025-03-05 09:04:28,247 - INFO - *****STOP GROWING RR RULE*****
2025-03-05 09:04:28,247 - INFO - ***RR NOT FOUND***
2025-03-05 09:04:28,265 - INFO - Iteracja 3: condition_best: period <= 193.50, quality_best: 0.74, coverage_best: (p=48, n=2, P=71, N=37)
2025-03-05 09:04:28,265 - INFO - Regula po iteracji 3: IF NWC <= 2.17 AND NC <= 1.99 AND period >= 12.50 AND period <= 193.50 THEN class = {0.63} [-0.08, 1.35], (p=48, n=2, P=71, N=37)
2025-03-05 09:04:28,266 - INFO - *****GROWING RR RULE*****
2025-03-05 09:04:28,342 - INFO - Iteracja 0: condition_best: None, quality_best: -inf, coverage_best: (p=0, n=0, P=0, N=0), p_value: 0
2025-03-05 09:04:28,342 - INFO - Regula po iteracji 0: IF  THEN class = {1.23} [0.16, 2.30], (p=86, n=22, P=86, N=22)
2025-03-05 09:04:28,342 - INFO - *****STOP GROWING RR RULE*****
2025-03-05 09:04:28,342 - INFO - ***RR NOT FOUND***
2025-03-05 09:04:28,361 - INFO - Iteracja 4: condition_best: period >= 13.50, quality_best: 0.732, coverage_best: (p=47, n=2, P=71, N=37)
2025-03-05 09:04:28,361 - INFO - Regula po iteracji 4: IF NWC <= 2.17 AND NC <= 1.99 AND period >= 12.50 AND period <= 193.50 AND period >= 13.50 THEN class = {0.64} [-0.08, 1.36], (p=47, n=2, P=71, N=37)
2025-03-05 09:04:28,361 - INFO - *****GROWING RR RULE*****
2025-03-05 09:04:28,438 - INFO - Iteracja 0: condition_best: None, quality_best: -inf, coverage_best: (p=0, n=0, P=0, N=0), p_value: 0
2025-03-05 09:04:28,438 - INFO - Regula po iteracji 0: IF  THEN class = {1.23} [0.16, 2.30], (p=86, n=22, P=86, N=22)
2025-03-05 09:04:28,438 - INFO - *****STOP GROWING RR RULE*****
2025-03-05 09:04:28,438 - INFO - ***RR NOT FOUND***
2025-03-05 09:04:28,438 - INFO - *******STOP GROWING CR RULE*******
2025-03-05 09:04:28,439 - INFO - *******GROWING CR RULE*******
2025-03-05 09:04:28,479 - INFO - Iteracja 0: condition_best: NWC <= 2.17, quality_best: 0.642, coverage_best: (p=54, n=5, P=73, N=35)
2025-03-05 09:04:28,479 - INFO - Regula po iteracji 0: IF NWC <= 2.17 THEN class = {0.70} [-0.00, 1.41], (p=54, n=5, P=73, N=35)
2025-03-05 09:04:28,479 - INFO - *****GROWING RR RULE*****
2025-03-05 09:04:28,556 - INFO - Iteracja 0: condition_best: None, quality_best: -inf, coverage_best: (p=0, n=0, P=0, N=0), p_value: 0
2025-03-05 09:04:28,556 - INFO - Regula po iteracji 0: IF  THEN class = {1.23} [0.16, 2.30], (p=86, n=22, P=86, N=22)
2025-03-05 09:04:28,556 - INFO - *****STOP GROWING RR RULE*****
2025-03-05 09:04:28,556 - INFO - ***RR NOT FOUND***
2025-03-05 09:04:28,577 - INFO - Iteracja 1: condition_best: SC >= 0.06, quality_best: 0.685, coverage_best: (p=53, n=4, P=72, N=36)
2025-03-05 09:04:28,577 - INFO - Regula po iteracji 1: IF NWC <= 2.17 AND SC >= 0.06 THEN class = {0.73} [0.02, 1.44], (p=53, n=4, P=72, N=36)
2025-03-05 09:04:28,577 - INFO - *****GROWING RR RULE*****
2025-03-05 09:04:28,654 - INFO - Iteracja 0: condition_best: None, quality_best: -inf, coverage_best: (p=0, n=0, P=0, N=0), p_value: 0
2025-03-05 09:04:28,654 - INFO - Regula po iteracji 0: IF  THEN class = {1.23} [0.16, 2.30], (p=86, n=22, P=86, N=22)
2025-03-05 09:04:28,654 - INFO - *****STOP GROWING RR RULE*****
2025-03-05 09:04:28,654 - INFO - ***RR NOT FOUND***
2025-03-05 09:04:28,674 - INFO - Iteracja 2: condition_best: period <= 192.50, quality_best: 0.667, coverage_best: (p=52, n=4, P=73, N=35)
2025-03-05 09:04:28,674 - INFO - Regula po iteracji 2: IF NWC <= 2.17 AND SC >= 0.06 AND period <= 192.50 THEN class = {0.73} [0.01, 1.44], (p=52, n=4, P=73, N=35)
2025-03-05 09:04:28,675 - INFO - *****GROWING RR RULE*****
2025-03-05 09:04:28,751 - INFO - Iteracja 0: condition_best: None, quality_best: -inf, coverage_best: (p=0, n=0, P=0, N=0), p_value: 0
2025-03-05 09:04:28,751 - INFO - Regula po iteracji 0: IF  THEN class = {1.23} [0.16, 2.30], (p=86, n=22, P=86, N=22)
2025-03-05 09:04:28,751 - INFO - *****STOP GROWING RR RULE*****
2025-03-05 09:04:28,751 - INFO - ***RR NOT FOUND***
2025-03-05 09:04:28,772 - INFO - Iteracja 3: condition_best: SC >= 0.11, quality_best: 0.659, coverage_best: (p=51, n=4, P=73, N=35)
2025-03-05 09:04:28,772 - INFO - Regula po iteracji 3: IF NWC <= 2.17 AND SC >= 0.06 AND period <= 192.50 AND SC >= 0.11 THEN class = {0.74} [0.02, 1.45], (p=51, n=4, P=73, N=35)
2025-03-05 09:04:28,772 - INFO - *****GROWING RR RULE*****
2025-03-05 09:04:28,849 - INFO - Iteracja 0: condition_best: None, quality_best: -inf, coverage_best: (p=0, n=0, P=0, N=0), p_value: 0
2025-03-05 09:04:28,849 - INFO - Regula po iteracji 0: IF  THEN class = {1.23} [0.16, 2.30], (p=86, n=22, P=86, N=22)
2025-03-05 09:04:28,849 - INFO - *****STOP GROWING RR RULE*****
2025-03-05 09:04:28,849 - INFO - ***RR NOT FOUND***
2025-03-05 09:04:28,870 - INFO - Iteracja 4: condition_best: NC >= 0.01, quality_best: 0.65, coverage_best: (p=50, n=4, P=73, N=35)
2025-03-05 09:04:28,870 - INFO - Regula po iteracji 4: IF NWC <= 2.17 AND SC >= 0.06 AND period <= 192.50 AND SC >= 0.11 AND NC >= 0.01 THEN class = {0.74} [0.02, 1.46], (p=50, n=4, P=73, N=35)
2025-03-05 09:04:28,870 - INFO - *****GROWING RR RULE*****
2025-03-05 09:04:28,946 - INFO - Iteracja 0: condition_best: None, quality_best: -inf, coverage_best: (p=0, n=0, P=0, N=0), p_value: 0
2025-03-05 09:04:28,947 - INFO - Regula po iteracji 0: IF  THEN class = {1.23} [0.16, 2.30], (p=86, n=22, P=86, N=22)
2025-03-05 09:04:28,947 - INFO - *****STOP GROWING RR RULE*****
2025-03-05 09:04:28,947 - INFO - ***RR NOT FOUND***
2025-03-05 09:04:28,947 - INFO - *******STOP GROWING CR RULE*******
2025-03-05 09:04:28,948 - INFO - *******GROWING CR RULE*******
2025-03-05 09:04:28,987 - INFO - Iteracja 0: condition_best: SC >= 1.42, quality_best: 0.619, coverage_best: (p=31, n=6, P=44, N=64)
2025-03-05 09:04:28,987 - INFO - Regula po iteracji 0: IF SC >= 1.42 THEN class = {2.24} [1.07, 3.41], (p=31, n=6, P=44, N=64)
2025-03-05 09:04:28,988 - INFO - *****GROWING RR RULE*****
2025-03-05 09:04:29,064 - INFO - Iteracja 0: condition_best: None, quality_best: -inf, coverage_best: (p=0, n=0, P=0, N=0), p_value: 0
2025-03-05 09:04:29,064 - INFO - Regula po iteracji 0: IF  THEN class = {1.23} [0.16, 2.30], (p=86, n=22, P=86, N=22)
2025-03-05 09:04:29,064 - INFO - *****STOP GROWING RR RULE*****
2025-03-05 09:04:29,064 - INFO - ***RR NOT FOUND***
2025-03-05 09:04:29,080 - INFO - Iteracja 1: condition_best: NC >= 1.49, quality_best: 0.674, coverage_best: (p=21, n=4, P=29, N=79)
2025-03-05 09:04:29,080 - INFO - Regula po iteracji 1: IF SC >= 1.42 AND NC >= 1.49 THEN class = {2.55} [1.45, 3.65], (p=21, n=4, P=29, N=79)
2025-03-05 09:04:29,081 - INFO - *****GROWING RR RULE*****
2025-03-05 09:04:29,157 - INFO - Iteracja 0: condition_best: None, quality_best: -inf, coverage_best: (p=0, n=0, P=0, N=0), p_value: 0
2025-03-05 09:04:29,158 - INFO - Regula po iteracji 0: IF  THEN class = {1.23} [0.16, 2.30], (p=86, n=22, P=86, N=22)
2025-03-05 09:04:29,158 - INFO - *****STOP GROWING RR RULE*****
2025-03-05 09:04:29,158 - INFO - ***RR NOT FOUND***
2025-03-05 09:04:29,168 - INFO - Iteracja 2: condition_best: SC >= 1.52, quality_best: 0.715, coverage_best: (p=21, n=3, P=29, N=79)
2025-03-05 09:04:29,168 - INFO - Regula po iteracji 2: IF SC >= 1.42 AND NC >= 1.49 AND SC >= 1.52 THEN class = {2.61} [1.52, 3.69], (p=21, n=3, P=29, N=79)
2025-03-05 09:04:29,168 - INFO - *****GROWING RR RULE*****
2025-03-05 09:04:29,245 - INFO - Iteracja 0: condition_best: None, quality_best: -inf, coverage_best: (p=0, n=0, P=0, N=0), p_value: 0
2025-03-05 09:04:29,245 - INFO - Regula po iteracji 0: IF  THEN class = {1.23} [0.16, 2.30], (p=86, n=22, P=86, N=22)
2025-03-05 09:04:29,245 - INFO - *****STOP GROWING RR RULE*****
2025-03-05 09:04:29,245 - INFO - ***RR NOT FOUND***
2025-03-05 09:04:29,255 - INFO - Iteracja 3: condition_best: SC <= 3.79, quality_best: 0.74, coverage_best: (p=20, n=2, P=29, N=79)
2025-03-05 09:04:29,255 - INFO - Regula po iteracji 3: IF SC >= 1.42 AND NC >= 1.49 AND SC >= 1.52 AND SC <= 3.79 THEN class = {2.49} [1.50, 3.48], (p=20, n=2, P=29, N=79)
2025-03-05 09:04:29,255 - INFO - *****GROWING RR RULE*****
2025-03-05 09:04:29,332 - INFO - Iteracja 0: condition_best: None, quality_best: -inf, coverage_best: (p=0, n=0, P=0, N=0), p_value: 0
2025-03-05 09:04:29,332 - INFO - Regula po iteracji 0: IF  THEN class = {1.23} [0.16, 2.30], (p=86, n=22, P=86, N=22)
2025-03-05 09:04:29,332 - INFO - *****STOP GROWING RR RULE*****
2025-03-05 09:04:29,332 - INFO - ***RR NOT FOUND***
2025-03-05 09:04:29,341 - INFO - Iteracja 4: condition_best: NC >= 1.58, quality_best: 0.731, coverage_best: (p=19, n=2, P=28, N=80)
2025-03-05 09:04:29,341 - INFO - Regula po iteracji 4: IF SC >= 1.42 AND NC >= 1.49 AND SC >= 1.52 AND SC <= 3.79 AND NC >= 1.58 THEN class = {2.53} [1.54, 3.52], (p=19, n=2, P=28, N=80)
2025-03-05 09:04:29,342 - INFO - *****GROWING RR RULE*****
2025-03-05 09:04:29,419 - INFO - Iteracja 0: condition_best: None, quality_best: -inf, coverage_best: (p=0, n=0, P=0, N=0), p_value: 0
2025-03-05 09:04:29,419 - INFO - Regula po iteracji 0: IF  THEN class = {1.23} [0.16, 2.30], (p=86, n=22, P=86, N=22)
2025-03-05 09:04:29,419 - INFO - *****STOP GROWING RR RULE*****
2025-03-05 09:04:29,419 - INFO - ***RR NOT FOUND***
2025-03-05 09:04:29,419 - INFO - *******STOP GROWING CR RULE*******
2025-03-05 09:04:29,422 - INFO - *******GROWING CR RULE*******
2025-03-05 09:04:29,460 - INFO - Iteracja 0: condition_best: SC >= 1.42, quality_best: 0.619, coverage_best: (p=31, n=6, P=44, N=64)
2025-03-05 09:04:29,460 - INFO - Regula po iteracji 0: IF SC >= 1.42 THEN class = {2.24} [1.07, 3.41], (p=31, n=6, P=44, N=64)
2025-03-05 09:04:29,461 - INFO - *****GROWING RR RULE*****
2025-03-05 09:04:29,537 - INFO - Iteracja 0: condition_best: None, quality_best: -inf, coverage_best: (p=0, n=0, P=0, N=0), p_value: 0
2025-03-05 09:04:29,537 - INFO - Regula po iteracji 0: IF  THEN class = {1.23} [0.16, 2.30], (p=86, n=22, P=86, N=22)
2025-03-05 09:04:29,537 - INFO - *****STOP GROWING RR RULE*****
2025-03-05 09:04:29,537 - INFO - ***RR NOT FOUND***
2025-03-05 09:04:29,551 - INFO - Iteracja 1: condition_best: period >= 3.00, quality_best: 0.643, coverage_best: (p=31, n=5, P=45, N=63)
2025-03-05 09:04:29,551 - INFO - Regula po iteracji 1: IF SC >= 1.42 AND period >= 3.00 THEN class = {2.26} [1.07, 3.44], (p=31, n=5, P=45, N=63)
2025-03-05 09:04:29,551 - INFO - *****GROWING RR RULE*****
2025-03-05 09:04:29,628 - INFO - Iteracja 0: condition_best: None, quality_best: -inf, coverage_best: (p=0, n=0, P=0, N=0), p_value: 0
2025-03-05 09:04:29,628 - INFO - Regula po iteracji 0: IF  THEN class = {1.23} [0.16, 2.30], (p=86, n=22, P=86, N=22)
2025-03-05 09:04:29,628 - INFO - *****STOP GROWING RR RULE*****
2025-03-05 09:04:29,629 - INFO - ***RR NOT FOUND***
2025-03-05 09:04:29,642 - INFO - Iteracja 2: condition_best: NC <= 3.46, quality_best: 0.664, coverage_best: (p=26, n=3, P=43, N=65)
2025-03-05 09:04:29,642 - INFO - Regula po iteracji 2: IF SC >= 1.42 AND period >= 3.00 AND NC <= 3.46 THEN class = {1.91} [1.08, 2.74], (p=26, n=3, P=43, N=65)
2025-03-05 09:04:29,643 - INFO - *****GROWING RR RULE*****
2025-03-05 09:04:30,002 - INFO - Iteracja 0: condition_best: None, quality_best: -inf, coverage_best: (p=0, n=0, P=0, N=0), p_value: 0
2025-03-05 09:04:30,002 - INFO - Regula po iteracji 0: IF  THEN class = {1.23} [0.16, 2.30], (p=86, n=22, P=86, N=22)
2025-03-05 09:04:30,002 - INFO - *****STOP GROWING RR RULE*****
2025-03-05 09:04:30,002 - INFO - ***RR NOT FOUND***
2025-03-05 09:04:30,014 - INFO - Iteracja 3: condition_best: period >= 57.00, quality_best: 0.673, coverage_best: (p=23, n=2, P=42, N=66)
2025-03-05 09:04:30,014 - INFO - Regula po iteracji 3: IF SC >= 1.42 AND period >= 3.00 AND NC <= 3.46 AND period >= 57.00 THEN class = {1.86} [1.05, 2.67], (p=23, n=2, P=42, N=66)
2025-03-05 09:04:30,014 - INFO - *****GROWING RR RULE*****
2025-03-05 09:04:30,092 - INFO - Iteracja 0: condition_best: None, quality_best: -inf, coverage_best: (p=0, n=0, P=0, N=0), p_value: 0
2025-03-05 09:04:30,092 - INFO - Regula po iteracji 0: IF  THEN class = {1.23} [0.16, 2.30], (p=86, n=22, P=86, N=22)
2025-03-05 09:04:30,092 - INFO - *****STOP GROWING RR RULE*****
2025-03-05 09:04:30,092 - INFO - ***RR NOT FOUND***
2025-03-05 09:04:30,102 - INFO - Iteracja 4: condition_best: period >= 64.00, quality_best: 0.658, coverage_best: (p=22, n=2, P=42, N=66)
2025-03-05 09:04:30,102 - INFO - Regula po iteracji 4: IF SC >= 1.42 AND period >= 3.00 AND NC <= 3.46 AND period >= 57.00 AND period >= 64.00 THEN class = {1.89} [1.08, 2.71], (p=22, n=2, P=42, N=66)
2025-03-05 09:04:30,102 - INFO - *****GROWING RR RULE*****
2025-03-05 09:04:30,179 - INFO - Iteracja 0: condition_best: None, quality_best: -inf, coverage_best: (p=0, n=0, P=0, N=0), p_value: 0
2025-03-05 09:04:30,179 - INFO - Regula po iteracji 0: IF  THEN class = {1.23} [0.16, 2.30], (p=86, n=22, P=86, N=22)
2025-03-05 09:04:30,180 - INFO - *****STOP GROWING RR RULE*****
2025-03-05 09:04:30,180 - INFO - ***RR NOT FOUND***
2025-03-05 09:04:30,180 - INFO - *******STOP GROWING CR RULE*******
2025-03-05 09:04:30,182 - INFO - *******GROWING CR RULE*******
2025-03-05 09:04:30,221 - INFO - Iteracja 0: condition_best: NC <= 1.44, quality_best: 0.606, coverage_best: (p=55, n=7, P=70, N=38)
2025-03-05 09:04:30,221 - INFO - Regula po iteracji 0: IF NC <= 1.44 THEN class = {0.71} [0.02, 1.39], (p=55, n=7, P=70, N=38)
2025-03-05 09:04:30,221 - INFO - *****GROWING RR RULE*****
2025-03-05 09:04:30,298 - INFO - Iteracja 0: condition_best: None, quality_best: -inf, coverage_best: (p=0, n=0, P=0, N=0), p_value: 0
2025-03-05 09:04:30,298 - INFO - Regula po iteracji 0: IF  THEN class = {1.23} [0.16, 2.30], (p=86, n=22, P=86, N=22)
2025-03-05 09:04:30,298 - INFO - *****STOP GROWING RR RULE*****
2025-03-05 09:04:30,298 - INFO - ***RR NOT FOUND***
2025-03-05 09:04:30,321 - INFO - Iteracja 1: condition_best: NWC <= 2.46, quality_best: 0.745, coverage_best: (p=54, n=3, P=71, N=37)
2025-03-05 09:04:30,321 - INFO - Regula po iteracji 1: IF NC <= 1.44 AND NWC <= 2.46 THEN class = {0.66} [-0.02, 1.34], (p=54, n=3, P=71, N=37)
2025-03-05 09:04:30,321 - INFO - *****GROWING RR RULE*****
2025-03-05 09:04:30,398 - INFO - Iteracja 0: condition_best: None, quality_best: -inf, coverage_best: (p=0, n=0, P=0, N=0), p_value: 0
2025-03-05 09:04:30,398 - INFO - Regula po iteracji 0: IF  THEN class = {1.23} [0.16, 2.30], (p=86, n=22, P=86, N=22)
2025-03-05 09:04:30,398 - INFO - *****STOP GROWING RR RULE*****
2025-03-05 09:04:30,398 - INFO - ***RR NOT FOUND***
2025-03-05 09:04:30,418 - INFO - Iteracja 2: condition_best: period >= 12.50, quality_best: 0.765, coverage_best: (p=51, n=2, P=71, N=37)
2025-03-05 09:04:30,418 - INFO - Regula po iteracji 2: IF NC <= 1.44 AND NWC <= 2.46 AND period >= 12.50 THEN class = {0.65} [-0.05, 1.35], (p=51, n=2, P=71, N=37)
2025-03-05 09:04:30,418 - INFO - *****GROWING RR RULE*****
2025-03-05 09:04:30,495 - INFO - Iteracja 0: condition_best: None, quality_best: -inf, coverage_best: (p=0, n=0, P=0, N=0), p_value: 0
2025-03-05 09:04:30,495 - INFO - Regula po iteracji 0: IF  THEN class = {1.23} [0.16, 2.30], (p=86, n=22, P=86, N=22)
2025-03-05 09:04:30,495 - INFO - *****STOP GROWING RR RULE*****
2025-03-05 09:04:30,495 - INFO - ***RR NOT FOUND***
2025-03-05 09:04:30,514 - INFO - Iteracja 3: condition_best: period <= 193.50, quality_best: 0.756, coverage_best: (p=50, n=2, P=71, N=37)
2025-03-05 09:04:30,514 - INFO - Regula po iteracji 3: IF NC <= 1.44 AND NWC <= 2.46 AND period >= 12.50 AND period <= 193.50 THEN class = {0.65} [-0.06, 1.35], (p=50, n=2, P=71, N=37)
2025-03-05 09:04:30,514 - INFO - *****GROWING RR RULE*****
2025-03-05 09:04:30,591 - INFO - Iteracja 0: condition_best: None, quality_best: -inf, coverage_best: (p=0, n=0, P=0, N=0), p_value: 0
2025-03-05 09:04:30,591 - INFO - Regula po iteracji 0: IF  THEN class = {1.23} [0.16, 2.30], (p=86, n=22, P=86, N=22)
2025-03-05 09:04:30,591 - INFO - *****STOP GROWING RR RULE*****
2025-03-05 09:04:30,591 - INFO - ***RR NOT FOUND***
2025-03-05 09:04:30,610 - INFO - Iteracja 4: condition_best: period >= 13.50, quality_best: 0.748, coverage_best: (p=49, n=2, P=71, N=37)
2025-03-05 09:04:30,610 - INFO - Regula po iteracji 4: IF NC <= 1.44 AND NWC <= 2.46 AND period >= 12.50 AND period <= 193.50 AND period >= 13.50 THEN class = {0.65} [-0.06, 1.36], (p=49, n=2, P=71, N=37)
2025-03-05 09:04:30,610 - INFO - *****GROWING RR RULE*****
2025-03-05 09:04:30,687 - INFO - Iteracja 0: condition_best: None, quality_best: -inf, coverage_best: (p=0, n=0, P=0, N=0), p_value: 0
2025-03-05 09:04:30,687 - INFO - Regula po iteracji 0: IF  THEN class = {1.23} [0.16, 2.30], (p=86, n=22, P=86, N=22)
2025-03-05 09:04:30,688 - INFO - *****STOP GROWING RR RULE*****
2025-03-05 09:04:30,688 - INFO - ***RR NOT FOUND***
2025-03-05 09:04:30,688 - INFO - *******STOP GROWING CR RULE*******
2025-03-05 09:04:30,689 - INFO - *******GROWING CR RULE*******
2025-03-05 09:04:30,727 - INFO - Iteracja 0: condition_best: NC >= 1.17, quality_best: 0.6, coverage_best: (p=49, n=8, P=62, N=46)
2025-03-05 09:04:30,727 - INFO - Regula po iteracji 0: IF NC >= 1.17 THEN class = {1.85} [0.73, 2.97], (p=49, n=8, P=62, N=46)
2025-03-05 09:04:30,727 - INFO - *****GROWING RR RULE*****
2025-03-05 09:04:30,804 - INFO - Iteracja 0: condition_best: None, quality_best: -inf, coverage_best: (p=0, n=0, P=0, N=0), p_value: 0
2025-03-05 09:04:30,804 - INFO - Regula po iteracji 0: IF  THEN class = {1.23} [0.16, 2.30], (p=86, n=22, P=86, N=22)
2025-03-05 09:04:30,804 - INFO - *****STOP GROWING RR RULE*****
2025-03-05 09:04:30,804 - INFO - ***RR NOT FOUND***
2025-03-05 09:04:30,826 - INFO - Iteracja 1: condition_best: SC >= 0.91, quality_best: 0.633, coverage_best: (p=37, n=8, P=45, N=63)
2025-03-05 09:04:30,826 - INFO - Regula po iteracji 1: IF NC >= 1.17 AND SC >= 0.91 THEN class = {2.11} [1.00, 3.23], (p=37, n=8, P=45, N=63)
2025-03-05 09:04:30,827 - INFO - *****GROWING RR RULE*****
2025-03-05 09:04:30,903 - INFO - Iteracja 0: condition_best: None, quality_best: -inf, coverage_best: (p=0, n=0, P=0, N=0), p_value: 0
2025-03-05 09:04:30,903 - INFO - Regula po iteracji 0: IF  THEN class = {1.23} [0.16, 2.30], (p=86, n=22, P=86, N=22)
2025-03-05 09:04:30,903 - INFO - *****STOP GROWING RR RULE*****
2025-03-05 09:04:30,903 - INFO - ***RR NOT FOUND***
2025-03-05 09:04:30,921 - INFO - Iteracja 2: condition_best: NWC <= 6.20, quality_best: 0.69, coverage_best: (p=36, n=6, P=44, N=64)
2025-03-05 09:04:30,921 - INFO - Regula po iteracji 2: IF NC >= 1.17 AND SC >= 0.91 AND NWC <= 6.20 THEN class = {1.96} [1.04, 2.89], (p=36, n=6, P=44, N=64)
2025-03-05 09:04:30,921 - INFO - *****GROWING RR RULE*****
2025-03-05 09:04:30,997 - INFO - Iteracja 0: condition_best: None, quality_best: -inf, coverage_best: (p=0, n=0, P=0, N=0), p_value: 0
2025-03-05 09:04:30,997 - INFO - Regula po iteracji 0: IF  THEN class = {1.23} [0.16, 2.30], (p=86, n=22, P=86, N=22)
2025-03-05 09:04:30,998 - INFO - *****STOP GROWING RR RULE*****
2025-03-05 09:04:30,998 - INFO - ***RR NOT FOUND***
2025-03-05 09:04:31,014 - INFO - Iteracja 3: condition_best: SC <= 3.56, quality_best: 0.693, coverage_best: (p=34, n=6, P=41, N=67)
2025-03-05 09:04:31,014 - INFO - Regula po iteracji 3: IF NC >= 1.17 AND SC >= 0.91 AND NWC <= 6.20 AND SC <= 3.56 THEN class = {1.86} [1.07, 2.65], (p=34, n=6, P=41, N=67)
2025-03-05 09:04:31,014 - INFO - *****GROWING RR RULE*****
2025-03-05 09:04:31,090 - INFO - Iteracja 0: condition_best: None, quality_best: -inf, coverage_best: (p=0, n=0, P=0, N=0), p_value: 0
2025-03-05 09:04:31,090 - INFO - Regula po iteracji 0: IF  THEN class = {1.23} [0.16, 2.30], (p=86, n=22, P=86, N=22)
2025-03-05 09:04:31,090 - INFO - *****STOP GROWING RR RULE*****
2025-03-05 09:04:31,090 - INFO - ***RR NOT FOUND***
2025-03-05 09:04:31,106 - INFO - Iteracja 4: condition_best: NC <= 4.20, quality_best: 0.735, coverage_best: (p=33, n=4, P=42, N=66)
2025-03-05 09:04:31,106 - INFO - Regula po iteracji 4: IF NC >= 1.17 AND SC >= 0.91 AND NWC <= 6.20 AND SC <= 3.56 AND NC <= 4.20 THEN class = {1.80} [1.03, 2.57], (p=33, n=4, P=42, N=66)
2025-03-05 09:04:31,106 - INFO - *****GROWING RR RULE*****
2025-03-05 09:04:31,183 - INFO - Iteracja 0: condition_best: None, quality_best: -inf, coverage_best: (p=0, n=0, P=0, N=0), p_value: 0
2025-03-05 09:04:31,183 - INFO - Regula po iteracji 0: IF  THEN class = {1.23} [0.16, 2.30], (p=86, n=22, P=86, N=22)
2025-03-05 09:04:31,183 - INFO - *****STOP GROWING RR RULE*****
2025-03-05 09:04:31,183 - INFO - ***RR NOT FOUND***
2025-03-05 09:04:31,183 - INFO - *******STOP GROWING CR RULE*******
2025-03-05 09:04:31,185 - INFO - *******GROWING CR RULE*******
2025-03-05 09:04:31,223 - INFO - Iteracja 0: condition_best: NC >= 1.17, quality_best: 0.6, coverage_best: (p=49, n=8, P=62, N=46)
2025-03-05 09:04:31,223 - INFO - Regula po iteracji 0: IF NC >= 1.17 THEN class = {1.85} [0.73, 2.97], (p=49, n=8, P=62, N=46)
2025-03-05 09:04:31,223 - INFO - *****GROWING RR RULE*****
2025-03-05 09:04:31,300 - INFO - Iteracja 0: condition_best: None, quality_best: -inf, coverage_best: (p=0, n=0, P=0, N=0), p_value: 0
2025-03-05 09:04:31,300 - INFO - Regula po iteracji 0: IF  THEN class = {1.23} [0.16, 2.30], (p=86, n=22, P=86, N=22)
2025-03-05 09:04:31,300 - INFO - *****STOP GROWING RR RULE*****
2025-03-05 09:04:31,300 - INFO - ***RR NOT FOUND***
2025-03-05 09:04:31,321 - INFO - Iteracja 1: condition_best: SC <= 3.79, quality_best: 0.622, coverage_best: (p=48, n=7, P=62, N=46)
2025-03-05 09:04:31,321 - INFO - Regula po iteracji 1: IF NC >= 1.17 AND SC <= 3.79 THEN class = {1.77} [0.73, 2.81], (p=48, n=7, P=62, N=46)
2025-03-05 09:04:31,321 - INFO - *****GROWING RR RULE*****
2025-03-05 09:04:31,398 - INFO - Iteracja 0: condition_best: None, quality_best: -inf, coverage_best: (p=0, n=0, P=0, N=0), p_value: 0
2025-03-05 09:04:31,398 - INFO - Regula po iteracji 0: IF  THEN class = {1.23} [0.16, 2.30], (p=86, n=22, P=86, N=22)
2025-03-05 09:04:31,399 - INFO - *****STOP GROWING RR RULE*****
2025-03-05 09:04:31,399 - INFO - ***RR NOT FOUND***
2025-03-05 09:04:31,419 - INFO - Iteracja 2: condition_best: SC >= 0.29, quality_best: 0.632, coverage_best: (p=47, n=7, P=60, N=48)
2025-03-05 09:04:31,419 - INFO - Regula po iteracji 2: IF NC >= 1.17 AND SC <= 3.79 AND SC >= 0.29 THEN class = {1.79} [0.76, 2.83], (p=47, n=7, P=60, N=48)
2025-03-05 09:04:31,419 - INFO - *****GROWING RR RULE*****
2025-03-05 09:04:31,496 - INFO - Iteracja 0: condition_best: None, quality_best: -inf, coverage_best: (p=0, n=0, P=0, N=0), p_value: 0
2025-03-05 09:04:31,496 - INFO - Regula po iteracji 0: IF  THEN class = {1.23} [0.16, 2.30], (p=86, n=22, P=86, N=22)
2025-03-05 09:04:31,496 - INFO - *****STOP GROWING RR RULE*****
2025-03-05 09:04:31,496 - INFO - ***RR NOT FOUND***
2025-03-05 09:04:31,516 - INFO - Iteracja 3: condition_best: period <= 191.50, quality_best: 0.645, coverage_best: (p=47, n=6, P=62, N=46)
2025-03-05 09:04:31,516 - INFO - Regula po iteracji 3: IF NC >= 1.17 AND SC <= 3.79 AND SC >= 0.29 AND period <= 191.50 THEN class = {1.78} [0.74, 2.83], (p=47, n=6, P=62, N=46)
2025-03-05 09:04:31,517 - INFO - *****GROWING RR RULE*****
2025-03-05 09:04:31,593 - INFO - Iteracja 0: condition_best: None, quality_best: -inf, coverage_best: (p=0, n=0, P=0, N=0), p_value: 0
2025-03-05 09:04:31,593 - INFO - Regula po iteracji 0: IF  THEN class = {1.23} [0.16, 2.30], (p=86, n=22, P=86, N=22)
2025-03-05 09:04:31,593 - INFO - *****STOP GROWING RR RULE*****
2025-03-05 09:04:31,594 - INFO - ***RR NOT FOUND***
2025-03-05 09:04:31,614 - INFO - Iteracja 4: condition_best: NWC <= 4.46, quality_best: 0.674, coverage_best: (p=39, n=5, P=53, N=55)
2025-03-05 09:04:31,614 - INFO - Regula po iteracji 4: IF NC >= 1.17 AND SC <= 3.79 AND SC >= 0.29 AND period <= 191.50 AND NWC <= 4.46 THEN class = {1.52} [0.74, 2.30], (p=39, n=5, P=53, N=55)
2025-03-05 09:04:31,614 - INFO - *****GROWING RR RULE*****
2025-03-05 09:04:31,690 - INFO - Iteracja 0: condition_best: None, quality_best: -inf, coverage_best: (p=0, n=0, P=0, N=0), p_value: 0
2025-03-05 09:04:31,691 - INFO - Regula po iteracji 0: IF  THEN class = {1.23} [0.16, 2.30], (p=86, n=22, P=86, N=22)
2025-03-05 09:04:31,691 - INFO - *****STOP GROWING RR RULE*****
2025-03-05 09:04:31,691 - INFO - ***RR NOT FOUND***
2025-03-05 09:04:31,691 - INFO - *******STOP GROWING CR RULE*******
2025-03-05 09:04:31,693 - INFO - *******GROWING CR RULE*******
2025-03-05 09:04:31,731 - INFO - Iteracja 0: condition_best: SC <= 0.06, quality_best: 1.0, coverage_best: (p=2, n=0, P=2, N=106)
2025-03-05 09:04:31,731 - INFO - Regula po iteracji 0: IF SC <= 0.06 THEN class = {0.01} [0.00, 0.02], (p=2, n=0, P=2, N=106)
2025-03-05 09:04:31,732 - INFO - *****GROWING RR RULE*****
2025-03-05 09:04:31,809 - INFO - Iteracja 0: condition_best: None, quality_best: -inf, coverage_best: (p=0, n=0, P=0, N=0), p_value: 0
2025-03-05 09:04:31,809 - INFO - Regula po iteracji 0: IF  THEN class = {1.23} [0.16, 2.30], (p=86, n=22, P=86, N=22)
2025-03-05 09:04:31,809 - INFO - *****STOP GROWING RR RULE*****
2025-03-05 09:04:31,809 - INFO - ***RR NOT FOUND***
2025-03-05 09:04:31,810 - INFO - Iteracja 1: condition_best: seeded = {S}, quality_best: 1.0, coverage_best: (p=2, n=0, P=2, N=106)
2025-03-05 09:04:31,810 - INFO - Regula po iteracji 1: IF SC <= 0.06 AND seeded = {S} THEN class = {0.01} [0.00, 0.02], (p=2, n=0, P=2, N=106)
2025-03-05 09:04:31,810 - INFO - *****GROWING RR RULE*****
2025-03-05 09:04:31,887 - INFO - Iteracja 0: condition_best: None, quality_best: -inf, coverage_best: (p=0, n=0, P=0, N=0), p_value: 0
2025-03-05 09:04:31,887 - INFO - Regula po iteracji 0: IF  THEN class = {1.23} [0.16, 2.30], (p=86, n=22, P=86, N=22)
2025-03-05 09:04:31,887 - INFO - *****STOP GROWING RR RULE*****
2025-03-05 09:04:31,887 - INFO - ***RR NOT FOUND***
2025-03-05 09:04:31,888 - INFO - Iteracja 2: condition_best: season = {SPRING}, quality_best: 1.0, coverage_best: (p=1, n=0, P=1, N=107)
2025-03-05 09:04:31,888 - INFO - Regula po iteracji 2: IF SC <= 0.06 AND seeded = {S} AND season = {SPRING} THEN class = {0.02} [0.02, 0.02], (p=1, n=0, P=1, N=107)
2025-03-05 09:04:31,889 - INFO - *****GROWING RR RULE*****
2025-03-05 09:04:31,966 - INFO - Iteracja 0: condition_best: None, quality_best: -inf, coverage_best: (p=0, n=0, P=0, N=0), p_value: 0
2025-03-05 09:04:31,966 - INFO - Regula po iteracji 0: IF  THEN class = {1.23} [0.16, 2.30], (p=86, n=22, P=86, N=22)
2025-03-05 09:04:31,966 - INFO - *****STOP GROWING RR RULE*****
2025-03-05 09:04:31,967 - INFO - ***RR NOT FOUND***
2025-03-05 09:04:31,967 - INFO - Iteracja 3: condition_best: None, quality_best: -inf, coverage_best: (p=0, n=0, P=0, N=0)
2025-03-05 09:04:31,967 - INFO - Regula po iteracji 3: IF SC <= 0.06 AND seeded = {S} AND season = {SPRING} THEN class = {0.02} [0.02, 0.02], (p=1, n=0, P=1, N=107)
2025-03-05 09:04:31,967 - INFO - *******STOP GROWING CR RULE*******
2025-03-05 09:04:31,971 - INFO - ************************Finished experiment for cloud.arff with algorithm4************************
2025-03-05 09:04:31,972 - INFO - *************************************************************************************************************************
2025-03-05 09:04:31,972 - INFO - *************************************************************************************************************************
2025-03-05 09:04:31,972 - INFO - *************************************************************************************************************************
