2025-03-05 13:28:15,215 - INFO - **********Starting experiment for 23_actg320.arff with algorithm3**********
2025-03-05 13:28:15,227 - INFO - *******GROWING CR RULE*******
2025-03-05 13:28:23,666 - INFO - Iteracja 0: condition_best: cd4 >= 18.75, quality_best: 1.0, coverage_best: (p=898, n=0, P=1151, N=0)
2025-03-05 13:28:23,673 - INFO - Regula po iteracji 0: IF cd4 >= 18.75 THEN survival_status = {nan}, (p=898, n=0, P=1151, N=0)
2025-03-05 13:28:23,673 - INFO - *****GROWING RR RULE*****
2025-03-05 13:28:44,423 - INFO - Iteracja 0: condition_best: None, quality_best: -inf, coverage_best: (p=0, n=0, P=0, N=0), p_value: 0
2025-03-05 13:28:44,428 - INFO - Regula po iteracji 0: IF  THEN survival_status = {nan}, (p=1151, n=0, P=1151, N=0)
2025-03-05 13:28:44,428 - INFO - *****STOP GROWING RR RULE*****
2025-03-05 13:28:44,428 - INFO - ***RR NOT FOUND***
2025-03-05 13:28:52,191 - INFO - Iteracja 1: condition_best: karnof >= 75.00, quality_best: 1.0, coverage_best: (p=881, n=0, P=1151, N=0)
2025-03-05 13:28:52,198 - INFO - Regula po iteracji 1: IF cd4 >= 18.75 AND karnof >= 75.00 THEN survival_status = {inf}, (p=881, n=0, P=1151, N=0)
2025-03-05 13:28:52,198 - INFO - *****GROWING RR RULE*****
2025-03-05 13:29:12,882 - INFO - Iteracja 0: condition_best: None, quality_best: -inf, coverage_best: (p=0, n=0, P=0, N=0), p_value: 0
2025-03-05 13:29:12,887 - INFO - Regula po iteracji 0: IF  THEN survival_status = {nan}, (p=1151, n=0, P=1151, N=0)
2025-03-05 13:29:12,887 - INFO - *****STOP GROWING RR RULE*****
2025-03-05 13:29:12,887 - INFO - ***RR NOT FOUND***
2025-03-05 13:29:20,681 - INFO - Iteracja 2: condition_best: age <= 66.50, quality_best: 1.0, coverage_best: (p=876, n=0, P=1151, N=0)
2025-03-05 13:29:20,687 - INFO - Regula po iteracji 2: IF cd4 >= 18.75 AND karnof >= 75.00 AND age <= 66.50 THEN survival_status = {inf}, (p=876, n=0, P=1151, N=0)
2025-03-05 13:29:20,688 - INFO - *****GROWING RR RULE*****
2025-03-05 13:29:41,360 - INFO - Iteracja 0: condition_best: None, quality_best: -inf, coverage_best: (p=0, n=0, P=0, N=0), p_value: 0
2025-03-05 13:29:41,365 - INFO - Regula po iteracji 0: IF  THEN survival_status = {nan}, (p=1151, n=0, P=1151, N=0)
2025-03-05 13:29:41,365 - INFO - *****STOP GROWING RR RULE*****
2025-03-05 13:29:41,365 - INFO - ***RR NOT FOUND***
2025-03-05 13:29:49,151 - INFO - Iteracja 3: condition_best: txgrp <= 3.50, quality_best: 1.0, coverage_best: (p=875, n=0, P=1151, N=0)
2025-03-05 13:29:49,158 - INFO - Regula po iteracji 3: IF cd4 >= 18.75 AND karnof >= 75.00 AND age <= 66.50 AND txgrp <= 3.50 THEN survival_status = {inf}, (p=875, n=0, P=1151, N=0)
2025-03-05 13:29:49,158 - INFO - *****GROWING RR RULE*****
2025-03-05 13:30:09,787 - INFO - Iteracja 0: condition_best: None, quality_best: -inf, coverage_best: (p=0, n=0, P=0, N=0), p_value: 0
2025-03-05 13:30:09,792 - INFO - Regula po iteracji 0: IF  THEN survival_status = {nan}, (p=1151, n=0, P=1151, N=0)
2025-03-05 13:30:09,792 - INFO - *****STOP GROWING RR RULE*****
2025-03-05 13:30:09,792 - INFO - ***RR NOT FOUND***
2025-03-05 13:30:17,588 - INFO - Iteracja 4: condition_best: age <= 62.50, quality_best: 1.0, coverage_best: (p=868, n=0, P=1151, N=0)
2025-03-05 13:30:17,595 - INFO - Regula po iteracji 4: IF cd4 >= 18.75 AND karnof >= 75.00 AND age <= 66.50 AND txgrp <= 3.50 AND age <= 62.50 THEN survival_status = {inf}, (p=868, n=0, P=1151, N=0)
2025-03-05 13:30:17,595 - INFO - *****GROWING RR RULE*****
2025-03-05 13:30:38,238 - INFO - Iteracja 0: condition_best: None, quality_best: -inf, coverage_best: (p=0, n=0, P=0, N=0), p_value: 0
2025-03-05 13:30:38,243 - INFO - Regula po iteracji 0: IF  THEN survival_status = {nan}, (p=1151, n=0, P=1151, N=0)
2025-03-05 13:30:38,244 - INFO - *****STOP GROWING RR RULE*****
2025-03-05 13:30:38,244 - INFO - ***RR NOT FOUND***
2025-03-05 13:30:38,244 - INFO - *******STOP GROWING CR RULE*******
2025-03-05 13:30:38,266 - INFO - *******GROWING CR RULE*******
2025-03-05 13:30:42,817 - INFO - Iteracja 0: condition_best: cd4 >= 18.75, quality_best: 1.0, coverage_best: (p=898, n=0, P=1151, N=0)
2025-03-05 13:30:42,823 - INFO - Regula po iteracji 0: IF cd4 >= 18.75 THEN survival_status = {nan}, (p=898, n=0, P=1151, N=0)
2025-03-05 13:30:42,824 - INFO - *****GROWING RR RULE*****
2025-03-05 13:31:03,623 - INFO - Iteracja 0: condition_best: None, quality_best: -inf, coverage_best: (p=0, n=0, P=0, N=0), p_value: 0
2025-03-05 13:31:03,628 - INFO - Regula po iteracji 0: IF  THEN survival_status = {nan}, (p=1151, n=0, P=1151, N=0)
2025-03-05 13:31:03,628 - INFO - *****STOP GROWING RR RULE*****
2025-03-05 13:31:03,628 - INFO - ***RR NOT FOUND***
2025-03-05 13:31:07,936 - INFO - Iteracja 1: condition_best: karnof >= 75.00, quality_best: 1.0, coverage_best: (p=881, n=0, P=1151, N=0)
2025-03-05 13:31:07,942 - INFO - Regula po iteracji 1: IF cd4 >= 18.75 AND karnof >= 75.00 THEN survival_status = {inf}, (p=881, n=0, P=1151, N=0)
2025-03-05 13:31:07,943 - INFO - *****GROWING RR RULE*****
2025-03-05 13:31:28,640 - INFO - Iteracja 0: condition_best: None, quality_best: -inf, coverage_best: (p=0, n=0, P=0, N=0), p_value: 0
2025-03-05 13:31:28,646 - INFO - Regula po iteracji 0: IF  THEN survival_status = {nan}, (p=1151, n=0, P=1151, N=0)
2025-03-05 13:31:28,646 - INFO - *****STOP GROWING RR RULE*****
2025-03-05 13:31:28,646 - INFO - ***RR NOT FOUND***
2025-03-05 13:31:32,974 - INFO - Iteracja 2: condition_best: txgrp <= 3.50, quality_best: 1.0, coverage_best: (p=880, n=0, P=1151, N=0)
2025-03-05 13:31:32,980 - INFO - Regula po iteracji 2: IF cd4 >= 18.75 AND karnof >= 75.00 AND txgrp <= 3.50 THEN survival_status = {inf}, (p=880, n=0, P=1151, N=0)
2025-03-05 13:31:32,980 - INFO - *****GROWING RR RULE*****
2025-03-05 13:31:53,700 - INFO - Iteracja 0: condition_best: None, quality_best: -inf, coverage_best: (p=0, n=0, P=0, N=0), p_value: 0
2025-03-05 13:31:53,705 - INFO - Regula po iteracji 0: IF  THEN survival_status = {nan}, (p=1151, n=0, P=1151, N=0)
2025-03-05 13:31:53,705 - INFO - *****STOP GROWING RR RULE*****
2025-03-05 13:31:53,705 - INFO - ***RR NOT FOUND***
2025-03-05 13:31:58,093 - INFO - Iteracja 3: condition_best: txgrp <= 2.50, quality_best: 1.0, coverage_best: (p=879, n=0, P=1151, N=0)
2025-03-05 13:31:58,100 - INFO - Regula po iteracji 3: IF cd4 >= 18.75 AND karnof >= 75.00 AND txgrp <= 3.50 AND txgrp <= 2.50 THEN survival_status = {inf}, (p=879, n=0, P=1151, N=0)
2025-03-05 13:31:58,100 - INFO - *****GROWING RR RULE*****
2025-03-05 13:32:18,839 - INFO - Iteracja 0: condition_best: None, quality_best: -inf, coverage_best: (p=0, n=0, P=0, N=0), p_value: 0
2025-03-05 13:32:18,845 - INFO - Regula po iteracji 0: IF  THEN survival_status = {nan}, (p=1151, n=0, P=1151, N=0)
2025-03-05 13:32:18,845 - INFO - *****STOP GROWING RR RULE*****
2025-03-05 13:32:18,845 - INFO - ***RR NOT FOUND***
2025-03-05 13:32:23,282 - INFO - Iteracja 4: condition_best: cd4 <= 370.00, quality_best: 1.0, coverage_best: (p=878, n=0, P=1151, N=0)
2025-03-05 13:32:23,288 - INFO - Regula po iteracji 4: IF cd4 >= 18.75 AND karnof >= 75.00 AND txgrp <= 3.50 AND txgrp <= 2.50 AND cd4 <= 370.00 THEN survival_status = {inf}, (p=878, n=0, P=1151, N=0)
2025-03-05 13:32:23,289 - INFO - *****GROWING RR RULE*****
2025-03-05 13:32:43,986 - INFO - Iteracja 0: condition_best: None, quality_best: -inf, coverage_best: (p=0, n=0, P=0, N=0), p_value: 0
2025-03-05 13:32:43,992 - INFO - Regula po iteracji 0: IF  THEN survival_status = {nan}, (p=1151, n=0, P=1151, N=0)
2025-03-05 13:32:43,992 - INFO - *****STOP GROWING RR RULE*****
2025-03-05 13:32:43,992 - INFO - ***RR NOT FOUND***
2025-03-05 13:32:43,992 - INFO - *******STOP GROWING CR RULE*******
2025-03-05 13:32:44,008 - INFO - *******GROWING CR RULE*******
2025-03-05 13:32:48,540 - INFO - Iteracja 0: condition_best: cd4 >= 18.75, quality_best: 1.0, coverage_best: (p=898, n=0, P=1151, N=0)
2025-03-05 13:32:48,547 - INFO - Regula po iteracji 0: IF cd4 >= 18.75 THEN survival_status = {nan}, (p=898, n=0, P=1151, N=0)
2025-03-05 13:32:48,547 - INFO - *****GROWING RR RULE*****
2025-03-05 13:33:09,223 - INFO - Iteracja 0: condition_best: None, quality_best: -inf, coverage_best: (p=0, n=0, P=0, N=0), p_value: 0
2025-03-05 13:33:09,228 - INFO - Regula po iteracji 0: IF  THEN survival_status = {nan}, (p=1151, n=0, P=1151, N=0)
2025-03-05 13:33:09,228 - INFO - *****STOP GROWING RR RULE*****
2025-03-05 13:33:09,228 - INFO - ***RR NOT FOUND***
2025-03-05 13:33:13,514 - INFO - Iteracja 1: condition_best: age <= 66.50, quality_best: 1.0, coverage_best: (p=893, n=0, P=1151, N=0)
2025-03-05 13:33:13,521 - INFO - Regula po iteracji 1: IF cd4 >= 18.75 AND age <= 66.50 THEN survival_status = {inf}, (p=893, n=0, P=1151, N=0)
2025-03-05 13:33:13,521 - INFO - *****GROWING RR RULE*****
2025-03-05 13:33:34,192 - INFO - Iteracja 0: condition_best: None, quality_best: -inf, coverage_best: (p=0, n=0, P=0, N=0), p_value: 0
2025-03-05 13:33:34,197 - INFO - Regula po iteracji 0: IF  THEN survival_status = {nan}, (p=1151, n=0, P=1151, N=0)
2025-03-05 13:33:34,197 - INFO - *****STOP GROWING RR RULE*****
2025-03-05 13:33:34,197 - INFO - ***RR NOT FOUND***
2025-03-05 13:33:38,505 - INFO - Iteracja 2: condition_best: age <= 62.50, quality_best: 1.0, coverage_best: (p=886, n=0, P=1151, N=0)
2025-03-05 13:33:38,512 - INFO - Regula po iteracji 2: IF cd4 >= 18.75 AND age <= 66.50 AND age <= 62.50 THEN survival_status = {inf}, (p=886, n=0, P=1151, N=0)
2025-03-05 13:33:38,512 - INFO - *****GROWING RR RULE*****
2025-03-05 13:33:59,108 - INFO - Iteracja 0: condition_best: None, quality_best: -inf, coverage_best: (p=0, n=0, P=0, N=0), p_value: 0
2025-03-05 13:33:59,113 - INFO - Regula po iteracji 0: IF  THEN survival_status = {nan}, (p=1151, n=0, P=1151, N=0)
2025-03-05 13:33:59,113 - INFO - *****STOP GROWING RR RULE*****
2025-03-05 13:33:59,114 - INFO - ***RR NOT FOUND***
2025-03-05 13:34:03,441 - INFO - Iteracja 3: condition_best: txgrp <= 3.50, quality_best: 1.0, coverage_best: (p=885, n=0, P=1151, N=0)
2025-03-05 13:34:03,448 - INFO - Regula po iteracji 3: IF cd4 >= 18.75 AND age <= 66.50 AND age <= 62.50 AND txgrp <= 3.50 THEN survival_status = {inf}, (p=885, n=0, P=1151, N=0)
2025-03-05 13:34:03,448 - INFO - *****GROWING RR RULE*****
2025-03-05 13:34:24,087 - INFO - Iteracja 0: condition_best: None, quality_best: -inf, coverage_best: (p=0, n=0, P=0, N=0), p_value: 0
2025-03-05 13:34:24,092 - INFO - Regula po iteracji 0: IF  THEN survival_status = {nan}, (p=1151, n=0, P=1151, N=0)
2025-03-05 13:34:24,093 - INFO - *****STOP GROWING RR RULE*****
2025-03-05 13:34:24,093 - INFO - ***RR NOT FOUND***
2025-03-05 13:34:28,460 - INFO - Iteracja 4: condition_best: txgrp <= 2.50, quality_best: 1.0, coverage_best: (p=884, n=0, P=1151, N=0)
2025-03-05 13:34:28,467 - INFO - Regula po iteracji 4: IF cd4 >= 18.75 AND age <= 66.50 AND age <= 62.50 AND txgrp <= 3.50 AND txgrp <= 2.50 THEN survival_status = {inf}, (p=884, n=0, P=1151, N=0)
2025-03-05 13:34:28,467 - INFO - *****GROWING RR RULE*****
2025-03-05 13:34:49,123 - INFO - Iteracja 0: condition_best: None, quality_best: -inf, coverage_best: (p=0, n=0, P=0, N=0), p_value: 0
2025-03-05 13:34:49,129 - INFO - Regula po iteracji 0: IF  THEN survival_status = {nan}, (p=1151, n=0, P=1151, N=0)
2025-03-05 13:34:49,129 - INFO - *****STOP GROWING RR RULE*****
2025-03-05 13:34:49,129 - INFO - ***RR NOT FOUND***
2025-03-05 13:34:49,129 - INFO - *******STOP GROWING CR RULE*******
2025-03-05 13:34:49,145 - INFO - *******GROWING CR RULE*******
2025-03-05 13:34:53,650 - INFO - Iteracja 0: condition_best: cd4 <= 18.75, quality_best: 1.0, coverage_best: (p=253, n=0, P=1151, N=0)
2025-03-05 13:34:53,656 - INFO - Regula po iteracji 0: IF cd4 <= 18.75 THEN survival_status = {nan}, (p=253, n=0, P=1151, N=0)
2025-03-05 13:34:53,656 - INFO - *****GROWING RR RULE*****
2025-03-05 13:35:11,532 - INFO - Iteracja 0: condition_best: karnof <= 85.00, quality_best: 1.0, coverage_best: (p=214, n=0, P=1151, N=0), p_value: 0.983
2025-03-05 13:35:11,538 - INFO - Regula po iteracji 0: IF karnof <= 85.00 THEN survival_status = {nan}, (p=214, n=0, P=1151, N=0)
2025-03-05 13:35:18,682 - INFO - Iteracja 1: condition_best: priorzdv <= 73.50, quality_best: 1.0, coverage_best: (p=197, n=0, P=1151, N=0), p_value: 0.999
2025-03-05 13:35:18,688 - INFO - Regula po iteracji 1: IF karnof <= 85.00 AND priorzdv <= 73.50 THEN survival_status = {inf}, (p=197, n=0, P=1151, N=0)
2025-03-05 13:35:25,173 - INFO - Iteracja 2: condition_best: age <= 57.50, quality_best: 1.0, coverage_best: (p=187, n=0, P=1151, N=0), p_value: 0.999
2025-03-05 13:35:25,178 - INFO - Regula po iteracji 2: IF karnof <= 85.00 AND priorzdv <= 73.50 AND age <= 57.50 THEN survival_status = {inf}, (p=187, n=0, P=1151, N=0)
2025-03-05 13:35:31,280 - INFO - Iteracja 3: condition_best: None, quality_best: -inf, coverage_best: (p=0, n=0, P=0, N=0), p_value: 0.999
2025-03-05 13:35:31,286 - INFO - Regula po iteracji 3: IF karnof <= 85.00 AND priorzdv <= 73.50 AND age <= 57.50 THEN survival_status = {inf}, (p=187, n=0, P=1151, N=0)
2025-03-05 13:35:31,286 - INFO - *****STOP GROWING RR RULE*****
2025-03-05 13:35:31,286 - INFO - ***RR FOUND***
2025-03-05 13:35:31,286 - INFO - Reference rule: IF karnof <= 85.00 THEN survival_status = {inf}
2025-03-05 13:35:31,286 - INFO - ***CHECKING EXCEPTION***
2025-03-05 13:35:31,289 - INFO - ER vs CR p_value: 0.03077503586950958
2025-03-05 13:35:31,289 - INFO - ER vs RR p_value: 0.03517076986317558
2025-03-05 13:35:31,309 - INFO - ***ER FOUND***
2025-03-05 13:35:31,309 - INFO - Exception rule: IF cd4 <= 18.75 AND karnof <= 85.00 THEN survival_status = {inf} (p=80, n=0, P=1151, N=0)
2025-03-05 13:35:31,309 - INFO - *******STOP GROWING CR RULE*******
2025-03-05 13:35:31,315 - INFO - *******GROWING CR RULE*******
2025-03-05 13:35:34,660 - INFO - Iteracja 0: condition_best: cd4 >= 18.75, quality_best: 1.0, coverage_best: (p=898, n=0, P=1151, N=0)
2025-03-05 13:35:34,666 - INFO - Regula po iteracji 0: IF cd4 >= 18.75 THEN survival_status = {nan}, (p=898, n=0, P=1151, N=0)
2025-03-05 13:35:34,666 - INFO - *****GROWING RR RULE*****
2025-03-05 13:35:55,309 - INFO - Iteracja 0: condition_best: None, quality_best: -inf, coverage_best: (p=0, n=0, P=0, N=0), p_value: 0
2025-03-05 13:35:55,314 - INFO - Regula po iteracji 0: IF  THEN survival_status = {nan}, (p=1151, n=0, P=1151, N=0)
2025-03-05 13:35:55,314 - INFO - *****STOP GROWING RR RULE*****
2025-03-05 13:35:55,314 - INFO - ***RR NOT FOUND***
2025-03-05 13:35:58,530 - INFO - Iteracja 1: condition_best: karnof >= 75.00, quality_best: 1.0, coverage_best: (p=881, n=0, P=1151, N=0)
2025-03-05 13:35:58,536 - INFO - Regula po iteracji 1: IF cd4 >= 18.75 AND karnof >= 75.00 THEN survival_status = {inf}, (p=881, n=0, P=1151, N=0)
2025-03-05 13:35:58,537 - INFO - *****GROWING RR RULE*****
2025-03-05 13:36:19,128 - INFO - Iteracja 0: condition_best: None, quality_best: -inf, coverage_best: (p=0, n=0, P=0, N=0), p_value: 0
2025-03-05 13:36:19,134 - INFO - Regula po iteracji 0: IF  THEN survival_status = {nan}, (p=1151, n=0, P=1151, N=0)
2025-03-05 13:36:19,134 - INFO - *****STOP GROWING RR RULE*****
2025-03-05 13:36:19,134 - INFO - ***RR NOT FOUND***
2025-03-05 13:36:22,386 - INFO - Iteracja 2: condition_best: age <= 66.50, quality_best: 1.0, coverage_best: (p=876, n=0, P=1151, N=0)
2025-03-05 13:36:22,392 - INFO - Regula po iteracji 2: IF cd4 >= 18.75 AND karnof >= 75.00 AND age <= 66.50 THEN survival_status = {inf}, (p=876, n=0, P=1151, N=0)
2025-03-05 13:36:22,392 - INFO - *****GROWING RR RULE*****
2025-03-05 13:36:42,983 - INFO - Iteracja 0: condition_best: None, quality_best: -inf, coverage_best: (p=0, n=0, P=0, N=0), p_value: 0
2025-03-05 13:36:42,988 - INFO - Regula po iteracji 0: IF  THEN survival_status = {nan}, (p=1151, n=0, P=1151, N=0)
2025-03-05 13:36:42,988 - INFO - *****STOP GROWING RR RULE*****
2025-03-05 13:36:42,988 - INFO - ***RR NOT FOUND***
2025-03-05 13:36:46,280 - INFO - Iteracja 3: condition_best: txgrp <= 3.50, quality_best: 1.0, coverage_best: (p=875, n=0, P=1151, N=0)
2025-03-05 13:36:46,286 - INFO - Regula po iteracji 3: IF cd4 >= 18.75 AND karnof >= 75.00 AND age <= 66.50 AND txgrp <= 3.50 THEN survival_status = {inf}, (p=875, n=0, P=1151, N=0)
2025-03-05 13:36:46,286 - INFO - *****GROWING RR RULE*****
2025-03-05 13:37:06,887 - INFO - Iteracja 0: condition_best: None, quality_best: -inf, coverage_best: (p=0, n=0, P=0, N=0), p_value: 0
2025-03-05 13:37:06,892 - INFO - Regula po iteracji 0: IF  THEN survival_status = {nan}, (p=1151, n=0, P=1151, N=0)
2025-03-05 13:37:06,892 - INFO - *****STOP GROWING RR RULE*****
2025-03-05 13:37:06,892 - INFO - ***RR NOT FOUND***
2025-03-05 13:37:10,221 - INFO - Iteracja 4: condition_best: age <= 62.50, quality_best: 1.0, coverage_best: (p=868, n=0, P=1151, N=0)
2025-03-05 13:37:10,228 - INFO - Regula po iteracji 4: IF cd4 >= 18.75 AND karnof >= 75.00 AND age <= 66.50 AND txgrp <= 3.50 AND age <= 62.50 THEN survival_status = {inf}, (p=868, n=0, P=1151, N=0)
2025-03-05 13:37:10,228 - INFO - *****GROWING RR RULE*****
2025-03-05 13:37:30,807 - INFO - Iteracja 0: condition_best: None, quality_best: -inf, coverage_best: (p=0, n=0, P=0, N=0), p_value: 0
2025-03-05 13:37:30,812 - INFO - Regula po iteracji 0: IF  THEN survival_status = {nan}, (p=1151, n=0, P=1151, N=0)
2025-03-05 13:37:30,812 - INFO - *****STOP GROWING RR RULE*****
2025-03-05 13:37:30,812 - INFO - ***RR NOT FOUND***
2025-03-05 13:37:30,812 - INFO - *******STOP GROWING CR RULE*******
2025-03-05 13:37:30,989 - INFO - ************************Finished experiment for 23_actg320.arff with algorithm3************************
2025-03-05 13:37:30,989 - INFO - *************************************************************************************************************************
2025-03-05 13:37:30,989 - INFO - *************************************************************************************************************************
2025-03-05 13:37:30,989 - INFO - *************************************************************************************************************************
2025-03-05 13:37:30,990 - INFO - **********Starting experiment for 23_actg320.arff with algorithm4**********
2025-03-05 13:37:31,003 - INFO - *******GROWING CR RULE*******
2025-03-05 13:37:39,424 - INFO - Iteracja 0: condition_best: cd4 >= 18.75, quality_best: 1.0, coverage_best: (p=898, n=0, P=1151, N=0)
2025-03-05 13:37:39,431 - INFO - Regula po iteracji 0: IF cd4 >= 18.75 THEN survival_status = {nan}, (p=898, n=0, P=1151, N=0)
2025-03-05 13:37:39,431 - INFO - *****GROWING RR RULE*****
2025-03-05 13:38:05,263 - INFO - Iteracja 0: condition_best: None, quality_best: -inf, coverage_best: (p=0, n=0, P=0, N=0), p_value: 0
2025-03-05 13:38:05,267 - INFO - Regula po iteracji 0: IF  THEN survival_status = {nan}, (p=1151, n=0, P=1151, N=0)
2025-03-05 13:38:05,267 - INFO - *****STOP GROWING RR RULE*****
2025-03-05 13:38:05,267 - INFO - ***RR NOT FOUND***
2025-03-05 13:38:13,062 - INFO - Iteracja 1: condition_best: karnof >= 75.00, quality_best: 1.0, coverage_best: (p=881, n=0, P=1151, N=0)
2025-03-05 13:38:13,068 - INFO - Regula po iteracji 1: IF cd4 >= 18.75 AND karnof >= 75.00 THEN survival_status = {inf}, (p=881, n=0, P=1151, N=0)
2025-03-05 13:38:13,068 - INFO - *****GROWING RR RULE*****
2025-03-05 13:38:38,826 - INFO - Iteracja 0: condition_best: None, quality_best: -inf, coverage_best: (p=0, n=0, P=0, N=0), p_value: 0
2025-03-05 13:38:38,830 - INFO - Regula po iteracji 0: IF  THEN survival_status = {nan}, (p=1151, n=0, P=1151, N=0)
2025-03-05 13:38:38,830 - INFO - *****STOP GROWING RR RULE*****
2025-03-05 13:38:38,830 - INFO - ***RR NOT FOUND***
2025-03-05 13:38:46,654 - INFO - Iteracja 2: condition_best: age <= 66.50, quality_best: 1.0, coverage_best: (p=876, n=0, P=1151, N=0)
2025-03-05 13:38:46,660 - INFO - Regula po iteracji 2: IF cd4 >= 18.75 AND karnof >= 75.00 AND age <= 66.50 THEN survival_status = {inf}, (p=876, n=0, P=1151, N=0)
2025-03-05 13:38:46,661 - INFO - *****GROWING RR RULE*****
2025-03-05 13:39:12,364 - INFO - Iteracja 0: condition_best: None, quality_best: -inf, coverage_best: (p=0, n=0, P=0, N=0), p_value: 0
2025-03-05 13:39:12,368 - INFO - Regula po iteracji 0: IF  THEN survival_status = {nan}, (p=1151, n=0, P=1151, N=0)
2025-03-05 13:39:12,368 - INFO - *****STOP GROWING RR RULE*****
2025-03-05 13:39:12,368 - INFO - ***RR NOT FOUND***
2025-03-05 13:39:20,190 - INFO - Iteracja 3: condition_best: txgrp <= 3.50, quality_best: 1.0, coverage_best: (p=875, n=0, P=1151, N=0)
2025-03-05 13:39:20,197 - INFO - Regula po iteracji 3: IF cd4 >= 18.75 AND karnof >= 75.00 AND age <= 66.50 AND txgrp <= 3.50 THEN survival_status = {inf}, (p=875, n=0, P=1151, N=0)
2025-03-05 13:39:20,197 - INFO - *****GROWING RR RULE*****
2025-03-05 13:39:45,903 - INFO - Iteracja 0: condition_best: None, quality_best: -inf, coverage_best: (p=0, n=0, P=0, N=0), p_value: 0
2025-03-05 13:39:45,907 - INFO - Regula po iteracji 0: IF  THEN survival_status = {nan}, (p=1151, n=0, P=1151, N=0)
2025-03-05 13:39:45,907 - INFO - *****STOP GROWING RR RULE*****
2025-03-05 13:39:45,907 - INFO - ***RR NOT FOUND***
2025-03-05 13:39:53,698 - INFO - Iteracja 4: condition_best: age <= 62.50, quality_best: 1.0, coverage_best: (p=868, n=0, P=1151, N=0)
2025-03-05 13:39:53,706 - INFO - Regula po iteracji 4: IF cd4 >= 18.75 AND karnof >= 75.00 AND age <= 66.50 AND txgrp <= 3.50 AND age <= 62.50 THEN survival_status = {inf}, (p=868, n=0, P=1151, N=0)
2025-03-05 13:39:53,706 - INFO - *****GROWING RR RULE*****
2025-03-05 13:40:19,416 - INFO - Iteracja 0: condition_best: None, quality_best: -inf, coverage_best: (p=0, n=0, P=0, N=0), p_value: 0
2025-03-05 13:40:19,420 - INFO - Regula po iteracji 0: IF  THEN survival_status = {nan}, (p=1151, n=0, P=1151, N=0)
2025-03-05 13:40:19,420 - INFO - *****STOP GROWING RR RULE*****
2025-03-05 13:40:19,420 - INFO - ***RR NOT FOUND***
2025-03-05 13:40:19,420 - INFO - *******STOP GROWING CR RULE*******
2025-03-05 13:40:19,443 - INFO - *******GROWING CR RULE*******
2025-03-05 13:40:24,012 - INFO - Iteracja 0: condition_best: cd4 >= 18.75, quality_best: 1.0, coverage_best: (p=898, n=0, P=1151, N=0)
2025-03-05 13:40:24,019 - INFO - Regula po iteracji 0: IF cd4 >= 18.75 THEN survival_status = {nan}, (p=898, n=0, P=1151, N=0)
2025-03-05 13:40:24,019 - INFO - *****GROWING RR RULE*****
2025-03-05 13:40:49,784 - INFO - Iteracja 0: condition_best: None, quality_best: -inf, coverage_best: (p=0, n=0, P=0, N=0), p_value: 0
2025-03-05 13:40:49,788 - INFO - Regula po iteracji 0: IF  THEN survival_status = {nan}, (p=1151, n=0, P=1151, N=0)
2025-03-05 13:40:49,788 - INFO - *****STOP GROWING RR RULE*****
2025-03-05 13:40:49,788 - INFO - ***RR NOT FOUND***
2025-03-05 13:40:54,103 - INFO - Iteracja 1: condition_best: karnof >= 75.00, quality_best: 1.0, coverage_best: (p=881, n=0, P=1151, N=0)
2025-03-05 13:40:54,110 - INFO - Regula po iteracji 1: IF cd4 >= 18.75 AND karnof >= 75.00 THEN survival_status = {inf}, (p=881, n=0, P=1151, N=0)
2025-03-05 13:40:54,110 - INFO - *****GROWING RR RULE*****
2025-03-05 13:41:19,808 - INFO - Iteracja 0: condition_best: None, quality_best: -inf, coverage_best: (p=0, n=0, P=0, N=0), p_value: 0
2025-03-05 13:41:19,812 - INFO - Regula po iteracji 0: IF  THEN survival_status = {nan}, (p=1151, n=0, P=1151, N=0)
2025-03-05 13:41:19,812 - INFO - *****STOP GROWING RR RULE*****
2025-03-05 13:41:19,812 - INFO - ***RR NOT FOUND***
2025-03-05 13:41:24,166 - INFO - Iteracja 2: condition_best: txgrp <= 3.50, quality_best: 1.0, coverage_best: (p=880, n=0, P=1151, N=0)
2025-03-05 13:41:24,173 - INFO - Regula po iteracji 2: IF cd4 >= 18.75 AND karnof >= 75.00 AND txgrp <= 3.50 THEN survival_status = {inf}, (p=880, n=0, P=1151, N=0)
2025-03-05 13:41:24,173 - INFO - *****GROWING RR RULE*****
2025-03-05 13:41:50,045 - INFO - Iteracja 0: condition_best: None, quality_best: -inf, coverage_best: (p=0, n=0, P=0, N=0), p_value: 0
2025-03-05 13:41:50,050 - INFO - Regula po iteracji 0: IF  THEN survival_status = {nan}, (p=1151, n=0, P=1151, N=0)
2025-03-05 13:41:50,050 - INFO - *****STOP GROWING RR RULE*****
2025-03-05 13:41:50,050 - INFO - ***RR NOT FOUND***
2025-03-05 13:41:54,476 - INFO - Iteracja 3: condition_best: txgrp <= 2.50, quality_best: 1.0, coverage_best: (p=879, n=0, P=1151, N=0)
2025-03-05 13:41:54,483 - INFO - Regula po iteracji 3: IF cd4 >= 18.75 AND karnof >= 75.00 AND txgrp <= 3.50 AND txgrp <= 2.50 THEN survival_status = {inf}, (p=879, n=0, P=1151, N=0)
2025-03-05 13:41:54,483 - INFO - *****GROWING RR RULE*****
2025-03-05 13:42:20,327 - INFO - Iteracja 0: condition_best: None, quality_best: -inf, coverage_best: (p=0, n=0, P=0, N=0), p_value: 0
2025-03-05 13:42:20,331 - INFO - Regula po iteracji 0: IF  THEN survival_status = {nan}, (p=1151, n=0, P=1151, N=0)
2025-03-05 13:42:20,331 - INFO - *****STOP GROWING RR RULE*****
2025-03-05 13:42:20,331 - INFO - ***RR NOT FOUND***
2025-03-05 13:42:24,787 - INFO - Iteracja 4: condition_best: cd4 <= 370.00, quality_best: 1.0, coverage_best: (p=878, n=0, P=1151, N=0)
2025-03-05 13:42:24,794 - INFO - Regula po iteracji 4: IF cd4 >= 18.75 AND karnof >= 75.00 AND txgrp <= 3.50 AND txgrp <= 2.50 AND cd4 <= 370.00 THEN survival_status = {inf}, (p=878, n=0, P=1151, N=0)
2025-03-05 13:42:24,794 - INFO - *****GROWING RR RULE*****
2025-03-05 13:42:50,780 - INFO - Iteracja 0: condition_best: None, quality_best: -inf, coverage_best: (p=0, n=0, P=0, N=0), p_value: 0
2025-03-05 13:42:50,785 - INFO - Regula po iteracji 0: IF  THEN survival_status = {nan}, (p=1151, n=0, P=1151, N=0)
2025-03-05 13:42:50,785 - INFO - *****STOP GROWING RR RULE*****
2025-03-05 13:42:50,785 - INFO - ***RR NOT FOUND***
2025-03-05 13:42:50,785 - INFO - *******STOP GROWING CR RULE*******
2025-03-05 13:42:50,801 - INFO - *******GROWING CR RULE*******
2025-03-05 13:42:55,349 - INFO - Iteracja 0: condition_best: cd4 >= 18.75, quality_best: 1.0, coverage_best: (p=898, n=0, P=1151, N=0)
2025-03-05 13:42:55,355 - INFO - Regula po iteracji 0: IF cd4 >= 18.75 THEN survival_status = {nan}, (p=898, n=0, P=1151, N=0)
2025-03-05 13:42:55,356 - INFO - *****GROWING RR RULE*****
2025-03-05 13:43:21,160 - INFO - Iteracja 0: condition_best: None, quality_best: -inf, coverage_best: (p=0, n=0, P=0, N=0), p_value: 0
2025-03-05 13:43:21,164 - INFO - Regula po iteracji 0: IF  THEN survival_status = {nan}, (p=1151, n=0, P=1151, N=0)
2025-03-05 13:43:21,164 - INFO - *****STOP GROWING RR RULE*****
2025-03-05 13:43:21,164 - INFO - ***RR NOT FOUND***
2025-03-05 13:43:25,464 - INFO - Iteracja 1: condition_best: age <= 66.50, quality_best: 1.0, coverage_best: (p=893, n=0, P=1151, N=0)
2025-03-05 13:43:25,471 - INFO - Regula po iteracji 1: IF cd4 >= 18.75 AND age <= 66.50 THEN survival_status = {inf}, (p=893, n=0, P=1151, N=0)
2025-03-05 13:43:25,471 - INFO - *****GROWING RR RULE*****
2025-03-05 13:43:51,239 - INFO - Iteracja 0: condition_best: None, quality_best: -inf, coverage_best: (p=0, n=0, P=0, N=0), p_value: 0
2025-03-05 13:43:51,243 - INFO - Regula po iteracji 0: IF  THEN survival_status = {nan}, (p=1151, n=0, P=1151, N=0)
2025-03-05 13:43:51,243 - INFO - *****STOP GROWING RR RULE*****
2025-03-05 13:43:51,243 - INFO - ***RR NOT FOUND***
2025-03-05 13:43:55,574 - INFO - Iteracja 2: condition_best: age <= 62.50, quality_best: 1.0, coverage_best: (p=886, n=0, P=1151, N=0)
2025-03-05 13:43:55,581 - INFO - Regula po iteracji 2: IF cd4 >= 18.75 AND age <= 66.50 AND age <= 62.50 THEN survival_status = {inf}, (p=886, n=0, P=1151, N=0)
2025-03-05 13:43:55,581 - INFO - *****GROWING RR RULE*****
2025-03-05 13:44:21,307 - INFO - Iteracja 0: condition_best: None, quality_best: -inf, coverage_best: (p=0, n=0, P=0, N=0), p_value: 0
2025-03-05 13:44:21,312 - INFO - Regula po iteracji 0: IF  THEN survival_status = {nan}, (p=1151, n=0, P=1151, N=0)
2025-03-05 13:44:21,312 - INFO - *****STOP GROWING RR RULE*****
2025-03-05 13:44:21,312 - INFO - ***RR NOT FOUND***
2025-03-05 13:44:25,678 - INFO - Iteracja 3: condition_best: txgrp <= 3.50, quality_best: 1.0, coverage_best: (p=885, n=0, P=1151, N=0)
2025-03-05 13:44:25,684 - INFO - Regula po iteracji 3: IF cd4 >= 18.75 AND age <= 66.50 AND age <= 62.50 AND txgrp <= 3.50 THEN survival_status = {inf}, (p=885, n=0, P=1151, N=0)
2025-03-05 13:44:25,684 - INFO - *****GROWING RR RULE*****
2025-03-05 13:44:51,413 - INFO - Iteracja 0: condition_best: None, quality_best: -inf, coverage_best: (p=0, n=0, P=0, N=0), p_value: 0
2025-03-05 13:44:51,417 - INFO - Regula po iteracji 0: IF  THEN survival_status = {nan}, (p=1151, n=0, P=1151, N=0)
2025-03-05 13:44:51,417 - INFO - *****STOP GROWING RR RULE*****
2025-03-05 13:44:51,417 - INFO - ***RR NOT FOUND***
2025-03-05 13:44:55,797 - INFO - Iteracja 4: condition_best: txgrp <= 2.50, quality_best: 1.0, coverage_best: (p=884, n=0, P=1151, N=0)
2025-03-05 13:44:55,803 - INFO - Regula po iteracji 4: IF cd4 >= 18.75 AND age <= 66.50 AND age <= 62.50 AND txgrp <= 3.50 AND txgrp <= 2.50 THEN survival_status = {inf}, (p=884, n=0, P=1151, N=0)
2025-03-05 13:44:55,804 - INFO - *****GROWING RR RULE*****
2025-03-05 13:45:21,514 - INFO - Iteracja 0: condition_best: None, quality_best: -inf, coverage_best: (p=0, n=0, P=0, N=0), p_value: 0
2025-03-05 13:45:21,519 - INFO - Regula po iteracji 0: IF  THEN survival_status = {nan}, (p=1151, n=0, P=1151, N=0)
2025-03-05 13:45:21,519 - INFO - *****STOP GROWING RR RULE*****
2025-03-05 13:45:21,519 - INFO - ***RR NOT FOUND***
2025-03-05 13:45:21,519 - INFO - *******STOP GROWING CR RULE*******
2025-03-05 13:45:21,535 - INFO - *******GROWING CR RULE*******
2025-03-05 13:45:25,996 - INFO - Iteracja 0: condition_best: cd4 <= 18.75, quality_best: 1.0, coverage_best: (p=253, n=0, P=1151, N=0)
2025-03-05 13:45:26,002 - INFO - Regula po iteracji 0: IF cd4 <= 18.75 THEN survival_status = {nan}, (p=253, n=0, P=1151, N=0)
2025-03-05 13:45:26,002 - INFO - *****GROWING RR RULE*****
2025-03-05 13:45:47,682 - INFO - Iteracja 0: condition_best: None, quality_best: -inf, coverage_best: (p=0, n=0, P=0, N=0), p_value: 0
2025-03-05 13:45:47,687 - INFO - Regula po iteracji 0: IF  THEN survival_status = {nan}, (p=1151, n=0, P=1151, N=0)
2025-03-05 13:45:47,687 - INFO - *****STOP GROWING RR RULE*****
2025-03-05 13:45:47,687 - INFO - ***RR NOT FOUND***
2025-03-05 13:45:48,885 - INFO - Iteracja 1: condition_best: age >= 30.50, quality_best: 1.0, coverage_best: (p=204, n=0, P=1151, N=0)
2025-03-05 13:45:48,890 - INFO - Regula po iteracji 1: IF cd4 <= 18.75 AND age >= 30.50 THEN survival_status = {inf}, (p=204, n=0, P=1151, N=0)
2025-03-05 13:45:48,890 - INFO - *****GROWING RR RULE*****
2025-03-05 13:46:10,256 - INFO - Iteracja 0: condition_best: None, quality_best: -inf, coverage_best: (p=0, n=0, P=0, N=0), p_value: 0
2025-03-05 13:46:10,261 - INFO - Regula po iteracji 0: IF  THEN survival_status = {nan}, (p=1151, n=0, P=1151, N=0)
2025-03-05 13:46:10,261 - INFO - *****STOP GROWING RR RULE*****
2025-03-05 13:46:10,261 - INFO - ***RR NOT FOUND***
2025-03-05 13:46:11,300 - INFO - Iteracja 2: condition_best: priorzdv <= 128.00, quality_best: 1.0, coverage_best: (p=202, n=0, P=1151, N=0)
2025-03-05 13:46:11,305 - INFO - Regula po iteracji 2: IF cd4 <= 18.75 AND age >= 30.50 AND priorzdv <= 128.00 THEN survival_status = {inf}, (p=202, n=0, P=1151, N=0)
2025-03-05 13:46:11,305 - INFO - *****GROWING RR RULE*****
2025-03-05 13:46:32,657 - INFO - Iteracja 0: condition_best: None, quality_best: -inf, coverage_best: (p=0, n=0, P=0, N=0), p_value: 0
2025-03-05 13:46:32,661 - INFO - Regula po iteracji 0: IF  THEN survival_status = {nan}, (p=1151, n=0, P=1151, N=0)
2025-03-05 13:46:32,661 - INFO - *****STOP GROWING RR RULE*****
2025-03-05 13:46:32,661 - INFO - ***RR NOT FOUND***
2025-03-05 13:46:33,708 - INFO - Iteracja 3: condition_best: strat2 <= 0.50, quality_best: 1.0, coverage_best: (p=201, n=0, P=1151, N=0)
2025-03-05 13:46:33,714 - INFO - Regula po iteracji 3: IF cd4 <= 18.75 AND age >= 30.50 AND priorzdv <= 128.00 AND strat2 <= 0.50 THEN survival_status = {inf}, (p=201, n=0, P=1151, N=0)
2025-03-05 13:46:33,714 - INFO - *****GROWING RR RULE*****
2025-03-05 13:46:55,057 - INFO - Iteracja 0: condition_best: None, quality_best: -inf, coverage_best: (p=0, n=0, P=0, N=0), p_value: 0
2025-03-05 13:46:55,061 - INFO - Regula po iteracji 0: IF  THEN survival_status = {nan}, (p=1151, n=0, P=1151, N=0)
2025-03-05 13:46:55,061 - INFO - *****STOP GROWING RR RULE*****
2025-03-05 13:46:55,061 - INFO - ***RR NOT FOUND***
2025-03-05 13:46:56,104 - INFO - Iteracja 4: condition_best: priorzdv <= 106.50, quality_best: 1.0, coverage_best: (p=200, n=0, P=1151, N=0)
2025-03-05 13:46:56,110 - INFO - Regula po iteracji 4: IF cd4 <= 18.75 AND age >= 30.50 AND priorzdv <= 128.00 AND strat2 <= 0.50 AND priorzdv <= 106.50 THEN survival_status = {inf}, (p=200, n=0, P=1151, N=0)
2025-03-05 13:46:56,110 - INFO - *****GROWING RR RULE*****
2025-03-05 13:47:17,431 - INFO - Iteracja 0: condition_best: None, quality_best: -inf, coverage_best: (p=0, n=0, P=0, N=0), p_value: 0
2025-03-05 13:47:17,435 - INFO - Regula po iteracji 0: IF  THEN survival_status = {nan}, (p=1151, n=0, P=1151, N=0)
2025-03-05 13:47:17,435 - INFO - *****STOP GROWING RR RULE*****
2025-03-05 13:47:17,435 - INFO - ***RR NOT FOUND***
2025-03-05 13:47:17,435 - INFO - *******STOP GROWING CR RULE*******
2025-03-05 13:47:17,453 - INFO - *******GROWING CR RULE*******
2025-03-05 13:47:21,082 - INFO - Iteracja 0: condition_best: cd4 <= 18.75, quality_best: 1.0, coverage_best: (p=253, n=0, P=1151, N=0)
2025-03-05 13:47:21,088 - INFO - Regula po iteracji 0: IF cd4 <= 18.75 THEN survival_status = {nan}, (p=253, n=0, P=1151, N=0)
2025-03-05 13:47:21,088 - INFO - *****GROWING RR RULE*****
2025-03-05 13:47:42,783 - INFO - Iteracja 0: condition_best: None, quality_best: -inf, coverage_best: (p=0, n=0, P=0, N=0), p_value: 0
2025-03-05 13:47:42,787 - INFO - Regula po iteracji 0: IF  THEN survival_status = {nan}, (p=1151, n=0, P=1151, N=0)
2025-03-05 13:47:42,787 - INFO - *****STOP GROWING RR RULE*****
2025-03-05 13:47:42,787 - INFO - ***RR NOT FOUND***
2025-03-05 13:47:43,778 - INFO - Iteracja 1: condition_best: karnof <= 95.00, quality_best: 1.0, coverage_best: (p=193, n=0, P=1151, N=0)
2025-03-05 13:47:43,784 - INFO - Regula po iteracji 1: IF cd4 <= 18.75 AND karnof <= 95.00 THEN survival_status = {inf}, (p=193, n=0, P=1151, N=0)
2025-03-05 13:47:43,784 - INFO - *****GROWING RR RULE*****
2025-03-05 13:48:05,244 - INFO - Iteracja 0: condition_best: None, quality_best: -inf, coverage_best: (p=0, n=0, P=0, N=0), p_value: 0
2025-03-05 13:48:05,248 - INFO - Regula po iteracji 0: IF  THEN survival_status = {nan}, (p=1151, n=0, P=1151, N=0)
2025-03-05 13:48:05,249 - INFO - *****STOP GROWING RR RULE*****
2025-03-05 13:48:05,249 - INFO - ***RR NOT FOUND***
2025-03-05 13:48:06,168 - INFO - Iteracja 2: condition_best: priorzdv <= 108.00, quality_best: 1.0, coverage_best: (p=190, n=0, P=1151, N=0)
2025-03-05 13:48:06,173 - INFO - Regula po iteracji 2: IF cd4 <= 18.75 AND karnof <= 95.00 AND priorzdv <= 108.00 THEN survival_status = {inf}, (p=190, n=0, P=1151, N=0)
2025-03-05 13:48:06,174 - INFO - *****GROWING RR RULE*****
2025-03-05 13:48:27,557 - INFO - Iteracja 0: condition_best: None, quality_best: -inf, coverage_best: (p=0, n=0, P=0, N=0), p_value: 0
2025-03-05 13:48:27,561 - INFO - Regula po iteracji 0: IF  THEN survival_status = {nan}, (p=1151, n=0, P=1151, N=0)
2025-03-05 13:48:27,561 - INFO - *****STOP GROWING RR RULE*****
2025-03-05 13:48:27,561 - INFO - ***RR NOT FOUND***
2025-03-05 13:48:28,466 - INFO - Iteracja 3: condition_best: txgrp <= 3.00, quality_best: 1.0, coverage_best: (p=189, n=0, P=1151, N=0)
2025-03-05 13:48:28,472 - INFO - Regula po iteracji 3: IF cd4 <= 18.75 AND karnof <= 95.00 AND priorzdv <= 108.00 AND txgrp <= 3.00 THEN survival_status = {inf}, (p=189, n=0, P=1151, N=0)
2025-03-05 13:48:28,472 - INFO - *****GROWING RR RULE*****
2025-03-05 13:48:49,838 - INFO - Iteracja 0: condition_best: None, quality_best: -inf, coverage_best: (p=0, n=0, P=0, N=0), p_value: 0
2025-03-05 13:48:49,843 - INFO - Regula po iteracji 0: IF  THEN survival_status = {nan}, (p=1151, n=0, P=1151, N=0)
2025-03-05 13:48:49,843 - INFO - *****STOP GROWING RR RULE*****
2025-03-05 13:48:49,843 - INFO - ***RR NOT FOUND***
2025-03-05 13:48:50,746 - INFO - Iteracja 4: condition_best: priorzdv <= 94.50, quality_best: 1.0, coverage_best: (p=188, n=0, P=1151, N=0)
2025-03-05 13:48:50,751 - INFO - Regula po iteracji 4: IF cd4 <= 18.75 AND karnof <= 95.00 AND priorzdv <= 108.00 AND txgrp <= 3.00 AND priorzdv <= 94.50 THEN survival_status = {inf}, (p=188, n=0, P=1151, N=0)
2025-03-05 13:48:50,752 - INFO - *****GROWING RR RULE*****
2025-03-05 13:49:12,091 - INFO - Iteracja 0: condition_best: None, quality_best: -inf, coverage_best: (p=0, n=0, P=0, N=0), p_value: 0
2025-03-05 13:49:12,095 - INFO - Regula po iteracji 0: IF  THEN survival_status = {nan}, (p=1151, n=0, P=1151, N=0)
2025-03-05 13:49:12,095 - INFO - *****STOP GROWING RR RULE*****
2025-03-05 13:49:12,095 - INFO - ***RR NOT FOUND***
2025-03-05 13:49:12,096 - INFO - *******STOP GROWING CR RULE*******
2025-03-05 13:49:12,113 - INFO - *******GROWING CR RULE*******
2025-03-05 13:49:15,587 - INFO - Iteracja 0: condition_best: cd4 <= 18.75, quality_best: 1.0, coverage_best: (p=253, n=0, P=1151, N=0)
2025-03-05 13:49:15,593 - INFO - Regula po iteracji 0: IF cd4 <= 18.75 THEN survival_status = {nan}, (p=253, n=0, P=1151, N=0)
2025-03-05 13:49:15,593 - INFO - *****GROWING RR RULE*****
2025-03-05 13:49:37,259 - INFO - Iteracja 0: condition_best: None, quality_best: -inf, coverage_best: (p=0, n=0, P=0, N=0), p_value: 0
2025-03-05 13:49:37,263 - INFO - Regula po iteracji 0: IF  THEN survival_status = {nan}, (p=1151, n=0, P=1151, N=0)
2025-03-05 13:49:37,263 - INFO - *****STOP GROWING RR RULE*****
2025-03-05 13:49:37,263 - INFO - ***RR NOT FOUND***
2025-03-05 13:49:38,206 - INFO - Iteracja 1: condition_best: age >= 28.50, quality_best: 1.0, coverage_best: (p=223, n=0, P=1151, N=0)
2025-03-05 13:49:38,211 - INFO - Regula po iteracji 1: IF cd4 <= 18.75 AND age >= 28.50 THEN survival_status = {inf}, (p=223, n=0, P=1151, N=0)
2025-03-05 13:49:38,211 - INFO - *****GROWING RR RULE*****
2025-03-05 13:49:59,672 - INFO - Iteracja 0: condition_best: None, quality_best: -inf, coverage_best: (p=0, n=0, P=0, N=0), p_value: 0
2025-03-05 13:49:59,676 - INFO - Regula po iteracji 0: IF  THEN survival_status = {nan}, (p=1151, n=0, P=1151, N=0)
2025-03-05 13:49:59,676 - INFO - *****STOP GROWING RR RULE*****
2025-03-05 13:49:59,676 - INFO - ***RR NOT FOUND***
2025-03-05 13:50:00,519 - INFO - Iteracja 2: condition_best: priorzdv <= 91.50, quality_best: 1.0, coverage_best: (p=218, n=0, P=1151, N=0)
2025-03-05 13:50:00,525 - INFO - Regula po iteracji 2: IF cd4 <= 18.75 AND age >= 28.50 AND priorzdv <= 91.50 THEN survival_status = {inf}, (p=218, n=0, P=1151, N=0)
2025-03-05 13:50:00,525 - INFO - *****GROWING RR RULE*****
2025-03-05 13:50:21,898 - INFO - Iteracja 0: condition_best: None, quality_best: -inf, coverage_best: (p=0, n=0, P=0, N=0), p_value: 0
2025-03-05 13:50:21,903 - INFO - Regula po iteracji 0: IF  THEN survival_status = {nan}, (p=1151, n=0, P=1151, N=0)
2025-03-05 13:50:21,903 - INFO - *****STOP GROWING RR RULE*****
2025-03-05 13:50:21,903 - INFO - ***RR NOT FOUND***
2025-03-05 13:50:22,735 - INFO - Iteracja 3: condition_best: priorzdv <= 89.00, quality_best: 1.0, coverage_best: (p=217, n=0, P=1151, N=0)
2025-03-05 13:50:22,741 - INFO - Regula po iteracji 3: IF cd4 <= 18.75 AND age >= 28.50 AND priorzdv <= 91.50 AND priorzdv <= 89.00 THEN survival_status = {inf}, (p=217, n=0, P=1151, N=0)
2025-03-05 13:50:22,741 - INFO - *****GROWING RR RULE*****
2025-03-05 13:50:44,122 - INFO - Iteracja 0: condition_best: None, quality_best: -inf, coverage_best: (p=0, n=0, P=0, N=0), p_value: 0
2025-03-05 13:50:44,127 - INFO - Regula po iteracji 0: IF  THEN survival_status = {nan}, (p=1151, n=0, P=1151, N=0)
2025-03-05 13:50:44,127 - INFO - *****STOP GROWING RR RULE*****
2025-03-05 13:50:44,127 - INFO - ***RR NOT FOUND***
2025-03-05 13:50:44,962 - INFO - Iteracja 4: condition_best: strat2 <= 0.50, quality_best: 1.0, coverage_best: (p=215, n=0, P=1151, N=0)
2025-03-05 13:50:44,967 - INFO - Regula po iteracji 4: IF cd4 <= 18.75 AND age >= 28.50 AND priorzdv <= 91.50 AND priorzdv <= 89.00 AND strat2 <= 0.50 THEN survival_status = {inf}, (p=215, n=0, P=1151, N=0)
2025-03-05 13:50:44,967 - INFO - *****GROWING RR RULE*****
2025-03-05 13:51:06,303 - INFO - Iteracja 0: condition_best: None, quality_best: -inf, coverage_best: (p=0, n=0, P=0, N=0), p_value: 0
2025-03-05 13:51:06,307 - INFO - Regula po iteracji 0: IF  THEN survival_status = {nan}, (p=1151, n=0, P=1151, N=0)
2025-03-05 13:51:06,307 - INFO - *****STOP GROWING RR RULE*****
2025-03-05 13:51:06,307 - INFO - ***RR NOT FOUND***
2025-03-05 13:51:06,307 - INFO - *******STOP GROWING CR RULE*******
2025-03-05 13:51:06,345 - INFO - *******GROWING CR RULE*******
2025-03-05 13:51:09,757 - INFO - Iteracja 0: condition_best: cd4 <= 18.75, quality_best: 1.0, coverage_best: (p=253, n=0, P=1151, N=0)
2025-03-05 13:51:09,763 - INFO - Regula po iteracji 0: IF cd4 <= 18.75 THEN survival_status = {nan}, (p=253, n=0, P=1151, N=0)
2025-03-05 13:51:09,763 - INFO - *****GROWING RR RULE*****
2025-03-05 13:51:31,401 - INFO - Iteracja 0: condition_best: None, quality_best: -inf, coverage_best: (p=0, n=0, P=0, N=0), p_value: 0
2025-03-05 13:51:31,405 - INFO - Regula po iteracji 0: IF  THEN survival_status = {nan}, (p=1151, n=0, P=1151, N=0)
2025-03-05 13:51:31,405 - INFO - *****STOP GROWING RR RULE*****
2025-03-05 13:51:31,405 - INFO - ***RR NOT FOUND***
2025-03-05 13:51:32,341 - INFO - Iteracja 1: condition_best: age >= 26.50, quality_best: 1.0, coverage_best: (p=233, n=0, P=1151, N=0)
2025-03-05 13:51:32,346 - INFO - Regula po iteracji 1: IF cd4 <= 18.75 AND age >= 26.50 THEN survival_status = {inf}, (p=233, n=0, P=1151, N=0)
2025-03-05 13:51:32,346 - INFO - *****GROWING RR RULE*****
2025-03-05 13:51:53,860 - INFO - Iteracja 0: condition_best: None, quality_best: -inf, coverage_best: (p=0, n=0, P=0, N=0), p_value: 0
2025-03-05 13:51:53,864 - INFO - Regula po iteracji 0: IF  THEN survival_status = {nan}, (p=1151, n=0, P=1151, N=0)
2025-03-05 13:51:53,864 - INFO - *****STOP GROWING RR RULE*****
2025-03-05 13:51:53,864 - INFO - ***RR NOT FOUND***
2025-03-05 13:51:54,744 - INFO - Iteracja 2: condition_best: cd4 >= 0.75, quality_best: 1.0, coverage_best: (p=213, n=0, P=1151, N=0)
2025-03-05 13:51:54,749 - INFO - Regula po iteracji 2: IF cd4 <= 18.75 AND age >= 26.50 AND cd4 >= 0.75 THEN survival_status = {inf}, (p=213, n=0, P=1151, N=0)
2025-03-05 13:51:54,750 - INFO - *****GROWING RR RULE*****
2025-03-05 13:52:16,190 - INFO - Iteracja 0: condition_best: None, quality_best: -inf, coverage_best: (p=0, n=0, P=0, N=0), p_value: 0
2025-03-05 13:52:16,194 - INFO - Regula po iteracji 0: IF  THEN survival_status = {nan}, (p=1151, n=0, P=1151, N=0)
2025-03-05 13:52:16,194 - INFO - *****STOP GROWING RR RULE*****
2025-03-05 13:52:16,194 - INFO - ***RR NOT FOUND***
2025-03-05 13:52:17,073 - INFO - Iteracja 3: condition_best: strat2 <= 0.50, quality_best: 1.0, coverage_best: (p=211, n=0, P=1151, N=0)
2025-03-05 13:52:17,079 - INFO - Regula po iteracji 3: IF cd4 <= 18.75 AND age >= 26.50 AND cd4 >= 0.75 AND strat2 <= 0.50 THEN survival_status = {inf}, (p=211, n=0, P=1151, N=0)
2025-03-05 13:52:17,079 - INFO - *****GROWING RR RULE*****
2025-03-05 13:52:38,493 - INFO - Iteracja 0: condition_best: None, quality_best: -inf, coverage_best: (p=0, n=0, P=0, N=0), p_value: 0
2025-03-05 13:52:38,498 - INFO - Regula po iteracji 0: IF  THEN survival_status = {nan}, (p=1151, n=0, P=1151, N=0)
2025-03-05 13:52:38,498 - INFO - *****STOP GROWING RR RULE*****
2025-03-05 13:52:38,498 - INFO - ***RR NOT FOUND***
2025-03-05 13:52:39,367 - INFO - Iteracja 4: condition_best: priorzdv <= 154.00, quality_best: 1.0, coverage_best: (p=210, n=0, P=1151, N=0)
2025-03-05 13:52:39,373 - INFO - Regula po iteracji 4: IF cd4 <= 18.75 AND age >= 26.50 AND cd4 >= 0.75 AND strat2 <= 0.50 AND priorzdv <= 154.00 THEN survival_status = {inf}, (p=210, n=0, P=1151, N=0)
2025-03-05 13:52:39,373 - INFO - *****GROWING RR RULE*****
2025-03-05 13:53:00,798 - INFO - Iteracja 0: condition_best: None, quality_best: -inf, coverage_best: (p=0, n=0, P=0, N=0), p_value: 0
2025-03-05 13:53:00,802 - INFO - Regula po iteracji 0: IF  THEN survival_status = {nan}, (p=1151, n=0, P=1151, N=0)
2025-03-05 13:53:00,802 - INFO - *****STOP GROWING RR RULE*****
2025-03-05 13:53:00,802 - INFO - ***RR NOT FOUND***
2025-03-05 13:53:00,802 - INFO - *******STOP GROWING CR RULE*******
2025-03-05 13:53:00,826 - INFO - *******GROWING CR RULE*******
2025-03-05 13:53:04,221 - INFO - Iteracja 0: condition_best: cd4 <= 18.75, quality_best: 1.0, coverage_best: (p=253, n=0, P=1151, N=0)
2025-03-05 13:53:04,226 - INFO - Regula po iteracji 0: IF cd4 <= 18.75 THEN survival_status = {nan}, (p=253, n=0, P=1151, N=0)
2025-03-05 13:53:04,227 - INFO - *****GROWING RR RULE*****
2025-03-05 13:53:25,888 - INFO - Iteracja 0: condition_best: None, quality_best: -inf, coverage_best: (p=0, n=0, P=0, N=0), p_value: 0
2025-03-05 13:53:25,893 - INFO - Regula po iteracji 0: IF  THEN survival_status = {nan}, (p=1151, n=0, P=1151, N=0)
2025-03-05 13:53:25,893 - INFO - *****STOP GROWING RR RULE*****
2025-03-05 13:53:25,893 - INFO - ***RR NOT FOUND***
2025-03-05 13:53:26,821 - INFO - Iteracja 1: condition_best: priorzdv <= 89.00, quality_best: 1.0, coverage_best: (p=246, n=0, P=1151, N=0)
2025-03-05 13:53:26,826 - INFO - Regula po iteracji 1: IF cd4 <= 18.75 AND priorzdv <= 89.00 THEN survival_status = {inf}, (p=246, n=0, P=1151, N=0)
2025-03-05 13:53:26,826 - INFO - *****GROWING RR RULE*****
2025-03-05 13:53:48,433 - INFO - Iteracja 0: condition_best: None, quality_best: -inf, coverage_best: (p=0, n=0, P=0, N=0), p_value: 0
2025-03-05 13:53:48,437 - INFO - Regula po iteracji 0: IF  THEN survival_status = {nan}, (p=1151, n=0, P=1151, N=0)
2025-03-05 13:53:48,437 - INFO - *****STOP GROWING RR RULE*****
2025-03-05 13:53:48,437 - INFO - ***RR NOT FOUND***
2025-03-05 13:53:49,329 - INFO - Iteracja 2: condition_best: cd4 >= 0.75, quality_best: 1.0, coverage_best: (p=225, n=0, P=1151, N=0)
2025-03-05 13:53:49,334 - INFO - Regula po iteracji 2: IF cd4 <= 18.75 AND priorzdv <= 89.00 AND cd4 >= 0.75 THEN survival_status = {inf}, (p=225, n=0, P=1151, N=0)
2025-03-05 13:53:49,334 - INFO - *****GROWING RR RULE*****
2025-03-05 13:54:10,762 - INFO - Iteracja 0: condition_best: None, quality_best: -inf, coverage_best: (p=0, n=0, P=0, N=0), p_value: 0
2025-03-05 13:54:10,766 - INFO - Regula po iteracji 0: IF  THEN survival_status = {nan}, (p=1151, n=0, P=1151, N=0)
2025-03-05 13:54:10,766 - INFO - *****STOP GROWING RR RULE*****
2025-03-05 13:54:10,766 - INFO - ***RR NOT FOUND***
2025-03-05 13:54:11,655 - INFO - Iteracja 3: condition_best: priorzdv >= 7.50, quality_best: 1.0, coverage_best: (p=191, n=0, P=1151, N=0)
2025-03-05 13:54:11,660 - INFO - Regula po iteracji 3: IF cd4 <= 18.75 AND priorzdv <= 89.00 AND cd4 >= 0.75 AND priorzdv >= 7.50 THEN survival_status = {inf}, (p=191, n=0, P=1151, N=0)
2025-03-05 13:54:11,661 - INFO - *****GROWING RR RULE*****
2025-03-05 13:54:32,972 - INFO - Iteracja 0: condition_best: None, quality_best: -inf, coverage_best: (p=0, n=0, P=0, N=0), p_value: 0
2025-03-05 13:54:32,976 - INFO - Regula po iteracji 0: IF  THEN survival_status = {nan}, (p=1151, n=0, P=1151, N=0)
2025-03-05 13:54:32,976 - INFO - *****STOP GROWING RR RULE*****
2025-03-05 13:54:32,976 - INFO - ***RR NOT FOUND***
2025-03-05 13:54:33,839 - INFO - Iteracja 4: condition_best: age >= 15.50, quality_best: 1.0, coverage_best: (p=190, n=0, P=1151, N=0)
2025-03-05 13:54:33,844 - INFO - Regula po iteracji 4: IF cd4 <= 18.75 AND priorzdv <= 89.00 AND cd4 >= 0.75 AND priorzdv >= 7.50 AND age >= 15.50 THEN survival_status = {inf}, (p=190, n=0, P=1151, N=0)
2025-03-05 13:54:33,844 - INFO - *****GROWING RR RULE*****
2025-03-05 13:54:55,135 - INFO - Iteracja 0: condition_best: None, quality_best: -inf, coverage_best: (p=0, n=0, P=0, N=0), p_value: 0
2025-03-05 13:54:55,139 - INFO - Regula po iteracji 0: IF  THEN survival_status = {nan}, (p=1151, n=0, P=1151, N=0)
2025-03-05 13:54:55,139 - INFO - *****STOP GROWING RR RULE*****
2025-03-05 13:54:55,139 - INFO - ***RR NOT FOUND***
2025-03-05 13:54:55,139 - INFO - *******STOP GROWING CR RULE*******
2025-03-05 13:54:55,162 - INFO - *******GROWING CR RULE*******
2025-03-05 13:54:58,540 - INFO - Iteracja 0: condition_best: cd4 >= 18.75, quality_best: 1.0, coverage_best: (p=898, n=0, P=1151, N=0)
2025-03-05 13:54:58,546 - INFO - Regula po iteracji 0: IF cd4 >= 18.75 THEN survival_status = {nan}, (p=898, n=0, P=1151, N=0)
2025-03-05 13:54:58,546 - INFO - *****GROWING RR RULE*****
2025-03-05 13:55:24,297 - INFO - Iteracja 0: condition_best: None, quality_best: -inf, coverage_best: (p=0, n=0, P=0, N=0), p_value: 0
2025-03-05 13:55:24,301 - INFO - Regula po iteracji 0: IF  THEN survival_status = {nan}, (p=1151, n=0, P=1151, N=0)
2025-03-05 13:55:24,301 - INFO - *****STOP GROWING RR RULE*****
2025-03-05 13:55:24,301 - INFO - ***RR NOT FOUND***
2025-03-05 13:55:27,542 - INFO - Iteracja 1: condition_best: karnof >= 75.00, quality_best: 1.0, coverage_best: (p=881, n=0, P=1151, N=0)
2025-03-05 13:55:27,548 - INFO - Regula po iteracji 1: IF cd4 >= 18.75 AND karnof >= 75.00 THEN survival_status = {inf}, (p=881, n=0, P=1151, N=0)
2025-03-05 13:55:27,548 - INFO - *****GROWING RR RULE*****
2025-03-05 13:55:53,240 - INFO - Iteracja 0: condition_best: None, quality_best: -inf, coverage_best: (p=0, n=0, P=0, N=0), p_value: 0
2025-03-05 13:55:53,244 - INFO - Regula po iteracji 0: IF  THEN survival_status = {nan}, (p=1151, n=0, P=1151, N=0)
2025-03-05 13:55:53,244 - INFO - *****STOP GROWING RR RULE*****
2025-03-05 13:55:53,244 - INFO - ***RR NOT FOUND***
2025-03-05 13:55:56,514 - INFO - Iteracja 2: condition_best: age <= 66.50, quality_best: 1.0, coverage_best: (p=876, n=0, P=1151, N=0)
2025-03-05 13:55:56,520 - INFO - Regula po iteracji 2: IF cd4 >= 18.75 AND karnof >= 75.00 AND age <= 66.50 THEN survival_status = {inf}, (p=876, n=0, P=1151, N=0)
2025-03-05 13:55:56,520 - INFO - *****GROWING RR RULE*****
2025-03-05 13:56:22,204 - INFO - Iteracja 0: condition_best: None, quality_best: -inf, coverage_best: (p=0, n=0, P=0, N=0), p_value: 0
2025-03-05 13:56:22,208 - INFO - Regula po iteracji 0: IF  THEN survival_status = {nan}, (p=1151, n=0, P=1151, N=0)
2025-03-05 13:56:22,208 - INFO - *****STOP GROWING RR RULE*****
2025-03-05 13:56:22,208 - INFO - ***RR NOT FOUND***
2025-03-05 13:56:25,551 - INFO - Iteracja 3: condition_best: txgrp <= 3.50, quality_best: 1.0, coverage_best: (p=875, n=0, P=1151, N=0)
2025-03-05 13:56:25,557 - INFO - Regula po iteracji 3: IF cd4 >= 18.75 AND karnof >= 75.00 AND age <= 66.50 AND txgrp <= 3.50 THEN survival_status = {inf}, (p=875, n=0, P=1151, N=0)
2025-03-05 13:56:25,557 - INFO - *****GROWING RR RULE*****
2025-03-05 13:56:51,260 - INFO - Iteracja 0: condition_best: None, quality_best: -inf, coverage_best: (p=0, n=0, P=0, N=0), p_value: 0
2025-03-05 13:56:51,264 - INFO - Regula po iteracji 0: IF  THEN survival_status = {nan}, (p=1151, n=0, P=1151, N=0)
2025-03-05 13:56:51,264 - INFO - *****STOP GROWING RR RULE*****
2025-03-05 13:56:51,264 - INFO - ***RR NOT FOUND***
2025-03-05 13:56:54,625 - INFO - Iteracja 4: condition_best: age <= 62.50, quality_best: 1.0, coverage_best: (p=868, n=0, P=1151, N=0)
2025-03-05 13:56:54,631 - INFO - Regula po iteracji 4: IF cd4 >= 18.75 AND karnof >= 75.00 AND age <= 66.50 AND txgrp <= 3.50 AND age <= 62.50 THEN survival_status = {inf}, (p=868, n=0, P=1151, N=0)
2025-03-05 13:56:54,632 - INFO - *****GROWING RR RULE*****
2025-03-05 13:57:20,276 - INFO - Iteracja 0: condition_best: None, quality_best: -inf, coverage_best: (p=0, n=0, P=0, N=0), p_value: 0
2025-03-05 13:57:20,280 - INFO - Regula po iteracji 0: IF  THEN survival_status = {nan}, (p=1151, n=0, P=1151, N=0)
2025-03-05 13:57:20,280 - INFO - *****STOP GROWING RR RULE*****
2025-03-05 13:57:20,280 - INFO - ***RR NOT FOUND***
2025-03-05 13:57:20,280 - INFO - *******STOP GROWING CR RULE*******
2025-03-05 13:57:20,341 - INFO - ************************Finished experiment for 23_actg320.arff with algorithm4************************
2025-03-05 13:57:20,341 - INFO - *************************************************************************************************************************
2025-03-05 13:57:20,341 - INFO - *************************************************************************************************************************
2025-03-05 13:57:20,341 - INFO - *************************************************************************************************************************
