2025-03-05 09:57:01,344 - INFO - **********Starting experiment for elusage.arff with algorithm3**********
2025-03-05 09:57:01,348 - INFO - *******GROWING CR RULE*******
2025-03-05 09:57:01,354 - INFO - Iteracja 0: condition_best: average_temperature >= 50.00, quality_best: 0.694, coverage_best: (p=26, n=5, P=26, N=29)
2025-03-05 09:57:01,354 - INFO - Regula po iteracji 0: IF average_temperature >= 50.00 THEN class = {26.77} [16.81, 36.73], (p=26, n=5, P=26, N=29)
2025-03-05 09:57:01,354 - INFO - *****GROWING RR RULE*****
2025-03-05 09:57:01,488 - INFO - Iteracja 0: condition_best: None, quality_best: -inf, coverage_best: (p=0, n=0, P=0, N=0), p_value: 0
2025-03-05 09:57:01,489 - INFO - Regula po iteracji 0: IF  THEN class = {43.28} [19.49, 67.06], (p=39, n=16, P=39, N=16)
2025-03-05 09:57:01,489 - INFO - *****STOP GROWING RR RULE*****
2025-03-05 09:57:01,489 - INFO - ***RR NOT FOUND***
2025-03-05 09:57:01,491 - INFO - Iteracja 1: condition_best: average_temperature >= 52.50, quality_best: 0.645, coverage_best: (p=24, n=6, P=24, N=31)
2025-03-05 09:57:01,491 - INFO - Regula po iteracji 1: IF average_temperature >= 50.00 AND average_temperature >= 52.50 THEN class = {25.83} [17.16, 34.51], (p=24, n=6, P=24, N=31)
2025-03-05 09:57:01,491 - INFO - *****GROWING RR RULE*****
2025-03-05 09:57:01,622 - INFO - Iteracja 0: condition_best: None, quality_best: -inf, coverage_best: (p=0, n=0, P=0, N=0), p_value: 0
2025-03-05 09:57:01,623 - INFO - Regula po iteracji 0: IF  THEN class = {43.28} [19.49, 67.06], (p=39, n=16, P=39, N=16)
2025-03-05 09:57:01,623 - INFO - *****STOP GROWING RR RULE*****
2025-03-05 09:57:01,623 - INFO - ***RR NOT FOUND***
2025-03-05 09:57:01,625 - INFO - Iteracja 2: condition_best: average_temperature <= 76.00, quality_best: 0.669, coverage_best: (p=23, n=5, P=24, N=31)
2025-03-05 09:57:01,625 - INFO - Regula po iteracji 2: IF average_temperature >= 50.00 AND average_temperature >= 52.50 AND average_temperature <= 76.00 THEN class = {26.43} [17.76, 35.11], (p=23, n=5, P=24, N=31)
2025-03-05 09:57:01,625 - INFO - *****GROWING RR RULE*****
2025-03-05 09:57:01,754 - INFO - Iteracja 0: condition_best: None, quality_best: -inf, coverage_best: (p=0, n=0, P=0, N=0), p_value: 0
2025-03-05 09:57:01,755 - INFO - Regula po iteracji 0: IF  THEN class = {43.28} [19.49, 67.06], (p=39, n=16, P=39, N=16)
2025-03-05 09:57:01,755 - INFO - *****STOP GROWING RR RULE*****
2025-03-05 09:57:01,755 - INFO - ***RR NOT FOUND***
2025-03-05 09:57:01,757 - INFO - Iteracja 3: condition_best: average_temperature <= 74.50, quality_best: 0.618, coverage_best: (p=21, n=5, P=24, N=31)
2025-03-05 09:57:01,757 - INFO - Regula po iteracji 3: IF average_temperature >= 50.00 AND average_temperature >= 52.50 AND average_temperature <= 76.00 AND average_temperature <= 74.50 THEN class = {26.60} [17.62, 35.58], (p=21, n=5, P=24, N=31)
2025-03-05 09:57:01,757 - INFO - *****GROWING RR RULE*****
2025-03-05 09:57:01,886 - INFO - Iteracja 0: condition_best: None, quality_best: -inf, coverage_best: (p=0, n=0, P=0, N=0), p_value: 0
2025-03-05 09:57:01,886 - INFO - Regula po iteracji 0: IF  THEN class = {43.28} [19.49, 67.06], (p=39, n=16, P=39, N=16)
2025-03-05 09:57:01,886 - INFO - *****STOP GROWING RR RULE*****
2025-03-05 09:57:01,886 - INFO - ***RR NOT FOUND***
2025-03-05 09:57:01,888 - INFO - Iteracja 4: condition_best: average_temperature <= 71.50, quality_best: 0.576, coverage_best: (p=16, n=4, P=22, N=33)
2025-03-05 09:57:01,888 - INFO - Regula po iteracji 4: IF average_temperature >= 50.00 AND average_temperature >= 52.50 AND average_temperature <= 76.00 AND average_temperature <= 74.50 AND average_temperature <= 71.50 THEN class = {28.23} [19.15, 37.31], (p=16, n=4, P=22, N=33)
2025-03-05 09:57:01,888 - INFO - *****GROWING RR RULE*****
2025-03-05 09:57:02,015 - INFO - Iteracja 0: condition_best: None, quality_best: -inf, coverage_best: (p=0, n=0, P=0, N=0), p_value: 0
2025-03-05 09:57:02,015 - INFO - Regula po iteracji 0: IF  THEN class = {43.28} [19.49, 67.06], (p=39, n=16, P=39, N=16)
2025-03-05 09:57:02,015 - INFO - *****STOP GROWING RR RULE*****
2025-03-05 09:57:02,015 - INFO - ***RR NOT FOUND***
2025-03-05 09:57:02,015 - INFO - *******STOP GROWING CR RULE*******
2025-03-05 09:57:02,016 - INFO - *******GROWING CR RULE*******
2025-03-05 09:57:02,020 - INFO - Iteracja 0: condition_best: average_temperature <= 34.50, quality_best: 0.654, coverage_best: (p=5, n=1, P=8, N=47)
2025-03-05 09:57:02,020 - INFO - Regula po iteracji 0: IF average_temperature <= 34.50 THEN class = {85.97} [70.23, 101.71], (p=5, n=1, P=8, N=47)
2025-03-05 09:57:02,020 - INFO - *****GROWING RR RULE*****
2025-03-05 09:57:02,140 - INFO - Iteracja 0: condition_best: None, quality_best: -inf, coverage_best: (p=0, n=0, P=0, N=0), p_value: 0
2025-03-05 09:57:02,140 - INFO - Regula po iteracji 0: IF  THEN class = {43.28} [19.49, 67.06], (p=39, n=16, P=39, N=16)
2025-03-05 09:57:02,140 - INFO - *****STOP GROWING RR RULE*****
2025-03-05 09:57:02,140 - INFO - ***RR NOT FOUND***
2025-03-05 09:57:02,141 - INFO - Iteracja 1: condition_best: average_temperature >= 25.00, quality_best: 0.218, coverage_best: (p=2, n=3, P=6, N=49)
2025-03-05 09:57:02,141 - INFO - Regula po iteracji 1: IF average_temperature <= 34.50 AND average_temperature >= 25.00 THEN class = {82.90} [67.38, 98.42], (p=2, n=3, P=6, N=49)
2025-03-05 09:57:02,141 - INFO - *****GROWING RR RULE*****
2025-03-05 09:57:02,259 - INFO - Iteracja 0: condition_best: None, quality_best: -inf, coverage_best: (p=0, n=0, P=0, N=0), p_value: 0
2025-03-05 09:57:02,259 - INFO - Regula po iteracji 0: IF  THEN class = {43.28} [19.49, 67.06], (p=39, n=16, P=39, N=16)
2025-03-05 09:57:02,259 - INFO - *****STOP GROWING RR RULE*****
2025-03-05 09:57:02,259 - INFO - ***RR NOT FOUND***
2025-03-05 09:57:02,260 - INFO - Iteracja 2: condition_best: None, quality_best: -inf, coverage_best: (p=0, n=0, P=0, N=0)
2025-03-05 09:57:02,260 - INFO - Regula po iteracji 2: IF average_temperature <= 34.50 AND average_temperature >= 25.00 THEN class = {82.90} [67.38, 98.42], (p=2, n=3, P=6, N=49)
2025-03-05 09:57:02,260 - INFO - *******STOP GROWING CR RULE*******
2025-03-05 09:57:02,260 - INFO - *******GROWING CR RULE*******
2025-03-05 09:57:02,264 - INFO - Iteracja 0: condition_best: average_temperature <= 55.50, quality_best: 0.554, coverage_best: (p=21, n=8, P=21, N=34)
2025-03-05 09:57:02,264 - INFO - Regula po iteracji 0: IF average_temperature <= 55.50 THEN class = {60.85} [40.92, 80.77], (p=21, n=8, P=21, N=34)
2025-03-05 09:57:02,264 - INFO - *****GROWING RR RULE*****
2025-03-05 09:57:02,392 - INFO - Iteracja 0: condition_best: None, quality_best: -inf, coverage_best: (p=0, n=0, P=0, N=0), p_value: 0
2025-03-05 09:57:02,393 - INFO - Regula po iteracji 0: IF  THEN class = {43.28} [19.49, 67.06], (p=39, n=16, P=39, N=16)
2025-03-05 09:57:02,393 - INFO - *****STOP GROWING RR RULE*****
2025-03-05 09:57:02,393 - INFO - ***RR NOT FOUND***
2025-03-05 09:57:02,395 - INFO - Iteracja 1: condition_best: average_temperature >= 40.00, quality_best: 0.736, coverage_best: (p=13, n=2, P=16, N=39)
2025-03-05 09:57:02,395 - INFO - Regula po iteracji 1: IF average_temperature <= 55.50 AND average_temperature >= 40.00 THEN class = {48.31} [35.84, 60.78], (p=13, n=2, P=16, N=39)
2025-03-05 09:57:02,395 - INFO - *****GROWING RR RULE*****
2025-03-05 09:57:02,520 - INFO - Iteracja 0: condition_best: None, quality_best: -inf, coverage_best: (p=0, n=0, P=0, N=0), p_value: 0
2025-03-05 09:57:02,520 - INFO - Regula po iteracji 0: IF  THEN class = {43.28} [19.49, 67.06], (p=39, n=16, P=39, N=16)
2025-03-05 09:57:02,520 - INFO - *****STOP GROWING RR RULE*****
2025-03-05 09:57:02,520 - INFO - ***RR NOT FOUND***
2025-03-05 09:57:02,522 - INFO - Iteracja 2: condition_best: average_temperature >= 41.50, quality_best: 0.666, coverage_best: (p=10, n=2, P=14, N=41)
2025-03-05 09:57:02,522 - INFO - Regula po iteracji 2: IF average_temperature <= 55.50 AND average_temperature >= 40.00 AND average_temperature >= 41.50 THEN class = {45.75} [35.30, 56.20], (p=10, n=2, P=14, N=41)
2025-03-05 09:57:02,522 - INFO - *****GROWING RR RULE*****
2025-03-05 09:57:02,644 - INFO - Iteracja 0: condition_best: None, quality_best: -inf, coverage_best: (p=0, n=0, P=0, N=0), p_value: 0
2025-03-05 09:57:02,644 - INFO - Regula po iteracji 0: IF  THEN class = {43.28} [19.49, 67.06], (p=39, n=16, P=39, N=16)
2025-03-05 09:57:02,644 - INFO - *****STOP GROWING RR RULE*****
2025-03-05 09:57:02,644 - INFO - ***RR NOT FOUND***
2025-03-05 09:57:02,646 - INFO - Iteracja 3: condition_best: average_temperature >= 42.50, quality_best: 0.621, coverage_best: (p=9, n=2, P=14, N=41)
2025-03-05 09:57:02,646 - INFO - Regula po iteracji 3: IF average_temperature <= 55.50 AND average_temperature >= 40.00 AND average_temperature >= 41.50 AND average_temperature >= 42.50 THEN class = {46.40} [35.72, 57.08], (p=9, n=2, P=14, N=41)
2025-03-05 09:57:02,646 - INFO - *****GROWING RR RULE*****
2025-03-05 09:57:02,768 - INFO - Iteracja 0: condition_best: None, quality_best: -inf, coverage_best: (p=0, n=0, P=0, N=0), p_value: 0
2025-03-05 09:57:02,768 - INFO - Regula po iteracji 0: IF  THEN class = {43.28} [19.49, 67.06], (p=39, n=16, P=39, N=16)
2025-03-05 09:57:02,768 - INFO - *****STOP GROWING RR RULE*****
2025-03-05 09:57:02,768 - INFO - ***RR NOT FOUND***
2025-03-05 09:57:02,770 - INFO - Iteracja 4: condition_best: average_temperature >= 44.00, quality_best: 0.596, coverage_best: (p=8, n=2, P=13, N=42)
2025-03-05 09:57:02,770 - INFO - Regula po iteracji 4: IF average_temperature <= 55.50 AND average_temperature >= 40.00 AND average_temperature >= 41.50 AND average_temperature >= 42.50 AND average_temperature >= 44.00 THEN class = {45.07} [34.77, 55.36], (p=8, n=2, P=13, N=42)
2025-03-05 09:57:02,770 - INFO - *****GROWING RR RULE*****
2025-03-05 09:57:02,892 - INFO - Iteracja 0: condition_best: None, quality_best: -inf, coverage_best: (p=0, n=0, P=0, N=0), p_value: 0
2025-03-05 09:57:02,892 - INFO - Regula po iteracji 0: IF  THEN class = {43.28} [19.49, 67.06], (p=39, n=16, P=39, N=16)
2025-03-05 09:57:02,892 - INFO - *****STOP GROWING RR RULE*****
2025-03-05 09:57:02,892 - INFO - ***RR NOT FOUND***
2025-03-05 09:57:02,892 - INFO - *******STOP GROWING CR RULE*******
2025-03-05 09:57:02,893 - INFO - *******GROWING CR RULE*******
2025-03-05 09:57:02,897 - INFO - Iteracja 0: condition_best: average_temperature <= 55.50, quality_best: 0.554, coverage_best: (p=21, n=8, P=21, N=34)
2025-03-05 09:57:02,897 - INFO - Regula po iteracji 0: IF average_temperature <= 55.50 THEN class = {60.85} [40.92, 80.77], (p=21, n=8, P=21, N=34)
2025-03-05 09:57:02,898 - INFO - *****GROWING RR RULE*****
2025-03-05 09:57:03,025 - INFO - Iteracja 0: condition_best: None, quality_best: -inf, coverage_best: (p=0, n=0, P=0, N=0), p_value: 0
2025-03-05 09:57:03,026 - INFO - Regula po iteracji 0: IF  THEN class = {43.28} [19.49, 67.06], (p=39, n=16, P=39, N=16)
2025-03-05 09:57:03,026 - INFO - *****STOP GROWING RR RULE*****
2025-03-05 09:57:03,026 - INFO - ***RR NOT FOUND***
2025-03-05 09:57:03,028 - INFO - Iteracja 1: condition_best: average_temperature >= 35.50, quality_best: 0.672, coverage_best: (p=17, n=4, P=19, N=36)
2025-03-05 09:57:03,028 - INFO - Regula po iteracji 1: IF average_temperature <= 55.50 AND average_temperature >= 35.50 THEN class = {52.20} [38.47, 65.94], (p=17, n=4, P=19, N=36)
2025-03-05 09:57:03,028 - INFO - *****GROWING RR RULE*****
2025-03-05 09:57:03,155 - INFO - Iteracja 0: condition_best: None, quality_best: -inf, coverage_best: (p=0, n=0, P=0, N=0), p_value: 0
2025-03-05 09:57:03,155 - INFO - Regula po iteracji 0: IF  THEN class = {43.28} [19.49, 67.06], (p=39, n=16, P=39, N=16)
2025-03-05 09:57:03,155 - INFO - *****STOP GROWING RR RULE*****
2025-03-05 09:57:03,155 - INFO - ***RR NOT FOUND***
2025-03-05 09:57:03,157 - INFO - Iteracja 2: condition_best: average_temperature >= 36.50, quality_best: 0.64, coverage_best: (p=16, n=4, P=19, N=36)
2025-03-05 09:57:03,157 - INFO - Regula po iteracji 2: IF average_temperature <= 55.50 AND average_temperature >= 35.50 AND average_temperature >= 36.50 THEN class = {52.19} [38.12, 66.27], (p=16, n=4, P=19, N=36)
2025-03-05 09:57:03,157 - INFO - *****GROWING RR RULE*****
2025-03-05 09:57:03,282 - INFO - Iteracja 0: condition_best: None, quality_best: -inf, coverage_best: (p=0, n=0, P=0, N=0), p_value: 0
2025-03-05 09:57:03,282 - INFO - Regula po iteracji 0: IF  THEN class = {43.28} [19.49, 67.06], (p=39, n=16, P=39, N=16)
2025-03-05 09:57:03,283 - INFO - *****STOP GROWING RR RULE*****
2025-03-05 09:57:03,283 - INFO - ***RR NOT FOUND***
2025-03-05 09:57:03,284 - INFO - Iteracja 3: condition_best: average_temperature <= 52.50, quality_best: 0.544, coverage_best: (p=12, n=4, P=17, N=38)
2025-03-05 09:57:03,285 - INFO - Regula po iteracji 3: IF average_temperature <= 55.50 AND average_temperature >= 35.50 AND average_temperature >= 36.50 AND average_temperature <= 52.50 THEN class = {55.28} [42.73, 67.83], (p=12, n=4, P=17, N=38)
2025-03-05 09:57:03,285 - INFO - *****GROWING RR RULE*****
2025-03-05 09:57:03,410 - INFO - Iteracja 0: condition_best: None, quality_best: -inf, coverage_best: (p=0, n=0, P=0, N=0), p_value: 0
2025-03-05 09:57:03,410 - INFO - Regula po iteracji 0: IF  THEN class = {43.28} [19.49, 67.06], (p=39, n=16, P=39, N=16)
2025-03-05 09:57:03,410 - INFO - *****STOP GROWING RR RULE*****
2025-03-05 09:57:03,410 - INFO - ***RR NOT FOUND***
2025-03-05 09:57:03,412 - INFO - Iteracja 4: condition_best: average_temperature <= 50.00, quality_best: 0.506, coverage_best: (p=11, n=4, P=17, N=38)
2025-03-05 09:57:03,412 - INFO - Regula po iteracji 4: IF average_temperature <= 55.50 AND average_temperature >= 35.50 AND average_temperature >= 36.50 AND average_temperature <= 52.50 AND average_temperature <= 50.00 THEN class = {55.31} [42.35, 68.27], (p=11, n=4, P=17, N=38)
2025-03-05 09:57:03,413 - INFO - *****GROWING RR RULE*****
2025-03-05 09:57:03,536 - INFO - Iteracja 0: condition_best: None, quality_best: -inf, coverage_best: (p=0, n=0, P=0, N=0), p_value: 0
2025-03-05 09:57:03,537 - INFO - Regula po iteracji 0: IF  THEN class = {43.28} [19.49, 67.06], (p=39, n=16, P=39, N=16)
2025-03-05 09:57:03,537 - INFO - *****STOP GROWING RR RULE*****
2025-03-05 09:57:03,537 - INFO - ***RR NOT FOUND***
2025-03-05 09:57:03,537 - INFO - *******STOP GROWING CR RULE*******
2025-03-05 09:57:03,538 - INFO - *******GROWING CR RULE*******
2025-03-05 09:57:03,542 - INFO - Iteracja 0: condition_best: average_temperature <= 29.00, quality_best: 1.0, coverage_best: (p=2, n=0, P=2, N=53)
2025-03-05 09:57:03,542 - INFO - Regula po iteracji 0: IF average_temperature <= 29.00 THEN class = {100.48} [99.67, 101.30], (p=2, n=0, P=2, N=53)
2025-03-05 09:57:03,542 - INFO - *****GROWING RR RULE*****
2025-03-05 09:57:03,659 - INFO - Iteracja 0: condition_best: None, quality_best: -inf, coverage_best: (p=0, n=0, P=0, N=0), p_value: 0
2025-03-05 09:57:03,660 - INFO - Regula po iteracji 0: IF  THEN class = {43.28} [19.49, 67.06], (p=39, n=16, P=39, N=16)
2025-03-05 09:57:03,660 - INFO - *****STOP GROWING RR RULE*****
2025-03-05 09:57:03,660 - INFO - ***RR NOT FOUND***
2025-03-05 09:57:03,660 - INFO - Iteracja 1: condition_best: month = {1}, quality_best: 1.0, coverage_best: (p=1, n=0, P=1, N=54)
2025-03-05 09:57:03,660 - INFO - Regula po iteracji 1: IF average_temperature <= 29.00 AND month = {1} THEN class = {101.30} [101.30, 101.30], (p=1, n=0, P=1, N=54)
2025-03-05 09:57:03,660 - INFO - *****GROWING RR RULE*****
2025-03-05 09:57:03,776 - INFO - Iteracja 0: condition_best: None, quality_best: -inf, coverage_best: (p=0, n=0, P=0, N=0), p_value: 0
2025-03-05 09:57:03,776 - INFO - Regula po iteracji 0: IF  THEN class = {43.28} [19.49, 67.06], (p=39, n=16, P=39, N=16)
2025-03-05 09:57:03,776 - INFO - *****STOP GROWING RR RULE*****
2025-03-05 09:57:03,776 - INFO - ***RR NOT FOUND***
2025-03-05 09:57:03,776 - INFO - Iteracja 2: condition_best: None, quality_best: -inf, coverage_best: (p=0, n=0, P=0, N=0)
2025-03-05 09:57:03,776 - INFO - Regula po iteracji 2: IF average_temperature <= 29.00 AND month = {1} THEN class = {101.30} [101.30, 101.30], (p=1, n=0, P=1, N=54)
2025-03-05 09:57:03,776 - INFO - *******STOP GROWING CR RULE*******
2025-03-05 09:57:03,779 - INFO - ************************Finished experiment for elusage.arff with algorithm3************************
2025-03-05 09:57:03,779 - INFO - *************************************************************************************************************************
2025-03-05 09:57:03,779 - INFO - *************************************************************************************************************************
2025-03-05 09:57:03,779 - INFO - *************************************************************************************************************************
2025-03-05 09:57:03,780 - INFO - **********Starting experiment for elusage.arff with algorithm4**********
2025-03-05 09:57:03,783 - INFO - *******GROWING CR RULE*******
2025-03-05 09:57:03,789 - INFO - Iteracja 0: condition_best: average_temperature >= 50.00, quality_best: 0.694, coverage_best: (p=26, n=5, P=26, N=29)
2025-03-05 09:57:03,789 - INFO - Regula po iteracji 0: IF average_temperature >= 50.00 THEN class = {26.77} [16.81, 36.73], (p=26, n=5, P=26, N=29)
2025-03-05 09:57:03,789 - INFO - *****GROWING RR RULE*****
2025-03-05 09:57:03,797 - INFO - Iteracja 0: condition_best: None, quality_best: -inf, coverage_best: (p=0, n=0, P=0, N=0), p_value: 0
2025-03-05 09:57:03,797 - INFO - Regula po iteracji 0: IF  THEN class = {43.28} [19.49, 67.06], (p=39, n=16, P=39, N=16)
2025-03-05 09:57:03,798 - INFO - *****STOP GROWING RR RULE*****
2025-03-05 09:57:03,798 - INFO - ***RR NOT FOUND***
2025-03-05 09:57:03,800 - INFO - Iteracja 1: condition_best: average_temperature >= 52.50, quality_best: 0.645, coverage_best: (p=24, n=6, P=24, N=31)
2025-03-05 09:57:03,800 - INFO - Regula po iteracji 1: IF average_temperature >= 50.00 AND average_temperature >= 52.50 THEN class = {25.83} [17.16, 34.51], (p=24, n=6, P=24, N=31)
2025-03-05 09:57:03,800 - INFO - *****GROWING RR RULE*****
2025-03-05 09:57:03,808 - INFO - Iteracja 0: condition_best: None, quality_best: -inf, coverage_best: (p=0, n=0, P=0, N=0), p_value: 0
2025-03-05 09:57:03,808 - INFO - Regula po iteracji 0: IF  THEN class = {43.28} [19.49, 67.06], (p=39, n=16, P=39, N=16)
2025-03-05 09:57:03,808 - INFO - *****STOP GROWING RR RULE*****
2025-03-05 09:57:03,808 - INFO - ***RR NOT FOUND***
2025-03-05 09:57:03,811 - INFO - Iteracja 2: condition_best: average_temperature <= 76.00, quality_best: 0.669, coverage_best: (p=23, n=5, P=24, N=31)
2025-03-05 09:57:03,811 - INFO - Regula po iteracji 2: IF average_temperature >= 50.00 AND average_temperature >= 52.50 AND average_temperature <= 76.00 THEN class = {26.43} [17.76, 35.11], (p=23, n=5, P=24, N=31)
2025-03-05 09:57:03,811 - INFO - *****GROWING RR RULE*****
2025-03-05 09:57:03,819 - INFO - Iteracja 0: condition_best: None, quality_best: -inf, coverage_best: (p=0, n=0, P=0, N=0), p_value: 0
2025-03-05 09:57:03,819 - INFO - Regula po iteracji 0: IF  THEN class = {43.28} [19.49, 67.06], (p=39, n=16, P=39, N=16)
2025-03-05 09:57:03,819 - INFO - *****STOP GROWING RR RULE*****
2025-03-05 09:57:03,819 - INFO - ***RR NOT FOUND***
2025-03-05 09:57:03,821 - INFO - Iteracja 3: condition_best: average_temperature <= 74.50, quality_best: 0.618, coverage_best: (p=21, n=5, P=24, N=31)
2025-03-05 09:57:03,821 - INFO - Regula po iteracji 3: IF average_temperature >= 50.00 AND average_temperature >= 52.50 AND average_temperature <= 76.00 AND average_temperature <= 74.50 THEN class = {26.60} [17.62, 35.58], (p=21, n=5, P=24, N=31)
2025-03-05 09:57:03,822 - INFO - *****GROWING RR RULE*****
2025-03-05 09:57:03,830 - INFO - Iteracja 0: condition_best: None, quality_best: -inf, coverage_best: (p=0, n=0, P=0, N=0), p_value: 0
2025-03-05 09:57:03,830 - INFO - Regula po iteracji 0: IF  THEN class = {43.28} [19.49, 67.06], (p=39, n=16, P=39, N=16)
2025-03-05 09:57:03,830 - INFO - *****STOP GROWING RR RULE*****
2025-03-05 09:57:03,830 - INFO - ***RR NOT FOUND***
2025-03-05 09:57:03,832 - INFO - Iteracja 4: condition_best: average_temperature <= 71.50, quality_best: 0.576, coverage_best: (p=16, n=4, P=22, N=33)
2025-03-05 09:57:03,832 - INFO - Regula po iteracji 4: IF average_temperature >= 50.00 AND average_temperature >= 52.50 AND average_temperature <= 76.00 AND average_temperature <= 74.50 AND average_temperature <= 71.50 THEN class = {28.23} [19.15, 37.31], (p=16, n=4, P=22, N=33)
2025-03-05 09:57:03,832 - INFO - *****GROWING RR RULE*****
2025-03-05 09:57:03,840 - INFO - Iteracja 0: condition_best: None, quality_best: -inf, coverage_best: (p=0, n=0, P=0, N=0), p_value: 0
2025-03-05 09:57:03,841 - INFO - Regula po iteracji 0: IF  THEN class = {43.28} [19.49, 67.06], (p=39, n=16, P=39, N=16)
2025-03-05 09:57:03,841 - INFO - *****STOP GROWING RR RULE*****
2025-03-05 09:57:03,841 - INFO - ***RR NOT FOUND***
2025-03-05 09:57:03,841 - INFO - *******STOP GROWING CR RULE*******
2025-03-05 09:57:03,841 - INFO - *******GROWING CR RULE*******
2025-03-05 09:57:03,845 - INFO - Iteracja 0: condition_best: average_temperature <= 34.50, quality_best: 0.654, coverage_best: (p=5, n=1, P=8, N=47)
2025-03-05 09:57:03,845 - INFO - Regula po iteracji 0: IF average_temperature <= 34.50 THEN class = {85.97} [70.23, 101.71], (p=5, n=1, P=8, N=47)
2025-03-05 09:57:03,845 - INFO - *****GROWING RR RULE*****
2025-03-05 09:57:03,853 - INFO - Iteracja 0: condition_best: None, quality_best: -inf, coverage_best: (p=0, n=0, P=0, N=0), p_value: 0
2025-03-05 09:57:03,854 - INFO - Regula po iteracji 0: IF  THEN class = {43.28} [19.49, 67.06], (p=39, n=16, P=39, N=16)
2025-03-05 09:57:03,854 - INFO - *****STOP GROWING RR RULE*****
2025-03-05 09:57:03,854 - INFO - ***RR NOT FOUND***
2025-03-05 09:57:03,854 - INFO - Iteracja 1: condition_best: average_temperature >= 25.00, quality_best: 0.218, coverage_best: (p=2, n=3, P=6, N=49)
2025-03-05 09:57:03,854 - INFO - Regula po iteracji 1: IF average_temperature <= 34.50 AND average_temperature >= 25.00 THEN class = {82.90} [67.38, 98.42], (p=2, n=3, P=6, N=49)
2025-03-05 09:57:03,855 - INFO - *****GROWING RR RULE*****
2025-03-05 09:57:03,863 - INFO - Iteracja 0: condition_best: None, quality_best: -inf, coverage_best: (p=0, n=0, P=0, N=0), p_value: 0
2025-03-05 09:57:03,863 - INFO - Regula po iteracji 0: IF  THEN class = {43.28} [19.49, 67.06], (p=39, n=16, P=39, N=16)
2025-03-05 09:57:03,863 - INFO - *****STOP GROWING RR RULE*****
2025-03-05 09:57:03,863 - INFO - ***RR NOT FOUND***
2025-03-05 09:57:03,863 - INFO - Iteracja 2: condition_best: None, quality_best: -inf, coverage_best: (p=0, n=0, P=0, N=0)
2025-03-05 09:57:03,863 - INFO - Regula po iteracji 2: IF average_temperature <= 34.50 AND average_temperature >= 25.00 THEN class = {82.90} [67.38, 98.42], (p=2, n=3, P=6, N=49)
2025-03-05 09:57:03,864 - INFO - *******STOP GROWING CR RULE*******
2025-03-05 09:57:03,864 - INFO - *******GROWING CR RULE*******
2025-03-05 09:57:03,868 - INFO - Iteracja 0: condition_best: average_temperature <= 55.50, quality_best: 0.554, coverage_best: (p=21, n=8, P=21, N=34)
2025-03-05 09:57:03,868 - INFO - Regula po iteracji 0: IF average_temperature <= 55.50 THEN class = {60.85} [40.92, 80.77], (p=21, n=8, P=21, N=34)
2025-03-05 09:57:03,868 - INFO - *****GROWING RR RULE*****
2025-03-05 09:57:03,876 - INFO - Iteracja 0: condition_best: None, quality_best: -inf, coverage_best: (p=0, n=0, P=0, N=0), p_value: 0
2025-03-05 09:57:03,876 - INFO - Regula po iteracji 0: IF  THEN class = {43.28} [19.49, 67.06], (p=39, n=16, P=39, N=16)
2025-03-05 09:57:03,876 - INFO - *****STOP GROWING RR RULE*****
2025-03-05 09:57:03,876 - INFO - ***RR NOT FOUND***
2025-03-05 09:57:03,879 - INFO - Iteracja 1: condition_best: average_temperature >= 40.00, quality_best: 0.736, coverage_best: (p=13, n=2, P=16, N=39)
2025-03-05 09:57:03,879 - INFO - Regula po iteracji 1: IF average_temperature <= 55.50 AND average_temperature >= 40.00 THEN class = {48.31} [35.84, 60.78], (p=13, n=2, P=16, N=39)
2025-03-05 09:57:03,879 - INFO - *****GROWING RR RULE*****
2025-03-05 09:57:03,887 - INFO - Iteracja 0: condition_best: None, quality_best: -inf, coverage_best: (p=0, n=0, P=0, N=0), p_value: 0
2025-03-05 09:57:03,887 - INFO - Regula po iteracji 0: IF  THEN class = {43.28} [19.49, 67.06], (p=39, n=16, P=39, N=16)
2025-03-05 09:57:03,887 - INFO - *****STOP GROWING RR RULE*****
2025-03-05 09:57:03,887 - INFO - ***RR NOT FOUND***
2025-03-05 09:57:03,889 - INFO - Iteracja 2: condition_best: average_temperature >= 41.50, quality_best: 0.666, coverage_best: (p=10, n=2, P=14, N=41)
2025-03-05 09:57:03,889 - INFO - Regula po iteracji 2: IF average_temperature <= 55.50 AND average_temperature >= 40.00 AND average_temperature >= 41.50 THEN class = {45.75} [35.30, 56.20], (p=10, n=2, P=14, N=41)
2025-03-05 09:57:03,889 - INFO - *****GROWING RR RULE*****
2025-03-05 09:57:03,897 - INFO - Iteracja 0: condition_best: None, quality_best: -inf, coverage_best: (p=0, n=0, P=0, N=0), p_value: 0
2025-03-05 09:57:03,897 - INFO - Regula po iteracji 0: IF  THEN class = {43.28} [19.49, 67.06], (p=39, n=16, P=39, N=16)
2025-03-05 09:57:03,897 - INFO - *****STOP GROWING RR RULE*****
2025-03-05 09:57:03,897 - INFO - ***RR NOT FOUND***
2025-03-05 09:57:03,899 - INFO - Iteracja 3: condition_best: average_temperature >= 42.50, quality_best: 0.621, coverage_best: (p=9, n=2, P=14, N=41)
2025-03-05 09:57:03,899 - INFO - Regula po iteracji 3: IF average_temperature <= 55.50 AND average_temperature >= 40.00 AND average_temperature >= 41.50 AND average_temperature >= 42.50 THEN class = {46.40} [35.72, 57.08], (p=9, n=2, P=14, N=41)
2025-03-05 09:57:03,899 - INFO - *****GROWING RR RULE*****
2025-03-05 09:57:03,907 - INFO - Iteracja 0: condition_best: None, quality_best: -inf, coverage_best: (p=0, n=0, P=0, N=0), p_value: 0
2025-03-05 09:57:03,907 - INFO - Regula po iteracji 0: IF  THEN class = {43.28} [19.49, 67.06], (p=39, n=16, P=39, N=16)
2025-03-05 09:57:03,907 - INFO - *****STOP GROWING RR RULE*****
2025-03-05 09:57:03,907 - INFO - ***RR NOT FOUND***
2025-03-05 09:57:03,908 - INFO - Iteracja 4: condition_best: average_temperature >= 44.00, quality_best: 0.596, coverage_best: (p=8, n=2, P=13, N=42)
2025-03-05 09:57:03,908 - INFO - Regula po iteracji 4: IF average_temperature <= 55.50 AND average_temperature >= 40.00 AND average_temperature >= 41.50 AND average_temperature >= 42.50 AND average_temperature >= 44.00 THEN class = {45.07} [34.77, 55.36], (p=8, n=2, P=13, N=42)
2025-03-05 09:57:03,909 - INFO - *****GROWING RR RULE*****
2025-03-05 09:57:03,917 - INFO - Iteracja 0: condition_best: None, quality_best: -inf, coverage_best: (p=0, n=0, P=0, N=0), p_value: 0
2025-03-05 09:57:03,917 - INFO - Regula po iteracji 0: IF  THEN class = {43.28} [19.49, 67.06], (p=39, n=16, P=39, N=16)
2025-03-05 09:57:03,917 - INFO - *****STOP GROWING RR RULE*****
2025-03-05 09:57:03,917 - INFO - ***RR NOT FOUND***
2025-03-05 09:57:03,917 - INFO - *******STOP GROWING CR RULE*******
2025-03-05 09:57:03,918 - INFO - *******GROWING CR RULE*******
2025-03-05 09:57:03,922 - INFO - Iteracja 0: condition_best: average_temperature <= 55.50, quality_best: 0.554, coverage_best: (p=21, n=8, P=21, N=34)
2025-03-05 09:57:03,922 - INFO - Regula po iteracji 0: IF average_temperature <= 55.50 THEN class = {60.85} [40.92, 80.77], (p=21, n=8, P=21, N=34)
2025-03-05 09:57:03,922 - INFO - *****GROWING RR RULE*****
2025-03-05 09:57:03,930 - INFO - Iteracja 0: condition_best: None, quality_best: -inf, coverage_best: (p=0, n=0, P=0, N=0), p_value: 0
2025-03-05 09:57:03,930 - INFO - Regula po iteracji 0: IF  THEN class = {43.28} [19.49, 67.06], (p=39, n=16, P=39, N=16)
2025-03-05 09:57:03,930 - INFO - *****STOP GROWING RR RULE*****
2025-03-05 09:57:03,930 - INFO - ***RR NOT FOUND***
2025-03-05 09:57:03,933 - INFO - Iteracja 1: condition_best: average_temperature >= 35.50, quality_best: 0.672, coverage_best: (p=17, n=4, P=19, N=36)
2025-03-05 09:57:03,933 - INFO - Regula po iteracji 1: IF average_temperature <= 55.50 AND average_temperature >= 35.50 THEN class = {52.20} [38.47, 65.94], (p=17, n=4, P=19, N=36)
2025-03-05 09:57:03,933 - INFO - *****GROWING RR RULE*****
2025-03-05 09:57:03,941 - INFO - Iteracja 0: condition_best: None, quality_best: -inf, coverage_best: (p=0, n=0, P=0, N=0), p_value: 0
2025-03-05 09:57:03,941 - INFO - Regula po iteracji 0: IF  THEN class = {43.28} [19.49, 67.06], (p=39, n=16, P=39, N=16)
2025-03-05 09:57:03,941 - INFO - *****STOP GROWING RR RULE*****
2025-03-05 09:57:03,941 - INFO - ***RR NOT FOUND***
2025-03-05 09:57:03,943 - INFO - Iteracja 2: condition_best: average_temperature >= 36.50, quality_best: 0.64, coverage_best: (p=16, n=4, P=19, N=36)
2025-03-05 09:57:03,943 - INFO - Regula po iteracji 2: IF average_temperature <= 55.50 AND average_temperature >= 35.50 AND average_temperature >= 36.50 THEN class = {52.19} [38.12, 66.27], (p=16, n=4, P=19, N=36)
2025-03-05 09:57:03,943 - INFO - *****GROWING RR RULE*****
2025-03-05 09:57:03,951 - INFO - Iteracja 0: condition_best: None, quality_best: -inf, coverage_best: (p=0, n=0, P=0, N=0), p_value: 0
2025-03-05 09:57:03,951 - INFO - Regula po iteracji 0: IF  THEN class = {43.28} [19.49, 67.06], (p=39, n=16, P=39, N=16)
2025-03-05 09:57:03,951 - INFO - *****STOP GROWING RR RULE*****
2025-03-05 09:57:03,951 - INFO - ***RR NOT FOUND***
2025-03-05 09:57:03,953 - INFO - Iteracja 3: condition_best: average_temperature <= 52.50, quality_best: 0.544, coverage_best: (p=12, n=4, P=17, N=38)
2025-03-05 09:57:03,953 - INFO - Regula po iteracji 3: IF average_temperature <= 55.50 AND average_temperature >= 35.50 AND average_temperature >= 36.50 AND average_temperature <= 52.50 THEN class = {55.28} [42.73, 67.83], (p=12, n=4, P=17, N=38)
2025-03-05 09:57:03,954 - INFO - *****GROWING RR RULE*****
2025-03-05 09:57:03,961 - INFO - Iteracja 0: condition_best: None, quality_best: -inf, coverage_best: (p=0, n=0, P=0, N=0), p_value: 0
2025-03-05 09:57:03,962 - INFO - Regula po iteracji 0: IF  THEN class = {43.28} [19.49, 67.06], (p=39, n=16, P=39, N=16)
2025-03-05 09:57:03,962 - INFO - *****STOP GROWING RR RULE*****
2025-03-05 09:57:03,962 - INFO - ***RR NOT FOUND***
2025-03-05 09:57:03,963 - INFO - Iteracja 4: condition_best: average_temperature <= 50.00, quality_best: 0.506, coverage_best: (p=11, n=4, P=17, N=38)
2025-03-05 09:57:03,964 - INFO - Regula po iteracji 4: IF average_temperature <= 55.50 AND average_temperature >= 35.50 AND average_temperature >= 36.50 AND average_temperature <= 52.50 AND average_temperature <= 50.00 THEN class = {55.31} [42.35, 68.27], (p=11, n=4, P=17, N=38)
2025-03-05 09:57:03,964 - INFO - *****GROWING RR RULE*****
2025-03-05 09:57:03,972 - INFO - Iteracja 0: condition_best: None, quality_best: -inf, coverage_best: (p=0, n=0, P=0, N=0), p_value: 0
2025-03-05 09:57:03,972 - INFO - Regula po iteracji 0: IF  THEN class = {43.28} [19.49, 67.06], (p=39, n=16, P=39, N=16)
2025-03-05 09:57:03,972 - INFO - *****STOP GROWING RR RULE*****
2025-03-05 09:57:03,972 - INFO - ***RR NOT FOUND***
2025-03-05 09:57:03,972 - INFO - *******STOP GROWING CR RULE*******
2025-03-05 09:57:03,973 - INFO - *******GROWING CR RULE*******
2025-03-05 09:57:03,977 - INFO - Iteracja 0: condition_best: average_temperature <= 29.00, quality_best: 1.0, coverage_best: (p=2, n=0, P=2, N=53)
2025-03-05 09:57:03,977 - INFO - Regula po iteracji 0: IF average_temperature <= 29.00 THEN class = {100.48} [99.67, 101.30], (p=2, n=0, P=2, N=53)
2025-03-05 09:57:03,977 - INFO - *****GROWING RR RULE*****
2025-03-05 09:57:03,985 - INFO - Iteracja 0: condition_best: None, quality_best: -inf, coverage_best: (p=0, n=0, P=0, N=0), p_value: 0
2025-03-05 09:57:03,985 - INFO - Regula po iteracji 0: IF  THEN class = {43.28} [19.49, 67.06], (p=39, n=16, P=39, N=16)
2025-03-05 09:57:03,985 - INFO - *****STOP GROWING RR RULE*****
2025-03-05 09:57:03,985 - INFO - ***RR NOT FOUND***
2025-03-05 09:57:03,986 - INFO - Iteracja 1: condition_best: month = {1}, quality_best: 1.0, coverage_best: (p=1, n=0, P=1, N=54)
2025-03-05 09:57:03,986 - INFO - Regula po iteracji 1: IF average_temperature <= 29.00 AND month = {1} THEN class = {101.30} [101.30, 101.30], (p=1, n=0, P=1, N=54)
2025-03-05 09:57:03,986 - INFO - *****GROWING RR RULE*****
2025-03-05 09:57:03,994 - INFO - Iteracja 0: condition_best: None, quality_best: -inf, coverage_best: (p=0, n=0, P=0, N=0), p_value: 0
2025-03-05 09:57:03,994 - INFO - Regula po iteracji 0: IF  THEN class = {43.28} [19.49, 67.06], (p=39, n=16, P=39, N=16)
2025-03-05 09:57:03,994 - INFO - *****STOP GROWING RR RULE*****
2025-03-05 09:57:03,994 - INFO - ***RR NOT FOUND***
2025-03-05 09:57:03,994 - INFO - Iteracja 2: condition_best: None, quality_best: -inf, coverage_best: (p=0, n=0, P=0, N=0)
2025-03-05 09:57:03,994 - INFO - Regula po iteracji 2: IF average_temperature <= 29.00 AND month = {1} THEN class = {101.30} [101.30, 101.30], (p=1, n=0, P=1, N=54)
2025-03-05 09:57:03,994 - INFO - *******STOP GROWING CR RULE*******
2025-03-05 09:57:03,997 - INFO - ************************Finished experiment for elusage.arff with algorithm4************************
2025-03-05 09:57:03,997 - INFO - *************************************************************************************************************************
2025-03-05 09:57:03,997 - INFO - *************************************************************************************************************************
2025-03-05 09:57:03,997 - INFO - *************************************************************************************************************************
