2025-03-05 09:41:05,747 - INFO - **********Starting experiment for 01_BHS.arff with algorithm3**********
2025-03-05 09:41:05,753 - INFO - *******GROWING CR RULE*******
2025-03-05 09:41:06,272 - INFO - Iteracja 0: condition_best: AGE <= 54.70, quality_best: 1.0, coverage_best: (p=56, n=0, P=75, N=0)
2025-03-05 09:41:06,276 - INFO - Regula po iteracji 0: IF AGE <= 54.70 THEN survival_status = {nan}, (p=56, n=0, P=75, N=0)
2025-03-05 09:41:06,276 - INFO - *****GROWING RR RULE*****
2025-03-05 09:41:07,309 - INFO - Iteracja 0: condition_best: None, quality_best: -inf, coverage_best: (p=0, n=0, P=0, N=0), p_value: 0
2025-03-05 09:41:07,313 - INFO - Regula po iteracji 0: IF  THEN survival_status = {nan}, (p=75, n=0, P=75, N=0)
2025-03-05 09:41:07,313 - INFO - *****STOP GROWING RR RULE*****
2025-03-05 09:41:07,313 - INFO - ***RR NOT FOUND***
2025-03-05 09:41:07,717 - INFO - Iteracja 1: condition_best: SMOKE <= 3.50, quality_best: 1.0, coverage_best: (p=47, n=0, P=75, N=0)
2025-03-05 09:41:07,720 - INFO - Regula po iteracji 1: IF AGE <= 54.70 AND SMOKE <= 3.50 THEN survival_status = {inf}, (p=47, n=0, P=75, N=0)
2025-03-05 09:41:07,720 - INFO - *****GROWING RR RULE*****
2025-03-05 09:41:08,726 - INFO - Iteracja 0: condition_best: None, quality_best: -inf, coverage_best: (p=0, n=0, P=0, N=0), p_value: 0
2025-03-05 09:41:08,728 - INFO - Regula po iteracji 0: IF  THEN survival_status = {nan}, (p=75, n=0, P=75, N=0)
2025-03-05 09:41:08,728 - INFO - *****STOP GROWING RR RULE*****
2025-03-05 09:41:08,728 - INFO - ***RR NOT FOUND***
2025-03-05 09:41:09,090 - INFO - Iteracja 2: condition_best: AGE >= 21.80, quality_best: 1.0, coverage_best: (p=46, n=0, P=75, N=0)
2025-03-05 09:41:09,093 - INFO - Regula po iteracji 2: IF AGE <= 54.70 AND SMOKE <= 3.50 AND AGE >= 21.80 THEN survival_status = {inf}, (p=46, n=0, P=75, N=0)
2025-03-05 09:41:09,093 - INFO - *****GROWING RR RULE*****
2025-03-05 09:41:10,097 - INFO - Iteracja 0: condition_best: None, quality_best: -inf, coverage_best: (p=0, n=0, P=0, N=0), p_value: 0
2025-03-05 09:41:10,100 - INFO - Regula po iteracji 0: IF  THEN survival_status = {nan}, (p=75, n=0, P=75, N=0)
2025-03-05 09:41:10,100 - INFO - *****STOP GROWING RR RULE*****
2025-03-05 09:41:10,100 - INFO - ***RR NOT FOUND***
2025-03-05 09:41:10,473 - INFO - Iteracja 3: condition_best: AGE >= 22.95, quality_best: 1.0, coverage_best: (p=45, n=0, P=75, N=0)
2025-03-05 09:41:10,476 - INFO - Regula po iteracji 3: IF AGE <= 54.70 AND SMOKE <= 3.50 AND AGE >= 21.80 AND AGE >= 22.95 THEN survival_status = {inf}, (p=45, n=0, P=75, N=0)
2025-03-05 09:41:10,476 - INFO - *****GROWING RR RULE*****
2025-03-05 09:41:11,480 - INFO - Iteracja 0: condition_best: None, quality_best: -inf, coverage_best: (p=0, n=0, P=0, N=0), p_value: 0
2025-03-05 09:41:11,483 - INFO - Regula po iteracji 0: IF  THEN survival_status = {nan}, (p=75, n=0, P=75, N=0)
2025-03-05 09:41:11,483 - INFO - *****STOP GROWING RR RULE*****
2025-03-05 09:41:11,483 - INFO - ***RR NOT FOUND***
2025-03-05 09:41:11,864 - INFO - Iteracja 4: condition_best: AGE >= 24.95, quality_best: 1.0, coverage_best: (p=44, n=0, P=75, N=0)
2025-03-05 09:41:11,867 - INFO - Regula po iteracji 4: IF AGE <= 54.70 AND SMOKE <= 3.50 AND AGE >= 21.80 AND AGE >= 22.95 AND AGE >= 24.95 THEN survival_status = {inf}, (p=44, n=0, P=75, N=0)
2025-03-05 09:41:11,868 - INFO - *****GROWING RR RULE*****
2025-03-05 09:41:12,872 - INFO - Iteracja 0: condition_best: None, quality_best: -inf, coverage_best: (p=0, n=0, P=0, N=0), p_value: 0
2025-03-05 09:41:12,875 - INFO - Regula po iteracji 0: IF  THEN survival_status = {nan}, (p=75, n=0, P=75, N=0)
2025-03-05 09:41:12,875 - INFO - *****STOP GROWING RR RULE*****
2025-03-05 09:41:12,875 - INFO - ***RR NOT FOUND***
2025-03-05 09:41:12,875 - INFO - *******STOP GROWING CR RULE*******
2025-03-05 09:41:12,880 - INFO - *******GROWING CR RULE*******
2025-03-05 09:41:13,247 - INFO - Iteracja 0: condition_best: AGE <= 54.70, quality_best: 1.0, coverage_best: (p=56, n=0, P=75, N=0)
2025-03-05 09:41:13,251 - INFO - Regula po iteracji 0: IF AGE <= 54.70 THEN survival_status = {nan}, (p=56, n=0, P=75, N=0)
2025-03-05 09:41:13,251 - INFO - *****GROWING RR RULE*****
2025-03-05 09:41:14,280 - INFO - Iteracja 0: condition_best: None, quality_best: -inf, coverage_best: (p=0, n=0, P=0, N=0), p_value: 0
2025-03-05 09:41:14,283 - INFO - Regula po iteracji 0: IF  THEN survival_status = {nan}, (p=75, n=0, P=75, N=0)
2025-03-05 09:41:14,283 - INFO - *****STOP GROWING RR RULE*****
2025-03-05 09:41:14,283 - INFO - ***RR NOT FOUND***
2025-03-05 09:41:14,616 - INFO - Iteracja 1: condition_best: DBP >= 48.00, quality_best: 1.0, coverage_best: (p=55, n=0, P=75, N=0)
2025-03-05 09:41:14,619 - INFO - Regula po iteracji 1: IF AGE <= 54.70 AND DBP >= 48.00 THEN survival_status = {inf}, (p=55, n=0, P=75, N=0)
2025-03-05 09:41:14,619 - INFO - *****GROWING RR RULE*****
2025-03-05 09:41:15,651 - INFO - Iteracja 0: condition_best: None, quality_best: -inf, coverage_best: (p=0, n=0, P=0, N=0), p_value: 0
2025-03-05 09:41:15,654 - INFO - Regula po iteracji 0: IF  THEN survival_status = {nan}, (p=75, n=0, P=75, N=0)
2025-03-05 09:41:15,654 - INFO - *****STOP GROWING RR RULE*****
2025-03-05 09:41:15,654 - INFO - ***RR NOT FOUND***
2025-03-05 09:41:16,001 - INFO - Iteracja 2: condition_best: DBP <= 101.50, quality_best: 1.0, coverage_best: (p=51, n=0, P=75, N=0)
2025-03-05 09:41:16,004 - INFO - Regula po iteracji 2: IF AGE <= 54.70 AND DBP >= 48.00 AND DBP <= 101.50 THEN survival_status = {inf}, (p=51, n=0, P=75, N=0)
2025-03-05 09:41:16,004 - INFO - *****GROWING RR RULE*****
2025-03-05 09:41:17,033 - INFO - Iteracja 0: condition_best: None, quality_best: -inf, coverage_best: (p=0, n=0, P=0, N=0), p_value: 0
2025-03-05 09:41:17,036 - INFO - Regula po iteracji 0: IF  THEN survival_status = {nan}, (p=75, n=0, P=75, N=0)
2025-03-05 09:41:17,037 - INFO - *****STOP GROWING RR RULE*****
2025-03-05 09:41:17,037 - INFO - ***RR NOT FOUND***
2025-03-05 09:41:17,382 - INFO - Iteracja 3: condition_best: SBP <= 151.00, quality_best: 1.0, coverage_best: (p=49, n=0, P=75, N=0)
2025-03-05 09:41:17,385 - INFO - Regula po iteracji 3: IF AGE <= 54.70 AND DBP >= 48.00 AND DBP <= 101.50 AND SBP <= 151.00 THEN survival_status = {inf}, (p=49, n=0, P=75, N=0)
2025-03-05 09:41:17,386 - INFO - *****GROWING RR RULE*****
2025-03-05 09:41:18,398 - INFO - Iteracja 0: condition_best: None, quality_best: -inf, coverage_best: (p=0, n=0, P=0, N=0), p_value: 0
2025-03-05 09:41:18,401 - INFO - Regula po iteracji 0: IF  THEN survival_status = {nan}, (p=75, n=0, P=75, N=0)
2025-03-05 09:41:18,401 - INFO - *****STOP GROWING RR RULE*****
2025-03-05 09:41:18,401 - INFO - ***RR NOT FOUND***
2025-03-05 09:41:18,749 - INFO - Iteracja 4: condition_best: CHOL <= 7.13, quality_best: 1.0, coverage_best: (p=47, n=0, P=75, N=0)
2025-03-05 09:41:18,752 - INFO - Regula po iteracji 4: IF AGE <= 54.70 AND DBP >= 48.00 AND DBP <= 101.50 AND SBP <= 151.00 AND CHOL <= 7.13 THEN survival_status = {inf}, (p=47, n=0, P=75, N=0)
2025-03-05 09:41:18,752 - INFO - *****GROWING RR RULE*****
2025-03-05 09:41:19,754 - INFO - Iteracja 0: condition_best: None, quality_best: -inf, coverage_best: (p=0, n=0, P=0, N=0), p_value: 0
2025-03-05 09:41:19,757 - INFO - Regula po iteracji 0: IF  THEN survival_status = {nan}, (p=75, n=0, P=75, N=0)
2025-03-05 09:41:19,757 - INFO - *****STOP GROWING RR RULE*****
2025-03-05 09:41:19,757 - INFO - ***RR NOT FOUND***
2025-03-05 09:41:19,757 - INFO - *******STOP GROWING CR RULE*******
2025-03-05 09:41:19,768 - INFO - *******GROWING CR RULE*******
2025-03-05 09:41:20,121 - INFO - Iteracja 0: condition_best: AGE >= 54.70, quality_best: 1.0, coverage_best: (p=19, n=0, P=75, N=0)
2025-03-05 09:41:20,125 - INFO - Regula po iteracji 0: IF AGE >= 54.70 THEN survival_status = {nan}, (p=19, n=0, P=75, N=0)
2025-03-05 09:41:20,125 - INFO - *****GROWING RR RULE*****
2025-03-05 09:41:21,142 - INFO - Iteracja 0: condition_best: None, quality_best: -inf, coverage_best: (p=0, n=0, P=0, N=0), p_value: 0
2025-03-05 09:41:21,145 - INFO - Regula po iteracji 0: IF  THEN survival_status = {nan}, (p=75, n=0, P=75, N=0)
2025-03-05 09:41:21,145 - INFO - *****STOP GROWING RR RULE*****
2025-03-05 09:41:21,145 - INFO - ***RR NOT FOUND***
2025-03-05 09:41:21,272 - INFO - Iteracja 1: condition_best: DBP >= 86.00, quality_best: 1.0, coverage_best: (p=8, n=0, P=75, N=0)
2025-03-05 09:41:21,275 - INFO - Regula po iteracji 1: IF AGE >= 54.70 AND DBP >= 86.00 THEN survival_status = {19.9}, (p=8, n=0, P=75, N=0)
2025-03-05 09:41:21,276 - INFO - *****GROWING RR RULE*****
2025-03-05 09:41:22,242 - INFO - Iteracja 0: condition_best: None, quality_best: -inf, coverage_best: (p=0, n=0, P=0, N=0), p_value: 0
2025-03-05 09:41:22,245 - INFO - Regula po iteracji 0: IF  THEN survival_status = {nan}, (p=75, n=0, P=75, N=0)
2025-03-05 09:41:22,245 - INFO - *****STOP GROWING RR RULE*****
2025-03-05 09:41:22,245 - INFO - ***RR NOT FOUND***
2025-03-05 09:41:22,304 - INFO - Iteracja 2: condition_best: DRINKING <= 3.50, quality_best: 1.0, coverage_best: (p=7, n=0, P=75, N=0)
2025-03-05 09:41:22,307 - INFO - Regula po iteracji 2: IF AGE >= 54.70 AND DBP >= 86.00 AND DRINKING <= 3.50 THEN survival_status = {13.2}, (p=7, n=0, P=75, N=0)
2025-03-05 09:41:22,307 - INFO - *****GROWING RR RULE*****
2025-03-05 09:41:23,267 - INFO - Iteracja 0: condition_best: None, quality_best: -inf, coverage_best: (p=0, n=0, P=0, N=0), p_value: 0
2025-03-05 09:41:23,270 - INFO - Regula po iteracji 0: IF  THEN survival_status = {nan}, (p=75, n=0, P=75, N=0)
2025-03-05 09:41:23,270 - INFO - *****STOP GROWING RR RULE*****
2025-03-05 09:41:23,270 - INFO - ***RR NOT FOUND***
2025-03-05 09:41:23,325 - INFO - Iteracja 3: condition_best: CHOL >= 5.48, quality_best: 1.0, coverage_best: (p=6, n=0, P=75, N=0)
2025-03-05 09:41:23,328 - INFO - Regula po iteracji 3: IF AGE >= 54.70 AND DBP >= 86.00 AND DRINKING <= 3.50 AND CHOL >= 5.48 THEN survival_status = {13.2}, (p=6, n=0, P=75, N=0)
2025-03-05 09:41:23,328 - INFO - *****GROWING RR RULE*****
2025-03-05 09:41:24,276 - INFO - Iteracja 0: condition_best: None, quality_best: -inf, coverage_best: (p=0, n=0, P=0, N=0), p_value: 0
2025-03-05 09:41:24,278 - INFO - Regula po iteracji 0: IF  THEN survival_status = {nan}, (p=75, n=0, P=75, N=0)
2025-03-05 09:41:24,279 - INFO - *****STOP GROWING RR RULE*****
2025-03-05 09:41:24,279 - INFO - ***RR NOT FOUND***
2025-03-05 09:41:24,329 - INFO - Iteracja 4: condition_best: SMOKE <= 1.50, quality_best: 1.0, coverage_best: (p=5, n=0, P=75, N=0)
2025-03-05 09:41:24,332 - INFO - Regula po iteracji 4: IF AGE >= 54.70 AND DBP >= 86.00 AND DRINKING <= 3.50 AND CHOL >= 5.48 AND SMOKE <= 1.50 THEN survival_status = {9.9}, (p=5, n=0, P=75, N=0)
2025-03-05 09:41:24,332 - INFO - *****GROWING RR RULE*****
2025-03-05 09:41:25,273 - INFO - Iteracja 0: condition_best: None, quality_best: -inf, coverage_best: (p=0, n=0, P=0, N=0), p_value: 0
2025-03-05 09:41:25,276 - INFO - Regula po iteracji 0: IF  THEN survival_status = {nan}, (p=75, n=0, P=75, N=0)
2025-03-05 09:41:25,276 - INFO - *****STOP GROWING RR RULE*****
2025-03-05 09:41:25,276 - INFO - ***RR NOT FOUND***
2025-03-05 09:41:25,276 - INFO - *******STOP GROWING CR RULE*******
2025-03-05 09:41:25,281 - INFO - *******GROWING CR RULE*******
2025-03-05 09:41:25,620 - INFO - Iteracja 0: condition_best: AGE >= 54.70, quality_best: 1.0, coverage_best: (p=19, n=0, P=75, N=0)
2025-03-05 09:41:25,623 - INFO - Regula po iteracji 0: IF AGE >= 54.70 THEN survival_status = {nan}, (p=19, n=0, P=75, N=0)
2025-03-05 09:41:25,623 - INFO - *****GROWING RR RULE*****
2025-03-05 09:41:26,641 - INFO - Iteracja 0: condition_best: None, quality_best: -inf, coverage_best: (p=0, n=0, P=0, N=0), p_value: 0
2025-03-05 09:41:26,644 - INFO - Regula po iteracji 0: IF  THEN survival_status = {nan}, (p=75, n=0, P=75, N=0)
2025-03-05 09:41:26,644 - INFO - *****STOP GROWING RR RULE*****
2025-03-05 09:41:26,644 - INFO - ***RR NOT FOUND***
2025-03-05 09:41:26,766 - INFO - Iteracja 1: condition_best: SMOKE <= 2.50, quality_best: 1.0, coverage_best: (p=18, n=0, P=75, N=0)
2025-03-05 09:41:26,769 - INFO - Regula po iteracji 1: IF AGE >= 54.70 AND SMOKE <= 2.50 THEN survival_status = {19.9}, (p=18, n=0, P=75, N=0)
2025-03-05 09:41:26,769 - INFO - *****GROWING RR RULE*****
2025-03-05 09:41:27,784 - INFO - Iteracja 0: condition_best: None, quality_best: -inf, coverage_best: (p=0, n=0, P=0, N=0), p_value: 0
2025-03-05 09:41:27,787 - INFO - Regula po iteracji 0: IF  THEN survival_status = {nan}, (p=75, n=0, P=75, N=0)
2025-03-05 09:41:27,787 - INFO - *****STOP GROWING RR RULE*****
2025-03-05 09:41:27,787 - INFO - ***RR NOT FOUND***
2025-03-05 09:41:27,910 - INFO - Iteracja 2: condition_best: AGE <= 70.60, quality_best: 1.0, coverage_best: (p=17, n=0, P=75, N=0)
2025-03-05 09:41:27,913 - INFO - Regula po iteracji 2: IF AGE >= 54.70 AND SMOKE <= 2.50 AND AGE <= 70.60 THEN survival_status = {19.9}, (p=17, n=0, P=75, N=0)
2025-03-05 09:41:27,913 - INFO - *****GROWING RR RULE*****
2025-03-05 09:41:28,926 - INFO - Iteracja 0: condition_best: None, quality_best: -inf, coverage_best: (p=0, n=0, P=0, N=0), p_value: 0
2025-03-05 09:41:28,929 - INFO - Regula po iteracji 0: IF  THEN survival_status = {nan}, (p=75, n=0, P=75, N=0)
2025-03-05 09:41:28,929 - INFO - *****STOP GROWING RR RULE*****
2025-03-05 09:41:28,929 - INFO - ***RR NOT FOUND***
2025-03-05 09:41:29,052 - INFO - Iteracja 3: condition_best: DBP >= 78.00, quality_best: 1.0, coverage_best: (p=13, n=0, P=75, N=0)
2025-03-05 09:41:29,055 - INFO - Regula po iteracji 3: IF AGE >= 54.70 AND SMOKE <= 2.50 AND AGE <= 70.60 AND DBP >= 78.00 THEN survival_status = {19.9}, (p=13, n=0, P=75, N=0)
2025-03-05 09:41:29,055 - INFO - *****GROWING RR RULE*****
2025-03-05 09:41:30,047 - INFO - Iteracja 0: condition_best: None, quality_best: -inf, coverage_best: (p=0, n=0, P=0, N=0), p_value: 0
2025-03-05 09:41:30,050 - INFO - Regula po iteracji 0: IF  THEN survival_status = {nan}, (p=75, n=0, P=75, N=0)
2025-03-05 09:41:30,050 - INFO - *****STOP GROWING RR RULE*****
2025-03-05 09:41:30,050 - INFO - ***RR NOT FOUND***
2025-03-05 09:41:30,147 - INFO - Iteracja 4: condition_best: DRINKING <= 3.50, quality_best: 1.0, coverage_best: (p=12, n=0, P=75, N=0)
2025-03-05 09:41:30,150 - INFO - Regula po iteracji 4: IF AGE >= 54.70 AND SMOKE <= 2.50 AND AGE <= 70.60 AND DBP >= 78.00 AND DRINKING <= 3.50 THEN survival_status = {17.8}, (p=12, n=0, P=75, N=0)
2025-03-05 09:41:30,151 - INFO - *****GROWING RR RULE*****
2025-03-05 09:41:31,134 - INFO - Iteracja 0: condition_best: None, quality_best: -inf, coverage_best: (p=0, n=0, P=0, N=0), p_value: 0
2025-03-05 09:41:31,137 - INFO - Regula po iteracji 0: IF  THEN survival_status = {nan}, (p=75, n=0, P=75, N=0)
2025-03-05 09:41:31,137 - INFO - *****STOP GROWING RR RULE*****
2025-03-05 09:41:31,137 - INFO - ***RR NOT FOUND***
2025-03-05 09:41:31,137 - INFO - *******STOP GROWING CR RULE*******
2025-03-05 09:41:31,142 - INFO - *******GROWING CR RULE*******
2025-03-05 09:41:31,460 - INFO - Iteracja 0: condition_best: AGE <= 54.70, quality_best: 1.0, coverage_best: (p=56, n=0, P=75, N=0)
2025-03-05 09:41:31,463 - INFO - Regula po iteracji 0: IF AGE <= 54.70 THEN survival_status = {nan}, (p=56, n=0, P=75, N=0)
2025-03-05 09:41:31,463 - INFO - *****GROWING RR RULE*****
2025-03-05 09:41:32,497 - INFO - Iteracja 0: condition_best: None, quality_best: -inf, coverage_best: (p=0, n=0, P=0, N=0), p_value: 0
2025-03-05 09:41:32,499 - INFO - Regula po iteracji 0: IF  THEN survival_status = {nan}, (p=75, n=0, P=75, N=0)
2025-03-05 09:41:32,499 - INFO - *****STOP GROWING RR RULE*****
2025-03-05 09:41:32,499 - INFO - ***RR NOT FOUND***
2025-03-05 09:41:32,792 - INFO - Iteracja 1: condition_best: SMOKE <= 3.50, quality_best: 1.0, coverage_best: (p=47, n=0, P=75, N=0)
2025-03-05 09:41:32,795 - INFO - Regula po iteracji 1: IF AGE <= 54.70 AND SMOKE <= 3.50 THEN survival_status = {inf}, (p=47, n=0, P=75, N=0)
2025-03-05 09:41:32,796 - INFO - *****GROWING RR RULE*****
2025-03-05 09:41:33,806 - INFO - Iteracja 0: condition_best: None, quality_best: -inf, coverage_best: (p=0, n=0, P=0, N=0), p_value: 0
2025-03-05 09:41:33,809 - INFO - Regula po iteracji 0: IF  THEN survival_status = {nan}, (p=75, n=0, P=75, N=0)
2025-03-05 09:41:33,809 - INFO - *****STOP GROWING RR RULE*****
2025-03-05 09:41:33,809 - INFO - ***RR NOT FOUND***
2025-03-05 09:41:34,077 - INFO - Iteracja 2: condition_best: AGE >= 21.80, quality_best: 1.0, coverage_best: (p=46, n=0, P=75, N=0)
2025-03-05 09:41:34,080 - INFO - Regula po iteracji 2: IF AGE <= 54.70 AND SMOKE <= 3.50 AND AGE >= 21.80 THEN survival_status = {inf}, (p=46, n=0, P=75, N=0)
2025-03-05 09:41:34,080 - INFO - *****GROWING RR RULE*****
2025-03-05 09:41:35,090 - INFO - Iteracja 0: condition_best: None, quality_best: -inf, coverage_best: (p=0, n=0, P=0, N=0), p_value: 0
2025-03-05 09:41:35,093 - INFO - Regula po iteracji 0: IF  THEN survival_status = {nan}, (p=75, n=0, P=75, N=0)
2025-03-05 09:41:35,093 - INFO - *****STOP GROWING RR RULE*****
2025-03-05 09:41:35,093 - INFO - ***RR NOT FOUND***
2025-03-05 09:41:35,371 - INFO - Iteracja 3: condition_best: AGE >= 22.95, quality_best: 1.0, coverage_best: (p=45, n=0, P=75, N=0)
2025-03-05 09:41:35,374 - INFO - Regula po iteracji 3: IF AGE <= 54.70 AND SMOKE <= 3.50 AND AGE >= 21.80 AND AGE >= 22.95 THEN survival_status = {inf}, (p=45, n=0, P=75, N=0)
2025-03-05 09:41:35,374 - INFO - *****GROWING RR RULE*****
2025-03-05 09:41:36,384 - INFO - Iteracja 0: condition_best: None, quality_best: -inf, coverage_best: (p=0, n=0, P=0, N=0), p_value: 0
2025-03-05 09:41:36,387 - INFO - Regula po iteracji 0: IF  THEN survival_status = {nan}, (p=75, n=0, P=75, N=0)
2025-03-05 09:41:36,387 - INFO - *****STOP GROWING RR RULE*****
2025-03-05 09:41:36,387 - INFO - ***RR NOT FOUND***
2025-03-05 09:41:36,677 - INFO - Iteracja 4: condition_best: AGE >= 24.95, quality_best: 1.0, coverage_best: (p=44, n=0, P=75, N=0)
2025-03-05 09:41:36,680 - INFO - Regula po iteracji 4: IF AGE <= 54.70 AND SMOKE <= 3.50 AND AGE >= 21.80 AND AGE >= 22.95 AND AGE >= 24.95 THEN survival_status = {inf}, (p=44, n=0, P=75, N=0)
2025-03-05 09:41:36,680 - INFO - *****GROWING RR RULE*****
2025-03-05 09:41:37,687 - INFO - Iteracja 0: condition_best: None, quality_best: -inf, coverage_best: (p=0, n=0, P=0, N=0), p_value: 0
2025-03-05 09:41:37,690 - INFO - Regula po iteracji 0: IF  THEN survival_status = {nan}, (p=75, n=0, P=75, N=0)
2025-03-05 09:41:37,690 - INFO - *****STOP GROWING RR RULE*****
2025-03-05 09:41:37,690 - INFO - ***RR NOT FOUND***
2025-03-05 09:41:37,690 - INFO - *******STOP GROWING CR RULE*******
2025-03-05 09:41:37,709 - INFO - ************************Finished experiment for 01_BHS.arff with algorithm3************************
2025-03-05 09:41:37,709 - INFO - *************************************************************************************************************************
2025-03-05 09:41:37,709 - INFO - *************************************************************************************************************************
2025-03-05 09:41:37,709 - INFO - *************************************************************************************************************************
2025-03-05 09:41:37,710 - INFO - **********Starting experiment for 01_BHS.arff with algorithm4**********
2025-03-05 09:41:37,714 - INFO - *******GROWING CR RULE*******
2025-03-05 09:41:38,173 - INFO - Iteracja 0: condition_best: AGE <= 54.70, quality_best: 1.0, coverage_best: (p=56, n=0, P=75, N=0)
2025-03-05 09:41:38,176 - INFO - Regula po iteracji 0: IF AGE <= 54.70 THEN survival_status = {nan}, (p=56, n=0, P=75, N=0)
2025-03-05 09:41:38,176 - INFO - *****GROWING RR RULE*****
2025-03-05 09:41:41,591 - INFO - Iteracja 0: condition_best: None, quality_best: -inf, coverage_best: (p=0, n=0, P=0, N=0), p_value: 0
2025-03-05 09:41:41,594 - INFO - Regula po iteracji 0: IF  THEN survival_status = {nan}, (p=75, n=0, P=75, N=0)
2025-03-05 09:41:41,594 - INFO - *****STOP GROWING RR RULE*****
2025-03-05 09:41:41,594 - INFO - ***RR NOT FOUND***
2025-03-05 09:41:41,997 - INFO - Iteracja 1: condition_best: SMOKE <= 3.50, quality_best: 1.0, coverage_best: (p=47, n=0, P=75, N=0)
2025-03-05 09:41:42,000 - INFO - Regula po iteracji 1: IF AGE <= 54.70 AND SMOKE <= 3.50 THEN survival_status = {inf}, (p=47, n=0, P=75, N=0)
2025-03-05 09:41:42,000 - INFO - *****GROWING RR RULE*****
2025-03-05 09:41:45,382 - INFO - Iteracja 0: condition_best: None, quality_best: -inf, coverage_best: (p=0, n=0, P=0, N=0), p_value: 0
2025-03-05 09:41:45,385 - INFO - Regula po iteracji 0: IF  THEN survival_status = {nan}, (p=75, n=0, P=75, N=0)
2025-03-05 09:41:45,385 - INFO - *****STOP GROWING RR RULE*****
2025-03-05 09:41:45,385 - INFO - ***RR NOT FOUND***
2025-03-05 09:41:45,744 - INFO - Iteracja 2: condition_best: AGE >= 21.80, quality_best: 1.0, coverage_best: (p=46, n=0, P=75, N=0)
2025-03-05 09:41:45,747 - INFO - Regula po iteracji 2: IF AGE <= 54.70 AND SMOKE <= 3.50 AND AGE >= 21.80 THEN survival_status = {inf}, (p=46, n=0, P=75, N=0)
2025-03-05 09:41:45,747 - INFO - *****GROWING RR RULE*****
2025-03-05 09:41:49,123 - INFO - Iteracja 0: condition_best: None, quality_best: -inf, coverage_best: (p=0, n=0, P=0, N=0), p_value: 0
2025-03-05 09:41:49,125 - INFO - Regula po iteracji 0: IF  THEN survival_status = {nan}, (p=75, n=0, P=75, N=0)
2025-03-05 09:41:49,125 - INFO - *****STOP GROWING RR RULE*****
2025-03-05 09:41:49,125 - INFO - ***RR NOT FOUND***
2025-03-05 09:41:49,495 - INFO - Iteracja 3: condition_best: AGE >= 22.95, quality_best: 1.0, coverage_best: (p=45, n=0, P=75, N=0)
2025-03-05 09:41:49,498 - INFO - Regula po iteracji 3: IF AGE <= 54.70 AND SMOKE <= 3.50 AND AGE >= 21.80 AND AGE >= 22.95 THEN survival_status = {inf}, (p=45, n=0, P=75, N=0)
2025-03-05 09:41:49,498 - INFO - *****GROWING RR RULE*****
2025-03-05 09:41:52,868 - INFO - Iteracja 0: condition_best: None, quality_best: -inf, coverage_best: (p=0, n=0, P=0, N=0), p_value: 0
2025-03-05 09:41:52,871 - INFO - Regula po iteracji 0: IF  THEN survival_status = {nan}, (p=75, n=0, P=75, N=0)
2025-03-05 09:41:52,871 - INFO - *****STOP GROWING RR RULE*****
2025-03-05 09:41:52,871 - INFO - ***RR NOT FOUND***
2025-03-05 09:41:53,250 - INFO - Iteracja 4: condition_best: AGE >= 24.95, quality_best: 1.0, coverage_best: (p=44, n=0, P=75, N=0)
2025-03-05 09:41:53,253 - INFO - Regula po iteracji 4: IF AGE <= 54.70 AND SMOKE <= 3.50 AND AGE >= 21.80 AND AGE >= 22.95 AND AGE >= 24.95 THEN survival_status = {inf}, (p=44, n=0, P=75, N=0)
2025-03-05 09:41:53,253 - INFO - *****GROWING RR RULE*****
2025-03-05 09:41:56,622 - INFO - Iteracja 0: condition_best: None, quality_best: -inf, coverage_best: (p=0, n=0, P=0, N=0), p_value: 0
2025-03-05 09:41:56,624 - INFO - Regula po iteracji 0: IF  THEN survival_status = {nan}, (p=75, n=0, P=75, N=0)
2025-03-05 09:41:56,624 - INFO - *****STOP GROWING RR RULE*****
2025-03-05 09:41:56,624 - INFO - ***RR NOT FOUND***
2025-03-05 09:41:56,624 - INFO - *******STOP GROWING CR RULE*******
2025-03-05 09:41:56,629 - INFO - *******GROWING CR RULE*******
2025-03-05 09:41:56,998 - INFO - Iteracja 0: condition_best: AGE <= 54.70, quality_best: 1.0, coverage_best: (p=56, n=0, P=75, N=0)
2025-03-05 09:41:57,001 - INFO - Regula po iteracji 0: IF AGE <= 54.70 THEN survival_status = {nan}, (p=56, n=0, P=75, N=0)
2025-03-05 09:41:57,001 - INFO - *****GROWING RR RULE*****
2025-03-05 09:42:00,376 - INFO - Iteracja 0: condition_best: None, quality_best: -inf, coverage_best: (p=0, n=0, P=0, N=0), p_value: 0
2025-03-05 09:42:00,379 - INFO - Regula po iteracji 0: IF  THEN survival_status = {nan}, (p=75, n=0, P=75, N=0)
2025-03-05 09:42:00,379 - INFO - *****STOP GROWING RR RULE*****
2025-03-05 09:42:00,379 - INFO - ***RR NOT FOUND***
2025-03-05 09:42:00,711 - INFO - Iteracja 1: condition_best: DBP >= 48.00, quality_best: 1.0, coverage_best: (p=55, n=0, P=75, N=0)
2025-03-05 09:42:00,714 - INFO - Regula po iteracji 1: IF AGE <= 54.70 AND DBP >= 48.00 THEN survival_status = {inf}, (p=55, n=0, P=75, N=0)
2025-03-05 09:42:00,714 - INFO - *****GROWING RR RULE*****
2025-03-05 09:42:04,112 - INFO - Iteracja 0: condition_best: None, quality_best: -inf, coverage_best: (p=0, n=0, P=0, N=0), p_value: 0
2025-03-05 09:42:04,115 - INFO - Regula po iteracji 0: IF  THEN survival_status = {nan}, (p=75, n=0, P=75, N=0)
2025-03-05 09:42:04,115 - INFO - *****STOP GROWING RR RULE*****
2025-03-05 09:42:04,115 - INFO - ***RR NOT FOUND***
2025-03-05 09:42:04,466 - INFO - Iteracja 2: condition_best: DBP <= 101.50, quality_best: 1.0, coverage_best: (p=51, n=0, P=75, N=0)
2025-03-05 09:42:04,469 - INFO - Regula po iteracji 2: IF AGE <= 54.70 AND DBP >= 48.00 AND DBP <= 101.50 THEN survival_status = {inf}, (p=51, n=0, P=75, N=0)
2025-03-05 09:42:04,469 - INFO - *****GROWING RR RULE*****
2025-03-05 09:42:07,893 - INFO - Iteracja 0: condition_best: None, quality_best: -inf, coverage_best: (p=0, n=0, P=0, N=0), p_value: 0
2025-03-05 09:42:07,896 - INFO - Regula po iteracji 0: IF  THEN survival_status = {nan}, (p=75, n=0, P=75, N=0)
2025-03-05 09:42:07,896 - INFO - *****STOP GROWING RR RULE*****
2025-03-05 09:42:07,896 - INFO - ***RR NOT FOUND***
2025-03-05 09:42:08,243 - INFO - Iteracja 3: condition_best: SBP <= 151.00, quality_best: 1.0, coverage_best: (p=49, n=0, P=75, N=0)
2025-03-05 09:42:08,246 - INFO - Regula po iteracji 3: IF AGE <= 54.70 AND DBP >= 48.00 AND DBP <= 101.50 AND SBP <= 151.00 THEN survival_status = {inf}, (p=49, n=0, P=75, N=0)
2025-03-05 09:42:08,246 - INFO - *****GROWING RR RULE*****
2025-03-05 09:42:11,607 - INFO - Iteracja 0: condition_best: None, quality_best: -inf, coverage_best: (p=0, n=0, P=0, N=0), p_value: 0
2025-03-05 09:42:11,609 - INFO - Regula po iteracji 0: IF  THEN survival_status = {nan}, (p=75, n=0, P=75, N=0)
2025-03-05 09:42:11,609 - INFO - *****STOP GROWING RR RULE*****
2025-03-05 09:42:11,610 - INFO - ***RR NOT FOUND***
2025-03-05 09:42:11,955 - INFO - Iteracja 4: condition_best: CHOL <= 7.13, quality_best: 1.0, coverage_best: (p=47, n=0, P=75, N=0)
2025-03-05 09:42:11,959 - INFO - Regula po iteracji 4: IF AGE <= 54.70 AND DBP >= 48.00 AND DBP <= 101.50 AND SBP <= 151.00 AND CHOL <= 7.13 THEN survival_status = {inf}, (p=47, n=0, P=75, N=0)
2025-03-05 09:42:11,959 - INFO - *****GROWING RR RULE*****
2025-03-05 09:42:15,308 - INFO - Iteracja 0: condition_best: None, quality_best: -inf, coverage_best: (p=0, n=0, P=0, N=0), p_value: 0
2025-03-05 09:42:15,311 - INFO - Regula po iteracji 0: IF  THEN survival_status = {nan}, (p=75, n=0, P=75, N=0)
2025-03-05 09:42:15,311 - INFO - *****STOP GROWING RR RULE*****
2025-03-05 09:42:15,311 - INFO - ***RR NOT FOUND***
2025-03-05 09:42:15,311 - INFO - *******STOP GROWING CR RULE*******
2025-03-05 09:42:15,321 - INFO - *******GROWING CR RULE*******
2025-03-05 09:42:15,676 - INFO - Iteracja 0: condition_best: AGE >= 54.70, quality_best: 1.0, coverage_best: (p=19, n=0, P=75, N=0)
2025-03-05 09:42:15,679 - INFO - Regula po iteracji 0: IF AGE >= 54.70 THEN survival_status = {nan}, (p=19, n=0, P=75, N=0)
2025-03-05 09:42:15,679 - INFO - *****GROWING RR RULE*****
2025-03-05 09:42:18,974 - INFO - Iteracja 0: condition_best: None, quality_best: -inf, coverage_best: (p=0, n=0, P=0, N=0), p_value: 0
2025-03-05 09:42:18,977 - INFO - Regula po iteracji 0: IF  THEN survival_status = {nan}, (p=75, n=0, P=75, N=0)
2025-03-05 09:42:18,977 - INFO - *****STOP GROWING RR RULE*****
2025-03-05 09:42:18,977 - INFO - ***RR NOT FOUND***
2025-03-05 09:42:19,106 - INFO - Iteracja 1: condition_best: DBP >= 86.00, quality_best: 1.0, coverage_best: (p=8, n=0, P=75, N=0)
2025-03-05 09:42:19,109 - INFO - Regula po iteracji 1: IF AGE >= 54.70 AND DBP >= 86.00 THEN survival_status = {19.9}, (p=8, n=0, P=75, N=0)
2025-03-05 09:42:19,109 - INFO - *****GROWING RR RULE*****
2025-03-05 09:42:22,226 - INFO - Iteracja 0: condition_best: None, quality_best: -inf, coverage_best: (p=0, n=0, P=0, N=0), p_value: 0
2025-03-05 09:42:22,228 - INFO - Regula po iteracji 0: IF  THEN survival_status = {nan}, (p=75, n=0, P=75, N=0)
2025-03-05 09:42:22,229 - INFO - *****STOP GROWING RR RULE*****
2025-03-05 09:42:22,229 - INFO - ***RR NOT FOUND***
2025-03-05 09:42:22,288 - INFO - Iteracja 2: condition_best: DRINKING <= 3.50, quality_best: 1.0, coverage_best: (p=7, n=0, P=75, N=0)
2025-03-05 09:42:22,291 - INFO - Regula po iteracji 2: IF AGE >= 54.70 AND DBP >= 86.00 AND DRINKING <= 3.50 THEN survival_status = {13.2}, (p=7, n=0, P=75, N=0)
2025-03-05 09:42:22,291 - INFO - *****GROWING RR RULE*****
2025-03-05 09:42:25,404 - INFO - Iteracja 0: condition_best: None, quality_best: -inf, coverage_best: (p=0, n=0, P=0, N=0), p_value: 0
2025-03-05 09:42:25,406 - INFO - Regula po iteracji 0: IF  THEN survival_status = {nan}, (p=75, n=0, P=75, N=0)
2025-03-05 09:42:25,406 - INFO - *****STOP GROWING RR RULE*****
2025-03-05 09:42:25,407 - INFO - ***RR NOT FOUND***
2025-03-05 09:42:25,461 - INFO - Iteracja 3: condition_best: CHOL >= 5.48, quality_best: 1.0, coverage_best: (p=6, n=0, P=75, N=0)
2025-03-05 09:42:25,464 - INFO - Regula po iteracji 3: IF AGE >= 54.70 AND DBP >= 86.00 AND DRINKING <= 3.50 AND CHOL >= 5.48 THEN survival_status = {13.2}, (p=6, n=0, P=75, N=0)
2025-03-05 09:42:25,464 - INFO - *****GROWING RR RULE*****
2025-03-05 09:42:28,527 - INFO - Iteracja 0: condition_best: None, quality_best: -inf, coverage_best: (p=0, n=0, P=0, N=0), p_value: 0
2025-03-05 09:42:28,530 - INFO - Regula po iteracji 0: IF  THEN survival_status = {nan}, (p=75, n=0, P=75, N=0)
2025-03-05 09:42:28,530 - INFO - *****STOP GROWING RR RULE*****
2025-03-05 09:42:28,530 - INFO - ***RR NOT FOUND***
2025-03-05 09:42:28,580 - INFO - Iteracja 4: condition_best: SMOKE <= 1.50, quality_best: 1.0, coverage_best: (p=5, n=0, P=75, N=0)
2025-03-05 09:42:28,583 - INFO - Regula po iteracji 4: IF AGE >= 54.70 AND DBP >= 86.00 AND DRINKING <= 3.50 AND CHOL >= 5.48 AND SMOKE <= 1.50 THEN survival_status = {9.9}, (p=5, n=0, P=75, N=0)
2025-03-05 09:42:28,583 - INFO - *****GROWING RR RULE*****
2025-03-05 09:42:31,633 - INFO - Iteracja 0: condition_best: None, quality_best: -inf, coverage_best: (p=0, n=0, P=0, N=0), p_value: 0
2025-03-05 09:42:31,635 - INFO - Regula po iteracji 0: IF  THEN survival_status = {nan}, (p=75, n=0, P=75, N=0)
2025-03-05 09:42:31,635 - INFO - *****STOP GROWING RR RULE*****
2025-03-05 09:42:31,635 - INFO - ***RR NOT FOUND***
2025-03-05 09:42:31,635 - INFO - *******STOP GROWING CR RULE*******
2025-03-05 09:42:31,640 - INFO - *******GROWING CR RULE*******
2025-03-05 09:42:31,979 - INFO - Iteracja 0: condition_best: AGE >= 54.70, quality_best: 1.0, coverage_best: (p=19, n=0, P=75, N=0)
2025-03-05 09:42:31,982 - INFO - Regula po iteracji 0: IF AGE >= 54.70 THEN survival_status = {nan}, (p=19, n=0, P=75, N=0)
2025-03-05 09:42:31,982 - INFO - *****GROWING RR RULE*****
2025-03-05 09:42:35,305 - INFO - Iteracja 0: condition_best: None, quality_best: -inf, coverage_best: (p=0, n=0, P=0, N=0), p_value: 0
2025-03-05 09:42:35,307 - INFO - Regula po iteracji 0: IF  THEN survival_status = {nan}, (p=75, n=0, P=75, N=0)
2025-03-05 09:42:35,307 - INFO - *****STOP GROWING RR RULE*****
2025-03-05 09:42:35,308 - INFO - ***RR NOT FOUND***
2025-03-05 09:42:35,429 - INFO - Iteracja 1: condition_best: SMOKE <= 2.50, quality_best: 1.0, coverage_best: (p=18, n=0, P=75, N=0)
2025-03-05 09:42:35,432 - INFO - Regula po iteracji 1: IF AGE >= 54.70 AND SMOKE <= 2.50 THEN survival_status = {19.9}, (p=18, n=0, P=75, N=0)
2025-03-05 09:42:35,432 - INFO - *****GROWING RR RULE*****
2025-03-05 09:42:38,744 - INFO - Iteracja 0: condition_best: None, quality_best: -inf, coverage_best: (p=0, n=0, P=0, N=0), p_value: 0
2025-03-05 09:42:38,747 - INFO - Regula po iteracji 0: IF  THEN survival_status = {nan}, (p=75, n=0, P=75, N=0)
2025-03-05 09:42:38,747 - INFO - *****STOP GROWING RR RULE*****
2025-03-05 09:42:38,747 - INFO - ***RR NOT FOUND***
2025-03-05 09:42:38,871 - INFO - Iteracja 2: condition_best: AGE <= 70.60, quality_best: 1.0, coverage_best: (p=17, n=0, P=75, N=0)
2025-03-05 09:42:38,874 - INFO - Regula po iteracji 2: IF AGE >= 54.70 AND SMOKE <= 2.50 AND AGE <= 70.60 THEN survival_status = {19.9}, (p=17, n=0, P=75, N=0)
2025-03-05 09:42:38,874 - INFO - *****GROWING RR RULE*****
2025-03-05 09:42:42,174 - INFO - Iteracja 0: condition_best: None, quality_best: -inf, coverage_best: (p=0, n=0, P=0, N=0), p_value: 0
2025-03-05 09:42:42,177 - INFO - Regula po iteracji 0: IF  THEN survival_status = {nan}, (p=75, n=0, P=75, N=0)
2025-03-05 09:42:42,177 - INFO - *****STOP GROWING RR RULE*****
2025-03-05 09:42:42,177 - INFO - ***RR NOT FOUND***
2025-03-05 09:42:42,299 - INFO - Iteracja 3: condition_best: DBP >= 78.00, quality_best: 1.0, coverage_best: (p=13, n=0, P=75, N=0)
2025-03-05 09:42:42,302 - INFO - Regula po iteracji 3: IF AGE >= 54.70 AND SMOKE <= 2.50 AND AGE <= 70.60 AND DBP >= 78.00 THEN survival_status = {19.9}, (p=13, n=0, P=75, N=0)
2025-03-05 09:42:42,303 - INFO - *****GROWING RR RULE*****
2025-03-05 09:42:45,510 - INFO - Iteracja 0: condition_best: None, quality_best: -inf, coverage_best: (p=0, n=0, P=0, N=0), p_value: 0
2025-03-05 09:42:45,513 - INFO - Regula po iteracji 0: IF  THEN survival_status = {nan}, (p=75, n=0, P=75, N=0)
2025-03-05 09:42:45,513 - INFO - *****STOP GROWING RR RULE*****
2025-03-05 09:42:45,513 - INFO - ***RR NOT FOUND***
2025-03-05 09:42:45,610 - INFO - Iteracja 4: condition_best: DRINKING <= 3.50, quality_best: 1.0, coverage_best: (p=12, n=0, P=75, N=0)
2025-03-05 09:42:45,613 - INFO - Regula po iteracji 4: IF AGE >= 54.70 AND SMOKE <= 2.50 AND AGE <= 70.60 AND DBP >= 78.00 AND DRINKING <= 3.50 THEN survival_status = {17.8}, (p=12, n=0, P=75, N=0)
2025-03-05 09:42:45,614 - INFO - *****GROWING RR RULE*****
2025-03-05 09:42:48,809 - INFO - Iteracja 0: condition_best: None, quality_best: -inf, coverage_best: (p=0, n=0, P=0, N=0), p_value: 0
2025-03-05 09:42:48,811 - INFO - Regula po iteracji 0: IF  THEN survival_status = {nan}, (p=75, n=0, P=75, N=0)
2025-03-05 09:42:48,811 - INFO - *****STOP GROWING RR RULE*****
2025-03-05 09:42:48,811 - INFO - ***RR NOT FOUND***
2025-03-05 09:42:48,811 - INFO - *******STOP GROWING CR RULE*******
2025-03-05 09:42:48,816 - INFO - *******GROWING CR RULE*******
2025-03-05 09:42:49,134 - INFO - Iteracja 0: condition_best: AGE <= 54.70, quality_best: 1.0, coverage_best: (p=56, n=0, P=75, N=0)
2025-03-05 09:42:49,136 - INFO - Regula po iteracji 0: IF AGE <= 54.70 THEN survival_status = {nan}, (p=56, n=0, P=75, N=0)
2025-03-05 09:42:49,137 - INFO - *****GROWING RR RULE*****
2025-03-05 09:42:52,520 - INFO - Iteracja 0: condition_best: None, quality_best: -inf, coverage_best: (p=0, n=0, P=0, N=0), p_value: 0
2025-03-05 09:42:52,523 - INFO - Regula po iteracji 0: IF  THEN survival_status = {nan}, (p=75, n=0, P=75, N=0)
2025-03-05 09:42:52,523 - INFO - *****STOP GROWING RR RULE*****
2025-03-05 09:42:52,523 - INFO - ***RR NOT FOUND***
2025-03-05 09:42:52,816 - INFO - Iteracja 1: condition_best: SMOKE <= 3.50, quality_best: 1.0, coverage_best: (p=47, n=0, P=75, N=0)
2025-03-05 09:42:52,819 - INFO - Regula po iteracji 1: IF AGE <= 54.70 AND SMOKE <= 3.50 THEN survival_status = {inf}, (p=47, n=0, P=75, N=0)
2025-03-05 09:42:52,819 - INFO - *****GROWING RR RULE*****
2025-03-05 09:42:56,200 - INFO - Iteracja 0: condition_best: None, quality_best: -inf, coverage_best: (p=0, n=0, P=0, N=0), p_value: 0
2025-03-05 09:42:56,203 - INFO - Regula po iteracji 0: IF  THEN survival_status = {nan}, (p=75, n=0, P=75, N=0)
2025-03-05 09:42:56,203 - INFO - *****STOP GROWING RR RULE*****
2025-03-05 09:42:56,203 - INFO - ***RR NOT FOUND***
2025-03-05 09:42:56,470 - INFO - Iteracja 2: condition_best: AGE >= 21.80, quality_best: 1.0, coverage_best: (p=46, n=0, P=75, N=0)
2025-03-05 09:42:56,473 - INFO - Regula po iteracji 2: IF AGE <= 54.70 AND SMOKE <= 3.50 AND AGE >= 21.80 THEN survival_status = {inf}, (p=46, n=0, P=75, N=0)
2025-03-05 09:42:56,473 - INFO - *****GROWING RR RULE*****
2025-03-05 09:42:59,851 - INFO - Iteracja 0: condition_best: None, quality_best: -inf, coverage_best: (p=0, n=0, P=0, N=0), p_value: 0
2025-03-05 09:42:59,854 - INFO - Regula po iteracji 0: IF  THEN survival_status = {nan}, (p=75, n=0, P=75, N=0)
2025-03-05 09:42:59,854 - INFO - *****STOP GROWING RR RULE*****
2025-03-05 09:42:59,854 - INFO - ***RR NOT FOUND***
2025-03-05 09:43:00,133 - INFO - Iteracja 3: condition_best: AGE >= 22.95, quality_best: 1.0, coverage_best: (p=45, n=0, P=75, N=0)
2025-03-05 09:43:00,136 - INFO - Regula po iteracji 3: IF AGE <= 54.70 AND SMOKE <= 3.50 AND AGE >= 21.80 AND AGE >= 22.95 THEN survival_status = {inf}, (p=45, n=0, P=75, N=0)
2025-03-05 09:43:00,157 - INFO - *****GROWING RR RULE*****
2025-03-05 09:43:03,531 - INFO - Iteracja 0: condition_best: None, quality_best: -inf, coverage_best: (p=0, n=0, P=0, N=0), p_value: 0
2025-03-05 09:43:03,534 - INFO - Regula po iteracji 0: IF  THEN survival_status = {nan}, (p=75, n=0, P=75, N=0)
2025-03-05 09:43:03,534 - INFO - *****STOP GROWING RR RULE*****
2025-03-05 09:43:03,534 - INFO - ***RR NOT FOUND***
2025-03-05 09:43:03,825 - INFO - Iteracja 4: condition_best: AGE >= 24.95, quality_best: 1.0, coverage_best: (p=44, n=0, P=75, N=0)
2025-03-05 09:43:03,827 - INFO - Regula po iteracji 4: IF AGE <= 54.70 AND SMOKE <= 3.50 AND AGE >= 21.80 AND AGE >= 22.95 AND AGE >= 24.95 THEN survival_status = {inf}, (p=44, n=0, P=75, N=0)
2025-03-05 09:43:03,828 - INFO - *****GROWING RR RULE*****
2025-03-05 09:43:07,198 - INFO - Iteracja 0: condition_best: None, quality_best: -inf, coverage_best: (p=0, n=0, P=0, N=0), p_value: 0
2025-03-05 09:43:07,201 - INFO - Regula po iteracji 0: IF  THEN survival_status = {nan}, (p=75, n=0, P=75, N=0)
2025-03-05 09:43:07,201 - INFO - *****STOP GROWING RR RULE*****
2025-03-05 09:43:07,201 - INFO - ***RR NOT FOUND***
2025-03-05 09:43:07,201 - INFO - *******STOP GROWING CR RULE*******
2025-03-05 09:43:07,219 - INFO - ************************Finished experiment for 01_BHS.arff with algorithm4************************
2025-03-05 09:43:07,219 - INFO - *************************************************************************************************************************
2025-03-05 09:43:07,219 - INFO - *************************************************************************************************************************
2025-03-05 09:43:07,219 - INFO - *************************************************************************************************************************
